/mnt/data1/Graph/HypGraphLoRA
[Pretrain] Using Lorentz H^d with learnable curvature, init c=2.0
pre-training.
(T) | Epoch=001, loss=8.8024, c=1.999991, this 0.65s, total 0.65s
+++ model saved ! ./pre_trained_gnn/CiteSeer.GRACE.GAT.curv_2p0000.hyp_True.False.20251007-005102-475474.pth
(T) | Epoch=002, loss=8.8024, c=1.999983, this 0.09s, total 0.74s
+++ model saved ! ./pre_trained_gnn/CiteSeer.GRACE.GAT.curv_2p0000.hyp_True.False.20251007-005102-475474.pth
(T) | Epoch=003, loss=8.8023, c=1.999974, this 0.08s, total 0.82s
+++ model saved ! ./pre_trained_gnn/CiteSeer.GRACE.GAT.curv_2p0000.hyp_True.False.20251007-005102-475474.pth
(T) | Epoch=004, loss=8.8023, c=1.999965, this 0.08s, total 0.90s
+++ model saved ! ./pre_trained_gnn/CiteSeer.GRACE.GAT.curv_2p0000.hyp_True.False.20251007-005102-475474.pth
(T) | Epoch=005, loss=8.8022, c=1.999957, this 0.08s, total 0.99s
+++ model saved ! ./pre_trained_gnn/CiteSeer.GRACE.GAT.curv_2p0000.hyp_True.False.20251007-005102-475474.pth
(T) | Epoch=006, loss=8.8022, c=1.999948, this 0.08s, total 1.06s
+++ model saved ! ./pre_trained_gnn/CiteSeer.GRACE.GAT.curv_2p0000.hyp_True.False.20251007-005102-475474.pth
(T) | Epoch=007, loss=8.8021, c=1.999939, this 0.08s, total 1.14s
+++ model saved ! ./pre_trained_gnn/CiteSeer.GRACE.GAT.curv_2p0000.hyp_True.False.20251007-005102-475474.pth
(T) | Epoch=008, loss=8.8021, c=1.999930, this 0.08s, total 1.22s
+++ model saved ! ./pre_trained_gnn/CiteSeer.GRACE.GAT.curv_2p0000.hyp_True.False.20251007-005102-475474.pth
(T) | Epoch=009, loss=8.8020, c=1.999921, this 0.08s, total 1.30s
+++ model saved ! ./pre_trained_gnn/CiteSeer.GRACE.GAT.curv_2p0000.hyp_True.False.20251007-005102-475474.pth
(T) | Epoch=010, loss=8.8020, c=1.999912, this 0.08s, total 1.37s
+++ model saved ! ./pre_trained_gnn/CiteSeer.GRACE.GAT.curv_2p0000.hyp_True.False.20251007-005102-475474.pth
(T) | Epoch=011, loss=8.8018, c=1.999903, this 0.08s, total 1.45s
+++ model saved ! ./pre_trained_gnn/CiteSeer.GRACE.GAT.curv_2p0000.hyp_True.False.20251007-005102-475474.pth
(T) | Epoch=012, loss=8.8018, c=1.999894, this 0.08s, total 1.53s
+++ model saved ! ./pre_trained_gnn/CiteSeer.GRACE.GAT.curv_2p0000.hyp_True.False.20251007-005102-475474.pth
(T) | Epoch=013, loss=8.8017, c=1.999885, this 0.08s, total 1.61s
+++ model saved ! ./pre_trained_gnn/CiteSeer.GRACE.GAT.curv_2p0000.hyp_True.False.20251007-005102-475474.pth
(T) | Epoch=014, loss=8.8016, c=1.999876, this 0.08s, total 1.69s
+++ model saved ! ./pre_trained_gnn/CiteSeer.GRACE.GAT.curv_2p0000.hyp_True.False.20251007-005102-475474.pth
(T) | Epoch=015, loss=8.8014, c=1.999866, this 0.08s, total 1.76s
+++ model saved ! ./pre_trained_gnn/CiteSeer.GRACE.GAT.curv_2p0000.hyp_True.False.20251007-005102-475474.pth
(T) | Epoch=016, loss=8.8013, c=1.999857, this 0.08s, total 1.84s
+++ model saved ! ./pre_trained_gnn/CiteSeer.GRACE.GAT.curv_2p0000.hyp_True.False.20251007-005102-475474.pth
(T) | Epoch=017, loss=8.8011, c=1.999847, this 0.08s, total 1.92s
+++ model saved ! ./pre_trained_gnn/CiteSeer.GRACE.GAT.curv_2p0000.hyp_True.False.20251007-005102-475474.pth
(T) | Epoch=018, loss=8.8010, c=1.999837, this 0.08s, total 1.99s
+++ model saved ! ./pre_trained_gnn/CiteSeer.GRACE.GAT.curv_2p0000.hyp_True.False.20251007-005102-475474.pth
(T) | Epoch=019, loss=8.8007, c=1.999827, this 0.08s, total 2.07s
+++ model saved ! ./pre_trained_gnn/CiteSeer.GRACE.GAT.curv_2p0000.hyp_True.False.20251007-005102-475474.pth
(T) | Epoch=020, loss=8.8005, c=1.999817, this 0.08s, total 2.15s
+++ model saved ! ./pre_trained_gnn/CiteSeer.GRACE.GAT.curv_2p0000.hyp_True.False.20251007-005102-475474.pth
(T) | Epoch=021, loss=8.8002, c=1.999807, this 0.08s, total 2.23s
+++ model saved ! ./pre_trained_gnn/CiteSeer.GRACE.GAT.curv_2p0000.hyp_True.False.20251007-005102-475474.pth
(T) | Epoch=022, loss=8.7998, c=1.999797, this 0.08s, total 2.30s
+++ model saved ! ./pre_trained_gnn/CiteSeer.GRACE.GAT.curv_2p0000.hyp_True.False.20251007-005102-475474.pth
(T) | Epoch=023, loss=8.7995, c=1.999787, this 0.08s, total 2.38s
+++ model saved ! ./pre_trained_gnn/CiteSeer.GRACE.GAT.curv_2p0000.hyp_True.False.20251007-005102-475474.pth
(T) | Epoch=024, loss=8.7991, c=1.999776, this 0.08s, total 2.46s
+++ model saved ! ./pre_trained_gnn/CiteSeer.GRACE.GAT.curv_2p0000.hyp_True.False.20251007-005102-475474.pth
(T) | Epoch=025, loss=8.7987, c=1.999766, this 0.08s, total 2.54s
+++ model saved ! ./pre_trained_gnn/CiteSeer.GRACE.GAT.curv_2p0000.hyp_True.False.20251007-005102-475474.pth
(T) | Epoch=026, loss=8.7982, c=1.999755, this 0.08s, total 2.61s
+++ model saved ! ./pre_trained_gnn/CiteSeer.GRACE.GAT.curv_2p0000.hyp_True.False.20251007-005102-475474.pth
(T) | Epoch=027, loss=8.7976, c=1.999744, this 0.08s, total 2.69s
+++ model saved ! ./pre_trained_gnn/CiteSeer.GRACE.GAT.curv_2p0000.hyp_True.False.20251007-005102-475474.pth
(T) | Epoch=028, loss=8.7965, c=1.999733, this 0.08s, total 2.77s
+++ model saved ! ./pre_trained_gnn/CiteSeer.GRACE.GAT.curv_2p0000.hyp_True.False.20251007-005102-475474.pth
(T) | Epoch=029, loss=8.7952, c=1.999722, this 0.08s, total 2.85s
+++ model saved ! ./pre_trained_gnn/CiteSeer.GRACE.GAT.curv_2p0000.hyp_True.False.20251007-005102-475474.pth
(T) | Epoch=030, loss=8.7942, c=1.999711, this 0.08s, total 2.92s
+++ model saved ! ./pre_trained_gnn/CiteSeer.GRACE.GAT.curv_2p0000.hyp_True.False.20251007-005102-475474.pth
(T) | Epoch=031, loss=8.7927, c=1.999700, this 0.08s, total 3.00s
+++ model saved ! ./pre_trained_gnn/CiteSeer.GRACE.GAT.curv_2p0000.hyp_True.False.20251007-005102-475474.pth
(T) | Epoch=032, loss=8.7910, c=1.999688, this 0.08s, total 3.08s
+++ model saved ! ./pre_trained_gnn/CiteSeer.GRACE.GAT.curv_2p0000.hyp_True.False.20251007-005102-475474.pth
(T) | Epoch=033, loss=8.7892, c=1.999677, this 0.08s, total 3.16s
+++ model saved ! ./pre_trained_gnn/CiteSeer.GRACE.GAT.curv_2p0000.hyp_True.False.20251007-005102-475474.pth
(T) | Epoch=034, loss=8.7866, c=1.999665, this 0.08s, total 3.24s
+++ model saved ! ./pre_trained_gnn/CiteSeer.GRACE.GAT.curv_2p0000.hyp_True.False.20251007-005102-475474.pth
(T) | Epoch=035, loss=8.7847, c=1.999653, this 0.08s, total 3.32s
+++ model saved ! ./pre_trained_gnn/CiteSeer.GRACE.GAT.curv_2p0000.hyp_True.False.20251007-005102-475474.pth
(T) | Epoch=036, loss=8.7794, c=1.999642, this 0.08s, total 3.40s
+++ model saved ! ./pre_trained_gnn/CiteSeer.GRACE.GAT.curv_2p0000.hyp_True.False.20251007-005102-475474.pth
(T) | Epoch=037, loss=8.7763, c=1.999629, this 0.08s, total 3.48s
+++ model saved ! ./pre_trained_gnn/CiteSeer.GRACE.GAT.curv_2p0000.hyp_True.False.20251007-005102-475474.pth
(T) | Epoch=038, loss=8.7690, c=1.999618, this 0.08s, total 3.55s
+++ model saved ! ./pre_trained_gnn/CiteSeer.GRACE.GAT.curv_2p0000.hyp_True.False.20251007-005102-475474.pth
(T) | Epoch=039, loss=8.7622, c=1.999606, this 0.08s, total 3.63s
+++ model saved ! ./pre_trained_gnn/CiteSeer.GRACE.GAT.curv_2p0000.hyp_True.False.20251007-005102-475474.pth
(T) | Epoch=040, loss=8.7534, c=1.999593, this 0.08s, total 3.71s
+++ model saved ! ./pre_trained_gnn/CiteSeer.GRACE.GAT.curv_2p0000.hyp_True.False.20251007-005102-475474.pth
(T) | Epoch=041, loss=8.7441, c=1.999581, this 0.08s, total 3.79s
+++ model saved ! ./pre_trained_gnn/CiteSeer.GRACE.GAT.curv_2p0000.hyp_True.False.20251007-005102-475474.pth
(T) | Epoch=042, loss=8.7306, c=1.999569, this 0.08s, total 3.87s
+++ model saved ! ./pre_trained_gnn/CiteSeer.GRACE.GAT.curv_2p0000.hyp_True.False.20251007-005102-475474.pth
(T) | Epoch=043, loss=8.7171, c=1.999556, this 0.08s, total 3.94s
+++ model saved ! ./pre_trained_gnn/CiteSeer.GRACE.GAT.curv_2p0000.hyp_True.False.20251007-005102-475474.pth
(T) | Epoch=044, loss=8.6942, c=1.999544, this 0.08s, total 4.02s
+++ model saved ! ./pre_trained_gnn/CiteSeer.GRACE.GAT.curv_2p0000.hyp_True.False.20251007-005102-475474.pth
(T) | Epoch=045, loss=8.6697, c=1.999531, this 0.08s, total 4.10s
+++ model saved ! ./pre_trained_gnn/CiteSeer.GRACE.GAT.curv_2p0000.hyp_True.False.20251007-005102-475474.pth
(T) | Epoch=046, loss=8.6413, c=1.999518, this 0.08s, total 4.18s
+++ model saved ! ./pre_trained_gnn/CiteSeer.GRACE.GAT.curv_2p0000.hyp_True.False.20251007-005102-475474.pth
(T) | Epoch=047, loss=8.6092, c=1.999505, this 0.08s, total 4.25s
+++ model saved ! ./pre_trained_gnn/CiteSeer.GRACE.GAT.curv_2p0000.hyp_True.False.20251007-005102-475474.pth
(T) | Epoch=048, loss=8.5751, c=1.999492, this 0.08s, total 4.33s
+++ model saved ! ./pre_trained_gnn/CiteSeer.GRACE.GAT.curv_2p0000.hyp_True.False.20251007-005102-475474.pth
(T) | Epoch=049, loss=8.5213, c=1.999479, this 0.08s, total 4.41s
+++ model saved ! ./pre_trained_gnn/CiteSeer.GRACE.GAT.curv_2p0000.hyp_True.False.20251007-005102-475474.pth
(T) | Epoch=050, loss=8.4748, c=1.999466, this 0.08s, total 4.49s
+++ model saved ! ./pre_trained_gnn/CiteSeer.GRACE.GAT.curv_2p0000.hyp_True.False.20251007-005102-475474.pth
(T) | Epoch=051, loss=8.4302, c=1.999452, this 0.08s, total 4.56s
+++ model saved ! ./pre_trained_gnn/CiteSeer.GRACE.GAT.curv_2p0000.hyp_True.False.20251007-005102-475474.pth
(T) | Epoch=052, loss=8.3551, c=1.999438, this 0.08s, total 4.64s
+++ model saved ! ./pre_trained_gnn/CiteSeer.GRACE.GAT.curv_2p0000.hyp_True.False.20251007-005102-475474.pth
(T) | Epoch=053, loss=8.2909, c=1.999424, this 0.08s, total 4.72s
+++ model saved ! ./pre_trained_gnn/CiteSeer.GRACE.GAT.curv_2p0000.hyp_True.False.20251007-005102-475474.pth
(T) | Epoch=054, loss=8.2421, c=1.999410, this 0.08s, total 4.79s
+++ model saved ! ./pre_trained_gnn/CiteSeer.GRACE.GAT.curv_2p0000.hyp_True.False.20251007-005102-475474.pth
(T) | Epoch=055, loss=8.1711, c=1.999395, this 0.08s, total 4.87s
+++ model saved ! ./pre_trained_gnn/CiteSeer.GRACE.GAT.curv_2p0000.hyp_True.False.20251007-005102-475474.pth
(T) | Epoch=056, loss=8.1150, c=1.999381, this 0.08s, total 4.95s
+++ model saved ! ./pre_trained_gnn/CiteSeer.GRACE.GAT.curv_2p0000.hyp_True.False.20251007-005102-475474.pth
(T) | Epoch=057, loss=8.0645, c=1.999367, this 0.08s, total 5.03s
+++ model saved ! ./pre_trained_gnn/CiteSeer.GRACE.GAT.curv_2p0000.hyp_True.False.20251007-005102-475474.pth
(T) | Epoch=058, loss=8.0365, c=1.999353, this 0.08s, total 5.10s
+++ model saved ! ./pre_trained_gnn/CiteSeer.GRACE.GAT.curv_2p0000.hyp_True.False.20251007-005102-475474.pth
(T) | Epoch=059, loss=7.9982, c=1.999339, this 0.08s, total 5.19s
+++ model saved ! ./pre_trained_gnn/CiteSeer.GRACE.GAT.curv_2p0000.hyp_True.False.20251007-005102-475474.pth
(T) | Epoch=060, loss=7.9721, c=1.999326, this 0.08s, total 5.26s
+++ model saved ! ./pre_trained_gnn/CiteSeer.GRACE.GAT.curv_2p0000.hyp_True.False.20251007-005102-475474.pth
(T) | Epoch=061, loss=7.9384, c=1.999313, this 0.08s, total 5.34s
+++ model saved ! ./pre_trained_gnn/CiteSeer.GRACE.GAT.curv_2p0000.hyp_True.False.20251007-005102-475474.pth
(T) | Epoch=062, loss=7.9077, c=1.999301, this 0.08s, total 5.42s
+++ model saved ! ./pre_trained_gnn/CiteSeer.GRACE.GAT.curv_2p0000.hyp_True.False.20251007-005102-475474.pth
(T) | Epoch=063, loss=7.9038, c=1.999290, this 0.08s, total 5.50s
+++ model saved ! ./pre_trained_gnn/CiteSeer.GRACE.GAT.curv_2p0000.hyp_True.False.20251007-005102-475474.pth
(T) | Epoch=064, loss=7.8725, c=1.999280, this 0.08s, total 5.57s
+++ model saved ! ./pre_trained_gnn/CiteSeer.GRACE.GAT.curv_2p0000.hyp_True.False.20251007-005102-475474.pth
(T) | Epoch=065, loss=7.8638, c=1.999270, this 0.08s, total 5.65s
+++ model saved ! ./pre_trained_gnn/CiteSeer.GRACE.GAT.curv_2p0000.hyp_True.False.20251007-005102-475474.pth
(T) | Epoch=066, loss=7.8383, c=1.999262, this 0.08s, total 5.73s
+++ model saved ! ./pre_trained_gnn/CiteSeer.GRACE.GAT.curv_2p0000.hyp_True.False.20251007-005102-475474.pth
(T) | Epoch=067, loss=7.8224, c=1.999254, this 0.08s, total 5.81s
+++ model saved ! ./pre_trained_gnn/CiteSeer.GRACE.GAT.curv_2p0000.hyp_True.False.20251007-005102-475474.pth
(T) | Epoch=068, loss=7.8205, c=1.999247, this 0.08s, total 5.88s
+++ model saved ! ./pre_trained_gnn/CiteSeer.GRACE.GAT.curv_2p0000.hyp_True.False.20251007-005102-475474.pth
(T) | Epoch=069, loss=7.8198, c=1.999241, this 0.08s, total 5.96s
+++ model saved ! ./pre_trained_gnn/CiteSeer.GRACE.GAT.curv_2p0000.hyp_True.False.20251007-005102-475474.pth
(T) | Epoch=070, loss=7.7942, c=1.999235, this 0.08s, total 6.04s
+++ model saved ! ./pre_trained_gnn/CiteSeer.GRACE.GAT.curv_2p0000.hyp_True.False.20251007-005102-475474.pth
(T) | Epoch=071, loss=7.7697, c=1.999230, this 0.08s, total 6.11s
+++ model saved ! ./pre_trained_gnn/CiteSeer.GRACE.GAT.curv_2p0000.hyp_True.False.20251007-005102-475474.pth
(T) | Epoch=072, loss=7.7649, c=1.999225, this 0.08s, total 6.19s
+++ model saved ! ./pre_trained_gnn/CiteSeer.GRACE.GAT.curv_2p0000.hyp_True.False.20251007-005102-475474.pth
(T) | Epoch=073, loss=7.7400, c=1.999221, this 0.08s, total 6.27s
+++ model saved ! ./pre_trained_gnn/CiteSeer.GRACE.GAT.curv_2p0000.hyp_True.False.20251007-005102-475474.pth
(T) | Epoch=074, loss=7.7246, c=1.999217, this 0.08s, total 6.35s
+++ model saved ! ./pre_trained_gnn/CiteSeer.GRACE.GAT.curv_2p0000.hyp_True.False.20251007-005102-475474.pth
(T) | Epoch=075, loss=7.7192, c=1.999213, this 0.08s, total 6.42s
+++ model saved ! ./pre_trained_gnn/CiteSeer.GRACE.GAT.curv_2p0000.hyp_True.False.20251007-005102-475474.pth
(T) | Epoch=076, loss=7.7180, c=1.999209, this 0.08s, total 6.50s
+++ model saved ! ./pre_trained_gnn/CiteSeer.GRACE.GAT.curv_2p0000.hyp_True.False.20251007-005102-475474.pth
(T) | Epoch=077, loss=7.6954, c=1.999206, this 0.08s, total 6.58s
+++ model saved ! ./pre_trained_gnn/CiteSeer.GRACE.GAT.curv_2p0000.hyp_True.False.20251007-005102-475474.pth
(T) | Epoch=078, loss=7.6759, c=1.999203, this 0.08s, total 6.66s
+++ model saved ! ./pre_trained_gnn/CiteSeer.GRACE.GAT.curv_2p0000.hyp_True.False.20251007-005102-475474.pth
(T) | Epoch=079, loss=7.6696, c=1.999201, this 0.08s, total 6.73s
+++ model saved ! ./pre_trained_gnn/CiteSeer.GRACE.GAT.curv_2p0000.hyp_True.False.20251007-005102-475474.pth
(T) | Epoch=080, loss=7.6477, c=1.999198, this 0.08s, total 6.81s
+++ model saved ! ./pre_trained_gnn/CiteSeer.GRACE.GAT.curv_2p0000.hyp_True.False.20251007-005102-475474.pth
(T) | Epoch=081, loss=7.6351, c=1.999196, this 0.08s, total 6.89s
+++ model saved ! ./pre_trained_gnn/CiteSeer.GRACE.GAT.curv_2p0000.hyp_True.False.20251007-005102-475474.pth
(T) | Epoch=082, loss=7.6314, c=1.999193, this 0.08s, total 6.97s
+++ model saved ! ./pre_trained_gnn/CiteSeer.GRACE.GAT.curv_2p0000.hyp_True.False.20251007-005102-475474.pth
(T) | Epoch=083, loss=7.6161, c=1.999191, this 0.08s, total 7.04s
+++ model saved ! ./pre_trained_gnn/CiteSeer.GRACE.GAT.curv_2p0000.hyp_True.False.20251007-005102-475474.pth
(T) | Epoch=084, loss=7.6149, c=1.999189, this 0.08s, total 7.12s
+++ model saved ! ./pre_trained_gnn/CiteSeer.GRACE.GAT.curv_2p0000.hyp_True.False.20251007-005102-475474.pth
(T) | Epoch=085, loss=7.5973, c=1.999188, this 0.08s, total 7.20s
+++ model saved ! ./pre_trained_gnn/CiteSeer.GRACE.GAT.curv_2p0000.hyp_True.False.20251007-005102-475474.pth
(T) | Epoch=086, loss=7.5881, c=1.999186, this 0.08s, total 7.28s
+++ model saved ! ./pre_trained_gnn/CiteSeer.GRACE.GAT.curv_2p0000.hyp_True.False.20251007-005102-475474.pth
(T) | Epoch=087, loss=7.5909, c=1.999185, this 0.08s, total 7.35s
(T) | Epoch=088, loss=7.5745, c=1.999183, this 0.06s, total 7.42s
+++ model saved ! ./pre_trained_gnn/CiteSeer.GRACE.GAT.curv_2p0000.hyp_True.False.20251007-005102-475474.pth
(T) | Epoch=089, loss=7.5622, c=1.999182, this 0.08s, total 7.49s
+++ model saved ! ./pre_trained_gnn/CiteSeer.GRACE.GAT.curv_2p0000.hyp_True.False.20251007-005102-475474.pth
(T) | Epoch=090, loss=7.5588, c=1.999180, this 0.08s, total 7.57s
+++ model saved ! ./pre_trained_gnn/CiteSeer.GRACE.GAT.curv_2p0000.hyp_True.False.20251007-005102-475474.pth
(T) | Epoch=091, loss=7.5524, c=1.999178, this 0.08s, total 7.65s
+++ model saved ! ./pre_trained_gnn/CiteSeer.GRACE.GAT.curv_2p0000.hyp_True.False.20251007-005102-475474.pth
(T) | Epoch=092, loss=7.5404, c=1.999177, this 0.08s, total 7.72s
+++ model saved ! ./pre_trained_gnn/CiteSeer.GRACE.GAT.curv_2p0000.hyp_True.False.20251007-005102-475474.pth
(T) | Epoch=093, loss=7.5381, c=1.999175, this 0.08s, total 7.80s
+++ model saved ! ./pre_trained_gnn/CiteSeer.GRACE.GAT.curv_2p0000.hyp_True.False.20251007-005102-475474.pth
(T) | Epoch=094, loss=7.5342, c=1.999174, this 0.08s, total 7.88s
+++ model saved ! ./pre_trained_gnn/CiteSeer.GRACE.GAT.curv_2p0000.hyp_True.False.20251007-005102-475474.pth
(T) | Epoch=095, loss=7.5239, c=1.999173, this 0.08s, total 7.96s
+++ model saved ! ./pre_trained_gnn/CiteSeer.GRACE.GAT.curv_2p0000.hyp_True.False.20251007-005102-475474.pth
(T) | Epoch=096, loss=7.5203, c=1.999171, this 0.08s, total 8.03s
+++ model saved ! ./pre_trained_gnn/CiteSeer.GRACE.GAT.curv_2p0000.hyp_True.False.20251007-005102-475474.pth
(T) | Epoch=097, loss=7.5002, c=1.999169, this 0.08s, total 8.11s
+++ model saved ! ./pre_trained_gnn/CiteSeer.GRACE.GAT.curv_2p0000.hyp_True.False.20251007-005102-475474.pth
(T) | Epoch=098, loss=7.5075, c=1.999168, this 0.08s, total 8.19s
(T) | Epoch=099, loss=7.4847, c=1.999166, this 0.06s, total 8.25s
+++ model saved ! ./pre_trained_gnn/CiteSeer.GRACE.GAT.curv_2p0000.hyp_True.False.20251007-005102-475474.pth
(T) | Epoch=100, loss=7.4790, c=1.999164, this 0.08s, total 8.32s
+++ model saved ! ./pre_trained_gnn/CiteSeer.GRACE.GAT.curv_2p0000.hyp_True.False.20251007-005102-475474.pth
(T) | Epoch=101, loss=7.4611, c=1.999163, this 0.08s, total 8.40s
+++ model saved ! ./pre_trained_gnn/CiteSeer.GRACE.GAT.curv_2p0000.hyp_True.False.20251007-005102-475474.pth
(T) | Epoch=102, loss=7.4686, c=1.999162, this 0.08s, total 8.48s
(T) | Epoch=103, loss=7.4540, c=1.999161, this 0.06s, total 8.54s
+++ model saved ! ./pre_trained_gnn/CiteSeer.GRACE.GAT.curv_2p0000.hyp_True.False.20251007-005102-475474.pth
(T) | Epoch=104, loss=7.4623, c=1.999161, this 0.08s, total 8.62s
(T) | Epoch=105, loss=7.4436, c=1.999159, this 0.06s, total 8.68s
+++ model saved ! ./pre_trained_gnn/CiteSeer.GRACE.GAT.curv_2p0000.hyp_True.False.20251007-005102-475474.pth
(T) | Epoch=106, loss=7.4309, c=1.999158, this 0.08s, total 8.75s
+++ model saved ! ./pre_trained_gnn/CiteSeer.GRACE.GAT.curv_2p0000.hyp_True.False.20251007-005102-475474.pth
(T) | Epoch=107, loss=7.4227, c=1.999157, this 0.08s, total 8.83s
+++ model saved ! ./pre_trained_gnn/CiteSeer.GRACE.GAT.curv_2p0000.hyp_True.False.20251007-005102-475474.pth
(T) | Epoch=108, loss=7.4364, c=1.999156, this 0.08s, total 8.91s
(T) | Epoch=109, loss=7.4178, c=1.999155, this 0.06s, total 8.97s
+++ model saved ! ./pre_trained_gnn/CiteSeer.GRACE.GAT.curv_2p0000.hyp_True.False.20251007-005102-475474.pth
(T) | Epoch=110, loss=7.4242, c=1.999155, this 0.08s, total 9.05s
(T) | Epoch=111, loss=7.4168, c=1.999154, this 0.06s, total 9.11s
+++ model saved ! ./pre_trained_gnn/CiteSeer.GRACE.GAT.curv_2p0000.hyp_True.False.20251007-005102-475474.pth
(T) | Epoch=112, loss=7.4052, c=1.999154, this 0.08s, total 9.19s
+++ model saved ! ./pre_trained_gnn/CiteSeer.GRACE.GAT.curv_2p0000.hyp_True.False.20251007-005102-475474.pth
(T) | Epoch=113, loss=7.3995, c=1.999154, this 0.08s, total 9.26s
+++ model saved ! ./pre_trained_gnn/CiteSeer.GRACE.GAT.curv_2p0000.hyp_True.False.20251007-005102-475474.pth
(T) | Epoch=114, loss=7.3943, c=1.999153, this 0.08s, total 9.34s
+++ model saved ! ./pre_trained_gnn/CiteSeer.GRACE.GAT.curv_2p0000.hyp_True.False.20251007-005102-475474.pth
(T) | Epoch=115, loss=7.3971, c=1.999152, this 0.08s, total 9.42s
(T) | Epoch=116, loss=7.3926, c=1.999151, this 0.06s, total 9.48s
+++ model saved ! ./pre_trained_gnn/CiteSeer.GRACE.GAT.curv_2p0000.hyp_True.False.20251007-005102-475474.pth
(T) | Epoch=117, loss=7.3834, c=1.999150, this 0.08s, total 9.56s
+++ model saved ! ./pre_trained_gnn/CiteSeer.GRACE.GAT.curv_2p0000.hyp_True.False.20251007-005102-475474.pth
(T) | Epoch=118, loss=7.3873, c=1.999150, this 0.08s, total 9.64s
(T) | Epoch=119, loss=7.3751, c=1.999149, this 0.06s, total 9.70s
+++ model saved ! ./pre_trained_gnn/CiteSeer.GRACE.GAT.curv_2p0000.hyp_True.False.20251007-005102-475474.pth
(T) | Epoch=120, loss=7.3715, c=1.999148, this 0.08s, total 9.78s
+++ model saved ! ./pre_trained_gnn/CiteSeer.GRACE.GAT.curv_2p0000.hyp_True.False.20251007-005102-475474.pth
(T) | Epoch=121, loss=7.3704, c=1.999148, this 0.08s, total 9.85s
+++ model saved ! ./pre_trained_gnn/CiteSeer.GRACE.GAT.curv_2p0000.hyp_True.False.20251007-005102-475474.pth
(T) | Epoch=122, loss=7.3632, c=1.999147, this 0.08s, total 9.93s
+++ model saved ! ./pre_trained_gnn/CiteSeer.GRACE.GAT.curv_2p0000.hyp_True.False.20251007-005102-475474.pth
(T) | Epoch=123, loss=7.3599, c=1.999146, this 0.08s, total 10.01s
+++ model saved ! ./pre_trained_gnn/CiteSeer.GRACE.GAT.curv_2p0000.hyp_True.False.20251007-005102-475474.pth
(T) | Epoch=124, loss=7.3445, c=1.999145, this 0.08s, total 10.09s
+++ model saved ! ./pre_trained_gnn/CiteSeer.GRACE.GAT.curv_2p0000.hyp_True.False.20251007-005102-475474.pth
(T) | Epoch=125, loss=7.3579, c=1.999144, this 0.08s, total 10.17s
(T) | Epoch=126, loss=7.3474, c=1.999143, this 0.06s, total 10.23s
(T) | Epoch=127, loss=7.3408, c=1.999142, this 0.06s, total 10.29s
+++ model saved ! ./pre_trained_gnn/CiteSeer.GRACE.GAT.curv_2p0000.hyp_True.False.20251007-005102-475474.pth
(T) | Epoch=128, loss=7.3325, c=1.999142, this 0.08s, total 10.36s
+++ model saved ! ./pre_trained_gnn/CiteSeer.GRACE.GAT.curv_2p0000.hyp_True.False.20251007-005102-475474.pth
(T) | Epoch=129, loss=7.3358, c=1.999141, this 0.08s, total 10.44s
(T) | Epoch=130, loss=7.3190, c=1.999141, this 0.06s, total 10.50s
+++ model saved ! ./pre_trained_gnn/CiteSeer.GRACE.GAT.curv_2p0000.hyp_True.False.20251007-005102-475474.pth
(T) | Epoch=131, loss=7.3260, c=1.999140, this 0.08s, total 10.58s
(T) | Epoch=132, loss=7.3140, c=1.999139, this 0.06s, total 10.64s
+++ model saved ! ./pre_trained_gnn/CiteSeer.GRACE.GAT.curv_2p0000.hyp_True.False.20251007-005102-475474.pth
(T) | Epoch=133, loss=7.3255, c=1.999138, this 0.08s, total 10.72s
(T) | Epoch=134, loss=7.3119, c=1.999138, this 0.06s, total 10.78s
+++ model saved ! ./pre_trained_gnn/CiteSeer.GRACE.GAT.curv_2p0000.hyp_True.False.20251007-005102-475474.pth
(T) | Epoch=135, loss=7.3001, c=1.999137, this 0.08s, total 10.86s
+++ model saved ! ./pre_trained_gnn/CiteSeer.GRACE.GAT.curv_2p0000.hyp_True.False.20251007-005102-475474.pth
(T) | Epoch=136, loss=7.2991, c=1.999136, this 0.08s, total 10.93s
+++ model saved ! ./pre_trained_gnn/CiteSeer.GRACE.GAT.curv_2p0000.hyp_True.False.20251007-005102-475474.pth
(T) | Epoch=137, loss=7.2943, c=1.999136, this 0.08s, total 11.01s
+++ model saved ! ./pre_trained_gnn/CiteSeer.GRACE.GAT.curv_2p0000.hyp_True.False.20251007-005102-475474.pth
(T) | Epoch=138, loss=7.2944, c=1.999136, this 0.08s, total 11.09s
(T) | Epoch=139, loss=7.2904, c=1.999135, this 0.06s, total 11.15s
+++ model saved ! ./pre_trained_gnn/CiteSeer.GRACE.GAT.curv_2p0000.hyp_True.False.20251007-005102-475474.pth
(T) | Epoch=140, loss=7.2917, c=1.999134, this 0.08s, total 11.23s
(T) | Epoch=141, loss=7.2906, c=1.999133, this 0.06s, total 11.29s
(T) | Epoch=142, loss=7.2928, c=1.999132, this 0.06s, total 11.35s
(T) | Epoch=143, loss=7.2778, c=1.999132, this 0.06s, total 11.41s
+++ model saved ! ./pre_trained_gnn/CiteSeer.GRACE.GAT.curv_2p0000.hyp_True.False.20251007-005102-475474.pth
(T) | Epoch=144, loss=7.2851, c=1.999131, this 0.08s, total 11.49s
(T) | Epoch=145, loss=7.2837, c=1.999131, this 0.06s, total 11.55s
(T) | Epoch=146, loss=7.2708, c=1.999130, this 0.06s, total 11.61s
+++ model saved ! ./pre_trained_gnn/CiteSeer.GRACE.GAT.curv_2p0000.hyp_True.False.20251007-005102-475474.pth
(T) | Epoch=147, loss=7.2703, c=1.999129, this 0.08s, total 11.69s
+++ model saved ! ./pre_trained_gnn/CiteSeer.GRACE.GAT.curv_2p0000.hyp_True.False.20251007-005102-475474.pth
(T) | Epoch=148, loss=7.2709, c=1.999128, this 0.08s, total 11.77s
(T) | Epoch=149, loss=7.2617, c=1.999128, this 0.06s, total 11.83s
+++ model saved ! ./pre_trained_gnn/CiteSeer.GRACE.GAT.curv_2p0000.hyp_True.False.20251007-005102-475474.pth
(T) | Epoch=150, loss=7.2617, c=1.999127, this 0.08s, total 11.91s
(T) | Epoch=151, loss=7.2552, c=1.999126, this 0.06s, total 11.97s
+++ model saved ! ./pre_trained_gnn/CiteSeer.GRACE.GAT.curv_2p0000.hyp_True.False.20251007-005102-475474.pth
(T) | Epoch=152, loss=7.2597, c=1.999125, this 0.08s, total 12.05s
(T) | Epoch=153, loss=7.2558, c=1.999125, this 0.06s, total 12.11s
(T) | Epoch=154, loss=7.2567, c=1.999124, this 0.06s, total 12.17s
(T) | Epoch=155, loss=7.2513, c=1.999124, this 0.06s, total 12.24s
+++ model saved ! ./pre_trained_gnn/CiteSeer.GRACE.GAT.curv_2p0000.hyp_True.False.20251007-005102-475474.pth
(T) | Epoch=156, loss=7.2459, c=1.999124, this 0.08s, total 12.31s
+++ model saved ! ./pre_trained_gnn/CiteSeer.GRACE.GAT.curv_2p0000.hyp_True.False.20251007-005102-475474.pth
(T) | Epoch=157, loss=7.2566, c=1.999123, this 0.08s, total 12.39s
(T) | Epoch=158, loss=7.2428, c=1.999121, this 0.06s, total 12.46s
+++ model saved ! ./pre_trained_gnn/CiteSeer.GRACE.GAT.curv_2p0000.hyp_True.False.20251007-005102-475474.pth
(T) | Epoch=159, loss=7.2386, c=1.999121, this 0.08s, total 12.54s
+++ model saved ! ./pre_trained_gnn/CiteSeer.GRACE.GAT.curv_2p0000.hyp_True.False.20251007-005102-475474.pth
(T) | Epoch=160, loss=7.2383, c=1.999120, this 0.08s, total 12.61s
+++ model saved ! ./pre_trained_gnn/CiteSeer.GRACE.GAT.curv_2p0000.hyp_True.False.20251007-005102-475474.pth
(T) | Epoch=161, loss=7.2378, c=1.999120, this 0.08s, total 12.69s
+++ model saved ! ./pre_trained_gnn/CiteSeer.GRACE.GAT.curv_2p0000.hyp_True.False.20251007-005102-475474.pth
(T) | Epoch=162, loss=7.2325, c=1.999119, this 0.08s, total 12.77s
+++ model saved ! ./pre_trained_gnn/CiteSeer.GRACE.GAT.curv_2p0000.hyp_True.False.20251007-005102-475474.pth
(T) | Epoch=163, loss=7.2360, c=1.999118, this 0.08s, total 12.85s
(T) | Epoch=164, loss=7.2347, c=1.999117, this 0.06s, total 12.91s
(T) | Epoch=165, loss=7.2384, c=1.999116, this 0.06s, total 12.97s
(T) | Epoch=166, loss=7.2263, c=1.999115, this 0.06s, total 13.04s
+++ model saved ! ./pre_trained_gnn/CiteSeer.GRACE.GAT.curv_2p0000.hyp_True.False.20251007-005102-475474.pth
(T) | Epoch=167, loss=7.2222, c=1.999115, this 0.08s, total 13.11s
+++ model saved ! ./pre_trained_gnn/CiteSeer.GRACE.GAT.curv_2p0000.hyp_True.False.20251007-005102-475474.pth
(T) | Epoch=168, loss=7.2253, c=1.999115, this 0.08s, total 13.19s
(T) | Epoch=169, loss=7.2182, c=1.999114, this 0.06s, total 13.25s
+++ model saved ! ./pre_trained_gnn/CiteSeer.GRACE.GAT.curv_2p0000.hyp_True.False.20251007-005102-475474.pth
(T) | Epoch=170, loss=7.2181, c=1.999114, this 0.08s, total 13.33s
+++ model saved ! ./pre_trained_gnn/CiteSeer.GRACE.GAT.curv_2p0000.hyp_True.False.20251007-005102-475474.pth
(T) | Epoch=171, loss=7.2092, c=1.999114, this 0.08s, total 13.41s
+++ model saved ! ./pre_trained_gnn/CiteSeer.GRACE.GAT.curv_2p0000.hyp_True.False.20251007-005102-475474.pth
(T) | Epoch=172, loss=7.2280, c=1.999113, this 0.08s, total 13.49s
(T) | Epoch=173, loss=7.2176, c=1.999112, this 0.06s, total 13.55s
(T) | Epoch=174, loss=7.2156, c=1.999110, this 0.06s, total 13.61s
(T) | Epoch=175, loss=7.2070, c=1.999110, this 0.06s, total 13.67s
+++ model saved ! ./pre_trained_gnn/CiteSeer.GRACE.GAT.curv_2p0000.hyp_True.False.20251007-005102-475474.pth
(T) | Epoch=176, loss=7.2137, c=1.999110, this 0.08s, total 13.75s
(T) | Epoch=177, loss=7.2114, c=1.999110, this 0.06s, total 13.81s
(T) | Epoch=178, loss=7.2110, c=1.999109, this 0.06s, total 13.87s
(T) | Epoch=179, loss=7.2193, c=1.999107, this 0.06s, total 13.94s
(T) | Epoch=180, loss=7.2077, c=1.999105, this 0.06s, total 14.00s
(T) | Epoch=181, loss=7.2035, c=1.999104, this 0.06s, total 14.06s
+++ model saved ! ./pre_trained_gnn/CiteSeer.GRACE.GAT.curv_2p0000.hyp_True.False.20251007-005102-475474.pth
(T) | Epoch=182, loss=7.2122, c=1.999104, this 0.08s, total 14.14s
(T) | Epoch=183, loss=7.2097, c=1.999104, this 0.06s, total 14.20s
(T) | Epoch=184, loss=7.2008, c=1.999104, this 0.06s, total 14.26s
+++ model saved ! ./pre_trained_gnn/CiteSeer.GRACE.GAT.curv_2p0000.hyp_True.False.20251007-005102-475474.pth
(T) | Epoch=185, loss=7.2028, c=1.999103, this 0.08s, total 14.34s
(T) | Epoch=186, loss=7.1972, c=1.999101, this 0.06s, total 14.40s
+++ model saved ! ./pre_trained_gnn/CiteSeer.GRACE.GAT.curv_2p0000.hyp_True.False.20251007-005102-475474.pth
(T) | Epoch=187, loss=7.1934, c=1.999099, this 0.08s, total 14.48s
+++ model saved ! ./pre_trained_gnn/CiteSeer.GRACE.GAT.curv_2p0000.hyp_True.False.20251007-005102-475474.pth
(T) | Epoch=188, loss=7.1969, c=1.999097, this 0.08s, total 14.55s
(T) | Epoch=189, loss=7.1885, c=1.999096, this 0.06s, total 14.61s
+++ model saved ! ./pre_trained_gnn/CiteSeer.GRACE.GAT.curv_2p0000.hyp_True.False.20251007-005102-475474.pth
(T) | Epoch=190, loss=7.1935, c=1.999096, this 0.08s, total 14.69s
(T) | Epoch=191, loss=7.1864, c=1.999095, this 0.06s, total 14.75s
+++ model saved ! ./pre_trained_gnn/CiteSeer.GRACE.GAT.curv_2p0000.hyp_True.False.20251007-005102-475474.pth
(T) | Epoch=192, loss=7.1896, c=1.999094, this 0.08s, total 14.83s
(T) | Epoch=193, loss=7.1799, c=1.999093, this 0.06s, total 14.89s
+++ model saved ! ./pre_trained_gnn/CiteSeer.GRACE.GAT.curv_2p0000.hyp_True.False.20251007-005102-475474.pth
(T) | Epoch=194, loss=7.1933, c=1.999091, this 0.08s, total 14.97s
(T) | Epoch=195, loss=7.1762, c=1.999090, this 0.06s, total 15.03s
+++ model saved ! ./pre_trained_gnn/CiteSeer.GRACE.GAT.curv_2p0000.hyp_True.False.20251007-005102-475474.pth
(T) | Epoch=196, loss=7.1905, c=1.999089, this 0.08s, total 15.11s
(T) | Epoch=197, loss=7.1801, c=1.999088, this 0.06s, total 15.17s
(T) | Epoch=198, loss=7.1730, c=1.999088, this 0.06s, total 15.23s
+++ model saved ! ./pre_trained_gnn/CiteSeer.GRACE.GAT.curv_2p0000.hyp_True.False.20251007-005102-475474.pth
(T) | Epoch=199, loss=7.1804, c=1.999087, this 0.08s, total 15.31s
(T) | Epoch=200, loss=7.1831, c=1.999086, this 0.06s, total 15.37s
(T) | Epoch=201, loss=7.1819, c=1.999083, this 0.06s, total 15.43s
(T) | Epoch=202, loss=7.1803, c=1.999082, this 0.06s, total 15.49s
(T) | Epoch=203, loss=7.1794, c=1.999082, this 0.06s, total 15.55s
(T) | Epoch=204, loss=7.1705, c=1.999082, this 0.06s, total 15.61s
+++ model saved ! ./pre_trained_gnn/CiteSeer.GRACE.GAT.curv_2p0000.hyp_True.False.20251007-005102-475474.pth
(T) | Epoch=205, loss=7.1766, c=1.999082, this 0.08s, total 15.69s
(T) | Epoch=206, loss=7.1698, c=1.999081, this 0.06s, total 15.75s
+++ model saved ! ./pre_trained_gnn/CiteSeer.GRACE.GAT.curv_2p0000.hyp_True.False.20251007-005102-475474.pth
(T) | Epoch=207, loss=7.1729, c=1.999079, this 0.08s, total 15.83s
(T) | Epoch=208, loss=7.1775, c=1.999076, this 0.06s, total 15.89s
(T) | Epoch=209, loss=7.1722, c=1.999075, this 0.06s, total 15.95s
(T) | Epoch=210, loss=7.1733, c=1.999074, this 0.06s, total 16.01s
(T) | Epoch=211, loss=7.1597, c=1.999074, this 0.06s, total 16.07s
+++ model saved ! ./pre_trained_gnn/CiteSeer.GRACE.GAT.curv_2p0000.hyp_True.False.20251007-005102-475474.pth
(T) | Epoch=212, loss=7.1623, c=1.999073, this 0.08s, total 16.15s
(T) | Epoch=213, loss=7.1703, c=1.999072, this 0.06s, total 16.21s
(T) | Epoch=214, loss=7.1643, c=1.999071, this 0.06s, total 16.27s
(T) | Epoch=215, loss=7.1594, c=1.999069, this 0.06s, total 16.33s
+++ model saved ! ./pre_trained_gnn/CiteSeer.GRACE.GAT.curv_2p0000.hyp_True.False.20251007-005102-475474.pth
(T) | Epoch=216, loss=7.1650, c=1.999069, this 0.08s, total 16.41s
(T) | Epoch=217, loss=7.1654, c=1.999068, this 0.06s, total 16.47s
(T) | Epoch=218, loss=7.1622, c=1.999067, this 0.06s, total 16.53s
(T) | Epoch=219, loss=7.1600, c=1.999066, this 0.06s, total 16.59s
(T) | Epoch=220, loss=7.1565, c=1.999064, this 0.06s, total 16.65s
+++ model saved ! ./pre_trained_gnn/CiteSeer.GRACE.GAT.curv_2p0000.hyp_True.False.20251007-005102-475474.pth
(T) | Epoch=221, loss=7.1543, c=1.999063, this 0.08s, total 16.73s
+++ model saved ! ./pre_trained_gnn/CiteSeer.GRACE.GAT.curv_2p0000.hyp_True.False.20251007-005102-475474.pth
(T) | Epoch=222, loss=7.1570, c=1.999062, this 0.08s, total 16.81s
(T) | Epoch=223, loss=7.1608, c=1.999061, this 0.06s, total 16.87s
(T) | Epoch=224, loss=7.1480, c=1.999060, this 0.06s, total 16.93s
+++ model saved ! ./pre_trained_gnn/CiteSeer.GRACE.GAT.curv_2p0000.hyp_True.False.20251007-005102-475474.pth
(T) | Epoch=225, loss=7.1555, c=1.999060, this 0.08s, total 17.01s
(T) | Epoch=226, loss=7.1439, c=1.999059, this 0.06s, total 17.07s
+++ model saved ! ./pre_trained_gnn/CiteSeer.GRACE.GAT.curv_2p0000.hyp_True.False.20251007-005102-475474.pth
(T) | Epoch=227, loss=7.1526, c=1.999057, this 0.08s, total 17.15s
(T) | Epoch=228, loss=7.1538, c=1.999055, this 0.06s, total 17.21s
(T) | Epoch=229, loss=7.1548, c=1.999053, this 0.06s, total 17.27s
(T) | Epoch=230, loss=7.1569, c=1.999050, this 0.06s, total 17.33s
(T) | Epoch=231, loss=7.1530, c=1.999049, this 0.06s, total 17.39s
(T) | Epoch=232, loss=7.1491, c=1.999049, this 0.06s, total 17.45s
(T) | Epoch=233, loss=7.1428, c=1.999049, this 0.06s, total 17.51s
+++ model saved ! ./pre_trained_gnn/CiteSeer.GRACE.GAT.curv_2p0000.hyp_True.False.20251007-005102-475474.pth
(T) | Epoch=234, loss=7.1469, c=1.999048, this 0.08s, total 17.59s
(T) | Epoch=235, loss=7.1532, c=1.999046, this 0.06s, total 17.65s
(T) | Epoch=236, loss=7.1447, c=1.999044, this 0.06s, total 17.71s
(T) | Epoch=237, loss=7.1305, c=1.999041, this 0.06s, total 17.77s
+++ model saved ! ./pre_trained_gnn/CiteSeer.GRACE.GAT.curv_2p0000.hyp_True.False.20251007-005102-475474.pth
(T) | Epoch=238, loss=7.1298, c=1.999040, this 0.08s, total 17.85s
+++ model saved ! ./pre_trained_gnn/CiteSeer.GRACE.GAT.curv_2p0000.hyp_True.False.20251007-005102-475474.pth
(T) | Epoch=239, loss=7.1468, c=1.999038, this 0.08s, total 17.93s
(T) | Epoch=240, loss=7.1329, c=1.999037, this 0.06s, total 17.99s
(T) | Epoch=241, loss=7.1383, c=1.999035, this 0.06s, total 18.05s
(T) | Epoch=242, loss=7.1334, c=1.999035, this 0.06s, total 18.11s
(T) | Epoch=243, loss=7.1331, c=1.999034, this 0.06s, total 18.17s
(T) | Epoch=244, loss=7.1483, c=1.999032, this 0.06s, total 18.23s
(T) | Epoch=245, loss=7.1351, c=1.999030, this 0.06s, total 18.29s
(T) | Epoch=246, loss=7.1380, c=1.999029, this 0.06s, total 18.35s
(T) | Epoch=247, loss=7.1311, c=1.999028, this 0.06s, total 18.41s
(T) | Epoch=248, loss=7.1250, c=1.999028, this 0.06s, total 18.48s
+++ model saved ! ./pre_trained_gnn/CiteSeer.GRACE.GAT.curv_2p0000.hyp_True.False.20251007-005102-475474.pth
(T) | Epoch=249, loss=7.1344, c=1.999027, this 0.08s, total 18.55s
(T) | Epoch=250, loss=7.1279, c=1.999025, this 0.06s, total 18.61s
(T) | Epoch=251, loss=7.1464, c=1.999023, this 0.06s, total 18.68s
(T) | Epoch=252, loss=7.1257, c=1.999021, this 0.06s, total 18.74s
(T) | Epoch=253, loss=7.1357, c=1.999020, this 0.06s, total 18.80s
(T) | Epoch=254, loss=7.1302, c=1.999019, this 0.06s, total 18.86s
(T) | Epoch=255, loss=7.1258, c=1.999018, this 0.06s, total 18.92s
(T) | Epoch=256, loss=7.1135, c=1.999017, this 0.06s, total 18.98s
+++ model saved ! ./pre_trained_gnn/CiteSeer.GRACE.GAT.curv_2p0000.hyp_True.False.20251007-005102-475474.pth
(T) | Epoch=257, loss=7.1239, c=1.999015, this 0.08s, total 19.06s
(T) | Epoch=258, loss=7.1295, c=1.999014, this 0.06s, total 19.12s
(T) | Epoch=259, loss=7.1212, c=1.999013, this 0.06s, total 19.18s
(T) | Epoch=260, loss=7.1255, c=1.999011, this 0.06s, total 19.24s
(T) | Epoch=261, loss=7.1230, c=1.999010, this 0.06s, total 19.30s
(T) | Epoch=262, loss=7.1214, c=1.999009, this 0.06s, total 19.36s
(T) | Epoch=263, loss=7.1182, c=1.999007, this 0.06s, total 19.43s
(T) | Epoch=264, loss=7.1156, c=1.999006, this 0.06s, total 19.49s
(T) | Epoch=265, loss=7.1161, c=1.999005, this 0.06s, total 19.55s
(T) | Epoch=266, loss=7.1125, c=1.999004, this 0.06s, total 19.61s
+++ model saved ! ./pre_trained_gnn/CiteSeer.GRACE.GAT.curv_2p0000.hyp_True.False.20251007-005102-475474.pth
(T) | Epoch=267, loss=7.1156, c=1.999003, this 0.08s, total 19.69s
(T) | Epoch=268, loss=7.1224, c=1.999002, this 0.06s, total 19.75s
(T) | Epoch=269, loss=7.1189, c=1.999000, this 0.06s, total 19.81s
(T) | Epoch=270, loss=7.1250, c=1.998998, this 0.06s, total 19.87s
(T) | Epoch=271, loss=7.1208, c=1.998998, this 0.06s, total 19.93s
(T) | Epoch=272, loss=7.1094, c=1.998998, this 0.06s, total 19.99s
+++ model saved ! ./pre_trained_gnn/CiteSeer.GRACE.GAT.curv_2p0000.hyp_True.False.20251007-005102-475474.pth
(T) | Epoch=273, loss=7.1271, c=1.998998, this 0.08s, total 20.07s
(T) | Epoch=274, loss=7.1129, c=1.998997, this 0.06s, total 20.13s
(T) | Epoch=275, loss=7.1220, c=1.998995, this 0.06s, total 20.20s
(T) | Epoch=276, loss=7.1194, c=1.998993, this 0.06s, total 20.26s
(T) | Epoch=277, loss=7.1231, c=1.998991, this 0.06s, total 20.32s
(T) | Epoch=278, loss=7.1152, c=1.998989, this 0.06s, total 20.38s
(T) | Epoch=279, loss=7.1097, c=1.998988, this 0.06s, total 20.44s
(T) | Epoch=280, loss=7.1068, c=1.998988, this 0.06s, total 20.51s
+++ model saved ! ./pre_trained_gnn/CiteSeer.GRACE.GAT.curv_2p0000.hyp_True.False.20251007-005102-475474.pth
(T) | Epoch=281, loss=7.1210, c=1.998988, this 0.08s, total 20.58s
(T) | Epoch=282, loss=7.1117, c=1.998987, this 0.06s, total 20.65s
(T) | Epoch=283, loss=7.1066, c=1.998986, this 0.06s, total 20.71s
+++ model saved ! ./pre_trained_gnn/CiteSeer.GRACE.GAT.curv_2p0000.hyp_True.False.20251007-005102-475474.pth
(T) | Epoch=284, loss=7.1132, c=1.998983, this 0.08s, total 20.79s
(T) | Epoch=285, loss=7.1165, c=1.998980, this 0.06s, total 20.85s
(T) | Epoch=286, loss=7.1053, c=1.998979, this 0.06s, total 20.91s
+++ model saved ! ./pre_trained_gnn/CiteSeer.GRACE.GAT.curv_2p0000.hyp_True.False.20251007-005102-475474.pth
(T) | Epoch=287, loss=7.1171, c=1.998978, this 0.08s, total 20.99s
(T) | Epoch=288, loss=7.1195, c=1.998977, this 0.06s, total 21.05s
(T) | Epoch=289, loss=7.1186, c=1.998975, this 0.06s, total 21.12s
(T) | Epoch=290, loss=7.1116, c=1.998975, this 0.06s, total 21.18s
(T) | Epoch=291, loss=7.1095, c=1.998974, this 0.06s, total 21.24s
(T) | Epoch=292, loss=7.1061, c=1.998973, this 0.06s, total 21.30s
(T) | Epoch=293, loss=7.0991, c=1.998972, this 0.06s, total 21.36s
+++ model saved ! ./pre_trained_gnn/CiteSeer.GRACE.GAT.curv_2p0000.hyp_True.False.20251007-005102-475474.pth
(T) | Epoch=294, loss=7.1072, c=1.998970, this 0.08s, total 21.44s
(T) | Epoch=295, loss=7.1033, c=1.998969, this 0.06s, total 21.50s
(T) | Epoch=296, loss=7.0989, c=1.998968, this 0.06s, total 21.56s
+++ model saved ! ./pre_trained_gnn/CiteSeer.GRACE.GAT.curv_2p0000.hyp_True.False.20251007-005102-475474.pth
(T) | Epoch=297, loss=7.1053, c=1.998967, this 0.08s, total 21.64s
(T) | Epoch=298, loss=7.1093, c=1.998965, this 0.06s, total 21.70s
(T) | Epoch=299, loss=7.1007, c=1.998963, this 0.06s, total 21.76s
(T) | Epoch=300, loss=7.1039, c=1.998961, this 0.06s, total 21.83s
(T) | Epoch=301, loss=7.1117, c=1.998960, this 0.06s, total 21.89s
(T) | Epoch=302, loss=7.1241, c=1.998960, this 0.06s, total 21.95s
(T) | Epoch=303, loss=7.0973, c=1.998959, this 0.06s, total 22.01s
+++ model saved ! ./pre_trained_gnn/CiteSeer.GRACE.GAT.curv_2p0000.hyp_True.False.20251007-005102-475474.pth
(T) | Epoch=304, loss=7.1092, c=1.998958, this 0.08s, total 22.09s
(T) | Epoch=305, loss=7.1088, c=1.998955, this 0.06s, total 22.15s
(T) | Epoch=306, loss=7.1017, c=1.998953, this 0.06s, total 22.21s
(T) | Epoch=307, loss=7.1043, c=1.998951, this 0.06s, total 22.27s
(T) | Epoch=308, loss=7.1057, c=1.998949, this 0.06s, total 22.33s
(T) | Epoch=309, loss=7.1000, c=1.998949, this 0.06s, total 22.39s
(T) | Epoch=310, loss=7.1031, c=1.998948, this 0.06s, total 22.45s
(T) | Epoch=311, loss=7.1050, c=1.998948, this 0.06s, total 22.51s
(T) | Epoch=312, loss=7.1072, c=1.998945, this 0.06s, total 22.58s
(T) | Epoch=313, loss=7.1028, c=1.998942, this 0.06s, total 22.64s
(T) | Epoch=314, loss=7.1072, c=1.998939, this 0.06s, total 22.70s
(T) | Epoch=315, loss=7.1100, c=1.998937, this 0.06s, total 22.76s
(T) | Epoch=316, loss=7.1018, c=1.998936, this 0.06s, total 22.82s
(T) | Epoch=317, loss=7.0922, c=1.998936, this 0.06s, total 22.88s
+++ model saved ! ./pre_trained_gnn/CiteSeer.GRACE.GAT.curv_2p0000.hyp_True.False.20251007-005102-475474.pth
(T) | Epoch=318, loss=7.0971, c=1.998935, this 0.08s, total 22.96s
(T) | Epoch=319, loss=7.1064, c=1.998933, this 0.06s, total 23.02s
(T) | Epoch=320, loss=7.0957, c=1.998930, this 0.06s, total 23.08s
(T) | Epoch=321, loss=7.1028, c=1.998927, this 0.06s, total 23.14s
(T) | Epoch=322, loss=7.1008, c=1.998924, this 0.06s, total 23.21s
(T) | Epoch=323, loss=7.0929, c=1.998923, this 0.06s, total 23.27s
(T) | Epoch=324, loss=7.0884, c=1.998923, this 0.06s, total 23.33s
+++ model saved ! ./pre_trained_gnn/CiteSeer.GRACE.GAT.curv_2p0000.hyp_True.False.20251007-005102-475474.pth
(T) | Epoch=325, loss=7.0897, c=1.998922, this 0.08s, total 23.41s
(T) | Epoch=326, loss=7.0961, c=1.998921, this 0.06s, total 23.47s
(T) | Epoch=327, loss=7.0870, c=1.998919, this 0.06s, total 23.53s
+++ model saved ! ./pre_trained_gnn/CiteSeer.GRACE.GAT.curv_2p0000.hyp_True.False.20251007-005102-475474.pth
(T) | Epoch=328, loss=7.0883, c=1.998916, this 0.08s, total 23.60s
(T) | Epoch=329, loss=7.1052, c=1.998913, this 0.06s, total 23.67s
(T) | Epoch=330, loss=7.0971, c=1.998911, this 0.06s, total 23.73s
(T) | Epoch=331, loss=7.0920, c=1.998911, this 0.06s, total 23.79s
(T) | Epoch=332, loss=7.0991, c=1.998912, this 0.06s, total 23.85s
(T) | Epoch=333, loss=7.0969, c=1.998911, this 0.06s, total 23.91s
(T) | Epoch=334, loss=7.0926, c=1.998909, this 0.06s, total 23.97s
(T) | Epoch=335, loss=7.0846, c=1.998907, this 0.06s, total 24.03s
+++ model saved ! ./pre_trained_gnn/CiteSeer.GRACE.GAT.curv_2p0000.hyp_True.False.20251007-005102-475474.pth
(T) | Epoch=336, loss=7.0906, c=1.998904, this 0.08s, total 24.11s
(T) | Epoch=337, loss=7.0913, c=1.998901, this 0.06s, total 24.17s
(T) | Epoch=338, loss=7.0887, c=1.998899, this 0.06s, total 24.23s
(T) | Epoch=339, loss=7.0985, c=1.998898, this 0.06s, total 24.29s
(T) | Epoch=340, loss=7.0944, c=1.998898, this 0.06s, total 24.35s
(T) | Epoch=341, loss=7.0853, c=1.998898, this 0.06s, total 24.41s
(T) | Epoch=342, loss=7.0938, c=1.998897, this 0.06s, total 24.47s
(T) | Epoch=343, loss=7.0770, c=1.998895, this 0.06s, total 24.54s
+++ model saved ! ./pre_trained_gnn/CiteSeer.GRACE.GAT.curv_2p0000.hyp_True.False.20251007-005102-475474.pth
(T) | Epoch=344, loss=7.0836, c=1.998892, this 0.08s, total 24.61s
(T) | Epoch=345, loss=7.0819, c=1.998890, this 0.06s, total 24.67s
(T) | Epoch=346, loss=7.0821, c=1.998889, this 0.06s, total 24.73s
(T) | Epoch=347, loss=7.0752, c=1.998888, this 0.06s, total 24.80s
+++ model saved ! ./pre_trained_gnn/CiteSeer.GRACE.GAT.curv_2p0000.hyp_True.False.20251007-005102-475474.pth
(T) | Epoch=348, loss=7.0789, c=1.998888, this 0.08s, total 24.87s
(T) | Epoch=349, loss=7.0799, c=1.998887, this 0.06s, total 24.93s
(T) | Epoch=350, loss=7.0816, c=1.998886, this 0.06s, total 24.99s
(T) | Epoch=351, loss=7.0811, c=1.998885, this 0.06s, total 25.05s
(T) | Epoch=352, loss=7.0872, c=1.998884, this 0.06s, total 25.12s
(T) | Epoch=353, loss=7.0808, c=1.998883, this 0.06s, total 25.18s
(T) | Epoch=354, loss=7.0842, c=1.998882, this 0.06s, total 25.24s
(T) | Epoch=355, loss=7.0816, c=1.998881, this 0.06s, total 25.30s
(T) | Epoch=356, loss=7.0727, c=1.998881, this 0.06s, total 25.36s
+++ model saved ! ./pre_trained_gnn/CiteSeer.GRACE.GAT.curv_2p0000.hyp_True.False.20251007-005102-475474.pth
(T) | Epoch=357, loss=7.0806, c=1.998880, this 0.08s, total 25.43s
(T) | Epoch=358, loss=7.0812, c=1.998879, this 0.06s, total 25.50s
(T) | Epoch=359, loss=7.0826, c=1.998878, this 0.06s, total 25.56s
(T) | Epoch=360, loss=7.0837, c=1.998877, this 0.06s, total 25.62s
(T) | Epoch=361, loss=7.0765, c=1.998875, this 0.06s, total 25.68s
(T) | Epoch=362, loss=7.0743, c=1.998874, this 0.06s, total 25.74s
(T) | Epoch=363, loss=7.0804, c=1.998874, this 0.06s, total 25.80s
(T) | Epoch=364, loss=7.0781, c=1.998873, this 0.06s, total 25.86s
(T) | Epoch=365, loss=7.0767, c=1.998872, this 0.06s, total 25.92s
(T) | Epoch=366, loss=7.0739, c=1.998871, this 0.06s, total 25.98s
(T) | Epoch=367, loss=7.0827, c=1.998870, this 0.06s, total 26.04s
(T) | Epoch=368, loss=7.0833, c=1.998870, this 0.06s, total 26.10s
(T) | Epoch=369, loss=7.0755, c=1.998869, this 0.06s, total 26.17s
(T) | Epoch=370, loss=7.0750, c=1.998868, this 0.06s, total 26.23s
(T) | Epoch=371, loss=7.0788, c=1.998866, this 0.06s, total 26.29s
(T) | Epoch=372, loss=7.0757, c=1.998865, this 0.06s, total 26.35s
(T) | Epoch=373, loss=7.0704, c=1.998865, this 0.06s, total 26.41s
+++ model saved ! ./pre_trained_gnn/CiteSeer.GRACE.GAT.curv_2p0000.hyp_True.False.20251007-005102-475474.pth
(T) | Epoch=374, loss=7.0736, c=1.998865, this 0.08s, total 26.49s
(T) | Epoch=375, loss=7.0800, c=1.998864, this 0.06s, total 26.55s
(T) | Epoch=376, loss=7.0734, c=1.998863, this 0.06s, total 26.61s
(T) | Epoch=377, loss=7.0766, c=1.998861, this 0.06s, total 26.67s
(T) | Epoch=378, loss=7.0703, c=1.998859, this 0.06s, total 26.73s
+++ model saved ! ./pre_trained_gnn/CiteSeer.GRACE.GAT.curv_2p0000.hyp_True.False.20251007-005102-475474.pth
(T) | Epoch=379, loss=7.0725, c=1.998858, this 0.08s, total 26.81s
(T) | Epoch=380, loss=7.0793, c=1.998858, this 0.06s, total 26.87s
(T) | Epoch=381, loss=7.0674, c=1.998857, this 0.06s, total 26.93s
+++ model saved ! ./pre_trained_gnn/CiteSeer.GRACE.GAT.curv_2p0000.hyp_True.False.20251007-005102-475474.pth
(T) | Epoch=382, loss=7.0737, c=1.998856, this 0.08s, total 27.00s
(T) | Epoch=383, loss=7.0750, c=1.998856, this 0.06s, total 27.06s
(T) | Epoch=384, loss=7.0616, c=1.998856, this 0.06s, total 27.13s
+++ model saved ! ./pre_trained_gnn/CiteSeer.GRACE.GAT.curv_2p0000.hyp_True.False.20251007-005102-475474.pth
(T) | Epoch=385, loss=7.0756, c=1.998855, this 0.08s, total 27.20s
(T) | Epoch=386, loss=7.0761, c=1.998853, this 0.06s, total 27.26s
(T) | Epoch=387, loss=7.0702, c=1.998852, this 0.06s, total 27.32s
(T) | Epoch=388, loss=7.0687, c=1.998852, this 0.06s, total 27.38s
(T) | Epoch=389, loss=7.0744, c=1.998851, this 0.06s, total 27.45s
(T) | Epoch=390, loss=7.0676, c=1.998850, this 0.06s, total 27.51s
(T) | Epoch=391, loss=7.0733, c=1.998849, this 0.06s, total 27.57s
(T) | Epoch=392, loss=7.0714, c=1.998847, this 0.06s, total 27.63s
(T) | Epoch=393, loss=7.0752, c=1.998846, this 0.06s, total 27.69s
(T) | Epoch=394, loss=7.0713, c=1.998845, this 0.06s, total 27.75s
(T) | Epoch=395, loss=7.0663, c=1.998844, this 0.06s, total 27.81s
(T) | Epoch=396, loss=7.0655, c=1.998844, this 0.06s, total 27.87s
(T) | Epoch=397, loss=7.0668, c=1.998843, this 0.06s, total 27.93s
(T) | Epoch=398, loss=7.0742, c=1.998842, this 0.06s, total 27.99s
(T) | Epoch=399, loss=7.0688, c=1.998841, this 0.06s, total 28.05s
(T) | Epoch=400, loss=7.0740, c=1.998840, this 0.06s, total 28.11s
(T) | Epoch=401, loss=7.0718, c=1.998838, this 0.06s, total 28.17s
(T) | Epoch=402, loss=7.0821, c=1.998837, this 0.06s, total 28.23s
(T) | Epoch=403, loss=7.0711, c=1.998836, this 0.06s, total 28.30s
(T) | Epoch=404, loss=7.0698, c=1.998835, this 0.06s, total 28.36s
(T) | Epoch=405, loss=7.0741, c=1.998833, this 0.06s, total 28.42s
(T) | Epoch=406, loss=7.0730, c=1.998832, this 0.06s, total 28.48s
(T) | Epoch=407, loss=7.0699, c=1.998831, this 0.06s, total 28.54s
(T) | Epoch=408, loss=7.0642, c=1.998830, this 0.06s, total 28.60s
(T) | Epoch=409, loss=7.0735, c=1.998828, this 0.06s, total 28.66s
(T) | Epoch=410, loss=7.0652, c=1.998827, this 0.06s, total 28.72s
(T) | Epoch=411, loss=7.0626, c=1.998825, this 0.06s, total 28.78s
(T) | Epoch=412, loss=7.0798, c=1.998824, this 0.06s, total 28.84s
(T) | Epoch=413, loss=7.0651, c=1.998822, this 0.06s, total 28.90s
(T) | Epoch=414, loss=7.0637, c=1.998822, this 0.06s, total 28.96s
(T) | Epoch=415, loss=7.0654, c=1.998821, this 0.06s, total 29.02s
(T) | Epoch=416, loss=7.0725, c=1.998819, this 0.06s, total 29.08s
(T) | Epoch=417, loss=7.0651, c=1.998818, this 0.06s, total 29.15s
(T) | Epoch=418, loss=7.0608, c=1.998816, this 0.06s, total 29.21s
+++ model saved ! ./pre_trained_gnn/CiteSeer.GRACE.GAT.curv_2p0000.hyp_True.False.20251007-005102-475474.pth
(T) | Epoch=419, loss=7.0720, c=1.998815, this 0.08s, total 29.28s
(T) | Epoch=420, loss=7.0680, c=1.998814, this 0.06s, total 29.34s
(T) | Epoch=421, loss=7.0645, c=1.998812, this 0.06s, total 29.40s
(T) | Epoch=422, loss=7.0667, c=1.998811, this 0.06s, total 29.47s
(T) | Epoch=423, loss=7.0646, c=1.998810, this 0.06s, total 29.53s
(T) | Epoch=424, loss=7.0595, c=1.998810, this 0.06s, total 29.59s
+++ model saved ! ./pre_trained_gnn/CiteSeer.GRACE.GAT.curv_2p0000.hyp_True.False.20251007-005102-475474.pth
(T) | Epoch=425, loss=7.0658, c=1.998809, this 0.08s, total 29.66s
(T) | Epoch=426, loss=7.0615, c=1.998808, this 0.06s, total 29.73s
(T) | Epoch=427, loss=7.0630, c=1.998807, this 0.06s, total 29.79s
(T) | Epoch=428, loss=7.0591, c=1.998806, this 0.06s, total 29.85s
+++ model saved ! ./pre_trained_gnn/CiteSeer.GRACE.GAT.curv_2p0000.hyp_True.False.20251007-005102-475474.pth
(T) | Epoch=429, loss=7.0674, c=1.998804, this 0.08s, total 29.92s
(T) | Epoch=430, loss=7.0600, c=1.998802, this 0.06s, total 29.98s
(T) | Epoch=431, loss=7.0584, c=1.998801, this 0.06s, total 30.04s
+++ model saved ! ./pre_trained_gnn/CiteSeer.GRACE.GAT.curv_2p0000.hyp_True.False.20251007-005102-475474.pth
(T) | Epoch=432, loss=7.0644, c=1.998801, this 0.08s, total 30.12s
(T) | Epoch=433, loss=7.0654, c=1.998800, this 0.06s, total 30.18s
(T) | Epoch=434, loss=7.0619, c=1.998800, this 0.06s, total 30.24s
(T) | Epoch=435, loss=7.0606, c=1.998799, this 0.06s, total 30.30s
(T) | Epoch=436, loss=7.0588, c=1.998797, this 0.06s, total 30.36s
(T) | Epoch=437, loss=7.0620, c=1.998796, this 0.06s, total 30.42s
(T) | Epoch=438, loss=7.0623, c=1.998794, this 0.06s, total 30.48s
(T) | Epoch=439, loss=7.0604, c=1.998795, this 0.06s, total 30.55s
(T) | Epoch=440, loss=7.0684, c=1.998795, this 0.06s, total 30.61s
(T) | Epoch=441, loss=7.0562, c=1.998795, this 0.06s, total 30.67s
+++ model saved ! ./pre_trained_gnn/CiteSeer.GRACE.GAT.curv_2p0000.hyp_True.False.20251007-005102-475474.pth
(T) | Epoch=442, loss=7.0644, c=1.998793, this 0.08s, total 30.75s
(T) | Epoch=443, loss=7.0599, c=1.998791, this 0.06s, total 30.81s
(T) | Epoch=444, loss=7.0644, c=1.998789, this 0.06s, total 30.87s
(T) | Epoch=445, loss=7.0617, c=1.998787, this 0.06s, total 30.93s
(T) | Epoch=446, loss=7.0615, c=1.998787, this 0.06s, total 30.99s
(T) | Epoch=447, loss=7.0638, c=1.998788, this 0.06s, total 31.05s
(T) | Epoch=448, loss=7.0607, c=1.998788, this 0.06s, total 31.11s
(T) | Epoch=449, loss=7.0683, c=1.998788, this 0.06s, total 31.17s
(T) | Epoch=450, loss=7.0599, c=1.998785, this 0.06s, total 31.23s
(T) | Epoch=451, loss=7.0571, c=1.998783, this 0.06s, total 31.29s
(T) | Epoch=452, loss=7.0639, c=1.998781, this 0.06s, total 31.36s
(T) | Epoch=453, loss=7.0647, c=1.998779, this 0.06s, total 31.42s
(T) | Epoch=454, loss=7.0587, c=1.998778, this 0.06s, total 31.48s
(T) | Epoch=455, loss=7.0588, c=1.998778, this 0.06s, total 31.54s
(T) | Epoch=456, loss=7.0652, c=1.998779, this 0.06s, total 31.60s
(T) | Epoch=457, loss=7.0584, c=1.998777, this 0.06s, total 31.66s
(T) | Epoch=458, loss=7.0584, c=1.998775, this 0.06s, total 31.72s
(T) | Epoch=459, loss=7.0502, c=1.998774, this 0.06s, total 31.78s
+++ model saved ! ./pre_trained_gnn/CiteSeer.GRACE.GAT.curv_2p0000.hyp_True.False.20251007-005102-475474.pth
(T) | Epoch=460, loss=7.0588, c=1.998772, this 0.08s, total 31.86s
(T) | Epoch=461, loss=7.0545, c=1.998770, this 0.06s, total 31.92s
(T) | Epoch=462, loss=7.0477, c=1.998770, this 0.06s, total 31.98s
+++ model saved ! ./pre_trained_gnn/CiteSeer.GRACE.GAT.curv_2p0000.hyp_True.False.20251007-005102-475474.pth
(T) | Epoch=463, loss=7.0612, c=1.998770, this 0.08s, total 32.06s
(T) | Epoch=464, loss=7.0499, c=1.998770, this 0.06s, total 32.12s
(T) | Epoch=465, loss=7.0548, c=1.998769, this 0.06s, total 32.18s
(T) | Epoch=466, loss=7.0571, c=1.998767, this 0.06s, total 32.24s
(T) | Epoch=467, loss=7.0579, c=1.998765, this 0.06s, total 32.30s
(T) | Epoch=468, loss=7.0577, c=1.998764, this 0.06s, total 32.36s
(T) | Epoch=469, loss=7.0587, c=1.998763, this 0.06s, total 32.42s
(T) | Epoch=470, loss=7.0502, c=1.998763, this 0.06s, total 32.48s
(T) | Epoch=471, loss=7.0561, c=1.998762, this 0.06s, total 32.54s
(T) | Epoch=472, loss=7.0561, c=1.998761, this 0.06s, total 32.60s
(T) | Epoch=473, loss=7.0559, c=1.998759, this 0.06s, total 32.66s
(T) | Epoch=474, loss=7.0518, c=1.998758, this 0.06s, total 32.72s
(T) | Epoch=475, loss=7.0537, c=1.998757, this 0.06s, total 32.78s
(T) | Epoch=476, loss=7.0509, c=1.998756, this 0.06s, total 32.84s
(T) | Epoch=477, loss=7.0501, c=1.998756, this 0.06s, total 32.91s
(T) | Epoch=478, loss=7.0531, c=1.998756, this 0.06s, total 32.97s
(T) | Epoch=479, loss=7.0551, c=1.998755, this 0.06s, total 33.03s
(T) | Epoch=480, loss=7.0581, c=1.998752, this 0.06s, total 33.09s
(T) | Epoch=481, loss=7.0419, c=1.998750, this 0.06s, total 33.15s
+++ model saved ! ./pre_trained_gnn/CiteSeer.GRACE.GAT.curv_2p0000.hyp_True.False.20251007-005102-475474.pth
(T) | Epoch=482, loss=7.0535, c=1.998749, this 0.08s, total 33.22s
(T) | Epoch=483, loss=7.0499, c=1.998749, this 0.06s, total 33.29s
(T) | Epoch=484, loss=7.0501, c=1.998750, this 0.06s, total 33.35s
(T) | Epoch=485, loss=7.0471, c=1.998750, this 0.06s, total 33.41s
(T) | Epoch=486, loss=7.0565, c=1.998749, this 0.06s, total 33.47s
(T) | Epoch=487, loss=7.0553, c=1.998746, this 0.06s, total 33.53s
(T) | Epoch=488, loss=7.0495, c=1.998744, this 0.06s, total 33.59s
(T) | Epoch=489, loss=7.0478, c=1.998742, this 0.06s, total 33.65s
(T) | Epoch=490, loss=7.0483, c=1.998742, this 0.06s, total 33.71s
(T) | Epoch=491, loss=7.0537, c=1.998743, this 0.06s, total 33.77s
(T) | Epoch=492, loss=7.0484, c=1.998744, this 0.06s, total 33.83s
(T) | Epoch=493, loss=7.0572, c=1.998744, this 0.06s, total 33.89s
(T) | Epoch=494, loss=7.0466, c=1.998743, this 0.06s, total 33.95s
(T) | Epoch=495, loss=7.0511, c=1.998740, this 0.06s, total 34.01s
(T) | Epoch=496, loss=7.0538, c=1.998737, this 0.06s, total 34.08s
(T) | Epoch=497, loss=7.0471, c=1.998736, this 0.06s, total 34.14s
(T) | Epoch=498, loss=7.0518, c=1.998735, this 0.06s, total 34.20s
(T) | Epoch=499, loss=7.0456, c=1.998736, this 0.06s, total 34.26s
(T) | Epoch=500, loss=7.0472, c=1.998736, this 0.06s, total 34.32s
(T) | Epoch=501, loss=7.0502, c=1.998735, this 0.06s, total 34.38s
(T) | Epoch=502, loss=7.0461, c=1.998734, this 0.06s, total 34.44s
(T) | Epoch=503, loss=7.0464, c=1.998733, this 0.06s, total 34.50s
(T) | Epoch=504, loss=7.0477, c=1.998731, this 0.06s, total 34.56s
(T) | Epoch=505, loss=7.0480, c=1.998730, this 0.06s, total 34.62s
(T) | Epoch=506, loss=7.0520, c=1.998729, this 0.06s, total 34.68s
(T) | Epoch=507, loss=7.0436, c=1.998729, this 0.06s, total 34.74s
(T) | Epoch=508, loss=7.0539, c=1.998728, this 0.06s, total 34.80s
(T) | Epoch=509, loss=7.0470, c=1.998728, this 0.06s, total 34.86s
(T) | Epoch=510, loss=7.0473, c=1.998727, this 0.06s, total 34.93s
(T) | Epoch=511, loss=7.0496, c=1.998726, this 0.06s, total 34.99s
(T) | Epoch=512, loss=7.0520, c=1.998725, this 0.06s, total 35.05s
(T) | Epoch=513, loss=7.0438, c=1.998724, this 0.06s, total 35.11s
(T) | Epoch=514, loss=7.0450, c=1.998723, this 0.06s, total 35.17s
(T) | Epoch=515, loss=7.0469, c=1.998722, this 0.06s, total 35.23s
(T) | Epoch=516, loss=7.0415, c=1.998720, this 0.06s, total 35.29s
+++ model saved ! ./pre_trained_gnn/CiteSeer.GRACE.GAT.curv_2p0000.hyp_True.False.20251007-005102-475474.pth
(T) | Epoch=517, loss=7.0448, c=1.998719, this 0.08s, total 35.37s
(T) | Epoch=518, loss=7.0507, c=1.998718, this 0.06s, total 35.43s
(T) | Epoch=519, loss=7.0471, c=1.998717, this 0.06s, total 35.49s
(T) | Epoch=520, loss=7.0436, c=1.998717, this 0.06s, total 35.55s
(T) | Epoch=521, loss=7.0460, c=1.998717, this 0.06s, total 35.61s
(T) | Epoch=522, loss=7.0437, c=1.998716, this 0.06s, total 35.67s
(T) | Epoch=523, loss=7.0419, c=1.998715, this 0.06s, total 35.73s
(T) | Epoch=524, loss=7.0412, c=1.998714, this 0.06s, total 35.79s
+++ model saved ! ./pre_trained_gnn/CiteSeer.GRACE.GAT.curv_2p0000.hyp_True.False.20251007-005102-475474.pth
(T) | Epoch=525, loss=7.0438, c=1.998714, this 0.08s, total 35.87s
(T) | Epoch=526, loss=7.0441, c=1.998713, this 0.06s, total 35.93s
(T) | Epoch=527, loss=7.0465, c=1.998712, this 0.06s, total 35.99s
(T) | Epoch=528, loss=7.0405, c=1.998712, this 0.06s, total 36.05s
+++ model saved ! ./pre_trained_gnn/CiteSeer.GRACE.GAT.curv_2p0000.hyp_True.False.20251007-005102-475474.pth
(T) | Epoch=529, loss=7.0416, c=1.998711, this 0.08s, total 36.13s
(T) | Epoch=530, loss=7.0459, c=1.998710, this 0.06s, total 36.19s
(T) | Epoch=531, loss=7.0423, c=1.998708, this 0.06s, total 36.25s
(T) | Epoch=532, loss=7.0396, c=1.998708, this 0.06s, total 36.31s
+++ model saved ! ./pre_trained_gnn/CiteSeer.GRACE.GAT.curv_2p0000.hyp_True.False.20251007-005102-475474.pth
(T) | Epoch=533, loss=7.0431, c=1.998708, this 0.08s, total 36.39s
(T) | Epoch=534, loss=7.0435, c=1.998708, this 0.06s, total 36.45s
(T) | Epoch=535, loss=7.0419, c=1.998707, this 0.06s, total 36.51s
(T) | Epoch=536, loss=7.0450, c=1.998706, this 0.06s, total 36.57s
(T) | Epoch=537, loss=7.0445, c=1.998704, this 0.06s, total 36.63s
(T) | Epoch=538, loss=7.0477, c=1.998703, this 0.06s, total 36.69s
(T) | Epoch=539, loss=7.0453, c=1.998702, this 0.06s, total 36.75s
(T) | Epoch=540, loss=7.0475, c=1.998702, this 0.06s, total 36.81s
(T) | Epoch=541, loss=7.0406, c=1.998702, this 0.06s, total 36.87s
(T) | Epoch=542, loss=7.0369, c=1.998702, this 0.06s, total 36.93s
+++ model saved ! ./pre_trained_gnn/CiteSeer.GRACE.GAT.curv_2p0000.hyp_True.False.20251007-005102-475474.pth
(T) | Epoch=543, loss=7.0445, c=1.998702, this 0.08s, total 37.01s
(T) | Epoch=544, loss=7.0508, c=1.998700, this 0.06s, total 37.07s
(T) | Epoch=545, loss=7.0452, c=1.998698, this 0.06s, total 37.13s
(T) | Epoch=546, loss=7.0403, c=1.998695, this 0.06s, total 37.19s
(T) | Epoch=547, loss=7.0442, c=1.998694, this 0.06s, total 37.25s
(T) | Epoch=548, loss=7.0366, c=1.998694, this 0.06s, total 37.31s
+++ model saved ! ./pre_trained_gnn/CiteSeer.GRACE.GAT.curv_2p0000.hyp_True.False.20251007-005102-475474.pth
(T) | Epoch=549, loss=7.0395, c=1.998695, this 0.08s, total 37.39s
(T) | Epoch=550, loss=7.0366, c=1.998696, this 0.06s, total 37.45s
(T) | Epoch=551, loss=7.0474, c=1.998695, this 0.06s, total 37.51s
(T) | Epoch=552, loss=7.0416, c=1.998693, this 0.06s, total 37.57s
(T) | Epoch=553, loss=7.0418, c=1.998691, this 0.06s, total 37.63s
(T) | Epoch=554, loss=7.0428, c=1.998689, this 0.06s, total 37.69s
(T) | Epoch=555, loss=7.0414, c=1.998688, this 0.06s, total 37.75s
(T) | Epoch=556, loss=7.0365, c=1.998689, this 0.06s, total 37.81s
+++ model saved ! ./pre_trained_gnn/CiteSeer.GRACE.GAT.curv_2p0000.hyp_True.False.20251007-005102-475474.pth
(T) | Epoch=557, loss=7.0451, c=1.998688, this 0.08s, total 37.89s
(T) | Epoch=558, loss=7.0441, c=1.998687, this 0.06s, total 37.95s
(T) | Epoch=559, loss=7.0407, c=1.998685, this 0.06s, total 38.01s
(T) | Epoch=560, loss=7.0421, c=1.998684, this 0.06s, total 38.07s
(T) | Epoch=561, loss=7.0404, c=1.998683, this 0.06s, total 38.13s
(T) | Epoch=562, loss=7.0473, c=1.998682, this 0.06s, total 38.20s
(T) | Epoch=563, loss=7.0439, c=1.998682, this 0.06s, total 38.26s
(T) | Epoch=564, loss=7.0426, c=1.998681, this 0.06s, total 38.32s
(T) | Epoch=565, loss=7.0446, c=1.998680, this 0.06s, total 38.38s
(T) | Epoch=566, loss=7.0388, c=1.998679, this 0.06s, total 38.44s
(T) | Epoch=567, loss=7.0425, c=1.998677, this 0.06s, total 38.50s
(T) | Epoch=568, loss=7.0374, c=1.998676, this 0.06s, total 38.56s
(T) | Epoch=569, loss=7.0414, c=1.998675, this 0.06s, total 38.62s
(T) | Epoch=570, loss=7.0395, c=1.998674, this 0.06s, total 38.68s
(T) | Epoch=571, loss=7.0479, c=1.998673, this 0.06s, total 38.74s
(T) | Epoch=572, loss=7.0455, c=1.998672, this 0.06s, total 38.81s
(T) | Epoch=573, loss=7.0379, c=1.998671, this 0.06s, total 38.87s
(T) | Epoch=574, loss=7.0385, c=1.998670, this 0.06s, total 38.93s
(T) | Epoch=575, loss=7.0392, c=1.998669, this 0.06s, total 38.99s
(T) | Epoch=576, loss=7.0455, c=1.998668, this 0.06s, total 39.05s
(T) | Epoch=577, loss=7.0410, c=1.998666, this 0.06s, total 39.11s
(T) | Epoch=578, loss=7.0422, c=1.998664, this 0.06s, total 39.17s
(T) | Epoch=579, loss=7.0348, c=1.998664, this 0.06s, total 39.23s
+++ model saved ! ./pre_trained_gnn/CiteSeer.GRACE.GAT.curv_2p0000.hyp_True.False.20251007-005102-475474.pth
(T) | Epoch=580, loss=7.0354, c=1.998663, this 0.08s, total 39.31s
(T) | Epoch=581, loss=7.0430, c=1.998663, this 0.06s, total 39.37s
(T) | Epoch=582, loss=7.0350, c=1.998662, this 0.06s, total 39.43s
(T) | Epoch=583, loss=7.0376, c=1.998661, this 0.06s, total 39.49s
(T) | Epoch=584, loss=7.0368, c=1.998659, this 0.06s, total 39.55s
(T) | Epoch=585, loss=7.0317, c=1.998658, this 0.06s, total 39.61s
+++ model saved ! ./pre_trained_gnn/CiteSeer.GRACE.GAT.curv_2p0000.hyp_True.False.20251007-005102-475474.pth
(T) | Epoch=586, loss=7.0346, c=1.998656, this 0.08s, total 39.69s
(T) | Epoch=587, loss=7.0385, c=1.998655, this 0.06s, total 39.75s
(T) | Epoch=588, loss=7.0391, c=1.998654, this 0.06s, total 39.81s
(T) | Epoch=589, loss=7.0420, c=1.998655, this 0.06s, total 39.87s
(T) | Epoch=590, loss=7.0323, c=1.998655, this 0.06s, total 39.93s
(T) | Epoch=591, loss=7.0356, c=1.998654, this 0.06s, total 39.99s
(T) | Epoch=592, loss=7.0391, c=1.998652, this 0.06s, total 40.05s
(T) | Epoch=593, loss=7.0341, c=1.998650, this 0.06s, total 40.11s
(T) | Epoch=594, loss=7.0396, c=1.998648, this 0.06s, total 40.17s
(T) | Epoch=595, loss=7.0300, c=1.998647, this 0.06s, total 40.23s
+++ model saved ! ./pre_trained_gnn/CiteSeer.GRACE.GAT.curv_2p0000.hyp_True.False.20251007-005102-475474.pth
(T) | Epoch=596, loss=7.0397, c=1.998647, this 0.08s, total 40.31s
(T) | Epoch=597, loss=7.0363, c=1.998646, this 0.06s, total 40.37s
(T) | Epoch=598, loss=7.0308, c=1.998646, this 0.06s, total 40.43s
(T) | Epoch=599, loss=7.0346, c=1.998645, this 0.06s, total 40.49s
(T) | Epoch=600, loss=7.0314, c=1.998644, this 0.06s, total 40.55s
(T) | Epoch=601, loss=7.0344, c=1.998643, this 0.06s, total 40.61s
(T) | Epoch=602, loss=7.0333, c=1.998641, this 0.06s, total 40.67s
(T) | Epoch=603, loss=7.0322, c=1.998640, this 0.06s, total 40.73s
(T) | Epoch=604, loss=7.0330, c=1.998639, this 0.06s, total 40.79s
(T) | Epoch=605, loss=7.0303, c=1.998639, this 0.06s, total 40.85s
(T) | Epoch=606, loss=7.0307, c=1.998639, this 0.06s, total 40.91s
(T) | Epoch=607, loss=7.0317, c=1.998638, this 0.06s, total 40.97s
(T) | Epoch=608, loss=7.0347, c=1.998637, this 0.06s, total 41.03s
(T) | Epoch=609, loss=7.0369, c=1.998636, this 0.06s, total 41.09s
(T) | Epoch=610, loss=7.0325, c=1.998634, this 0.06s, total 41.15s
(T) | Epoch=611, loss=7.0359, c=1.998633, this 0.06s, total 41.21s
(T) | Epoch=612, loss=7.0321, c=1.998632, this 0.06s, total 41.27s
(T) | Epoch=613, loss=7.0335, c=1.998632, this 0.06s, total 41.33s
(T) | Epoch=614, loss=7.0292, c=1.998632, this 0.06s, total 41.39s
+++ model saved ! ./pre_trained_gnn/CiteSeer.GRACE.GAT.curv_2p0000.hyp_True.False.20251007-005102-475474.pth
(T) | Epoch=615, loss=7.0365, c=1.998631, this 0.08s, total 41.47s
(T) | Epoch=616, loss=7.0348, c=1.998630, this 0.06s, total 41.53s
(T) | Epoch=617, loss=7.0364, c=1.998629, this 0.06s, total 41.59s
(T) | Epoch=618, loss=7.0288, c=1.998628, this 0.06s, total 41.65s
+++ model saved ! ./pre_trained_gnn/CiteSeer.GRACE.GAT.curv_2p0000.hyp_True.False.20251007-005102-475474.pth
(T) | Epoch=619, loss=7.0347, c=1.998628, this 0.08s, total 41.73s
(T) | Epoch=620, loss=7.0314, c=1.998627, this 0.06s, total 41.79s
(T) | Epoch=621, loss=7.0316, c=1.998625, this 0.06s, total 41.85s
(T) | Epoch=622, loss=7.0325, c=1.998624, this 0.06s, total 41.92s
(T) | Epoch=623, loss=7.0316, c=1.998624, this 0.06s, total 41.98s
(T) | Epoch=624, loss=7.0356, c=1.998624, this 0.06s, total 42.04s
(T) | Epoch=625, loss=7.0351, c=1.998624, this 0.06s, total 42.10s
(T) | Epoch=626, loss=7.0293, c=1.998623, this 0.06s, total 42.16s
(T) | Epoch=627, loss=7.0291, c=1.998621, this 0.06s, total 42.22s
(T) | Epoch=628, loss=7.0275, c=1.998619, this 0.06s, total 42.28s
+++ model saved ! ./pre_trained_gnn/CiteSeer.GRACE.GAT.curv_2p0000.hyp_True.False.20251007-005102-475474.pth
(T) | Epoch=629, loss=7.0357, c=1.998617, this 0.08s, total 42.36s
(T) | Epoch=630, loss=7.0316, c=1.998616, this 0.06s, total 42.42s
(T) | Epoch=631, loss=7.0303, c=1.998616, this 0.06s, total 42.48s
(T) | Epoch=632, loss=7.0270, c=1.998618, this 0.06s, total 42.54s
+++ model saved ! ./pre_trained_gnn/CiteSeer.GRACE.GAT.curv_2p0000.hyp_True.False.20251007-005102-475474.pth
(T) | Epoch=633, loss=7.0302, c=1.998619, this 0.08s, total 42.61s
(T) | Epoch=634, loss=7.0310, c=1.998619, this 0.06s, total 42.67s
(T) | Epoch=635, loss=7.0294, c=1.998616, this 0.06s, total 42.73s
(T) | Epoch=636, loss=7.0262, c=1.998613, this 0.06s, total 42.79s
+++ model saved ! ./pre_trained_gnn/CiteSeer.GRACE.GAT.curv_2p0000.hyp_True.False.20251007-005102-475474.pth
(T) | Epoch=637, loss=7.0280, c=1.998610, this 0.08s, total 42.87s
(T) | Epoch=638, loss=7.0262, c=1.998610, this 0.06s, total 42.93s
(T) | Epoch=639, loss=7.0316, c=1.998610, this 0.06s, total 42.99s
(T) | Epoch=640, loss=7.0288, c=1.998611, this 0.06s, total 43.05s
(T) | Epoch=641, loss=7.0292, c=1.998610, this 0.06s, total 43.11s
(T) | Epoch=642, loss=7.0279, c=1.998610, this 0.06s, total 43.18s
(T) | Epoch=643, loss=7.0323, c=1.998609, this 0.06s, total 43.24s
(T) | Epoch=644, loss=7.0266, c=1.998607, this 0.06s, total 43.30s
(T) | Epoch=645, loss=7.0292, c=1.998606, this 0.06s, total 43.36s
(T) | Epoch=646, loss=7.0313, c=1.998605, this 0.06s, total 43.42s
(T) | Epoch=647, loss=7.0327, c=1.998605, this 0.06s, total 43.48s
(T) | Epoch=648, loss=7.0302, c=1.998604, this 0.06s, total 43.54s
(T) | Epoch=649, loss=7.0360, c=1.998604, this 0.06s, total 43.60s
(T) | Epoch=650, loss=7.0284, c=1.998604, this 0.06s, total 43.66s
(T) | Epoch=651, loss=7.0341, c=1.998602, this 0.06s, total 43.72s
(T) | Epoch=652, loss=7.0293, c=1.998601, this 0.06s, total 43.78s
(T) | Epoch=653, loss=7.0275, c=1.998600, this 0.06s, total 43.84s
(T) | Epoch=654, loss=7.0264, c=1.998601, this 0.06s, total 43.90s
(T) | Epoch=655, loss=7.0285, c=1.998600, this 0.06s, total 43.96s
(T) | Epoch=656, loss=7.0302, c=1.998599, this 0.06s, total 44.02s
(T) | Epoch=657, loss=7.0270, c=1.998597, this 0.06s, total 44.08s
(T) | Epoch=658, loss=7.0279, c=1.998595, this 0.06s, total 44.14s
(T) | Epoch=659, loss=7.0261, c=1.998595, this 0.06s, total 44.20s
+++ model saved ! ./pre_trained_gnn/CiteSeer.GRACE.GAT.curv_2p0000.hyp_True.False.20251007-005102-475474.pth
(T) | Epoch=660, loss=7.0270, c=1.998594, this 0.08s, total 44.28s
(T) | Epoch=661, loss=7.0309, c=1.998595, this 0.06s, total 44.34s
(T) | Epoch=662, loss=7.0273, c=1.998595, this 0.06s, total 44.40s
(T) | Epoch=663, loss=7.0269, c=1.998595, this 0.06s, total 44.46s
(T) | Epoch=664, loss=7.0240, c=1.998593, this 0.06s, total 44.52s
+++ model saved ! ./pre_trained_gnn/CiteSeer.GRACE.GAT.curv_2p0000.hyp_True.False.20251007-005102-475474.pth
(T) | Epoch=665, loss=7.0241, c=1.998591, this 0.08s, total 44.60s
(T) | Epoch=666, loss=7.0257, c=1.998590, this 0.06s, total 44.66s
(T) | Epoch=667, loss=7.0270, c=1.998590, this 0.06s, total 44.72s
(T) | Epoch=668, loss=7.0273, c=1.998590, this 0.06s, total 44.78s
(T) | Epoch=669, loss=7.0266, c=1.998589, this 0.06s, total 44.84s
(T) | Epoch=670, loss=7.0338, c=1.998587, this 0.06s, total 44.90s
(T) | Epoch=671, loss=7.0281, c=1.998585, this 0.06s, total 44.96s
(T) | Epoch=672, loss=7.0283, c=1.998585, this 0.06s, total 45.02s
(T) | Epoch=673, loss=7.0221, c=1.998585, this 0.06s, total 45.08s
+++ model saved ! ./pre_trained_gnn/CiteSeer.GRACE.GAT.curv_2p0000.hyp_True.False.20251007-005102-475474.pth
(T) | Epoch=674, loss=7.0240, c=1.998585, this 0.08s, total 45.16s
(T) | Epoch=675, loss=7.0243, c=1.998585, this 0.06s, total 45.22s
(T) | Epoch=676, loss=7.0209, c=1.998585, this 0.06s, total 45.28s
+++ model saved ! ./pre_trained_gnn/CiteSeer.GRACE.GAT.curv_2p0000.hyp_True.False.20251007-005102-475474.pth
(T) | Epoch=677, loss=7.0249, c=1.998583, this 0.08s, total 45.36s
(T) | Epoch=678, loss=7.0241, c=1.998581, this 0.06s, total 45.42s
(T) | Epoch=679, loss=7.0308, c=1.998579, this 0.06s, total 45.48s
(T) | Epoch=680, loss=7.0295, c=1.998578, this 0.06s, total 45.54s
(T) | Epoch=681, loss=7.0245, c=1.998578, this 0.06s, total 45.60s
(T) | Epoch=682, loss=7.0293, c=1.998579, this 0.06s, total 45.66s
(T) | Epoch=683, loss=7.0202, c=1.998580, this 0.06s, total 45.72s
+++ model saved ! ./pre_trained_gnn/CiteSeer.GRACE.GAT.curv_2p0000.hyp_True.False.20251007-005102-475474.pth
(T) | Epoch=684, loss=7.0254, c=1.998579, this 0.08s, total 45.80s
(T) | Epoch=685, loss=7.0298, c=1.998577, this 0.06s, total 45.86s
(T) | Epoch=686, loss=7.0206, c=1.998575, this 0.06s, total 45.92s
(T) | Epoch=687, loss=7.0297, c=1.998572, this 0.06s, total 45.98s
(T) | Epoch=688, loss=7.0274, c=1.998572, this 0.06s, total 46.04s
(T) | Epoch=689, loss=7.0281, c=1.998572, this 0.06s, total 46.10s
(T) | Epoch=690, loss=7.0224, c=1.998574, this 0.06s, total 46.16s
(T) | Epoch=691, loss=7.0255, c=1.998574, this 0.06s, total 46.22s
(T) | Epoch=692, loss=7.0288, c=1.998572, this 0.06s, total 46.28s
(T) | Epoch=693, loss=7.0278, c=1.998571, this 0.06s, total 46.34s
(T) | Epoch=694, loss=7.0300, c=1.998569, this 0.06s, total 46.41s
(T) | Epoch=695, loss=7.0262, c=1.998568, this 0.06s, total 46.47s
(T) | Epoch=696, loss=7.0228, c=1.998568, this 0.06s, total 46.53s
(T) | Epoch=697, loss=7.0275, c=1.998568, this 0.06s, total 46.59s
(T) | Epoch=698, loss=7.0309, c=1.998567, this 0.06s, total 46.65s
(T) | Epoch=699, loss=7.0279, c=1.998566, this 0.06s, total 46.71s
(T) | Epoch=700, loss=7.0226, c=1.998566, this 0.06s, total 46.77s
(T) | Epoch=701, loss=7.0254, c=1.998564, this 0.06s, total 46.83s
(T) | Epoch=702, loss=7.0265, c=1.998563, this 0.06s, total 46.89s
(T) | Epoch=703, loss=7.0272, c=1.998562, this 0.06s, total 46.95s
(T) | Epoch=704, loss=7.0246, c=1.998562, this 0.06s, total 47.01s
(T) | Epoch=705, loss=7.0231, c=1.998562, this 0.06s, total 47.07s
(T) | Epoch=706, loss=7.0252, c=1.998561, this 0.06s, total 47.13s
(T) | Epoch=707, loss=7.0208, c=1.998561, this 0.06s, total 47.19s
(T) | Epoch=708, loss=7.0210, c=1.998560, this 0.06s, total 47.25s
(T) | Epoch=709, loss=7.0257, c=1.998558, this 0.06s, total 47.31s
(T) | Epoch=710, loss=7.0226, c=1.998556, this 0.06s, total 47.38s
(T) | Epoch=711, loss=7.0294, c=1.998554, this 0.06s, total 47.44s
(T) | Epoch=712, loss=7.0201, c=1.998554, this 0.06s, total 47.50s
+++ model saved ! ./pre_trained_gnn/CiteSeer.GRACE.GAT.curv_2p0000.hyp_True.False.20251007-005102-475474.pth
(T) | Epoch=713, loss=7.0165, c=1.998556, this 0.08s, total 47.57s
+++ model saved ! ./pre_trained_gnn/CiteSeer.GRACE.GAT.curv_2p0000.hyp_True.False.20251007-005102-475474.pth
(T) | Epoch=714, loss=7.0246, c=1.998557, this 0.08s, total 47.65s
(T) | Epoch=715, loss=7.0220, c=1.998557, this 0.06s, total 47.71s
(T) | Epoch=716, loss=7.0155, c=1.998555, this 0.06s, total 47.77s
+++ model saved ! ./pre_trained_gnn/CiteSeer.GRACE.GAT.curv_2p0000.hyp_True.False.20251007-005102-475474.pth
(T) | Epoch=717, loss=7.0226, c=1.998552, this 0.08s, total 47.85s
(T) | Epoch=718, loss=7.0266, c=1.998549, this 0.06s, total 47.91s
(T) | Epoch=719, loss=7.0300, c=1.998547, this 0.06s, total 47.97s
(T) | Epoch=720, loss=7.0238, c=1.998547, this 0.06s, total 48.03s
(T) | Epoch=721, loss=7.0254, c=1.998549, this 0.06s, total 48.09s
(T) | Epoch=722, loss=7.0301, c=1.998550, this 0.06s, total 48.15s
(T) | Epoch=723, loss=7.0236, c=1.998549, this 0.06s, total 48.21s
(T) | Epoch=724, loss=7.0210, c=1.998547, this 0.06s, total 48.27s
(T) | Epoch=725, loss=7.0201, c=1.998546, this 0.06s, total 48.33s
(T) | Epoch=726, loss=7.0238, c=1.998544, this 0.06s, total 48.39s
(T) | Epoch=727, loss=7.0181, c=1.998542, this 0.06s, total 48.45s
(T) | Epoch=728, loss=7.0193, c=1.998542, this 0.06s, total 48.51s
(T) | Epoch=729, loss=7.0225, c=1.998542, this 0.06s, total 48.58s
(T) | Epoch=730, loss=7.0171, c=1.998542, this 0.06s, total 48.64s
(T) | Epoch=731, loss=7.0258, c=1.998541, this 0.06s, total 48.70s
(T) | Epoch=732, loss=7.0178, c=1.998540, this 0.06s, total 48.76s
(T) | Epoch=733, loss=7.0207, c=1.998539, this 0.06s, total 48.82s
(T) | Epoch=734, loss=7.0184, c=1.998538, this 0.06s, total 48.88s
(T) | Epoch=735, loss=7.0192, c=1.998537, this 0.06s, total 48.94s
(T) | Epoch=736, loss=7.0208, c=1.998536, this 0.06s, total 49.00s
(T) | Epoch=737, loss=7.0172, c=1.998536, this 0.06s, total 49.06s
(T) | Epoch=738, loss=7.0147, c=1.998535, this 0.06s, total 49.12s
+++ model saved ! ./pre_trained_gnn/CiteSeer.GRACE.GAT.curv_2p0000.hyp_True.False.20251007-005102-475474.pth
(T) | Epoch=739, loss=7.0199, c=1.998534, this 0.08s, total 49.20s
(T) | Epoch=740, loss=7.0174, c=1.998533, this 0.06s, total 49.26s
(T) | Epoch=741, loss=7.0197, c=1.998533, this 0.06s, total 49.32s
(T) | Epoch=742, loss=7.0133, c=1.998533, this 0.06s, total 49.38s
+++ model saved ! ./pre_trained_gnn/CiteSeer.GRACE.GAT.curv_2p0000.hyp_True.False.20251007-005102-475474.pth
(T) | Epoch=743, loss=7.0234, c=1.998532, this 0.08s, total 49.46s
(T) | Epoch=744, loss=7.0111, c=1.998531, this 0.06s, total 49.52s
+++ model saved ! ./pre_trained_gnn/CiteSeer.GRACE.GAT.curv_2p0000.hyp_True.False.20251007-005102-475474.pth
(T) | Epoch=745, loss=7.0163, c=1.998530, this 0.08s, total 49.59s
(T) | Epoch=746, loss=7.0231, c=1.998528, this 0.06s, total 49.65s
(T) | Epoch=747, loss=7.0160, c=1.998528, this 0.06s, total 49.71s
(T) | Epoch=748, loss=7.0208, c=1.998529, this 0.06s, total 49.77s
(T) | Epoch=749, loss=7.0201, c=1.998529, this 0.06s, total 49.83s
(T) | Epoch=750, loss=7.0159, c=1.998528, this 0.06s, total 49.89s
(T) | Epoch=751, loss=7.0155, c=1.998528, this 0.06s, total 49.96s
(T) | Epoch=752, loss=7.0108, c=1.998528, this 0.06s, total 50.02s
+++ model saved ! ./pre_trained_gnn/CiteSeer.GRACE.GAT.curv_2p0000.hyp_True.False.20251007-005102-475474.pth
(T) | Epoch=753, loss=7.0175, c=1.998527, this 0.08s, total 50.09s
(T) | Epoch=754, loss=7.0188, c=1.998525, this 0.06s, total 50.15s
(T) | Epoch=755, loss=7.0193, c=1.998524, this 0.06s, total 50.21s
(T) | Epoch=756, loss=7.0133, c=1.998523, this 0.06s, total 50.28s
(T) | Epoch=757, loss=7.0177, c=1.998523, this 0.06s, total 50.34s
(T) | Epoch=758, loss=7.0187, c=1.998523, this 0.06s, total 50.40s
(T) | Epoch=759, loss=7.0158, c=1.998524, this 0.06s, total 50.46s
(T) | Epoch=760, loss=7.0135, c=1.998523, this 0.06s, total 50.52s
(T) | Epoch=761, loss=7.0205, c=1.998522, this 0.06s, total 50.58s
(T) | Epoch=762, loss=7.0167, c=1.998521, this 0.06s, total 50.64s
(T) | Epoch=763, loss=7.0174, c=1.998520, this 0.06s, total 50.70s
(T) | Epoch=764, loss=7.0150, c=1.998520, this 0.06s, total 50.76s
(T) | Epoch=765, loss=7.0185, c=1.998519, this 0.06s, total 50.82s
(T) | Epoch=766, loss=7.0156, c=1.998520, this 0.06s, total 50.88s
(T) | Epoch=767, loss=7.0196, c=1.998519, this 0.06s, total 50.94s
(T) | Epoch=768, loss=7.0228, c=1.998518, this 0.06s, total 51.00s
(T) | Epoch=769, loss=7.0147, c=1.998517, this 0.06s, total 51.06s
(T) | Epoch=770, loss=7.0130, c=1.998516, this 0.06s, total 51.12s
(T) | Epoch=771, loss=7.0149, c=1.998516, this 0.06s, total 51.19s
(T) | Epoch=772, loss=7.0167, c=1.998515, this 0.06s, total 51.25s
(T) | Epoch=773, loss=7.0133, c=1.998515, this 0.06s, total 51.31s
(T) | Epoch=774, loss=7.0188, c=1.998515, this 0.06s, total 51.37s
(T) | Epoch=775, loss=7.0152, c=1.998514, this 0.06s, total 51.43s
(T) | Epoch=776, loss=7.0136, c=1.998513, this 0.06s, total 51.49s
(T) | Epoch=777, loss=7.0137, c=1.998513, this 0.06s, total 51.55s
(T) | Epoch=778, loss=7.0198, c=1.998513, this 0.06s, total 51.61s
(T) | Epoch=779, loss=7.0165, c=1.998512, this 0.06s, total 51.67s
(T) | Epoch=780, loss=7.0148, c=1.998511, this 0.06s, total 51.73s
(T) | Epoch=781, loss=7.0119, c=1.998510, this 0.06s, total 51.79s
(T) | Epoch=782, loss=7.0166, c=1.998509, this 0.06s, total 51.85s
(T) | Epoch=783, loss=7.0174, c=1.998509, this 0.06s, total 51.91s
(T) | Epoch=784, loss=7.0126, c=1.998508, this 0.06s, total 51.97s
(T) | Epoch=785, loss=7.0119, c=1.998508, this 0.06s, total 52.03s
(T) | Epoch=786, loss=7.0168, c=1.998507, this 0.06s, total 52.09s
(T) | Epoch=787, loss=7.0123, c=1.998507, this 0.06s, total 52.15s
(T) | Epoch=788, loss=7.0087, c=1.998507, this 0.06s, total 52.22s
+++ model saved ! ./pre_trained_gnn/CiteSeer.GRACE.GAT.curv_2p0000.hyp_True.False.20251007-005102-475474.pth
(T) | Epoch=789, loss=7.0124, c=1.998507, this 0.08s, total 52.29s
(T) | Epoch=790, loss=7.0123, c=1.998506, this 0.06s, total 52.35s
(T) | Epoch=791, loss=7.0130, c=1.998505, this 0.06s, total 52.41s
(T) | Epoch=792, loss=7.0184, c=1.998503, this 0.06s, total 52.47s
(T) | Epoch=793, loss=7.0173, c=1.998501, this 0.06s, total 52.54s
(T) | Epoch=794, loss=7.0158, c=1.998501, this 0.06s, total 52.60s
(T) | Epoch=795, loss=7.0220, c=1.998501, this 0.06s, total 52.66s
(T) | Epoch=796, loss=7.0094, c=1.998502, this 0.06s, total 52.72s
(T) | Epoch=797, loss=7.0142, c=1.998502, this 0.06s, total 52.78s
(T) | Epoch=798, loss=7.0205, c=1.998501, this 0.06s, total 52.84s
(T) | Epoch=799, loss=7.0165, c=1.998499, this 0.06s, total 52.90s
(T) | Epoch=800, loss=7.0132, c=1.998496, this 0.06s, total 52.96s
(T) | Epoch=801, loss=7.0178, c=1.998494, this 0.06s, total 53.02s
(T) | Epoch=802, loss=7.0174, c=1.998495, this 0.06s, total 53.08s
(T) | Epoch=803, loss=7.0186, c=1.998496, this 0.06s, total 53.14s
(T) | Epoch=804, loss=7.0105, c=1.998498, this 0.06s, total 53.20s
(T) | Epoch=805, loss=7.0185, c=1.998497, this 0.06s, total 53.26s
(T) | Epoch=806, loss=7.0130, c=1.998496, this 0.06s, total 53.32s
(T) | Epoch=807, loss=7.0122, c=1.998493, this 0.06s, total 53.39s
(T) | Epoch=808, loss=7.0154, c=1.998492, this 0.06s, total 53.45s
(T) | Epoch=809, loss=7.0132, c=1.998491, this 0.06s, total 53.51s
(T) | Epoch=810, loss=7.0118, c=1.998491, this 0.06s, total 53.57s
(T) | Epoch=811, loss=7.0131, c=1.998492, this 0.06s, total 53.63s
(T) | Epoch=812, loss=7.0189, c=1.998492, this 0.06s, total 53.69s
(T) | Epoch=813, loss=7.0117, c=1.998491, this 0.06s, total 53.75s
(T) | Epoch=814, loss=7.0162, c=1.998489, this 0.06s, total 53.81s
(T) | Epoch=815, loss=7.0116, c=1.998488, this 0.06s, total 53.87s
(T) | Epoch=816, loss=7.0182, c=1.998487, this 0.06s, total 53.93s
(T) | Epoch=817, loss=7.0138, c=1.998487, this 0.06s, total 53.99s
(T) | Epoch=818, loss=7.0156, c=1.998486, this 0.06s, total 54.05s
(T) | Epoch=819, loss=7.0120, c=1.998486, this 0.06s, total 54.11s
(T) | Epoch=820, loss=7.0164, c=1.998486, this 0.06s, total 54.17s
(T) | Epoch=821, loss=7.0099, c=1.998485, this 0.06s, total 54.24s
(T) | Epoch=822, loss=7.0154, c=1.998483, this 0.06s, total 54.30s
(T) | Epoch=823, loss=7.0140, c=1.998482, this 0.06s, total 54.36s
(T) | Epoch=824, loss=7.0105, c=1.998481, this 0.06s, total 54.42s
(T) | Epoch=825, loss=7.0040, c=1.998481, this 0.06s, total 54.48s
+++ model saved ! ./pre_trained_gnn/CiteSeer.GRACE.GAT.curv_2p0000.hyp_True.False.20251007-005102-475474.pth
(T) | Epoch=826, loss=7.0118, c=1.998481, this 0.08s, total 54.55s
(T) | Epoch=827, loss=7.0185, c=1.998481, this 0.06s, total 54.62s
(T) | Epoch=828, loss=7.0099, c=1.998481, this 0.06s, total 54.68s
(T) | Epoch=829, loss=7.0074, c=1.998480, this 0.06s, total 54.74s
(T) | Epoch=830, loss=7.0085, c=1.998479, this 0.06s, total 54.80s
(T) | Epoch=831, loss=7.0152, c=1.998478, this 0.06s, total 54.86s
(T) | Epoch=832, loss=7.0119, c=1.998477, this 0.06s, total 54.92s
(T) | Epoch=833, loss=7.0099, c=1.998476, this 0.06s, total 54.98s
(T) | Epoch=834, loss=7.0122, c=1.998476, this 0.06s, total 55.04s
(T) | Epoch=835, loss=7.0091, c=1.998476, this 0.06s, total 55.10s
(T) | Epoch=836, loss=7.0078, c=1.998476, this 0.06s, total 55.16s
(T) | Epoch=837, loss=7.0092, c=1.998474, this 0.06s, total 55.22s
(T) | Epoch=838, loss=7.0131, c=1.998473, this 0.06s, total 55.28s
(T) | Epoch=839, loss=7.0085, c=1.998472, this 0.06s, total 55.35s
(T) | Epoch=840, loss=7.0073, c=1.998471, this 0.06s, total 55.41s
(T) | Epoch=841, loss=7.0139, c=1.998471, this 0.06s, total 55.47s
(T) | Epoch=842, loss=7.0112, c=1.998470, this 0.06s, total 55.53s
(T) | Epoch=843, loss=7.0068, c=1.998470, this 0.06s, total 55.59s
(T) | Epoch=844, loss=7.0120, c=1.998469, this 0.06s, total 55.65s
(T) | Epoch=845, loss=7.0088, c=1.998468, this 0.06s, total 55.71s
(T) | Epoch=846, loss=7.0088, c=1.998467, this 0.06s, total 55.77s
(T) | Epoch=847, loss=7.0122, c=1.998466, this 0.06s, total 55.83s
(T) | Epoch=848, loss=7.0146, c=1.998466, this 0.06s, total 55.89s
(T) | Epoch=849, loss=7.0137, c=1.998465, this 0.06s, total 55.95s
(T) | Epoch=850, loss=7.0107, c=1.998465, this 0.06s, total 56.01s
(T) | Epoch=851, loss=7.0093, c=1.998465, this 0.06s, total 56.08s
(T) | Epoch=852, loss=7.0108, c=1.998464, this 0.06s, total 56.14s
(T) | Epoch=853, loss=7.0075, c=1.998464, this 0.06s, total 56.20s
(T) | Epoch=854, loss=7.0108, c=1.998463, this 0.06s, total 56.26s
(T) | Epoch=855, loss=7.0128, c=1.998461, this 0.06s, total 56.32s
(T) | Epoch=856, loss=7.0065, c=1.998459, this 0.06s, total 56.38s
(T) | Epoch=857, loss=7.0085, c=1.998458, this 0.06s, total 56.44s
(T) | Epoch=858, loss=7.0104, c=1.998458, this 0.06s, total 56.50s
(T) | Epoch=859, loss=7.0102, c=1.998460, this 0.06s, total 56.56s
(T) | Epoch=860, loss=7.0096, c=1.998460, this 0.06s, total 56.62s
(T) | Epoch=861, loss=7.0109, c=1.998459, this 0.06s, total 56.68s
(T) | Epoch=862, loss=7.0095, c=1.998457, this 0.06s, total 56.75s
(T) | Epoch=863, loss=7.0113, c=1.998455, this 0.06s, total 56.81s
(T) | Epoch=864, loss=7.0092, c=1.998454, this 0.06s, total 56.87s
(T) | Epoch=865, loss=7.0092, c=1.998454, this 0.06s, total 56.93s
(T) | Epoch=866, loss=7.0054, c=1.998454, this 0.06s, total 56.99s
(T) | Epoch=867, loss=7.0083, c=1.998453, this 0.06s, total 57.05s
(T) | Epoch=868, loss=7.0086, c=1.998453, this 0.06s, total 57.11s
(T) | Epoch=869, loss=7.0085, c=1.998452, this 0.06s, total 57.17s
(T) | Epoch=870, loss=7.0033, c=1.998451, this 0.06s, total 57.23s
+++ model saved ! ./pre_trained_gnn/CiteSeer.GRACE.GAT.curv_2p0000.hyp_True.False.20251007-005102-475474.pth
(T) | Epoch=871, loss=7.0049, c=1.998450, this 0.08s, total 57.31s
(T) | Epoch=872, loss=7.0060, c=1.998449, this 0.06s, total 57.37s
(T) | Epoch=873, loss=7.0066, c=1.998448, this 0.06s, total 57.43s
(T) | Epoch=874, loss=7.0128, c=1.998449, this 0.06s, total 57.49s
(T) | Epoch=875, loss=7.0032, c=1.998448, this 0.06s, total 57.55s
+++ model saved ! ./pre_trained_gnn/CiteSeer.GRACE.GAT.curv_2p0000.hyp_True.False.20251007-005102-475474.pth
(T) | Epoch=876, loss=7.0104, c=1.998448, this 0.08s, total 57.63s
(T) | Epoch=877, loss=7.0066, c=1.998447, this 0.06s, total 57.69s
(T) | Epoch=878, loss=7.0093, c=1.998445, this 0.06s, total 57.75s
(T) | Epoch=879, loss=7.0070, c=1.998444, this 0.06s, total 57.81s
(T) | Epoch=880, loss=7.0088, c=1.998443, this 0.06s, total 57.87s
(T) | Epoch=881, loss=7.0088, c=1.998444, this 0.06s, total 57.93s
(T) | Epoch=882, loss=7.0097, c=1.998444, this 0.06s, total 57.99s
(T) | Epoch=883, loss=7.0069, c=1.998444, this 0.06s, total 58.05s
(T) | Epoch=884, loss=7.0078, c=1.998443, this 0.06s, total 58.11s
(T) | Epoch=885, loss=7.0040, c=1.998442, this 0.06s, total 58.17s
(T) | Epoch=886, loss=7.0074, c=1.998441, this 0.06s, total 58.24s
(T) | Epoch=887, loss=7.0092, c=1.998439, this 0.06s, total 58.30s
(T) | Epoch=888, loss=7.0085, c=1.998439, this 0.06s, total 58.36s
(T) | Epoch=889, loss=7.0072, c=1.998439, this 0.06s, total 58.42s
(T) | Epoch=890, loss=7.0078, c=1.998440, this 0.06s, total 58.48s
(T) | Epoch=891, loss=7.0073, c=1.998439, this 0.06s, total 58.54s
(T) | Epoch=892, loss=7.0048, c=1.998438, this 0.06s, total 58.60s
(T) | Epoch=893, loss=7.0029, c=1.998437, this 0.06s, total 58.66s
+++ model saved ! ./pre_trained_gnn/CiteSeer.GRACE.GAT.curv_2p0000.hyp_True.False.20251007-005102-475474.pth
(T) | Epoch=894, loss=7.0097, c=1.998436, this 0.08s, total 58.74s
(T) | Epoch=895, loss=7.0038, c=1.998435, this 0.06s, total 58.80s
(T) | Epoch=896, loss=7.0048, c=1.998435, this 0.06s, total 58.86s
(T) | Epoch=897, loss=7.0054, c=1.998435, this 0.06s, total 58.92s
(T) | Epoch=898, loss=7.0042, c=1.998435, this 0.06s, total 58.98s
(T) | Epoch=899, loss=7.0024, c=1.998435, this 0.06s, total 59.04s
+++ model saved ! ./pre_trained_gnn/CiteSeer.GRACE.GAT.curv_2p0000.hyp_True.False.20251007-005102-475474.pth
(T) | Epoch=900, loss=7.0062, c=1.998434, this 0.08s, total 59.12s
(T) | Epoch=901, loss=7.0053, c=1.998432, this 0.06s, total 59.18s
(T) | Epoch=902, loss=7.0084, c=1.998431, this 0.06s, total 59.24s
(T) | Epoch=903, loss=7.0076, c=1.998430, this 0.06s, total 59.30s
(T) | Epoch=904, loss=7.0050, c=1.998430, this 0.06s, total 59.36s
(T) | Epoch=905, loss=7.0036, c=1.998430, this 0.06s, total 59.42s
(T) | Epoch=906, loss=7.0077, c=1.998430, this 0.06s, total 59.48s
(T) | Epoch=907, loss=7.0012, c=1.998430, this 0.06s, total 59.54s
+++ model saved ! ./pre_trained_gnn/CiteSeer.GRACE.GAT.curv_2p0000.hyp_True.False.20251007-005102-475474.pth
(T) | Epoch=908, loss=7.0068, c=1.998429, this 0.08s, total 59.62s
(T) | Epoch=909, loss=7.0012, c=1.998428, this 0.06s, total 59.68s
+++ model saved ! ./pre_trained_gnn/CiteSeer.GRACE.GAT.curv_2p0000.hyp_True.False.20251007-005102-475474.pth
(T) | Epoch=910, loss=7.0034, c=1.998426, this 0.08s, total 59.75s
(T) | Epoch=911, loss=7.0075, c=1.998425, this 0.06s, total 59.81s
(T) | Epoch=912, loss=7.0066, c=1.998425, this 0.06s, total 59.88s
(T) | Epoch=913, loss=7.0027, c=1.998425, this 0.06s, total 59.94s
(T) | Epoch=914, loss=7.0087, c=1.998424, this 0.06s, total 60.00s
(T) | Epoch=915, loss=7.0068, c=1.998424, this 0.06s, total 60.06s
(T) | Epoch=916, loss=7.0079, c=1.998423, this 0.06s, total 60.12s
(T) | Epoch=917, loss=7.0002, c=1.998422, this 0.06s, total 60.18s
+++ model saved ! ./pre_trained_gnn/CiteSeer.GRACE.GAT.curv_2p0000.hyp_True.False.20251007-005102-475474.pth
(T) | Epoch=918, loss=7.0046, c=1.998421, this 0.08s, total 60.26s
(T) | Epoch=919, loss=7.0055, c=1.998421, this 0.06s, total 60.32s
(T) | Epoch=920, loss=7.0031, c=1.998421, this 0.06s, total 60.38s
(T) | Epoch=921, loss=7.0028, c=1.998421, this 0.06s, total 60.44s
(T) | Epoch=922, loss=7.0019, c=1.998421, this 0.06s, total 60.50s
(T) | Epoch=923, loss=7.0065, c=1.998420, this 0.06s, total 60.56s
(T) | Epoch=924, loss=7.0011, c=1.998418, this 0.06s, total 60.62s
(T) | Epoch=925, loss=7.0041, c=1.998417, this 0.06s, total 60.68s
(T) | Epoch=926, loss=7.0060, c=1.998416, this 0.06s, total 60.74s
(T) | Epoch=927, loss=7.0002, c=1.998416, this 0.06s, total 60.80s
(T) | Epoch=928, loss=7.0057, c=1.998417, this 0.06s, total 60.86s
(T) | Epoch=929, loss=7.0073, c=1.998417, this 0.06s, total 60.92s
(T) | Epoch=930, loss=7.0018, c=1.998416, this 0.06s, total 60.98s
(T) | Epoch=931, loss=7.0051, c=1.998415, this 0.06s, total 61.05s
(T) | Epoch=932, loss=7.0050, c=1.998413, this 0.06s, total 61.11s
(T) | Epoch=933, loss=7.0007, c=1.998411, this 0.06s, total 61.17s
(T) | Epoch=934, loss=7.0033, c=1.998410, this 0.06s, total 61.23s
(T) | Epoch=935, loss=7.0080, c=1.998410, this 0.06s, total 61.29s
(T) | Epoch=936, loss=7.0062, c=1.998410, this 0.06s, total 61.35s
(T) | Epoch=937, loss=7.0087, c=1.998411, this 0.06s, total 61.41s
(T) | Epoch=938, loss=6.9998, c=1.998411, this 0.06s, total 61.47s
+++ model saved ! ./pre_trained_gnn/CiteSeer.GRACE.GAT.curv_2p0000.hyp_True.False.20251007-005102-475474.pth
(T) | Epoch=939, loss=6.9992, c=1.998410, this 0.08s, total 61.55s
+++ model saved ! ./pre_trained_gnn/CiteSeer.GRACE.GAT.curv_2p0000.hyp_True.False.20251007-005102-475474.pth
(T) | Epoch=940, loss=7.0091, c=1.998408, this 0.08s, total 61.63s
(T) | Epoch=941, loss=7.0052, c=1.998406, this 0.06s, total 61.69s
(T) | Epoch=942, loss=7.0053, c=1.998405, this 0.06s, total 61.75s
(T) | Epoch=943, loss=7.0072, c=1.998405, this 0.06s, total 61.81s
(T) | Epoch=944, loss=7.0061, c=1.998405, this 0.06s, total 61.87s
(T) | Epoch=945, loss=7.0041, c=1.998405, this 0.06s, total 61.93s
(T) | Epoch=946, loss=7.0042, c=1.998404, this 0.06s, total 61.99s
(T) | Epoch=947, loss=6.9972, c=1.998403, this 0.06s, total 62.05s
+++ model saved ! ./pre_trained_gnn/CiteSeer.GRACE.GAT.curv_2p0000.hyp_True.False.20251007-005102-475474.pth
(T) | Epoch=948, loss=7.0023, c=1.998402, this 0.08s, total 62.13s
(T) | Epoch=949, loss=7.0036, c=1.998401, this 0.06s, total 62.19s
(T) | Epoch=950, loss=7.0018, c=1.998401, this 0.06s, total 62.25s
(T) | Epoch=951, loss=7.0014, c=1.998399, this 0.06s, total 62.31s
(T) | Epoch=952, loss=7.0013, c=1.998399, this 0.06s, total 62.37s
(T) | Epoch=953, loss=7.0040, c=1.998398, this 0.06s, total 62.43s
(T) | Epoch=954, loss=7.0017, c=1.998397, this 0.06s, total 62.49s
(T) | Epoch=955, loss=6.9996, c=1.998395, this 0.06s, total 62.55s
(T) | Epoch=956, loss=7.0028, c=1.998396, this 0.06s, total 62.62s
(T) | Epoch=957, loss=7.0076, c=1.998396, this 0.06s, total 62.68s
(T) | Epoch=958, loss=6.9996, c=1.998396, this 0.06s, total 62.74s
(T) | Epoch=959, loss=7.0093, c=1.998394, this 0.06s, total 62.80s
(T) | Epoch=960, loss=6.9945, c=1.998393, this 0.06s, total 62.86s
+++ model saved ! ./pre_trained_gnn/CiteSeer.GRACE.GAT.curv_2p0000.hyp_True.False.20251007-005102-475474.pth
(T) | Epoch=961, loss=7.0008, c=1.998393, this 0.08s, total 62.94s
(T) | Epoch=962, loss=7.0015, c=1.998392, this 0.06s, total 63.00s
(T) | Epoch=963, loss=7.0002, c=1.998392, this 0.06s, total 63.06s
(T) | Epoch=964, loss=7.0004, c=1.998392, this 0.06s, total 63.12s
(T) | Epoch=965, loss=7.0048, c=1.998390, this 0.06s, total 63.18s
(T) | Epoch=966, loss=6.9969, c=1.998389, this 0.06s, total 63.24s
(T) | Epoch=967, loss=7.0013, c=1.998388, this 0.06s, total 63.30s
(T) | Epoch=968, loss=6.9995, c=1.998388, this 0.06s, total 63.36s
(T) | Epoch=969, loss=6.9979, c=1.998387, this 0.06s, total 63.43s
(T) | Epoch=970, loss=7.0047, c=1.998387, this 0.06s, total 63.49s
(T) | Epoch=971, loss=7.0024, c=1.998387, this 0.06s, total 63.55s
(T) | Epoch=972, loss=7.0000, c=1.998387, this 0.06s, total 63.61s
(T) | Epoch=973, loss=6.9982, c=1.998386, this 0.06s, total 63.67s
(T) | Epoch=974, loss=6.9965, c=1.998385, this 0.06s, total 63.73s
(T) | Epoch=975, loss=6.9977, c=1.998384, this 0.06s, total 63.79s
(T) | Epoch=976, loss=6.9940, c=1.998383, this 0.06s, total 63.85s
+++ model saved ! ./pre_trained_gnn/CiteSeer.GRACE.GAT.curv_2p0000.hyp_True.False.20251007-005102-475474.pth
(T) | Epoch=977, loss=7.0048, c=1.998382, this 0.08s, total 63.93s
(T) | Epoch=978, loss=6.9945, c=1.998381, this 0.06s, total 63.99s
(T) | Epoch=979, loss=6.9952, c=1.998381, this 0.06s, total 64.05s
(T) | Epoch=980, loss=6.9977, c=1.998380, this 0.06s, total 64.11s
(T) | Epoch=981, loss=6.9993, c=1.998380, this 0.06s, total 64.18s
(T) | Epoch=982, loss=7.0033, c=1.998380, this 0.06s, total 64.24s
(T) | Epoch=983, loss=7.0021, c=1.998380, this 0.06s, total 64.30s
(T) | Epoch=984, loss=6.9968, c=1.998379, this 0.06s, total 64.36s
(T) | Epoch=985, loss=6.9988, c=1.998378, this 0.06s, total 64.42s
(T) | Epoch=986, loss=7.0020, c=1.998376, this 0.06s, total 64.48s
(T) | Epoch=987, loss=6.9965, c=1.998375, this 0.06s, total 64.54s
(T) | Epoch=988, loss=6.9985, c=1.998374, this 0.06s, total 64.60s
(T) | Epoch=989, loss=7.0002, c=1.998375, this 0.06s, total 64.66s
(T) | Epoch=990, loss=6.9950, c=1.998376, this 0.06s, total 64.72s
(T) | Epoch=991, loss=6.9995, c=1.998376, this 0.06s, total 64.78s
(T) | Epoch=992, loss=7.0006, c=1.998376, this 0.06s, total 64.84s
(T) | Epoch=993, loss=7.0027, c=1.998374, this 0.06s, total 64.90s
(T) | Epoch=994, loss=6.9937, c=1.998372, this 0.06s, total 64.97s
+++ model saved ! ./pre_trained_gnn/CiteSeer.GRACE.GAT.curv_2p0000.hyp_True.False.20251007-005102-475474.pth
(T) | Epoch=995, loss=6.9950, c=1.998371, this 0.08s, total 65.04s
(T) | Epoch=996, loss=6.9981, c=1.998371, this 0.06s, total 65.10s
(T) | Epoch=997, loss=6.9963, c=1.998371, this 0.06s, total 65.16s
(T) | Epoch=998, loss=6.9968, c=1.998372, this 0.06s, total 65.22s
(T) | Epoch=999, loss=6.9969, c=1.998371, this 0.06s, total 65.28s
(T) | Epoch=1000, loss=7.0015, c=1.998369, this 0.06s, total 65.35s
=== Final ===
[Main] Pretrained checkpoint written to: ./pre_trained_gnn/CiteSeer.GRACE.GAT.curv_2p0000.hyp_True.False.20251007-005102-475474.pth
