/mnt/data1/Graph/HypGraphLoRA
[Pretrain] Using Lorentz H^d with learnable curvature, init c=1.0
pre-training.
(T) | Epoch=001, loss=8.8024, c=0.999994, this 0.64s, total 0.64s
+++ model saved ! ./pre_trained_gnn/CiteSeer.GRACE.GAT.curv_1p0000.hyp_True.False.pth
(T) | Epoch=002, loss=8.8024, c=0.999987, this 0.09s, total 0.73s
+++ model saved ! ./pre_trained_gnn/CiteSeer.GRACE.GAT.curv_1p0000.hyp_True.False.pth
(T) | Epoch=003, loss=8.8024, c=0.999981, this 0.09s, total 0.82s
+++ model saved ! ./pre_trained_gnn/CiteSeer.GRACE.GAT.curv_1p0000.hyp_True.False.pth
(T) | Epoch=004, loss=8.8023, c=0.999975, this 0.08s, total 0.90s
+++ model saved ! ./pre_trained_gnn/CiteSeer.GRACE.GAT.curv_1p0000.hyp_True.False.pth
(T) | Epoch=005, loss=8.8023, c=0.999968, this 0.08s, total 0.98s
+++ model saved ! ./pre_trained_gnn/CiteSeer.GRACE.GAT.curv_1p0000.hyp_True.False.pth
(T) | Epoch=006, loss=8.8023, c=0.999962, this 0.08s, total 1.06s
+++ model saved ! ./pre_trained_gnn/CiteSeer.GRACE.GAT.curv_1p0000.hyp_True.False.pth
(T) | Epoch=007, loss=8.8022, c=0.999956, this 0.08s, total 1.14s
+++ model saved ! ./pre_trained_gnn/CiteSeer.GRACE.GAT.curv_1p0000.hyp_True.False.pth
(T) | Epoch=008, loss=8.8021, c=0.999949, this 0.08s, total 1.22s
+++ model saved ! ./pre_trained_gnn/CiteSeer.GRACE.GAT.curv_1p0000.hyp_True.False.pth
(T) | Epoch=009, loss=8.8021, c=0.999943, this 0.08s, total 1.30s
+++ model saved ! ./pre_trained_gnn/CiteSeer.GRACE.GAT.curv_1p0000.hyp_True.False.pth
(T) | Epoch=010, loss=8.8020, c=0.999936, this 0.08s, total 1.39s
+++ model saved ! ./pre_trained_gnn/CiteSeer.GRACE.GAT.curv_1p0000.hyp_True.False.pth
(T) | Epoch=011, loss=8.8019, c=0.999929, this 0.08s, total 1.47s
+++ model saved ! ./pre_trained_gnn/CiteSeer.GRACE.GAT.curv_1p0000.hyp_True.False.pth
(T) | Epoch=012, loss=8.8019, c=0.999923, this 0.08s, total 1.55s
+++ model saved ! ./pre_trained_gnn/CiteSeer.GRACE.GAT.curv_1p0000.hyp_True.False.pth
(T) | Epoch=013, loss=8.8018, c=0.999916, this 0.08s, total 1.63s
+++ model saved ! ./pre_trained_gnn/CiteSeer.GRACE.GAT.curv_1p0000.hyp_True.False.pth
(T) | Epoch=014, loss=8.8017, c=0.999909, this 0.08s, total 1.72s
+++ model saved ! ./pre_trained_gnn/CiteSeer.GRACE.GAT.curv_1p0000.hyp_True.False.pth
(T) | Epoch=015, loss=8.8016, c=0.999902, this 0.08s, total 1.80s
+++ model saved ! ./pre_trained_gnn/CiteSeer.GRACE.GAT.curv_1p0000.hyp_True.False.pth
(T) | Epoch=016, loss=8.8014, c=0.999895, this 0.08s, total 1.88s
+++ model saved ! ./pre_trained_gnn/CiteSeer.GRACE.GAT.curv_1p0000.hyp_True.False.pth
(T) | Epoch=017, loss=8.8013, c=0.999888, this 0.08s, total 1.96s
+++ model saved ! ./pre_trained_gnn/CiteSeer.GRACE.GAT.curv_1p0000.hyp_True.False.pth
(T) | Epoch=018, loss=8.8011, c=0.999881, this 0.08s, total 2.04s
+++ model saved ! ./pre_trained_gnn/CiteSeer.GRACE.GAT.curv_1p0000.hyp_True.False.pth
(T) | Epoch=019, loss=8.8009, c=0.999874, this 0.08s, total 2.12s
+++ model saved ! ./pre_trained_gnn/CiteSeer.GRACE.GAT.curv_1p0000.hyp_True.False.pth
(T) | Epoch=020, loss=8.8008, c=0.999867, this 0.08s, total 2.20s
+++ model saved ! ./pre_trained_gnn/CiteSeer.GRACE.GAT.curv_1p0000.hyp_True.False.pth
(T) | Epoch=021, loss=8.8006, c=0.999859, this 0.08s, total 2.28s
+++ model saved ! ./pre_trained_gnn/CiteSeer.GRACE.GAT.curv_1p0000.hyp_True.False.pth
(T) | Epoch=022, loss=8.8004, c=0.999852, this 0.08s, total 2.36s
+++ model saved ! ./pre_trained_gnn/CiteSeer.GRACE.GAT.curv_1p0000.hyp_True.False.pth
(T) | Epoch=023, loss=8.8000, c=0.999844, this 0.08s, total 2.44s
+++ model saved ! ./pre_trained_gnn/CiteSeer.GRACE.GAT.curv_1p0000.hyp_True.False.pth
(T) | Epoch=024, loss=8.7997, c=0.999837, this 0.08s, total 2.52s
+++ model saved ! ./pre_trained_gnn/CiteSeer.GRACE.GAT.curv_1p0000.hyp_True.False.pth
(T) | Epoch=025, loss=8.7994, c=0.999829, this 0.08s, total 2.60s
+++ model saved ! ./pre_trained_gnn/CiteSeer.GRACE.GAT.curv_1p0000.hyp_True.False.pth
(T) | Epoch=026, loss=8.7987, c=0.999821, this 0.08s, total 2.68s
+++ model saved ! ./pre_trained_gnn/CiteSeer.GRACE.GAT.curv_1p0000.hyp_True.False.pth
(T) | Epoch=027, loss=8.7984, c=0.999813, this 0.08s, total 2.76s
+++ model saved ! ./pre_trained_gnn/CiteSeer.GRACE.GAT.curv_1p0000.hyp_True.False.pth
(T) | Epoch=028, loss=8.7978, c=0.999805, this 0.08s, total 2.84s
+++ model saved ! ./pre_trained_gnn/CiteSeer.GRACE.GAT.curv_1p0000.hyp_True.False.pth
(T) | Epoch=029, loss=8.7972, c=0.999797, this 0.08s, total 2.92s
+++ model saved ! ./pre_trained_gnn/CiteSeer.GRACE.GAT.curv_1p0000.hyp_True.False.pth
(T) | Epoch=030, loss=8.7959, c=0.999789, this 0.08s, total 3.01s
+++ model saved ! ./pre_trained_gnn/CiteSeer.GRACE.GAT.curv_1p0000.hyp_True.False.pth
(T) | Epoch=031, loss=8.7948, c=0.999780, this 0.08s, total 3.09s
+++ model saved ! ./pre_trained_gnn/CiteSeer.GRACE.GAT.curv_1p0000.hyp_True.False.pth
(T) | Epoch=032, loss=8.7942, c=0.999772, this 0.08s, total 3.17s
+++ model saved ! ./pre_trained_gnn/CiteSeer.GRACE.GAT.curv_1p0000.hyp_True.False.pth
(T) | Epoch=033, loss=8.7923, c=0.999764, this 0.08s, total 3.25s
+++ model saved ! ./pre_trained_gnn/CiteSeer.GRACE.GAT.curv_1p0000.hyp_True.False.pth
(T) | Epoch=034, loss=8.7904, c=0.999755, this 0.08s, total 3.33s
+++ model saved ! ./pre_trained_gnn/CiteSeer.GRACE.GAT.curv_1p0000.hyp_True.False.pth
(T) | Epoch=035, loss=8.7895, c=0.999746, this 0.08s, total 3.41s
+++ model saved ! ./pre_trained_gnn/CiteSeer.GRACE.GAT.curv_1p0000.hyp_True.False.pth
(T) | Epoch=036, loss=8.7864, c=0.999738, this 0.08s, total 3.49s
+++ model saved ! ./pre_trained_gnn/CiteSeer.GRACE.GAT.curv_1p0000.hyp_True.False.pth
(T) | Epoch=037, loss=8.7846, c=0.999729, this 0.08s, total 3.57s
+++ model saved ! ./pre_trained_gnn/CiteSeer.GRACE.GAT.curv_1p0000.hyp_True.False.pth
(T) | Epoch=038, loss=8.7805, c=0.999720, this 0.08s, total 3.65s
+++ model saved ! ./pre_trained_gnn/CiteSeer.GRACE.GAT.curv_1p0000.hyp_True.False.pth
(T) | Epoch=039, loss=8.7759, c=0.999711, this 0.08s, total 3.73s
+++ model saved ! ./pre_trained_gnn/CiteSeer.GRACE.GAT.curv_1p0000.hyp_True.False.pth
(T) | Epoch=040, loss=8.7693, c=0.999702, this 0.08s, total 3.82s
+++ model saved ! ./pre_trained_gnn/CiteSeer.GRACE.GAT.curv_1p0000.hyp_True.False.pth
(T) | Epoch=041, loss=8.7625, c=0.999693, this 0.08s, total 3.90s
+++ model saved ! ./pre_trained_gnn/CiteSeer.GRACE.GAT.curv_1p0000.hyp_True.False.pth
(T) | Epoch=042, loss=8.7572, c=0.999684, this 0.08s, total 3.98s
+++ model saved ! ./pre_trained_gnn/CiteSeer.GRACE.GAT.curv_1p0000.hyp_True.False.pth
(T) | Epoch=043, loss=8.7462, c=0.999675, this 0.08s, total 4.06s
+++ model saved ! ./pre_trained_gnn/CiteSeer.GRACE.GAT.curv_1p0000.hyp_True.False.pth
(T) | Epoch=044, loss=8.7358, c=0.999666, this 0.08s, total 4.14s
+++ model saved ! ./pre_trained_gnn/CiteSeer.GRACE.GAT.curv_1p0000.hyp_True.False.pth
(T) | Epoch=045, loss=8.7218, c=0.999656, this 0.08s, total 4.22s
+++ model saved ! ./pre_trained_gnn/CiteSeer.GRACE.GAT.curv_1p0000.hyp_True.False.pth
(T) | Epoch=046, loss=8.7036, c=0.999647, this 0.08s, total 4.30s
+++ model saved ! ./pre_trained_gnn/CiteSeer.GRACE.GAT.curv_1p0000.hyp_True.False.pth
(T) | Epoch=047, loss=8.6808, c=0.999638, this 0.08s, total 4.37s
+++ model saved ! ./pre_trained_gnn/CiteSeer.GRACE.GAT.curv_1p0000.hyp_True.False.pth
(T) | Epoch=048, loss=8.6500, c=0.999628, this 0.08s, total 4.45s
+++ model saved ! ./pre_trained_gnn/CiteSeer.GRACE.GAT.curv_1p0000.hyp_True.False.pth
(T) | Epoch=049, loss=8.6217, c=0.999618, this 0.08s, total 4.53s
+++ model saved ! ./pre_trained_gnn/CiteSeer.GRACE.GAT.curv_1p0000.hyp_True.False.pth
(T) | Epoch=050, loss=8.5753, c=0.999609, this 0.08s, total 4.60s
+++ model saved ! ./pre_trained_gnn/CiteSeer.GRACE.GAT.curv_1p0000.hyp_True.False.pth
(T) | Epoch=051, loss=8.5354, c=0.999599, this 0.08s, total 4.68s
+++ model saved ! ./pre_trained_gnn/CiteSeer.GRACE.GAT.curv_1p0000.hyp_True.False.pth
(T) | Epoch=052, loss=8.4739, c=0.999589, this 0.08s, total 4.75s
+++ model saved ! ./pre_trained_gnn/CiteSeer.GRACE.GAT.curv_1p0000.hyp_True.False.pth
(T) | Epoch=053, loss=8.4138, c=0.999579, this 0.08s, total 4.83s
+++ model saved ! ./pre_trained_gnn/CiteSeer.GRACE.GAT.curv_1p0000.hyp_True.False.pth
(T) | Epoch=054, loss=8.3376, c=0.999569, this 0.08s, total 4.91s
+++ model saved ! ./pre_trained_gnn/CiteSeer.GRACE.GAT.curv_1p0000.hyp_True.False.pth
(T) | Epoch=055, loss=8.2624, c=0.999558, this 0.08s, total 4.98s
+++ model saved ! ./pre_trained_gnn/CiteSeer.GRACE.GAT.curv_1p0000.hyp_True.False.pth
(T) | Epoch=056, loss=8.1696, c=0.999548, this 0.08s, total 5.06s
+++ model saved ! ./pre_trained_gnn/CiteSeer.GRACE.GAT.curv_1p0000.hyp_True.False.pth
(T) | Epoch=057, loss=8.0915, c=0.999537, this 0.08s, total 5.13s
+++ model saved ! ./pre_trained_gnn/CiteSeer.GRACE.GAT.curv_1p0000.hyp_True.False.pth
(T) | Epoch=058, loss=8.0055, c=0.999527, this 0.08s, total 5.21s
+++ model saved ! ./pre_trained_gnn/CiteSeer.GRACE.GAT.curv_1p0000.hyp_True.False.pth
(T) | Epoch=059, loss=7.9292, c=0.999516, this 0.08s, total 5.29s
+++ model saved ! ./pre_trained_gnn/CiteSeer.GRACE.GAT.curv_1p0000.hyp_True.False.pth
(T) | Epoch=060, loss=7.8565, c=0.999505, this 0.08s, total 5.37s
+++ model saved ! ./pre_trained_gnn/CiteSeer.GRACE.GAT.curv_1p0000.hyp_True.False.pth
(T) | Epoch=061, loss=7.7997, c=0.999495, this 0.08s, total 5.44s
+++ model saved ! ./pre_trained_gnn/CiteSeer.GRACE.GAT.curv_1p0000.hyp_True.False.pth
(T) | Epoch=062, loss=7.7627, c=0.999485, this 0.08s, total 5.52s
+++ model saved ! ./pre_trained_gnn/CiteSeer.GRACE.GAT.curv_1p0000.hyp_True.False.pth
(T) | Epoch=063, loss=7.7196, c=0.999475, this 0.08s, total 5.60s
+++ model saved ! ./pre_trained_gnn/CiteSeer.GRACE.GAT.curv_1p0000.hyp_True.False.pth
(T) | Epoch=064, loss=7.6925, c=0.999466, this 0.08s, total 5.67s
+++ model saved ! ./pre_trained_gnn/CiteSeer.GRACE.GAT.curv_1p0000.hyp_True.False.pth
(T) | Epoch=065, loss=7.6588, c=0.999458, this 0.08s, total 5.75s
+++ model saved ! ./pre_trained_gnn/CiteSeer.GRACE.GAT.curv_1p0000.hyp_True.False.pth
(T) | Epoch=066, loss=7.6381, c=0.999450, this 0.08s, total 5.82s
+++ model saved ! ./pre_trained_gnn/CiteSeer.GRACE.GAT.curv_1p0000.hyp_True.False.pth
(T) | Epoch=067, loss=7.6300, c=0.999443, this 0.08s, total 5.90s
+++ model saved ! ./pre_trained_gnn/CiteSeer.GRACE.GAT.curv_1p0000.hyp_True.False.pth
(T) | Epoch=068, loss=7.6284, c=0.999437, this 0.08s, total 5.97s
+++ model saved ! ./pre_trained_gnn/CiteSeer.GRACE.GAT.curv_1p0000.hyp_True.False.pth
(T) | Epoch=069, loss=7.6120, c=0.999431, this 0.08s, total 6.05s
+++ model saved ! ./pre_trained_gnn/CiteSeer.GRACE.GAT.curv_1p0000.hyp_True.False.pth
(T) | Epoch=070, loss=7.5922, c=0.999425, this 0.08s, total 6.13s
+++ model saved ! ./pre_trained_gnn/CiteSeer.GRACE.GAT.curv_1p0000.hyp_True.False.pth
(T) | Epoch=071, loss=7.5785, c=0.999420, this 0.08s, total 6.21s
+++ model saved ! ./pre_trained_gnn/CiteSeer.GRACE.GAT.curv_1p0000.hyp_True.False.pth
(T) | Epoch=072, loss=7.5602, c=0.999416, this 0.08s, total 6.29s
+++ model saved ! ./pre_trained_gnn/CiteSeer.GRACE.GAT.curv_1p0000.hyp_True.False.pth
(T) | Epoch=073, loss=7.5330, c=0.999412, this 0.08s, total 6.36s
+++ model saved ! ./pre_trained_gnn/CiteSeer.GRACE.GAT.curv_1p0000.hyp_True.False.pth
(T) | Epoch=074, loss=7.5334, c=0.999408, this 0.08s, total 6.44s
(T) | Epoch=075, loss=7.5225, c=0.999405, this 0.06s, total 6.50s
+++ model saved ! ./pre_trained_gnn/CiteSeer.GRACE.GAT.curv_1p0000.hyp_True.False.pth
(T) | Epoch=076, loss=7.5021, c=0.999402, this 0.08s, total 6.57s
+++ model saved ! ./pre_trained_gnn/CiteSeer.GRACE.GAT.curv_1p0000.hyp_True.False.pth
(T) | Epoch=077, loss=7.4806, c=0.999399, this 0.08s, total 6.65s
+++ model saved ! ./pre_trained_gnn/CiteSeer.GRACE.GAT.curv_1p0000.hyp_True.False.pth
(T) | Epoch=078, loss=7.4750, c=0.999396, this 0.08s, total 6.73s
+++ model saved ! ./pre_trained_gnn/CiteSeer.GRACE.GAT.curv_1p0000.hyp_True.False.pth
(T) | Epoch=079, loss=7.4641, c=0.999393, this 0.08s, total 6.80s
+++ model saved ! ./pre_trained_gnn/CiteSeer.GRACE.GAT.curv_1p0000.hyp_True.False.pth
(T) | Epoch=080, loss=7.4563, c=0.999391, this 0.08s, total 6.88s
+++ model saved ! ./pre_trained_gnn/CiteSeer.GRACE.GAT.curv_1p0000.hyp_True.False.pth
(T) | Epoch=081, loss=7.4372, c=0.999389, this 0.08s, total 6.96s
+++ model saved ! ./pre_trained_gnn/CiteSeer.GRACE.GAT.curv_1p0000.hyp_True.False.pth
(T) | Epoch=082, loss=7.4439, c=0.999387, this 0.08s, total 7.03s
(T) | Epoch=083, loss=7.4206, c=0.999385, this 0.06s, total 7.09s
+++ model saved ! ./pre_trained_gnn/CiteSeer.GRACE.GAT.curv_1p0000.hyp_True.False.pth
(T) | Epoch=084, loss=7.4244, c=0.999383, this 0.08s, total 7.17s
(T) | Epoch=085, loss=7.4314, c=0.999381, this 0.06s, total 7.23s
(T) | Epoch=086, loss=7.4090, c=0.999380, this 0.06s, total 7.29s
+++ model saved ! ./pre_trained_gnn/CiteSeer.GRACE.GAT.curv_1p0000.hyp_True.False.pth
(T) | Epoch=087, loss=7.3999, c=0.999378, this 0.08s, total 7.36s
+++ model saved ! ./pre_trained_gnn/CiteSeer.GRACE.GAT.curv_1p0000.hyp_True.False.pth
(T) | Epoch=088, loss=7.4114, c=0.999376, this 0.08s, total 7.44s
(T) | Epoch=089, loss=7.3927, c=0.999375, this 0.06s, total 7.50s
+++ model saved ! ./pre_trained_gnn/CiteSeer.GRACE.GAT.curv_1p0000.hyp_True.False.pth
(T) | Epoch=090, loss=7.3963, c=0.999374, this 0.08s, total 7.58s
(T) | Epoch=091, loss=7.3826, c=0.999372, this 0.06s, total 7.64s
+++ model saved ! ./pre_trained_gnn/CiteSeer.GRACE.GAT.curv_1p0000.hyp_True.False.pth
(T) | Epoch=092, loss=7.3834, c=0.999371, this 0.08s, total 7.72s
(T) | Epoch=093, loss=7.3824, c=0.999370, this 0.06s, total 7.79s
+++ model saved ! ./pre_trained_gnn/CiteSeer.GRACE.GAT.curv_1p0000.hyp_True.False.pth
(T) | Epoch=094, loss=7.3679, c=0.999368, this 0.08s, total 7.87s
+++ model saved ! ./pre_trained_gnn/CiteSeer.GRACE.GAT.curv_1p0000.hyp_True.False.pth
(T) | Epoch=095, loss=7.3698, c=0.999367, this 0.08s, total 7.95s
(T) | Epoch=096, loss=7.3684, c=0.999366, this 0.06s, total 8.01s
(T) | Epoch=097, loss=7.3664, c=0.999365, this 0.06s, total 8.07s
+++ model saved ! ./pre_trained_gnn/CiteSeer.GRACE.GAT.curv_1p0000.hyp_True.False.pth
(T) | Epoch=098, loss=7.3644, c=0.999364, this 0.08s, total 8.15s
+++ model saved ! ./pre_trained_gnn/CiteSeer.GRACE.GAT.curv_1p0000.hyp_True.False.pth
(T) | Epoch=099, loss=7.3449, c=0.999364, this 0.08s, total 8.23s
+++ model saved ! ./pre_trained_gnn/CiteSeer.GRACE.GAT.curv_1p0000.hyp_True.False.pth
(T) | Epoch=100, loss=7.3480, c=0.999363, this 0.08s, total 8.31s
(T) | Epoch=101, loss=7.3343, c=0.999362, this 0.06s, total 8.37s
+++ model saved ! ./pre_trained_gnn/CiteSeer.GRACE.GAT.curv_1p0000.hyp_True.False.pth
(T) | Epoch=102, loss=7.3430, c=0.999361, this 0.08s, total 8.45s
(T) | Epoch=103, loss=7.3416, c=0.999360, this 0.06s, total 8.52s
(T) | Epoch=104, loss=7.3320, c=0.999359, this 0.06s, total 8.58s
+++ model saved ! ./pre_trained_gnn/CiteSeer.GRACE.GAT.curv_1p0000.hyp_True.False.pth
(T) | Epoch=105, loss=7.3350, c=0.999359, this 0.08s, total 8.66s
(T) | Epoch=106, loss=7.3181, c=0.999358, this 0.06s, total 8.72s
+++ model saved ! ./pre_trained_gnn/CiteSeer.GRACE.GAT.curv_1p0000.hyp_True.False.pth
(T) | Epoch=107, loss=7.3141, c=0.999358, this 0.08s, total 8.80s
+++ model saved ! ./pre_trained_gnn/CiteSeer.GRACE.GAT.curv_1p0000.hyp_True.False.pth
(T) | Epoch=108, loss=7.3145, c=0.999357, this 0.08s, total 8.88s
(T) | Epoch=109, loss=7.3082, c=0.999357, this 0.06s, total 8.94s
+++ model saved ! ./pre_trained_gnn/CiteSeer.GRACE.GAT.curv_1p0000.hyp_True.False.pth
(T) | Epoch=110, loss=7.3160, c=0.999356, this 0.08s, total 9.02s
(T) | Epoch=111, loss=7.3194, c=0.999356, this 0.06s, total 9.08s
(T) | Epoch=112, loss=7.3108, c=0.999355, this 0.06s, total 9.14s
(T) | Epoch=113, loss=7.3019, c=0.999355, this 0.07s, total 9.21s
+++ model saved ! ./pre_trained_gnn/CiteSeer.GRACE.GAT.curv_1p0000.hyp_True.False.pth
(T) | Epoch=114, loss=7.2937, c=0.999355, this 0.08s, total 9.29s
+++ model saved ! ./pre_trained_gnn/CiteSeer.GRACE.GAT.curv_1p0000.hyp_True.False.pth
(T) | Epoch=115, loss=7.3053, c=0.999355, this 0.08s, total 9.37s
(T) | Epoch=116, loss=7.2972, c=0.999354, this 0.06s, total 9.43s
(T) | Epoch=117, loss=7.3009, c=0.999354, this 0.06s, total 9.49s
(T) | Epoch=118, loss=7.2978, c=0.999354, this 0.06s, total 9.55s
(T) | Epoch=119, loss=7.2958, c=0.999354, this 0.06s, total 9.61s
(T) | Epoch=120, loss=7.2892, c=0.999354, this 0.06s, total 9.67s
+++ model saved ! ./pre_trained_gnn/CiteSeer.GRACE.GAT.curv_1p0000.hyp_True.False.pth
(T) | Epoch=121, loss=7.2967, c=0.999354, this 0.08s, total 9.75s
(T) | Epoch=122, loss=7.2763, c=0.999353, this 0.06s, total 9.81s
+++ model saved ! ./pre_trained_gnn/CiteSeer.GRACE.GAT.curv_1p0000.hyp_True.False.pth
(T) | Epoch=123, loss=7.2862, c=0.999353, this 0.08s, total 9.89s
(T) | Epoch=124, loss=7.2850, c=0.999353, this 0.06s, total 9.95s
(T) | Epoch=125, loss=7.2765, c=0.999353, this 0.06s, total 10.02s
(T) | Epoch=126, loss=7.2862, c=0.999353, this 0.06s, total 10.08s
(T) | Epoch=127, loss=7.2733, c=0.999353, this 0.06s, total 10.14s
+++ model saved ! ./pre_trained_gnn/CiteSeer.GRACE.GAT.curv_1p0000.hyp_True.False.pth
(T) | Epoch=128, loss=7.2644, c=0.999352, this 0.08s, total 10.22s
+++ model saved ! ./pre_trained_gnn/CiteSeer.GRACE.GAT.curv_1p0000.hyp_True.False.pth
(T) | Epoch=129, loss=7.2693, c=0.999352, this 0.08s, total 10.30s
(T) | Epoch=130, loss=7.2721, c=0.999351, this 0.06s, total 10.36s
(T) | Epoch=131, loss=7.2681, c=0.999351, this 0.06s, total 10.42s
(T) | Epoch=132, loss=7.2714, c=0.999351, this 0.06s, total 10.48s
(T) | Epoch=133, loss=7.2718, c=0.999351, this 0.06s, total 10.54s
(T) | Epoch=134, loss=7.2656, c=0.999351, this 0.06s, total 10.60s
(T) | Epoch=135, loss=7.2522, c=0.999350, this 0.06s, total 10.66s
+++ model saved ! ./pre_trained_gnn/CiteSeer.GRACE.GAT.curv_1p0000.hyp_True.False.pth
(T) | Epoch=136, loss=7.2727, c=0.999350, this 0.08s, total 10.74s
(T) | Epoch=137, loss=7.2603, c=0.999349, this 0.06s, total 10.80s
(T) | Epoch=138, loss=7.2714, c=0.999349, this 0.06s, total 10.86s
(T) | Epoch=139, loss=7.2674, c=0.999349, this 0.06s, total 10.93s
(T) | Epoch=140, loss=7.2813, c=0.999349, this 0.06s, total 10.99s
(T) | Epoch=141, loss=7.2561, c=0.999349, this 0.06s, total 11.05s
(T) | Epoch=142, loss=7.2683, c=0.999348, this 0.06s, total 11.11s
(T) | Epoch=143, loss=7.2537, c=0.999348, this 0.06s, total 11.17s
(T) | Epoch=144, loss=7.2509, c=0.999348, this 0.06s, total 11.23s
+++ model saved ! ./pre_trained_gnn/CiteSeer.GRACE.GAT.curv_1p0000.hyp_True.False.pth
(T) | Epoch=145, loss=7.2541, c=0.999347, this 0.08s, total 11.31s
(T) | Epoch=146, loss=7.2512, c=0.999347, this 0.06s, total 11.37s
(T) | Epoch=147, loss=7.2566, c=0.999347, this 0.06s, total 11.43s
(T) | Epoch=148, loss=7.2515, c=0.999346, this 0.06s, total 11.50s
(T) | Epoch=149, loss=7.2478, c=0.999346, this 0.06s, total 11.56s
+++ model saved ! ./pre_trained_gnn/CiteSeer.GRACE.GAT.curv_1p0000.hyp_True.False.pth
(T) | Epoch=150, loss=7.2525, c=0.999345, this 0.08s, total 11.64s
(T) | Epoch=151, loss=7.2434, c=0.999345, this 0.06s, total 11.70s
+++ model saved ! ./pre_trained_gnn/CiteSeer.GRACE.GAT.curv_1p0000.hyp_True.False.pth
(T) | Epoch=152, loss=7.2421, c=0.999344, this 0.08s, total 11.78s
+++ model saved ! ./pre_trained_gnn/CiteSeer.GRACE.GAT.curv_1p0000.hyp_True.False.pth
(T) | Epoch=153, loss=7.2470, c=0.999344, this 0.08s, total 11.85s
(T) | Epoch=154, loss=7.2379, c=0.999344, this 0.06s, total 11.92s
+++ model saved ! ./pre_trained_gnn/CiteSeer.GRACE.GAT.curv_1p0000.hyp_True.False.pth
(T) | Epoch=155, loss=7.2387, c=0.999343, this 0.08s, total 11.99s
(T) | Epoch=156, loss=7.2373, c=0.999343, this 0.06s, total 12.06s
+++ model saved ! ./pre_trained_gnn/CiteSeer.GRACE.GAT.curv_1p0000.hyp_True.False.pth
(T) | Epoch=157, loss=7.2405, c=0.999343, this 0.08s, total 12.13s
(T) | Epoch=158, loss=7.2401, c=0.999342, this 0.06s, total 12.20s
(T) | Epoch=159, loss=7.2404, c=0.999341, this 0.06s, total 12.26s
(T) | Epoch=160, loss=7.2341, c=0.999341, this 0.06s, total 12.32s
+++ model saved ! ./pre_trained_gnn/CiteSeer.GRACE.GAT.curv_1p0000.hyp_True.False.pth
(T) | Epoch=161, loss=7.2309, c=0.999341, this 0.08s, total 12.40s
+++ model saved ! ./pre_trained_gnn/CiteSeer.GRACE.GAT.curv_1p0000.hyp_True.False.pth
(T) | Epoch=162, loss=7.2324, c=0.999340, this 0.08s, total 12.47s
(T) | Epoch=163, loss=7.2387, c=0.999340, this 0.06s, total 12.54s
(T) | Epoch=164, loss=7.2208, c=0.999339, this 0.06s, total 12.60s
+++ model saved ! ./pre_trained_gnn/CiteSeer.GRACE.GAT.curv_1p0000.hyp_True.False.pth
(T) | Epoch=165, loss=7.2275, c=0.999339, this 0.08s, total 12.68s
(T) | Epoch=166, loss=7.2356, c=0.999338, this 0.06s, total 12.74s
(T) | Epoch=167, loss=7.2264, c=0.999338, this 0.06s, total 12.80s
(T) | Epoch=168, loss=7.2334, c=0.999337, this 0.06s, total 12.86s
(T) | Epoch=169, loss=7.2201, c=0.999337, this 0.06s, total 12.92s
+++ model saved ! ./pre_trained_gnn/CiteSeer.GRACE.GAT.curv_1p0000.hyp_True.False.pth
(T) | Epoch=170, loss=7.2100, c=0.999337, this 0.08s, total 13.00s
+++ model saved ! ./pre_trained_gnn/CiteSeer.GRACE.GAT.curv_1p0000.hyp_True.False.pth
(T) | Epoch=171, loss=7.2217, c=0.999336, this 0.08s, total 13.08s
(T) | Epoch=172, loss=7.2107, c=0.999336, this 0.06s, total 13.14s
(T) | Epoch=173, loss=7.2190, c=0.999335, this 0.06s, total 13.20s
(T) | Epoch=174, loss=7.2155, c=0.999335, this 0.06s, total 13.27s
(T) | Epoch=175, loss=7.2236, c=0.999334, this 0.06s, total 13.33s
(T) | Epoch=176, loss=7.2135, c=0.999334, this 0.06s, total 13.39s
(T) | Epoch=177, loss=7.2088, c=0.999334, this 0.06s, total 13.45s
+++ model saved ! ./pre_trained_gnn/CiteSeer.GRACE.GAT.curv_1p0000.hyp_True.False.pth
(T) | Epoch=178, loss=7.1991, c=0.999333, this 0.08s, total 13.53s
+++ model saved ! ./pre_trained_gnn/CiteSeer.GRACE.GAT.curv_1p0000.hyp_True.False.pth
(T) | Epoch=179, loss=7.2043, c=0.999333, this 0.08s, total 13.61s
(T) | Epoch=180, loss=7.2042, c=0.999333, this 0.06s, total 13.67s
(T) | Epoch=181, loss=7.1969, c=0.999332, this 0.06s, total 13.73s
+++ model saved ! ./pre_trained_gnn/CiteSeer.GRACE.GAT.curv_1p0000.hyp_True.False.pth
(T) | Epoch=182, loss=7.2016, c=0.999331, this 0.08s, total 13.81s
(T) | Epoch=183, loss=7.2052, c=0.999331, this 0.06s, total 13.87s
(T) | Epoch=184, loss=7.1994, c=0.999331, this 0.06s, total 13.93s
(T) | Epoch=185, loss=7.2018, c=0.999330, this 0.06s, total 13.99s
(T) | Epoch=186, loss=7.2028, c=0.999330, this 0.06s, total 14.06s
(T) | Epoch=187, loss=7.2072, c=0.999329, this 0.06s, total 14.12s
(T) | Epoch=188, loss=7.1896, c=0.999329, this 0.06s, total 14.18s
+++ model saved ! ./pre_trained_gnn/CiteSeer.GRACE.GAT.curv_1p0000.hyp_True.False.pth
(T) | Epoch=189, loss=7.1957, c=0.999328, this 0.08s, total 14.26s
(T) | Epoch=190, loss=7.2006, c=0.999328, this 0.06s, total 14.32s
(T) | Epoch=191, loss=7.2028, c=0.999327, this 0.06s, total 14.38s
(T) | Epoch=192, loss=7.1857, c=0.999327, this 0.06s, total 14.44s
+++ model saved ! ./pre_trained_gnn/CiteSeer.GRACE.GAT.curv_1p0000.hyp_True.False.pth
(T) | Epoch=193, loss=7.2024, c=0.999326, this 0.08s, total 14.52s
(T) | Epoch=194, loss=7.1934, c=0.999326, this 0.06s, total 14.58s
(T) | Epoch=195, loss=7.1898, c=0.999326, this 0.06s, total 14.64s
(T) | Epoch=196, loss=7.1822, c=0.999326, this 0.06s, total 14.71s
+++ model saved ! ./pre_trained_gnn/CiteSeer.GRACE.GAT.curv_1p0000.hyp_True.False.pth
(T) | Epoch=197, loss=7.1832, c=0.999325, this 0.08s, total 14.78s
(T) | Epoch=198, loss=7.1834, c=0.999324, this 0.06s, total 14.85s
(T) | Epoch=199, loss=7.1832, c=0.999324, this 0.06s, total 14.91s
(T) | Epoch=200, loss=7.1842, c=0.999323, this 0.06s, total 14.97s
(T) | Epoch=201, loss=7.1893, c=0.999323, this 0.06s, total 15.03s
(T) | Epoch=202, loss=7.1814, c=0.999322, this 0.06s, total 15.09s
+++ model saved ! ./pre_trained_gnn/CiteSeer.GRACE.GAT.curv_1p0000.hyp_True.False.pth
(T) | Epoch=203, loss=7.1706, c=0.999322, this 0.08s, total 15.17s
+++ model saved ! ./pre_trained_gnn/CiteSeer.GRACE.GAT.curv_1p0000.hyp_True.False.pth
(T) | Epoch=204, loss=7.1770, c=0.999321, this 0.08s, total 15.25s
(T) | Epoch=205, loss=7.1758, c=0.999320, this 0.06s, total 15.31s
(T) | Epoch=206, loss=7.1736, c=0.999320, this 0.06s, total 15.37s
(T) | Epoch=207, loss=7.1703, c=0.999319, this 0.06s, total 15.43s
+++ model saved ! ./pre_trained_gnn/CiteSeer.GRACE.GAT.curv_1p0000.hyp_True.False.pth
(T) | Epoch=208, loss=7.1750, c=0.999319, this 0.08s, total 15.51s
(T) | Epoch=209, loss=7.1734, c=0.999318, this 0.06s, total 15.58s
(T) | Epoch=210, loss=7.1651, c=0.999318, this 0.06s, total 15.64s
+++ model saved ! ./pre_trained_gnn/CiteSeer.GRACE.GAT.curv_1p0000.hyp_True.False.pth
(T) | Epoch=211, loss=7.1665, c=0.999318, this 0.08s, total 15.72s
(T) | Epoch=212, loss=7.1687, c=0.999317, this 0.06s, total 15.78s
(T) | Epoch=213, loss=7.1794, c=0.999316, this 0.06s, total 15.84s
(T) | Epoch=214, loss=7.1771, c=0.999315, this 0.06s, total 15.90s
(T) | Epoch=215, loss=7.1674, c=0.999315, this 0.06s, total 15.96s
(T) | Epoch=216, loss=7.1703, c=0.999315, this 0.06s, total 16.03s
(T) | Epoch=217, loss=7.1617, c=0.999315, this 0.06s, total 16.09s
+++ model saved ! ./pre_trained_gnn/CiteSeer.GRACE.GAT.curv_1p0000.hyp_True.False.pth
(T) | Epoch=218, loss=7.1680, c=0.999315, this 0.08s, total 16.17s
(T) | Epoch=219, loss=7.1685, c=0.999314, this 0.06s, total 16.23s
(T) | Epoch=220, loss=7.1683, c=0.999313, this 0.06s, total 16.29s
(T) | Epoch=221, loss=7.1667, c=0.999312, this 0.06s, total 16.35s
(T) | Epoch=222, loss=7.1727, c=0.999311, this 0.06s, total 16.42s
(T) | Epoch=223, loss=7.1641, c=0.999311, this 0.06s, total 16.48s
(T) | Epoch=224, loss=7.1673, c=0.999311, this 0.06s, total 16.54s
(T) | Epoch=225, loss=7.1526, c=0.999311, this 0.06s, total 16.60s
+++ model saved ! ./pre_trained_gnn/CiteSeer.GRACE.GAT.curv_1p0000.hyp_True.False.pth
(T) | Epoch=226, loss=7.1655, c=0.999311, this 0.08s, total 16.68s
(T) | Epoch=227, loss=7.1672, c=0.999310, this 0.06s, total 16.74s
(T) | Epoch=228, loss=7.1616, c=0.999309, this 0.06s, total 16.81s
(T) | Epoch=229, loss=7.1572, c=0.999308, this 0.06s, total 16.87s
(T) | Epoch=230, loss=7.1535, c=0.999307, this 0.06s, total 16.93s
(T) | Epoch=231, loss=7.1537, c=0.999306, this 0.06s, total 16.99s
(T) | Epoch=232, loss=7.1506, c=0.999307, this 0.06s, total 17.05s
+++ model saved ! ./pre_trained_gnn/CiteSeer.GRACE.GAT.curv_1p0000.hyp_True.False.pth
(T) | Epoch=233, loss=7.1570, c=0.999307, this 0.08s, total 17.13s
(T) | Epoch=234, loss=7.1549, c=0.999307, this 0.06s, total 17.20s
(T) | Epoch=235, loss=7.1628, c=0.999305, this 0.06s, total 17.26s
(T) | Epoch=236, loss=7.1626, c=0.999304, this 0.06s, total 17.32s
(T) | Epoch=237, loss=7.1573, c=0.999303, this 0.06s, total 17.38s
(T) | Epoch=238, loss=7.1538, c=0.999303, this 0.06s, total 17.44s
(T) | Epoch=239, loss=7.1479, c=0.999303, this 0.06s, total 17.51s
+++ model saved ! ./pre_trained_gnn/CiteSeer.GRACE.GAT.curv_1p0000.hyp_True.False.pth
(T) | Epoch=240, loss=7.1497, c=0.999303, this 0.08s, total 17.59s
(T) | Epoch=241, loss=7.1562, c=0.999303, this 0.06s, total 17.65s
(T) | Epoch=242, loss=7.1610, c=0.999301, this 0.06s, total 17.71s
(T) | Epoch=243, loss=7.1449, c=0.999300, this 0.06s, total 17.77s
+++ model saved ! ./pre_trained_gnn/CiteSeer.GRACE.GAT.curv_1p0000.hyp_True.False.pth
(T) | Epoch=244, loss=7.1466, c=0.999299, this 0.08s, total 17.85s
(T) | Epoch=245, loss=7.1452, c=0.999299, this 0.06s, total 17.92s
(T) | Epoch=246, loss=7.1439, c=0.999299, this 0.06s, total 17.98s
+++ model saved ! ./pre_trained_gnn/CiteSeer.GRACE.GAT.curv_1p0000.hyp_True.False.pth
(T) | Epoch=247, loss=7.1508, c=0.999299, this 0.08s, total 18.06s
(T) | Epoch=248, loss=7.1473, c=0.999299, this 0.06s, total 18.12s
(T) | Epoch=249, loss=7.1491, c=0.999297, this 0.06s, total 18.18s
(T) | Epoch=250, loss=7.1415, c=0.999296, this 0.06s, total 18.24s
+++ model saved ! ./pre_trained_gnn/CiteSeer.GRACE.GAT.curv_1p0000.hyp_True.False.pth
(T) | Epoch=251, loss=7.1417, c=0.999295, this 0.08s, total 18.32s
(T) | Epoch=252, loss=7.1482, c=0.999294, this 0.06s, total 18.38s
(T) | Epoch=253, loss=7.1441, c=0.999294, this 0.06s, total 18.45s
(T) | Epoch=254, loss=7.1447, c=0.999294, this 0.06s, total 18.51s
(T) | Epoch=255, loss=7.1481, c=0.999294, this 0.06s, total 18.57s
(T) | Epoch=256, loss=7.1411, c=0.999293, this 0.06s, total 18.63s
+++ model saved ! ./pre_trained_gnn/CiteSeer.GRACE.GAT.curv_1p0000.hyp_True.False.pth
(T) | Epoch=257, loss=7.1456, c=0.999292, this 0.08s, total 18.71s
(T) | Epoch=258, loss=7.1365, c=0.999291, this 0.06s, total 18.77s
+++ model saved ! ./pre_trained_gnn/CiteSeer.GRACE.GAT.curv_1p0000.hyp_True.False.pth
(T) | Epoch=259, loss=7.1395, c=0.999290, this 0.08s, total 18.86s
(T) | Epoch=260, loss=7.1366, c=0.999290, this 0.06s, total 18.92s
(T) | Epoch=261, loss=7.1415, c=0.999290, this 0.06s, total 18.98s
(T) | Epoch=262, loss=7.1424, c=0.999290, this 0.06s, total 19.04s
(T) | Epoch=263, loss=7.1364, c=0.999289, this 0.06s, total 19.10s
+++ model saved ! ./pre_trained_gnn/CiteSeer.GRACE.GAT.curv_1p0000.hyp_True.False.pth
(T) | Epoch=264, loss=7.1320, c=0.999288, this 0.08s, total 19.19s
+++ model saved ! ./pre_trained_gnn/CiteSeer.GRACE.GAT.curv_1p0000.hyp_True.False.pth
(T) | Epoch=265, loss=7.1358, c=0.999287, this 0.08s, total 19.26s
(T) | Epoch=266, loss=7.1278, c=0.999287, this 0.06s, total 19.33s
+++ model saved ! ./pre_trained_gnn/CiteSeer.GRACE.GAT.curv_1p0000.hyp_True.False.pth
(T) | Epoch=267, loss=7.1316, c=0.999286, this 0.08s, total 19.41s
(T) | Epoch=268, loss=7.1313, c=0.999286, this 0.06s, total 19.47s
(T) | Epoch=269, loss=7.1271, c=0.999286, this 0.06s, total 19.53s
+++ model saved ! ./pre_trained_gnn/CiteSeer.GRACE.GAT.curv_1p0000.hyp_True.False.pth
(T) | Epoch=270, loss=7.1260, c=0.999285, this 0.08s, total 19.61s
+++ model saved ! ./pre_trained_gnn/CiteSeer.GRACE.GAT.curv_1p0000.hyp_True.False.pth
(T) | Epoch=271, loss=7.1351, c=0.999284, this 0.08s, total 19.69s
(T) | Epoch=272, loss=7.1239, c=0.999283, this 0.06s, total 19.75s
+++ model saved ! ./pre_trained_gnn/CiteSeer.GRACE.GAT.curv_1p0000.hyp_True.False.pth
(T) | Epoch=273, loss=7.1309, c=0.999283, this 0.08s, total 19.83s
(T) | Epoch=274, loss=7.1382, c=0.999283, this 0.06s, total 19.89s
(T) | Epoch=275, loss=7.1429, c=0.999282, this 0.06s, total 19.95s
(T) | Epoch=276, loss=7.1296, c=0.999282, this 0.06s, total 20.02s
(T) | Epoch=277, loss=7.1299, c=0.999282, this 0.06s, total 20.08s
(T) | Epoch=278, loss=7.1275, c=0.999282, this 0.06s, total 20.14s
(T) | Epoch=279, loss=7.1322, c=0.999281, this 0.06s, total 20.20s
(T) | Epoch=280, loss=7.1310, c=0.999280, this 0.06s, total 20.26s
(T) | Epoch=281, loss=7.1171, c=0.999280, this 0.06s, total 20.33s
+++ model saved ! ./pre_trained_gnn/CiteSeer.GRACE.GAT.curv_1p0000.hyp_True.False.pth
(T) | Epoch=282, loss=7.1254, c=0.999279, this 0.08s, total 20.41s
(T) | Epoch=283, loss=7.1389, c=0.999279, this 0.06s, total 20.47s
(T) | Epoch=284, loss=7.1288, c=0.999279, this 0.06s, total 20.53s
(T) | Epoch=285, loss=7.1319, c=0.999278, this 0.06s, total 20.59s
(T) | Epoch=286, loss=7.1266, c=0.999278, this 0.06s, total 20.65s
(T) | Epoch=287, loss=7.1266, c=0.999277, this 0.06s, total 20.72s
(T) | Epoch=288, loss=7.1225, c=0.999277, this 0.06s, total 20.78s
(T) | Epoch=289, loss=7.1285, c=0.999276, this 0.06s, total 20.84s
(T) | Epoch=290, loss=7.1255, c=0.999276, this 0.06s, total 20.90s
(T) | Epoch=291, loss=7.1146, c=0.999276, this 0.06s, total 20.96s
+++ model saved ! ./pre_trained_gnn/CiteSeer.GRACE.GAT.curv_1p0000.hyp_True.False.pth
(T) | Epoch=292, loss=7.1212, c=0.999275, this 0.08s, total 21.04s
(T) | Epoch=293, loss=7.1283, c=0.999274, this 0.06s, total 21.11s
(T) | Epoch=294, loss=7.1189, c=0.999273, this 0.06s, total 21.17s
(T) | Epoch=295, loss=7.1159, c=0.999273, this 0.06s, total 21.23s
(T) | Epoch=296, loss=7.1267, c=0.999273, this 0.06s, total 21.29s
(T) | Epoch=297, loss=7.1249, c=0.999273, this 0.06s, total 21.35s
(T) | Epoch=298, loss=7.1212, c=0.999272, this 0.06s, total 21.42s
(T) | Epoch=299, loss=7.1194, c=0.999272, this 0.06s, total 21.48s
(T) | Epoch=300, loss=7.1230, c=0.999271, this 0.06s, total 21.54s
(T) | Epoch=301, loss=7.1187, c=0.999271, this 0.06s, total 21.60s
(T) | Epoch=302, loss=7.1091, c=0.999270, this 0.06s, total 21.67s
+++ model saved ! ./pre_trained_gnn/CiteSeer.GRACE.GAT.curv_1p0000.hyp_True.False.pth
(T) | Epoch=303, loss=7.1108, c=0.999270, this 0.08s, total 21.74s
(T) | Epoch=304, loss=7.1250, c=0.999269, this 0.06s, total 21.81s
(T) | Epoch=305, loss=7.1152, c=0.999269, this 0.06s, total 21.87s
(T) | Epoch=306, loss=7.1166, c=0.999269, this 0.06s, total 21.93s
(T) | Epoch=307, loss=7.1162, c=0.999268, this 0.06s, total 21.99s
(T) | Epoch=308, loss=7.1183, c=0.999268, this 0.06s, total 22.06s
(T) | Epoch=309, loss=7.1189, c=0.999267, this 0.06s, total 22.12s
(T) | Epoch=310, loss=7.1136, c=0.999267, this 0.06s, total 22.18s
(T) | Epoch=311, loss=7.1082, c=0.999267, this 0.06s, total 22.24s
+++ model saved ! ./pre_trained_gnn/CiteSeer.GRACE.GAT.curv_1p0000.hyp_True.False.pth
(T) | Epoch=312, loss=7.1110, c=0.999267, this 0.08s, total 22.32s
(T) | Epoch=313, loss=7.1156, c=0.999266, this 0.06s, total 22.38s
(T) | Epoch=314, loss=7.1148, c=0.999265, this 0.06s, total 22.44s
(T) | Epoch=315, loss=7.1112, c=0.999265, this 0.06s, total 22.51s
(T) | Epoch=316, loss=7.1119, c=0.999264, this 0.06s, total 22.57s
(T) | Epoch=317, loss=7.1079, c=0.999264, this 0.06s, total 22.63s
+++ model saved ! ./pre_trained_gnn/CiteSeer.GRACE.GAT.curv_1p0000.hyp_True.False.pth
(T) | Epoch=318, loss=7.0955, c=0.999265, this 0.08s, total 22.71s
+++ model saved ! ./pre_trained_gnn/CiteSeer.GRACE.GAT.curv_1p0000.hyp_True.False.pth
(T) | Epoch=319, loss=7.1012, c=0.999265, this 0.08s, total 22.79s
(T) | Epoch=320, loss=7.1184, c=0.999264, this 0.06s, total 22.85s
(T) | Epoch=321, loss=7.1142, c=0.999262, this 0.06s, total 22.91s
(T) | Epoch=322, loss=7.1091, c=0.999261, this 0.06s, total 22.97s
(T) | Epoch=323, loss=7.1142, c=0.999261, this 0.06s, total 23.04s
(T) | Epoch=324, loss=7.1035, c=0.999262, this 0.06s, total 23.10s
(T) | Epoch=325, loss=7.1060, c=0.999262, this 0.06s, total 23.16s
(T) | Epoch=326, loss=7.1034, c=0.999262, this 0.06s, total 23.22s
(T) | Epoch=327, loss=7.1181, c=0.999261, this 0.06s, total 23.28s
(T) | Epoch=328, loss=7.1048, c=0.999259, this 0.06s, total 23.35s
(T) | Epoch=329, loss=7.1000, c=0.999258, this 0.06s, total 23.41s
(T) | Epoch=330, loss=7.1110, c=0.999258, this 0.06s, total 23.47s
(T) | Epoch=331, loss=7.0988, c=0.999259, this 0.06s, total 23.53s
(T) | Epoch=332, loss=7.1069, c=0.999259, this 0.06s, total 23.59s
(T) | Epoch=333, loss=7.1028, c=0.999258, this 0.06s, total 23.66s
(T) | Epoch=334, loss=7.1052, c=0.999257, this 0.06s, total 23.72s
(T) | Epoch=335, loss=7.0982, c=0.999256, this 0.06s, total 23.78s
(T) | Epoch=336, loss=7.1073, c=0.999255, this 0.06s, total 23.84s
(T) | Epoch=337, loss=7.0974, c=0.999255, this 0.06s, total 23.90s
(T) | Epoch=338, loss=7.0978, c=0.999255, this 0.06s, total 23.97s
(T) | Epoch=339, loss=7.1031, c=0.999254, this 0.06s, total 24.03s
(T) | Epoch=340, loss=7.1002, c=0.999254, this 0.06s, total 24.09s
(T) | Epoch=341, loss=7.0895, c=0.999253, this 0.06s, total 24.15s
+++ model saved ! ./pre_trained_gnn/CiteSeer.GRACE.GAT.curv_1p0000.hyp_True.False.pth
(T) | Epoch=342, loss=7.1069, c=0.999252, this 0.08s, total 24.23s
(T) | Epoch=343, loss=7.1003, c=0.999251, this 0.06s, total 24.30s
(T) | Epoch=344, loss=7.0988, c=0.999250, this 0.06s, total 24.36s
(T) | Epoch=345, loss=7.1053, c=0.999250, this 0.06s, total 24.42s
(T) | Epoch=346, loss=7.1016, c=0.999250, this 0.06s, total 24.48s
(T) | Epoch=347, loss=7.0949, c=0.999251, this 0.06s, total 24.54s
(T) | Epoch=348, loss=7.1001, c=0.999251, this 0.06s, total 24.61s
(T) | Epoch=349, loss=7.0887, c=0.999250, this 0.06s, total 24.67s
+++ model saved ! ./pre_trained_gnn/CiteSeer.GRACE.GAT.curv_1p0000.hyp_True.False.pth
(T) | Epoch=350, loss=7.0922, c=0.999249, this 0.08s, total 24.75s
(T) | Epoch=351, loss=7.0979, c=0.999248, this 0.06s, total 24.81s
(T) | Epoch=352, loss=7.0916, c=0.999247, this 0.06s, total 24.87s
(T) | Epoch=353, loss=7.1002, c=0.999247, this 0.06s, total 24.93s
(T) | Epoch=354, loss=7.0987, c=0.999247, this 0.06s, total 25.00s
(T) | Epoch=355, loss=7.0847, c=0.999247, this 0.06s, total 25.06s
+++ model saved ! ./pre_trained_gnn/CiteSeer.GRACE.GAT.curv_1p0000.hyp_True.False.pth
(T) | Epoch=356, loss=7.0969, c=0.999246, this 0.08s, total 25.14s
(T) | Epoch=357, loss=7.0857, c=0.999246, this 0.06s, total 25.20s
(T) | Epoch=358, loss=7.0895, c=0.999245, this 0.06s, total 25.26s
(T) | Epoch=359, loss=7.0851, c=0.999245, this 0.06s, total 25.32s
(T) | Epoch=360, loss=7.0957, c=0.999244, this 0.06s, total 25.38s
(T) | Epoch=361, loss=7.0970, c=0.999243, this 0.06s, total 25.45s
(T) | Epoch=362, loss=7.0988, c=0.999243, this 0.06s, total 25.51s
(T) | Epoch=363, loss=7.0909, c=0.999243, this 0.06s, total 25.57s
(T) | Epoch=364, loss=7.0929, c=0.999244, this 0.06s, total 25.63s
(T) | Epoch=365, loss=7.0860, c=0.999244, this 0.06s, total 25.69s
(T) | Epoch=366, loss=7.0846, c=0.999243, this 0.06s, total 25.76s
+++ model saved ! ./pre_trained_gnn/CiteSeer.GRACE.GAT.curv_1p0000.hyp_True.False.pth
(T) | Epoch=367, loss=7.0914, c=0.999242, this 0.08s, total 25.84s
(T) | Epoch=368, loss=7.0888, c=0.999241, this 0.06s, total 25.90s
(T) | Epoch=369, loss=7.0851, c=0.999241, this 0.06s, total 25.96s
(T) | Epoch=370, loss=7.0971, c=0.999240, this 0.06s, total 26.02s
(T) | Epoch=371, loss=7.0938, c=0.999241, this 0.06s, total 26.08s
(T) | Epoch=372, loss=7.0821, c=0.999241, this 0.06s, total 26.14s
+++ model saved ! ./pre_trained_gnn/CiteSeer.GRACE.GAT.curv_1p0000.hyp_True.False.pth
(T) | Epoch=373, loss=7.0960, c=0.999240, this 0.08s, total 26.23s
(T) | Epoch=374, loss=7.0959, c=0.999239, this 0.06s, total 26.29s
(T) | Epoch=375, loss=7.0808, c=0.999238, this 0.06s, total 26.35s
+++ model saved ! ./pre_trained_gnn/CiteSeer.GRACE.GAT.curv_1p0000.hyp_True.False.pth
(T) | Epoch=376, loss=7.0892, c=0.999237, this 0.08s, total 26.43s
(T) | Epoch=377, loss=7.0911, c=0.999237, this 0.06s, total 26.50s
(T) | Epoch=378, loss=7.0873, c=0.999236, this 0.06s, total 26.56s
(T) | Epoch=379, loss=7.0802, c=0.999236, this 0.06s, total 26.62s
+++ model saved ! ./pre_trained_gnn/CiteSeer.GRACE.GAT.curv_1p0000.hyp_True.False.pth
(T) | Epoch=380, loss=7.0922, c=0.999236, this 0.08s, total 26.70s
(T) | Epoch=381, loss=7.0860, c=0.999236, this 0.06s, total 26.76s
(T) | Epoch=382, loss=7.0777, c=0.999234, this 0.06s, total 26.82s
+++ model saved ! ./pre_trained_gnn/CiteSeer.GRACE.GAT.curv_1p0000.hyp_True.False.pth
(T) | Epoch=383, loss=7.0820, c=0.999233, this 0.08s, total 26.90s
(T) | Epoch=384, loss=7.0849, c=0.999233, this 0.06s, total 26.97s
(T) | Epoch=385, loss=7.0818, c=0.999232, this 0.06s, total 27.03s
(T) | Epoch=386, loss=7.0815, c=0.999232, this 0.06s, total 27.09s
(T) | Epoch=387, loss=7.0842, c=0.999232, this 0.06s, total 27.15s
(T) | Epoch=388, loss=7.0756, c=0.999232, this 0.06s, total 27.21s
+++ model saved ! ./pre_trained_gnn/CiteSeer.GRACE.GAT.curv_1p0000.hyp_True.False.pth
(T) | Epoch=389, loss=7.0771, c=0.999231, this 0.08s, total 27.30s
(T) | Epoch=390, loss=7.0804, c=0.999229, this 0.06s, total 27.36s
(T) | Epoch=391, loss=7.0840, c=0.999228, this 0.06s, total 27.42s
(T) | Epoch=392, loss=7.0737, c=0.999227, this 0.06s, total 27.48s
+++ model saved ! ./pre_trained_gnn/CiteSeer.GRACE.GAT.curv_1p0000.hyp_True.False.pth
(T) | Epoch=393, loss=7.0756, c=0.999227, this 0.08s, total 27.56s
(T) | Epoch=394, loss=7.0800, c=0.999228, this 0.06s, total 27.62s
(T) | Epoch=395, loss=7.0807, c=0.999228, this 0.06s, total 27.68s
(T) | Epoch=396, loss=7.0844, c=0.999227, this 0.06s, total 27.75s
(T) | Epoch=397, loss=7.0863, c=0.999226, this 0.06s, total 27.81s
(T) | Epoch=398, loss=7.0838, c=0.999225, this 0.06s, total 27.87s
(T) | Epoch=399, loss=7.0909, c=0.999224, this 0.06s, total 27.93s
(T) | Epoch=400, loss=7.0740, c=0.999224, this 0.06s, total 27.99s
(T) | Epoch=401, loss=7.0797, c=0.999224, this 0.06s, total 28.05s
(T) | Epoch=402, loss=7.0854, c=0.999224, this 0.06s, total 28.12s
(T) | Epoch=403, loss=7.0738, c=0.999223, this 0.06s, total 28.18s
(T) | Epoch=404, loss=7.0727, c=0.999222, this 0.06s, total 28.24s
+++ model saved ! ./pre_trained_gnn/CiteSeer.GRACE.GAT.curv_1p0000.hyp_True.False.pth
(T) | Epoch=405, loss=7.0806, c=0.999222, this 0.08s, total 28.32s
(T) | Epoch=406, loss=7.0757, c=0.999222, this 0.06s, total 28.38s
(T) | Epoch=407, loss=7.0790, c=0.999221, this 0.06s, total 28.44s
(T) | Epoch=408, loss=7.0689, c=0.999220, this 0.06s, total 28.51s
+++ model saved ! ./pre_trained_gnn/CiteSeer.GRACE.GAT.curv_1p0000.hyp_True.False.pth
(T) | Epoch=409, loss=7.0767, c=0.999220, this 0.08s, total 28.59s
(T) | Epoch=410, loss=7.0771, c=0.999219, this 0.06s, total 28.65s
(T) | Epoch=411, loss=7.0811, c=0.999219, this 0.06s, total 28.71s
(T) | Epoch=412, loss=7.0762, c=0.999218, this 0.06s, total 28.77s
(T) | Epoch=413, loss=7.0737, c=0.999218, this 0.06s, total 28.83s
(T) | Epoch=414, loss=7.0752, c=0.999218, this 0.06s, total 28.90s
(T) | Epoch=415, loss=7.0702, c=0.999217, this 0.06s, total 28.96s
(T) | Epoch=416, loss=7.0662, c=0.999217, this 0.06s, total 29.02s
+++ model saved ! ./pre_trained_gnn/CiteSeer.GRACE.GAT.curv_1p0000.hyp_True.False.pth
(T) | Epoch=417, loss=7.0733, c=0.999216, this 0.08s, total 29.10s
(T) | Epoch=418, loss=7.0690, c=0.999216, this 0.06s, total 29.16s
(T) | Epoch=419, loss=7.0666, c=0.999215, this 0.06s, total 29.22s
(T) | Epoch=420, loss=7.0714, c=0.999215, this 0.06s, total 29.29s
(T) | Epoch=421, loss=7.0701, c=0.999214, this 0.06s, total 29.35s
(T) | Epoch=422, loss=7.0724, c=0.999214, this 0.06s, total 29.41s
(T) | Epoch=423, loss=7.0666, c=0.999213, this 0.06s, total 29.47s
(T) | Epoch=424, loss=7.0703, c=0.999212, this 0.06s, total 29.54s
(T) | Epoch=425, loss=7.0691, c=0.999212, this 0.06s, total 29.60s
(T) | Epoch=426, loss=7.0660, c=0.999212, this 0.06s, total 29.66s
+++ model saved ! ./pre_trained_gnn/CiteSeer.GRACE.GAT.curv_1p0000.hyp_True.False.pth
(T) | Epoch=427, loss=7.0660, c=0.999211, this 0.08s, total 29.74s
+++ model saved ! ./pre_trained_gnn/CiteSeer.GRACE.GAT.curv_1p0000.hyp_True.False.pth
(T) | Epoch=428, loss=7.0710, c=0.999211, this 0.08s, total 29.82s
(T) | Epoch=429, loss=7.0631, c=0.999211, this 0.06s, total 29.88s
+++ model saved ! ./pre_trained_gnn/CiteSeer.GRACE.GAT.curv_1p0000.hyp_True.False.pth
(T) | Epoch=430, loss=7.0717, c=0.999210, this 0.08s, total 29.96s
(T) | Epoch=431, loss=7.0689, c=0.999209, this 0.06s, total 30.02s
(T) | Epoch=432, loss=7.0691, c=0.999208, this 0.06s, total 30.08s
(T) | Epoch=433, loss=7.0674, c=0.999209, this 0.06s, total 30.14s
(T) | Epoch=434, loss=7.0618, c=0.999208, this 0.06s, total 30.21s
+++ model saved ! ./pre_trained_gnn/CiteSeer.GRACE.GAT.curv_1p0000.hyp_True.False.pth
(T) | Epoch=435, loss=7.0658, c=0.999208, this 0.08s, total 30.29s
(T) | Epoch=436, loss=7.0642, c=0.999208, this 0.06s, total 30.35s
(T) | Epoch=437, loss=7.0637, c=0.999207, this 0.06s, total 30.41s
(T) | Epoch=438, loss=7.0622, c=0.999207, this 0.06s, total 30.47s
(T) | Epoch=439, loss=7.0601, c=0.999206, this 0.06s, total 30.53s
+++ model saved ! ./pre_trained_gnn/CiteSeer.GRACE.GAT.curv_1p0000.hyp_True.False.pth
(T) | Epoch=440, loss=7.0678, c=0.999206, this 0.08s, total 30.61s
(T) | Epoch=441, loss=7.0685, c=0.999205, this 0.06s, total 30.68s
(T) | Epoch=442, loss=7.0565, c=0.999205, this 0.06s, total 30.74s
+++ model saved ! ./pre_trained_gnn/CiteSeer.GRACE.GAT.curv_1p0000.hyp_True.False.pth
(T) | Epoch=443, loss=7.0700, c=0.999205, this 0.08s, total 30.82s
(T) | Epoch=444, loss=7.0653, c=0.999204, this 0.06s, total 30.88s
(T) | Epoch=445, loss=7.0608, c=0.999204, this 0.06s, total 30.94s
(T) | Epoch=446, loss=7.0654, c=0.999204, this 0.06s, total 31.00s
(T) | Epoch=447, loss=7.0700, c=0.999204, this 0.06s, total 31.06s
(T) | Epoch=448, loss=7.0675, c=0.999203, this 0.06s, total 31.13s
(T) | Epoch=449, loss=7.0617, c=0.999203, this 0.06s, total 31.19s
(T) | Epoch=450, loss=7.0610, c=0.999202, this 0.06s, total 31.25s
(T) | Epoch=451, loss=7.0689, c=0.999201, this 0.06s, total 31.31s
(T) | Epoch=452, loss=7.0586, c=0.999201, this 0.06s, total 31.37s
(T) | Epoch=453, loss=7.0607, c=0.999201, this 0.06s, total 31.43s
(T) | Epoch=454, loss=7.0651, c=0.999201, this 0.06s, total 31.50s
(T) | Epoch=455, loss=7.0558, c=0.999201, this 0.06s, total 31.56s
+++ model saved ! ./pre_trained_gnn/CiteSeer.GRACE.GAT.curv_1p0000.hyp_True.False.pth
(T) | Epoch=456, loss=7.0597, c=0.999200, this 0.08s, total 31.64s
(T) | Epoch=457, loss=7.0588, c=0.999199, this 0.06s, total 31.70s
(T) | Epoch=458, loss=7.0601, c=0.999198, this 0.06s, total 31.76s
(T) | Epoch=459, loss=7.0618, c=0.999198, this 0.06s, total 31.82s
(T) | Epoch=460, loss=7.0624, c=0.999198, this 0.06s, total 31.88s
(T) | Epoch=461, loss=7.0625, c=0.999198, this 0.06s, total 31.95s
(T) | Epoch=462, loss=7.0539, c=0.999198, this 0.06s, total 32.01s
+++ model saved ! ./pre_trained_gnn/CiteSeer.GRACE.GAT.curv_1p0000.hyp_True.False.pth
(T) | Epoch=463, loss=7.0573, c=0.999197, this 0.08s, total 32.09s
(T) | Epoch=464, loss=7.0520, c=0.999197, this 0.06s, total 32.15s
+++ model saved ! ./pre_trained_gnn/CiteSeer.GRACE.GAT.curv_1p0000.hyp_True.False.pth
(T) | Epoch=465, loss=7.0555, c=0.999196, this 0.08s, total 32.23s
(T) | Epoch=466, loss=7.0481, c=0.999195, this 0.06s, total 32.29s
+++ model saved ! ./pre_trained_gnn/CiteSeer.GRACE.GAT.curv_1p0000.hyp_True.False.pth
(T) | Epoch=467, loss=7.0592, c=0.999195, this 0.08s, total 32.37s
(T) | Epoch=468, loss=7.0585, c=0.999196, this 0.06s, total 32.43s
(T) | Epoch=469, loss=7.0596, c=0.999195, this 0.06s, total 32.49s
(T) | Epoch=470, loss=7.0567, c=0.999194, this 0.06s, total 32.56s
(T) | Epoch=471, loss=7.0603, c=0.999193, this 0.06s, total 32.62s
(T) | Epoch=472, loss=7.0582, c=0.999192, this 0.06s, total 32.68s
(T) | Epoch=473, loss=7.0561, c=0.999192, this 0.06s, total 32.74s
(T) | Epoch=474, loss=7.0516, c=0.999192, this 0.06s, total 32.81s
(T) | Epoch=475, loss=7.0580, c=0.999192, this 0.06s, total 32.87s
(T) | Epoch=476, loss=7.0579, c=0.999191, this 0.06s, total 32.93s
(T) | Epoch=477, loss=7.0606, c=0.999189, this 0.06s, total 32.99s
(T) | Epoch=478, loss=7.0547, c=0.999189, this 0.06s, total 33.05s
(T) | Epoch=479, loss=7.0550, c=0.999189, this 0.06s, total 33.11s
(T) | Epoch=480, loss=7.0568, c=0.999190, this 0.06s, total 33.18s
(T) | Epoch=481, loss=7.0595, c=0.999189, this 0.06s, total 33.24s
(T) | Epoch=482, loss=7.0608, c=0.999188, this 0.06s, total 33.30s
(T) | Epoch=483, loss=7.0551, c=0.999187, this 0.06s, total 33.36s
(T) | Epoch=484, loss=7.0589, c=0.999186, this 0.06s, total 33.42s
(T) | Epoch=485, loss=7.0593, c=0.999186, this 0.06s, total 33.49s
(T) | Epoch=486, loss=7.0515, c=0.999187, this 0.06s, total 33.55s
(T) | Epoch=487, loss=7.0538, c=0.999187, this 0.06s, total 33.61s
(T) | Epoch=488, loss=7.0576, c=0.999186, this 0.06s, total 33.67s
(T) | Epoch=489, loss=7.0515, c=0.999185, this 0.06s, total 33.73s
(T) | Epoch=490, loss=7.0537, c=0.999183, this 0.06s, total 33.79s
(T) | Epoch=491, loss=7.0488, c=0.999183, this 0.06s, total 33.86s
(T) | Epoch=492, loss=7.0548, c=0.999184, this 0.06s, total 33.92s
(T) | Epoch=493, loss=7.0466, c=0.999184, this 0.06s, total 33.98s
+++ model saved ! ./pre_trained_gnn/CiteSeer.GRACE.GAT.curv_1p0000.hyp_True.False.pth
(T) | Epoch=494, loss=7.0490, c=0.999183, this 0.08s, total 34.06s
(T) | Epoch=495, loss=7.0579, c=0.999182, this 0.06s, total 34.12s
(T) | Epoch=496, loss=7.0497, c=0.999181, this 0.06s, total 34.18s
(T) | Epoch=497, loss=7.0468, c=0.999180, this 0.06s, total 34.25s
(T) | Epoch=498, loss=7.0529, c=0.999180, this 0.06s, total 34.31s
(T) | Epoch=499, loss=7.0559, c=0.999181, this 0.06s, total 34.37s
(T) | Epoch=500, loss=7.0498, c=0.999181, this 0.06s, total 34.43s
(T) | Epoch=501, loss=7.0533, c=0.999181, this 0.06s, total 34.49s
(T) | Epoch=502, loss=7.0499, c=0.999180, this 0.06s, total 34.55s
(T) | Epoch=503, loss=7.0452, c=0.999178, this 0.06s, total 34.62s
+++ model saved ! ./pre_trained_gnn/CiteSeer.GRACE.GAT.curv_1p0000.hyp_True.False.pth
(T) | Epoch=504, loss=7.0549, c=0.999177, this 0.08s, total 34.70s
(T) | Epoch=505, loss=7.0517, c=0.999177, this 0.06s, total 34.76s
(T) | Epoch=506, loss=7.0529, c=0.999177, this 0.06s, total 34.82s
(T) | Epoch=507, loss=7.0512, c=0.999178, this 0.06s, total 34.88s
(T) | Epoch=508, loss=7.0541, c=0.999178, this 0.06s, total 34.94s
(T) | Epoch=509, loss=7.0484, c=0.999177, this 0.06s, total 35.01s
(T) | Epoch=510, loss=7.0444, c=0.999175, this 0.06s, total 35.07s
+++ model saved ! ./pre_trained_gnn/CiteSeer.GRACE.GAT.curv_1p0000.hyp_True.False.pth
(T) | Epoch=511, loss=7.0493, c=0.999174, this 0.08s, total 35.15s
(T) | Epoch=512, loss=7.0546, c=0.999174, this 0.06s, total 35.21s
(T) | Epoch=513, loss=7.0505, c=0.999174, this 0.06s, total 35.27s
(T) | Epoch=514, loss=7.0435, c=0.999174, this 0.06s, total 35.33s
+++ model saved ! ./pre_trained_gnn/CiteSeer.GRACE.GAT.curv_1p0000.hyp_True.False.pth
(T) | Epoch=515, loss=7.0560, c=0.999174, this 0.08s, total 35.41s
(T) | Epoch=516, loss=7.0492, c=0.999173, this 0.06s, total 35.47s
(T) | Epoch=517, loss=7.0459, c=0.999173, this 0.06s, total 35.54s
(T) | Epoch=518, loss=7.0504, c=0.999172, this 0.06s, total 35.60s
(T) | Epoch=519, loss=7.0437, c=0.999172, this 0.06s, total 35.66s
(T) | Epoch=520, loss=7.0485, c=0.999172, this 0.06s, total 35.72s
(T) | Epoch=521, loss=7.0441, c=0.999171, this 0.06s, total 35.78s
(T) | Epoch=522, loss=7.0479, c=0.999170, this 0.06s, total 35.84s
(T) | Epoch=523, loss=7.0464, c=0.999169, this 0.06s, total 35.91s
(T) | Epoch=524, loss=7.0453, c=0.999169, this 0.06s, total 35.97s
(T) | Epoch=525, loss=7.0515, c=0.999169, this 0.06s, total 36.03s
(T) | Epoch=526, loss=7.0503, c=0.999169, this 0.06s, total 36.09s
(T) | Epoch=527, loss=7.0478, c=0.999169, this 0.06s, total 36.15s
(T) | Epoch=528, loss=7.0486, c=0.999168, this 0.06s, total 36.22s
(T) | Epoch=529, loss=7.0451, c=0.999167, this 0.06s, total 36.28s
(T) | Epoch=530, loss=7.0428, c=0.999166, this 0.06s, total 36.34s
+++ model saved ! ./pre_trained_gnn/CiteSeer.GRACE.GAT.curv_1p0000.hyp_True.False.pth
(T) | Epoch=531, loss=7.0485, c=0.999165, this 0.08s, total 36.42s
(T) | Epoch=532, loss=7.0427, c=0.999165, this 0.06s, total 36.48s
+++ model saved ! ./pre_trained_gnn/CiteSeer.GRACE.GAT.curv_1p0000.hyp_True.False.pth
(T) | Epoch=533, loss=7.0421, c=0.999166, this 0.08s, total 36.56s
+++ model saved ! ./pre_trained_gnn/CiteSeer.GRACE.GAT.curv_1p0000.hyp_True.False.pth
(T) | Epoch=534, loss=7.0435, c=0.999166, this 0.08s, total 36.64s
(T) | Epoch=535, loss=7.0401, c=0.999165, this 0.06s, total 36.70s
+++ model saved ! ./pre_trained_gnn/CiteSeer.GRACE.GAT.curv_1p0000.hyp_True.False.pth
(T) | Epoch=536, loss=7.0511, c=0.999164, this 0.08s, total 36.78s
(T) | Epoch=537, loss=7.0385, c=0.999163, this 0.06s, total 36.84s
+++ model saved ! ./pre_trained_gnn/CiteSeer.GRACE.GAT.curv_1p0000.hyp_True.False.pth
(T) | Epoch=538, loss=7.0453, c=0.999162, this 0.08s, total 36.92s
(T) | Epoch=539, loss=7.0455, c=0.999162, this 0.06s, total 36.98s
(T) | Epoch=540, loss=7.0450, c=0.999163, this 0.06s, total 37.04s
(T) | Epoch=541, loss=7.0417, c=0.999163, this 0.06s, total 37.11s
(T) | Epoch=542, loss=7.0476, c=0.999163, this 0.06s, total 37.17s
(T) | Epoch=543, loss=7.0411, c=0.999161, this 0.06s, total 37.23s
(T) | Epoch=544, loss=7.0440, c=0.999160, this 0.06s, total 37.29s
(T) | Epoch=545, loss=7.0409, c=0.999159, this 0.06s, total 37.35s
(T) | Epoch=546, loss=7.0414, c=0.999159, this 0.06s, total 37.42s
(T) | Epoch=547, loss=7.0442, c=0.999159, this 0.06s, total 37.48s
(T) | Epoch=548, loss=7.0438, c=0.999160, this 0.06s, total 37.54s
(T) | Epoch=549, loss=7.0472, c=0.999159, this 0.06s, total 37.60s
(T) | Epoch=550, loss=7.0418, c=0.999159, this 0.06s, total 37.66s
(T) | Epoch=551, loss=7.0490, c=0.999157, this 0.06s, total 37.73s
(T) | Epoch=552, loss=7.0436, c=0.999157, this 0.06s, total 37.79s
(T) | Epoch=553, loss=7.0442, c=0.999157, this 0.06s, total 37.85s
(T) | Epoch=554, loss=7.0435, c=0.999157, this 0.06s, total 37.91s
(T) | Epoch=555, loss=7.0412, c=0.999157, this 0.06s, total 37.97s
(T) | Epoch=556, loss=7.0468, c=0.999156, this 0.06s, total 38.04s
(T) | Epoch=557, loss=7.0396, c=0.999155, this 0.06s, total 38.10s
(T) | Epoch=558, loss=7.0460, c=0.999155, this 0.06s, total 38.16s
(T) | Epoch=559, loss=7.0365, c=0.999155, this 0.06s, total 38.22s
+++ model saved ! ./pre_trained_gnn/CiteSeer.GRACE.GAT.curv_1p0000.hyp_True.False.pth
(T) | Epoch=560, loss=7.0467, c=0.999154, this 0.08s, total 38.30s
(T) | Epoch=561, loss=7.0402, c=0.999153, this 0.06s, total 38.36s
(T) | Epoch=562, loss=7.0430, c=0.999153, this 0.06s, total 38.43s
(T) | Epoch=563, loss=7.0432, c=0.999153, this 0.06s, total 38.49s
(T) | Epoch=564, loss=7.0374, c=0.999152, this 0.06s, total 38.55s
(T) | Epoch=565, loss=7.0477, c=0.999151, this 0.06s, total 38.61s
(T) | Epoch=566, loss=7.0453, c=0.999151, this 0.06s, total 38.67s
(T) | Epoch=567, loss=7.0386, c=0.999150, this 0.06s, total 38.74s
(T) | Epoch=568, loss=7.0436, c=0.999150, this 0.06s, total 38.80s
(T) | Epoch=569, loss=7.0409, c=0.999150, this 0.06s, total 38.86s
(T) | Epoch=570, loss=7.0365, c=0.999149, this 0.06s, total 38.92s
+++ model saved ! ./pre_trained_gnn/CiteSeer.GRACE.GAT.curv_1p0000.hyp_True.False.pth
(T) | Epoch=571, loss=7.0424, c=0.999148, this 0.08s, total 39.00s
(T) | Epoch=572, loss=7.0408, c=0.999147, this 0.06s, total 39.07s
(T) | Epoch=573, loss=7.0368, c=0.999146, this 0.06s, total 39.13s
(T) | Epoch=574, loss=7.0505, c=0.999146, this 0.06s, total 39.19s
(T) | Epoch=575, loss=7.0359, c=0.999146, this 0.06s, total 39.25s
+++ model saved ! ./pre_trained_gnn/CiteSeer.GRACE.GAT.curv_1p0000.hyp_True.False.pth
(T) | Epoch=576, loss=7.0416, c=0.999145, this 0.08s, total 39.33s
(T) | Epoch=577, loss=7.0373, c=0.999144, this 0.06s, total 39.39s
(T) | Epoch=578, loss=7.0396, c=0.999143, this 0.06s, total 39.45s
(T) | Epoch=579, loss=7.0394, c=0.999142, this 0.06s, total 39.52s
(T) | Epoch=580, loss=7.0385, c=0.999142, this 0.06s, total 39.58s
(T) | Epoch=581, loss=7.0426, c=0.999142, this 0.06s, total 39.64s
(T) | Epoch=582, loss=7.0376, c=0.999142, this 0.06s, total 39.70s
(T) | Epoch=583, loss=7.0392, c=0.999141, this 0.06s, total 39.76s
(T) | Epoch=584, loss=7.0370, c=0.999139, this 0.06s, total 39.83s
(T) | Epoch=585, loss=7.0364, c=0.999139, this 0.06s, total 39.89s
(T) | Epoch=586, loss=7.0351, c=0.999139, this 0.06s, total 39.95s
+++ model saved ! ./pre_trained_gnn/CiteSeer.GRACE.GAT.curv_1p0000.hyp_True.False.pth
(T) | Epoch=587, loss=7.0331, c=0.999139, this 0.08s, total 40.03s
+++ model saved ! ./pre_trained_gnn/CiteSeer.GRACE.GAT.curv_1p0000.hyp_True.False.pth
(T) | Epoch=588, loss=7.0362, c=0.999138, this 0.08s, total 40.11s
(T) | Epoch=589, loss=7.0391, c=0.999138, this 0.06s, total 40.17s
(T) | Epoch=590, loss=7.0332, c=0.999137, this 0.06s, total 40.23s
(T) | Epoch=591, loss=7.0361, c=0.999135, this 0.06s, total 40.29s
(T) | Epoch=592, loss=7.0410, c=0.999135, this 0.06s, total 40.35s
(T) | Epoch=593, loss=7.0357, c=0.999136, this 0.06s, total 40.42s
(T) | Epoch=594, loss=7.0292, c=0.999136, this 0.06s, total 40.48s
+++ model saved ! ./pre_trained_gnn/CiteSeer.GRACE.GAT.curv_1p0000.hyp_True.False.pth
(T) | Epoch=595, loss=7.0387, c=0.999135, this 0.08s, total 40.56s
(T) | Epoch=596, loss=7.0338, c=0.999133, this 0.06s, total 40.62s
(T) | Epoch=597, loss=7.0330, c=0.999132, this 0.06s, total 40.68s
(T) | Epoch=598, loss=7.0336, c=0.999132, this 0.06s, total 40.74s
(T) | Epoch=599, loss=7.0351, c=0.999133, this 0.06s, total 40.81s
(T) | Epoch=600, loss=7.0335, c=0.999133, this 0.06s, total 40.87s
(T) | Epoch=601, loss=7.0319, c=0.999133, this 0.06s, total 40.93s
(T) | Epoch=602, loss=7.0316, c=0.999132, this 0.06s, total 40.99s
(T) | Epoch=603, loss=7.0373, c=0.999130, this 0.06s, total 41.05s
(T) | Epoch=604, loss=7.0347, c=0.999129, this 0.06s, total 41.12s
(T) | Epoch=605, loss=7.0395, c=0.999129, this 0.06s, total 41.18s
(T) | Epoch=606, loss=7.0322, c=0.999130, this 0.06s, total 41.24s
(T) | Epoch=607, loss=7.0337, c=0.999130, this 0.06s, total 41.30s
(T) | Epoch=608, loss=7.0407, c=0.999130, this 0.06s, total 41.37s
(T) | Epoch=609, loss=7.0306, c=0.999129, this 0.06s, total 41.43s
(T) | Epoch=610, loss=7.0378, c=0.999128, this 0.06s, total 41.49s
(T) | Epoch=611, loss=7.0341, c=0.999127, this 0.06s, total 41.55s
(T) | Epoch=612, loss=7.0310, c=0.999126, this 0.06s, total 41.61s
(T) | Epoch=613, loss=7.0320, c=0.999126, this 0.06s, total 41.67s
(T) | Epoch=614, loss=7.0335, c=0.999127, this 0.06s, total 41.74s
(T) | Epoch=615, loss=7.0375, c=0.999128, this 0.06s, total 41.80s
(T) | Epoch=616, loss=7.0314, c=0.999127, this 0.06s, total 41.86s
(T) | Epoch=617, loss=7.0328, c=0.999126, this 0.06s, total 41.92s
(T) | Epoch=618, loss=7.0318, c=0.999124, this 0.06s, total 41.98s
(T) | Epoch=619, loss=7.0351, c=0.999123, this 0.06s, total 42.05s
(T) | Epoch=620, loss=7.0354, c=0.999123, this 0.06s, total 42.11s
(T) | Epoch=621, loss=7.0328, c=0.999124, this 0.06s, total 42.17s
(T) | Epoch=622, loss=7.0294, c=0.999124, this 0.06s, total 42.23s
(T) | Epoch=623, loss=7.0291, c=0.999124, this 0.06s, total 42.29s
+++ model saved ! ./pre_trained_gnn/CiteSeer.GRACE.GAT.curv_1p0000.hyp_True.False.pth
(T) | Epoch=624, loss=7.0305, c=0.999123, this 0.08s, total 42.37s
(T) | Epoch=625, loss=7.0317, c=0.999122, this 0.06s, total 42.44s
(T) | Epoch=626, loss=7.0319, c=0.999121, this 0.06s, total 42.50s
(T) | Epoch=627, loss=7.0325, c=0.999121, this 0.06s, total 42.56s
(T) | Epoch=628, loss=7.0305, c=0.999121, this 0.06s, total 42.62s
(T) | Epoch=629, loss=7.0328, c=0.999121, this 0.06s, total 42.68s
(T) | Epoch=630, loss=7.0320, c=0.999121, this 0.06s, total 42.75s
(T) | Epoch=631, loss=7.0318, c=0.999120, this 0.06s, total 42.81s
(T) | Epoch=632, loss=7.0301, c=0.999120, this 0.06s, total 42.87s
(T) | Epoch=633, loss=7.0247, c=0.999119, this 0.06s, total 42.93s
+++ model saved ! ./pre_trained_gnn/CiteSeer.GRACE.GAT.curv_1p0000.hyp_True.False.pth
(T) | Epoch=634, loss=7.0278, c=0.999119, this 0.08s, total 43.01s
(T) | Epoch=635, loss=7.0320, c=0.999119, this 0.06s, total 43.07s
(T) | Epoch=636, loss=7.0260, c=0.999119, this 0.06s, total 43.13s
(T) | Epoch=637, loss=7.0296, c=0.999118, this 0.06s, total 43.20s
(T) | Epoch=638, loss=7.0260, c=0.999117, this 0.06s, total 43.26s
(T) | Epoch=639, loss=7.0293, c=0.999117, this 0.06s, total 43.32s
(T) | Epoch=640, loss=7.0316, c=0.999116, this 0.06s, total 43.38s
(T) | Epoch=641, loss=7.0376, c=0.999116, this 0.06s, total 43.45s
(T) | Epoch=642, loss=7.0274, c=0.999115, this 0.06s, total 43.51s
(T) | Epoch=643, loss=7.0303, c=0.999115, this 0.06s, total 43.57s
(T) | Epoch=644, loss=7.0313, c=0.999115, this 0.06s, total 43.63s
(T) | Epoch=645, loss=7.0274, c=0.999115, this 0.06s, total 43.69s
(T) | Epoch=646, loss=7.0306, c=0.999114, this 0.06s, total 43.76s
(T) | Epoch=647, loss=7.0296, c=0.999114, this 0.06s, total 43.82s
(T) | Epoch=648, loss=7.0290, c=0.999113, this 0.06s, total 43.88s
(T) | Epoch=649, loss=7.0299, c=0.999113, this 0.06s, total 43.94s
(T) | Epoch=650, loss=7.0265, c=0.999113, this 0.06s, total 44.00s
(T) | Epoch=651, loss=7.0254, c=0.999113, this 0.06s, total 44.06s
(T) | Epoch=652, loss=7.0338, c=0.999112, this 0.06s, total 44.13s
(T) | Epoch=653, loss=7.0310, c=0.999111, this 0.06s, total 44.19s
(T) | Epoch=654, loss=7.0325, c=0.999111, this 0.06s, total 44.25s
(T) | Epoch=655, loss=7.0319, c=0.999110, this 0.06s, total 44.31s
(T) | Epoch=656, loss=7.0338, c=0.999110, this 0.06s, total 44.37s
(T) | Epoch=657, loss=7.0269, c=0.999110, this 0.06s, total 44.44s
(T) | Epoch=658, loss=7.0279, c=0.999110, this 0.06s, total 44.50s
(T) | Epoch=659, loss=7.0292, c=0.999109, this 0.06s, total 44.56s
(T) | Epoch=660, loss=7.0306, c=0.999109, this 0.06s, total 44.62s
(T) | Epoch=661, loss=7.0275, c=0.999109, this 0.06s, total 44.69s
(T) | Epoch=662, loss=7.0271, c=0.999107, this 0.06s, total 44.75s
(T) | Epoch=663, loss=7.0300, c=0.999107, this 0.06s, total 44.81s
(T) | Epoch=664, loss=7.0277, c=0.999106, this 0.06s, total 44.87s
(T) | Epoch=665, loss=7.0301, c=0.999107, this 0.06s, total 44.94s
(T) | Epoch=666, loss=7.0238, c=0.999107, this 0.06s, total 45.00s
+++ model saved ! ./pre_trained_gnn/CiteSeer.GRACE.GAT.curv_1p0000.hyp_True.False.pth
(T) | Epoch=667, loss=7.0228, c=0.999107, this 0.08s, total 45.08s
+++ model saved ! ./pre_trained_gnn/CiteSeer.GRACE.GAT.curv_1p0000.hyp_True.False.pth
(T) | Epoch=668, loss=7.0257, c=0.999106, this 0.08s, total 45.16s
(T) | Epoch=669, loss=7.0323, c=0.999105, this 0.06s, total 45.22s
(T) | Epoch=670, loss=7.0215, c=0.999104, this 0.06s, total 45.28s
+++ model saved ! ./pre_trained_gnn/CiteSeer.GRACE.GAT.curv_1p0000.hyp_True.False.pth
(T) | Epoch=671, loss=7.0293, c=0.999103, this 0.08s, total 45.36s
(T) | Epoch=672, loss=7.0224, c=0.999103, this 0.06s, total 45.42s
(T) | Epoch=673, loss=7.0280, c=0.999103, this 0.06s, total 45.48s
(T) | Epoch=674, loss=7.0214, c=0.999103, this 0.06s, total 45.55s
+++ model saved ! ./pre_trained_gnn/CiteSeer.GRACE.GAT.curv_1p0000.hyp_True.False.pth
(T) | Epoch=675, loss=7.0260, c=0.999103, this 0.08s, total 45.63s
(T) | Epoch=676, loss=7.0231, c=0.999102, this 0.06s, total 45.69s
(T) | Epoch=677, loss=7.0226, c=0.999101, this 0.06s, total 45.75s
(T) | Epoch=678, loss=7.0250, c=0.999101, this 0.06s, total 45.81s
(T) | Epoch=679, loss=7.0273, c=0.999100, this 0.06s, total 45.87s
(T) | Epoch=680, loss=7.0247, c=0.999100, this 0.06s, total 45.94s
(T) | Epoch=681, loss=7.0241, c=0.999099, this 0.06s, total 46.00s
(T) | Epoch=682, loss=7.0233, c=0.999099, this 0.06s, total 46.06s
(T) | Epoch=683, loss=7.0277, c=0.999099, this 0.06s, total 46.12s
(T) | Epoch=684, loss=7.0251, c=0.999098, this 0.06s, total 46.18s
(T) | Epoch=685, loss=7.0228, c=0.999097, this 0.06s, total 46.25s
(T) | Epoch=686, loss=7.0251, c=0.999097, this 0.06s, total 46.31s
(T) | Epoch=687, loss=7.0274, c=0.999096, this 0.06s, total 46.37s
(T) | Epoch=688, loss=7.0201, c=0.999096, this 0.06s, total 46.43s
+++ model saved ! ./pre_trained_gnn/CiteSeer.GRACE.GAT.curv_1p0000.hyp_True.False.pth
(T) | Epoch=689, loss=7.0248, c=0.999096, this 0.08s, total 46.51s
(T) | Epoch=690, loss=7.0260, c=0.999096, this 0.06s, total 46.57s
(T) | Epoch=691, loss=7.0196, c=0.999095, this 0.06s, total 46.63s
+++ model saved ! ./pre_trained_gnn/CiteSeer.GRACE.GAT.curv_1p0000.hyp_True.False.pth
(T) | Epoch=692, loss=7.0259, c=0.999094, this 0.08s, total 46.72s
(T) | Epoch=693, loss=7.0218, c=0.999093, this 0.06s, total 46.78s
(T) | Epoch=694, loss=7.0248, c=0.999093, this 0.06s, total 46.84s
(T) | Epoch=695, loss=7.0201, c=0.999093, this 0.06s, total 46.90s
(T) | Epoch=696, loss=7.0251, c=0.999093, this 0.06s, total 46.96s
(T) | Epoch=697, loss=7.0201, c=0.999093, this 0.06s, total 47.02s
(T) | Epoch=698, loss=7.0256, c=0.999092, this 0.06s, total 47.09s
(T) | Epoch=699, loss=7.0276, c=0.999092, this 0.06s, total 47.15s
(T) | Epoch=700, loss=7.0260, c=0.999091, this 0.06s, total 47.21s
(T) | Epoch=701, loss=7.0235, c=0.999090, this 0.06s, total 47.27s
(T) | Epoch=702, loss=7.0231, c=0.999090, this 0.06s, total 47.34s
(T) | Epoch=703, loss=7.0219, c=0.999090, this 0.06s, total 47.40s
(T) | Epoch=704, loss=7.0193, c=0.999090, this 0.06s, total 47.46s
+++ model saved ! ./pre_trained_gnn/CiteSeer.GRACE.GAT.curv_1p0000.hyp_True.False.pth
(T) | Epoch=705, loss=7.0256, c=0.999089, this 0.08s, total 47.54s
(T) | Epoch=706, loss=7.0267, c=0.999088, this 0.06s, total 47.60s
(T) | Epoch=707, loss=7.0188, c=0.999087, this 0.06s, total 47.66s
+++ model saved ! ./pre_trained_gnn/CiteSeer.GRACE.GAT.curv_1p0000.hyp_True.False.pth
(T) | Epoch=708, loss=7.0236, c=0.999087, this 0.08s, total 47.74s
(T) | Epoch=709, loss=7.0172, c=0.999088, this 0.06s, total 47.80s
+++ model saved ! ./pre_trained_gnn/CiteSeer.GRACE.GAT.curv_1p0000.hyp_True.False.pth
(T) | Epoch=710, loss=7.0194, c=0.999088, this 0.08s, total 47.88s
(T) | Epoch=711, loss=7.0168, c=0.999087, this 0.06s, total 47.94s
+++ model saved ! ./pre_trained_gnn/CiteSeer.GRACE.GAT.curv_1p0000.hyp_True.False.pth
(T) | Epoch=712, loss=7.0215, c=0.999086, this 0.08s, total 48.03s
(T) | Epoch=713, loss=7.0200, c=0.999085, this 0.06s, total 48.09s
(T) | Epoch=714, loss=7.0227, c=0.999084, this 0.06s, total 48.15s
(T) | Epoch=715, loss=7.0187, c=0.999084, this 0.06s, total 48.21s
(T) | Epoch=716, loss=7.0198, c=0.999085, this 0.06s, total 48.28s
(T) | Epoch=717, loss=7.0225, c=0.999085, this 0.06s, total 48.34s
(T) | Epoch=718, loss=7.0189, c=0.999085, this 0.06s, total 48.40s
(T) | Epoch=719, loss=7.0219, c=0.999084, this 0.06s, total 48.46s
(T) | Epoch=720, loss=7.0193, c=0.999083, this 0.06s, total 48.52s
(T) | Epoch=721, loss=7.0205, c=0.999082, this 0.06s, total 48.59s
(T) | Epoch=722, loss=7.0230, c=0.999082, this 0.06s, total 48.65s
(T) | Epoch=723, loss=7.0194, c=0.999082, this 0.06s, total 48.71s
(T) | Epoch=724, loss=7.0241, c=0.999082, this 0.06s, total 48.77s
(T) | Epoch=725, loss=7.0169, c=0.999082, this 0.06s, total 48.83s
(T) | Epoch=726, loss=7.0160, c=0.999082, this 0.06s, total 48.90s
+++ model saved ! ./pre_trained_gnn/CiteSeer.GRACE.GAT.curv_1p0000.hyp_True.False.pth
(T) | Epoch=727, loss=7.0199, c=0.999081, this 0.08s, total 48.97s
(T) | Epoch=728, loss=7.0193, c=0.999080, this 0.06s, total 49.04s
(T) | Epoch=729, loss=7.0206, c=0.999079, this 0.06s, total 49.10s
(T) | Epoch=730, loss=7.0158, c=0.999078, this 0.06s, total 49.16s
+++ model saved ! ./pre_trained_gnn/CiteSeer.GRACE.GAT.curv_1p0000.hyp_True.False.pth
(T) | Epoch=731, loss=7.0254, c=0.999079, this 0.08s, total 49.24s
(T) | Epoch=732, loss=7.0191, c=0.999079, this 0.06s, total 49.30s
(T) | Epoch=733, loss=7.0211, c=0.999079, this 0.06s, total 49.36s
(T) | Epoch=734, loss=7.0198, c=0.999078, this 0.06s, total 49.42s
(T) | Epoch=735, loss=7.0224, c=0.999076, this 0.06s, total 49.49s
(T) | Epoch=736, loss=7.0172, c=0.999075, this 0.06s, total 49.55s
(T) | Epoch=737, loss=7.0197, c=0.999075, this 0.06s, total 49.61s
(T) | Epoch=738, loss=7.0241, c=0.999075, this 0.06s, total 49.67s
(T) | Epoch=739, loss=7.0234, c=0.999075, this 0.06s, total 49.73s
(T) | Epoch=740, loss=7.0161, c=0.999075, this 0.06s, total 49.80s
(T) | Epoch=741, loss=7.0228, c=0.999074, this 0.06s, total 49.86s
(T) | Epoch=742, loss=7.0190, c=0.999073, this 0.06s, total 49.92s
(T) | Epoch=743, loss=7.0173, c=0.999072, this 0.06s, total 49.98s
(T) | Epoch=744, loss=7.0219, c=0.999071, this 0.06s, total 50.05s
(T) | Epoch=745, loss=7.0150, c=0.999071, this 0.06s, total 50.11s
+++ model saved ! ./pre_trained_gnn/CiteSeer.GRACE.GAT.curv_1p0000.hyp_True.False.pth
(T) | Epoch=746, loss=7.0205, c=0.999071, this 0.08s, total 50.19s
(T) | Epoch=747, loss=7.0178, c=0.999071, this 0.06s, total 50.25s
(T) | Epoch=748, loss=7.0149, c=0.999070, this 0.06s, total 50.31s
+++ model saved ! ./pre_trained_gnn/CiteSeer.GRACE.GAT.curv_1p0000.hyp_True.False.pth
(T) | Epoch=749, loss=7.0137, c=0.999069, this 0.08s, total 50.39s
+++ model saved ! ./pre_trained_gnn/CiteSeer.GRACE.GAT.curv_1p0000.hyp_True.False.pth
(T) | Epoch=750, loss=7.0195, c=0.999068, this 0.08s, total 50.47s
(T) | Epoch=751, loss=7.0190, c=0.999068, this 0.06s, total 50.53s
(T) | Epoch=752, loss=7.0174, c=0.999068, this 0.06s, total 50.60s
(T) | Epoch=753, loss=7.0172, c=0.999067, this 0.06s, total 50.66s
(T) | Epoch=754, loss=7.0223, c=0.999067, this 0.06s, total 50.72s
(T) | Epoch=755, loss=7.0122, c=0.999067, this 0.06s, total 50.78s
+++ model saved ! ./pre_trained_gnn/CiteSeer.GRACE.GAT.curv_1p0000.hyp_True.False.pth
(T) | Epoch=756, loss=7.0146, c=0.999066, this 0.08s, total 50.86s
(T) | Epoch=757, loss=7.0148, c=0.999066, this 0.06s, total 50.92s
(T) | Epoch=758, loss=7.0223, c=0.999065, this 0.06s, total 50.98s
(T) | Epoch=759, loss=7.0134, c=0.999065, this 0.06s, total 51.04s
(T) | Epoch=760, loss=7.0179, c=0.999064, this 0.06s, total 51.11s
(T) | Epoch=761, loss=7.0162, c=0.999063, this 0.06s, total 51.17s
(T) | Epoch=762, loss=7.0174, c=0.999063, this 0.06s, total 51.23s
(T) | Epoch=763, loss=7.0200, c=0.999063, this 0.06s, total 51.29s
(T) | Epoch=764, loss=7.0102, c=0.999063, this 0.06s, total 51.36s
+++ model saved ! ./pre_trained_gnn/CiteSeer.GRACE.GAT.curv_1p0000.hyp_True.False.pth
(T) | Epoch=765, loss=7.0188, c=0.999063, this 0.08s, total 51.43s
(T) | Epoch=766, loss=7.0177, c=0.999061, this 0.06s, total 51.50s
(T) | Epoch=767, loss=7.0181, c=0.999060, this 0.06s, total 51.56s
(T) | Epoch=768, loss=7.0155, c=0.999059, this 0.06s, total 51.62s
(T) | Epoch=769, loss=7.0169, c=0.999059, this 0.06s, total 51.68s
(T) | Epoch=770, loss=7.0142, c=0.999059, this 0.06s, total 51.74s
(T) | Epoch=771, loss=7.0174, c=0.999060, this 0.06s, total 51.81s
(T) | Epoch=772, loss=7.0111, c=0.999059, this 0.06s, total 51.87s
(T) | Epoch=773, loss=7.0120, c=0.999058, this 0.06s, total 51.93s
(T) | Epoch=774, loss=7.0123, c=0.999056, this 0.06s, total 51.99s
(T) | Epoch=775, loss=7.0130, c=0.999056, this 0.06s, total 52.05s
(T) | Epoch=776, loss=7.0174, c=0.999055, this 0.06s, total 52.12s
(T) | Epoch=777, loss=7.0118, c=0.999056, this 0.06s, total 52.18s
(T) | Epoch=778, loss=7.0165, c=0.999056, this 0.06s, total 52.24s
(T) | Epoch=779, loss=7.0177, c=0.999055, this 0.06s, total 52.30s
(T) | Epoch=780, loss=7.0159, c=0.999055, this 0.06s, total 52.37s
(T) | Epoch=781, loss=7.0136, c=0.999054, this 0.06s, total 52.43s
(T) | Epoch=782, loss=7.0132, c=0.999053, this 0.06s, total 52.49s
(T) | Epoch=783, loss=7.0157, c=0.999053, this 0.06s, total 52.55s
(T) | Epoch=784, loss=7.0139, c=0.999053, this 0.06s, total 52.61s
(T) | Epoch=785, loss=7.0169, c=0.999053, this 0.06s, total 52.68s
(T) | Epoch=786, loss=7.0173, c=0.999052, this 0.06s, total 52.74s
(T) | Epoch=787, loss=7.0174, c=0.999052, this 0.06s, total 52.80s
(T) | Epoch=788, loss=7.0141, c=0.999051, this 0.06s, total 52.86s
(T) | Epoch=789, loss=7.0146, c=0.999050, this 0.06s, total 52.92s
(T) | Epoch=790, loss=7.0134, c=0.999050, this 0.06s, total 52.99s
(T) | Epoch=791, loss=7.0098, c=0.999050, this 0.06s, total 53.05s
+++ model saved ! ./pre_trained_gnn/CiteSeer.GRACE.GAT.curv_1p0000.hyp_True.False.pth
(T) | Epoch=792, loss=7.0087, c=0.999050, this 0.08s, total 53.13s
+++ model saved ! ./pre_trained_gnn/CiteSeer.GRACE.GAT.curv_1p0000.hyp_True.False.pth
(T) | Epoch=793, loss=7.0124, c=0.999049, this 0.08s, total 53.21s
(T) | Epoch=794, loss=7.0082, c=0.999048, this 0.06s, total 53.27s
+++ model saved ! ./pre_trained_gnn/CiteSeer.GRACE.GAT.curv_1p0000.hyp_True.False.pth
(T) | Epoch=795, loss=7.0088, c=0.999047, this 0.08s, total 53.35s
(T) | Epoch=796, loss=7.0119, c=0.999047, this 0.06s, total 53.41s
(T) | Epoch=797, loss=7.0128, c=0.999047, this 0.06s, total 53.47s
(T) | Epoch=798, loss=7.0077, c=0.999046, this 0.06s, total 53.54s
+++ model saved ! ./pre_trained_gnn/CiteSeer.GRACE.GAT.curv_1p0000.hyp_True.False.pth
(T) | Epoch=799, loss=7.0111, c=0.999046, this 0.08s, total 53.62s
(T) | Epoch=800, loss=7.0152, c=0.999045, this 0.06s, total 53.68s
(T) | Epoch=801, loss=7.0099, c=0.999045, this 0.06s, total 53.74s
(T) | Epoch=802, loss=7.0113, c=0.999045, this 0.06s, total 53.80s
(T) | Epoch=803, loss=7.0122, c=0.999044, this 0.06s, total 53.86s
(T) | Epoch=804, loss=7.0088, c=0.999043, this 0.06s, total 53.92s
(T) | Epoch=805, loss=7.0101, c=0.999043, this 0.06s, total 53.99s
(T) | Epoch=806, loss=7.0166, c=0.999043, this 0.06s, total 54.05s
(T) | Epoch=807, loss=7.0077, c=0.999043, this 0.06s, total 54.11s
(T) | Epoch=808, loss=7.0108, c=0.999042, this 0.06s, total 54.17s
(T) | Epoch=809, loss=7.0097, c=0.999042, this 0.06s, total 54.23s
(T) | Epoch=810, loss=7.0157, c=0.999042, this 0.06s, total 54.30s
(T) | Epoch=811, loss=7.0080, c=0.999041, this 0.06s, total 54.36s
(T) | Epoch=812, loss=7.0070, c=0.999041, this 0.06s, total 54.42s
+++ model saved ! ./pre_trained_gnn/CiteSeer.GRACE.GAT.curv_1p0000.hyp_True.False.pth
(T) | Epoch=813, loss=7.0095, c=0.999040, this 0.08s, total 54.50s
(T) | Epoch=814, loss=7.0069, c=0.999040, this 0.06s, total 54.56s
+++ model saved ! ./pre_trained_gnn/CiteSeer.GRACE.GAT.curv_1p0000.hyp_True.False.pth
(T) | Epoch=815, loss=7.0149, c=0.999040, this 0.08s, total 54.64s
(T) | Epoch=816, loss=7.0054, c=0.999040, this 0.06s, total 54.70s
+++ model saved ! ./pre_trained_gnn/CiteSeer.GRACE.GAT.curv_1p0000.hyp_True.False.pth
(T) | Epoch=817, loss=7.0112, c=0.999040, this 0.08s, total 54.78s
(T) | Epoch=818, loss=7.0128, c=0.999039, this 0.06s, total 54.84s
(T) | Epoch=819, loss=7.0104, c=0.999038, this 0.06s, total 54.91s
(T) | Epoch=820, loss=7.0086, c=0.999037, this 0.06s, total 54.97s
(T) | Epoch=821, loss=7.0104, c=0.999036, this 0.06s, total 55.03s
(T) | Epoch=822, loss=7.0102, c=0.999037, this 0.06s, total 55.09s
(T) | Epoch=823, loss=7.0141, c=0.999037, this 0.06s, total 55.15s
(T) | Epoch=824, loss=7.0094, c=0.999037, this 0.06s, total 55.22s
(T) | Epoch=825, loss=7.0162, c=0.999036, this 0.06s, total 55.28s
(T) | Epoch=826, loss=7.0111, c=0.999035, this 0.06s, total 55.34s
(T) | Epoch=827, loss=7.0131, c=0.999035, this 0.06s, total 55.40s
(T) | Epoch=828, loss=7.0078, c=0.999034, this 0.06s, total 55.46s
(T) | Epoch=829, loss=7.0089, c=0.999034, this 0.06s, total 55.53s
(T) | Epoch=830, loss=7.0129, c=0.999034, this 0.06s, total 55.59s
(T) | Epoch=831, loss=7.0138, c=0.999033, this 0.06s, total 55.65s
(T) | Epoch=832, loss=7.0064, c=0.999033, this 0.06s, total 55.71s
(T) | Epoch=833, loss=7.0089, c=0.999032, this 0.06s, total 55.77s
(T) | Epoch=834, loss=7.0146, c=0.999032, this 0.06s, total 55.84s
(T) | Epoch=835, loss=7.0065, c=0.999032, this 0.06s, total 55.90s
(T) | Epoch=836, loss=7.0055, c=0.999032, this 0.06s, total 55.96s
(T) | Epoch=837, loss=7.0097, c=0.999031, this 0.06s, total 56.02s
(T) | Epoch=838, loss=7.0100, c=0.999030, this 0.06s, total 56.08s
(T) | Epoch=839, loss=7.0062, c=0.999029, this 0.06s, total 56.15s
(T) | Epoch=840, loss=7.0133, c=0.999029, this 0.06s, total 56.21s
(T) | Epoch=841, loss=7.0075, c=0.999030, this 0.06s, total 56.27s
(T) | Epoch=842, loss=7.0073, c=0.999030, this 0.06s, total 56.33s
(T) | Epoch=843, loss=7.0058, c=0.999029, this 0.06s, total 56.39s
(T) | Epoch=844, loss=7.0186, c=0.999028, this 0.06s, total 56.46s
(T) | Epoch=845, loss=7.0019, c=0.999027, this 0.06s, total 56.52s
+++ model saved ! ./pre_trained_gnn/CiteSeer.GRACE.GAT.curv_1p0000.hyp_True.False.pth
(T) | Epoch=846, loss=7.0098, c=0.999027, this 0.08s, total 56.60s
(T) | Epoch=847, loss=7.0142, c=0.999027, this 0.06s, total 56.66s
(T) | Epoch=848, loss=7.0076, c=0.999027, this 0.06s, total 56.72s
(T) | Epoch=849, loss=7.0087, c=0.999026, this 0.06s, total 56.78s
(T) | Epoch=850, loss=7.0105, c=0.999026, this 0.06s, total 56.84s
(T) | Epoch=851, loss=7.0043, c=0.999025, this 0.06s, total 56.91s
(T) | Epoch=852, loss=7.0110, c=0.999025, this 0.06s, total 56.97s
(T) | Epoch=853, loss=7.0075, c=0.999025, this 0.06s, total 57.03s
(T) | Epoch=854, loss=7.0105, c=0.999024, this 0.06s, total 57.09s
(T) | Epoch=855, loss=7.0042, c=0.999024, this 0.06s, total 57.15s
(T) | Epoch=856, loss=7.0058, c=0.999024, this 0.06s, total 57.22s
(T) | Epoch=857, loss=7.0070, c=0.999024, this 0.06s, total 57.28s
(T) | Epoch=858, loss=7.0051, c=0.999023, this 0.06s, total 57.34s
(T) | Epoch=859, loss=7.0117, c=0.999023, this 0.06s, total 57.40s
(T) | Epoch=860, loss=7.0063, c=0.999022, this 0.06s, total 57.46s
(T) | Epoch=861, loss=7.0073, c=0.999021, this 0.06s, total 57.52s
(T) | Epoch=862, loss=7.0036, c=0.999021, this 0.06s, total 57.59s
(T) | Epoch=863, loss=7.0078, c=0.999021, this 0.06s, total 57.65s
(T) | Epoch=864, loss=7.0050, c=0.999021, this 0.06s, total 57.71s
(T) | Epoch=865, loss=7.0069, c=0.999021, this 0.06s, total 57.77s
(T) | Epoch=866, loss=7.0041, c=0.999020, this 0.06s, total 57.83s
(T) | Epoch=867, loss=7.0037, c=0.999019, this 0.06s, total 57.90s
(T) | Epoch=868, loss=7.0062, c=0.999018, this 0.06s, total 57.96s
(T) | Epoch=869, loss=7.0064, c=0.999018, this 0.06s, total 58.02s
(T) | Epoch=870, loss=7.0026, c=0.999018, this 0.06s, total 58.08s
(T) | Epoch=871, loss=7.0055, c=0.999018, this 0.06s, total 58.15s
(T) | Epoch=872, loss=7.0029, c=0.999018, this 0.06s, total 58.21s
(T) | Epoch=873, loss=7.0011, c=0.999017, this 0.06s, total 58.27s
+++ model saved ! ./pre_trained_gnn/CiteSeer.GRACE.GAT.curv_1p0000.hyp_True.False.pth
(T) | Epoch=874, loss=7.0039, c=0.999017, this 0.08s, total 58.35s
(T) | Epoch=875, loss=7.0053, c=0.999017, this 0.06s, total 58.41s
(T) | Epoch=876, loss=7.0021, c=0.999016, this 0.06s, total 58.47s
(T) | Epoch=877, loss=7.0033, c=0.999015, this 0.06s, total 58.53s
(T) | Epoch=878, loss=7.0007, c=0.999015, this 0.06s, total 58.60s
+++ model saved ! ./pre_trained_gnn/CiteSeer.GRACE.GAT.curv_1p0000.hyp_True.False.pth
(T) | Epoch=879, loss=7.0063, c=0.999015, this 0.08s, total 58.68s
(T) | Epoch=880, loss=7.0072, c=0.999015, this 0.06s, total 58.74s
(T) | Epoch=881, loss=7.0066, c=0.999014, this 0.06s, total 58.80s
(T) | Epoch=882, loss=7.0060, c=0.999014, this 0.06s, total 58.86s
(T) | Epoch=883, loss=7.0041, c=0.999014, this 0.06s, total 58.92s
(T) | Epoch=884, loss=7.0057, c=0.999013, this 0.06s, total 58.99s
(T) | Epoch=885, loss=7.0026, c=0.999013, this 0.06s, total 59.05s
(T) | Epoch=886, loss=7.0030, c=0.999012, this 0.06s, total 59.11s
(T) | Epoch=887, loss=7.0051, c=0.999012, this 0.06s, total 59.17s
(T) | Epoch=888, loss=7.0031, c=0.999012, this 0.06s, total 59.23s
(T) | Epoch=889, loss=7.0088, c=0.999012, this 0.06s, total 59.30s
(T) | Epoch=890, loss=7.0096, c=0.999011, this 0.06s, total 59.36s
(T) | Epoch=891, loss=7.0040, c=0.999011, this 0.06s, total 59.42s
(T) | Epoch=892, loss=7.0033, c=0.999010, this 0.06s, total 59.48s
(T) | Epoch=893, loss=7.0042, c=0.999010, this 0.06s, total 59.54s
(T) | Epoch=894, loss=7.0033, c=0.999010, this 0.06s, total 59.61s
(T) | Epoch=895, loss=7.0076, c=0.999010, this 0.06s, total 59.67s
(T) | Epoch=896, loss=7.0069, c=0.999009, this 0.06s, total 59.73s
(T) | Epoch=897, loss=7.0029, c=0.999009, this 0.06s, total 59.79s
(T) | Epoch=898, loss=7.0009, c=0.999008, this 0.06s, total 59.85s
(T) | Epoch=899, loss=7.0050, c=0.999008, this 0.06s, total 59.91s
(T) | Epoch=900, loss=7.0025, c=0.999007, this 0.06s, total 59.98s
(T) | Epoch=901, loss=7.0006, c=0.999007, this 0.06s, total 60.04s
+++ model saved ! ./pre_trained_gnn/CiteSeer.GRACE.GAT.curv_1p0000.hyp_True.False.pth
(T) | Epoch=902, loss=7.0030, c=0.999007, this 0.08s, total 60.12s
(T) | Epoch=903, loss=7.0018, c=0.999007, this 0.06s, total 60.18s
(T) | Epoch=904, loss=7.0107, c=0.999006, this 0.06s, total 60.24s
(T) | Epoch=905, loss=7.0026, c=0.999005, this 0.06s, total 60.30s
(T) | Epoch=906, loss=7.0049, c=0.999004, this 0.06s, total 60.37s
(T) | Epoch=907, loss=7.0022, c=0.999004, this 0.06s, total 60.43s
(T) | Epoch=908, loss=7.0050, c=0.999005, this 0.06s, total 60.49s
(T) | Epoch=909, loss=7.0039, c=0.999004, this 0.06s, total 60.55s
(T) | Epoch=910, loss=7.0053, c=0.999004, this 0.06s, total 60.61s
(T) | Epoch=911, loss=6.9966, c=0.999003, this 0.06s, total 60.68s
+++ model saved ! ./pre_trained_gnn/CiteSeer.GRACE.GAT.curv_1p0000.hyp_True.False.pth
(T) | Epoch=912, loss=7.0046, c=0.999003, this 0.08s, total 60.76s
(T) | Epoch=913, loss=7.0024, c=0.999002, this 0.06s, total 60.82s
(T) | Epoch=914, loss=6.9997, c=0.999002, this 0.06s, total 60.88s
(T) | Epoch=915, loss=7.0060, c=0.999001, this 0.06s, total 60.94s
(T) | Epoch=916, loss=7.0036, c=0.999002, this 0.06s, total 61.00s
(T) | Epoch=917, loss=7.0017, c=0.999002, this 0.06s, total 61.07s
(T) | Epoch=918, loss=7.0037, c=0.999001, this 0.06s, total 61.13s
(T) | Epoch=919, loss=7.0027, c=0.999000, this 0.06s, total 61.19s
(T) | Epoch=920, loss=6.9975, c=0.999000, this 0.06s, total 61.25s
(T) | Epoch=921, loss=6.9994, c=0.998999, this 0.06s, total 61.31s
(T) | Epoch=922, loss=6.9993, c=0.998999, this 0.06s, total 61.38s
(T) | Epoch=923, loss=7.0001, c=0.998999, this 0.06s, total 61.44s
(T) | Epoch=924, loss=7.0016, c=0.998999, this 0.06s, total 61.50s
(T) | Epoch=925, loss=7.0003, c=0.998998, this 0.06s, total 61.56s
(T) | Epoch=926, loss=7.0016, c=0.998998, this 0.06s, total 61.62s
(T) | Epoch=927, loss=7.0052, c=0.998997, this 0.06s, total 61.68s
(T) | Epoch=928, loss=7.0016, c=0.998997, this 0.06s, total 61.75s
(T) | Epoch=929, loss=7.0050, c=0.998997, this 0.06s, total 61.81s
(T) | Epoch=930, loss=6.9980, c=0.998996, this 0.06s, total 61.87s
(T) | Epoch=931, loss=7.0008, c=0.998996, this 0.06s, total 61.93s
(T) | Epoch=932, loss=7.0004, c=0.998996, this 0.06s, total 61.99s
(T) | Epoch=933, loss=7.0023, c=0.998995, this 0.06s, total 62.06s
(T) | Epoch=934, loss=7.0027, c=0.998995, this 0.06s, total 62.12s
(T) | Epoch=935, loss=6.9989, c=0.998994, this 0.06s, total 62.18s
(T) | Epoch=936, loss=6.9967, c=0.998994, this 0.06s, total 62.24s
(T) | Epoch=937, loss=7.0001, c=0.998994, this 0.06s, total 62.30s
(T) | Epoch=938, loss=7.0024, c=0.998994, this 0.06s, total 62.36s
(T) | Epoch=939, loss=6.9977, c=0.998993, this 0.06s, total 62.43s
(T) | Epoch=940, loss=7.0019, c=0.998993, this 0.06s, total 62.49s
(T) | Epoch=941, loss=7.0033, c=0.998992, this 0.06s, total 62.55s
(T) | Epoch=942, loss=7.0020, c=0.998992, this 0.06s, total 62.61s
(T) | Epoch=943, loss=7.0024, c=0.998992, this 0.06s, total 62.67s
(T) | Epoch=944, loss=7.0011, c=0.998991, this 0.06s, total 62.74s
(T) | Epoch=945, loss=6.9977, c=0.998991, this 0.06s, total 62.80s
(T) | Epoch=946, loss=6.9968, c=0.998990, this 0.06s, total 62.86s
(T) | Epoch=947, loss=6.9957, c=0.998990, this 0.06s, total 62.92s
+++ model saved ! ./pre_trained_gnn/CiteSeer.GRACE.GAT.curv_1p0000.hyp_True.False.pth
(T) | Epoch=948, loss=7.0017, c=0.998989, this 0.08s, total 63.00s
(T) | Epoch=949, loss=6.9947, c=0.998989, this 0.06s, total 63.06s
+++ model saved ! ./pre_trained_gnn/CiteSeer.GRACE.GAT.curv_1p0000.hyp_True.False.pth
(T) | Epoch=950, loss=7.0028, c=0.998989, this 0.08s, total 63.14s
(T) | Epoch=951, loss=6.9987, c=0.998989, this 0.06s, total 63.20s
(T) | Epoch=952, loss=7.0053, c=0.998988, this 0.06s, total 63.27s
(T) | Epoch=953, loss=6.9972, c=0.998987, this 0.06s, total 63.33s
(T) | Epoch=954, loss=7.0038, c=0.998986, this 0.06s, total 63.39s
(T) | Epoch=955, loss=7.0019, c=0.998986, this 0.06s, total 63.45s
(T) | Epoch=956, loss=7.0014, c=0.998986, this 0.06s, total 63.51s
(T) | Epoch=957, loss=6.9980, c=0.998987, this 0.06s, total 63.58s
(T) | Epoch=958, loss=7.0062, c=0.998986, this 0.06s, total 63.64s
(T) | Epoch=959, loss=6.9992, c=0.998985, this 0.06s, total 63.70s
(T) | Epoch=960, loss=7.0002, c=0.998984, this 0.06s, total 63.76s
(T) | Epoch=961, loss=7.0045, c=0.998983, this 0.06s, total 63.83s
(T) | Epoch=962, loss=6.9976, c=0.998983, this 0.06s, total 63.89s
(T) | Epoch=963, loss=7.0024, c=0.998983, this 0.06s, total 63.95s
(T) | Epoch=964, loss=6.9974, c=0.998984, this 0.06s, total 64.01s
(T) | Epoch=965, loss=7.0020, c=0.998984, this 0.06s, total 64.07s
(T) | Epoch=966, loss=6.9987, c=0.998983, this 0.06s, total 64.14s
(T) | Epoch=967, loss=6.9996, c=0.998982, this 0.06s, total 64.20s
(T) | Epoch=968, loss=7.0056, c=0.998980, this 0.06s, total 64.26s
(T) | Epoch=969, loss=7.0046, c=0.998980, this 0.06s, total 64.32s
(T) | Epoch=970, loss=6.9982, c=0.998980, this 0.06s, total 64.39s
(T) | Epoch=971, loss=7.0028, c=0.998980, this 0.06s, total 64.45s
(T) | Epoch=972, loss=6.9998, c=0.998980, this 0.06s, total 64.51s
(T) | Epoch=973, loss=6.9991, c=0.998979, this 0.06s, total 64.57s
(T) | Epoch=974, loss=7.0014, c=0.998978, this 0.06s, total 64.64s
(T) | Epoch=975, loss=6.9974, c=0.998976, this 0.06s, total 64.70s
(T) | Epoch=976, loss=7.0072, c=0.998976, this 0.06s, total 64.76s
(T) | Epoch=977, loss=6.9980, c=0.998976, this 0.06s, total 64.82s
(T) | Epoch=978, loss=7.0003, c=0.998976, this 0.06s, total 64.89s
(T) | Epoch=979, loss=6.9994, c=0.998976, this 0.06s, total 64.95s
(T) | Epoch=980, loss=7.0034, c=0.998975, this 0.06s, total 65.01s
(T) | Epoch=981, loss=7.0000, c=0.998974, this 0.06s, total 65.07s
(T) | Epoch=982, loss=6.9971, c=0.998973, this 0.06s, total 65.14s
(T) | Epoch=983, loss=6.9952, c=0.998973, this 0.06s, total 65.20s
(T) | Epoch=984, loss=6.9952, c=0.998973, this 0.06s, total 65.26s
(T) | Epoch=985, loss=7.0001, c=0.998973, this 0.06s, total 65.32s
(T) | Epoch=986, loss=6.9987, c=0.998972, this 0.06s, total 65.38s
(T) | Epoch=987, loss=6.9961, c=0.998971, this 0.06s, total 65.45s
(T) | Epoch=988, loss=6.9968, c=0.998970, this 0.06s, total 65.51s
(T) | Epoch=989, loss=6.9997, c=0.998970, this 0.06s, total 65.57s
(T) | Epoch=990, loss=7.0027, c=0.998970, this 0.06s, total 65.63s
(T) | Epoch=991, loss=7.0050, c=0.998969, this 0.06s, total 65.69s
(T) | Epoch=992, loss=6.9974, c=0.998969, this 0.06s, total 65.76s
(T) | Epoch=993, loss=7.0010, c=0.998969, this 0.06s, total 65.82s
(T) | Epoch=994, loss=6.9978, c=0.998968, this 0.06s, total 65.88s
(T) | Epoch=995, loss=6.9931, c=0.998967, this 0.06s, total 65.94s
+++ model saved ! ./pre_trained_gnn/CiteSeer.GRACE.GAT.curv_1p0000.hyp_True.False.pth
(T) | Epoch=996, loss=6.9967, c=0.998967, this 0.08s, total 66.02s
(T) | Epoch=997, loss=6.9959, c=0.998967, this 0.06s, total 66.08s
(T) | Epoch=998, loss=7.0003, c=0.998966, this 0.06s, total 66.15s
(T) | Epoch=999, loss=6.9983, c=0.998966, this 0.06s, total 66.21s
(T) | Epoch=1000, loss=7.0041, c=0.998965, this 0.06s, total 66.27s
=== Final ===
[Main] Pretrained checkpoint written to: ./pre_trained_gnn/CiteSeer.GRACE.GAT.curv_1p0000.hyp_True.False.pth
