[2025-09-20 06:06:36] START attempt 1: python main.py --is_transfer True --test_dataset Computers --pretrained_model_name /mnt/data1/Graph/HypGraphLoRA/pre_trained_gnn/Cora.GRACE.GAT.hyp_True.True.20250912-232536.pth --few False --gpu_id 0
Parsed from filename: Pretrained backbone is Hyperbolic.
Pretrain dataset overridden by checkpoint: PubMed -> Cora
Split sizes | train=8251, val=2750, test=2751 (mode=public, shot=N/A)
[Epoch 0000] loss=11.8104 cls=2.2868 smmd=5.4392 ct=7.6030 rec=1.3851 | train/val/test=0.381/0.367/0.367 | c=0.999488
[Epoch 0001] loss=9.3353 cls=1.9173 smmd=3.7022 ct=7.6027 rec=1.3899 | train/val/test=0.380/0.366/0.368 | c=0.999488
[Epoch 0002] loss=8.7000 cls=1.9047 smmd=3.0940 ct=7.5965 rec=1.3866 | train/val/test=0.381/0.367/0.367 | c=0.999488
[Epoch 0003] loss=13.9255 cls=4.0287 smmd=4.0626 ct=7.6034 rec=1.4240 | train/val/test=0.157/0.161/0.147 | c=0.999488
[Epoch 0004] loss=13.7234 cls=3.9322 smmd=3.8881 ct=8.3399 rec=1.5149 | train/val/test=0.436/0.422/0.427 | c=0.999488
[Epoch 0005] loss=8.8114 cls=1.7731 smmd=3.3200 ct=8.3511 rec=1.3750 | train/val/test=0.380/0.367/0.367 | c=0.999488
[Epoch 0006] loss=9.7938 cls=2.4633 smmd=2.9430 ct=8.1519 rec=1.4691 | train/val/test=0.223/0.207/0.217 | c=0.999488
[Epoch 0007] loss=8.6063 cls=2.0557 smmd=2.5749 ct=8.2230 rec=1.3769 | train/val/test=0.174/0.180/0.164 | c=0.999488
[Epoch 0008] loss=8.3183 cls=2.0224 smmd=2.3547 ct=8.1806 rec=1.4131 | train/val/test=0.373/0.359/0.359 | c=0.999488
[Epoch 0009] loss=7.9123 cls=2.0072 smmd=2.0096 ct=8.0614 rec=1.3797 | train/val/test=0.430/0.413/0.416 | c=0.999488
[Epoch 0010] loss=6.8401 cls=1.6346 smmd=1.7207 ct=7.9051 rec=1.3462 | train/val/test=0.354/0.342/0.344 | c=0.999488
[Epoch 0011] loss=7.9502 cls=2.1803 smmd=1.7011 ct=8.0931 rec=1.3490 | train/val/test=0.382/0.369/0.368 | c=0.999488
[Epoch 0012] loss=6.9675 cls=1.8267 smmd=1.4481 ct=7.9784 rec=1.3520 | train/val/test=0.437/0.420/0.427 | c=0.999488
[Epoch 0013] loss=6.6870 cls=1.8138 smmd=1.2052 ct=7.9226 rec=1.3480 | train/val/test=0.521/0.502/0.504 | c=0.999488
[Epoch 0014] loss=5.7109 cls=1.4029 smmd=1.0515 ct=7.9539 rec=1.3142 | train/val/test=0.435/0.432/0.425 | c=0.999488
[Epoch 0015] loss=6.1948 cls=1.5864 smmd=1.1265 ct=8.1368 rec=1.3405 | train/val/test=0.639/0.633/0.622 | c=0.999488
[Epoch 0016] loss=5.4365 cls=1.2856 smmd=0.9950 ct=8.0455 rec=1.3055 | train/val/test=0.516/0.491/0.498 | c=0.999488
[Epoch 0017] loss=5.6117 cls=1.4290 smmd=0.9107 ct=7.9147 rec=1.3006 | train/val/test=0.542/0.537/0.532 | c=0.999488
[Epoch 0018] loss=5.3719 cls=1.3751 smmd=0.7873 ct=7.8487 rec=1.3231 | train/val/test=0.651/0.637/0.635 | c=0.999488
[Epoch 0019] loss=4.9642 cls=1.2240 smmd=0.6895 ct=7.8536 rec=1.2803 | train/val/test=0.570/0.555/0.562 | c=0.999488
[Epoch 0020] loss=4.9908 cls=1.2404 smmd=0.6785 ct=7.8864 rec=1.2714 | train/val/test=0.692/0.680/0.678 | c=0.999488
[Epoch 0021] loss=4.5833 cls=1.0337 smmd=0.6794 ct=7.9145 rec=1.2674 | train/val/test=0.634/0.632/0.614 | c=0.999488
[Epoch 0022] loss=4.6233 cls=1.0384 smmd=0.7010 ct=7.9396 rec=1.2884 | train/val/test=0.671/0.662/0.654 | c=0.999488
[Epoch 0023] loss=4.3370 cls=0.9508 smmd=0.6038 ct=7.8944 rec=1.2639 | train/val/test=0.636/0.627/0.626 | c=0.999488
[Epoch 0024] loss=4.2677 cls=0.9729 smmd=0.5041 ct=7.8412 rec=1.2480 | train/val/test=0.687/0.673/0.675 | c=0.999488
[Epoch 0025] loss=3.9837 cls=0.8593 smmd=0.4475 ct=7.8384 rec=1.2495 | train/val/test=0.744/0.729/0.728 | c=0.999488
[Epoch 0026] loss=3.9453 cls=0.8279 smmd=0.4593 ct=7.8899 rec=1.2604 | train/val/test=0.752/0.741/0.733 | c=0.999488
[Epoch 0027] loss=3.7926 cls=0.7781 smmd=0.4123 ct=7.8628 rec=1.2578 | train/val/test=0.748/0.741/0.737 | c=0.999488
[Epoch 0028] loss=3.6461 cls=0.7482 smmd=0.3429 ct=7.7904 rec=1.2432 | train/val/test=0.736/0.732/0.728 | c=0.999488
[Epoch 0029] loss=3.5947 cls=0.7323 smmd=0.3290 ct=7.7651 rec=1.2412 | train/val/test=0.757/0.752/0.747 | c=0.999488
[Epoch 0030] loss=3.5600 cls=0.7105 smmd=0.3339 ct=7.7726 rec=1.2527 | train/val/test=0.766/0.761/0.760 | c=0.999488
[Epoch 0031] loss=3.4338 cls=0.6644 smmd=0.3080 ct=7.7467 rec=1.2386 | train/val/test=0.753/0.748/0.742 | c=0.999488
[Epoch 0032] loss=3.4234 cls=0.6663 smmd=0.2944 ct=7.7502 rec=1.2316 | train/val/test=0.781/0.776/0.767 | c=0.999488
[Epoch 0033] loss=3.3535 cls=0.6334 smmd=0.2857 ct=7.7697 rec=1.2356 | train/val/test=0.798/0.799/0.788 | c=0.999488
[Epoch 0034] loss=3.3545 cls=0.6369 smmd=0.2761 ct=7.7789 rec=1.2443 | train/val/test=0.792/0.784/0.783 | c=0.999488
[Epoch 0035] loss=3.2752 cls=0.6113 smmd=0.2566 ct=7.7527 rec=1.2277 | train/val/test=0.798/0.797/0.795 | c=0.999488
[Epoch 0036] loss=3.2483 cls=0.5977 smmd=0.2574 ct=7.7509 rec=1.2265 | train/val/test=0.819/0.824/0.817 | c=0.999488
[Epoch 0037] loss=3.2317 cls=0.5918 smmd=0.2515 ct=7.7525 rec=1.2308 | train/val/test=0.804/0.801/0.799 | c=0.999488
[Epoch 0038] loss=3.1663 cls=0.5740 smmd=0.2282 ct=7.7291 rec=1.2208 | train/val/test=0.808/0.801/0.796 | c=0.999488
[Epoch 0039] loss=3.1373 cls=0.5642 smmd=0.2208 ct=7.7225 rec=1.2180 | train/val/test=0.836/0.833/0.831 | c=0.999488
[Epoch 0040] loss=3.1182 cls=0.5502 smmd=0.2274 ct=7.7300 rec=1.2215 | train/val/test=0.830/0.827/0.822 | c=0.999488
[Epoch 0041] loss=3.0779 cls=0.5349 smmd=0.2213 ct=7.7171 rec=1.2164 | train/val/test=0.825/0.820/0.814 | c=0.999488
[Epoch 0042] loss=3.0491 cls=0.5254 smmd=0.2127 ct=7.7141 rec=1.2143 | train/val/test=0.837/0.836/0.829 | c=0.999488
[Epoch 0043] loss=3.0423 cls=0.5216 smmd=0.2093 ct=7.7320 rec=1.2174 | train/val/test=0.836/0.836/0.830 | c=0.999488
[Epoch 0044] loss=2.9931 cls=0.5030 smmd=0.1988 ct=7.7308 rec=1.2108 | train/val/test=0.843/0.841/0.839 | c=0.999488
[Epoch 0045] loss=2.9801 cls=0.4996 smmd=0.1921 ct=7.7352 rec=1.2095 | train/val/test=0.848/0.849/0.846 | c=0.999488
[Epoch 0046] loss=2.9591 cls=0.4940 smmd=0.1813 ct=7.7380 rec=1.2107 | train/val/test=0.846/0.841/0.839 | c=0.999488
[Epoch 0047] loss=2.9372 cls=0.4864 smmd=0.1769 ct=7.7294 rec=1.2079 | train/val/test=0.848/0.846/0.842 | c=0.999488
[Epoch 0048] loss=2.9114 cls=0.4729 smmd=0.1797 ct=7.7216 rec=1.2072 | train/val/test=0.850/0.844/0.847 | c=0.999488
[Epoch 0049] loss=2.9061 cls=0.4677 smmd=0.1845 ct=7.7215 rec=1.2096 | train/val/test=0.852/0.847/0.844 | c=0.999488
[Epoch 0050] loss=2.8775 cls=0.4564 smmd=0.1798 ct=7.7167 rec=1.2078 | train/val/test=0.853/0.848/0.847 | c=0.999488
[Epoch 0051] loss=2.8656 cls=0.4543 smmd=0.1724 ct=7.7160 rec=1.2071 | train/val/test=0.856/0.851/0.851 | c=0.999488
[Epoch 0052] loss=2.8465 cls=0.4467 smmd=0.1681 ct=7.7174 rec=1.2078 | train/val/test=0.856/0.850/0.851 | c=0.999488
[Epoch 0053] loss=2.8353 cls=0.4422 smmd=0.1657 ct=7.7198 rec=1.2064 | train/val/test=0.855/0.851/0.847 | c=0.999488
[Epoch 0054] loss=2.8165 cls=0.4359 smmd=0.1595 ct=7.7205 rec=1.2061 | train/val/test=0.861/0.856/0.854 | c=0.999488
[Epoch 0055] loss=2.8036 cls=0.4309 smmd=0.1558 ct=7.7209 rec=1.2091 | train/val/test=0.859/0.855/0.854 | c=0.999488
[Epoch 0056] loss=2.7874 cls=0.4217 smmd=0.1583 ct=7.7199 rec=1.2082 | train/val/test=0.864/0.860/0.856 | c=0.999488
[Epoch 0057] loss=2.7754 cls=0.4157 smmd=0.1585 ct=7.7188 rec=1.2090 | train/val/test=0.870/0.863/0.868 | c=0.999488
[Epoch 0058] loss=2.7669 cls=0.4141 smmd=0.1534 ct=7.7159 rec=1.2108 | train/val/test=0.867/0.861/0.858 | c=0.999488
[Epoch 0059] loss=2.7516 cls=0.4084 smmd=0.1507 ct=7.7125 rec=1.2080 | train/val/test=0.867/0.862/0.861 | c=0.999488
[Epoch 0060] loss=2.7413 cls=0.4052 smmd=0.1471 ct=7.7093 rec=1.2099 | train/val/test=0.871/0.866/0.867 | c=0.999488
[Epoch 0061] loss=2.7283 cls=0.3998 smmd=0.1453 ct=7.7064 rec=1.2102 | train/val/test=0.873/0.866/0.866 | c=0.999488
[Epoch 0062] loss=2.7208 cls=0.3956 smmd=0.1465 ct=7.7063 rec=1.2090 | train/val/test=0.875/0.871/0.874 | c=0.999488
[Epoch 0063] loss=2.7111 cls=0.3917 smmd=0.1440 ct=7.7058 rec=1.2127 | train/val/test=0.876/0.870/0.870 | c=0.999488
[Epoch 0064] loss=2.6992 cls=0.3863 smmd=0.1436 ct=7.7057 rec=1.2100 | train/val/test=0.877/0.870/0.874 | c=0.999488
[Epoch 0065] loss=2.6889 cls=0.3837 smmd=0.1383 ct=7.7049 rec=1.2111 | train/val/test=0.878/0.872/0.872 | c=0.999488
[Epoch 0066] loss=2.6778 cls=0.3787 smmd=0.1372 ct=7.7063 rec=1.2098 | train/val/test=0.878/0.872/0.873 | c=0.999488
[Epoch 0067] loss=2.6702 cls=0.3759 smmd=0.1355 ct=7.7054 rec=1.2095 | train/val/test=0.882/0.874/0.877 | c=0.999488
[Epoch 0068] loss=2.6636 cls=0.3738 smmd=0.1333 ct=7.7026 rec=1.2109 | train/val/test=0.879/0.872/0.871 | c=0.999488
[Epoch 0069] loss=2.6553 cls=0.3689 smmd=0.1356 ct=7.7015 rec=1.2088 | train/val/test=0.884/0.875/0.879 | c=0.999488
[Epoch 0070] loss=2.6521 cls=0.3685 smmd=0.1333 ct=7.6972 rec=1.2122 | train/val/test=0.880/0.869/0.871 | c=0.999488
[Epoch 0071] loss=2.6531 cls=0.3680 smmd=0.1366 ct=7.6949 rec=1.2073 | train/val/test=0.887/0.873/0.881 | c=0.999488
[Epoch 0072] loss=2.6548 cls=0.3710 smmd=0.1307 ct=7.6961 rec=1.2145 | train/val/test=0.868/0.860/0.864 | c=0.999488
[Epoch 0073] loss=2.6919 cls=0.3838 smmd=0.1417 ct=7.7048 rec=1.2076 | train/val/test=0.880/0.872/0.871 | c=0.999488
[Epoch 0074] loss=2.7224 cls=0.4033 smmd=0.1301 ct=7.7051 rec=1.2239 | train/val/test=0.834/0.820/0.823 | c=0.999488
[Epoch 0075] loss=2.9489 cls=0.4913 smmd=0.1740 ct=7.7427 rec=1.2190 | train/val/test=0.872/0.860/0.860 | c=0.999488
[Epoch 0076] loss=2.8094 cls=0.4418 smmd=0.1365 ct=7.7161 rec=1.2310 | train/val/test=0.845/0.835/0.836 | c=0.999488
[Epoch 0077] loss=2.8505 cls=0.4502 smmd=0.1608 ct=7.7312 rec=1.2154 | train/val/test=0.888/0.879/0.884 | c=0.999488
[Epoch 0078] loss=2.6142 cls=0.3535 smmd=0.1264 ct=7.6964 rec=1.2069 | train/val/test=0.881/0.877/0.875 | c=0.999488
[Epoch 0079] loss=2.6939 cls=0.3890 smmd=0.1311 ct=7.7071 rec=1.2165 | train/val/test=0.842/0.828/0.829 | c=0.999488
[Epoch 0080] loss=2.9476 cls=0.4904 smmd=0.1752 ct=7.7419 rec=1.2161 | train/val/test=0.888/0.883/0.884 | c=0.999488
[Epoch 0081] loss=2.5965 cls=0.3456 smmd=0.1269 ct=7.6904 rec=1.2018 | train/val/test=0.835/0.823/0.836 | c=0.999488
[Epoch 0082] loss=3.0224 cls=0.5363 smmd=0.1508 ct=7.7479 rec=1.2473 | train/val/test=0.775/0.769/0.767 | c=0.999488
[Epoch 0083] loss=4.1226 cls=0.9676 smmd=0.3621 ct=7.8966 rec=1.2302 | train/val/test=0.799/0.790/0.784 | c=0.999488
[Epoch 0084] loss=3.5618 cls=0.7299 smmd=0.2868 ct=7.8492 rec=1.2274 | train/val/test=0.709/0.703/0.704 | c=0.999488
[Epoch 0085] loss=3.6670 cls=0.8073 smmd=0.2303 ct=7.8391 rec=1.2713 | train/val/test=0.713/0.716/0.719 | c=0.999488
[Epoch 0086] loss=4.0115 cls=0.9716 smmd=0.2562 ct=7.8131 rec=1.2475 | train/val/test=0.696/0.693/0.677 | c=0.999488
[Epoch 0087] loss=5.2105 cls=1.3355 smmd=0.6731 ct=8.0283 rec=1.3035 | train/val/test=0.800/0.784/0.776 | c=0.999488
[Epoch 0088] loss=5.1520 cls=1.1264 smmd=1.0248 ct=8.1566 rec=1.2158 | train/val/test=0.727/0.717/0.712 | c=0.999488
[Epoch 0089] loss=5.3089 cls=1.2183 smmd=0.9808 ct=8.1866 rec=1.2710 | train/val/test=0.695/0.667/0.682 | c=0.999488
[Epoch 0090] loss=4.5851 cls=1.0542 smmd=0.6210 ct=8.0498 rec=1.2284 | train/val/test=0.791/0.781/0.777 | c=0.999488
[Epoch 0091] loss=3.4661 cls=0.6485 smmd=0.3495 ct=7.8725 rec=1.2261 | train/val/test=0.778/0.768/0.776 | c=0.999488
[Epoch 0092] loss=3.9604 cls=0.7218 smmd=0.6719 ct=8.0082 rec=1.2158 | train/val/test=0.803/0.794/0.793 | c=0.999488
[Epoch 0093] loss=4.0229 cls=0.6343 smmd=0.8970 ct=8.0798 rec=1.2063 | train/val/test=0.799/0.791/0.787 | c=0.999488
[Epoch 0094] loss=3.9240 cls=0.5854 smmd=0.8916 ct=8.0845 rec=1.2234 | train/val/test=0.803/0.787/0.786 | c=0.999488
[Epoch 0095] loss=3.7080 cls=0.5615 smmd=0.7340 ct=8.0454 rec=1.2096 | train/val/test=0.813/0.803/0.799 | c=0.999488
[Epoch 0096] loss=3.4772 cls=0.5634 smmd=0.5180 ct=7.9547 rec=1.2071 | train/val/test=0.810/0.807/0.798 | c=0.999488
[Epoch 0097] loss=3.2374 cls=0.5395 smmd=0.3630 ct=7.7811 rec=1.1957 | train/val/test=0.831/0.813/0.826 | c=0.999488
[Epoch 0098] loss=3.3003 cls=0.5338 smmd=0.4302 ct=7.8136 rec=1.1982 | train/val/test=0.829/0.822/0.831 | c=0.999488
[Epoch 0099] loss=3.3756 cls=0.5065 smmd=0.5366 ct=7.9302 rec=1.1998 | train/val/test=0.812/0.803/0.803 | c=0.999488
[Epoch 0100] loss=3.6142 cls=0.6016 smmd=0.5703 ct=7.9979 rec=1.2059 | train/val/test=0.845/0.844/0.839 | c=0.999488
[Epoch 0101] loss=3.3629 cls=0.4986 smmd=0.5314 ct=7.9692 rec=1.2022 | train/val/test=0.846/0.843/0.841 | c=0.999488
[Epoch 0102] loss=3.3609 cls=0.5362 smmd=0.4641 ct=7.9159 rec=1.2059 | train/val/test=0.868/0.856/0.855 | c=0.999488
[Epoch 0103] loss=2.9797 cls=0.4235 smmd=0.3369 ct=7.7834 rec=1.1961 | train/val/test=0.824/0.814/0.811 | c=0.999488
[Epoch 0104] loss=3.1750 cls=0.5344 smmd=0.3241 ct=7.7172 rec=1.1932 | train/val/test=0.848/0.837/0.845 | c=0.999488
[Epoch 0105] loss=3.2130 cls=0.5267 smmd=0.3631 ct=7.7841 rec=1.1980 | train/val/test=0.851/0.844/0.848 | c=0.999488
[Epoch 0106] loss=3.1596 cls=0.4983 smmd=0.3601 ct=7.8158 rec=1.1980 | train/val/test=0.859/0.861/0.852 | c=0.999488
[Epoch 0107] loss=2.9849 cls=0.4337 smmd=0.3171 ct=7.7975 rec=1.2047 | train/val/test=0.845/0.841/0.838 | c=0.999488
[Epoch 0108] loss=3.0466 cls=0.4803 smmd=0.2895 ct=7.7769 rec=1.2056 | train/val/test=0.861/0.851/0.860 | c=0.999488
[Epoch 0109] loss=2.9436 cls=0.4382 smmd=0.2784 ct=7.7449 rec=1.1987 | train/val/test=0.858/0.845/0.851 | c=0.999488
[Epoch 0110] loss=2.9894 cls=0.4633 smmd=0.2762 ct=7.7371 rec=1.1954 | train/val/test=0.877/0.863/0.871 | c=0.999488
[Epoch 0111] loss=2.7991 cls=0.3906 smmd=0.2359 ct=7.7152 rec=1.1947 | train/val/test=0.860/0.851/0.851 | c=0.999488
[Epoch 0112] loss=2.9352 cls=0.4472 smmd=0.2492 ct=7.7505 rec=1.2067 | train/val/test=0.875/0.867/0.870 | c=0.999488
[Epoch 0113] loss=2.8196 cls=0.4005 smmd=0.2314 ct=7.7317 rec=1.2050 | train/val/test=0.868/0.857/0.865 | c=0.999488
[Epoch 0114] loss=2.7783 cls=0.3868 smmd=0.2228 ct=7.7124 rec=1.1966 | train/val/test=0.868/0.859/0.864 | c=0.999488
[Epoch 0115] loss=2.7923 cls=0.3953 smmd=0.2203 ct=7.7098 rec=1.1970 | train/val/test=0.875/0.867/0.872 | c=0.999488
[Epoch 0116] loss=2.7365 cls=0.3828 smmd=0.1921 ct=7.6930 rec=1.2006 | train/val/test=0.874/0.869/0.870 | c=0.999488
[Epoch 0117] loss=2.7417 cls=0.3902 smmd=0.1817 ct=7.6965 rec=1.2015 | train/val/test=0.879/0.876/0.873 | c=0.999488
[Epoch 0118] loss=2.7099 cls=0.3739 smmd=0.1806 ct=7.7052 rec=1.2018 | train/val/test=0.871/0.865/0.864 | c=0.999488
[Epoch 0119] loss=2.7000 cls=0.3668 smmd=0.1840 ct=7.7114 rec=1.2005 | train/val/test=0.875/0.868/0.869 | c=0.999488
[Epoch 0120] loss=2.6783 cls=0.3585 smmd=0.1802 ct=7.7077 rec=1.1980 | train/val/test=0.883/0.872/0.879 | c=0.999488
[Epoch 0121] loss=2.6649 cls=0.3562 smmd=0.1726 ct=7.7017 rec=1.1983 | train/val/test=0.888/0.877/0.882 | c=0.999488
[Epoch 0122] loss=2.6689 cls=0.3649 smmd=0.1594 ct=7.6962 rec=1.2017 | train/val/test=0.888/0.875/0.884 | c=0.999488
[Epoch 0123] loss=2.6298 cls=0.3522 smmd=0.1473 ct=7.6884 rec=1.2018 | train/val/test=0.882/0.873/0.872 | c=0.999488
[Epoch 0124] loss=2.6311 cls=0.3495 smmd=0.1530 ct=7.6950 rec=1.2007 | train/val/test=0.874/0.865/0.863 | c=0.999488
[Epoch 0125] loss=2.6322 cls=0.3490 smmd=0.1544 ct=7.6971 rec=1.2012 | train/val/test=0.880/0.872/0.874 | c=0.999488
[Epoch 0126] loss=2.5943 cls=0.3371 smmd=0.1429 ct=7.6859 rec=1.2010 | train/val/test=0.892/0.884/0.889 | c=0.999488
[Epoch 0127] loss=2.6023 cls=0.3410 smmd=0.1431 ct=7.6842 rec=1.2020 | train/val/test=0.894/0.884/0.890 | c=0.999488
[Epoch 0128] loss=2.5976 cls=0.3413 smmd=0.1387 ct=7.6800 rec=1.2015 | train/val/test=0.888/0.879/0.882 | c=0.999488
[Epoch 0129] loss=2.5660 cls=0.3297 smmd=0.1313 ct=7.6770 rec=1.2003 | train/val/test=0.881/0.873/0.875 | c=0.999488
[Epoch 0130] loss=2.5773 cls=0.3315 smmd=0.1368 ct=7.6867 rec=1.2008 | train/val/test=0.891/0.885/0.883 | c=0.999488
[Epoch 0131] loss=2.5669 cls=0.3281 smmd=0.1334 ct=7.6847 rec=1.2024 | train/val/test=0.896/0.885/0.888 | c=0.999488
[Epoch 0132] loss=2.5535 cls=0.3261 smmd=0.1252 ct=7.6764 rec=1.2042 | train/val/test=0.898/0.885/0.894 | c=0.999488
[Epoch 0133] loss=2.5462 cls=0.3231 smmd=0.1251 ct=7.6726 rec=1.2016 | train/val/test=0.896/0.887/0.889 | c=0.999488
[Epoch 0134] loss=2.5472 cls=0.3219 smmd=0.1280 ct=7.6766 rec=1.1999 | train/val/test=0.891/0.884/0.888 | c=0.999488
[Epoch 0135] loss=2.5356 cls=0.3179 smmd=0.1240 ct=7.6779 rec=1.2011 | train/val/test=0.897/0.886/0.890 | c=0.999488
[Epoch 0136] loss=2.5281 cls=0.3152 smmd=0.1218 ct=7.6761 rec=1.2037 | train/val/test=0.894/0.885/0.885 | c=0.999488
[Epoch 0137] loss=2.5339 cls=0.3182 smmd=0.1217 ct=7.6750 rec=1.2038 | train/val/test=0.899/0.888/0.889 | c=0.999488
[Epoch 0138] loss=2.5169 cls=0.3112 smmd=0.1193 ct=7.6730 rec=1.2026 | train/val/test=0.895/0.888/0.890 | c=0.999488
[Epoch 0139] loss=2.5202 cls=0.3120 smmd=0.1207 ct=7.6759 rec=1.2012 | train/val/test=0.902/0.893/0.895 | c=0.999488
[Epoch 0140] loss=2.5148 cls=0.3105 smmd=0.1191 ct=7.6713 rec=1.2022 | train/val/test=0.901/0.886/0.892 | c=0.999488
[Epoch 0141] loss=2.5107 cls=0.3096 smmd=0.1174 ct=7.6665 rec=1.2037 | train/val/test=0.899/0.886/0.891 | c=0.999488
[Epoch 0142] loss=2.5055 cls=0.3065 smmd=0.1183 ct=7.6672 rec=1.2038 | train/val/test=0.897/0.890/0.892 | c=0.999488
[Epoch 0143] loss=2.5075 cls=0.3067 smmd=0.1198 ct=7.6678 rec=1.2035 | train/val/test=0.902/0.890/0.893 | c=0.999488
[Epoch 0144] loss=2.4970 cls=0.3034 smmd=0.1170 ct=7.6624 rec=1.2039 | train/val/test=0.903/0.889/0.895 | c=0.999488
[Epoch 0145] loss=2.5010 cls=0.3052 smmd=0.1179 ct=7.6601 rec=1.2037 | train/val/test=0.902/0.891/0.896 | c=0.999488
[Epoch 0146] loss=2.4939 cls=0.3016 smmd=0.1178 ct=7.6610 rec=1.2030 | train/val/test=0.901/0.888/0.895 | c=0.999488
[Epoch 0147] loss=2.4940 cls=0.3012 smmd=0.1178 ct=7.6645 rec=1.2043 | train/val/test=0.903/0.889/0.894 | c=0.999488
[Epoch 0148] loss=2.4902 cls=0.2997 smmd=0.1172 ct=7.6632 rec=1.2051 | train/val/test=0.902/0.890/0.895 | c=0.999488
[Epoch 0149] loss=2.4871 cls=0.2991 smmd=0.1159 ct=7.6600 rec=1.2046 | train/val/test=0.904/0.893/0.896 | c=0.999488
[Epoch 0150] loss=2.4845 cls=0.2977 smmd=0.1166 ct=7.6589 rec=1.2036 | train/val/test=0.905/0.895/0.896 | c=0.999488
[Epoch 0151] loss=2.4835 cls=0.2969 smmd=0.1178 ct=7.6568 rec=1.2035 | train/val/test=0.905/0.891/0.898 | c=0.999488
[Epoch 0152] loss=2.4808 cls=0.2959 smmd=0.1168 ct=7.6557 rec=1.2051 | train/val/test=0.905/0.892/0.897 | c=0.999488
[Epoch 0153] loss=2.4780 cls=0.2940 smmd=0.1176 ct=7.6561 rec=1.2054 | train/val/test=0.905/0.893/0.895 | c=0.999488
[Epoch 0154] loss=2.4770 cls=0.2937 smmd=0.1176 ct=7.6552 rec=1.2045 | train/val/test=0.907/0.893/0.899 | c=0.999488
[Epoch 0155] loss=2.4736 cls=0.2922 smmd=0.1180 ct=7.6515 rec=1.2043 | train/val/test=0.906/0.892/0.897 | c=0.999488
[Epoch 0156] loss=2.4737 cls=0.2918 smmd=0.1191 ct=7.6501 rec=1.2044 | train/val/test=0.908/0.892/0.899 | c=0.999488
[Epoch 0157] loss=2.4701 cls=0.2903 smmd=0.1181 ct=7.6523 rec=1.2043 | train/val/test=0.906/0.893/0.898 | c=0.999488
[Epoch 0158] loss=2.4667 cls=0.2889 smmd=0.1175 ct=7.6522 rec=1.2044 | train/val/test=0.906/0.892/0.896 | c=0.999488
[Epoch 0159] loss=2.4660 cls=0.2887 smmd=0.1171 ct=7.6522 rec=1.2049 | train/val/test=0.909/0.893/0.901 | c=0.999488
[Epoch 0160] loss=2.4632 cls=0.2874 smmd=0.1173 ct=7.6517 rec=1.2045 | train/val/test=0.907/0.893/0.899 | c=0.999488
[Epoch 0161] loss=2.4618 cls=0.2866 smmd=0.1183 ct=7.6487 rec=1.2034 | train/val/test=0.908/0.894/0.899 | c=0.999488
[Epoch 0162] loss=2.4614 cls=0.2860 smmd=0.1187 ct=7.6488 rec=1.2041 | train/val/test=0.907/0.893/0.899 | c=0.999488
[Epoch 0163] loss=2.4590 cls=0.2851 smmd=0.1181 ct=7.6496 rec=1.2045 | train/val/test=0.908/0.895/0.900 | c=0.999488
[Epoch 0164] loss=2.4579 cls=0.2841 smmd=0.1191 ct=7.6488 rec=1.2040 | train/val/test=0.907/0.893/0.897 | c=0.999488
[Epoch 0165] loss=2.4548 cls=0.2833 smmd=0.1184 ct=7.6455 rec=1.2036 | train/val/test=0.910/0.893/0.902 | c=0.999488
[Epoch 0166] loss=2.4547 cls=0.2828 smmd=0.1190 ct=7.6467 rec=1.2041 | train/val/test=0.910/0.896/0.900 | c=0.999488
[Epoch 0167] loss=2.4510 cls=0.2816 smmd=0.1184 ct=7.6438 rec=1.2029 | train/val/test=0.909/0.894/0.900 | c=0.999488
[Epoch 0168] loss=2.4508 cls=0.2812 smmd=0.1185 ct=7.6461 rec=1.2036 | train/val/test=0.910/0.897/0.899 | c=0.999488
[Epoch 0169] loss=2.4511 cls=0.2813 smmd=0.1184 ct=7.6468 rec=1.2042 | train/val/test=0.908/0.896/0.898 | c=0.999488
[Epoch 0170] loss=2.4531 cls=0.2818 smmd=0.1194 ct=7.6467 rec=1.2038 | train/val/test=0.910/0.896/0.900 | c=0.999488
[Epoch 0171] loss=2.4589 cls=0.2841 smmd=0.1210 ct=7.6444 rec=1.2038 | train/val/test=0.906/0.895/0.896 | c=0.999488
[Epoch 0172] loss=2.4816 cls=0.2944 smmd=0.1209 ct=7.6530 rec=1.2066 | train/val/test=0.899/0.884/0.887 | c=0.999488
[Epoch 0173] loss=2.5316 cls=0.3162 smmd=0.1269 ct=7.6521 rec=1.2097 | train/val/test=0.855/0.853/0.854 | c=0.999488
[Epoch 0174] loss=2.8358 cls=0.4493 smmd=0.1495 ct=7.7078 rec=1.2302 | train/val/test=0.568/0.563/0.558 | c=0.999488
[Epoch 0175] loss=4.1698 cls=1.0760 smmd=0.2050 ct=7.7875 rec=1.2765 | train/val/test=0.597/0.601/0.598 | c=0.999488
[Epoch 0176] loss=11.7935 cls=4.3396 smmd=1.2227 ct=8.1573 rec=1.3008 | train/val/test=0.618/0.614/0.599 | c=0.999488
[Epoch 0177] loss=12.3366 cls=4.2416 smmd=1.9390 ct=8.2408 rec=1.3306 | train/val/test=0.264/0.264/0.253 | c=0.999488
[Epoch 0178] loss=12.6731 cls=4.2701 smmd=2.2028 ct=8.3131 rec=1.3375 | train/val/test=0.424/0.411/0.405 | c=0.999488
[Epoch 0179] loss=10.7203 cls=3.1672 smmd=2.4230 ct=8.3011 rec=1.5136 | train/val/test=0.215/0.219/0.218 | c=0.999488
[Epoch 0180] loss=14.6942 cls=5.0358 smmd=2.6796 ct=8.3542 rec=1.3615 | train/val/test=0.488/0.490/0.478 | c=0.999488
[Epoch 0181] loss=10.4085 cls=2.9508 smmd=2.5742 ct=8.3226 rec=1.3413 | train/val/test=0.538/0.526/0.511 | c=0.999488
[Epoch 0182] loss=14.0902 cls=4.7435 smmd=2.6758 ct=8.2730 rec=1.3646 | train/val/test=0.216/0.221/0.207 | c=0.999488
[Epoch 0183] loss=18.2032 cls=6.6803 smmd=2.8858 ct=8.2808 rec=1.5032 | train/val/test=0.361/0.359/0.366 | c=0.999488
[Epoch 0184] loss=17.7936 cls=6.4368 smmd=2.9838 ct=8.2820 rec=1.3991 | train/val/test=0.440/0.430/0.427 | c=0.999488
[Epoch 0185] loss=17.0125 cls=6.0645 smmd=2.9646 ct=8.2835 rec=1.3111 | train/val/test=0.403/0.391/0.394 | c=0.999488
[Epoch 0186] loss=16.5182 cls=5.8610 smmd=2.8835 ct=8.2722 rec=1.2918 | train/val/test=0.464/0.455/0.458 | c=0.999488
[Epoch 0187] loss=13.3051 cls=4.3405 smmd=2.7217 ct=8.2226 rec=1.2896 | train/val/test=0.458/0.451/0.454 | c=0.999488
[Epoch 0188] loss=12.2906 cls=3.8569 smmd=2.6713 ct=8.1899 rec=1.3378 | train/val/test=0.672/0.661/0.657 | c=0.999488
[Epoch 0189] loss=8.2704 cls=1.9096 smmd=2.5672 ct=8.1828 rec=1.2372 | train/val/test=0.355/0.349/0.342 | c=0.999488
[Epoch 0190] loss=10.5208 cls=2.9737 smmd=2.6514 ct=8.2147 rec=1.3952 | train/val/test=0.595/0.579/0.564 | c=0.999488
[Epoch 0191] loss=9.8973 cls=2.7355 smmd=2.5334 ct=8.2186 rec=1.2451 | train/val/test=0.611/0.594/0.585 | c=0.999488
[Epoch 0192] loss=8.1882 cls=1.9982 smmd=2.3025 ct=8.1886 rec=1.2572 | train/val/test=0.550/0.538/0.523 | c=0.999488
[Epoch 0193] loss=7.9042 cls=2.0122 smmd=1.9902 ct=8.1688 rec=1.2791 | train/val/test=0.745/0.735/0.739 | c=0.999488
[Epoch 0194] loss=5.4157 cls=1.0177 smmd=1.5141 ct=8.1276 rec=1.2034 | train/val/test=0.389/0.390/0.396 | c=0.999488
[Epoch 0195] loss=8.8844 cls=2.8435 smmd=1.3262 ct=8.0984 rec=1.2573 | train/val/test=0.617/0.605/0.601 | c=0.999488
[Epoch 0196] loss=8.9844 cls=2.8468 smmd=1.4373 ct=8.0208 rec=1.2473 | train/val/test=0.656/0.658/0.646 | c=0.999488
[Epoch 0197] loss=8.3570 cls=2.2708 smmd=1.9622 ct=8.0094 rec=1.2570 | train/val/test=0.642/0.645/0.635 | c=0.999488
[Epoch 0198] loss=8.9615 cls=2.3358 smmd=2.4308 ct=8.0305 rec=1.2653 | train/val/test=0.741/0.741/0.736 | c=0.999488
[Epoch 0199] loss=8.1900 cls=1.7947 smmd=2.7453 ct=8.0585 rec=1.2181 | train/val/test=0.731/0.723/0.713 | c=0.999488
[Epoch 0200] loss=8.2068 cls=1.7027 smmd=2.9432 ct=8.0773 rec=1.2137 | train/val/test=0.720/0.712/0.700 | c=0.999488
[Epoch 0201] loss=8.4553 cls=1.7724 smmd=3.0502 ct=8.0827 rec=1.2189 | train/val/test=0.755/0.746/0.732 | c=0.999488
[Epoch 0202] loss=7.6175 cls=1.3313 smmd=3.1017 ct=8.0740 rec=1.1920 | train/val/test=0.737/0.731/0.719 | c=0.999488
[Epoch 0203] loss=7.0290 cls=1.0401 smmd=3.0951 ct=8.0590 rec=1.2092 | train/val/test=0.630/0.619/0.610 | c=0.999488
[Epoch 0204] loss=7.3471 cls=1.2136 smmd=3.0667 ct=8.0398 rec=1.2264 | train/val/test=0.624/0.618/0.611 | c=0.999488
[Epoch 0205] loss=7.3301 cls=1.2626 smmd=2.9564 ct=8.0258 rec=1.2175 | train/val/test=0.828/0.826/0.837 | c=0.999488
[Epoch 0206] loss=5.8906 cls=0.6474 smmd=2.7529 ct=8.0105 rec=1.2043 | train/val/test=0.789/0.777/0.781 | c=0.999488
[Epoch 0207] loss=6.1733 cls=0.9155 smmd=2.5049 ct=7.9940 rec=1.1934 | train/val/test=0.765/0.759/0.758 | c=0.999488
[Epoch 0208] loss=6.5018 cls=1.2101 smmd=2.2487 ct=7.9686 rec=1.1955 | train/val/test=0.791/0.780/0.782 | c=0.999488
[Epoch 0209] loss=5.7214 cls=0.9772 smmd=1.9440 ct=7.9245 rec=1.1902 | train/val/test=0.813/0.806/0.806 | c=0.999488
[Epoch 0210] loss=5.1254 cls=0.8376 smmd=1.6374 ct=7.8673 rec=1.1969 | train/val/test=0.807/0.805/0.796 | c=0.999488
[Epoch 0211] loss=4.8951 cls=0.8707 smmd=1.3521 ct=7.8044 rec=1.2033 | train/val/test=0.831/0.824/0.820 | c=0.999488
[Epoch 0212] loss=4.5005 cls=0.8004 smmd=1.1107 ct=7.7446 rec=1.2006 | train/val/test=0.832/0.823/0.813 | c=0.999488
[Epoch 0213] loss=4.4162 cls=0.8372 smmd=0.9569 ct=7.7296 rec=1.1944 | train/val/test=0.827/0.815/0.811 | c=0.999488
[Epoch 0214] loss=4.4248 cls=0.8684 smmd=0.8970 ct=7.7657 rec=1.1896 | train/val/test=0.852/0.842/0.842 | c=0.999488
[Epoch 0215] loss=4.0474 cls=0.6802 smmd=0.8841 ct=7.8289 rec=1.1854 | train/val/test=0.846/0.847/0.849 | c=0.999488
[Epoch 0216] loss=4.1471 cls=0.6993 smmd=0.9298 ct=7.9014 rec=1.1922 | train/val/test=0.838/0.840/0.836 | c=0.999488
[Epoch 0217] loss=4.2115 cls=0.7075 smmd=0.9700 ct=7.9390 rec=1.1938 | train/val/test=0.853/0.848/0.847 | c=0.999488
[Epoch 0218] loss=4.0887 cls=0.6489 smmd=0.9657 ct=7.9416 rec=1.1842 | train/val/test=0.842/0.841/0.832 | c=0.999488
[Epoch 0219] loss=4.1335 cls=0.6831 smmd=0.9442 ct=7.9313 rec=1.1842 | train/val/test=0.853/0.851/0.848 | c=0.999488
[Epoch 0220] loss=3.9810 cls=0.6284 smmd=0.9052 ct=7.9115 rec=1.1836 | train/val/test=0.851/0.851/0.849 | c=0.999488
[Epoch 0221] loss=3.9264 cls=0.6188 smmd=0.8751 ct=7.8868 rec=1.1821 | train/val/test=0.858/0.860/0.857 | c=0.999488
[Epoch 0222] loss=3.8670 cls=0.6107 smmd=0.8368 ct=7.8576 rec=1.1863 | train/val/test=0.870/0.868/0.870 | c=0.999488
[Epoch 0223] loss=3.7621 cls=0.5781 smmd=0.8034 ct=7.8220 rec=1.1904 | train/val/test=0.870/0.862/0.862 | c=0.999488
[Epoch 0224] loss=3.6573 cls=0.5576 smmd=0.7480 ct=7.7829 rec=1.1881 | train/val/test=0.870/0.867/0.860 | c=0.999488
[Epoch 0225] loss=3.5687 cls=0.5453 smmd=0.6916 ct=7.7471 rec=1.1852 | train/val/test=0.864/0.861/0.853 | c=0.999488
[Epoch 0226] loss=3.5112 cls=0.5493 smmd=0.6316 ct=7.7228 rec=1.1821 | train/val/test=0.874/0.866/0.865 | c=0.999488
[Epoch 0227] loss=3.4209 cls=0.5217 smmd=0.5978 ct=7.7139 rec=1.1844 | train/val/test=0.882/0.874/0.877 | c=0.999488
[Epoch 0228] loss=3.3891 cls=0.5103 smmd=0.5872 ct=7.7178 rec=1.1887 | train/val/test=0.881/0.875/0.874 | c=0.999488
[Epoch 0229] loss=3.3625 cls=0.5043 smmd=0.5726 ct=7.7191 rec=1.1877 | train/val/test=0.883/0.876/0.875 | c=0.999488
[Epoch 0230] loss=3.2959 cls=0.4850 smmd=0.5464 ct=7.7116 rec=1.1860 | train/val/test=0.873/0.860/0.859 | c=0.999488
[Epoch 0231] loss=3.3011 cls=0.5014 smmd=0.5208 ct=7.7035 rec=1.1837 | train/val/test=0.876/0.867/0.870 | c=0.999488
[Epoch 0232] loss=3.2562 cls=0.4885 smmd=0.5024 ct=7.7006 rec=1.1834 | train/val/test=0.887/0.878/0.879 | c=0.999488
[Epoch 0233] loss=3.1901 cls=0.4603 smmd=0.4908 ct=7.7064 rec=1.1872 | train/val/test=0.889/0.879/0.883 | c=0.999488
[Epoch 0234] loss=3.1797 cls=0.4565 smmd=0.4864 ct=7.7112 rec=1.1903 | train/val/test=0.895/0.882/0.887 | c=0.999488
[Epoch 0235] loss=3.0994 cls=0.4271 smmd=0.4662 ct=7.7061 rec=1.1890 | train/val/test=0.886/0.872/0.874 | c=0.999488
[Epoch 0236] loss=3.0967 cls=0.4316 smmd=0.4548 ct=7.7046 rec=1.1894 | train/val/test=0.887/0.873/0.876 | c=0.999488
[Epoch 0237] loss=3.0656 cls=0.4213 smmd=0.4429 ct=7.7098 rec=1.1903 | train/val/test=0.899/0.888/0.891 | c=0.999488
[Epoch 0238] loss=3.0089 cls=0.4015 smmd=0.4240 ct=7.7186 rec=1.1910 | train/val/test=0.895/0.883/0.888 | c=0.999488
[Epoch 0239] loss=3.0012 cls=0.4048 smmd=0.4082 ct=7.7246 rec=1.1926 | train/val/test=0.898/0.884/0.887 | c=0.999488
[Epoch 0240] loss=2.9515 cls=0.3888 smmd=0.3914 ct=7.7210 rec=1.1911 | train/val/test=0.892/0.880/0.880 | c=0.999488
[Epoch 0241] loss=2.9456 cls=0.3962 smmd=0.3712 ct=7.7178 rec=1.1920 | train/val/test=0.898/0.883/0.885 | c=0.999488
[Epoch 0242] loss=2.9067 cls=0.3856 smmd=0.3533 ct=7.7177 rec=1.1929 | train/val/test=0.901/0.888/0.890 | c=0.999488
[Epoch 0243] loss=2.8925 cls=0.3815 smmd=0.3468 ct=7.7193 rec=1.1937 | train/val/test=0.901/0.887/0.891 | c=0.999488
[Epoch 0244] loss=2.8699 cls=0.3761 smmd=0.3356 ct=7.7158 rec=1.1949 | train/val/test=0.900/0.884/0.886 | c=0.999488
[Epoch 0245] loss=2.8416 cls=0.3678 smmd=0.3252 ct=7.7083 rec=1.1957 | train/val/test=0.898/0.888/0.884 | c=0.999488
[Epoch 0246] loss=2.8340 cls=0.3664 smmd=0.3210 ct=7.7047 rec=1.1967 | train/val/test=0.900/0.887/0.892 | c=0.999488
[Epoch 0247] loss=2.8040 cls=0.3548 smmd=0.3143 ct=7.7049 rec=1.1955 | train/val/test=0.899/0.884/0.892 | c=0.999488
[Epoch 0248] loss=2.8012 cls=0.3544 smmd=0.3122 ct=7.7044 rec=1.1966 | train/val/test=0.904/0.889/0.892 | c=0.999488
[Epoch 0249] loss=2.7724 cls=0.3451 smmd=0.3029 ct=7.6986 rec=1.1980 | train/val/test=0.901/0.885/0.889 | c=0.999488
[Epoch 0250] loss=2.7604 cls=0.3483 smmd=0.2851 ct=7.6940 rec=1.1997 | train/val/test=0.905/0.889/0.895 | c=0.999488
[Epoch 0251] loss=2.7362 cls=0.3404 smmd=0.2774 ct=7.6924 rec=1.1975 | train/val/test=0.901/0.885/0.893 | c=0.999488
[Epoch 0252] loss=2.7320 cls=0.3427 smmd=0.2687 ct=7.6919 rec=1.1973 | train/val/test=0.906/0.890/0.893 | c=0.999488
[Epoch 0253] loss=2.7059 cls=0.3349 smmd=0.2590 ct=7.6881 rec=1.1982 | train/val/test=0.904/0.888/0.891 | c=0.999488
[Epoch 0254] loss=2.6996 cls=0.3348 smmd=0.2525 ct=7.6871 rec=1.2004 | train/val/test=0.905/0.888/0.895 | c=0.999488
[Epoch 0255] loss=2.6839 cls=0.3277 smmd=0.2508 ct=7.6894 rec=1.1991 | train/val/test=0.903/0.885/0.893 | c=0.999488
[Epoch 0256] loss=2.6756 cls=0.3268 smmd=0.2440 ct=7.6911 rec=1.1983 | train/val/test=0.905/0.888/0.896 | c=0.999488
[Epoch 0257] loss=2.6553 cls=0.3221 smmd=0.2334 ct=7.6895 rec=1.1987 | train/val/test=0.905/0.890/0.894 | c=0.999488
[Epoch 0258] loss=2.6469 cls=0.3204 smmd=0.2282 ct=7.6895 rec=1.1997 | train/val/test=0.906/0.890/0.896 | c=0.999488
[Epoch 0259] loss=2.6318 cls=0.3177 smmd=0.2182 ct=7.6913 rec=1.1994 | train/val/test=0.905/0.888/0.896 | c=0.999488
[Epoch 0260] loss=2.6206 cls=0.3157 smmd=0.2113 ct=7.6907 rec=1.1988 | train/val/test=0.906/0.889/0.893 | c=0.999488
[Epoch 0261] loss=2.6157 cls=0.3143 smmd=0.2096 ct=7.6880 rec=1.1989 | train/val/test=0.906/0.889/0.896 | c=0.999488
[Epoch 0262] loss=2.6035 cls=0.3112 smmd=0.2038 ct=7.6874 rec=1.1990 | train/val/test=0.906/0.891/0.897 | c=0.999488
[Epoch 0263] loss=2.5933 cls=0.3100 smmd=0.1957 ct=7.6883 rec=1.1994 | train/val/test=0.907/0.889/0.897 | c=0.999488
[Epoch 0264] loss=2.5831 cls=0.3062 smmd=0.1937 ct=7.6862 rec=1.1991 | train/val/test=0.906/0.889/0.896 | c=0.999488
[Epoch 0265] loss=2.5782 cls=0.3056 smmd=0.1904 ct=7.6837 rec=1.1995 | train/val/test=0.907/0.889/0.897 | c=0.999488
[Epoch 0266] loss=2.5687 cls=0.3027 smmd=0.1866 ct=7.6832 rec=1.1999 | train/val/test=0.907/0.891/0.895 | c=0.999488
[Epoch 0267] loss=2.5622 cls=0.3023 smmd=0.1812 ct=7.6820 rec=1.2001 | train/val/test=0.908/0.891/0.896 | c=0.999488
[Epoch 0268] loss=2.5537 cls=0.3001 smmd=0.1779 ct=7.6788 rec=1.1995 | train/val/test=0.907/0.891/0.894 | c=0.999488
[Epoch 0269] loss=2.5451 cls=0.2989 smmd=0.1718 ct=7.6781 rec=1.1994 | train/val/test=0.908/0.891/0.897 | c=0.999488
[Epoch 0270] loss=2.5393 cls=0.2975 smmd=0.1684 ct=7.6796 rec=1.2002 | train/val/test=0.909/0.891/0.898 | c=0.999488
[Epoch 0271] loss=2.5302 cls=0.2955 smmd=0.1633 ct=7.6792 rec=1.2005 | train/val/test=0.908/0.892/0.896 | c=0.999488
[Epoch 0272] loss=2.5253 cls=0.2943 smmd=0.1612 ct=7.6779 rec=1.2003 | train/val/test=0.909/0.893/0.897 | c=0.999488
[Epoch 0273] loss=2.5178 cls=0.2924 smmd=0.1572 ct=7.6786 rec=1.2004 | train/val/test=0.908/0.892/0.898 | c=0.999488
[Epoch 0274] loss=2.5147 cls=0.2915 smmd=0.1560 ct=7.6780 rec=1.2010 | train/val/test=0.909/0.892/0.897 | c=0.999488
[Epoch 0275] loss=2.5076 cls=0.2902 smmd=0.1520 ct=7.6752 rec=1.2011 | train/val/test=0.909/0.895/0.896 | c=0.999488
[Epoch 0276] loss=2.5008 cls=0.2888 smmd=0.1481 ct=7.6743 rec=1.2008 | train/val/test=0.909/0.893/0.897 | c=0.999488
[Epoch 0277] loss=2.4983 cls=0.2880 smmd=0.1472 ct=7.6745 rec=1.2010 | train/val/test=0.910/0.893/0.897 | c=0.999488
[Epoch 0278] loss=2.4894 cls=0.2865 smmd=0.1416 ct=7.6728 rec=1.2012 | train/val/test=0.910/0.893/0.896 | c=0.999488
[Epoch 0279] loss=2.4841 cls=0.2854 smmd=0.1386 ct=7.6723 rec=1.2014 | train/val/test=0.910/0.894/0.899 | c=0.999488
[Epoch 0280] loss=2.4817 cls=0.2844 smmd=0.1380 ct=7.6734 rec=1.2016 | train/val/test=0.910/0.895/0.898 | c=0.999488[2025-09-20 07:12:17] END attempt 1: exit_code=137
[2025-09-20 07:12:27] START attempt 2: python main.py --is_transfer True --test_dataset Computers --pretrained_model_name /mnt/data1/Graph/HypGraphLoRA/pre_trained_gnn/Cora.GRACE.GAT.hyp_True.True.20250912-232536.pth --few False --gpu_id 0
bash: line 1: python: command not found
[2025-09-20 07:12:27] END attempt 2: exit_code=127
[2025-09-20 07:12:37] START attempt 3: python main.py --is_transfer True --test_dataset Computers --pretrained_model_name /mnt/data1/Graph/HypGraphLoRA/pre_trained_gnn/Cora.GRACE.GAT.hyp_True.True.20250912-232536.pth --few False --gpu_id 0
bash: line 1: python: command not found
[2025-09-20 07:12:38] END attempt 3: exit_code=127
