/mnt/data1/Graph/HypGraphLoRA
[Pretrain] Using Lorentz H^d with learnable curvature, init c=0.1
pre-training.
(T) | Epoch=001, loss=10.5803, c=0.700000, this 1.96s, total 1.96s
+++ model saved ! ./pre_trained_gnn/PubMed.GRACE.GAT.curv_0p1000.hyp_True.False.pth
(T) | Epoch=002, loss=10.5800, c=0.700000, this 1.47s, total 3.43s
+++ model saved ! ./pre_trained_gnn/PubMed.GRACE.GAT.curv_0p1000.hyp_True.False.pth
(T) | Epoch=003, loss=10.5799, c=0.700000, this 1.54s, total 4.97s
+++ model saved ! ./pre_trained_gnn/PubMed.GRACE.GAT.curv_0p1000.hyp_True.False.pth
(T) | Epoch=004, loss=10.5796, c=0.700000, this 1.54s, total 6.51s
+++ model saved ! ./pre_trained_gnn/PubMed.GRACE.GAT.curv_0p1000.hyp_True.False.pth
(T) | Epoch=005, loss=10.5795, c=0.700000, this 1.54s, total 8.05s
+++ model saved ! ./pre_trained_gnn/PubMed.GRACE.GAT.curv_0p1000.hyp_True.False.pth
(T) | Epoch=006, loss=10.5794, c=0.700000, this 1.54s, total 9.59s
+++ model saved ! ./pre_trained_gnn/PubMed.GRACE.GAT.curv_0p1000.hyp_True.False.pth
(T) | Epoch=007, loss=10.5792, c=0.700000, this 1.54s, total 11.13s
+++ model saved ! ./pre_trained_gnn/PubMed.GRACE.GAT.curv_0p1000.hyp_True.False.pth
(T) | Epoch=008, loss=10.5790, c=0.700000, this 1.54s, total 12.66s
+++ model saved ! ./pre_trained_gnn/PubMed.GRACE.GAT.curv_0p1000.hyp_True.False.pth
(T) | Epoch=009, loss=10.5788, c=0.700000, this 1.54s, total 14.20s
+++ model saved ! ./pre_trained_gnn/PubMed.GRACE.GAT.curv_0p1000.hyp_True.False.pth
(T) | Epoch=010, loss=10.5783, c=0.700000, this 1.54s, total 15.74s
+++ model saved ! ./pre_trained_gnn/PubMed.GRACE.GAT.curv_0p1000.hyp_True.False.pth
(T) | Epoch=011, loss=10.5779, c=0.700000, this 1.54s, total 17.28s
+++ model saved ! ./pre_trained_gnn/PubMed.GRACE.GAT.curv_0p1000.hyp_True.False.pth
(T) | Epoch=012, loss=10.5773, c=0.700000, this 1.54s, total 18.82s
+++ model saved ! ./pre_trained_gnn/PubMed.GRACE.GAT.curv_0p1000.hyp_True.False.pth
(T) | Epoch=013, loss=10.5773, c=0.700000, this 1.54s, total 20.36s
(T) | Epoch=014, loss=10.5764, c=0.700000, this 1.53s, total 21.89s
+++ model saved ! ./pre_trained_gnn/PubMed.GRACE.GAT.curv_0p1000.hyp_True.False.pth
(T) | Epoch=015, loss=10.5760, c=0.700000, this 1.54s, total 23.43s
+++ model saved ! ./pre_trained_gnn/PubMed.GRACE.GAT.curv_0p1000.hyp_True.False.pth
(T) | Epoch=016, loss=10.5755, c=0.700000, this 1.54s, total 24.96s
+++ model saved ! ./pre_trained_gnn/PubMed.GRACE.GAT.curv_0p1000.hyp_True.False.pth
(T) | Epoch=017, loss=10.5747, c=0.700000, this 1.54s, total 26.50s
+++ model saved ! ./pre_trained_gnn/PubMed.GRACE.GAT.curv_0p1000.hyp_True.False.pth
(T) | Epoch=018, loss=10.5746, c=0.700000, this 1.54s, total 28.04s
+++ model saved ! ./pre_trained_gnn/PubMed.GRACE.GAT.curv_0p1000.hyp_True.False.pth
(T) | Epoch=019, loss=10.5727, c=0.700000, this 1.54s, total 29.58s
+++ model saved ! ./pre_trained_gnn/PubMed.GRACE.GAT.curv_0p1000.hyp_True.False.pth
(T) | Epoch=020, loss=10.5718, c=0.700000, this 1.54s, total 31.12s
+++ model saved ! ./pre_trained_gnn/PubMed.GRACE.GAT.curv_0p1000.hyp_True.False.pth
(T) | Epoch=021, loss=10.5707, c=0.700000, this 1.54s, total 32.66s
+++ model saved ! ./pre_trained_gnn/PubMed.GRACE.GAT.curv_0p1000.hyp_True.False.pth
(T) | Epoch=022, loss=10.5707, c=0.700000, this 1.54s, total 34.20s
+++ model saved ! ./pre_trained_gnn/PubMed.GRACE.GAT.curv_0p1000.hyp_True.False.pth
(T) | Epoch=023, loss=10.5694, c=0.700000, this 1.54s, total 35.74s
+++ model saved ! ./pre_trained_gnn/PubMed.GRACE.GAT.curv_0p1000.hyp_True.False.pth
(T) | Epoch=024, loss=10.5655, c=0.700000, this 1.54s, total 37.28s
+++ model saved ! ./pre_trained_gnn/PubMed.GRACE.GAT.curv_0p1000.hyp_True.False.pth
(T) | Epoch=025, loss=10.5644, c=0.700000, this 1.54s, total 38.82s
+++ model saved ! ./pre_trained_gnn/PubMed.GRACE.GAT.curv_0p1000.hyp_True.False.pth
(T) | Epoch=026, loss=10.5638, c=0.700000, this 1.54s, total 40.36s
+++ model saved ! ./pre_trained_gnn/PubMed.GRACE.GAT.curv_0p1000.hyp_True.False.pth
(T) | Epoch=027, loss=10.5590, c=0.700000, this 1.54s, total 41.90s
+++ model saved ! ./pre_trained_gnn/PubMed.GRACE.GAT.curv_0p1000.hyp_True.False.pth
(T) | Epoch=028, loss=10.5561, c=0.700000, this 1.54s, total 43.43s
+++ model saved ! ./pre_trained_gnn/PubMed.GRACE.GAT.curv_0p1000.hyp_True.False.pth
(T) | Epoch=029, loss=10.5524, c=0.700000, this 1.54s, total 44.97s
+++ model saved ! ./pre_trained_gnn/PubMed.GRACE.GAT.curv_0p1000.hyp_True.False.pth
(T) | Epoch=030, loss=10.5470, c=0.700000, this 1.54s, total 46.51s
+++ model saved ! ./pre_trained_gnn/PubMed.GRACE.GAT.curv_0p1000.hyp_True.False.pth
(T) | Epoch=031, loss=10.5428, c=0.700000, this 1.54s, total 48.05s
+++ model saved ! ./pre_trained_gnn/PubMed.GRACE.GAT.curv_0p1000.hyp_True.False.pth
(T) | Epoch=032, loss=10.5382, c=0.700000, this 1.54s, total 49.59s
+++ model saved ! ./pre_trained_gnn/PubMed.GRACE.GAT.curv_0p1000.hyp_True.False.pth
(T) | Epoch=033, loss=10.5291, c=0.700000, this 1.54s, total 51.13s
+++ model saved ! ./pre_trained_gnn/PubMed.GRACE.GAT.curv_0p1000.hyp_True.False.pth
(T) | Epoch=034, loss=10.5238, c=0.700000, this 1.54s, total 52.67s
+++ model saved ! ./pre_trained_gnn/PubMed.GRACE.GAT.curv_0p1000.hyp_True.False.pth
(T) | Epoch=035, loss=10.5131, c=0.700000, this 1.54s, total 54.21s
+++ model saved ! ./pre_trained_gnn/PubMed.GRACE.GAT.curv_0p1000.hyp_True.False.pth
(T) | Epoch=036, loss=10.5007, c=0.700000, this 1.54s, total 55.74s
+++ model saved ! ./pre_trained_gnn/PubMed.GRACE.GAT.curv_0p1000.hyp_True.False.pth
(T) | Epoch=037, loss=10.4798, c=0.700000, this 1.54s, total 57.28s
+++ model saved ! ./pre_trained_gnn/PubMed.GRACE.GAT.curv_0p1000.hyp_True.False.pth
(T) | Epoch=038, loss=10.4682, c=0.700000, this 1.54s, total 58.82s
+++ model saved ! ./pre_trained_gnn/PubMed.GRACE.GAT.curv_0p1000.hyp_True.False.pth
(T) | Epoch=039, loss=10.4566, c=0.700000, this 1.54s, total 60.36s
+++ model saved ! ./pre_trained_gnn/PubMed.GRACE.GAT.curv_0p1000.hyp_True.False.pth
(T) | Epoch=040, loss=10.4401, c=0.700000, this 1.54s, total 61.90s
+++ model saved ! ./pre_trained_gnn/PubMed.GRACE.GAT.curv_0p1000.hyp_True.False.pth
(T) | Epoch=041, loss=10.3985, c=0.700000, this 1.54s, total 63.43s
+++ model saved ! ./pre_trained_gnn/PubMed.GRACE.GAT.curv_0p1000.hyp_True.False.pth
(T) | Epoch=042, loss=10.3617, c=0.700000, this 1.54s, total 64.97s
+++ model saved ! ./pre_trained_gnn/PubMed.GRACE.GAT.curv_0p1000.hyp_True.False.pth
(T) | Epoch=043, loss=10.3181, c=0.700000, this 1.54s, total 66.51s
+++ model saved ! ./pre_trained_gnn/PubMed.GRACE.GAT.curv_0p1000.hyp_True.False.pth
(T) | Epoch=044, loss=10.2793, c=0.700000, this 1.54s, total 68.05s
+++ model saved ! ./pre_trained_gnn/PubMed.GRACE.GAT.curv_0p1000.hyp_True.False.pth
(T) | Epoch=045, loss=10.2306, c=0.700000, this 1.54s, total 69.58s
+++ model saved ! ./pre_trained_gnn/PubMed.GRACE.GAT.curv_0p1000.hyp_True.False.pth
(T) | Epoch=046, loss=10.1809, c=0.700000, this 1.54s, total 71.12s
+++ model saved ! ./pre_trained_gnn/PubMed.GRACE.GAT.curv_0p1000.hyp_True.False.pth
(T) | Epoch=047, loss=10.1189, c=0.700000, this 1.54s, total 72.66s
+++ model saved ! ./pre_trained_gnn/PubMed.GRACE.GAT.curv_0p1000.hyp_True.False.pth
(T) | Epoch=048, loss=10.0935, c=0.700000, this 1.54s, total 74.20s
+++ model saved ! ./pre_trained_gnn/PubMed.GRACE.GAT.curv_0p1000.hyp_True.False.pth
(T) | Epoch=049, loss=9.9870, c=0.700000, this 1.54s, total 75.73s
+++ model saved ! ./pre_trained_gnn/PubMed.GRACE.GAT.curv_0p1000.hyp_True.False.pth
(T) | Epoch=050, loss=9.9410, c=0.700000, this 1.54s, total 77.27s
+++ model saved ! ./pre_trained_gnn/PubMed.GRACE.GAT.curv_0p1000.hyp_True.False.pth
(T) | Epoch=051, loss=9.8615, c=0.700000, this 1.54s, total 78.81s
+++ model saved ! ./pre_trained_gnn/PubMed.GRACE.GAT.curv_0p1000.hyp_True.False.pth
(T) | Epoch=052, loss=9.7929, c=0.700000, this 1.54s, total 80.35s
+++ model saved ! ./pre_trained_gnn/PubMed.GRACE.GAT.curv_0p1000.hyp_True.False.pth
(T) | Epoch=053, loss=9.7543, c=0.700000, this 1.53s, total 81.88s
+++ model saved ! ./pre_trained_gnn/PubMed.GRACE.GAT.curv_0p1000.hyp_True.False.pth
(T) | Epoch=054, loss=9.6969, c=0.700000, this 1.54s, total 83.42s
+++ model saved ! ./pre_trained_gnn/PubMed.GRACE.GAT.curv_0p1000.hyp_True.False.pth
(T) | Epoch=055, loss=9.6658, c=0.700000, this 1.54s, total 84.95s
+++ model saved ! ./pre_trained_gnn/PubMed.GRACE.GAT.curv_0p1000.hyp_True.False.pth
(T) | Epoch=056, loss=9.6242, c=0.700000, this 1.54s, total 86.49s
+++ model saved ! ./pre_trained_gnn/PubMed.GRACE.GAT.curv_0p1000.hyp_True.False.pth
(T) | Epoch=057, loss=9.6070, c=0.700000, this 1.54s, total 88.03s
+++ model saved ! ./pre_trained_gnn/PubMed.GRACE.GAT.curv_0p1000.hyp_True.False.pth
(T) | Epoch=058, loss=9.5603, c=0.700000, this 1.54s, total 89.57s
+++ model saved ! ./pre_trained_gnn/PubMed.GRACE.GAT.curv_0p1000.hyp_True.False.pth
(T) | Epoch=059, loss=9.5401, c=0.700000, this 1.54s, total 91.10s
+++ model saved ! ./pre_trained_gnn/PubMed.GRACE.GAT.curv_0p1000.hyp_True.False.pth
(T) | Epoch=060, loss=9.5358, c=0.700000, this 1.54s, total 92.64s
+++ model saved ! ./pre_trained_gnn/PubMed.GRACE.GAT.curv_0p1000.hyp_True.False.pth
(T) | Epoch=061, loss=9.5309, c=0.700000, this 1.54s, total 94.18s
+++ model saved ! ./pre_trained_gnn/PubMed.GRACE.GAT.curv_0p1000.hyp_True.False.pth
(T) | Epoch=062, loss=9.5229, c=0.700000, this 1.54s, total 95.72s
+++ model saved ! ./pre_trained_gnn/PubMed.GRACE.GAT.curv_0p1000.hyp_True.False.pth
(T) | Epoch=063, loss=9.5058, c=0.700000, this 1.53s, total 97.25s
+++ model saved ! ./pre_trained_gnn/PubMed.GRACE.GAT.curv_0p1000.hyp_True.False.pth
(T) | Epoch=064, loss=9.5186, c=0.700000, this 1.54s, total 98.79s
(T) | Epoch=065, loss=9.5071, c=0.700000, this 1.53s, total 100.32s
(T) | Epoch=066, loss=9.5056, c=0.700000, this 1.53s, total 101.86s
+++ model saved ! ./pre_trained_gnn/PubMed.GRACE.GAT.curv_0p1000.hyp_True.False.pth
(T) | Epoch=067, loss=9.4934, c=0.700000, this 1.54s, total 103.39s
+++ model saved ! ./pre_trained_gnn/PubMed.GRACE.GAT.curv_0p1000.hyp_True.False.pth
(T) | Epoch=068, loss=9.4977, c=0.700000, this 1.54s, total 104.93s
(T) | Epoch=069, loss=9.5037, c=0.700000, this 1.53s, total 106.47s
(T) | Epoch=070, loss=9.4965, c=0.700000, this 1.53s, total 108.00s
(T) | Epoch=071, loss=9.4831, c=0.700000, this 1.53s, total 109.53s
+++ model saved ! ./pre_trained_gnn/PubMed.GRACE.GAT.curv_0p1000.hyp_True.False.pth
(T) | Epoch=072, loss=9.4927, c=0.700000, this 1.54s, total 111.07s
(T) | Epoch=073, loss=9.4846, c=0.700000, this 1.53s, total 112.60s
(T) | Epoch=074, loss=9.4743, c=0.700000, this 1.53s, total 114.14s
+++ model saved ! ./pre_trained_gnn/PubMed.GRACE.GAT.curv_0p1000.hyp_True.False.pth
(T) | Epoch=075, loss=9.4799, c=0.700000, this 1.54s, total 115.67s
(T) | Epoch=076, loss=9.4803, c=0.700000, this 1.53s, total 117.20s
(T) | Epoch=077, loss=9.4712, c=0.700000, this 1.53s, total 118.74s
+++ model saved ! ./pre_trained_gnn/PubMed.GRACE.GAT.curv_0p1000.hyp_True.False.pth
(T) | Epoch=078, loss=9.4614, c=0.700000, this 1.54s, total 120.28s
+++ model saved ! ./pre_trained_gnn/PubMed.GRACE.GAT.curv_0p1000.hyp_True.False.pth
(T) | Epoch=079, loss=9.4548, c=0.700000, this 1.54s, total 121.82s
+++ model saved ! ./pre_trained_gnn/PubMed.GRACE.GAT.curv_0p1000.hyp_True.False.pth
(T) | Epoch=080, loss=9.4596, c=0.700000, this 1.54s, total 123.36s
(T) | Epoch=081, loss=9.4508, c=0.700000, this 1.53s, total 124.89s
+++ model saved ! ./pre_trained_gnn/PubMed.GRACE.GAT.curv_0p1000.hyp_True.False.pth
(T) | Epoch=082, loss=9.4444, c=0.700000, this 1.54s, total 126.43s
+++ model saved ! ./pre_trained_gnn/PubMed.GRACE.GAT.curv_0p1000.hyp_True.False.pth
(T) | Epoch=083, loss=9.4485, c=0.700000, this 1.54s, total 127.97s
(T) | Epoch=084, loss=9.4344, c=0.700000, this 1.53s, total 129.50s
+++ model saved ! ./pre_trained_gnn/PubMed.GRACE.GAT.curv_0p1000.hyp_True.False.pth
(T) | Epoch=085, loss=9.4310, c=0.700000, this 1.54s, total 131.04s
+++ model saved ! ./pre_trained_gnn/PubMed.GRACE.GAT.curv_0p1000.hyp_True.False.pth
(T) | Epoch=086, loss=9.4269, c=0.700000, this 1.54s, total 132.57s
+++ model saved ! ./pre_trained_gnn/PubMed.GRACE.GAT.curv_0p1000.hyp_True.False.pth
(T) | Epoch=087, loss=9.4201, c=0.700000, this 1.54s, total 134.11s
+++ model saved ! ./pre_trained_gnn/PubMed.GRACE.GAT.curv_0p1000.hyp_True.False.pth
(T) | Epoch=088, loss=9.4149, c=0.700000, this 1.54s, total 135.65s
+++ model saved ! ./pre_trained_gnn/PubMed.GRACE.GAT.curv_0p1000.hyp_True.False.pth
(T) | Epoch=089, loss=9.4132, c=0.700000, this 1.54s, total 137.19s
+++ model saved ! ./pre_trained_gnn/PubMed.GRACE.GAT.curv_0p1000.hyp_True.False.pth
(T) | Epoch=090, loss=9.3939, c=0.700000, this 1.54s, total 138.72s
+++ model saved ! ./pre_trained_gnn/PubMed.GRACE.GAT.curv_0p1000.hyp_True.False.pth
(T) | Epoch=091, loss=9.3968, c=0.700000, this 1.54s, total 140.26s
(T) | Epoch=092, loss=9.3870, c=0.700000, this 1.53s, total 141.79s
+++ model saved ! ./pre_trained_gnn/PubMed.GRACE.GAT.curv_0p1000.hyp_True.False.pth
(T) | Epoch=093, loss=9.3964, c=0.700000, this 1.54s, total 143.33s
(T) | Epoch=094, loss=9.3653, c=0.700000, this 1.53s, total 144.86s
+++ model saved ! ./pre_trained_gnn/PubMed.GRACE.GAT.curv_0p1000.hyp_True.False.pth
(T) | Epoch=095, loss=9.3499, c=0.700000, this 1.54s, total 146.40s
+++ model saved ! ./pre_trained_gnn/PubMed.GRACE.GAT.curv_0p1000.hyp_True.False.pth
(T) | Epoch=096, loss=9.3338, c=0.700000, this 1.54s, total 147.94s
+++ model saved ! ./pre_trained_gnn/PubMed.GRACE.GAT.curv_0p1000.hyp_True.False.pth
(T) | Epoch=097, loss=9.3445, c=0.700000, this 1.54s, total 149.47s
(T) | Epoch=098, loss=9.3286, c=0.700000, this 1.53s, total 151.01s
+++ model saved ! ./pre_trained_gnn/PubMed.GRACE.GAT.curv_0p1000.hyp_True.False.pth
(T) | Epoch=099, loss=9.3412, c=0.700000, this 1.54s, total 152.55s
(T) | Epoch=100, loss=9.3062, c=0.700000, this 1.53s, total 154.08s
+++ model saved ! ./pre_trained_gnn/PubMed.GRACE.GAT.curv_0p1000.hyp_True.False.pth
(T) | Epoch=101, loss=9.3161, c=0.700000, this 1.54s, total 155.62s
(T) | Epoch=102, loss=9.2825, c=0.700000, this 1.53s, total 157.14s
+++ model saved ! ./pre_trained_gnn/PubMed.GRACE.GAT.curv_0p1000.hyp_True.False.pth
(T) | Epoch=103, loss=9.2815, c=0.700000, this 1.54s, total 158.68s
+++ model saved ! ./pre_trained_gnn/PubMed.GRACE.GAT.curv_0p1000.hyp_True.False.pth
(T) | Epoch=104, loss=9.2695, c=0.700000, this 1.54s, total 160.22s
+++ model saved ! ./pre_trained_gnn/PubMed.GRACE.GAT.curv_0p1000.hyp_True.False.pth
(T) | Epoch=105, loss=9.2695, c=0.700000, this 1.54s, total 161.76s
+++ model saved ! ./pre_trained_gnn/PubMed.GRACE.GAT.curv_0p1000.hyp_True.False.pth
(T) | Epoch=106, loss=9.2563, c=0.700000, this 1.54s, total 163.30s
+++ model saved ! ./pre_trained_gnn/PubMed.GRACE.GAT.curv_0p1000.hyp_True.False.pth
(T) | Epoch=107, loss=9.2455, c=0.700000, this 1.54s, total 164.83s
+++ model saved ! ./pre_trained_gnn/PubMed.GRACE.GAT.curv_0p1000.hyp_True.False.pth
(T) | Epoch=108, loss=9.2461, c=0.700000, this 1.54s, total 166.37s
(T) | Epoch=109, loss=9.2649, c=0.700000, this 1.53s, total 167.90s
(T) | Epoch=110, loss=9.2316, c=0.700000, this 1.53s, total 169.43s
+++ model saved ! ./pre_trained_gnn/PubMed.GRACE.GAT.curv_0p1000.hyp_True.False.pth
(T) | Epoch=111, loss=9.2249, c=0.700000, this 1.54s, total 170.97s
+++ model saved ! ./pre_trained_gnn/PubMed.GRACE.GAT.curv_0p1000.hyp_True.False.pth
(T) | Epoch=112, loss=9.2479, c=0.700000, this 1.54s, total 172.50s
(T) | Epoch=113, loss=9.2299, c=0.700000, this 1.53s, total 174.03s
(T) | Epoch=114, loss=9.2218, c=0.700000, this 1.53s, total 175.56s
+++ model saved ! ./pre_trained_gnn/PubMed.GRACE.GAT.curv_0p1000.hyp_True.False.pth
(T) | Epoch=115, loss=9.1991, c=0.700000, this 1.54s, total 177.10s
+++ model saved ! ./pre_trained_gnn/PubMed.GRACE.GAT.curv_0p1000.hyp_True.False.pth
(T) | Epoch=116, loss=9.2266, c=0.700000, this 1.54s, total 178.64s
(T) | Epoch=117, loss=9.2125, c=0.700000, this 1.53s, total 180.17s
(T) | Epoch=118, loss=9.2145, c=0.700000, this 1.53s, total 181.70s
(T) | Epoch=119, loss=9.2123, c=0.700000, this 1.53s, total 183.23s
(T) | Epoch=120, loss=9.1917, c=0.700000, this 1.53s, total 184.76s
+++ model saved ! ./pre_trained_gnn/PubMed.GRACE.GAT.curv_0p1000.hyp_True.False.pth
(T) | Epoch=121, loss=9.2180, c=0.700000, this 1.54s, total 186.31s
(T) | Epoch=122, loss=9.2220, c=0.700000, this 1.53s, total 187.84s
(T) | Epoch=123, loss=9.2024, c=0.700000, this 1.53s, total 189.37s
(T) | Epoch=124, loss=9.1857, c=0.700000, this 1.53s, total 190.91s
+++ model saved ! ./pre_trained_gnn/PubMed.GRACE.GAT.curv_0p1000.hyp_True.False.pth
(T) | Epoch=125, loss=9.2112, c=0.700000, this 1.54s, total 192.45s
(T) | Epoch=126, loss=9.2033, c=0.700000, this 1.53s, total 193.98s
(T) | Epoch=127, loss=9.1870, c=0.700000, this 1.53s, total 195.51s
(T) | Epoch=128, loss=9.1990, c=0.700000, this 1.53s, total 197.04s
(T) | Epoch=129, loss=9.1869, c=0.700000, this 1.53s, total 198.57s
(T) | Epoch=130, loss=9.1704, c=0.700000, this 1.53s, total 200.10s
+++ model saved ! ./pre_trained_gnn/PubMed.GRACE.GAT.curv_0p1000.hyp_True.False.pth
(T) | Epoch=131, loss=9.2025, c=0.700000, this 1.54s, total 201.64s
(T) | Epoch=132, loss=9.1791, c=0.700000, this 1.53s, total 203.17s
(T) | Epoch=133, loss=9.1843, c=0.700000, this 1.53s, total 204.70s
(T) | Epoch=134, loss=9.1723, c=0.700000, this 1.53s, total 206.23s
(T) | Epoch=135, loss=9.1735, c=0.700000, this 1.53s, total 207.77s
(T) | Epoch=136, loss=9.1753, c=0.700000, this 1.53s, total 209.30s
(T) | Epoch=137, loss=9.1861, c=0.700000, this 1.53s, total 210.83s
(T) | Epoch=138, loss=9.1626, c=0.700000, this 1.53s, total 212.36s
+++ model saved ! ./pre_trained_gnn/PubMed.GRACE.GAT.curv_0p1000.hyp_True.False.pth
(T) | Epoch=139, loss=9.1712, c=0.700000, this 1.54s, total 213.90s
(T) | Epoch=140, loss=9.1774, c=0.700000, this 1.53s, total 215.43s
(T) | Epoch=141, loss=9.1648, c=0.700000, this 1.53s, total 216.96s
(T) | Epoch=142, loss=9.1819, c=0.700000, this 1.53s, total 218.49s
(T) | Epoch=143, loss=9.1588, c=0.700000, this 1.53s, total 220.02s
+++ model saved ! ./pre_trained_gnn/PubMed.GRACE.GAT.curv_0p1000.hyp_True.False.pth
(T) | Epoch=144, loss=9.1561, c=0.700000, this 1.54s, total 221.56s
+++ model saved ! ./pre_trained_gnn/PubMed.GRACE.GAT.curv_0p1000.hyp_True.False.pth
(T) | Epoch=145, loss=9.1568, c=0.700000, this 1.54s, total 223.10s
(T) | Epoch=146, loss=9.1573, c=0.700000, this 1.53s, total 224.63s
(T) | Epoch=147, loss=9.1670, c=0.700000, this 1.53s, total 226.16s
(T) | Epoch=148, loss=9.1577, c=0.700000, this 1.53s, total 227.69s
(T) | Epoch=149, loss=9.1545, c=0.700000, this 1.53s, total 229.22s
+++ model saved ! ./pre_trained_gnn/PubMed.GRACE.GAT.curv_0p1000.hyp_True.False.pth
(T) | Epoch=150, loss=9.1548, c=0.700000, this 1.54s, total 230.76s
(T) | Epoch=151, loss=9.1599, c=0.700000, this 1.53s, total 232.29s
(T) | Epoch=152, loss=9.1835, c=0.700000, this 1.53s, total 233.82s
(T) | Epoch=153, loss=9.1475, c=0.700000, this 1.53s, total 235.35s
+++ model saved ! ./pre_trained_gnn/PubMed.GRACE.GAT.curv_0p1000.hyp_True.False.pth
(T) | Epoch=154, loss=9.1380, c=0.700000, this 1.54s, total 236.89s
+++ model saved ! ./pre_trained_gnn/PubMed.GRACE.GAT.curv_0p1000.hyp_True.False.pth
(T) | Epoch=155, loss=9.1591, c=0.700000, this 1.54s, total 238.43s
(T) | Epoch=156, loss=9.1598, c=0.700000, this 1.53s, total 239.96s
(T) | Epoch=157, loss=9.1310, c=0.700000, this 1.53s, total 241.49s
+++ model saved ! ./pre_trained_gnn/PubMed.GRACE.GAT.curv_0p1000.hyp_True.False.pth
(T) | Epoch=158, loss=9.1545, c=0.700000, this 1.54s, total 243.03s
(T) | Epoch=159, loss=9.1450, c=0.700000, this 1.53s, total 244.56s
(T) | Epoch=160, loss=9.1485, c=0.700000, this 1.53s, total 246.09s
(T) | Epoch=161, loss=9.1392, c=0.700000, this 1.53s, total 247.62s
(T) | Epoch=162, loss=9.1461, c=0.700000, this 1.53s, total 249.15s
(T) | Epoch=163, loss=9.1258, c=0.700000, this 1.53s, total 250.68s
+++ model saved ! ./pre_trained_gnn/PubMed.GRACE.GAT.curv_0p1000.hyp_True.False.pth
(T) | Epoch=164, loss=9.1243, c=0.700000, this 1.54s, total 252.22s
+++ model saved ! ./pre_trained_gnn/PubMed.GRACE.GAT.curv_0p1000.hyp_True.False.pth
(T) | Epoch=165, loss=9.1578, c=0.700000, this 1.54s, total 253.76s
(T) | Epoch=166, loss=9.1334, c=0.700000, this 1.53s, total 255.29s
(T) | Epoch=167, loss=9.1362, c=0.700000, this 1.53s, total 256.82s
(T) | Epoch=168, loss=9.1445, c=0.700000, this 1.53s, total 258.35s
(T) | Epoch=169, loss=9.1304, c=0.700000, this 1.53s, total 259.89s
(T) | Epoch=170, loss=9.1485, c=0.700000, this 1.53s, total 261.42s
(T) | Epoch=171, loss=9.1255, c=0.700000, this 1.53s, total 262.95s
(T) | Epoch=172, loss=9.1390, c=0.700000, this 1.53s, total 264.48s
(T) | Epoch=173, loss=9.1453, c=0.700000, this 1.53s, total 266.01s
(T) | Epoch=174, loss=9.1260, c=0.700000, this 1.53s, total 267.55s
(T) | Epoch=175, loss=9.1574, c=0.700000, this 1.53s, total 269.08s
(T) | Epoch=176, loss=9.1188, c=0.700000, this 1.53s, total 270.61s
+++ model saved ! ./pre_trained_gnn/PubMed.GRACE.GAT.curv_0p1000.hyp_True.False.pth
(T) | Epoch=177, loss=9.0958, c=0.700000, this 1.54s, total 272.15s
+++ model saved ! ./pre_trained_gnn/PubMed.GRACE.GAT.curv_0p1000.hyp_True.False.pth
(T) | Epoch=178, loss=9.1237, c=0.700000, this 1.54s, total 273.68s
(T) | Epoch=179, loss=9.1302, c=0.700000, this 1.53s, total 275.22s
(T) | Epoch=180, loss=9.1243, c=0.700000, this 1.53s, total 276.75s
(T) | Epoch=181, loss=9.1119, c=0.700000, this 1.53s, total 278.28s
(T) | Epoch=182, loss=9.1221, c=0.700000, this 1.53s, total 279.81s
(T) | Epoch=183, loss=9.1271, c=0.700000, this 1.53s, total 281.34s
(T) | Epoch=184, loss=9.1343, c=0.700000, this 1.53s, total 282.87s
(T) | Epoch=185, loss=9.1144, c=0.700000, this 1.53s, total 284.40s
(T) | Epoch=186, loss=9.1144, c=0.700000, this 1.53s, total 285.93s
(T) | Epoch=187, loss=9.1328, c=0.700000, this 1.53s, total 287.46s
(T) | Epoch=188, loss=9.1453, c=0.700000, this 1.53s, total 288.99s
(T) | Epoch=189, loss=9.1036, c=0.700000, this 1.53s, total 290.52s
(T) | Epoch=190, loss=9.1077, c=0.700000, this 1.53s, total 292.06s
(T) | Epoch=191, loss=9.1098, c=0.700000, this 1.53s, total 293.59s
(T) | Epoch=192, loss=9.1150, c=0.700000, this 1.53s, total 295.12s
(T) | Epoch=193, loss=9.0918, c=0.700000, this 1.53s, total 296.65s
+++ model saved ! ./pre_trained_gnn/PubMed.GRACE.GAT.curv_0p1000.hyp_True.False.pth
(T) | Epoch=194, loss=9.1038, c=0.700000, this 1.54s, total 298.18s
(T) | Epoch=195, loss=9.1071, c=0.700000, this 1.53s, total 299.71s
(T) | Epoch=196, loss=9.0788, c=0.700000, this 1.53s, total 301.24s
+++ model saved ! ./pre_trained_gnn/PubMed.GRACE.GAT.curv_0p1000.hyp_True.False.pth
(T) | Epoch=197, loss=9.1097, c=0.700000, this 1.54s, total 302.78s
(T) | Epoch=198, loss=9.1038, c=0.700000, this 1.53s, total 304.31s
(T) | Epoch=199, loss=9.0936, c=0.700000, this 1.53s, total 305.84s
(T) | Epoch=200, loss=9.1107, c=0.700000, this 1.53s, total 307.38s
(T) | Epoch=201, loss=9.0796, c=0.700000, this 1.53s, total 308.91s
(T) | Epoch=202, loss=9.1189, c=0.700000, this 1.53s, total 310.44s
(T) | Epoch=203, loss=9.1047, c=0.700000, this 1.53s, total 311.97s
(T) | Epoch=204, loss=9.0776, c=0.700000, this 1.53s, total 313.51s
+++ model saved ! ./pre_trained_gnn/PubMed.GRACE.GAT.curv_0p1000.hyp_True.False.pth
(T) | Epoch=205, loss=9.0982, c=0.700000, this 1.54s, total 315.05s
(T) | Epoch=206, loss=9.1214, c=0.700000, this 1.53s, total 316.58s
(T) | Epoch=207, loss=9.1186, c=0.700000, this 1.53s, total 318.11s
(T) | Epoch=208, loss=9.0960, c=0.700000, this 1.53s, total 319.64s
(T) | Epoch=209, loss=9.0944, c=0.700000, this 1.53s, total 321.17s
(T) | Epoch=210, loss=9.0916, c=0.700000, this 1.53s, total 322.70s
(T) | Epoch=211, loss=9.1117, c=0.700000, this 1.53s, total 324.23s
(T) | Epoch=212, loss=9.0935, c=0.700000, this 1.53s, total 325.76s
(T) | Epoch=213, loss=9.0768, c=0.700000, this 1.53s, total 327.30s
+++ model saved ! ./pre_trained_gnn/PubMed.GRACE.GAT.curv_0p1000.hyp_True.False.pth
(T) | Epoch=214, loss=9.0964, c=0.700000, this 1.54s, total 328.83s
(T) | Epoch=215, loss=9.0649, c=0.700000, this 1.53s, total 330.37s
+++ model saved ! ./pre_trained_gnn/PubMed.GRACE.GAT.curv_0p1000.hyp_True.False.pth
(T) | Epoch=216, loss=9.0774, c=0.700000, this 1.54s, total 331.90s
(T) | Epoch=217, loss=9.0936, c=0.700000, this 1.53s, total 333.43s
(T) | Epoch=218, loss=9.0938, c=0.700000, this 1.53s, total 334.97s
(T) | Epoch=219, loss=9.1243, c=0.700000, this 1.53s, total 336.50s
(T) | Epoch=220, loss=9.0977, c=0.700000, this 1.53s, total 338.03s
(T) | Epoch=221, loss=9.1047, c=0.700000, this 1.53s, total 339.56s
(T) | Epoch=222, loss=9.0889, c=0.700000, this 1.53s, total 341.09s
(T) | Epoch=223, loss=9.0796, c=0.700000, this 1.53s, total 342.62s
(T) | Epoch=224, loss=9.0663, c=0.700000, this 1.54s, total 344.16s
(T) | Epoch=225, loss=9.0750, c=0.700000, this 1.53s, total 345.69s
(T) | Epoch=226, loss=9.0633, c=0.700000, this 1.53s, total 347.22s
+++ model saved ! ./pre_trained_gnn/PubMed.GRACE.GAT.curv_0p1000.hyp_True.False.pth
(T) | Epoch=227, loss=9.0818, c=0.700000, this 1.54s, total 348.76s
(T) | Epoch=228, loss=9.0707, c=0.700000, this 1.53s, total 350.29s
(T) | Epoch=229, loss=9.0651, c=0.700000, this 1.53s, total 351.83s
(T) | Epoch=230, loss=9.0721, c=0.700000, this 1.53s, total 353.36s
(T) | Epoch=231, loss=9.0712, c=0.700000, this 1.53s, total 354.89s
(T) | Epoch=232, loss=9.0655, c=0.700000, this 1.53s, total 356.42s
(T) | Epoch=233, loss=9.0858, c=0.700000, this 1.53s, total 357.95s
(T) | Epoch=234, loss=9.0671, c=0.700000, this 1.53s, total 359.49s
(T) | Epoch=235, loss=9.0835, c=0.700000, this 1.53s, total 361.02s
(T) | Epoch=236, loss=9.0748, c=0.700000, this 1.53s, total 362.55s
(T) | Epoch=237, loss=9.0471, c=0.700000, this 1.53s, total 364.08s
+++ model saved ! ./pre_trained_gnn/PubMed.GRACE.GAT.curv_0p1000.hyp_True.False.pth
(T) | Epoch=238, loss=9.0893, c=0.700000, this 1.54s, total 365.62s
(T) | Epoch=239, loss=9.1164, c=0.700000, this 1.53s, total 367.16s
(T) | Epoch=240, loss=9.0685, c=0.700000, this 1.53s, total 368.69s
(T) | Epoch=241, loss=9.0633, c=0.700000, this 1.53s, total 370.22s
(T) | Epoch=242, loss=9.0857, c=0.700000, this 1.53s, total 371.75s
(T) | Epoch=243, loss=9.0596, c=0.700000, this 1.53s, total 373.29s
(T) | Epoch=244, loss=9.0653, c=0.700000, this 1.53s, total 374.82s
(T) | Epoch=245, loss=9.0622, c=0.700000, this 1.53s, total 376.35s
(T) | Epoch=246, loss=9.0593, c=0.700000, this 1.53s, total 377.88s
(T) | Epoch=247, loss=9.0905, c=0.700000, this 1.53s, total 379.41s
(T) | Epoch=248, loss=9.0523, c=0.700000, this 1.53s, total 380.94s
(T) | Epoch=249, loss=9.0491, c=0.700000, this 1.53s, total 382.48s
(T) | Epoch=250, loss=9.0501, c=0.700000, this 1.53s, total 384.01s
(T) | Epoch=251, loss=9.0797, c=0.700000, this 1.53s, total 385.54s
(T) | Epoch=252, loss=9.0709, c=0.700000, this 1.53s, total 387.07s
(T) | Epoch=253, loss=9.0767, c=0.700000, this 1.53s, total 388.60s
(T) | Epoch=254, loss=9.0428, c=0.700000, this 1.53s, total 390.14s
+++ model saved ! ./pre_trained_gnn/PubMed.GRACE.GAT.curv_0p1000.hyp_True.False.pth
(T) | Epoch=255, loss=9.0583, c=0.700000, this 1.54s, total 391.67s
(T) | Epoch=256, loss=9.0926, c=0.700000, this 1.53s, total 393.21s
(T) | Epoch=257, loss=9.0646, c=0.700000, this 1.53s, total 394.74s
(T) | Epoch=258, loss=9.0637, c=0.700000, this 1.53s, total 396.27s
(T) | Epoch=259, loss=9.0503, c=0.700000, this 1.53s, total 397.80s
(T) | Epoch=260, loss=9.0645, c=0.700000, this 1.53s, total 399.33s
(T) | Epoch=261, loss=9.0493, c=0.700000, this 1.53s, total 400.86s
(T) | Epoch=262, loss=9.0562, c=0.700000, this 1.54s, total 402.40s
(T) | Epoch=263, loss=9.0691, c=0.700000, this 1.53s, total 403.93s
(T) | Epoch=264, loss=9.0434, c=0.700000, this 1.53s, total 405.46s
(T) | Epoch=265, loss=9.0634, c=0.700000, this 1.53s, total 406.99s
(T) | Epoch=266, loss=9.0816, c=0.700000, this 1.53s, total 408.52s
(T) | Epoch=267, loss=9.0747, c=0.700000, this 1.53s, total 410.05s
(T) | Epoch=268, loss=9.0477, c=0.700000, this 1.53s, total 411.59s
(T) | Epoch=269, loss=9.0645, c=0.700000, this 1.53s, total 413.12s
(T) | Epoch=270, loss=9.0520, c=0.700000, this 1.53s, total 414.65s
(T) | Epoch=271, loss=9.0645, c=0.700000, this 1.53s, total 416.18s
(T) | Epoch=272, loss=9.0691, c=0.700000, this 1.53s, total 417.71s
(T) | Epoch=273, loss=9.0511, c=0.700000, this 1.53s, total 419.24s
(T) | Epoch=274, loss=9.0532, c=0.700000, this 1.53s, total 420.77s
(T) | Epoch=275, loss=9.0931, c=0.700000, this 1.53s, total 422.31s
(T) | Epoch=276, loss=9.0656, c=0.700000, this 1.53s, total 423.84s
(T) | Epoch=277, loss=9.0709, c=0.700000, this 1.53s, total 425.37s
(T) | Epoch=278, loss=9.0467, c=0.700000, this 1.53s, total 426.90s
(T) | Epoch=279, loss=9.0409, c=0.700000, this 1.53s, total 428.43s
+++ model saved ! ./pre_trained_gnn/PubMed.GRACE.GAT.curv_0p1000.hyp_True.False.pth
(T) | Epoch=280, loss=9.0839, c=0.700000, this 1.53s, total 429.97s
(T) | Epoch=281, loss=9.0624, c=0.700000, this 1.53s, total 431.50s
(T) | Epoch=282, loss=9.0558, c=0.700000, this 1.53s, total 433.03s
(T) | Epoch=283, loss=9.0435, c=0.700000, this 1.53s, total 434.56s
(T) | Epoch=284, loss=9.0592, c=0.700000, this 1.53s, total 436.10s
(T) | Epoch=285, loss=9.0362, c=0.700000, this 1.53s, total 437.63s
+++ model saved ! ./pre_trained_gnn/PubMed.GRACE.GAT.curv_0p1000.hyp_True.False.pth
(T) | Epoch=286, loss=9.0303, c=0.700000, this 1.54s, total 439.17s
+++ model saved ! ./pre_trained_gnn/PubMed.GRACE.GAT.curv_0p1000.hyp_True.False.pth
(T) | Epoch=287, loss=9.0442, c=0.700000, this 1.54s, total 440.71s
(T) | Epoch=288, loss=9.0679, c=0.700000, this 1.53s, total 442.24s
(T) | Epoch=289, loss=9.0616, c=0.700000, this 1.53s, total 443.77s
(T) | Epoch=290, loss=9.0448, c=0.700000, this 1.53s, total 445.30s
(T) | Epoch=291, loss=9.0402, c=0.700000, this 1.53s, total 446.83s
(T) | Epoch=292, loss=9.0394, c=0.700000, this 1.53s, total 448.36s
(T) | Epoch=293, loss=9.0538, c=0.700000, this 1.53s, total 449.89s
(T) | Epoch=294, loss=9.0468, c=0.700000, this 1.53s, total 451.43s
(T) | Epoch=295, loss=9.0438, c=0.700000, this 1.53s, total 452.96s
(T) | Epoch=296, loss=9.0487, c=0.700000, this 1.53s, total 454.49s
(T) | Epoch=297, loss=9.0556, c=0.700000, this 1.53s, total 456.02s
(T) | Epoch=298, loss=9.0308, c=0.700000, this 1.53s, total 457.55s
(T) | Epoch=299, loss=9.0639, c=0.700000, this 1.53s, total 459.08s
(T) | Epoch=300, loss=9.0344, c=0.700000, this 1.53s, total 460.61s
(T) | Epoch=301, loss=9.0401, c=0.700000, this 1.53s, total 462.14s
(T) | Epoch=302, loss=9.0477, c=0.700000, this 1.53s, total 463.68s
(T) | Epoch=303, loss=9.0525, c=0.700000, this 1.53s, total 465.21s
(T) | Epoch=304, loss=9.0414, c=0.700000, this 1.53s, total 466.74s
(T) | Epoch=305, loss=9.0374, c=0.700000, this 1.53s, total 468.27s
(T) | Epoch=306, loss=9.0522, c=0.700000, this 1.53s, total 469.80s
(T) | Epoch=307, loss=9.0435, c=0.700000, this 1.53s, total 471.33s
(T) | Epoch=308, loss=9.0406, c=0.700000, this 1.53s, total 472.86s
(T) | Epoch=309, loss=9.0366, c=0.700000, this 1.53s, total 474.39s
(T) | Epoch=310, loss=9.0529, c=0.700000, this 1.53s, total 475.92s
(T) | Epoch=311, loss=9.0596, c=0.700000, this 1.53s, total 477.45s
(T) | Epoch=312, loss=9.0247, c=0.700000, this 1.53s, total 478.98s
+++ model saved ! ./pre_trained_gnn/PubMed.GRACE.GAT.curv_0p1000.hyp_True.False.pth
(T) | Epoch=313, loss=9.0374, c=0.700000, this 1.54s, total 480.52s
(T) | Epoch=314, loss=9.0368, c=0.700000, this 1.53s, total 482.05s
(T) | Epoch=315, loss=9.0513, c=0.700000, this 1.53s, total 483.59s
(T) | Epoch=316, loss=9.0401, c=0.700000, this 1.53s, total 485.12s
(T) | Epoch=317, loss=9.0405, c=0.700000, this 1.53s, total 486.65s
(T) | Epoch=318, loss=9.0311, c=0.700000, this 1.53s, total 488.18s
(T) | Epoch=319, loss=9.0311, c=0.700000, this 1.53s, total 489.71s
(T) | Epoch=320, loss=9.0598, c=0.700000, this 1.53s, total 491.24s
(T) | Epoch=321, loss=9.0411, c=0.700000, this 1.53s, total 492.78s
(T) | Epoch=322, loss=9.0342, c=0.700000, this 1.53s, total 494.31s
(T) | Epoch=323, loss=9.0445, c=0.700000, this 1.53s, total 495.84s
(T) | Epoch=324, loss=9.0541, c=0.700000, this 1.53s, total 497.37s
(T) | Epoch=325, loss=9.0402, c=0.700000, this 1.53s, total 498.91s
(T) | Epoch=326, loss=9.0497, c=0.700000, this 1.53s, total 500.44s
(T) | Epoch=327, loss=9.0442, c=0.700000, this 1.53s, total 501.97s
(T) | Epoch=328, loss=9.0508, c=0.700000, this 1.53s, total 503.50s
(T) | Epoch=329, loss=9.0694, c=0.700000, this 1.53s, total 505.03s
(T) | Epoch=330, loss=9.0518, c=0.700000, this 1.53s, total 506.56s
(T) | Epoch=331, loss=9.0442, c=0.700000, this 1.53s, total 508.10s
(T) | Epoch=332, loss=9.0180, c=0.700000, this 1.53s, total 509.63s
+++ model saved ! ./pre_trained_gnn/PubMed.GRACE.GAT.curv_0p1000.hyp_True.False.pth
(T) | Epoch=333, loss=9.0474, c=0.700000, this 1.54s, total 511.17s
(T) | Epoch=334, loss=9.0345, c=0.700000, this 1.53s, total 512.70s
(T) | Epoch=335, loss=9.0454, c=0.700000, this 1.53s, total 514.23s
(T) | Epoch=336, loss=9.0533, c=0.700000, this 1.53s, total 515.76s
(T) | Epoch=337, loss=9.0310, c=0.700000, this 1.53s, total 517.29s
(T) | Epoch=338, loss=9.0542, c=0.700000, this 1.53s, total 518.82s
(T) | Epoch=339, loss=9.0442, c=0.700000, this 1.53s, total 520.35s
(T) | Epoch=340, loss=9.0296, c=0.700000, this 1.53s, total 521.88s
(T) | Epoch=341, loss=9.0454, c=0.700000, this 1.53s, total 523.41s
(T) | Epoch=342, loss=9.0452, c=0.700000, this 1.53s, total 524.95s
(T) | Epoch=343, loss=9.0786, c=0.700000, this 1.53s, total 526.48s
(T) | Epoch=344, loss=9.0445, c=0.700000, this 1.53s, total 528.01s
(T) | Epoch=345, loss=9.0438, c=0.700000, this 1.53s, total 529.54s
(T) | Epoch=346, loss=9.0279, c=0.700000, this 1.53s, total 531.07s
(T) | Epoch=347, loss=9.0400, c=0.700000, this 1.53s, total 532.60s
(T) | Epoch=348, loss=9.0361, c=0.700000, this 1.53s, total 534.13s
(T) | Epoch=349, loss=9.0285, c=0.700000, this 1.53s, total 535.66s
(T) | Epoch=350, loss=9.0204, c=0.700000, this 1.53s, total 537.19s
(T) | Epoch=351, loss=9.0865, c=0.700000, this 1.53s, total 538.72s
(T) | Epoch=352, loss=9.0372, c=0.700000, this 1.53s, total 540.25s
(T) | Epoch=353, loss=9.0298, c=0.700000, this 1.53s, total 541.78s
(T) | Epoch=354, loss=9.0375, c=0.700000, this 1.53s, total 543.31s
(T) | Epoch=355, loss=9.0324, c=0.700000, this 1.53s, total 544.85s
(T) | Epoch=356, loss=9.0099, c=0.700000, this 1.53s, total 546.38s
+++ model saved ! ./pre_trained_gnn/PubMed.GRACE.GAT.curv_0p1000.hyp_True.False.pth
(T) | Epoch=357, loss=9.0273, c=0.700000, this 1.54s, total 547.91s
(T) | Epoch=358, loss=9.0263, c=0.700000, this 1.53s, total 549.44s
(T) | Epoch=359, loss=9.0232, c=0.700000, this 1.53s, total 550.98s
(T) | Epoch=360, loss=9.0227, c=0.700000, this 1.53s, total 552.51s
(T) | Epoch=361, loss=9.0333, c=0.700000, this 1.53s, total 554.04s
(T) | Epoch=362, loss=9.0290, c=0.700000, this 1.53s, total 555.57s
(T) | Epoch=363, loss=9.0432, c=0.700000, this 1.53s, total 557.10s
(T) | Epoch=364, loss=9.0409, c=0.700000, this 1.53s, total 558.63s
(T) | Epoch=365, loss=9.0446, c=0.700000, this 1.53s, total 560.16s
(T) | Epoch=366, loss=9.0308, c=0.700000, this 1.53s, total 561.69s
(T) | Epoch=367, loss=9.0196, c=0.700000, this 1.54s, total 563.24s
(T) | Epoch=368, loss=9.0084, c=0.700000, this 1.53s, total 564.77s
+++ model saved ! ./pre_trained_gnn/PubMed.GRACE.GAT.curv_0p1000.hyp_True.False.pth
(T) | Epoch=369, loss=9.0256, c=0.700000, this 1.54s, total 566.31s
(T) | Epoch=370, loss=9.0342, c=0.700000, this 1.53s, total 567.84s
(T) | Epoch=371, loss=9.0240, c=0.700000, this 1.53s, total 569.37s
(T) | Epoch=372, loss=9.0208, c=0.700000, this 1.53s, total 570.90s
(T) | Epoch=373, loss=9.0124, c=0.700000, this 1.53s, total 572.43s
(T) | Epoch=374, loss=9.0597, c=0.700000, this 1.53s, total 573.96s
(T) | Epoch=375, loss=9.0599, c=0.700000, this 1.53s, total 575.49s
(T) | Epoch=376, loss=9.0306, c=0.700000, this 1.53s, total 577.02s
(T) | Epoch=377, loss=9.0291, c=0.700000, this 1.53s, total 578.55s
(T) | Epoch=378, loss=9.0364, c=0.700000, this 1.53s, total 580.08s
(T) | Epoch=379, loss=9.0375, c=0.700000, this 1.53s, total 581.62s
(T) | Epoch=380, loss=9.0320, c=0.700000, this 1.53s, total 583.14s
(T) | Epoch=381, loss=9.0467, c=0.700000, this 1.53s, total 584.68s
(T) | Epoch=382, loss=9.0244, c=0.700000, this 1.53s, total 586.21s
(T) | Epoch=383, loss=9.0235, c=0.700000, this 1.53s, total 587.74s
(T) | Epoch=384, loss=9.0145, c=0.700000, this 1.53s, total 589.27s
(T) | Epoch=385, loss=9.0257, c=0.700000, this 1.53s, total 590.80s
(T) | Epoch=386, loss=9.0441, c=0.700000, this 1.53s, total 592.33s
(T) | Epoch=387, loss=9.0221, c=0.700000, this 1.53s, total 593.86s
(T) | Epoch=388, loss=9.0134, c=0.700000, this 1.53s, total 595.39s
(T) | Epoch=389, loss=9.0269, c=0.700000, this 1.53s, total 596.92s
(T) | Epoch=390, loss=9.0240, c=0.700000, this 1.53s, total 598.45s
(T) | Epoch=391, loss=9.0459, c=0.700000, this 1.53s, total 599.98s
(T) | Epoch=392, loss=9.0167, c=0.700000, this 1.53s, total 601.51s
(T) | Epoch=393, loss=9.0045, c=0.700000, this 1.53s, total 603.04s
+++ model saved ! ./pre_trained_gnn/PubMed.GRACE.GAT.curv_0p1000.hyp_True.False.pth
(T) | Epoch=394, loss=9.0162, c=0.700000, this 1.54s, total 604.58s
(T) | Epoch=395, loss=9.0225, c=0.700000, this 1.54s, total 606.12s
(T) | Epoch=396, loss=9.0336, c=0.700000, this 1.53s, total 607.65s
(T) | Epoch=397, loss=9.0117, c=0.700000, this 1.53s, total 609.18s
(T) | Epoch=398, loss=9.0486, c=0.700000, this 1.53s, total 610.71s
(T) | Epoch=399, loss=9.0088, c=0.700000, this 1.53s, total 612.24s
(T) | Epoch=400, loss=9.0241, c=0.700000, this 1.53s, total 613.77s
(T) | Epoch=401, loss=9.0345, c=0.700000, this 1.53s, total 615.30s
(T) | Epoch=402, loss=9.0336, c=0.700000, this 1.54s, total 616.84s
(T) | Epoch=403, loss=9.0195, c=0.700000, this 1.53s, total 618.37s
(T) | Epoch=404, loss=9.0223, c=0.700000, this 1.53s, total 619.90s
(T) | Epoch=405, loss=9.0150, c=0.700000, this 1.53s, total 621.43s
(T) | Epoch=406, loss=9.0184, c=0.700000, this 1.53s, total 622.96s
(T) | Epoch=407, loss=9.0482, c=0.700000, this 1.53s, total 624.49s
(T) | Epoch=408, loss=9.0097, c=0.700000, this 1.53s, total 626.02s
(T) | Epoch=409, loss=9.0231, c=0.700000, this 1.53s, total 627.56s
(T) | Epoch=410, loss=9.0493, c=0.700000, this 1.53s, total 629.09s
(T) | Epoch=411, loss=9.0174, c=0.700000, this 1.53s, total 630.62s
(T) | Epoch=412, loss=9.0472, c=0.700000, this 1.53s, total 632.15s
(T) | Epoch=413, loss=9.0248, c=0.700000, this 1.53s, total 633.68s
(T) | Epoch=414, loss=9.0429, c=0.700000, this 1.53s, total 635.21s
(T) | Epoch=415, loss=9.0326, c=0.700000, this 1.53s, total 636.74s
(T) | Epoch=416, loss=9.0116, c=0.700000, this 1.53s, total 638.27s
(T) | Epoch=417, loss=9.0018, c=0.700000, this 1.53s, total 639.80s
+++ model saved ! ./pre_trained_gnn/PubMed.GRACE.GAT.curv_0p1000.hyp_True.False.pth
(T) | Epoch=418, loss=9.0303, c=0.700000, this 1.54s, total 641.34s
(T) | Epoch=419, loss=9.0241, c=0.700000, this 1.53s, total 642.87s
(T) | Epoch=420, loss=9.0310, c=0.700000, this 1.53s, total 644.40s
(T) | Epoch=421, loss=9.0319, c=0.700000, this 1.53s, total 645.93s
(T) | Epoch=422, loss=9.0264, c=0.700000, this 1.53s, total 647.46s
(T) | Epoch=423, loss=9.0198, c=0.700000, this 1.53s, total 649.00s
(T) | Epoch=424, loss=9.0259, c=0.700000, this 1.53s, total 650.53s
(T) | Epoch=425, loss=9.0058, c=0.700000, this 1.53s, total 652.06s
(T) | Epoch=426, loss=9.0173, c=0.700000, this 1.53s, total 653.59s
(T) | Epoch=427, loss=9.0353, c=0.700000, this 1.54s, total 655.12s
(T) | Epoch=428, loss=9.0191, c=0.700000, this 1.53s, total 656.65s
(T) | Epoch=429, loss=9.0131, c=0.700000, this 1.53s, total 658.18s
(T) | Epoch=430, loss=9.0365, c=0.700000, this 1.53s, total 659.71s
(T) | Epoch=431, loss=9.0329, c=0.700000, this 1.53s, total 661.24s
(T) | Epoch=432, loss=9.0149, c=0.700000, this 1.53s, total 662.78s
(T) | Epoch=433, loss=9.0508, c=0.700000, this 1.53s, total 664.31s
(T) | Epoch=434, loss=9.0199, c=0.700000, this 1.53s, total 665.84s
(T) | Epoch=435, loss=9.0335, c=0.700000, this 1.53s, total 667.37s
(T) | Epoch=436, loss=9.0212, c=0.700000, this 1.53s, total 668.90s
(T) | Epoch=437, loss=9.0555, c=0.700000, this 1.53s, total 670.43s
(T) | Epoch=438, loss=9.0554, c=0.700000, this 1.53s, total 671.96s
(T) | Epoch=439, loss=9.0038, c=0.700000, this 1.53s, total 673.49s
(T) | Epoch=440, loss=9.0057, c=0.700000, this 1.53s, total 675.02s
(T) | Epoch=441, loss=9.0093, c=0.700000, this 1.53s, total 676.55s
(T) | Epoch=442, loss=9.0397, c=0.700000, this 1.53s, total 678.08s
(T) | Epoch=443, loss=9.0161, c=0.700000, this 1.53s, total 679.61s
(T) | Epoch=444, loss=9.0424, c=0.700000, this 1.53s, total 681.14s
(T) | Epoch=445, loss=9.0293, c=0.700000, this 1.53s, total 682.68s
(T) | Epoch=446, loss=9.0079, c=0.700000, this 1.53s, total 684.21s
(T) | Epoch=447, loss=9.0069, c=0.700000, this 1.53s, total 685.74s
(T) | Epoch=448, loss=9.0509, c=0.700000, this 1.53s, total 687.27s
(T) | Epoch=449, loss=9.0196, c=0.700000, this 1.53s, total 688.80s
(T) | Epoch=450, loss=9.0195, c=0.700000, this 1.53s, total 690.33s
(T) | Epoch=451, loss=9.0011, c=0.700000, this 1.53s, total 691.86s
+++ model saved ! ./pre_trained_gnn/PubMed.GRACE.GAT.curv_0p1000.hyp_True.False.pth
(T) | Epoch=452, loss=9.0102, c=0.700000, this 1.54s, total 693.40s
(T) | Epoch=453, loss=9.0139, c=0.700000, this 1.53s, total 694.93s
(T) | Epoch=454, loss=9.0219, c=0.700000, this 1.53s, total 696.47s
(T) | Epoch=455, loss=9.0155, c=0.700000, this 1.53s, total 698.00s
(T) | Epoch=456, loss=9.0508, c=0.700000, this 1.53s, total 699.53s
(T) | Epoch=457, loss=9.0093, c=0.700000, this 1.53s, total 701.06s
(T) | Epoch=458, loss=9.0128, c=0.700000, this 1.53s, total 702.59s
(T) | Epoch=459, loss=9.0179, c=0.700000, this 1.53s, total 704.12s
(T) | Epoch=460, loss=9.0180, c=0.700000, this 1.53s, total 705.66s
(T) | Epoch=461, loss=9.0003, c=0.700000, this 1.53s, total 707.19s
+++ model saved ! ./pre_trained_gnn/PubMed.GRACE.GAT.curv_0p1000.hyp_True.False.pth
(T) | Epoch=462, loss=9.0131, c=0.700000, this 1.54s, total 708.73s
(T) | Epoch=463, loss=9.0106, c=0.700000, this 1.53s, total 710.26s
(T) | Epoch=464, loss=9.0008, c=0.700000, this 1.53s, total 711.79s
(T) | Epoch=465, loss=9.0107, c=0.700000, this 1.53s, total 713.32s
(T) | Epoch=466, loss=9.0274, c=0.700000, this 1.53s, total 714.85s
(T) | Epoch=467, loss=9.0006, c=0.700000, this 1.53s, total 716.38s
(T) | Epoch=468, loss=8.9979, c=0.700000, this 1.53s, total 717.92s
+++ model saved ! ./pre_trained_gnn/PubMed.GRACE.GAT.curv_0p1000.hyp_True.False.pth
(T) | Epoch=469, loss=9.0204, c=0.700000, this 1.55s, total 719.46s
(T) | Epoch=470, loss=9.0015, c=0.700000, this 1.53s, total 720.99s
(T) | Epoch=471, loss=9.0140, c=0.700000, this 1.53s, total 722.52s
(T) | Epoch=472, loss=9.0197, c=0.700000, this 1.53s, total 724.05s
(T) | Epoch=473, loss=9.0132, c=0.700000, this 1.53s, total 725.59s
(T) | Epoch=474, loss=9.0211, c=0.700000, this 1.54s, total 727.13s
(T) | Epoch=475, loss=9.0024, c=0.700000, this 1.53s, total 728.66s
(T) | Epoch=476, loss=9.0105, c=0.700000, this 1.53s, total 730.19s
(T) | Epoch=477, loss=8.9907, c=0.700000, this 1.53s, total 731.72s
+++ model saved ! ./pre_trained_gnn/PubMed.GRACE.GAT.curv_0p1000.hyp_True.False.pth
(T) | Epoch=478, loss=9.0058, c=0.700000, this 1.54s, total 733.26s
(T) | Epoch=479, loss=9.0103, c=0.700000, this 1.53s, total 734.80s
(T) | Epoch=480, loss=9.0046, c=0.700000, this 1.53s, total 736.33s
(T) | Epoch=481, loss=9.0369, c=0.700000, this 1.53s, total 737.86s
(T) | Epoch=482, loss=9.0282, c=0.700000, this 1.53s, total 739.39s
(T) | Epoch=483, loss=8.9949, c=0.700000, this 1.53s, total 740.93s
(T) | Epoch=484, loss=9.0150, c=0.700000, this 1.53s, total 742.46s
(T) | Epoch=485, loss=9.0074, c=0.700000, this 1.53s, total 743.99s
(T) | Epoch=486, loss=9.0146, c=0.700000, this 1.53s, total 745.52s
(T) | Epoch=487, loss=8.9925, c=0.700000, this 1.53s, total 747.05s
(T) | Epoch=488, loss=9.0156, c=0.700000, this 1.53s, total 748.59s
(T) | Epoch=489, loss=8.9949, c=0.700000, this 1.53s, total 750.12s
(T) | Epoch=490, loss=9.0224, c=0.700000, this 1.53s, total 751.65s
(T) | Epoch=491, loss=9.0151, c=0.700000, this 1.53s, total 753.18s
(T) | Epoch=492, loss=9.0358, c=0.700000, this 1.53s, total 754.71s
(T) | Epoch=493, loss=9.0016, c=0.700000, this 1.53s, total 756.24s
(T) | Epoch=494, loss=9.0217, c=0.700000, this 1.53s, total 757.77s
(T) | Epoch=495, loss=9.0175, c=0.700000, this 1.53s, total 759.31s
(T) | Epoch=496, loss=9.0000, c=0.700000, this 1.53s, total 760.84s
(T) | Epoch=497, loss=9.0228, c=0.700000, this 1.53s, total 762.37s
(T) | Epoch=498, loss=9.0364, c=0.700000, this 1.53s, total 763.90s
(T) | Epoch=499, loss=9.0001, c=0.700000, this 1.53s, total 765.44s
(T) | Epoch=500, loss=9.0327, c=0.700000, this 1.53s, total 766.96s
(T) | Epoch=501, loss=9.0312, c=0.700000, this 1.53s, total 768.50s
(T) | Epoch=502, loss=9.0086, c=0.700000, this 1.53s, total 770.03s
(T) | Epoch=503, loss=9.0198, c=0.700000, this 1.53s, total 771.56s
(T) | Epoch=504, loss=9.0157, c=0.700000, this 1.53s, total 773.09s
(T) | Epoch=505, loss=9.0156, c=0.700000, this 1.53s, total 774.62s
(T) | Epoch=506, loss=9.0293, c=0.700000, this 1.53s, total 776.15s
(T) | Epoch=507, loss=9.0175, c=0.700000, this 1.53s, total 777.68s
(T) | Epoch=508, loss=9.0024, c=0.700000, this 1.53s, total 779.22s
(T) | Epoch=509, loss=9.0311, c=0.700000, this 1.53s, total 780.75s
(T) | Epoch=510, loss=9.0087, c=0.700000, this 1.53s, total 782.28s
(T) | Epoch=511, loss=9.0099, c=0.700000, this 1.53s, total 783.82s
(T) | Epoch=512, loss=9.0205, c=0.700000, this 1.53s, total 785.35s
(T) | Epoch=513, loss=8.9952, c=0.700000, this 1.53s, total 786.88s
(T) | Epoch=514, loss=8.9873, c=0.700000, this 1.53s, total 788.41s
+++ model saved ! ./pre_trained_gnn/PubMed.GRACE.GAT.curv_0p1000.hyp_True.False.pth
(T) | Epoch=515, loss=9.0215, c=0.700000, this 1.54s, total 789.95s
(T) | Epoch=516, loss=9.0254, c=0.700000, this 1.53s, total 791.49s
(T) | Epoch=517, loss=9.0122, c=0.700000, this 1.53s, total 793.02s
(T) | Epoch=518, loss=9.0049, c=0.700000, this 1.53s, total 794.55s
(T) | Epoch=519, loss=9.0073, c=0.700000, this 1.53s, total 796.08s
(T) | Epoch=520, loss=8.9986, c=0.700000, this 1.53s, total 797.61s
(T) | Epoch=521, loss=9.0171, c=0.700000, this 1.53s, total 799.14s
(T) | Epoch=522, loss=9.0465, c=0.700000, this 1.53s, total 800.68s
(T) | Epoch=523, loss=9.0289, c=0.700000, this 1.53s, total 802.21s
(T) | Epoch=524, loss=9.0204, c=0.700000, this 1.53s, total 803.74s
(T) | Epoch=525, loss=9.0444, c=0.700000, this 1.54s, total 805.28s
(T) | Epoch=526, loss=8.9926, c=0.700000, this 1.53s, total 806.80s
(T) | Epoch=527, loss=9.0068, c=0.700000, this 1.53s, total 808.34s
(T) | Epoch=528, loss=9.0168, c=0.700000, this 1.53s, total 809.87s
(T) | Epoch=529, loss=9.0040, c=0.700000, this 1.53s, total 811.40s
(T) | Epoch=530, loss=9.0054, c=0.700000, this 1.53s, total 812.93s
(T) | Epoch=531, loss=9.0255, c=0.700000, this 1.53s, total 814.46s
(T) | Epoch=532, loss=9.0183, c=0.700000, this 1.53s, total 816.00s
(T) | Epoch=533, loss=8.9989, c=0.700000, this 1.53s, total 817.53s
(T) | Epoch=534, loss=9.0188, c=0.700000, this 1.53s, total 819.06s
(T) | Epoch=535, loss=9.0032, c=0.700000, this 1.53s, total 820.60s
(T) | Epoch=536, loss=9.0100, c=0.700000, this 1.53s, total 822.13s
(T) | Epoch=537, loss=8.9949, c=0.700000, this 1.53s, total 823.66s
(T) | Epoch=538, loss=9.0347, c=0.700000, this 1.53s, total 825.19s
(T) | Epoch=539, loss=9.0341, c=0.700000, this 1.53s, total 826.72s
(T) | Epoch=540, loss=9.0151, c=0.700000, this 1.53s, total 828.26s
(T) | Epoch=541, loss=9.0301, c=0.700000, this 1.53s, total 829.79s
(T) | Epoch=542, loss=9.0088, c=0.700000, this 1.53s, total 831.32s
(T) | Epoch=543, loss=9.0040, c=0.700000, this 1.53s, total 832.85s
(T) | Epoch=544, loss=9.0071, c=0.700000, this 1.53s, total 834.38s
(T) | Epoch=545, loss=8.9948, c=0.700000, this 1.53s, total 835.91s
(T) | Epoch=546, loss=9.0083, c=0.700000, this 1.53s, total 837.44s
(T) | Epoch=547, loss=9.0199, c=0.700000, this 1.53s, total 838.97s
(T) | Epoch=548, loss=9.0144, c=0.700000, this 1.53s, total 840.50s
(T) | Epoch=549, loss=9.0173, c=0.700000, this 1.53s, total 842.04s
(T) | Epoch=550, loss=9.0054, c=0.700000, this 1.53s, total 843.57s
(T) | Epoch=551, loss=9.0162, c=0.700000, this 1.53s, total 845.10s
(T) | Epoch=552, loss=9.0092, c=0.700000, this 1.53s, total 846.63s
(T) | Epoch=553, loss=9.0004, c=0.700000, this 1.53s, total 848.16s
(T) | Epoch=554, loss=9.0008, c=0.700000, this 1.53s, total 849.69s
(T) | Epoch=555, loss=9.0098, c=0.700000, this 1.53s, total 851.22s
(T) | Epoch=556, loss=9.0209, c=0.700000, this 1.53s, total 852.75s
(T) | Epoch=557, loss=8.9921, c=0.700000, this 1.53s, total 854.29s
(T) | Epoch=558, loss=9.0083, c=0.700000, this 1.53s, total 855.82s
(T) | Epoch=559, loss=9.0161, c=0.700000, this 1.53s, total 857.35s
(T) | Epoch=560, loss=8.9979, c=0.700000, this 1.53s, total 858.88s
(T) | Epoch=561, loss=9.0121, c=0.700000, this 1.53s, total 860.41s
(T) | Epoch=562, loss=9.0011, c=0.700000, this 1.53s, total 861.94s
(T) | Epoch=563, loss=8.9846, c=0.700000, this 1.53s, total 863.47s
+++ model saved ! ./pre_trained_gnn/PubMed.GRACE.GAT.curv_0p1000.hyp_True.False.pth
(T) | Epoch=564, loss=9.0123, c=0.700000, this 1.54s, total 865.01s
(T) | Epoch=565, loss=9.0221, c=0.700000, this 1.53s, total 866.54s
(T) | Epoch=566, loss=9.0210, c=0.700000, this 1.53s, total 868.07s
(T) | Epoch=567, loss=9.0041, c=0.700000, this 1.53s, total 869.60s
(T) | Epoch=568, loss=8.9904, c=0.700000, this 1.53s, total 871.13s
(T) | Epoch=569, loss=8.9832, c=0.700000, this 1.53s, total 872.66s
+++ model saved ! ./pre_trained_gnn/PubMed.GRACE.GAT.curv_0p1000.hyp_True.False.pth
(T) | Epoch=570, loss=9.0027, c=0.700000, this 1.54s, total 874.19s
(T) | Epoch=571, loss=9.0006, c=0.700000, this 1.53s, total 875.72s
(T) | Epoch=572, loss=8.9999, c=0.700000, this 1.53s, total 877.25s
(T) | Epoch=573, loss=9.0167, c=0.700000, this 1.53s, total 878.78s
(T) | Epoch=574, loss=8.9997, c=0.700000, this 1.53s, total 880.31s
(T) | Epoch=575, loss=9.0023, c=0.700000, this 1.53s, total 881.84s
(T) | Epoch=576, loss=9.0036, c=0.700000, this 1.53s, total 883.37s
(T) | Epoch=577, loss=9.0183, c=0.700000, this 1.53s, total 884.90s
(T) | Epoch=578, loss=9.0149, c=0.700000, this 1.53s, total 886.43s
(T) | Epoch=579, loss=8.9937, c=0.700000, this 1.53s, total 887.96s
(T) | Epoch=580, loss=9.0089, c=0.700000, this 1.53s, total 889.49s
(T) | Epoch=581, loss=8.9912, c=0.700000, this 1.53s, total 891.02s
(T) | Epoch=582, loss=8.9942, c=0.700000, this 1.53s, total 892.55s
(T) | Epoch=583, loss=8.9975, c=0.700000, this 1.53s, total 894.07s
(T) | Epoch=584, loss=8.9999, c=0.700000, this 1.53s, total 895.60s
(T) | Epoch=585, loss=9.0147, c=0.700000, this 1.53s, total 897.13s
(T) | Epoch=586, loss=8.9930, c=0.700000, this 1.53s, total 898.66s
(T) | Epoch=587, loss=8.9877, c=0.700000, this 1.53s, total 900.18s
(T) | Epoch=588, loss=8.9923, c=0.700000, this 1.53s, total 901.71s
(T) | Epoch=589, loss=9.0175, c=0.700000, this 1.53s, total 903.24s
(T) | Epoch=590, loss=8.9954, c=0.700000, this 1.53s, total 904.77s
(T) | Epoch=591, loss=8.9923, c=0.700000, this 1.53s, total 906.30s
(T) | Epoch=592, loss=9.0054, c=0.700000, this 1.53s, total 907.83s
(T) | Epoch=593, loss=8.9974, c=0.700000, this 1.53s, total 909.36s
(T) | Epoch=594, loss=8.9874, c=0.700000, this 1.53s, total 910.89s
(T) | Epoch=595, loss=9.0068, c=0.700000, this 1.53s, total 912.42s
(T) | Epoch=596, loss=9.0043, c=0.700000, this 1.53s, total 913.94s
(T) | Epoch=597, loss=9.0012, c=0.700000, this 1.53s, total 915.47s
(T) | Epoch=598, loss=8.9952, c=0.700000, this 1.53s, total 917.00s
(T) | Epoch=599, loss=8.9809, c=0.700000, this 1.53s, total 918.53s
+++ model saved ! ./pre_trained_gnn/PubMed.GRACE.GAT.curv_0p1000.hyp_True.False.pth
(T) | Epoch=600, loss=8.9945, c=0.700000, this 1.54s, total 920.07s
(T) | Epoch=601, loss=9.0087, c=0.700000, this 1.53s, total 921.60s
(T) | Epoch=602, loss=9.0064, c=0.700000, this 1.53s, total 923.13s
(T) | Epoch=603, loss=9.0034, c=0.700000, this 1.53s, total 924.66s
(T) | Epoch=604, loss=9.0232, c=0.700000, this 1.53s, total 926.19s
(T) | Epoch=605, loss=9.0150, c=0.700000, this 1.53s, total 927.72s
(T) | Epoch=606, loss=9.0021, c=0.700000, this 1.53s, total 929.25s
(T) | Epoch=607, loss=9.0049, c=0.700000, this 1.53s, total 930.77s
(T) | Epoch=608, loss=9.0061, c=0.700000, this 1.53s, total 932.30s
(T) | Epoch=609, loss=8.9993, c=0.700000, this 1.53s, total 933.83s
(T) | Epoch=610, loss=8.9944, c=0.700000, this 1.53s, total 935.36s
(T) | Epoch=611, loss=9.0095, c=0.700000, this 1.53s, total 936.89s
(T) | Epoch=612, loss=9.0010, c=0.700000, this 1.53s, total 938.42s
(T) | Epoch=613, loss=8.9938, c=0.700000, this 1.53s, total 939.95s
(T) | Epoch=614, loss=8.9861, c=0.700000, this 1.53s, total 941.48s
(T) | Epoch=615, loss=8.9956, c=0.700000, this 1.53s, total 943.01s
(T) | Epoch=616, loss=9.0159, c=0.700000, this 1.53s, total 944.54s
(T) | Epoch=617, loss=8.9909, c=0.700000, this 1.53s, total 946.07s
(T) | Epoch=618, loss=8.9921, c=0.700000, this 1.53s, total 947.60s
(T) | Epoch=619, loss=9.0095, c=0.700000, this 1.53s, total 949.13s
(T) | Epoch=620, loss=8.9799, c=0.700000, this 1.53s, total 950.66s
+++ model saved ! ./pre_trained_gnn/PubMed.GRACE.GAT.curv_0p1000.hyp_True.False.pth
(T) | Epoch=621, loss=8.9809, c=0.700000, this 1.53s, total 952.19s
(T) | Epoch=622, loss=9.0002, c=0.700000, this 1.53s, total 953.72s
(T) | Epoch=623, loss=8.9932, c=0.700000, this 1.53s, total 955.25s
(T) | Epoch=624, loss=8.9834, c=0.700000, this 1.53s, total 956.78s
(T) | Epoch=625, loss=8.9968, c=0.700000, this 1.53s, total 958.31s
(T) | Epoch=626, loss=8.9760, c=0.700000, this 1.53s, total 959.84s
+++ model saved ! ./pre_trained_gnn/PubMed.GRACE.GAT.curv_0p1000.hyp_True.False.pth
(T) | Epoch=627, loss=8.9896, c=0.700000, this 1.54s, total 961.38s
(T) | Epoch=628, loss=9.0157, c=0.700000, this 1.53s, total 962.91s
(T) | Epoch=629, loss=9.0008, c=0.700000, this 1.53s, total 964.44s
(T) | Epoch=630, loss=8.9900, c=0.700000, this 1.53s, total 965.97s
(T) | Epoch=631, loss=8.9854, c=0.700000, this 1.53s, total 967.50s
(T) | Epoch=632, loss=9.0069, c=0.700000, this 1.53s, total 969.03s
(T) | Epoch=633, loss=8.9944, c=0.700000, this 1.53s, total 970.56s
(T) | Epoch=634, loss=8.9901, c=0.700000, this 1.53s, total 972.09s
(T) | Epoch=635, loss=8.9890, c=0.700000, this 1.53s, total 973.61s
(T) | Epoch=636, loss=8.9774, c=0.700000, this 1.53s, total 975.14s
(T) | Epoch=637, loss=8.9945, c=0.700000, this 1.53s, total 976.67s
(T) | Epoch=638, loss=9.0143, c=0.700000, this 1.53s, total 978.20s
(T) | Epoch=639, loss=8.9873, c=0.700000, this 1.53s, total 979.73s
(T) | Epoch=640, loss=9.0138, c=0.700000, this 1.53s, total 981.26s
(T) | Epoch=641, loss=8.9896, c=0.700000, this 1.53s, total 982.79s
(T) | Epoch=642, loss=9.0015, c=0.700000, this 1.53s, total 984.32s
(T) | Epoch=643, loss=9.0314, c=0.700000, this 1.53s, total 985.85s
(T) | Epoch=644, loss=9.0059, c=0.700000, this 1.53s, total 987.38s
(T) | Epoch=645, loss=8.9978, c=0.700000, this 1.53s, total 988.91s
(T) | Epoch=646, loss=8.9880, c=0.700000, this 1.53s, total 990.44s
(T) | Epoch=647, loss=8.9974, c=0.700000, this 1.53s, total 991.97s
(T) | Epoch=648, loss=9.0016, c=0.700000, this 1.53s, total 993.50s
(T) | Epoch=649, loss=8.9910, c=0.700000, this 1.53s, total 995.03s
(T) | Epoch=650, loss=8.9891, c=0.700000, this 1.53s, total 996.56s
(T) | Epoch=651, loss=8.9888, c=0.700000, this 1.53s, total 998.09s
(T) | Epoch=652, loss=8.9932, c=0.700000, this 1.53s, total 999.62s
(T) | Epoch=653, loss=8.9942, c=0.700000, this 1.53s, total 1001.15s
(T) | Epoch=654, loss=9.0013, c=0.700000, this 1.53s, total 1002.68s
(T) | Epoch=655, loss=8.9901, c=0.700000, this 1.53s, total 1004.21s
(T) | Epoch=656, loss=9.0034, c=0.700000, this 1.53s, total 1005.73s
(T) | Epoch=657, loss=8.9760, c=0.700000, this 1.53s, total 1007.26s
+++ model saved ! ./pre_trained_gnn/PubMed.GRACE.GAT.curv_0p1000.hyp_True.False.pth
(T) | Epoch=658, loss=9.0018, c=0.700000, this 1.53s, total 1008.80s
(T) | Epoch=659, loss=8.9706, c=0.700000, this 1.53s, total 1010.33s
+++ model saved ! ./pre_trained_gnn/PubMed.GRACE.GAT.curv_0p1000.hyp_True.False.pth
(T) | Epoch=660, loss=8.9947, c=0.700000, this 1.53s, total 1011.86s
(T) | Epoch=661, loss=8.9825, c=0.700000, this 1.53s, total 1013.39s
(T) | Epoch=662, loss=8.9950, c=0.700000, this 1.53s, total 1014.92s
(T) | Epoch=663, loss=8.9856, c=0.700000, this 1.53s, total 1016.45s
(T) | Epoch=664, loss=9.0124, c=0.700000, this 1.53s, total 1017.98s
(T) | Epoch=665, loss=8.9823, c=0.700000, this 1.53s, total 1019.51s
(T) | Epoch=666, loss=8.9910, c=0.700000, this 1.53s, total 1021.04s
(T) | Epoch=667, loss=8.9874, c=0.700000, this 1.53s, total 1022.57s
(T) | Epoch=668, loss=8.9983, c=0.700000, this 1.53s, total 1024.10s
(T) | Epoch=669, loss=8.9708, c=0.700000, this 1.53s, total 1025.63s
(T) | Epoch=670, loss=8.9976, c=0.700000, this 1.53s, total 1027.16s
(T) | Epoch=671, loss=8.9866, c=0.700000, this 1.53s, total 1028.68s
(T) | Epoch=672, loss=8.9953, c=0.700000, this 1.53s, total 1030.21s
(T) | Epoch=673, loss=8.9761, c=0.700000, this 1.53s, total 1031.74s
(T) | Epoch=674, loss=8.9846, c=0.700000, this 1.53s, total 1033.27s
(T) | Epoch=675, loss=8.9942, c=0.700000, this 1.53s, total 1034.80s
(T) | Epoch=676, loss=8.9837, c=0.700000, this 1.53s, total 1036.33s
(T) | Epoch=677, loss=9.0075, c=0.700000, this 1.53s, total 1037.86s
(T) | Epoch=678, loss=8.9958, c=0.700000, this 1.53s, total 1039.39s
(T) | Epoch=679, loss=8.9909, c=0.700000, this 1.53s, total 1040.92s
(T) | Epoch=680, loss=8.9902, c=0.700000, this 1.53s, total 1042.45s
(T) | Epoch=681, loss=8.9987, c=0.700000, this 1.53s, total 1043.98s
(T) | Epoch=682, loss=8.9814, c=0.700000, this 1.53s, total 1045.51s
(T) | Epoch=683, loss=8.9922, c=0.700000, this 1.53s, total 1047.04s
(T) | Epoch=684, loss=8.9890, c=0.700000, this 1.53s, total 1048.57s
(T) | Epoch=685, loss=8.9923, c=0.700000, this 1.53s, total 1050.10s
(T) | Epoch=686, loss=8.9818, c=0.700000, this 1.53s, total 1051.62s
(T) | Epoch=687, loss=8.9870, c=0.700000, this 1.53s, total 1053.15s
(T) | Epoch=688, loss=8.9971, c=0.700000, this 1.53s, total 1054.68s
(T) | Epoch=689, loss=9.0046, c=0.700000, this 1.53s, total 1056.21s
(T) | Epoch=690, loss=9.0075, c=0.700000, this 1.53s, total 1057.74s
(T) | Epoch=691, loss=8.9948, c=0.700000, this 1.53s, total 1059.27s
(T) | Epoch=692, loss=8.9916, c=0.700000, this 1.53s, total 1060.80s
(T) | Epoch=693, loss=8.9978, c=0.700000, this 1.53s, total 1062.33s
(T) | Epoch=694, loss=9.0079, c=0.700000, this 1.53s, total 1063.86s
(T) | Epoch=695, loss=8.9862, c=0.700000, this 1.53s, total 1065.39s
(T) | Epoch=696, loss=9.0001, c=0.700000, this 1.53s, total 1066.92s
(T) | Epoch=697, loss=8.9933, c=0.700000, this 1.53s, total 1068.45s
(T) | Epoch=698, loss=9.0056, c=0.700000, this 1.53s, total 1069.98s
(T) | Epoch=699, loss=9.0035, c=0.700000, this 1.53s, total 1071.51s
(T) | Epoch=700, loss=8.9794, c=0.700000, this 1.53s, total 1073.04s
(T) | Epoch=701, loss=8.9913, c=0.700000, this 1.53s, total 1074.57s
(T) | Epoch=702, loss=8.9768, c=0.700000, this 1.53s, total 1076.10s
(T) | Epoch=703, loss=9.0241, c=0.700000, this 1.53s, total 1077.63s
(T) | Epoch=704, loss=8.9695, c=0.700000, this 1.53s, total 1079.15s
+++ model saved ! ./pre_trained_gnn/PubMed.GRACE.GAT.curv_0p1000.hyp_True.False.pth
(T) | Epoch=705, loss=8.9907, c=0.700000, this 1.53s, total 1080.69s
(T) | Epoch=706, loss=8.9981, c=0.700000, this 1.53s, total 1082.22s
(T) | Epoch=707, loss=8.9844, c=0.700000, this 1.53s, total 1083.75s
(T) | Epoch=708, loss=8.9949, c=0.700000, this 1.53s, total 1085.28s
(T) | Epoch=709, loss=8.9968, c=0.700000, this 1.53s, total 1086.81s
(T) | Epoch=710, loss=8.9875, c=0.700000, this 1.53s, total 1088.34s
(T) | Epoch=711, loss=8.9835, c=0.700000, this 1.53s, total 1089.87s
(T) | Epoch=712, loss=9.0060, c=0.700000, this 1.53s, total 1091.39s
(T) | Epoch=713, loss=8.9987, c=0.700000, this 1.53s, total 1092.92s
(T) | Epoch=714, loss=8.9843, c=0.700000, this 1.53s, total 1094.45s
(T) | Epoch=715, loss=8.9924, c=0.700000, this 1.53s, total 1095.98s
(T) | Epoch=716, loss=9.0128, c=0.700000, this 1.53s, total 1097.51s
(T) | Epoch=717, loss=8.9836, c=0.700000, this 1.53s, total 1099.04s
(T) | Epoch=718, loss=8.9732, c=0.700000, this 1.53s, total 1100.57s
(T) | Epoch=719, loss=9.0071, c=0.700000, this 1.53s, total 1102.10s
(T) | Epoch=720, loss=8.9795, c=0.700000, this 1.53s, total 1103.63s
(T) | Epoch=721, loss=8.9935, c=0.700000, this 1.53s, total 1105.16s
(T) | Epoch=722, loss=8.9882, c=0.700000, this 1.53s, total 1106.69s
(T) | Epoch=723, loss=8.9815, c=0.700000, this 1.53s, total 1108.22s
(T) | Epoch=724, loss=9.0197, c=0.700000, this 1.53s, total 1109.75s
(T) | Epoch=725, loss=8.9892, c=0.700000, this 1.53s, total 1111.28s
(T) | Epoch=726, loss=9.0059, c=0.700000, this 1.53s, total 1112.81s
(T) | Epoch=727, loss=8.9931, c=0.700000, this 1.53s, total 1114.34s
(T) | Epoch=728, loss=8.9765, c=0.700000, this 1.53s, total 1115.87s
(T) | Epoch=729, loss=8.9947, c=0.700000, this 1.53s, total 1117.40s
(T) | Epoch=730, loss=8.9843, c=0.700000, this 1.53s, total 1118.93s
(T) | Epoch=731, loss=8.9751, c=0.700000, this 1.53s, total 1120.46s
(T) | Epoch=732, loss=9.0042, c=0.700000, this 1.53s, total 1121.99s
(T) | Epoch=733, loss=8.9812, c=0.700000, this 1.53s, total 1123.52s
(T) | Epoch=734, loss=8.9836, c=0.700000, this 1.53s, total 1125.04s
(T) | Epoch=735, loss=8.9839, c=0.700000, this 1.53s, total 1126.57s
(T) | Epoch=736, loss=9.0040, c=0.700000, this 1.53s, total 1128.10s
(T) | Epoch=737, loss=8.9813, c=0.700000, this 1.53s, total 1129.63s
(T) | Epoch=738, loss=9.0009, c=0.700000, this 1.53s, total 1131.16s
(T) | Epoch=739, loss=8.9733, c=0.700000, this 1.53s, total 1132.69s
(T) | Epoch=740, loss=8.9689, c=0.700000, this 1.53s, total 1134.22s
+++ model saved ! ./pre_trained_gnn/PubMed.GRACE.GAT.curv_0p1000.hyp_True.False.pth
(T) | Epoch=741, loss=8.9817, c=0.700000, this 1.54s, total 1135.76s
(T) | Epoch=742, loss=8.9995, c=0.700000, this 1.53s, total 1137.29s
(T) | Epoch=743, loss=8.9663, c=0.700000, this 1.53s, total 1138.82s
+++ model saved ! ./pre_trained_gnn/PubMed.GRACE.GAT.curv_0p1000.hyp_True.False.pth
(T) | Epoch=744, loss=8.9959, c=0.700000, this 1.53s, total 1140.35s
(T) | Epoch=745, loss=8.9833, c=0.700000, this 1.53s, total 1141.88s
(T) | Epoch=746, loss=8.9957, c=0.700000, this 1.53s, total 1143.41s
(T) | Epoch=747, loss=8.9947, c=0.700000, this 1.53s, total 1144.94s
(T) | Epoch=748, loss=8.9889, c=0.700000, this 1.53s, total 1146.47s
(T) | Epoch=749, loss=9.0033, c=0.700000, this 1.53s, total 1148.00s
(T) | Epoch=750, loss=8.9784, c=0.700000, this 1.53s, total 1149.53s
(T) | Epoch=751, loss=8.9892, c=0.700000, this 1.53s, total 1151.06s
(T) | Epoch=752, loss=8.9818, c=0.700000, this 1.53s, total 1152.59s
(T) | Epoch=753, loss=8.9896, c=0.700000, this 1.53s, total 1154.12s
(T) | Epoch=754, loss=8.9670, c=0.700000, this 1.53s, total 1155.65s
(T) | Epoch=755, loss=8.9870, c=0.700000, this 1.53s, total 1157.18s
(T) | Epoch=756, loss=8.9866, c=0.700000, this 1.53s, total 1158.71s
(T) | Epoch=757, loss=8.9984, c=0.700000, this 1.53s, total 1160.24s
(T) | Epoch=758, loss=8.9874, c=0.700000, this 1.53s, total 1161.77s
(T) | Epoch=759, loss=8.9948, c=0.700000, this 1.53s, total 1163.30s
(T) | Epoch=760, loss=8.9789, c=0.700000, this 1.53s, total 1164.83s
(T) | Epoch=761, loss=8.9700, c=0.700000, this 1.53s, total 1166.36s
(T) | Epoch=762, loss=8.9880, c=0.700000, this 1.53s, total 1167.89s
(T) | Epoch=763, loss=8.9936, c=0.700000, this 1.53s, total 1169.42s
(T) | Epoch=764, loss=8.9945, c=0.700000, this 1.53s, total 1170.95s
(T) | Epoch=765, loss=8.9915, c=0.700000, this 1.53s, total 1172.48s
(T) | Epoch=766, loss=8.9873, c=0.700000, this 1.53s, total 1174.01s
(T) | Epoch=767, loss=8.9931, c=0.700000, this 1.53s, total 1175.54s
(T) | Epoch=768, loss=8.9975, c=0.700000, this 1.53s, total 1177.07s
(T) | Epoch=769, loss=8.9918, c=0.700000, this 1.53s, total 1178.60s
(T) | Epoch=770, loss=8.9877, c=0.700000, this 1.53s, total 1180.13s
(T) | Epoch=771, loss=9.0228, c=0.700000, this 1.53s, total 1181.66s
(T) | Epoch=772, loss=8.9905, c=0.700000, this 1.53s, total 1183.19s
(T) | Epoch=773, loss=8.9769, c=0.700000, this 1.53s, total 1184.72s
(T) | Epoch=774, loss=8.9823, c=0.700000, this 1.53s, total 1186.25s
(T) | Epoch=775, loss=8.9854, c=0.700000, this 1.53s, total 1187.78s
(T) | Epoch=776, loss=8.9830, c=0.700000, this 1.53s, total 1189.31s
(T) | Epoch=777, loss=8.9882, c=0.700000, this 1.53s, total 1190.84s
(T) | Epoch=778, loss=8.9860, c=0.700000, this 1.53s, total 1192.37s
(T) | Epoch=779, loss=8.9786, c=0.700000, this 1.53s, total 1193.90s
(T) | Epoch=780, loss=8.9903, c=0.700000, this 1.53s, total 1195.42s
(T) | Epoch=781, loss=9.0005, c=0.700000, this 1.53s, total 1196.95s
(T) | Epoch=782, loss=9.0028, c=0.700000, this 1.53s, total 1198.48s
(T) | Epoch=783, loss=8.9797, c=0.700000, this 1.53s, total 1200.01s
(T) | Epoch=784, loss=8.9738, c=0.700000, this 1.53s, total 1201.54s
(T) | Epoch=785, loss=8.9983, c=0.700000, this 1.53s, total 1203.07s
(T) | Epoch=786, loss=8.9736, c=0.700000, this 1.53s, total 1204.60s
(T) | Epoch=787, loss=8.9803, c=0.700000, this 1.53s, total 1206.13s
(T) | Epoch=788, loss=8.9698, c=0.700000, this 1.53s, total 1207.66s
(T) | Epoch=789, loss=8.9830, c=0.700000, this 1.53s, total 1209.19s
(T) | Epoch=790, loss=8.9951, c=0.700000, this 1.53s, total 1210.72s
(T) | Epoch=791, loss=8.9910, c=0.700000, this 1.53s, total 1212.25s
(T) | Epoch=792, loss=8.9843, c=0.700000, this 1.53s, total 1213.78s
(T) | Epoch=793, loss=8.9929, c=0.700000, this 1.53s, total 1215.31s
(T) | Epoch=794, loss=8.9792, c=0.700000, this 1.53s, total 1216.84s
(T) | Epoch=795, loss=8.9871, c=0.700000, this 1.53s, total 1218.37s
(T) | Epoch=796, loss=8.9921, c=0.700000, this 1.53s, total 1219.90s
(T) | Epoch=797, loss=8.9888, c=0.700000, this 1.53s, total 1221.43s
(T) | Epoch=798, loss=8.9766, c=0.700000, this 1.53s, total 1222.96s
(T) | Epoch=799, loss=8.9871, c=0.700000, this 1.53s, total 1224.49s
(T) | Epoch=800, loss=9.0008, c=0.700000, this 1.53s, total 1226.02s
(T) | Epoch=801, loss=9.0250, c=0.700000, this 1.53s, total 1227.55s
(T) | Epoch=802, loss=8.9790, c=0.700000, this 1.53s, total 1229.08s
(T) | Epoch=803, loss=8.9980, c=0.700000, this 1.53s, total 1230.61s
(T) | Epoch=804, loss=8.9637, c=0.700000, this 1.53s, total 1232.14s
+++ model saved ! ./pre_trained_gnn/PubMed.GRACE.GAT.curv_0p1000.hyp_True.False.pth
(T) | Epoch=805, loss=8.9966, c=0.700000, this 1.53s, total 1233.67s
(T) | Epoch=806, loss=8.9747, c=0.700000, this 1.53s, total 1235.20s
(T) | Epoch=807, loss=8.9790, c=0.700000, this 1.53s, total 1236.73s
(T) | Epoch=808, loss=9.0035, c=0.700000, this 1.53s, total 1238.26s
(T) | Epoch=809, loss=8.9660, c=0.700000, this 1.53s, total 1239.79s
(T) | Epoch=810, loss=8.9691, c=0.700000, this 1.53s, total 1241.32s
(T) | Epoch=811, loss=8.9929, c=0.700000, this 1.53s, total 1242.85s
(T) | Epoch=812, loss=8.9786, c=0.700000, this 1.53s, total 1244.38s
(T) | Epoch=813, loss=8.9827, c=0.700000, this 1.53s, total 1245.91s
(T) | Epoch=814, loss=8.9788, c=0.700000, this 1.53s, total 1247.44s
(T) | Epoch=815, loss=8.9794, c=0.700000, this 1.53s, total 1248.97s
(T) | Epoch=816, loss=8.9847, c=0.700000, this 1.53s, total 1250.50s
(T) | Epoch=817, loss=8.9607, c=0.700000, this 1.53s, total 1252.03s
+++ model saved ! ./pre_trained_gnn/PubMed.GRACE.GAT.curv_0p1000.hyp_True.False.pth
(T) | Epoch=818, loss=8.9697, c=0.700000, this 1.53s, total 1253.56s
(T) | Epoch=819, loss=8.9790, c=0.700000, this 1.53s, total 1255.09s
(T) | Epoch=820, loss=8.9898, c=0.700000, this 1.53s, total 1256.62s
(T) | Epoch=821, loss=8.9971, c=0.700000, this 1.53s, total 1258.15s
(T) | Epoch=822, loss=8.9996, c=0.700000, this 1.53s, total 1259.68s
(T) | Epoch=823, loss=8.9870, c=0.700000, this 1.53s, total 1261.21s
(T) | Epoch=824, loss=8.9776, c=0.700000, this 1.53s, total 1262.74s
(T) | Epoch=825, loss=9.0087, c=0.700000, this 1.53s, total 1264.27s
(T) | Epoch=826, loss=8.9737, c=0.700000, this 1.53s, total 1265.80s
(T) | Epoch=827, loss=8.9685, c=0.700000, this 1.53s, total 1267.33s
(T) | Epoch=828, loss=8.9834, c=0.700000, this 1.53s, total 1268.86s
(T) | Epoch=829, loss=8.9934, c=0.700000, this 1.53s, total 1270.39s
(T) | Epoch=830, loss=9.0013, c=0.700000, this 1.53s, total 1271.92s
(T) | Epoch=831, loss=8.9850, c=0.700000, this 1.53s, total 1273.45s
(T) | Epoch=832, loss=8.9870, c=0.700000, this 1.53s, total 1274.98s
(T) | Epoch=833, loss=8.9806, c=0.700000, this 1.53s, total 1276.51s
(T) | Epoch=834, loss=8.9812, c=0.700000, this 1.53s, total 1278.04s
(T) | Epoch=835, loss=8.9922, c=0.700000, this 1.53s, total 1279.57s
(T) | Epoch=836, loss=8.9738, c=0.700000, this 1.53s, total 1281.10s
(T) | Epoch=837, loss=8.9704, c=0.700000, this 1.53s, total 1282.63s
(T) | Epoch=838, loss=8.9747, c=0.700000, this 1.53s, total 1284.16s
(T) | Epoch=839, loss=8.9764, c=0.700000, this 1.53s, total 1285.69s
(T) | Epoch=840, loss=8.9945, c=0.700000, this 1.53s, total 1287.22s
(T) | Epoch=841, loss=8.9732, c=0.700000, this 1.53s, total 1288.74s
(T) | Epoch=842, loss=8.9954, c=0.700000, this 1.53s, total 1290.27s
(T) | Epoch=843, loss=8.9967, c=0.700000, this 1.53s, total 1291.80s
(T) | Epoch=844, loss=8.9786, c=0.700000, this 1.53s, total 1293.33s
(T) | Epoch=845, loss=8.9907, c=0.700000, this 1.53s, total 1294.86s
(T) | Epoch=846, loss=8.9860, c=0.700000, this 1.53s, total 1296.39s
(T) | Epoch=847, loss=8.9977, c=0.700000, this 1.53s, total 1297.92s
(T) | Epoch=848, loss=8.9823, c=0.700000, this 1.53s, total 1299.45s
(T) | Epoch=849, loss=8.9796, c=0.700000, this 1.53s, total 1300.98s
(T) | Epoch=850, loss=8.9741, c=0.700000, this 1.53s, total 1302.51s
(T) | Epoch=851, loss=8.9834, c=0.700000, this 1.53s, total 1304.04s
(T) | Epoch=852, loss=8.9846, c=0.700000, this 1.53s, total 1305.57s
(T) | Epoch=853, loss=8.9879, c=0.700000, this 1.53s, total 1307.10s
(T) | Epoch=854, loss=8.9791, c=0.700000, this 1.53s, total 1308.63s
(T) | Epoch=855, loss=8.9973, c=0.700000, this 1.53s, total 1310.16s
(T) | Epoch=856, loss=8.9901, c=0.700000, this 1.53s, total 1311.69s
(T) | Epoch=857, loss=8.9820, c=0.700000, this 1.53s, total 1313.22s
(T) | Epoch=858, loss=8.9811, c=0.700000, this 1.53s, total 1314.75s
(T) | Epoch=859, loss=8.9866, c=0.700000, this 1.53s, total 1316.28s
(T) | Epoch=860, loss=8.9826, c=0.700000, this 1.53s, total 1317.81s
(T) | Epoch=861, loss=8.9972, c=0.700000, this 1.53s, total 1319.34s
(T) | Epoch=862, loss=8.9843, c=0.700000, this 1.53s, total 1320.87s
(T) | Epoch=863, loss=8.9709, c=0.700000, this 1.53s, total 1322.40s
(T) | Epoch=864, loss=8.9797, c=0.700000, this 1.53s, total 1323.93s
(T) | Epoch=865, loss=8.9662, c=0.700000, this 1.53s, total 1325.46s
(T) | Epoch=866, loss=8.9762, c=0.700000, this 1.53s, total 1326.99s
(T) | Epoch=867, loss=9.0021, c=0.700000, this 1.53s, total 1328.52s
(T) | Epoch=868, loss=8.9804, c=0.700000, this 1.53s, total 1330.05s
(T) | Epoch=869, loss=8.9837, c=0.700000, this 1.53s, total 1331.58s
(T) | Epoch=870, loss=8.9929, c=0.700000, this 1.53s, total 1333.11s
(T) | Epoch=871, loss=8.9732, c=0.700000, this 1.53s, total 1334.64s
(T) | Epoch=872, loss=8.9808, c=0.700000, this 1.53s, total 1336.17s
(T) | Epoch=873, loss=8.9693, c=0.700000, this 1.53s, total 1337.70s
(T) | Epoch=874, loss=8.9746, c=0.700000, this 1.53s, total 1339.23s
(T) | Epoch=875, loss=8.9780, c=0.700000, this 1.53s, total 1340.76s
(T) | Epoch=876, loss=8.9747, c=0.700000, this 1.53s, total 1342.28s
(T) | Epoch=877, loss=8.9751, c=0.700000, this 1.53s, total 1343.81s
(T) | Epoch=878, loss=8.9709, c=0.700000, this 1.53s, total 1345.34s
(T) | Epoch=879, loss=8.9802, c=0.700000, this 1.53s, total 1346.87s
(T) | Epoch=880, loss=8.9720, c=0.700000, this 1.53s, total 1348.40s
(T) | Epoch=881, loss=8.9785, c=0.700000, this 1.53s, total 1349.93s
(T) | Epoch=882, loss=8.9937, c=0.700000, this 1.53s, total 1351.46s
(T) | Epoch=883, loss=8.9848, c=0.700000, this 1.53s, total 1352.99s
(T) | Epoch=884, loss=8.9963, c=0.700000, this 1.53s, total 1354.52s
(T) | Epoch=885, loss=8.9870, c=0.700000, this 1.53s, total 1356.05s
(T) | Epoch=886, loss=8.9724, c=0.700000, this 1.53s, total 1357.58s
(T) | Epoch=887, loss=8.9771, c=0.700000, this 1.53s, total 1359.11s
(T) | Epoch=888, loss=8.9838, c=0.700000, this 1.53s, total 1360.64s
(T) | Epoch=889, loss=8.9768, c=0.700000, this 1.53s, total 1362.17s
(T) | Epoch=890, loss=8.9947, c=0.700000, this 1.53s, total 1363.70s
(T) | Epoch=891, loss=8.9664, c=0.700000, this 1.53s, total 1365.23s
(T) | Epoch=892, loss=9.0024, c=0.700000, this 1.53s, total 1366.76s
(T) | Epoch=893, loss=8.9675, c=0.700000, this 1.53s, total 1368.29s
(T) | Epoch=894, loss=8.9956, c=0.700000, this 1.53s, total 1369.82s
(T) | Epoch=895, loss=8.9893, c=0.700000, this 1.53s, total 1371.35s
(T) | Epoch=896, loss=9.0017, c=0.700000, this 1.53s, total 1372.88s
(T) | Epoch=897, loss=8.9777, c=0.700000, this 1.53s, total 1374.41s
(T) | Epoch=898, loss=8.9931, c=0.700000, this 1.53s, total 1375.94s
(T) | Epoch=899, loss=8.9953, c=0.700000, this 1.53s, total 1377.47s
(T) | Epoch=900, loss=8.9658, c=0.700000, this 1.53s, total 1379.00s
(T) | Epoch=901, loss=8.9791, c=0.700000, this 1.53s, total 1380.53s
(T) | Epoch=902, loss=8.9878, c=0.700000, this 1.53s, total 1382.06s
(T) | Epoch=903, loss=8.9820, c=0.700000, this 1.53s, total 1383.59s
(T) | Epoch=904, loss=8.9901, c=0.700000, this 1.53s, total 1385.12s
(T) | Epoch=905, loss=8.9704, c=0.700000, this 1.91s, total 1387.03s
(T) | Epoch=906, loss=8.9548, c=0.700000, this 2.64s, total 1389.67s
+++ model saved ! ./pre_trained_gnn/PubMed.GRACE.GAT.curv_0p1000.hyp_True.False.pth
(T) | Epoch=907, loss=8.9856, c=0.700000, this 1.54s, total 1391.20s
(T) | Epoch=908, loss=8.9752, c=0.700000, this 1.53s, total 1392.73s
(T) | Epoch=909, loss=8.9692, c=0.700000, this 1.53s, total 1394.26s
(T) | Epoch=910, loss=8.9806, c=0.700000, this 1.53s, total 1395.79s
(T) | Epoch=911, loss=8.9801, c=0.700000, this 1.53s, total 1397.32s
(T) | Epoch=912, loss=8.9759, c=0.700000, this 1.53s, total 1398.85s
(T) | Epoch=913, loss=8.9987, c=0.700000, this 1.53s, total 1400.38s
(T) | Epoch=914, loss=8.9642, c=0.700000, this 1.53s, total 1401.91s
(T) | Epoch=915, loss=8.9658, c=0.700000, this 1.53s, total 1403.44s
(T) | Epoch=916, loss=8.9851, c=0.700000, this 1.53s, total 1404.97s
(T) | Epoch=917, loss=8.9821, c=0.700000, this 1.53s, total 1406.49s
(T) | Epoch=918, loss=8.9711, c=0.700000, this 1.53s, total 1408.02s
(T) | Epoch=919, loss=8.9746, c=0.700000, this 1.53s, total 1409.55s
(T) | Epoch=920, loss=8.9661, c=0.700000, this 1.53s, total 1411.08s
(T) | Epoch=921, loss=8.9749, c=0.700000, this 1.53s, total 1412.61s
(T) | Epoch=922, loss=8.9589, c=0.700000, this 1.53s, total 1414.14s
(T) | Epoch=923, loss=8.9686, c=0.700000, this 1.53s, total 1415.67s
(T) | Epoch=924, loss=8.9815, c=0.700000, this 1.53s, total 1417.20s
(T) | Epoch=925, loss=8.9767, c=0.700000, this 1.53s, total 1418.73s
(T) | Epoch=926, loss=8.9862, c=0.700000, this 1.53s, total 1420.26s
(T) | Epoch=927, loss=8.9762, c=0.700000, this 1.53s, total 1421.79s
(T) | Epoch=928, loss=8.9636, c=0.700000, this 1.53s, total 1423.32s
(T) | Epoch=929, loss=8.9644, c=0.700000, this 1.53s, total 1424.85s
(T) | Epoch=930, loss=8.9871, c=0.700000, this 1.53s, total 1426.38s
(T) | Epoch=931, loss=8.9760, c=0.700000, this 1.53s, total 1427.91s
(T) | Epoch=932, loss=9.0028, c=0.700000, this 1.53s, total 1429.44s
(T) | Epoch=933, loss=8.9884, c=0.700000, this 1.53s, total 1430.97s
(T) | Epoch=934, loss=8.9801, c=0.700000, this 1.53s, total 1432.50s
(T) | Epoch=935, loss=9.0057, c=0.700000, this 1.53s, total 1434.03s
(T) | Epoch=936, loss=8.9652, c=0.700000, this 2.79s, total 1436.82s
(T) | Epoch=937, loss=8.9728, c=0.700000, this 1.75s, total 1438.57s
(T) | Epoch=938, loss=8.9840, c=0.700000, this 1.53s, total 1440.10s
(T) | Epoch=939, loss=8.9704, c=0.700000, this 1.53s, total 1441.63s
(T) | Epoch=940, loss=8.9777, c=0.700000, this 1.53s, total 1443.16s
(T) | Epoch=941, loss=8.9715, c=0.700000, this 1.53s, total 1444.69s
(T) | Epoch=942, loss=8.9786, c=0.700000, this 1.53s, total 1446.22s
(T) | Epoch=943, loss=8.9686, c=0.700000, this 1.53s, total 1447.75s
(T) | Epoch=944, loss=8.9866, c=0.700000, this 1.53s, total 1449.28s
(T) | Epoch=945, loss=8.9667, c=0.700000, this 1.53s, total 1450.81s
(T) | Epoch=946, loss=8.9792, c=0.700000, this 1.53s, total 1452.34s
(T) | Epoch=947, loss=9.0085, c=0.700000, this 1.53s, total 1453.87s
(T) | Epoch=948, loss=8.9787, c=0.700000, this 1.53s, total 1455.40s
(T) | Epoch=949, loss=8.9644, c=0.700000, this 1.53s, total 1456.93s
(T) | Epoch=950, loss=8.9746, c=0.700000, this 1.53s, total 1458.46s
(T) | Epoch=951, loss=8.9675, c=0.700000, this 1.53s, total 1459.99s
(T) | Epoch=952, loss=8.9882, c=0.700000, this 1.53s, total 1461.52s
(T) | Epoch=953, loss=8.9707, c=0.700000, this 1.53s, total 1463.05s
(T) | Epoch=954, loss=8.9625, c=0.700000, this 1.53s, total 1464.57s
(T) | Epoch=955, loss=8.9790, c=0.700000, this 1.53s, total 1466.11s
(T) | Epoch=956, loss=8.9571, c=0.700000, this 1.53s, total 1467.63s
(T) | Epoch=957, loss=8.9834, c=0.700000, this 1.53s, total 1469.16s
(T) | Epoch=958, loss=8.9766, c=0.700000, this 1.53s, total 1470.69s
(T) | Epoch=959, loss=8.9583, c=0.700000, this 1.53s, total 1472.22s
(T) | Epoch=960, loss=8.9750, c=0.700000, this 1.53s, total 1473.75s
(T) | Epoch=961, loss=8.9756, c=0.700000, this 1.53s, total 1475.28s
(T) | Epoch=962, loss=8.9754, c=0.700000, this 1.53s, total 1476.81s
(T) | Epoch=963, loss=8.9892, c=0.700000, this 1.53s, total 1478.34s
(T) | Epoch=964, loss=8.9762, c=0.700000, this 1.53s, total 1479.87s
(T) | Epoch=965, loss=8.9802, c=0.700000, this 1.53s, total 1481.40s
(T) | Epoch=966, loss=8.9719, c=0.700000, this 1.53s, total 1482.93s
(T) | Epoch=967, loss=8.9886, c=0.700000, this 1.53s, total 1484.46s
(T) | Epoch=968, loss=8.9746, c=0.700000, this 1.53s, total 1485.99s
(T) | Epoch=969, loss=8.9667, c=0.700000, this 1.53s, total 1487.52s
(T) | Epoch=970, loss=9.0001, c=0.700000, this 1.53s, total 1489.05s
(T) | Epoch=971, loss=8.9637, c=0.700000, this 1.53s, total 1490.58s
(T) | Epoch=972, loss=8.9759, c=0.700000, this 1.53s, total 1492.11s
(T) | Epoch=973, loss=8.9749, c=0.700000, this 1.53s, total 1493.64s
(T) | Epoch=974, loss=8.9789, c=0.700000, this 1.53s, total 1495.17s
(T) | Epoch=975, loss=8.9831, c=0.700000, this 1.53s, total 1496.70s
(T) | Epoch=976, loss=8.9737, c=0.700000, this 1.53s, total 1498.23s
(T) | Epoch=977, loss=8.9813, c=0.700000, this 1.53s, total 1499.76s
(T) | Epoch=978, loss=8.9688, c=0.700000, this 1.53s, total 1501.29s
(T) | Epoch=979, loss=8.9978, c=0.700000, this 1.53s, total 1502.82s
(T) | Epoch=980, loss=8.9673, c=0.700000, this 1.53s, total 1504.35s
(T) | Epoch=981, loss=8.9655, c=0.700000, this 1.53s, total 1505.88s
(T) | Epoch=982, loss=8.9640, c=0.700000, this 1.53s, total 1507.41s
(T) | Epoch=983, loss=8.9644, c=0.700000, this 1.53s, total 1508.94s
(T) | Epoch=984, loss=8.9797, c=0.700000, this 1.53s, total 1510.46s
(T) | Epoch=985, loss=9.0041, c=0.700000, this 1.53s, total 1511.99s
(T) | Epoch=986, loss=8.9769, c=0.700000, this 1.53s, total 1513.52s
(T) | Epoch=987, loss=8.9519, c=0.700000, this 1.53s, total 1515.05s
+++ model saved ! ./pre_trained_gnn/PubMed.GRACE.GAT.curv_0p1000.hyp_True.False.pth
(T) | Epoch=988, loss=8.9871, c=0.700000, this 1.54s, total 1516.59s
(T) | Epoch=989, loss=8.9586, c=0.700000, this 1.53s, total 1518.12s
(T) | Epoch=990, loss=8.9637, c=0.700000, this 1.53s, total 1519.64s
(T) | Epoch=991, loss=8.9776, c=0.700000, this 1.53s, total 1521.17s
(T) | Epoch=992, loss=8.9646, c=0.700000, this 1.53s, total 1522.70s
(T) | Epoch=993, loss=8.9815, c=0.700000, this 1.53s, total 1524.23s
(T) | Epoch=994, loss=8.9729, c=0.700000, this 1.53s, total 1525.76s
(T) | Epoch=995, loss=8.9634, c=0.700000, this 1.53s, total 1527.29s
(T) | Epoch=996, loss=8.9667, c=0.700000, this 1.53s, total 1528.82s
(T) | Epoch=997, loss=8.9769, c=0.700000, this 1.53s, total 1530.34s
(T) | Epoch=998, loss=8.9694, c=0.700000, this 1.53s, total 1531.87s
(T) | Epoch=999, loss=8.9485, c=0.700000, this 1.53s, total 1533.40s
+++ model saved ! ./pre_trained_gnn/PubMed.GRACE.GAT.curv_0p1000.hyp_True.False.pth
(T) | Epoch=1000, loss=8.9812, c=0.700000, this 1.54s, total 1534.94s
=== Final ===
[Main] Pretrained checkpoint written to: ./pre_trained_gnn/PubMed.GRACE.GAT.curv_0p1000.hyp_True.False.pth
