/mnt/data1/Graph/HypGraphLoRA
[Pretrain] Using Lorentz H^d with learnable curvature, init c=1.0
pre-training.
(T) | Epoch=001, loss=10.5807, c=0.999994, this 1.96s, total 1.96s
+++ model saved ! ./pre_trained_gnn/PubMed.GRACE.GAT.curv_1p0000.hyp_True.False.pth
(T) | Epoch=002, loss=10.5807, c=0.999987, this 1.46s, total 3.42s
+++ model saved ! ./pre_trained_gnn/PubMed.GRACE.GAT.curv_1p0000.hyp_True.False.pth
(T) | Epoch=003, loss=10.5805, c=0.999981, this 1.54s, total 4.96s
+++ model saved ! ./pre_trained_gnn/PubMed.GRACE.GAT.curv_1p0000.hyp_True.False.pth
(T) | Epoch=004, loss=10.5803, c=0.999975, this 1.54s, total 6.50s
+++ model saved ! ./pre_trained_gnn/PubMed.GRACE.GAT.curv_1p0000.hyp_True.False.pth
(T) | Epoch=005, loss=10.5802, c=0.999968, this 1.54s, total 8.04s
+++ model saved ! ./pre_trained_gnn/PubMed.GRACE.GAT.curv_1p0000.hyp_True.False.pth
(T) | Epoch=006, loss=10.5800, c=0.999962, this 1.54s, total 9.59s
+++ model saved ! ./pre_trained_gnn/PubMed.GRACE.GAT.curv_1p0000.hyp_True.False.pth
(T) | Epoch=007, loss=10.5798, c=0.999955, this 1.54s, total 11.13s
+++ model saved ! ./pre_trained_gnn/PubMed.GRACE.GAT.curv_1p0000.hyp_True.False.pth
(T) | Epoch=008, loss=10.5796, c=0.999949, this 1.54s, total 12.66s
+++ model saved ! ./pre_trained_gnn/PubMed.GRACE.GAT.curv_1p0000.hyp_True.False.pth
(T) | Epoch=009, loss=10.5794, c=0.999942, this 1.55s, total 14.21s
+++ model saved ! ./pre_trained_gnn/PubMed.GRACE.GAT.curv_1p0000.hyp_True.False.pth
(T) | Epoch=010, loss=10.5793, c=0.999936, this 1.54s, total 15.75s
+++ model saved ! ./pre_trained_gnn/PubMed.GRACE.GAT.curv_1p0000.hyp_True.False.pth
(T) | Epoch=011, loss=10.5788, c=0.999929, this 1.54s, total 17.29s
+++ model saved ! ./pre_trained_gnn/PubMed.GRACE.GAT.curv_1p0000.hyp_True.False.pth
(T) | Epoch=012, loss=10.5783, c=0.999923, this 1.54s, total 18.83s
+++ model saved ! ./pre_trained_gnn/PubMed.GRACE.GAT.curv_1p0000.hyp_True.False.pth
(T) | Epoch=013, loss=10.5781, c=0.999916, this 1.54s, total 20.37s
+++ model saved ! ./pre_trained_gnn/PubMed.GRACE.GAT.curv_1p0000.hyp_True.False.pth
(T) | Epoch=014, loss=10.5780, c=0.999909, this 1.54s, total 21.91s
+++ model saved ! ./pre_trained_gnn/PubMed.GRACE.GAT.curv_1p0000.hyp_True.False.pth
(T) | Epoch=015, loss=10.5774, c=0.999902, this 1.54s, total 23.45s
+++ model saved ! ./pre_trained_gnn/PubMed.GRACE.GAT.curv_1p0000.hyp_True.False.pth
(T) | Epoch=016, loss=10.5769, c=0.999895, this 1.54s, total 24.99s
+++ model saved ! ./pre_trained_gnn/PubMed.GRACE.GAT.curv_1p0000.hyp_True.False.pth
(T) | Epoch=017, loss=10.5757, c=0.999888, this 1.54s, total 26.53s
+++ model saved ! ./pre_trained_gnn/PubMed.GRACE.GAT.curv_1p0000.hyp_True.False.pth
(T) | Epoch=018, loss=10.5765, c=0.999881, this 1.54s, total 28.08s
(T) | Epoch=019, loss=10.5749, c=0.999874, this 1.53s, total 29.61s
+++ model saved ! ./pre_trained_gnn/PubMed.GRACE.GAT.curv_1p0000.hyp_True.False.pth
(T) | Epoch=020, loss=10.5750, c=0.999867, this 1.54s, total 31.15s
(T) | Epoch=021, loss=10.5732, c=0.999859, this 1.53s, total 32.68s
+++ model saved ! ./pre_trained_gnn/PubMed.GRACE.GAT.curv_1p0000.hyp_True.False.pth
(T) | Epoch=022, loss=10.5723, c=0.999852, this 1.54s, total 34.22s
+++ model saved ! ./pre_trained_gnn/PubMed.GRACE.GAT.curv_1p0000.hyp_True.False.pth
(T) | Epoch=023, loss=10.5713, c=0.999844, this 1.54s, total 35.76s
+++ model saved ! ./pre_trained_gnn/PubMed.GRACE.GAT.curv_1p0000.hyp_True.False.pth
(T) | Epoch=024, loss=10.5695, c=0.999837, this 1.54s, total 37.30s
+++ model saved ! ./pre_trained_gnn/PubMed.GRACE.GAT.curv_1p0000.hyp_True.False.pth
(T) | Epoch=025, loss=10.5688, c=0.999829, this 1.54s, total 38.85s
+++ model saved ! ./pre_trained_gnn/PubMed.GRACE.GAT.curv_1p0000.hyp_True.False.pth
(T) | Epoch=026, loss=10.5675, c=0.999821, this 1.54s, total 40.39s
+++ model saved ! ./pre_trained_gnn/PubMed.GRACE.GAT.curv_1p0000.hyp_True.False.pth
(T) | Epoch=027, loss=10.5663, c=0.999813, this 1.54s, total 41.93s
+++ model saved ! ./pre_trained_gnn/PubMed.GRACE.GAT.curv_1p0000.hyp_True.False.pth
(T) | Epoch=028, loss=10.5614, c=0.999805, this 1.54s, total 43.47s
+++ model saved ! ./pre_trained_gnn/PubMed.GRACE.GAT.curv_1p0000.hyp_True.False.pth
(T) | Epoch=029, loss=10.5587, c=0.999797, this 1.54s, total 45.02s
+++ model saved ! ./pre_trained_gnn/PubMed.GRACE.GAT.curv_1p0000.hyp_True.False.pth
(T) | Epoch=030, loss=10.5567, c=0.999789, this 1.54s, total 46.56s
+++ model saved ! ./pre_trained_gnn/PubMed.GRACE.GAT.curv_1p0000.hyp_True.False.pth
(T) | Epoch=031, loss=10.5510, c=0.999780, this 1.54s, total 48.10s
+++ model saved ! ./pre_trained_gnn/PubMed.GRACE.GAT.curv_1p0000.hyp_True.False.pth
(T) | Epoch=032, loss=10.5498, c=0.999772, this 1.54s, total 49.65s
+++ model saved ! ./pre_trained_gnn/PubMed.GRACE.GAT.curv_1p0000.hyp_True.False.pth
(T) | Epoch=033, loss=10.5427, c=0.999763, this 1.54s, total 51.19s
+++ model saved ! ./pre_trained_gnn/PubMed.GRACE.GAT.curv_1p0000.hyp_True.False.pth
(T) | Epoch=034, loss=10.5359, c=0.999755, this 1.54s, total 52.73s
+++ model saved ! ./pre_trained_gnn/PubMed.GRACE.GAT.curv_1p0000.hyp_True.False.pth
(T) | Epoch=035, loss=10.5266, c=0.999746, this 1.54s, total 54.27s
+++ model saved ! ./pre_trained_gnn/PubMed.GRACE.GAT.curv_1p0000.hyp_True.False.pth
(T) | Epoch=036, loss=10.5190, c=0.999738, this 1.54s, total 55.81s
+++ model saved ! ./pre_trained_gnn/PubMed.GRACE.GAT.curv_1p0000.hyp_True.False.pth
(T) | Epoch=037, loss=10.5164, c=0.999729, this 1.54s, total 57.35s
+++ model saved ! ./pre_trained_gnn/PubMed.GRACE.GAT.curv_1p0000.hyp_True.False.pth
(T) | Epoch=038, loss=10.4975, c=0.999720, this 1.54s, total 58.89s
+++ model saved ! ./pre_trained_gnn/PubMed.GRACE.GAT.curv_1p0000.hyp_True.False.pth
(T) | Epoch=039, loss=10.4904, c=0.999711, this 1.54s, total 60.43s
+++ model saved ! ./pre_trained_gnn/PubMed.GRACE.GAT.curv_1p0000.hyp_True.False.pth
(T) | Epoch=040, loss=10.4661, c=0.999702, this 1.54s, total 61.98s
+++ model saved ! ./pre_trained_gnn/PubMed.GRACE.GAT.curv_1p0000.hyp_True.False.pth
(T) | Epoch=041, loss=10.4484, c=0.999692, this 1.54s, total 63.52s
+++ model saved ! ./pre_trained_gnn/PubMed.GRACE.GAT.curv_1p0000.hyp_True.False.pth
(T) | Epoch=042, loss=10.4322, c=0.999683, this 1.54s, total 65.06s
+++ model saved ! ./pre_trained_gnn/PubMed.GRACE.GAT.curv_1p0000.hyp_True.False.pth
(T) | Epoch=043, loss=10.3974, c=0.999674, this 1.54s, total 66.60s
+++ model saved ! ./pre_trained_gnn/PubMed.GRACE.GAT.curv_1p0000.hyp_True.False.pth
(T) | Epoch=044, loss=10.3802, c=0.999664, this 1.54s, total 68.14s
+++ model saved ! ./pre_trained_gnn/PubMed.GRACE.GAT.curv_1p0000.hyp_True.False.pth
(T) | Epoch=045, loss=10.3411, c=0.999654, this 1.54s, total 69.69s
+++ model saved ! ./pre_trained_gnn/PubMed.GRACE.GAT.curv_1p0000.hyp_True.False.pth
(T) | Epoch=046, loss=10.3186, c=0.999645, this 1.54s, total 71.23s
+++ model saved ! ./pre_trained_gnn/PubMed.GRACE.GAT.curv_1p0000.hyp_True.False.pth
(T) | Epoch=047, loss=10.2900, c=0.999635, this 1.54s, total 72.77s
+++ model saved ! ./pre_trained_gnn/PubMed.GRACE.GAT.curv_1p0000.hyp_True.False.pth
(T) | Epoch=048, loss=10.2542, c=0.999625, this 1.54s, total 74.32s
+++ model saved ! ./pre_trained_gnn/PubMed.GRACE.GAT.curv_1p0000.hyp_True.False.pth
(T) | Epoch=049, loss=10.1927, c=0.999615, this 1.54s, total 75.86s
+++ model saved ! ./pre_trained_gnn/PubMed.GRACE.GAT.curv_1p0000.hyp_True.False.pth
(T) | Epoch=050, loss=10.1528, c=0.999605, this 1.54s, total 77.40s
+++ model saved ! ./pre_trained_gnn/PubMed.GRACE.GAT.curv_1p0000.hyp_True.False.pth
(T) | Epoch=051, loss=10.0995, c=0.999594, this 1.54s, total 78.94s
+++ model saved ! ./pre_trained_gnn/PubMed.GRACE.GAT.curv_1p0000.hyp_True.False.pth
(T) | Epoch=052, loss=10.0625, c=0.999584, this 1.54s, total 80.48s
+++ model saved ! ./pre_trained_gnn/PubMed.GRACE.GAT.curv_1p0000.hyp_True.False.pth
(T) | Epoch=053, loss=10.0234, c=0.999574, this 1.54s, total 82.03s
+++ model saved ! ./pre_trained_gnn/PubMed.GRACE.GAT.curv_1p0000.hyp_True.False.pth
(T) | Epoch=054, loss=9.9960, c=0.999564, this 1.54s, total 83.57s
+++ model saved ! ./pre_trained_gnn/PubMed.GRACE.GAT.curv_1p0000.hyp_True.False.pth
(T) | Epoch=055, loss=9.9426, c=0.999553, this 1.54s, total 85.11s
+++ model saved ! ./pre_trained_gnn/PubMed.GRACE.GAT.curv_1p0000.hyp_True.False.pth
(T) | Epoch=056, loss=9.9027, c=0.999543, this 1.54s, total 86.65s
+++ model saved ! ./pre_trained_gnn/PubMed.GRACE.GAT.curv_1p0000.hyp_True.False.pth
(T) | Epoch=057, loss=9.8873, c=0.999533, this 1.54s, total 88.19s
+++ model saved ! ./pre_trained_gnn/PubMed.GRACE.GAT.curv_1p0000.hyp_True.False.pth
(T) | Epoch=058, loss=9.8477, c=0.999524, this 1.54s, total 89.73s
+++ model saved ! ./pre_trained_gnn/PubMed.GRACE.GAT.curv_1p0000.hyp_True.False.pth
(T) | Epoch=059, loss=9.8241, c=0.999514, this 1.54s, total 91.27s
+++ model saved ! ./pre_trained_gnn/PubMed.GRACE.GAT.curv_1p0000.hyp_True.False.pth
(T) | Epoch=060, loss=9.8232, c=0.999506, this 1.55s, total 92.83s
+++ model saved ! ./pre_trained_gnn/PubMed.GRACE.GAT.curv_1p0000.hyp_True.False.pth
(T) | Epoch=061, loss=9.7915, c=0.999497, this 1.54s, total 94.37s
+++ model saved ! ./pre_trained_gnn/PubMed.GRACE.GAT.curv_1p0000.hyp_True.False.pth
(T) | Epoch=062, loss=9.7823, c=0.999489, this 1.54s, total 95.91s
+++ model saved ! ./pre_trained_gnn/PubMed.GRACE.GAT.curv_1p0000.hyp_True.False.pth
(T) | Epoch=063, loss=9.7797, c=0.999482, this 1.54s, total 97.45s
+++ model saved ! ./pre_trained_gnn/PubMed.GRACE.GAT.curv_1p0000.hyp_True.False.pth
(T) | Epoch=064, loss=9.7668, c=0.999475, this 1.54s, total 98.99s
+++ model saved ! ./pre_trained_gnn/PubMed.GRACE.GAT.curv_1p0000.hyp_True.False.pth
(T) | Epoch=065, loss=9.7606, c=0.999469, this 1.54s, total 100.53s
+++ model saved ! ./pre_trained_gnn/PubMed.GRACE.GAT.curv_1p0000.hyp_True.False.pth
(T) | Epoch=066, loss=9.7480, c=0.999463, this 1.54s, total 102.07s
+++ model saved ! ./pre_trained_gnn/PubMed.GRACE.GAT.curv_1p0000.hyp_True.False.pth
(T) | Epoch=067, loss=9.7330, c=0.999457, this 1.54s, total 103.62s
+++ model saved ! ./pre_trained_gnn/PubMed.GRACE.GAT.curv_1p0000.hyp_True.False.pth
(T) | Epoch=068, loss=9.7130, c=0.999452, this 1.54s, total 105.16s
+++ model saved ! ./pre_trained_gnn/PubMed.GRACE.GAT.curv_1p0000.hyp_True.False.pth
(T) | Epoch=069, loss=9.6966, c=0.999448, this 1.54s, total 106.70s
+++ model saved ! ./pre_trained_gnn/PubMed.GRACE.GAT.curv_1p0000.hyp_True.False.pth
(T) | Epoch=070, loss=9.6847, c=0.999443, this 1.54s, total 108.24s
+++ model saved ! ./pre_trained_gnn/PubMed.GRACE.GAT.curv_1p0000.hyp_True.False.pth
(T) | Epoch=071, loss=9.6952, c=0.999440, this 1.54s, total 109.79s
(T) | Epoch=072, loss=9.6592, c=0.999436, this 1.54s, total 111.32s
+++ model saved ! ./pre_trained_gnn/PubMed.GRACE.GAT.curv_1p0000.hyp_True.False.pth
(T) | Epoch=073, loss=9.6445, c=0.999433, this 1.54s, total 112.87s
+++ model saved ! ./pre_trained_gnn/PubMed.GRACE.GAT.curv_1p0000.hyp_True.False.pth
(T) | Epoch=074, loss=9.6283, c=0.999430, this 1.54s, total 114.41s
+++ model saved ! ./pre_trained_gnn/PubMed.GRACE.GAT.curv_1p0000.hyp_True.False.pth
(T) | Epoch=075, loss=9.6189, c=0.999427, this 1.54s, total 115.95s
+++ model saved ! ./pre_trained_gnn/PubMed.GRACE.GAT.curv_1p0000.hyp_True.False.pth
(T) | Epoch=076, loss=9.6090, c=0.999425, this 1.54s, total 117.49s
+++ model saved ! ./pre_trained_gnn/PubMed.GRACE.GAT.curv_1p0000.hyp_True.False.pth
(T) | Epoch=077, loss=9.5895, c=0.999423, this 1.54s, total 119.03s
+++ model saved ! ./pre_trained_gnn/PubMed.GRACE.GAT.curv_1p0000.hyp_True.False.pth
(T) | Epoch=078, loss=9.5844, c=0.999421, this 1.54s, total 120.57s
+++ model saved ! ./pre_trained_gnn/PubMed.GRACE.GAT.curv_1p0000.hyp_True.False.pth
(T) | Epoch=079, loss=9.5583, c=0.999419, this 1.54s, total 122.11s
+++ model saved ! ./pre_trained_gnn/PubMed.GRACE.GAT.curv_1p0000.hyp_True.False.pth
(T) | Epoch=080, loss=9.5538, c=0.999417, this 1.54s, total 123.66s
+++ model saved ! ./pre_trained_gnn/PubMed.GRACE.GAT.curv_1p0000.hyp_True.False.pth
(T) | Epoch=081, loss=9.5518, c=0.999416, this 1.54s, total 125.20s
+++ model saved ! ./pre_trained_gnn/PubMed.GRACE.GAT.curv_1p0000.hyp_True.False.pth
(T) | Epoch=082, loss=9.5273, c=0.999414, this 1.54s, total 126.74s
+++ model saved ! ./pre_trained_gnn/PubMed.GRACE.GAT.curv_1p0000.hyp_True.False.pth
(T) | Epoch=083, loss=9.5217, c=0.999413, this 1.54s, total 128.28s
+++ model saved ! ./pre_trained_gnn/PubMed.GRACE.GAT.curv_1p0000.hyp_True.False.pth
(T) | Epoch=084, loss=9.5069, c=0.999412, this 1.54s, total 129.82s
+++ model saved ! ./pre_trained_gnn/PubMed.GRACE.GAT.curv_1p0000.hyp_True.False.pth
(T) | Epoch=085, loss=9.5104, c=0.999411, this 1.54s, total 131.36s
(T) | Epoch=086, loss=9.4848, c=0.999409, this 1.54s, total 132.90s
+++ model saved ! ./pre_trained_gnn/PubMed.GRACE.GAT.curv_1p0000.hyp_True.False.pth
(T) | Epoch=087, loss=9.4852, c=0.999408, this 1.54s, total 134.44s
(T) | Epoch=088, loss=9.4868, c=0.999407, this 1.54s, total 135.98s
(T) | Epoch=089, loss=9.4764, c=0.999406, this 1.53s, total 137.51s
+++ model saved ! ./pre_trained_gnn/PubMed.GRACE.GAT.curv_1p0000.hyp_True.False.pth
(T) | Epoch=090, loss=9.4814, c=0.999405, this 1.54s, total 139.05s
(T) | Epoch=091, loss=9.4692, c=0.999404, this 1.53s, total 140.59s
+++ model saved ! ./pre_trained_gnn/PubMed.GRACE.GAT.curv_1p0000.hyp_True.False.pth
(T) | Epoch=092, loss=9.4667, c=0.999403, this 1.54s, total 142.13s
+++ model saved ! ./pre_trained_gnn/PubMed.GRACE.GAT.curv_1p0000.hyp_True.False.pth
(T) | Epoch=093, loss=9.4547, c=0.999402, this 1.54s, total 143.67s
+++ model saved ! ./pre_trained_gnn/PubMed.GRACE.GAT.curv_1p0000.hyp_True.False.pth
(T) | Epoch=094, loss=9.4599, c=0.999401, this 1.54s, total 145.21s
(T) | Epoch=095, loss=9.4509, c=0.999400, this 1.54s, total 146.74s
+++ model saved ! ./pre_trained_gnn/PubMed.GRACE.GAT.curv_1p0000.hyp_True.False.pth
(T) | Epoch=096, loss=9.4573, c=0.999400, this 1.54s, total 148.28s
(T) | Epoch=097, loss=9.4545, c=0.999399, this 1.54s, total 149.82s
(T) | Epoch=098, loss=9.4369, c=0.999398, this 1.53s, total 151.35s
+++ model saved ! ./pre_trained_gnn/PubMed.GRACE.GAT.curv_1p0000.hyp_True.False.pth
(T) | Epoch=099, loss=9.4242, c=0.999397, this 1.54s, total 152.89s
+++ model saved ! ./pre_trained_gnn/PubMed.GRACE.GAT.curv_1p0000.hyp_True.False.pth
(T) | Epoch=100, loss=9.4223, c=0.999396, this 1.54s, total 154.43s
+++ model saved ! ./pre_trained_gnn/PubMed.GRACE.GAT.curv_1p0000.hyp_True.False.pth
(T) | Epoch=101, loss=9.4145, c=0.999395, this 1.54s, total 155.97s
+++ model saved ! ./pre_trained_gnn/PubMed.GRACE.GAT.curv_1p0000.hyp_True.False.pth
(T) | Epoch=102, loss=9.4198, c=0.999394, this 1.54s, total 157.52s
(T) | Epoch=103, loss=9.3985, c=0.999393, this 1.53s, total 159.05s
+++ model saved ! ./pre_trained_gnn/PubMed.GRACE.GAT.curv_1p0000.hyp_True.False.pth
(T) | Epoch=104, loss=9.3913, c=0.999392, this 1.54s, total 160.59s
+++ model saved ! ./pre_trained_gnn/PubMed.GRACE.GAT.curv_1p0000.hyp_True.False.pth
(T) | Epoch=105, loss=9.3952, c=0.999391, this 1.54s, total 162.13s
(T) | Epoch=106, loss=9.3721, c=0.999390, this 1.53s, total 163.67s
+++ model saved ! ./pre_trained_gnn/PubMed.GRACE.GAT.curv_1p0000.hyp_True.False.pth
(T) | Epoch=107, loss=9.3694, c=0.999390, this 1.54s, total 165.21s
+++ model saved ! ./pre_trained_gnn/PubMed.GRACE.GAT.curv_1p0000.hyp_True.False.pth
(T) | Epoch=108, loss=9.3616, c=0.999389, this 1.54s, total 166.75s
+++ model saved ! ./pre_trained_gnn/PubMed.GRACE.GAT.curv_1p0000.hyp_True.False.pth
(T) | Epoch=109, loss=9.3609, c=0.999388, this 1.54s, total 168.29s
+++ model saved ! ./pre_trained_gnn/PubMed.GRACE.GAT.curv_1p0000.hyp_True.False.pth
(T) | Epoch=110, loss=9.3371, c=0.999387, this 1.54s, total 169.83s
+++ model saved ! ./pre_trained_gnn/PubMed.GRACE.GAT.curv_1p0000.hyp_True.False.pth
(T) | Epoch=111, loss=9.3419, c=0.999387, this 1.54s, total 171.38s
(T) | Epoch=112, loss=9.3312, c=0.999386, this 1.53s, total 172.91s
+++ model saved ! ./pre_trained_gnn/PubMed.GRACE.GAT.curv_1p0000.hyp_True.False.pth
(T) | Epoch=113, loss=9.3215, c=0.999385, this 1.54s, total 174.45s
+++ model saved ! ./pre_trained_gnn/PubMed.GRACE.GAT.curv_1p0000.hyp_True.False.pth
(T) | Epoch=114, loss=9.3190, c=0.999385, this 1.54s, total 175.99s
+++ model saved ! ./pre_trained_gnn/PubMed.GRACE.GAT.curv_1p0000.hyp_True.False.pth
(T) | Epoch=115, loss=9.2952, c=0.999384, this 1.54s, total 177.53s
+++ model saved ! ./pre_trained_gnn/PubMed.GRACE.GAT.curv_1p0000.hyp_True.False.pth
(T) | Epoch=116, loss=9.2919, c=0.999383, this 1.54s, total 179.07s
+++ model saved ! ./pre_trained_gnn/PubMed.GRACE.GAT.curv_1p0000.hyp_True.False.pth
(T) | Epoch=117, loss=9.2878, c=0.999383, this 1.54s, total 180.61s
+++ model saved ! ./pre_trained_gnn/PubMed.GRACE.GAT.curv_1p0000.hyp_True.False.pth
(T) | Epoch=118, loss=9.2842, c=0.999382, this 1.54s, total 182.15s
+++ model saved ! ./pre_trained_gnn/PubMed.GRACE.GAT.curv_1p0000.hyp_True.False.pth
(T) | Epoch=119, loss=9.2843, c=0.999382, this 1.54s, total 183.70s
(T) | Epoch=120, loss=9.2901, c=0.999381, this 1.54s, total 185.23s
(T) | Epoch=121, loss=9.2701, c=0.999381, this 1.53s, total 186.77s
+++ model saved ! ./pre_trained_gnn/PubMed.GRACE.GAT.curv_1p0000.hyp_True.False.pth
(T) | Epoch=122, loss=9.2701, c=0.999380, this 1.54s, total 188.30s
(T) | Epoch=123, loss=9.2627, c=0.999380, this 1.53s, total 189.84s
+++ model saved ! ./pre_trained_gnn/PubMed.GRACE.GAT.curv_1p0000.hyp_True.False.pth
(T) | Epoch=124, loss=9.2710, c=0.999379, this 1.54s, total 191.38s
(T) | Epoch=125, loss=9.2708, c=0.999379, this 1.53s, total 192.91s
(T) | Epoch=126, loss=9.2548, c=0.999378, this 1.53s, total 194.45s
+++ model saved ! ./pre_trained_gnn/PubMed.GRACE.GAT.curv_1p0000.hyp_True.False.pth
(T) | Epoch=127, loss=9.2659, c=0.999377, this 1.54s, total 195.99s
(T) | Epoch=128, loss=9.2554, c=0.999377, this 1.54s, total 197.53s
(T) | Epoch=129, loss=9.2563, c=0.999376, this 1.55s, total 199.08s
(T) | Epoch=130, loss=9.2420, c=0.999376, this 1.54s, total 200.62s
+++ model saved ! ./pre_trained_gnn/PubMed.GRACE.GAT.curv_1p0000.hyp_True.False.pth
(T) | Epoch=131, loss=9.2394, c=0.999375, this 1.54s, total 202.16s
+++ model saved ! ./pre_trained_gnn/PubMed.GRACE.GAT.curv_1p0000.hyp_True.False.pth
(T) | Epoch=132, loss=9.2414, c=0.999374, this 1.54s, total 203.70s
(T) | Epoch=133, loss=9.2287, c=0.999374, this 1.54s, total 205.24s
+++ model saved ! ./pre_trained_gnn/PubMed.GRACE.GAT.curv_1p0000.hyp_True.False.pth
(T) | Epoch=134, loss=9.2203, c=0.999373, this 1.54s, total 206.78s
+++ model saved ! ./pre_trained_gnn/PubMed.GRACE.GAT.curv_1p0000.hyp_True.False.pth
(T) | Epoch=135, loss=9.2304, c=0.999373, this 1.54s, total 208.33s
(T) | Epoch=136, loss=9.2314, c=0.999373, this 1.53s, total 209.86s
(T) | Epoch=137, loss=9.2331, c=0.999372, this 1.53s, total 211.39s
(T) | Epoch=138, loss=9.2227, c=0.999371, this 1.54s, total 212.93s
(T) | Epoch=139, loss=9.2035, c=0.999370, this 1.54s, total 214.47s
+++ model saved ! ./pre_trained_gnn/PubMed.GRACE.GAT.curv_1p0000.hyp_True.False.pth
(T) | Epoch=140, loss=9.2073, c=0.999370, this 1.54s, total 216.01s
(T) | Epoch=141, loss=9.2065, c=0.999370, this 1.54s, total 217.54s
(T) | Epoch=142, loss=9.2084, c=0.999369, this 1.53s, total 219.08s
(T) | Epoch=143, loss=9.1937, c=0.999369, this 1.54s, total 220.61s
+++ model saved ! ./pre_trained_gnn/PubMed.GRACE.GAT.curv_1p0000.hyp_True.False.pth
(T) | Epoch=144, loss=9.2147, c=0.999368, this 1.54s, total 222.16s
(T) | Epoch=145, loss=9.1878, c=0.999366, this 1.54s, total 223.69s
+++ model saved ! ./pre_trained_gnn/PubMed.GRACE.GAT.curv_1p0000.hyp_True.False.pth
(T) | Epoch=146, loss=9.1979, c=0.999365, this 1.54s, total 225.24s
(T) | Epoch=147, loss=9.1825, c=0.999364, this 1.54s, total 226.77s
+++ model saved ! ./pre_trained_gnn/PubMed.GRACE.GAT.curv_1p0000.hyp_True.False.pth
(T) | Epoch=148, loss=9.1947, c=0.999363, this 1.54s, total 228.31s
(T) | Epoch=149, loss=9.1651, c=0.999363, this 1.53s, total 229.85s
+++ model saved ! ./pre_trained_gnn/PubMed.GRACE.GAT.curv_1p0000.hyp_True.False.pth
(T) | Epoch=150, loss=9.1928, c=0.999363, this 1.54s, total 231.39s
(T) | Epoch=151, loss=9.1854, c=0.999362, this 1.54s, total 232.92s
(T) | Epoch=152, loss=9.1631, c=0.999362, this 1.54s, total 234.46s
+++ model saved ! ./pre_trained_gnn/PubMed.GRACE.GAT.curv_1p0000.hyp_True.False.pth
(T) | Epoch=153, loss=9.1823, c=0.999360, this 1.54s, total 236.00s
(T) | Epoch=154, loss=9.1827, c=0.999359, this 1.53s, total 237.54s
(T) | Epoch=155, loss=9.1621, c=0.999358, this 1.54s, total 239.07s
+++ model saved ! ./pre_trained_gnn/PubMed.GRACE.GAT.curv_1p0000.hyp_True.False.pth
(T) | Epoch=156, loss=9.1746, c=0.999357, this 1.54s, total 240.61s
(T) | Epoch=157, loss=9.1773, c=0.999357, this 1.53s, total 242.15s
(T) | Epoch=158, loss=9.1657, c=0.999357, this 1.54s, total 243.68s
(T) | Epoch=159, loss=9.1494, c=0.999356, this 1.54s, total 245.22s
+++ model saved ! ./pre_trained_gnn/PubMed.GRACE.GAT.curv_1p0000.hyp_True.False.pth
(T) | Epoch=160, loss=9.1621, c=0.999355, this 1.54s, total 246.76s
(T) | Epoch=161, loss=9.1568, c=0.999354, this 1.54s, total 248.30s
(T) | Epoch=162, loss=9.1549, c=0.999353, this 1.54s, total 249.83s
(T) | Epoch=163, loss=9.1427, c=0.999352, this 1.54s, total 251.37s
+++ model saved ! ./pre_trained_gnn/PubMed.GRACE.GAT.curv_1p0000.hyp_True.False.pth
(T) | Epoch=164, loss=9.1498, c=0.999351, this 1.54s, total 252.91s
(T) | Epoch=165, loss=9.1838, c=0.999350, this 1.53s, total 254.44s
(T) | Epoch=166, loss=9.1524, c=0.999349, this 1.54s, total 255.98s
(T) | Epoch=167, loss=9.1347, c=0.999349, this 1.53s, total 257.51s
+++ model saved ! ./pre_trained_gnn/PubMed.GRACE.GAT.curv_1p0000.hyp_True.False.pth
(T) | Epoch=168, loss=9.1295, c=0.999348, this 1.54s, total 259.05s
+++ model saved ! ./pre_trained_gnn/PubMed.GRACE.GAT.curv_1p0000.hyp_True.False.pth
(T) | Epoch=169, loss=9.1476, c=0.999348, this 1.54s, total 260.59s
(T) | Epoch=170, loss=9.1622, c=0.999347, this 1.54s, total 262.13s
(T) | Epoch=171, loss=9.1655, c=0.999346, this 1.54s, total 263.67s
(T) | Epoch=172, loss=9.1240, c=0.999345, this 1.53s, total 265.20s
+++ model saved ! ./pre_trained_gnn/PubMed.GRACE.GAT.curv_1p0000.hyp_True.False.pth
(T) | Epoch=173, loss=9.1459, c=0.999344, this 1.54s, total 266.74s
(T) | Epoch=174, loss=9.1499, c=0.999343, this 1.54s, total 268.28s
(T) | Epoch=175, loss=9.1162, c=0.999343, this 1.53s, total 269.81s
+++ model saved ! ./pre_trained_gnn/PubMed.GRACE.GAT.curv_1p0000.hyp_True.False.pth
(T) | Epoch=176, loss=9.1361, c=0.999343, this 1.54s, total 271.35s
(T) | Epoch=177, loss=9.1597, c=0.999342, this 1.53s, total 272.89s
(T) | Epoch=178, loss=9.1206, c=0.999342, this 1.53s, total 274.42s
(T) | Epoch=179, loss=9.1186, c=0.999341, this 1.53s, total 275.96s
(T) | Epoch=180, loss=9.1494, c=0.999340, this 1.54s, total 277.50s
(T) | Epoch=181, loss=9.1334, c=0.999339, this 1.53s, total 279.03s
(T) | Epoch=182, loss=9.1347, c=0.999339, this 1.53s, total 280.57s
(T) | Epoch=183, loss=9.1334, c=0.999338, this 1.53s, total 282.10s
(T) | Epoch=184, loss=9.1383, c=0.999337, this 1.53s, total 283.63s
(T) | Epoch=185, loss=9.1133, c=0.999337, this 1.53s, total 285.17s
+++ model saved ! ./pre_trained_gnn/PubMed.GRACE.GAT.curv_1p0000.hyp_True.False.pth
(T) | Epoch=186, loss=9.1308, c=0.999336, this 1.54s, total 286.71s
(T) | Epoch=187, loss=9.1222, c=0.999336, this 1.53s, total 288.24s
(T) | Epoch=188, loss=9.1254, c=0.999335, this 1.54s, total 289.78s
(T) | Epoch=189, loss=9.1049, c=0.999335, this 1.54s, total 291.31s
+++ model saved ! ./pre_trained_gnn/PubMed.GRACE.GAT.curv_1p0000.hyp_True.False.pth
(T) | Epoch=190, loss=9.0998, c=0.999334, this 1.54s, total 292.85s
+++ model saved ! ./pre_trained_gnn/PubMed.GRACE.GAT.curv_1p0000.hyp_True.False.pth
(T) | Epoch=191, loss=9.1250, c=0.999334, this 1.54s, total 294.39s
(T) | Epoch=192, loss=9.1076, c=0.999332, this 1.54s, total 295.93s
(T) | Epoch=193, loss=9.1161, c=0.999331, this 1.53s, total 297.47s
(T) | Epoch=194, loss=9.1061, c=0.999330, this 1.53s, total 299.00s
(T) | Epoch=195, loss=9.1237, c=0.999330, this 1.54s, total 300.54s
(T) | Epoch=196, loss=9.1171, c=0.999330, this 1.53s, total 302.07s
(T) | Epoch=197, loss=9.1190, c=0.999330, this 1.53s, total 303.60s
(T) | Epoch=198, loss=9.1290, c=0.999329, this 1.53s, total 305.14s
(T) | Epoch=199, loss=9.1099, c=0.999329, this 1.54s, total 306.67s
(T) | Epoch=200, loss=9.1044, c=0.999328, this 1.53s, total 308.21s
(T) | Epoch=201, loss=9.0994, c=0.999327, this 1.53s, total 309.74s
+++ model saved ! ./pre_trained_gnn/PubMed.GRACE.GAT.curv_1p0000.hyp_True.False.pth
(T) | Epoch=202, loss=9.0908, c=0.999326, this 1.54s, total 311.28s
+++ model saved ! ./pre_trained_gnn/PubMed.GRACE.GAT.curv_1p0000.hyp_True.False.pth
(T) | Epoch=203, loss=9.1004, c=0.999325, this 1.54s, total 312.83s
(T) | Epoch=204, loss=9.1061, c=0.999325, this 1.53s, total 314.36s
(T) | Epoch=205, loss=9.1066, c=0.999325, this 1.53s, total 315.89s
(T) | Epoch=206, loss=9.0997, c=0.999325, this 1.53s, total 317.43s
(T) | Epoch=207, loss=9.0993, c=0.999324, this 1.53s, total 318.96s
(T) | Epoch=208, loss=9.0902, c=0.999323, this 1.53s, total 320.49s
+++ model saved ! ./pre_trained_gnn/PubMed.GRACE.GAT.curv_1p0000.hyp_True.False.pth
(T) | Epoch=209, loss=9.1208, c=0.999322, this 1.54s, total 322.03s
(T) | Epoch=210, loss=9.1066, c=0.999319, this 1.53s, total 323.57s
(T) | Epoch=211, loss=9.1051, c=0.999318, this 1.53s, total 325.10s
(T) | Epoch=212, loss=9.1130, c=0.999318, this 1.53s, total 326.63s
(T) | Epoch=213, loss=9.0960, c=0.999318, this 1.53s, total 328.17s
(T) | Epoch=214, loss=9.0800, c=0.999318, this 1.53s, total 329.70s
+++ model saved ! ./pre_trained_gnn/PubMed.GRACE.GAT.curv_1p0000.hyp_True.False.pth
(T) | Epoch=215, loss=9.1199, c=0.999318, this 1.55s, total 331.24s
(T) | Epoch=216, loss=9.0994, c=0.999317, this 1.54s, total 332.78s
(T) | Epoch=217, loss=9.1006, c=0.999316, this 1.54s, total 334.32s
(T) | Epoch=218, loss=9.0939, c=0.999315, this 1.53s, total 335.85s
(T) | Epoch=219, loss=9.1059, c=0.999314, this 1.53s, total 337.39s
(T) | Epoch=220, loss=9.1089, c=0.999313, this 1.54s, total 338.92s
(T) | Epoch=221, loss=9.0781, c=0.999312, this 1.53s, total 340.46s
+++ model saved ! ./pre_trained_gnn/PubMed.GRACE.GAT.curv_1p0000.hyp_True.False.pth
(T) | Epoch=222, loss=9.0908, c=0.999312, this 1.54s, total 342.00s
(T) | Epoch=223, loss=9.0841, c=0.999312, this 1.54s, total 343.53s
(T) | Epoch=224, loss=9.1081, c=0.999312, this 1.53s, total 345.06s
(T) | Epoch=225, loss=9.1140, c=0.999312, this 1.54s, total 346.60s
(T) | Epoch=226, loss=9.0803, c=0.999312, this 1.54s, total 348.14s
(T) | Epoch=227, loss=9.0845, c=0.999312, this 1.54s, total 349.67s
(T) | Epoch=228, loss=9.0915, c=0.999311, this 1.53s, total 351.21s
(T) | Epoch=229, loss=9.0993, c=0.999309, this 1.54s, total 352.74s
(T) | Epoch=230, loss=9.1113, c=0.999307, this 1.54s, total 354.28s
(T) | Epoch=231, loss=9.1500, c=0.999305, this 1.53s, total 355.81s
(T) | Epoch=232, loss=9.0969, c=0.999305, this 1.53s, total 357.35s
(T) | Epoch=233, loss=9.0782, c=0.999305, this 1.54s, total 358.88s
(T) | Epoch=234, loss=9.0992, c=0.999306, this 1.53s, total 360.41s
(T) | Epoch=235, loss=9.0941, c=0.999306, this 1.54s, total 361.95s
(T) | Epoch=236, loss=9.0921, c=0.999306, this 1.54s, total 363.49s
(T) | Epoch=237, loss=9.0904, c=0.999304, this 1.54s, total 365.02s
(T) | Epoch=238, loss=9.0879, c=0.999302, this 1.54s, total 366.56s
(T) | Epoch=239, loss=9.1080, c=0.999300, this 1.54s, total 368.09s
(T) | Epoch=240, loss=9.0925, c=0.999298, this 1.53s, total 369.63s
(T) | Epoch=241, loss=9.1005, c=0.999297, this 1.53s, total 371.16s
(T) | Epoch=242, loss=9.0982, c=0.999297, this 1.54s, total 372.70s
(T) | Epoch=243, loss=9.0964, c=0.999297, this 1.53s, total 374.23s
(T) | Epoch=244, loss=9.0564, c=0.999297, this 1.54s, total 375.77s
+++ model saved ! ./pre_trained_gnn/PubMed.GRACE.GAT.curv_1p0000.hyp_True.False.pth
(T) | Epoch=245, loss=9.0823, c=0.999296, this 1.54s, total 377.31s
(T) | Epoch=246, loss=9.0730, c=0.999294, this 1.53s, total 378.84s
(T) | Epoch=247, loss=9.0765, c=0.999291, this 1.53s, total 380.38s
(T) | Epoch=248, loss=9.0779, c=0.999289, this 1.54s, total 381.91s
(T) | Epoch=249, loss=9.0659, c=0.999287, this 1.54s, total 383.45s
(T) | Epoch=250, loss=9.0833, c=0.999287, this 1.54s, total 384.99s
(T) | Epoch=251, loss=9.0699, c=0.999286, this 1.54s, total 386.52s
(T) | Epoch=252, loss=9.0812, c=0.999286, this 1.54s, total 388.06s
(T) | Epoch=253, loss=9.0881, c=0.999285, this 1.53s, total 389.59s
(T) | Epoch=254, loss=9.0622, c=0.999284, this 1.53s, total 391.12s
(T) | Epoch=255, loss=9.0641, c=0.999283, this 1.54s, total 392.66s
(T) | Epoch=256, loss=9.0866, c=0.999283, this 1.53s, total 394.19s
(T) | Epoch=257, loss=9.0569, c=0.999282, this 1.53s, total 395.73s
(T) | Epoch=258, loss=9.0696, c=0.999281, this 1.53s, total 397.26s
(T) | Epoch=259, loss=9.0882, c=0.999280, this 1.53s, total 398.80s
(T) | Epoch=260, loss=9.0963, c=0.999278, this 1.53s, total 400.33s
(T) | Epoch=261, loss=9.0479, c=0.999277, this 1.53s, total 401.86s
+++ model saved ! ./pre_trained_gnn/PubMed.GRACE.GAT.curv_1p0000.hyp_True.False.pth
(T) | Epoch=262, loss=9.0939, c=0.999276, this 1.54s, total 403.41s
(T) | Epoch=263, loss=9.0855, c=0.999274, this 1.53s, total 404.94s
(T) | Epoch=264, loss=9.0793, c=0.999273, this 1.53s, total 406.48s
(T) | Epoch=265, loss=9.0807, c=0.999273, this 1.53s, total 408.01s
(T) | Epoch=266, loss=9.0634, c=0.999273, this 1.53s, total 409.54s
(T) | Epoch=267, loss=9.0569, c=0.999274, this 1.53s, total 411.08s
(T) | Epoch=268, loss=9.0683, c=0.999273, this 1.53s, total 412.61s
(T) | Epoch=269, loss=9.0548, c=0.999272, this 1.53s, total 414.15s
(T) | Epoch=270, loss=9.0861, c=0.999270, this 1.53s, total 415.68s
(T) | Epoch=271, loss=9.0626, c=0.999269, this 1.53s, total 417.21s
(T) | Epoch=272, loss=9.0676, c=0.999267, this 1.54s, total 418.75s
(T) | Epoch=273, loss=9.0632, c=0.999265, this 1.53s, total 420.28s
(T) | Epoch=274, loss=9.0633, c=0.999265, this 1.53s, total 421.82s
(T) | Epoch=275, loss=9.0512, c=0.999265, this 1.53s, total 423.35s
(T) | Epoch=276, loss=9.0426, c=0.999264, this 1.53s, total 424.88s
+++ model saved ! ./pre_trained_gnn/PubMed.GRACE.GAT.curv_1p0000.hyp_True.False.pth
(T) | Epoch=277, loss=9.0558, c=0.999264, this 1.54s, total 426.42s
(T) | Epoch=278, loss=9.0579, c=0.999263, this 1.53s, total 427.96s
(T) | Epoch=279, loss=9.0531, c=0.999262, this 1.53s, total 429.49s
(T) | Epoch=280, loss=9.0668, c=0.999261, this 1.53s, total 431.03s
(T) | Epoch=281, loss=9.0480, c=0.999260, this 1.54s, total 432.56s
(T) | Epoch=282, loss=9.0714, c=0.999259, this 1.53s, total 434.09s
(T) | Epoch=283, loss=9.0853, c=0.999259, this 1.53s, total 435.63s
(T) | Epoch=284, loss=9.0568, c=0.999259, this 1.53s, total 437.16s
(T) | Epoch=285, loss=9.0307, c=0.999259, this 1.53s, total 438.70s
+++ model saved ! ./pre_trained_gnn/PubMed.GRACE.GAT.curv_1p0000.hyp_True.False.pth
(T) | Epoch=286, loss=9.0680, c=0.999258, this 1.54s, total 440.24s
(T) | Epoch=287, loss=9.0447, c=0.999258, this 1.53s, total 441.77s
(T) | Epoch=288, loss=9.0672, c=0.999257, this 1.53s, total 443.30s
(T) | Epoch=289, loss=9.0553, c=0.999256, this 1.53s, total 444.84s
(T) | Epoch=290, loss=9.0491, c=0.999256, this 1.53s, total 446.37s
(T) | Epoch=291, loss=9.0684, c=0.999255, this 1.53s, total 447.90s
(T) | Epoch=292, loss=9.0774, c=0.999256, this 1.54s, total 449.44s
(T) | Epoch=293, loss=9.0456, c=0.999256, this 1.53s, total 450.97s
(T) | Epoch=294, loss=9.0585, c=0.999255, this 1.53s, total 452.51s
(T) | Epoch=295, loss=9.0640, c=0.999255, this 1.53s, total 454.04s
(T) | Epoch=296, loss=9.0578, c=0.999255, this 1.54s, total 455.58s
(T) | Epoch=297, loss=9.0382, c=0.999254, this 1.54s, total 457.11s
(T) | Epoch=298, loss=9.0521, c=0.999253, this 1.54s, total 458.65s
(T) | Epoch=299, loss=9.0421, c=0.999252, this 1.53s, total 460.18s
(T) | Epoch=300, loss=9.0438, c=0.999252, this 1.53s, total 461.72s
(T) | Epoch=301, loss=9.0606, c=0.999252, this 1.53s, total 463.25s
(T) | Epoch=302, loss=9.0514, c=0.999253, this 1.53s, total 464.79s
(T) | Epoch=303, loss=9.0734, c=0.999252, this 1.53s, total 466.32s
(T) | Epoch=304, loss=9.0565, c=0.999251, this 1.53s, total 467.86s
(T) | Epoch=305, loss=9.0512, c=0.999250, this 1.53s, total 469.39s
(T) | Epoch=306, loss=9.0487, c=0.999250, this 1.53s, total 470.92s
(T) | Epoch=307, loss=9.0502, c=0.999249, this 1.53s, total 472.45s
(T) | Epoch=308, loss=9.0623, c=0.999249, this 1.54s, total 473.99s
(T) | Epoch=309, loss=9.0446, c=0.999248, this 1.53s, total 475.53s
(T) | Epoch=310, loss=9.0544, c=0.999248, this 1.54s, total 477.06s
(T) | Epoch=311, loss=9.0253, c=0.999247, this 1.54s, total 478.60s
+++ model saved ! ./pre_trained_gnn/PubMed.GRACE.GAT.curv_1p0000.hyp_True.False.pth
(T) | Epoch=312, loss=9.0633, c=0.999247, this 1.54s, total 480.14s
(T) | Epoch=313, loss=9.0471, c=0.999246, this 1.53s, total 481.67s
(T) | Epoch=314, loss=9.0380, c=0.999246, this 1.53s, total 483.21s
(T) | Epoch=315, loss=9.0423, c=0.999246, this 1.53s, total 484.74s
(T) | Epoch=316, loss=9.0420, c=0.999245, this 1.53s, total 486.28s
(T) | Epoch=317, loss=9.0798, c=0.999244, this 1.54s, total 487.81s
(T) | Epoch=318, loss=9.0692, c=0.999242, this 1.54s, total 489.35s
(T) | Epoch=319, loss=9.0460, c=0.999241, this 1.54s, total 490.88s
(T) | Epoch=320, loss=9.0572, c=0.999241, this 1.53s, total 492.42s
(T) | Epoch=321, loss=9.0560, c=0.999241, this 1.53s, total 493.95s
(T) | Epoch=322, loss=9.0596, c=0.999241, this 1.54s, total 495.49s
(T) | Epoch=323, loss=9.0437, c=0.999241, this 1.53s, total 497.02s
(T) | Epoch=324, loss=9.0303, c=0.999241, this 1.54s, total 498.56s
(T) | Epoch=325, loss=9.0539, c=0.999240, this 1.53s, total 500.09s
(T) | Epoch=326, loss=9.0615, c=0.999239, this 1.53s, total 501.63s
(T) | Epoch=327, loss=9.0364, c=0.999238, this 1.54s, total 503.16s
(T) | Epoch=328, loss=9.0333, c=0.999237, this 1.53s, total 504.69s
(T) | Epoch=329, loss=9.0465, c=0.999237, this 1.53s, total 506.23s
(T) | Epoch=330, loss=9.0740, c=0.999236, this 1.53s, total 507.76s
(T) | Epoch=331, loss=9.0461, c=0.999236, this 1.53s, total 509.30s
(T) | Epoch=332, loss=9.0369, c=0.999236, this 1.53s, total 510.83s
(T) | Epoch=333, loss=9.0298, c=0.999235, this 1.53s, total 512.37s
(T) | Epoch=334, loss=9.0509, c=0.999235, this 1.53s, total 513.90s
(T) | Epoch=335, loss=9.0462, c=0.999234, this 1.53s, total 515.43s
(T) | Epoch=336, loss=9.0372, c=0.999234, this 1.53s, total 516.97s
(T) | Epoch=337, loss=9.0497, c=0.999233, this 1.53s, total 518.50s
(T) | Epoch=338, loss=9.0414, c=0.999232, this 1.53s, total 520.04s
(T) | Epoch=339, loss=9.0410, c=0.999232, this 1.53s, total 521.57s
(T) | Epoch=340, loss=9.0540, c=0.999232, this 1.53s, total 523.11s
(T) | Epoch=341, loss=9.0526, c=0.999232, this 1.53s, total 524.64s
(T) | Epoch=342, loss=9.0241, c=0.999233, this 1.54s, total 526.18s
+++ model saved ! ./pre_trained_gnn/PubMed.GRACE.GAT.curv_1p0000.hyp_True.False.pth
(T) | Epoch=343, loss=9.0376, c=0.999232, this 1.54s, total 527.72s
(T) | Epoch=344, loss=9.0653, c=0.999231, this 1.54s, total 529.25s
(T) | Epoch=345, loss=9.0303, c=0.999229, this 1.53s, total 530.79s
(T) | Epoch=346, loss=9.0559, c=0.999227, this 1.53s, total 532.32s
(T) | Epoch=347, loss=9.0282, c=0.999226, this 1.53s, total 533.85s
(T) | Epoch=348, loss=9.0318, c=0.999225, this 1.53s, total 535.39s
(T) | Epoch=349, loss=9.0326, c=0.999225, this 1.53s, total 536.92s
(T) | Epoch=350, loss=9.0373, c=0.999224, this 1.53s, total 538.45s
(T) | Epoch=351, loss=9.0754, c=0.999224, this 1.53s, total 539.99s
(T) | Epoch=352, loss=9.0413, c=0.999222, this 1.54s, total 541.53s
(T) | Epoch=353, loss=9.0376, c=0.999221, this 1.54s, total 543.06s
(T) | Epoch=354, loss=9.0413, c=0.999221, this 1.53s, total 544.59s
(T) | Epoch=355, loss=9.0383, c=0.999221, this 1.54s, total 546.13s
(T) | Epoch=356, loss=9.0488, c=0.999220, this 1.53s, total 547.66s
(T) | Epoch=357, loss=9.0297, c=0.999218, this 1.53s, total 549.20s
(T) | Epoch=358, loss=9.0525, c=0.999217, this 1.53s, total 550.73s
(T) | Epoch=359, loss=9.0288, c=0.999216, this 1.53s, total 552.27s
(T) | Epoch=360, loss=9.0369, c=0.999216, this 1.53s, total 553.80s
(T) | Epoch=361, loss=9.0238, c=0.999215, this 1.53s, total 555.34s
+++ model saved ! ./pre_trained_gnn/PubMed.GRACE.GAT.curv_1p0000.hyp_True.False.pth
(T) | Epoch=362, loss=9.0442, c=0.999215, this 1.54s, total 556.88s
(T) | Epoch=363, loss=9.0359, c=0.999215, this 1.54s, total 558.42s
(T) | Epoch=364, loss=9.0228, c=0.999214, this 1.53s, total 559.95s
+++ model saved ! ./pre_trained_gnn/PubMed.GRACE.GAT.curv_1p0000.hyp_True.False.pth
(T) | Epoch=365, loss=9.0417, c=0.999213, this 1.54s, total 561.49s
(T) | Epoch=366, loss=9.0259, c=0.999212, this 1.54s, total 563.03s
(T) | Epoch=367, loss=9.0293, c=0.999211, this 1.54s, total 564.56s
(T) | Epoch=368, loss=9.0102, c=0.999210, this 1.53s, total 566.10s
+++ model saved ! ./pre_trained_gnn/PubMed.GRACE.GAT.curv_1p0000.hyp_True.False.pth
(T) | Epoch=369, loss=9.0242, c=0.999210, this 1.54s, total 567.64s
(T) | Epoch=370, loss=9.0439, c=0.999209, this 1.53s, total 569.17s
(T) | Epoch=371, loss=9.0195, c=0.999209, this 1.54s, total 570.71s
(T) | Epoch=372, loss=9.0267, c=0.999209, this 1.54s, total 572.24s
(T) | Epoch=373, loss=9.0485, c=0.999209, this 1.54s, total 573.78s
(T) | Epoch=374, loss=9.0344, c=0.999209, this 1.54s, total 575.32s
(T) | Epoch=375, loss=9.0439, c=0.999208, this 1.54s, total 576.86s
(T) | Epoch=376, loss=9.0371, c=0.999208, this 1.54s, total 578.40s
(T) | Epoch=377, loss=9.0397, c=0.999207, this 1.53s, total 579.93s
(T) | Epoch=378, loss=9.0320, c=0.999207, this 1.53s, total 581.46s
(T) | Epoch=379, loss=9.0274, c=0.999207, this 1.53s, total 583.00s
(T) | Epoch=380, loss=9.0489, c=0.999207, this 1.53s, total 584.53s
(T) | Epoch=381, loss=9.0191, c=0.999206, this 1.54s, total 586.07s
(T) | Epoch=382, loss=9.0431, c=0.999206, this 1.53s, total 587.60s
(T) | Epoch=383, loss=9.0374, c=0.999205, this 1.53s, total 589.14s
(T) | Epoch=384, loss=9.0295, c=0.999204, this 1.54s, total 590.67s
(T) | Epoch=385, loss=9.0296, c=0.999203, this 1.53s, total 592.20s
(T) | Epoch=386, loss=9.0167, c=0.999202, this 1.55s, total 593.76s
(T) | Epoch=387, loss=9.0476, c=0.999203, this 1.53s, total 595.29s
(T) | Epoch=388, loss=9.0279, c=0.999203, this 1.53s, total 596.82s
(T) | Epoch=389, loss=9.0274, c=0.999202, this 1.53s, total 598.36s
(T) | Epoch=390, loss=9.0506, c=0.999201, this 1.54s, total 599.89s
(T) | Epoch=391, loss=9.0416, c=0.999199, this 1.53s, total 601.43s
(T) | Epoch=392, loss=9.0377, c=0.999198, this 1.53s, total 602.96s
(T) | Epoch=393, loss=9.0326, c=0.999197, this 1.53s, total 604.50s
(T) | Epoch=394, loss=9.0264, c=0.999198, this 1.53s, total 606.03s
(T) | Epoch=395, loss=9.0254, c=0.999199, this 1.54s, total 607.57s
(T) | Epoch=396, loss=9.0151, c=0.999200, this 1.53s, total 609.10s
(T) | Epoch=397, loss=9.0322, c=0.999200, this 1.53s, total 610.63s
(T) | Epoch=398, loss=9.0105, c=0.999200, this 1.53s, total 612.17s
(T) | Epoch=399, loss=9.0183, c=0.999200, this 1.53s, total 613.70s
(T) | Epoch=400, loss=9.0291, c=0.999198, this 1.53s, total 615.24s
(T) | Epoch=401, loss=9.0319, c=0.999197, this 1.53s, total 616.77s
(T) | Epoch=402, loss=9.0335, c=0.999195, this 1.53s, total 618.31s
(T) | Epoch=403, loss=9.0375, c=0.999194, this 1.53s, total 619.84s
(T) | Epoch=404, loss=9.0236, c=0.999194, this 1.53s, total 621.37s
(T) | Epoch=405, loss=9.0369, c=0.999194, this 1.54s, total 622.92s
(T) | Epoch=406, loss=9.0176, c=0.999194, this 1.53s, total 624.45s
(T) | Epoch=407, loss=9.0429, c=0.999194, this 1.54s, total 625.99s
(T) | Epoch=408, loss=9.0141, c=0.999195, this 1.54s, total 627.52s
(T) | Epoch=409, loss=9.0388, c=0.999196, this 1.55s, total 629.07s
(T) | Epoch=410, loss=9.0538, c=0.999195, this 1.53s, total 630.60s
(T) | Epoch=411, loss=9.0192, c=0.999194, this 1.53s, total 632.14s
(T) | Epoch=412, loss=9.0236, c=0.999193, this 1.53s, total 633.67s
(T) | Epoch=413, loss=9.0367, c=0.999191, this 1.54s, total 635.21s
(T) | Epoch=414, loss=9.0562, c=0.999189, this 1.53s, total 636.74s
(T) | Epoch=415, loss=9.0157, c=0.999189, this 1.53s, total 638.27s
(T) | Epoch=416, loss=9.0307, c=0.999189, this 1.53s, total 639.81s
(T) | Epoch=417, loss=9.0251, c=0.999189, this 1.53s, total 641.34s
(T) | Epoch=418, loss=9.0004, c=0.999189, this 1.53s, total 642.88s
+++ model saved ! ./pre_trained_gnn/PubMed.GRACE.GAT.curv_1p0000.hyp_True.False.pth
(T) | Epoch=419, loss=9.0129, c=0.999190, this 1.54s, total 644.42s
(T) | Epoch=420, loss=9.0382, c=0.999189, this 1.53s, total 645.95s
(T) | Epoch=421, loss=9.0346, c=0.999188, this 1.53s, total 647.49s
(T) | Epoch=422, loss=9.0236, c=0.999187, this 1.53s, total 649.02s
(T) | Epoch=423, loss=9.0312, c=0.999186, this 1.53s, total 650.55s
(T) | Epoch=424, loss=9.0085, c=0.999185, this 1.55s, total 652.10s
(T) | Epoch=425, loss=9.0257, c=0.999184, this 1.54s, total 653.64s
(T) | Epoch=426, loss=9.0337, c=0.999185, this 1.53s, total 655.17s
(T) | Epoch=427, loss=9.0263, c=0.999185, this 1.54s, total 656.71s
(T) | Epoch=428, loss=9.0232, c=0.999186, this 1.53s, total 658.24s
(T) | Epoch=429, loss=9.0292, c=0.999185, this 1.53s, total 659.78s
(T) | Epoch=430, loss=9.0247, c=0.999184, this 1.53s, total 661.31s
(T) | Epoch=431, loss=9.0374, c=0.999183, this 1.53s, total 662.85s
(T) | Epoch=432, loss=9.0031, c=0.999181, this 1.54s, total 664.38s
(T) | Epoch=433, loss=9.0172, c=0.999180, this 1.53s, total 665.92s
(T) | Epoch=434, loss=9.0111, c=0.999179, this 1.53s, total 667.45s
(T) | Epoch=435, loss=9.0494, c=0.999179, this 1.53s, total 668.99s
(T) | Epoch=436, loss=9.0411, c=0.999179, this 1.53s, total 670.52s
(T) | Epoch=437, loss=9.0208, c=0.999179, this 1.53s, total 672.05s
(T) | Epoch=438, loss=9.0372, c=0.999179, this 1.53s, total 673.59s
(T) | Epoch=439, loss=9.0167, c=0.999178, this 1.53s, total 675.12s
(T) | Epoch=440, loss=9.0247, c=0.999177, this 1.54s, total 676.66s
(T) | Epoch=441, loss=8.9984, c=0.999176, this 1.53s, total 678.19s
+++ model saved ! ./pre_trained_gnn/PubMed.GRACE.GAT.curv_1p0000.hyp_True.False.pth
(T) | Epoch=442, loss=9.0072, c=0.999175, this 1.54s, total 679.73s
(T) | Epoch=443, loss=9.0253, c=0.999176, this 1.53s, total 681.27s
(T) | Epoch=444, loss=9.0359, c=0.999176, this 1.53s, total 682.80s
(T) | Epoch=445, loss=9.0216, c=0.999177, this 1.53s, total 684.33s
(T) | Epoch=446, loss=9.0348, c=0.999176, this 1.54s, total 685.87s
(T) | Epoch=447, loss=9.0220, c=0.999175, this 1.53s, total 687.40s
(T) | Epoch=448, loss=9.0154, c=0.999175, this 1.53s, total 688.93s
(T) | Epoch=449, loss=9.0344, c=0.999173, this 1.54s, total 690.47s
(T) | Epoch=450, loss=9.0315, c=0.999172, this 1.54s, total 692.00s
(T) | Epoch=451, loss=9.0105, c=0.999172, this 1.54s, total 693.54s
(T) | Epoch=452, loss=9.0078, c=0.999171, this 1.53s, total 695.07s
(T) | Epoch=453, loss=9.0248, c=0.999171, this 1.53s, total 696.61s
(T) | Epoch=454, loss=9.0220, c=0.999172, this 1.54s, total 698.15s
(T) | Epoch=455, loss=9.0026, c=0.999172, this 1.53s, total 699.68s
(T) | Epoch=456, loss=8.9990, c=0.999172, this 1.53s, total 701.21s
(T) | Epoch=457, loss=9.0378, c=0.999171, this 1.54s, total 702.75s
(T) | Epoch=458, loss=9.0163, c=0.999171, this 1.53s, total 704.28s
(T) | Epoch=459, loss=9.0212, c=0.999170, this 1.54s, total 705.82s
(T) | Epoch=460, loss=9.0187, c=0.999169, this 1.54s, total 707.35s
(T) | Epoch=461, loss=9.0267, c=0.999168, this 1.54s, total 708.89s
(T) | Epoch=462, loss=8.9998, c=0.999168, this 1.54s, total 710.43s
(T) | Epoch=463, loss=9.0017, c=0.999168, this 1.54s, total 711.96s
(T) | Epoch=464, loss=9.0162, c=0.999168, this 1.54s, total 713.50s
(T) | Epoch=465, loss=9.0204, c=0.999169, this 1.53s, total 715.03s
(T) | Epoch=466, loss=9.0080, c=0.999169, this 1.53s, total 716.57s
(T) | Epoch=467, loss=9.0110, c=0.999168, this 1.54s, total 718.10s
(T) | Epoch=468, loss=9.0215, c=0.999167, this 1.53s, total 719.64s
(T) | Epoch=469, loss=9.0125, c=0.999166, this 1.53s, total 721.17s
(T) | Epoch=470, loss=9.0239, c=0.999165, this 1.54s, total 722.71s
(T) | Epoch=471, loss=9.0016, c=0.999163, this 1.53s, total 724.24s
(T) | Epoch=472, loss=9.0103, c=0.999162, this 1.53s, total 725.78s
(T) | Epoch=473, loss=9.0330, c=0.999162, this 1.53s, total 727.31s
(T) | Epoch=474, loss=9.0242, c=0.999162, this 1.54s, total 728.85s
(T) | Epoch=475, loss=9.0204, c=0.999163, this 1.54s, total 730.38s
(T) | Epoch=476, loss=9.0190, c=0.999164, this 1.53s, total 731.92s
(T) | Epoch=477, loss=9.0345, c=0.999164, this 1.53s, total 733.45s
(T) | Epoch=478, loss=9.0237, c=0.999164, this 1.54s, total 734.99s
(T) | Epoch=479, loss=9.0284, c=0.999163, this 1.54s, total 736.53s
(T) | Epoch=480, loss=9.0229, c=0.999162, this 1.54s, total 738.06s
(T) | Epoch=481, loss=9.0224, c=0.999161, this 1.53s, total 739.59s
(T) | Epoch=482, loss=9.0031, c=0.999160, this 1.53s, total 741.13s
(T) | Epoch=483, loss=9.0104, c=0.999160, this 1.53s, total 742.66s
(T) | Epoch=484, loss=9.0351, c=0.999160, this 1.54s, total 744.20s
(T) | Epoch=485, loss=9.0139, c=0.999160, this 1.54s, total 745.74s
(T) | Epoch=486, loss=9.0039, c=0.999160, this 1.53s, total 747.27s
(T) | Epoch=487, loss=9.0219, c=0.999159, this 1.54s, total 748.80s
(T) | Epoch=488, loss=9.0434, c=0.999158, this 1.53s, total 750.34s
(T) | Epoch=489, loss=9.0427, c=0.999157, this 1.54s, total 751.87s
(T) | Epoch=490, loss=8.9999, c=0.999156, this 1.54s, total 753.41s
(T) | Epoch=491, loss=9.0040, c=0.999156, this 1.54s, total 754.95s
(T) | Epoch=492, loss=9.0090, c=0.999155, this 1.54s, total 756.48s
(T) | Epoch=493, loss=8.9957, c=0.999155, this 1.53s, total 758.02s
+++ model saved ! ./pre_trained_gnn/PubMed.GRACE.GAT.curv_1p0000.hyp_True.False.pth
(T) | Epoch=494, loss=9.0041, c=0.999155, this 1.54s, total 759.56s
(T) | Epoch=495, loss=9.0124, c=0.999155, this 1.53s, total 761.09s
(T) | Epoch=496, loss=9.0058, c=0.999155, this 1.54s, total 762.63s
(T) | Epoch=497, loss=9.0136, c=0.999154, this 1.53s, total 764.16s
(T) | Epoch=498, loss=9.0121, c=0.999153, this 1.55s, total 765.71s
(T) | Epoch=499, loss=9.0259, c=0.999152, this 1.54s, total 767.25s
(T) | Epoch=500, loss=9.0129, c=0.999151, this 1.54s, total 768.79s
(T) | Epoch=501, loss=9.0083, c=0.999150, this 1.53s, total 770.32s
(T) | Epoch=502, loss=8.9992, c=0.999150, this 1.53s, total 771.85s
(T) | Epoch=503, loss=9.0197, c=0.999149, this 1.53s, total 773.39s
(T) | Epoch=504, loss=9.0096, c=0.999149, this 1.53s, total 774.92s
(T) | Epoch=505, loss=9.0152, c=0.999149, this 1.53s, total 776.46s
(T) | Epoch=506, loss=9.0086, c=0.999150, this 1.53s, total 777.99s
(T) | Epoch=507, loss=9.0140, c=0.999150, this 1.53s, total 779.53s
(T) | Epoch=508, loss=9.0076, c=0.999150, this 1.54s, total 781.06s
(T) | Epoch=509, loss=9.0414, c=0.999149, this 1.53s, total 782.60s
(T) | Epoch=510, loss=9.0155, c=0.999147, this 1.53s, total 784.13s
(T) | Epoch=511, loss=9.0102, c=0.999146, this 1.53s, total 785.66s
(T) | Epoch=512, loss=8.9941, c=0.999145, this 1.53s, total 787.20s
+++ model saved ! ./pre_trained_gnn/PubMed.GRACE.GAT.curv_1p0000.hyp_True.False.pth
(T) | Epoch=513, loss=8.9960, c=0.999145, this 1.54s, total 788.74s
(T) | Epoch=514, loss=9.0280, c=0.999144, this 1.53s, total 790.27s
(T) | Epoch=515, loss=9.0383, c=0.999144, this 1.53s, total 791.81s
(T) | Epoch=516, loss=9.0412, c=0.999144, this 1.53s, total 793.34s
(T) | Epoch=517, loss=9.0214, c=0.999143, this 1.53s, total 794.88s
(T) | Epoch=518, loss=9.0083, c=0.999143, this 1.54s, total 796.41s
(T) | Epoch=519, loss=8.9923, c=0.999143, this 1.54s, total 797.95s
+++ model saved ! ./pre_trained_gnn/PubMed.GRACE.GAT.curv_1p0000.hyp_True.False.pth
(T) | Epoch=520, loss=9.0088, c=0.999143, this 1.54s, total 799.49s
(T) | Epoch=521, loss=8.9916, c=0.999144, this 1.54s, total 801.02s
+++ model saved ! ./pre_trained_gnn/PubMed.GRACE.GAT.curv_1p0000.hyp_True.False.pth
(T) | Epoch=522, loss=9.0331, c=0.999144, this 1.54s, total 802.56s
(T) | Epoch=523, loss=8.9935, c=0.999143, this 1.54s, total 804.10s
(T) | Epoch=524, loss=9.0216, c=0.999142, this 1.54s, total 805.64s
(T) | Epoch=525, loss=9.0154, c=0.999140, this 1.54s, total 807.17s
(T) | Epoch=526, loss=9.0237, c=0.999139, this 1.54s, total 808.71s
(T) | Epoch=527, loss=9.0175, c=0.999139, this 1.53s, total 810.24s
(T) | Epoch=528, loss=9.0242, c=0.999139, this 1.54s, total 811.78s
(T) | Epoch=529, loss=9.0386, c=0.999139, this 1.53s, total 813.31s
(T) | Epoch=530, loss=9.0159, c=0.999139, this 1.54s, total 814.84s
(T) | Epoch=531, loss=9.0132, c=0.999139, this 1.53s, total 816.38s
(T) | Epoch=532, loss=8.9971, c=0.999138, this 1.54s, total 817.91s
(T) | Epoch=533, loss=8.9976, c=0.999137, this 1.53s, total 819.44s
(T) | Epoch=534, loss=9.0194, c=0.999136, this 1.53s, total 820.98s
(T) | Epoch=535, loss=9.0100, c=0.999135, this 1.54s, total 822.51s
(T) | Epoch=536, loss=9.0078, c=0.999135, this 1.54s, total 824.05s
(T) | Epoch=537, loss=9.0028, c=0.999135, this 1.53s, total 825.58s
(T) | Epoch=538, loss=8.9913, c=0.999134, this 1.54s, total 827.12s
+++ model saved ! ./pre_trained_gnn/PubMed.GRACE.GAT.curv_1p0000.hyp_True.False.pth
(T) | Epoch=539, loss=9.0163, c=0.999133, this 1.54s, total 828.66s
(T) | Epoch=540, loss=9.0154, c=0.999133, this 1.54s, total 830.20s
(T) | Epoch=541, loss=9.0166, c=0.999132, this 1.53s, total 831.73s
(T) | Epoch=542, loss=9.0080, c=0.999132, this 1.53s, total 833.27s
(T) | Epoch=543, loss=8.9864, c=0.999132, this 1.54s, total 834.80s
+++ model saved ! ./pre_trained_gnn/PubMed.GRACE.GAT.curv_1p0000.hyp_True.False.pth
(T) | Epoch=544, loss=9.0063, c=0.999133, this 1.54s, total 836.34s
(T) | Epoch=545, loss=9.0067, c=0.999133, this 1.53s, total 837.87s
(T) | Epoch=546, loss=9.0037, c=0.999133, this 1.53s, total 839.41s
(T) | Epoch=547, loss=9.0105, c=0.999132, this 1.53s, total 840.94s
(T) | Epoch=548, loss=9.0276, c=0.999130, this 1.53s, total 842.48s
(T) | Epoch=549, loss=9.0134, c=0.999130, this 1.53s, total 844.01s
(T) | Epoch=550, loss=9.0102, c=0.999129, this 1.53s, total 845.55s
(T) | Epoch=551, loss=9.0149, c=0.999128, this 1.53s, total 847.08s
(T) | Epoch=552, loss=9.0082, c=0.999128, this 1.53s, total 848.61s
(T) | Epoch=553, loss=9.0013, c=0.999127, this 1.54s, total 850.14s
(T) | Epoch=554, loss=9.0101, c=0.999127, this 1.53s, total 851.67s
(T) | Epoch=555, loss=9.0277, c=0.999126, this 1.53s, total 853.20s
(T) | Epoch=556, loss=9.0057, c=0.999126, this 1.53s, total 854.73s
(T) | Epoch=557, loss=9.0058, c=0.999125, this 1.53s, total 856.26s
(T) | Epoch=558, loss=9.0193, c=0.999125, this 1.53s, total 857.79s
(T) | Epoch=559, loss=9.0047, c=0.999125, this 1.53s, total 859.32s
(T) | Epoch=560, loss=8.9786, c=0.999125, this 1.53s, total 860.86s
+++ model saved ! ./pre_trained_gnn/PubMed.GRACE.GAT.curv_1p0000.hyp_True.False.pth
(T) | Epoch=561, loss=9.0214, c=0.999125, this 1.54s, total 862.40s
(T) | Epoch=562, loss=8.9846, c=0.999125, this 1.54s, total 863.94s
(T) | Epoch=563, loss=9.0098, c=0.999125, this 1.53s, total 865.46s
(T) | Epoch=564, loss=8.9963, c=0.999124, this 1.53s, total 867.00s
(T) | Epoch=565, loss=9.0016, c=0.999123, this 1.53s, total 868.53s
(T) | Epoch=566, loss=8.9990, c=0.999123, this 1.53s, total 870.06s
(T) | Epoch=567, loss=9.0120, c=0.999123, this 1.54s, total 871.60s
(T) | Epoch=568, loss=9.0077, c=0.999123, this 1.53s, total 873.13s
(T) | Epoch=569, loss=8.9751, c=0.999123, this 1.53s, total 874.66s
+++ model saved ! ./pre_trained_gnn/PubMed.GRACE.GAT.curv_1p0000.hyp_True.False.pth
(T) | Epoch=570, loss=9.0045, c=0.999122, this 1.54s, total 876.20s
(T) | Epoch=571, loss=9.0136, c=0.999121, this 1.53s, total 877.73s
(T) | Epoch=572, loss=9.0012, c=0.999120, this 1.53s, total 879.26s
(T) | Epoch=573, loss=9.0098, c=0.999120, this 1.53s, total 880.79s
(T) | Epoch=574, loss=9.0017, c=0.999119, this 1.53s, total 882.32s
(T) | Epoch=575, loss=8.9988, c=0.999118, this 1.53s, total 883.86s
(T) | Epoch=576, loss=9.0039, c=0.999119, this 1.53s, total 885.39s
(T) | Epoch=577, loss=9.0192, c=0.999120, this 1.53s, total 886.92s
(T) | Epoch=578, loss=9.0327, c=0.999122, this 1.53s, total 888.46s
(T) | Epoch=579, loss=9.0130, c=0.999122, this 1.53s, total 889.99s
(T) | Epoch=580, loss=9.0134, c=0.999122, this 1.53s, total 891.52s
(T) | Epoch=581, loss=8.9991, c=0.999120, this 1.53s, total 893.05s
(T) | Epoch=582, loss=9.0180, c=0.999118, this 1.53s, total 894.58s
(T) | Epoch=583, loss=9.0004, c=0.999115, this 1.53s, total 896.11s
(T) | Epoch=584, loss=8.9903, c=0.999112, this 1.53s, total 897.65s
(T) | Epoch=585, loss=9.0018, c=0.999110, this 1.53s, total 899.18s
(T) | Epoch=586, loss=9.0233, c=0.999110, this 1.53s, total 900.71s
(T) | Epoch=587, loss=9.0263, c=0.999110, this 1.53s, total 902.24s
(T) | Epoch=588, loss=9.0241, c=0.999112, this 1.53s, total 903.77s
(T) | Epoch=589, loss=9.0210, c=0.999113, this 1.53s, total 905.30s
(T) | Epoch=590, loss=9.0218, c=0.999113, this 1.53s, total 906.83s
(T) | Epoch=591, loss=9.0244, c=0.999111, this 1.53s, total 908.37s
(T) | Epoch=592, loss=9.0191, c=0.999108, this 1.53s, total 909.90s
(T) | Epoch=593, loss=9.0165, c=0.999106, this 1.53s, total 911.43s
(T) | Epoch=594, loss=8.9948, c=0.999104, this 1.53s, total 912.96s
(T) | Epoch=595, loss=9.0004, c=0.999103, this 1.53s, total 914.50s
(T) | Epoch=596, loss=9.0186, c=0.999102, this 1.53s, total 916.03s
(T) | Epoch=597, loss=8.9986, c=0.999102, this 1.53s, total 917.56s
(T) | Epoch=598, loss=9.0166, c=0.999102, this 1.53s, total 919.09s
(T) | Epoch=599, loss=9.0154, c=0.999102, this 1.53s, total 920.62s
(T) | Epoch=600, loss=9.0115, c=0.999101, this 1.53s, total 922.16s
(T) | Epoch=601, loss=9.0183, c=0.999100, this 1.53s, total 923.69s
(T) | Epoch=602, loss=9.0024, c=0.999099, this 1.53s, total 925.22s
(T) | Epoch=603, loss=8.9985, c=0.999097, this 1.53s, total 926.75s
(T) | Epoch=604, loss=9.0055, c=0.999095, this 1.53s, total 928.28s
(T) | Epoch=605, loss=8.9983, c=0.999094, this 1.53s, total 929.82s
(T) | Epoch=606, loss=9.0027, c=0.999094, this 1.53s, total 931.35s
(T) | Epoch=607, loss=8.9805, c=0.999094, this 1.53s, total 932.88s
(T) | Epoch=608, loss=8.9997, c=0.999095, this 1.53s, total 934.41s
(T) | Epoch=609, loss=8.9863, c=0.999095, this 1.53s, total 935.95s
(T) | Epoch=610, loss=8.9863, c=0.999095, this 1.53s, total 937.48s
(T) | Epoch=611, loss=9.0056, c=0.999094, this 1.53s, total 939.01s
(T) | Epoch=612, loss=9.0036, c=0.999092, this 1.54s, total 940.54s
(T) | Epoch=613, loss=8.9968, c=0.999091, this 1.53s, total 942.08s
(T) | Epoch=614, loss=8.9942, c=0.999090, this 1.53s, total 943.61s
(T) | Epoch=615, loss=9.0251, c=0.999089, this 1.53s, total 945.14s
(T) | Epoch=616, loss=8.9859, c=0.999089, this 1.53s, total 946.67s
(T) | Epoch=617, loss=8.9978, c=0.999088, this 1.53s, total 948.20s
(T) | Epoch=618, loss=8.9995, c=0.999088, this 1.53s, total 949.74s
(T) | Epoch=619, loss=8.9845, c=0.999088, this 1.53s, total 951.27s
(T) | Epoch=620, loss=8.9868, c=0.999088, this 1.53s, total 952.80s
(T) | Epoch=621, loss=8.9871, c=0.999087, this 1.53s, total 954.33s
(T) | Epoch=622, loss=8.9915, c=0.999087, this 1.53s, total 955.87s
(T) | Epoch=623, loss=8.9887, c=0.999087, this 1.53s, total 957.40s
(T) | Epoch=624, loss=8.9823, c=0.999087, this 1.53s, total 958.93s
(T) | Epoch=625, loss=8.9891, c=0.999086, this 1.53s, total 960.46s
(T) | Epoch=626, loss=9.0055, c=0.999086, this 1.53s, total 962.00s
(T) | Epoch=627, loss=9.0147, c=0.999085, this 1.53s, total 963.53s
(T) | Epoch=628, loss=8.9866, c=0.999084, this 1.53s, total 965.06s
(T) | Epoch=629, loss=9.0027, c=0.999084, this 1.53s, total 966.59s
(T) | Epoch=630, loss=9.0195, c=0.999083, this 1.53s, total 968.12s
(T) | Epoch=631, loss=9.0047, c=0.999082, this 1.53s, total 969.66s
(T) | Epoch=632, loss=9.0041, c=0.999082, this 1.53s, total 971.19s
(T) | Epoch=633, loss=8.9970, c=0.999081, this 1.53s, total 972.72s
(T) | Epoch=634, loss=9.0112, c=0.999081, this 1.53s, total 974.25s
(T) | Epoch=635, loss=8.9978, c=0.999082, this 1.53s, total 975.79s
(T) | Epoch=636, loss=8.9952, c=0.999082, this 1.53s, total 977.32s
(T) | Epoch=637, loss=9.0216, c=0.999082, this 1.53s, total 978.85s
(T) | Epoch=638, loss=8.9939, c=0.999082, this 1.53s, total 980.38s
(T) | Epoch=639, loss=8.9932, c=0.999081, this 1.53s, total 981.91s
(T) | Epoch=640, loss=8.9932, c=0.999081, this 1.53s, total 983.45s
(T) | Epoch=641, loss=9.0090, c=0.999081, this 1.53s, total 984.98s
(T) | Epoch=642, loss=8.9971, c=0.999081, this 1.53s, total 986.51s
(T) | Epoch=643, loss=8.9903, c=0.999080, this 1.53s, total 988.04s
(T) | Epoch=644, loss=8.9891, c=0.999079, this 1.53s, total 989.57s
(T) | Epoch=645, loss=8.9803, c=0.999079, this 1.53s, total 991.11s
(T) | Epoch=646, loss=8.9943, c=0.999078, this 1.53s, total 992.64s
(T) | Epoch=647, loss=9.0078, c=0.999077, this 1.53s, total 994.17s
(T) | Epoch=648, loss=9.0109, c=0.999076, this 1.53s, total 995.70s
(T) | Epoch=649, loss=8.9937, c=0.999076, this 1.53s, total 997.24s
(T) | Epoch=650, loss=9.0047, c=0.999076, this 1.53s, total 998.77s
(T) | Epoch=651, loss=8.9801, c=0.999077, this 1.53s, total 1000.30s
(T) | Epoch=652, loss=9.0185, c=0.999076, this 1.53s, total 1001.83s
(T) | Epoch=653, loss=9.0149, c=0.999076, this 1.53s, total 1003.36s
(T) | Epoch=654, loss=8.9997, c=0.999076, this 1.53s, total 1004.90s
(T) | Epoch=655, loss=8.9926, c=0.999074, this 1.53s, total 1006.43s
(T) | Epoch=656, loss=9.0151, c=0.999073, this 1.53s, total 1007.96s
(T) | Epoch=657, loss=9.0001, c=0.999071, this 1.53s, total 1009.49s
(T) | Epoch=658, loss=8.9904, c=0.999070, this 1.53s, total 1011.03s
(T) | Epoch=659, loss=9.0197, c=0.999070, this 1.53s, total 1012.56s
(T) | Epoch=660, loss=9.0113, c=0.999070, this 1.53s, total 1014.09s
(T) | Epoch=661, loss=8.9914, c=0.999070, this 1.53s, total 1015.62s
(T) | Epoch=662, loss=8.9961, c=0.999070, this 1.53s, total 1017.15s
(T) | Epoch=663, loss=8.9775, c=0.999070, this 1.53s, total 1018.69s
(T) | Epoch=664, loss=9.0083, c=0.999070, this 1.53s, total 1020.22s
(T) | Epoch=665, loss=8.9965, c=0.999069, this 1.53s, total 1021.75s
(T) | Epoch=666, loss=8.9954, c=0.999068, this 1.53s, total 1023.28s
(T) | Epoch=667, loss=8.9917, c=0.999066, this 1.53s, total 1024.81s
(T) | Epoch=668, loss=8.9880, c=0.999065, this 1.53s, total 1026.35s
(T) | Epoch=669, loss=8.9929, c=0.999064, this 1.53s, total 1027.88s
(T) | Epoch=670, loss=8.9893, c=0.999064, this 1.53s, total 1029.41s
(T) | Epoch=671, loss=8.9858, c=0.999065, this 1.53s, total 1030.94s
(T) | Epoch=672, loss=9.0027, c=0.999066, this 1.53s, total 1032.47s
(T) | Epoch=673, loss=8.9983, c=0.999066, this 1.53s, total 1034.01s
(T) | Epoch=674, loss=9.0028, c=0.999065, this 1.53s, total 1035.54s
(T) | Epoch=675, loss=8.9792, c=0.999065, this 1.53s, total 1037.07s
(T) | Epoch=676, loss=9.0018, c=0.999064, this 1.53s, total 1038.60s
(T) | Epoch=677, loss=8.9926, c=0.999062, this 1.53s, total 1040.14s
(T) | Epoch=678, loss=8.9886, c=0.999061, this 1.53s, total 1041.67s
(T) | Epoch=679, loss=9.0044, c=0.999059, this 1.53s, total 1043.20s
(T) | Epoch=680, loss=8.9996, c=0.999058, this 1.53s, total 1044.73s
(T) | Epoch=681, loss=8.9996, c=0.999058, this 1.53s, total 1046.26s
(T) | Epoch=682, loss=8.9936, c=0.999058, this 1.53s, total 1047.80s
(T) | Epoch=683, loss=8.9907, c=0.999058, this 1.53s, total 1049.33s
(T) | Epoch=684, loss=8.9926, c=0.999059, this 1.53s, total 1050.86s
(T) | Epoch=685, loss=8.9933, c=0.999059, this 1.53s, total 1052.39s
(T) | Epoch=686, loss=8.9821, c=0.999058, this 1.53s, total 1053.93s
(T) | Epoch=687, loss=9.0003, c=0.999057, this 1.53s, total 1055.46s
(T) | Epoch=688, loss=8.9752, c=0.999056, this 1.53s, total 1056.99s
(T) | Epoch=689, loss=9.0056, c=0.999055, this 1.53s, total 1058.52s
(T) | Epoch=690, loss=8.9998, c=0.999054, this 1.53s, total 1060.06s
(T) | Epoch=691, loss=9.0009, c=0.999054, this 1.53s, total 1061.59s
(T) | Epoch=692, loss=8.9908, c=0.999053, this 1.53s, total 1063.12s
(T) | Epoch=693, loss=8.9969, c=0.999053, this 1.53s, total 1064.65s
(T) | Epoch=694, loss=8.9899, c=0.999052, this 1.53s, total 1066.19s
(T) | Epoch=695, loss=8.9764, c=0.999052, this 1.53s, total 1067.72s
(T) | Epoch=696, loss=8.9905, c=0.999052, this 1.53s, total 1069.25s
(T) | Epoch=697, loss=8.9837, c=0.999051, this 1.53s, total 1070.78s
(T) | Epoch=698, loss=8.9895, c=0.999051, this 1.53s, total 1072.32s
(T) | Epoch=699, loss=8.9999, c=0.999051, this 1.53s, total 1073.85s
(T) | Epoch=700, loss=8.9829, c=0.999050, this 1.53s, total 1075.38s
(T) | Epoch=701, loss=9.0097, c=0.999050, this 1.53s, total 1076.91s
(T) | Epoch=702, loss=8.9808, c=0.999049, this 1.53s, total 1078.45s
(T) | Epoch=703, loss=8.9850, c=0.999049, this 1.53s, total 1079.98s
(T) | Epoch=704, loss=8.9788, c=0.999048, this 1.53s, total 1081.51s
(T) | Epoch=705, loss=9.0040, c=0.999047, this 1.53s, total 1083.04s
(T) | Epoch=706, loss=9.0046, c=0.999045, this 1.53s, total 1084.57s
(T) | Epoch=707, loss=8.9882, c=0.999044, this 1.53s, total 1086.11s
(T) | Epoch=708, loss=8.9991, c=0.999043, this 1.53s, total 1087.64s
(T) | Epoch=709, loss=8.9817, c=0.999043, this 1.53s, total 1089.17s
(T) | Epoch=710, loss=9.0134, c=0.999043, this 1.53s, total 1090.70s
(T) | Epoch=711, loss=9.0082, c=0.999044, this 1.53s, total 1092.24s
(T) | Epoch=712, loss=9.0071, c=0.999044, this 1.53s, total 1093.77s
(T) | Epoch=713, loss=8.9924, c=0.999044, this 1.53s, total 1095.30s
(T) | Epoch=714, loss=8.9926, c=0.999043, this 1.53s, total 1096.83s
(T) | Epoch=715, loss=8.9931, c=0.999042, this 1.53s, total 1098.37s
(T) | Epoch=716, loss=8.9867, c=0.999041, this 1.53s, total 1099.90s
(T) | Epoch=717, loss=8.9881, c=0.999040, this 1.53s, total 1101.43s
(T) | Epoch=718, loss=8.9913, c=0.999039, this 1.53s, total 1102.96s
(T) | Epoch=719, loss=8.9924, c=0.999038, this 1.53s, total 1104.50s
(T) | Epoch=720, loss=9.0275, c=0.999037, this 1.53s, total 1106.03s
(T) | Epoch=721, loss=8.9893, c=0.999036, this 1.53s, total 1107.56s
(T) | Epoch=722, loss=9.0208, c=0.999036, this 1.53s, total 1109.09s
(T) | Epoch=723, loss=8.9894, c=0.999037, this 1.53s, total 1110.62s
(T) | Epoch=724, loss=8.9936, c=0.999038, this 1.53s, total 1112.16s
(T) | Epoch=725, loss=8.9865, c=0.999039, this 1.53s, total 1113.69s
(T) | Epoch=726, loss=8.9948, c=0.999039, this 1.53s, total 1115.22s
(T) | Epoch=727, loss=9.0011, c=0.999038, this 1.53s, total 1116.75s
(T) | Epoch=728, loss=9.0018, c=0.999036, this 1.53s, total 1118.29s
(T) | Epoch=729, loss=9.0155, c=0.999033, this 1.53s, total 1119.82s
(T) | Epoch=730, loss=8.9847, c=0.999031, this 1.53s, total 1121.35s
(T) | Epoch=731, loss=8.9794, c=0.999029, this 1.53s, total 1122.88s
(T) | Epoch=732, loss=9.0138, c=0.999028, this 1.53s, total 1124.42s
(T) | Epoch=733, loss=9.0115, c=0.999028, this 1.53s, total 1125.95s
(T) | Epoch=734, loss=8.9817, c=0.999029, this 1.53s, total 1127.48s
(T) | Epoch=735, loss=8.9867, c=0.999030, this 1.53s, total 1129.01s
(T) | Epoch=736, loss=9.0060, c=0.999031, this 1.53s, total 1130.54s
(T) | Epoch=737, loss=8.9850, c=0.999030, this 1.53s, total 1132.08s
(T) | Epoch=738, loss=9.0101, c=0.999029, this 1.53s, total 1133.61s
(T) | Epoch=739, loss=9.0102, c=0.999027, this 1.53s, total 1135.14s
(T) | Epoch=740, loss=8.9972, c=0.999024, this 1.53s, total 1136.67s
(T) | Epoch=741, loss=8.9926, c=0.999022, this 1.53s, total 1138.21s
(T) | Epoch=742, loss=8.9889, c=0.999021, this 1.53s, total 1139.74s
(T) | Epoch=743, loss=8.9981, c=0.999020, this 1.53s, total 1141.27s
(T) | Epoch=744, loss=9.0065, c=0.999020, this 1.53s, total 1142.80s
(T) | Epoch=745, loss=9.0074, c=0.999020, this 1.53s, total 1144.34s
(T) | Epoch=746, loss=8.9911, c=0.999020, this 1.53s, total 1145.87s
(T) | Epoch=747, loss=9.0067, c=0.999021, this 1.53s, total 1147.40s
(T) | Epoch=748, loss=8.9722, c=0.999020, this 1.53s, total 1148.93s
+++ model saved ! ./pre_trained_gnn/PubMed.GRACE.GAT.curv_1p0000.hyp_True.False.pth
(T) | Epoch=749, loss=9.0184, c=0.999019, this 1.54s, total 1150.47s
(T) | Epoch=750, loss=9.0062, c=0.999018, this 1.53s, total 1152.00s
(T) | Epoch=751, loss=8.9881, c=0.999017, this 1.53s, total 1153.54s
(T) | Epoch=752, loss=9.0055, c=0.999015, this 1.53s, total 1155.07s
(T) | Epoch=753, loss=9.0114, c=0.999014, this 1.53s, total 1156.60s
(T) | Epoch=754, loss=8.9848, c=0.999013, this 1.53s, total 1158.13s
(T) | Epoch=755, loss=8.9943, c=0.999013, this 1.53s, total 1159.67s
(T) | Epoch=756, loss=8.9943, c=0.999013, this 1.53s, total 1161.20s
(T) | Epoch=757, loss=8.9949, c=0.999013, this 1.53s, total 1162.73s
(T) | Epoch=758, loss=8.9801, c=0.999013, this 1.53s, total 1164.26s
(T) | Epoch=759, loss=8.9813, c=0.999013, this 1.53s, total 1165.79s
(T) | Epoch=760, loss=9.0101, c=0.999012, this 1.53s, total 1167.33s
(T) | Epoch=761, loss=8.9851, c=0.999011, this 1.53s, total 1168.86s
(T) | Epoch=762, loss=8.9876, c=0.999010, this 1.53s, total 1170.39s
(T) | Epoch=763, loss=9.0068, c=0.999010, this 1.53s, total 1171.92s
(T) | Epoch=764, loss=9.0101, c=0.999009, this 1.53s, total 1173.46s
(T) | Epoch=765, loss=8.9913, c=0.999009, this 1.53s, total 1174.99s
(T) | Epoch=766, loss=8.9987, c=0.999008, this 1.53s, total 1176.52s
(T) | Epoch=767, loss=8.9720, c=0.999008, this 1.53s, total 1178.05s
+++ model saved ! ./pre_trained_gnn/PubMed.GRACE.GAT.curv_1p0000.hyp_True.False.pth
(T) | Epoch=768, loss=9.0029, c=0.999007, this 1.54s, total 1179.59s
(T) | Epoch=769, loss=8.9888, c=0.999007, this 1.53s, total 1181.12s
(T) | Epoch=770, loss=8.9933, c=0.999006, this 1.53s, total 1182.66s
(T) | Epoch=771, loss=8.9770, c=0.999005, this 1.53s, total 1184.19s
(T) | Epoch=772, loss=8.9858, c=0.999005, this 1.53s, total 1185.72s
(T) | Epoch=773, loss=8.9887, c=0.999004, this 1.53s, total 1187.25s
(T) | Epoch=774, loss=8.9863, c=0.999004, this 1.53s, total 1188.79s
(T) | Epoch=775, loss=8.9837, c=0.999003, this 1.53s, total 1190.32s
(T) | Epoch=776, loss=9.0052, c=0.999002, this 1.53s, total 1191.85s
(T) | Epoch=777, loss=8.9886, c=0.999002, this 1.53s, total 1193.38s
(T) | Epoch=778, loss=8.9843, c=0.999002, this 1.53s, total 1194.92s
(T) | Epoch=779, loss=8.9822, c=0.999001, this 1.53s, total 1196.45s
(T) | Epoch=780, loss=8.9873, c=0.999001, this 1.53s, total 1197.98s
(T) | Epoch=781, loss=8.9943, c=0.999001, this 1.53s, total 1199.51s
(T) | Epoch=782, loss=8.9708, c=0.999000, this 1.53s, total 1201.04s
+++ model saved ! ./pre_trained_gnn/PubMed.GRACE.GAT.curv_1p0000.hyp_True.False.pth
(T) | Epoch=783, loss=8.9950, c=0.998998, this 1.54s, total 1202.58s
(T) | Epoch=784, loss=8.9766, c=0.998998, this 1.53s, total 1204.11s
(T) | Epoch=785, loss=8.9651, c=0.998997, this 1.53s, total 1205.65s
+++ model saved ! ./pre_trained_gnn/PubMed.GRACE.GAT.curv_1p0000.hyp_True.False.pth
(T) | Epoch=786, loss=8.9843, c=0.998997, this 1.54s, total 1207.18s
(T) | Epoch=787, loss=8.9793, c=0.998996, this 1.53s, total 1208.72s
(T) | Epoch=788, loss=9.0109, c=0.998996, this 1.53s, total 1210.25s
(T) | Epoch=789, loss=8.9793, c=0.998995, this 1.53s, total 1211.78s
(T) | Epoch=790, loss=8.9807, c=0.998994, this 1.53s, total 1213.31s
(T) | Epoch=791, loss=8.9912, c=0.998993, this 1.53s, total 1214.85s
(T) | Epoch=792, loss=8.9915, c=0.998993, this 1.53s, total 1216.38s
(T) | Epoch=793, loss=8.9802, c=0.998992, this 1.53s, total 1217.91s
(T) | Epoch=794, loss=9.0035, c=0.998992, this 1.53s, total 1219.44s
(T) | Epoch=795, loss=8.9846, c=0.998992, this 1.53s, total 1220.97s
(T) | Epoch=796, loss=9.0077, c=0.998991, this 1.53s, total 1222.51s
(T) | Epoch=797, loss=8.9729, c=0.998991, this 1.53s, total 1224.04s
(T) | Epoch=798, loss=8.9901, c=0.998991, this 1.53s, total 1225.57s
(T) | Epoch=799, loss=8.9793, c=0.998990, this 1.53s, total 1227.10s
(T) | Epoch=800, loss=9.0044, c=0.998990, this 1.53s, total 1228.64s
(T) | Epoch=801, loss=8.9806, c=0.998989, this 1.53s, total 1230.17s
(T) | Epoch=802, loss=8.9849, c=0.998988, this 1.53s, total 1231.70s
(T) | Epoch=803, loss=8.9826, c=0.998987, this 1.53s, total 1233.23s
(T) | Epoch=804, loss=8.9590, c=0.998987, this 1.53s, total 1234.77s
+++ model saved ! ./pre_trained_gnn/PubMed.GRACE.GAT.curv_1p0000.hyp_True.False.pth
(T) | Epoch=805, loss=8.9885, c=0.998986, this 1.54s, total 1236.30s
(T) | Epoch=806, loss=9.0006, c=0.998986, this 1.53s, total 1237.84s
(T) | Epoch=807, loss=8.9862, c=0.998987, this 1.53s, total 1239.37s
(T) | Epoch=808, loss=8.9793, c=0.998987, this 1.53s, total 1240.90s
(T) | Epoch=809, loss=8.9749, c=0.998987, this 1.53s, total 1242.43s
(T) | Epoch=810, loss=8.9958, c=0.998987, this 1.53s, total 1243.96s
(T) | Epoch=811, loss=9.0093, c=0.998986, this 1.53s, total 1245.50s
(T) | Epoch=812, loss=8.9919, c=0.998984, this 1.53s, total 1247.03s
(T) | Epoch=813, loss=8.9734, c=0.998984, this 1.53s, total 1248.56s
(T) | Epoch=814, loss=8.9918, c=0.998983, this 1.53s, total 1250.09s
(T) | Epoch=815, loss=8.9957, c=0.998982, this 1.53s, total 1251.63s
(T) | Epoch=816, loss=8.9782, c=0.998982, this 1.53s, total 1253.16s
(T) | Epoch=817, loss=8.9956, c=0.998981, this 1.53s, total 1254.69s
(T) | Epoch=818, loss=8.9755, c=0.998981, this 1.53s, total 1256.22s
(T) | Epoch=819, loss=8.9834, c=0.998982, this 1.53s, total 1257.75s
(T) | Epoch=820, loss=8.9848, c=0.998982, this 1.53s, total 1259.29s
(T) | Epoch=821, loss=8.9900, c=0.998982, this 1.53s, total 1260.82s
(T) | Epoch=822, loss=8.9727, c=0.998982, this 1.53s, total 1262.35s
(T) | Epoch=823, loss=8.9900, c=0.998981, this 1.53s, total 1263.88s
(T) | Epoch=824, loss=8.9869, c=0.998979, this 1.53s, total 1265.42s
(T) | Epoch=825, loss=9.0032, c=0.998978, this 1.53s, total 1266.95s
(T) | Epoch=826, loss=8.9761, c=0.998977, this 1.53s, total 1268.48s
(T) | Epoch=827, loss=8.9797, c=0.998976, this 1.53s, total 1270.01s
(T) | Epoch=828, loss=8.9847, c=0.998976, this 1.53s, total 1271.55s
(T) | Epoch=829, loss=9.0080, c=0.998976, this 1.53s, total 1273.08s
(T) | Epoch=830, loss=8.9860, c=0.998976, this 1.53s, total 1274.61s
(T) | Epoch=831, loss=8.9753, c=0.998976, this 1.53s, total 1276.14s
(T) | Epoch=832, loss=8.9798, c=0.998976, this 1.53s, total 1277.67s
(T) | Epoch=833, loss=8.9804, c=0.998976, this 1.53s, total 1279.21s
(T) | Epoch=834, loss=9.0004, c=0.998975, this 1.53s, total 1280.74s
(T) | Epoch=835, loss=9.0141, c=0.998974, this 1.53s, total 1282.27s
(T) | Epoch=836, loss=9.0007, c=0.998973, this 1.53s, total 1283.80s
(T) | Epoch=837, loss=8.9682, c=0.998971, this 1.53s, total 1285.34s
(T) | Epoch=838, loss=8.9716, c=0.998969, this 1.53s, total 1286.87s
(T) | Epoch=839, loss=8.9703, c=0.998968, this 1.53s, total 1288.40s
(T) | Epoch=840, loss=8.9791, c=0.998968, this 1.53s, total 1289.93s
(T) | Epoch=841, loss=8.9903, c=0.998967, this 1.53s, total 1291.47s
(T) | Epoch=842, loss=8.9654, c=0.998967, this 1.53s, total 1293.00s
(T) | Epoch=843, loss=8.9706, c=0.998966, this 1.53s, total 1294.53s
(T) | Epoch=844, loss=8.9765, c=0.998966, this 1.53s, total 1296.06s
(T) | Epoch=845, loss=8.9863, c=0.998966, this 1.53s, total 1297.59s
(T) | Epoch=846, loss=8.9782, c=0.998966, this 1.53s, total 1299.12s
(T) | Epoch=847, loss=8.9771, c=0.998965, this 1.53s, total 1300.66s
(T) | Epoch=848, loss=8.9841, c=0.998964, this 1.53s, total 1302.19s
(T) | Epoch=849, loss=8.9970, c=0.998964, this 1.53s, total 1303.72s
(T) | Epoch=850, loss=8.9699, c=0.998963, this 1.53s, total 1305.25s
(T) | Epoch=851, loss=8.9895, c=0.998963, this 1.53s, total 1306.78s
(T) | Epoch=852, loss=8.9776, c=0.998962, this 1.53s, total 1308.32s
(T) | Epoch=853, loss=8.9785, c=0.998961, this 1.53s, total 1309.85s
(T) | Epoch=854, loss=8.9818, c=0.998960, this 1.53s, total 1311.38s
(T) | Epoch=855, loss=8.9817, c=0.998959, this 1.53s, total 1312.91s
(T) | Epoch=856, loss=8.9594, c=0.998959, this 1.53s, total 1314.45s
(T) | Epoch=857, loss=8.9846, c=0.998958, this 1.53s, total 1315.98s
(T) | Epoch=858, loss=8.9648, c=0.998958, this 1.53s, total 1317.51s
(T) | Epoch=859, loss=8.9767, c=0.998958, this 1.53s, total 1319.04s
(T) | Epoch=860, loss=8.9855, c=0.998957, this 1.53s, total 1320.57s
(T) | Epoch=861, loss=9.0033, c=0.998957, this 1.53s, total 1322.11s
(T) | Epoch=862, loss=8.9806, c=0.998957, this 1.53s, total 1323.64s
(T) | Epoch=863, loss=8.9762, c=0.998957, this 1.53s, total 1325.17s
(T) | Epoch=864, loss=8.9990, c=0.998956, this 1.53s, total 1326.70s
(T) | Epoch=865, loss=8.9981, c=0.998955, this 1.53s, total 1328.24s
(T) | Epoch=866, loss=8.9882, c=0.998954, this 1.53s, total 1329.77s
(T) | Epoch=867, loss=8.9821, c=0.998953, this 1.53s, total 1331.30s
(T) | Epoch=868, loss=8.9773, c=0.998952, this 1.53s, total 1332.83s
(T) | Epoch=869, loss=8.9733, c=0.998952, this 1.53s, total 1334.36s
(T) | Epoch=870, loss=8.9725, c=0.998951, this 1.53s, total 1335.90s
(T) | Epoch=871, loss=9.0033, c=0.998950, this 1.53s, total 1337.43s
(T) | Epoch=872, loss=8.9765, c=0.998951, this 1.53s, total 1338.96s
(T) | Epoch=873, loss=8.9783, c=0.998951, this 1.53s, total 1340.49s
(T) | Epoch=874, loss=8.9802, c=0.998951, this 1.53s, total 1342.03s
(T) | Epoch=875, loss=8.9891, c=0.998951, this 1.53s, total 1343.56s
(T) | Epoch=876, loss=8.9956, c=0.998950, this 1.53s, total 1345.09s
(T) | Epoch=877, loss=8.9666, c=0.998950, this 1.53s, total 1346.62s
(T) | Epoch=878, loss=8.9875, c=0.998948, this 1.53s, total 1348.15s
(T) | Epoch=879, loss=8.9816, c=0.998947, this 1.53s, total 1349.69s
(T) | Epoch=880, loss=8.9713, c=0.998946, this 1.53s, total 1351.22s
(T) | Epoch=881, loss=8.9776, c=0.998946, this 1.53s, total 1352.75s
(T) | Epoch=882, loss=8.9846, c=0.998945, this 1.53s, total 1354.28s
(T) | Epoch=883, loss=8.9839, c=0.998945, this 1.53s, total 1355.82s
(T) | Epoch=884, loss=8.9679, c=0.998945, this 1.53s, total 1357.35s
(T) | Epoch=885, loss=8.9852, c=0.998945, this 1.53s, total 1358.88s
(T) | Epoch=886, loss=8.9874, c=0.998944, this 1.53s, total 1360.41s
(T) | Epoch=887, loss=8.9981, c=0.998944, this 1.53s, total 1361.94s
(T) | Epoch=888, loss=8.9856, c=0.998943, this 1.53s, total 1363.48s
(T) | Epoch=889, loss=8.9736, c=0.998942, this 1.53s, total 1365.01s
(T) | Epoch=890, loss=8.9871, c=0.998941, this 1.53s, total 1366.54s
(T) | Epoch=891, loss=8.9879, c=0.998940, this 1.53s, total 1368.07s
(T) | Epoch=892, loss=8.9879, c=0.998940, this 1.53s, total 1369.60s
(T) | Epoch=893, loss=8.9778, c=0.998940, this 1.53s, total 1371.14s
(T) | Epoch=894, loss=8.9737, c=0.998940, this 1.53s, total 1372.67s
(T) | Epoch=895, loss=8.9727, c=0.998939, this 1.53s, total 1374.20s
(T) | Epoch=896, loss=8.9795, c=0.998939, this 1.53s, total 1375.73s
(T) | Epoch=897, loss=8.9783, c=0.998938, this 1.53s, total 1377.27s
(T) | Epoch=898, loss=8.9701, c=0.998937, this 1.53s, total 1378.80s
(T) | Epoch=899, loss=8.9772, c=0.998937, this 1.53s, total 1380.33s
(T) | Epoch=900, loss=8.9794, c=0.998938, this 1.53s, total 1381.86s
(T) | Epoch=901, loss=8.9830, c=0.998938, this 1.53s, total 1383.40s
(T) | Epoch=902, loss=8.9861, c=0.998937, this 1.53s, total 1384.93s
(T) | Epoch=903, loss=8.9842, c=0.998936, this 1.53s, total 1386.46s
(T) | Epoch=904, loss=8.9788, c=0.998936, this 1.53s, total 1388.00s
(T) | Epoch=905, loss=8.9873, c=0.998935, this 1.53s, total 1389.52s
(T) | Epoch=906, loss=8.9944, c=0.998934, this 1.53s, total 1391.06s
(T) | Epoch=907, loss=8.9728, c=0.998934, this 1.53s, total 1392.59s
(T) | Epoch=908, loss=8.9827, c=0.998933, this 1.53s, total 1394.12s
(T) | Epoch=909, loss=8.9878, c=0.998932, this 1.53s, total 1395.65s
(T) | Epoch=910, loss=8.9826, c=0.998932, this 1.53s, total 1397.18s
(T) | Epoch=911, loss=8.9778, c=0.998932, this 1.53s, total 1398.71s
(T) | Epoch=912, loss=8.9636, c=0.998932, this 1.53s, total 1400.24s
(T) | Epoch=913, loss=9.0015, c=0.998932, this 1.53s, total 1401.77s
(T) | Epoch=914, loss=8.9974, c=0.998932, this 1.53s, total 1403.30s
(T) | Epoch=915, loss=8.9782, c=0.998931, this 1.53s, total 1404.83s
(T) | Epoch=916, loss=8.9885, c=0.998931, this 1.53s, total 1406.36s
(T) | Epoch=917, loss=8.9839, c=0.998930, this 1.53s, total 1407.89s
(T) | Epoch=918, loss=9.0012, c=0.998930, this 1.53s, total 1409.43s
(T) | Epoch=919, loss=8.9724, c=0.998930, this 1.53s, total 1410.96s
(T) | Epoch=920, loss=8.9907, c=0.998930, this 1.53s, total 1412.49s
(T) | Epoch=921, loss=8.9813, c=0.998930, this 1.53s, total 1414.02s
(T) | Epoch=922, loss=8.9825, c=0.998929, this 1.53s, total 1415.55s
(T) | Epoch=923, loss=8.9804, c=0.998929, this 1.53s, total 1417.08s
(T) | Epoch=924, loss=8.9782, c=0.998929, this 1.53s, total 1418.61s
(T) | Epoch=925, loss=8.9769, c=0.998928, this 1.53s, total 1420.14s
(T) | Epoch=926, loss=8.9735, c=0.998927, this 1.53s, total 1421.67s
(T) | Epoch=927, loss=8.9809, c=0.998926, this 1.53s, total 1423.20s
(T) | Epoch=928, loss=9.0035, c=0.998925, this 1.53s, total 1424.73s
(T) | Epoch=929, loss=8.9697, c=0.998925, this 1.53s, total 1426.26s
(T) | Epoch=930, loss=8.9918, c=0.998925, this 1.53s, total 1427.79s
(T) | Epoch=931, loss=8.9854, c=0.998925, this 1.53s, total 1429.32s
(T) | Epoch=932, loss=8.9790, c=0.998925, this 1.53s, total 1430.85s
(T) | Epoch=933, loss=8.9770, c=0.998924, this 1.53s, total 1432.38s
(T) | Epoch=934, loss=8.9919, c=0.998923, this 1.53s, total 1433.91s
(T) | Epoch=935, loss=8.9737, c=0.998922, this 1.53s, total 1435.44s
(T) | Epoch=936, loss=9.0021, c=0.998922, this 1.53s, total 1436.97s
(T) | Epoch=937, loss=8.9742, c=0.998921, this 1.53s, total 1438.50s
(T) | Epoch=938, loss=8.9957, c=0.998920, this 1.53s, total 1440.03s
(T) | Epoch=939, loss=8.9747, c=0.998920, this 1.53s, total 1441.56s
(T) | Epoch=940, loss=8.9846, c=0.998921, this 1.53s, total 1443.09s
(T) | Epoch=941, loss=9.0014, c=0.998922, this 1.53s, total 1444.62s
(T) | Epoch=942, loss=8.9730, c=0.998923, this 1.53s, total 1446.15s
(T) | Epoch=943, loss=8.9776, c=0.998923, this 1.53s, total 1447.68s
(T) | Epoch=944, loss=8.9777, c=0.998923, this 1.53s, total 1449.21s
(T) | Epoch=945, loss=8.9725, c=0.998923, this 1.53s, total 1450.74s
(T) | Epoch=946, loss=8.9887, c=0.998922, this 1.53s, total 1452.27s
(T) | Epoch=947, loss=8.9889, c=0.998919, this 1.53s, total 1453.80s
(T) | Epoch=948, loss=8.9770, c=0.998917, this 1.53s, total 1455.33s
(T) | Epoch=949, loss=8.9639, c=0.998916, this 1.53s, total 1456.86s
(T) | Epoch=950, loss=8.9815, c=0.998916, this 1.53s, total 1458.39s
(T) | Epoch=951, loss=8.9759, c=0.998916, this 1.53s, total 1459.92s
(T) | Epoch=952, loss=8.9760, c=0.998918, this 1.53s, total 1461.45s
(T) | Epoch=953, loss=8.9779, c=0.998919, this 1.53s, total 1462.98s
(T) | Epoch=954, loss=8.9894, c=0.998920, this 1.53s, total 1464.51s
(T) | Epoch=955, loss=9.0008, c=0.998921, this 1.53s, total 1466.04s
(T) | Epoch=956, loss=8.9846, c=0.998921, this 1.53s, total 1467.57s
(T) | Epoch=957, loss=8.9885, c=0.998920, this 1.53s, total 1469.10s
(T) | Epoch=958, loss=8.9698, c=0.998919, this 1.53s, total 1470.63s
(T) | Epoch=959, loss=8.9795, c=0.998917, this 1.53s, total 1472.16s
(T) | Epoch=960, loss=8.9966, c=0.998915, this 1.53s, total 1473.69s
(T) | Epoch=961, loss=8.9803, c=0.998913, this 1.53s, total 1475.22s
(T) | Epoch=962, loss=8.9769, c=0.998912, this 1.53s, total 1476.75s
(T) | Epoch=963, loss=8.9847, c=0.998912, this 1.53s, total 1478.28s
(T) | Epoch=964, loss=8.9679, c=0.998912, this 1.53s, total 1479.81s
(T) | Epoch=965, loss=8.9884, c=0.998914, this 1.53s, total 1481.34s
(T) | Epoch=966, loss=8.9658, c=0.998915, this 1.53s, total 1482.87s
(T) | Epoch=967, loss=9.0030, c=0.998915, this 1.53s, total 1484.40s
(T) | Epoch=968, loss=9.0044, c=0.998914, this 1.53s, total 1485.93s
(T) | Epoch=969, loss=8.9754, c=0.998913, this 1.53s, total 1487.46s
(T) | Epoch=970, loss=8.9914, c=0.998911, this 1.53s, total 1488.99s
(T) | Epoch=971, loss=8.9993, c=0.998910, this 1.53s, total 1490.52s
(T) | Epoch=972, loss=8.9841, c=0.998909, this 1.53s, total 1492.06s
(T) | Epoch=973, loss=8.9809, c=0.998908, this 1.53s, total 1493.59s
(T) | Epoch=974, loss=8.9818, c=0.998906, this 1.53s, total 1495.12s
(T) | Epoch=975, loss=8.9864, c=0.998906, this 1.53s, total 1496.65s
(T) | Epoch=976, loss=8.9736, c=0.998907, this 1.54s, total 1498.19s
(T) | Epoch=977, loss=9.0059, c=0.998907, this 1.53s, total 1499.71s
(T) | Epoch=978, loss=8.9775, c=0.998907, this 1.53s, total 1501.24s
(T) | Epoch=979, loss=8.9749, c=0.998906, this 1.53s, total 1502.77s
(T) | Epoch=980, loss=8.9692, c=0.998906, this 1.53s, total 1504.31s
(T) | Epoch=981, loss=8.9794, c=0.998906, this 1.53s, total 1505.84s
(T) | Epoch=982, loss=8.9863, c=0.998905, this 1.53s, total 1507.37s
(T) | Epoch=983, loss=8.9718, c=0.998904, this 1.53s, total 1508.90s
(T) | Epoch=984, loss=8.9808, c=0.998903, this 1.53s, total 1510.43s
(T) | Epoch=985, loss=8.9946, c=0.998902, this 1.53s, total 1511.96s
(T) | Epoch=986, loss=8.9810, c=0.998902, this 1.53s, total 1513.49s
(T) | Epoch=987, loss=8.9847, c=0.998902, this 1.53s, total 1515.02s
(T) | Epoch=988, loss=9.0047, c=0.998901, this 1.53s, total 1516.55s
(T) | Epoch=989, loss=8.9684, c=0.998901, this 1.53s, total 1518.08s
(T) | Epoch=990, loss=8.9637, c=0.998900, this 1.53s, total 1519.61s
(T) | Epoch=991, loss=8.9547, c=0.998899, this 1.53s, total 1521.14s
+++ model saved ! ./pre_trained_gnn/PubMed.GRACE.GAT.curv_1p0000.hyp_True.False.pth
(T) | Epoch=992, loss=8.9622, c=0.998898, this 1.54s, total 1522.68s
(T) | Epoch=993, loss=8.9808, c=0.998897, this 1.53s, total 1524.21s
(T) | Epoch=994, loss=8.9826, c=0.998897, this 1.53s, total 1525.74s
(T) | Epoch=995, loss=8.9633, c=0.998897, this 1.53s, total 1527.27s
(T) | Epoch=996, loss=8.9635, c=0.998897, this 1.53s, total 1528.80s
(T) | Epoch=997, loss=8.9662, c=0.998897, this 1.53s, total 1530.33s
(T) | Epoch=998, loss=8.9837, c=0.998896, this 1.53s, total 1531.86s
(T) | Epoch=999, loss=8.9658, c=0.998895, this 1.54s, total 1533.41s
(T) | Epoch=1000, loss=8.9820, c=0.998894, this 1.53s, total 1534.93s
=== Final ===
[Main] Pretrained checkpoint written to: ./pre_trained_gnn/PubMed.GRACE.GAT.curv_1p0000.hyp_True.False.pth
