/mnt/data1/Graph/HypGraphLoRA
[Pretrain] Using Lorentz H^d with learnable curvature, init c=2.0
pre-training.
(T) | Epoch=001, loss=10.5807, c=1.999991, this 1.90s, total 1.90s
+++ model saved ! ./pre_trained_gnn/PubMed.GRACE.GAT.curv_2p0000.hyp_True.True.pth
(T) | Epoch=002, loss=10.5805, c=1.999983, this 1.45s, total 3.35s
+++ model saved ! ./pre_trained_gnn/PubMed.GRACE.GAT.curv_2p0000.hyp_True.True.pth
(T) | Epoch=003, loss=10.5804, c=1.999974, this 1.53s, total 4.88s
+++ model saved ! ./pre_trained_gnn/PubMed.GRACE.GAT.curv_2p0000.hyp_True.True.pth
(T) | Epoch=004, loss=10.5801, c=1.999965, this 1.53s, total 6.41s
+++ model saved ! ./pre_trained_gnn/PubMed.GRACE.GAT.curv_2p0000.hyp_True.True.pth
(T) | Epoch=005, loss=10.5801, c=1.999957, this 1.53s, total 7.94s
+++ model saved ! ./pre_trained_gnn/PubMed.GRACE.GAT.curv_2p0000.hyp_True.True.pth
(T) | Epoch=006, loss=10.5799, c=1.999948, this 1.53s, total 9.47s
+++ model saved ! ./pre_trained_gnn/PubMed.GRACE.GAT.curv_2p0000.hyp_True.True.pth
(T) | Epoch=007, loss=10.5799, c=1.999939, this 1.53s, total 11.00s
+++ model saved ! ./pre_trained_gnn/PubMed.GRACE.GAT.curv_2p0000.hyp_True.True.pth
(T) | Epoch=008, loss=10.5797, c=1.999930, this 1.53s, total 12.53s
+++ model saved ! ./pre_trained_gnn/PubMed.GRACE.GAT.curv_2p0000.hyp_True.True.pth
(T) | Epoch=009, loss=10.5792, c=1.999921, this 1.53s, total 14.06s
+++ model saved ! ./pre_trained_gnn/PubMed.GRACE.GAT.curv_2p0000.hyp_True.True.pth
(T) | Epoch=010, loss=10.5790, c=1.999913, this 1.53s, total 15.59s
+++ model saved ! ./pre_trained_gnn/PubMed.GRACE.GAT.curv_2p0000.hyp_True.True.pth
(T) | Epoch=011, loss=10.5789, c=1.999903, this 1.53s, total 17.11s
+++ model saved ! ./pre_trained_gnn/PubMed.GRACE.GAT.curv_2p0000.hyp_True.True.pth
(T) | Epoch=012, loss=10.5787, c=1.999894, this 1.53s, total 18.64s
+++ model saved ! ./pre_trained_gnn/PubMed.GRACE.GAT.curv_2p0000.hyp_True.True.pth
(T) | Epoch=013, loss=10.5781, c=1.999885, this 1.53s, total 20.17s
+++ model saved ! ./pre_trained_gnn/PubMed.GRACE.GAT.curv_2p0000.hyp_True.True.pth
(T) | Epoch=014, loss=10.5774, c=1.999876, this 1.53s, total 21.70s
+++ model saved ! ./pre_trained_gnn/PubMed.GRACE.GAT.curv_2p0000.hyp_True.True.pth
(T) | Epoch=015, loss=10.5767, c=1.999866, this 1.53s, total 23.23s
+++ model saved ! ./pre_trained_gnn/PubMed.GRACE.GAT.curv_2p0000.hyp_True.True.pth
(T) | Epoch=016, loss=10.5769, c=1.999857, this 1.53s, total 24.76s
(T) | Epoch=017, loss=10.5763, c=1.999847, this 1.53s, total 26.29s
+++ model saved ! ./pre_trained_gnn/PubMed.GRACE.GAT.curv_2p0000.hyp_True.True.pth
(T) | Epoch=018, loss=10.5751, c=1.999838, this 1.53s, total 27.81s
+++ model saved ! ./pre_trained_gnn/PubMed.GRACE.GAT.curv_2p0000.hyp_True.True.pth
(T) | Epoch=019, loss=10.5742, c=1.999828, this 1.53s, total 29.34s
+++ model saved ! ./pre_trained_gnn/PubMed.GRACE.GAT.curv_2p0000.hyp_True.True.pth
(T) | Epoch=020, loss=10.5736, c=1.999818, this 1.53s, total 30.87s
+++ model saved ! ./pre_trained_gnn/PubMed.GRACE.GAT.curv_2p0000.hyp_True.True.pth
(T) | Epoch=021, loss=10.5731, c=1.999808, this 1.53s, total 32.40s
+++ model saved ! ./pre_trained_gnn/PubMed.GRACE.GAT.curv_2p0000.hyp_True.True.pth
(T) | Epoch=022, loss=10.5729, c=1.999798, this 1.53s, total 33.93s
+++ model saved ! ./pre_trained_gnn/PubMed.GRACE.GAT.curv_2p0000.hyp_True.True.pth
(T) | Epoch=023, loss=10.5704, c=1.999787, this 1.53s, total 35.46s
+++ model saved ! ./pre_trained_gnn/PubMed.GRACE.GAT.curv_2p0000.hyp_True.True.pth
(T) | Epoch=024, loss=10.5692, c=1.999777, this 1.53s, total 36.99s
+++ model saved ! ./pre_trained_gnn/PubMed.GRACE.GAT.curv_2p0000.hyp_True.True.pth
(T) | Epoch=025, loss=10.5675, c=1.999766, this 1.53s, total 38.52s
+++ model saved ! ./pre_trained_gnn/PubMed.GRACE.GAT.curv_2p0000.hyp_True.True.pth
(T) | Epoch=026, loss=10.5653, c=1.999756, this 1.53s, total 40.05s
+++ model saved ! ./pre_trained_gnn/PubMed.GRACE.GAT.curv_2p0000.hyp_True.True.pth
(T) | Epoch=027, loss=10.5659, c=1.999745, this 1.53s, total 41.57s
(T) | Epoch=028, loss=10.5593, c=1.999734, this 1.53s, total 43.10s
+++ model saved ! ./pre_trained_gnn/PubMed.GRACE.GAT.curv_2p0000.hyp_True.True.pth
(T) | Epoch=029, loss=10.5571, c=1.999723, this 1.53s, total 44.63s
+++ model saved ! ./pre_trained_gnn/PubMed.GRACE.GAT.curv_2p0000.hyp_True.True.pth
(T) | Epoch=030, loss=10.5538, c=1.999711, this 1.53s, total 46.16s
+++ model saved ! ./pre_trained_gnn/PubMed.GRACE.GAT.curv_2p0000.hyp_True.True.pth
(T) | Epoch=031, loss=10.5476, c=1.999700, this 1.53s, total 47.69s
+++ model saved ! ./pre_trained_gnn/PubMed.GRACE.GAT.curv_2p0000.hyp_True.True.pth
(T) | Epoch=032, loss=10.5412, c=1.999689, this 1.53s, total 49.22s
+++ model saved ! ./pre_trained_gnn/PubMed.GRACE.GAT.curv_2p0000.hyp_True.True.pth
(T) | Epoch=033, loss=10.5379, c=1.999677, this 1.53s, total 50.75s
+++ model saved ! ./pre_trained_gnn/PubMed.GRACE.GAT.curv_2p0000.hyp_True.True.pth
(T) | Epoch=034, loss=10.5356, c=1.999665, this 1.53s, total 52.27s
+++ model saved ! ./pre_trained_gnn/PubMed.GRACE.GAT.curv_2p0000.hyp_True.True.pth
(T) | Epoch=035, loss=10.5252, c=1.999653, this 1.53s, total 53.80s
+++ model saved ! ./pre_trained_gnn/PubMed.GRACE.GAT.curv_2p0000.hyp_True.True.pth
(T) | Epoch=036, loss=10.5200, c=1.999641, this 1.53s, total 55.33s
+++ model saved ! ./pre_trained_gnn/PubMed.GRACE.GAT.curv_2p0000.hyp_True.True.pth
(T) | Epoch=037, loss=10.4981, c=1.999629, this 1.53s, total 56.86s
+++ model saved ! ./pre_trained_gnn/PubMed.GRACE.GAT.curv_2p0000.hyp_True.True.pth
(T) | Epoch=038, loss=10.4905, c=1.999617, this 1.53s, total 58.39s
+++ model saved ! ./pre_trained_gnn/PubMed.GRACE.GAT.curv_2p0000.hyp_True.True.pth
(T) | Epoch=039, loss=10.4805, c=1.999605, this 1.53s, total 59.92s
+++ model saved ! ./pre_trained_gnn/PubMed.GRACE.GAT.curv_2p0000.hyp_True.True.pth
(T) | Epoch=040, loss=10.4507, c=1.999592, this 1.53s, total 61.45s
+++ model saved ! ./pre_trained_gnn/PubMed.GRACE.GAT.curv_2p0000.hyp_True.True.pth
(T) | Epoch=041, loss=10.4283, c=1.999580, this 1.53s, total 62.97s
+++ model saved ! ./pre_trained_gnn/PubMed.GRACE.GAT.curv_2p0000.hyp_True.True.pth
(T) | Epoch=042, loss=10.4008, c=1.999567, this 1.53s, total 64.50s
+++ model saved ! ./pre_trained_gnn/PubMed.GRACE.GAT.curv_2p0000.hyp_True.True.pth
(T) | Epoch=043, loss=10.3650, c=1.999554, this 1.53s, total 66.03s
+++ model saved ! ./pre_trained_gnn/PubMed.GRACE.GAT.curv_2p0000.hyp_True.True.pth
(T) | Epoch=044, loss=10.3536, c=1.999541, this 1.53s, total 67.56s
+++ model saved ! ./pre_trained_gnn/PubMed.GRACE.GAT.curv_2p0000.hyp_True.True.pth
(T) | Epoch=045, loss=10.3023, c=1.999528, this 1.53s, total 69.09s
+++ model saved ! ./pre_trained_gnn/PubMed.GRACE.GAT.curv_2p0000.hyp_True.True.pth
(T) | Epoch=046, loss=10.2723, c=1.999515, this 1.53s, total 70.62s
+++ model saved ! ./pre_trained_gnn/PubMed.GRACE.GAT.curv_2p0000.hyp_True.True.pth
(T) | Epoch=047, loss=10.2464, c=1.999501, this 1.53s, total 72.15s
+++ model saved ! ./pre_trained_gnn/PubMed.GRACE.GAT.curv_2p0000.hyp_True.True.pth
(T) | Epoch=048, loss=10.1856, c=1.999488, this 1.53s, total 73.69s
+++ model saved ! ./pre_trained_gnn/PubMed.GRACE.GAT.curv_2p0000.hyp_True.True.pth
(T) | Epoch=049, loss=10.1276, c=1.999474, this 1.53s, total 75.22s
+++ model saved ! ./pre_trained_gnn/PubMed.GRACE.GAT.curv_2p0000.hyp_True.True.pth
(T) | Epoch=050, loss=10.1138, c=1.999460, this 1.54s, total 76.75s
+++ model saved ! ./pre_trained_gnn/PubMed.GRACE.GAT.curv_2p0000.hyp_True.True.pth
(T) | Epoch=051, loss=10.0551, c=1.999446, this 1.54s, total 78.29s
+++ model saved ! ./pre_trained_gnn/PubMed.GRACE.GAT.curv_2p0000.hyp_True.True.pth
(T) | Epoch=052, loss=10.0115, c=1.999432, this 1.53s, total 79.83s
+++ model saved ! ./pre_trained_gnn/PubMed.GRACE.GAT.curv_2p0000.hyp_True.True.pth
(T) | Epoch=053, loss=9.9451, c=1.999418, this 1.53s, total 81.36s
+++ model saved ! ./pre_trained_gnn/PubMed.GRACE.GAT.curv_2p0000.hyp_True.True.pth
(T) | Epoch=054, loss=9.9065, c=1.999404, this 1.53s, total 82.89s
+++ model saved ! ./pre_trained_gnn/PubMed.GRACE.GAT.curv_2p0000.hyp_True.True.pth
(T) | Epoch=055, loss=9.8892, c=1.999391, this 1.54s, total 84.43s
+++ model saved ! ./pre_trained_gnn/PubMed.GRACE.GAT.curv_2p0000.hyp_True.True.pth
(T) | Epoch=056, loss=9.9018, c=1.999378, this 1.53s, total 85.96s
(T) | Epoch=057, loss=9.8528, c=1.999365, this 1.53s, total 87.49s
+++ model saved ! ./pre_trained_gnn/PubMed.GRACE.GAT.curv_2p0000.hyp_True.True.pth
(T) | Epoch=058, loss=9.8196, c=1.999353, this 1.53s, total 89.03s
+++ model saved ! ./pre_trained_gnn/PubMed.GRACE.GAT.curv_2p0000.hyp_True.True.pth
(T) | Epoch=059, loss=9.8142, c=1.999341, this 1.53s, total 90.56s
+++ model saved ! ./pre_trained_gnn/PubMed.GRACE.GAT.curv_2p0000.hyp_True.True.pth
(T) | Epoch=060, loss=9.8161, c=1.999330, this 1.53s, total 92.10s
(T) | Epoch=061, loss=9.7808, c=1.999320, this 1.53s, total 93.63s
+++ model saved ! ./pre_trained_gnn/PubMed.GRACE.GAT.curv_2p0000.hyp_True.True.pth
(T) | Epoch=062, loss=9.7677, c=1.999310, this 1.53s, total 95.16s
+++ model saved ! ./pre_trained_gnn/PubMed.GRACE.GAT.curv_2p0000.hyp_True.True.pth
(T) | Epoch=063, loss=9.7679, c=1.999300, this 1.54s, total 96.70s
(T) | Epoch=064, loss=9.7341, c=1.999292, this 1.53s, total 98.23s
+++ model saved ! ./pre_trained_gnn/PubMed.GRACE.GAT.curv_2p0000.hyp_True.True.pth
(T) | Epoch=065, loss=9.7259, c=1.999284, this 1.53s, total 99.76s
+++ model saved ! ./pre_trained_gnn/PubMed.GRACE.GAT.curv_2p0000.hyp_True.True.pth
(T) | Epoch=066, loss=9.7193, c=1.999277, this 1.54s, total 101.30s
+++ model saved ! ./pre_trained_gnn/PubMed.GRACE.GAT.curv_2p0000.hyp_True.True.pth
(T) | Epoch=067, loss=9.7032, c=1.999270, this 1.53s, total 102.83s
+++ model saved ! ./pre_trained_gnn/PubMed.GRACE.GAT.curv_2p0000.hyp_True.True.pth
(T) | Epoch=068, loss=9.6892, c=1.999264, this 1.53s, total 104.36s
+++ model saved ! ./pre_trained_gnn/PubMed.GRACE.GAT.curv_2p0000.hyp_True.True.pth
(T) | Epoch=069, loss=9.6808, c=1.999258, this 1.53s, total 105.90s
+++ model saved ! ./pre_trained_gnn/PubMed.GRACE.GAT.curv_2p0000.hyp_True.True.pth
(T) | Epoch=070, loss=9.6575, c=1.999253, this 1.54s, total 107.43s
+++ model saved ! ./pre_trained_gnn/PubMed.GRACE.GAT.curv_2p0000.hyp_True.True.pth
(T) | Epoch=071, loss=9.6361, c=1.999248, this 1.53s, total 108.97s
+++ model saved ! ./pre_trained_gnn/PubMed.GRACE.GAT.curv_2p0000.hyp_True.True.pth
(T) | Epoch=072, loss=9.6132, c=1.999244, this 1.53s, total 110.50s
+++ model saved ! ./pre_trained_gnn/PubMed.GRACE.GAT.curv_2p0000.hyp_True.True.pth
(T) | Epoch=073, loss=9.5993, c=1.999240, this 1.53s, total 112.04s
+++ model saved ! ./pre_trained_gnn/PubMed.GRACE.GAT.curv_2p0000.hyp_True.True.pth
(T) | Epoch=074, loss=9.5813, c=1.999236, this 1.53s, total 113.57s
+++ model saved ! ./pre_trained_gnn/PubMed.GRACE.GAT.curv_2p0000.hyp_True.True.pth
(T) | Epoch=075, loss=9.5633, c=1.999233, this 1.53s, total 115.11s
+++ model saved ! ./pre_trained_gnn/PubMed.GRACE.GAT.curv_2p0000.hyp_True.True.pth
(T) | Epoch=076, loss=9.5677, c=1.999230, this 1.53s, total 116.64s
(T) | Epoch=077, loss=9.5411, c=1.999228, this 1.53s, total 118.17s
+++ model saved ! ./pre_trained_gnn/PubMed.GRACE.GAT.curv_2p0000.hyp_True.True.pth
(T) | Epoch=078, loss=9.5209, c=1.999225, this 1.53s, total 119.71s
+++ model saved ! ./pre_trained_gnn/PubMed.GRACE.GAT.curv_2p0000.hyp_True.True.pth
(T) | Epoch=079, loss=9.5082, c=1.999223, this 1.53s, total 121.24s
+++ model saved ! ./pre_trained_gnn/PubMed.GRACE.GAT.curv_2p0000.hyp_True.True.pth
(T) | Epoch=080, loss=9.5188, c=1.999221, this 1.53s, total 122.77s
(T) | Epoch=081, loss=9.4825, c=1.999220, this 1.53s, total 124.30s
+++ model saved ! ./pre_trained_gnn/PubMed.GRACE.GAT.curv_2p0000.hyp_True.True.pth
(T) | Epoch=082, loss=9.4809, c=1.999218, this 1.53s, total 125.84s
+++ model saved ! ./pre_trained_gnn/PubMed.GRACE.GAT.curv_2p0000.hyp_True.True.pth
(T) | Epoch=083, loss=9.4696, c=1.999217, this 1.53s, total 127.37s
+++ model saved ! ./pre_trained_gnn/PubMed.GRACE.GAT.curv_2p0000.hyp_True.True.pth
(T) | Epoch=084, loss=9.4832, c=1.999215, this 1.53s, total 128.91s
(T) | Epoch=085, loss=9.4698, c=1.999214, this 1.53s, total 130.44s
(T) | Epoch=086, loss=9.4606, c=1.999213, this 1.53s, total 131.97s
+++ model saved ! ./pre_trained_gnn/PubMed.GRACE.GAT.curv_2p0000.hyp_True.True.pth
(T) | Epoch=087, loss=9.4649, c=1.999211, this 1.53s, total 133.50s
(T) | Epoch=088, loss=9.4556, c=1.999210, this 1.53s, total 135.03s
+++ model saved ! ./pre_trained_gnn/PubMed.GRACE.GAT.curv_2p0000.hyp_True.True.pth
(T) | Epoch=089, loss=9.4509, c=1.999209, this 1.53s, total 136.57s
+++ model saved ! ./pre_trained_gnn/PubMed.GRACE.GAT.curv_2p0000.hyp_True.True.pth
(T) | Epoch=090, loss=9.4392, c=1.999207, this 1.53s, total 138.10s
+++ model saved ! ./pre_trained_gnn/PubMed.GRACE.GAT.curv_2p0000.hyp_True.True.pth
(T) | Epoch=091, loss=9.4446, c=1.999206, this 1.53s, total 139.63s
(T) | Epoch=092, loss=9.4495, c=1.999205, this 1.53s, total 141.16s
(T) | Epoch=093, loss=9.4603, c=1.999205, this 1.53s, total 142.69s
(T) | Epoch=094, loss=9.4292, c=1.999204, this 1.53s, total 144.22s
+++ model saved ! ./pre_trained_gnn/PubMed.GRACE.GAT.curv_2p0000.hyp_True.True.pth
(T) | Epoch=095, loss=9.4297, c=1.999203, this 1.53s, total 145.76s
(T) | Epoch=096, loss=9.4339, c=1.999202, this 1.53s, total 147.29s
(T) | Epoch=097, loss=9.4202, c=1.999201, this 1.53s, total 148.82s
+++ model saved ! ./pre_trained_gnn/PubMed.GRACE.GAT.curv_2p0000.hyp_True.True.pth
(T) | Epoch=098, loss=9.4221, c=1.999200, this 1.53s, total 150.35s
(T) | Epoch=099, loss=9.3964, c=1.999199, this 1.53s, total 151.88s
+++ model saved ! ./pre_trained_gnn/PubMed.GRACE.GAT.curv_2p0000.hyp_True.True.pth
(T) | Epoch=100, loss=9.4103, c=1.999198, this 1.53s, total 153.42s
(T) | Epoch=101, loss=9.3913, c=1.999197, this 1.53s, total 154.95s
+++ model saved ! ./pre_trained_gnn/PubMed.GRACE.GAT.curv_2p0000.hyp_True.True.pth
(T) | Epoch=102, loss=9.3858, c=1.999197, this 1.53s, total 156.48s
+++ model saved ! ./pre_trained_gnn/PubMed.GRACE.GAT.curv_2p0000.hyp_True.True.pth
(T) | Epoch=103, loss=9.3612, c=1.999196, this 1.54s, total 158.02s
+++ model saved ! ./pre_trained_gnn/PubMed.GRACE.GAT.curv_2p0000.hyp_True.True.pth
(T) | Epoch=104, loss=9.3678, c=1.999196, this 1.53s, total 159.55s
(T) | Epoch=105, loss=9.3381, c=1.999196, this 1.53s, total 161.08s
+++ model saved ! ./pre_trained_gnn/PubMed.GRACE.GAT.curv_2p0000.hyp_True.True.pth
(T) | Epoch=106, loss=9.3472, c=1.999195, this 1.53s, total 162.61s
(T) | Epoch=107, loss=9.3426, c=1.999195, this 1.53s, total 164.14s
(T) | Epoch=108, loss=9.3180, c=1.999195, this 1.53s, total 165.68s
+++ model saved ! ./pre_trained_gnn/PubMed.GRACE.GAT.curv_2p0000.hyp_True.True.pth
(T) | Epoch=109, loss=9.3069, c=1.999194, this 1.53s, total 167.21s
+++ model saved ! ./pre_trained_gnn/PubMed.GRACE.GAT.curv_2p0000.hyp_True.True.pth
(T) | Epoch=110, loss=9.2941, c=1.999194, this 1.53s, total 168.74s
+++ model saved ! ./pre_trained_gnn/PubMed.GRACE.GAT.curv_2p0000.hyp_True.True.pth
(T) | Epoch=111, loss=9.3216, c=1.999193, this 1.53s, total 170.28s
(T) | Epoch=112, loss=9.3003, c=1.999193, this 1.53s, total 171.81s
(T) | Epoch=113, loss=9.2877, c=1.999192, this 1.53s, total 173.34s
+++ model saved ! ./pre_trained_gnn/PubMed.GRACE.GAT.curv_2p0000.hyp_True.True.pth
(T) | Epoch=114, loss=9.2802, c=1.999191, this 1.53s, total 174.87s
+++ model saved ! ./pre_trained_gnn/PubMed.GRACE.GAT.curv_2p0000.hyp_True.True.pth
(T) | Epoch=115, loss=9.2762, c=1.999191, this 1.53s, total 176.41s
+++ model saved ! ./pre_trained_gnn/PubMed.GRACE.GAT.curv_2p0000.hyp_True.True.pth
(T) | Epoch=116, loss=9.2580, c=1.999191, this 1.53s, total 177.94s
+++ model saved ! ./pre_trained_gnn/PubMed.GRACE.GAT.curv_2p0000.hyp_True.True.pth
(T) | Epoch=117, loss=9.2686, c=1.999191, this 1.53s, total 179.48s
(T) | Epoch=118, loss=9.2498, c=1.999190, this 1.53s, total 181.01s
+++ model saved ! ./pre_trained_gnn/PubMed.GRACE.GAT.curv_2p0000.hyp_True.True.pth
(T) | Epoch=119, loss=9.2434, c=1.999190, this 1.53s, total 182.54s
+++ model saved ! ./pre_trained_gnn/PubMed.GRACE.GAT.curv_2p0000.hyp_True.True.pth
(T) | Epoch=120, loss=9.2133, c=1.999189, this 1.54s, total 184.08s
+++ model saved ! ./pre_trained_gnn/PubMed.GRACE.GAT.curv_2p0000.hyp_True.True.pth
(T) | Epoch=121, loss=9.2427, c=1.999189, this 1.53s, total 185.61s
(T) | Epoch=122, loss=9.2196, c=1.999188, this 1.53s, total 187.14s
(T) | Epoch=123, loss=9.2292, c=1.999188, this 1.53s, total 188.67s
(T) | Epoch=124, loss=9.2139, c=1.999187, this 1.53s, total 190.20s
(T) | Epoch=125, loss=9.2406, c=1.999186, this 1.53s, total 191.73s
(T) | Epoch=126, loss=9.1994, c=1.999185, this 1.53s, total 193.26s
+++ model saved ! ./pre_trained_gnn/PubMed.GRACE.GAT.curv_2p0000.hyp_True.True.pth
(T) | Epoch=127, loss=9.1994, c=1.999184, this 1.53s, total 194.79s
+++ model saved ! ./pre_trained_gnn/PubMed.GRACE.GAT.curv_2p0000.hyp_True.True.pth
(T) | Epoch=128, loss=9.2506, c=1.999184, this 1.53s, total 196.33s
(T) | Epoch=129, loss=9.1971, c=1.999184, this 1.53s, total 197.86s
+++ model saved ! ./pre_trained_gnn/PubMed.GRACE.GAT.curv_2p0000.hyp_True.True.pth
(T) | Epoch=130, loss=9.1877, c=1.999184, this 1.53s, total 199.39s
+++ model saved ! ./pre_trained_gnn/PubMed.GRACE.GAT.curv_2p0000.hyp_True.True.pth
(T) | Epoch=131, loss=9.1870, c=1.999183, this 1.53s, total 200.92s
+++ model saved ! ./pre_trained_gnn/PubMed.GRACE.GAT.curv_2p0000.hyp_True.True.pth
(T) | Epoch=132, loss=9.1821, c=1.999182, this 1.53s, total 202.46s
+++ model saved ! ./pre_trained_gnn/PubMed.GRACE.GAT.curv_2p0000.hyp_True.True.pth
(T) | Epoch=133, loss=9.1865, c=1.999181, this 1.53s, total 203.99s
(T) | Epoch=134, loss=9.1780, c=1.999180, this 1.53s, total 205.52s
+++ model saved ! ./pre_trained_gnn/PubMed.GRACE.GAT.curv_2p0000.hyp_True.True.pth
(T) | Epoch=135, loss=9.1907, c=1.999179, this 1.53s, total 207.06s
(T) | Epoch=136, loss=9.1605, c=1.999178, this 1.53s, total 208.59s
+++ model saved ! ./pre_trained_gnn/PubMed.GRACE.GAT.curv_2p0000.hyp_True.True.pth
(T) | Epoch=137, loss=9.1703, c=1.999178, this 1.53s, total 210.12s
(T) | Epoch=138, loss=9.1786, c=1.999177, this 1.53s, total 211.65s
(T) | Epoch=139, loss=9.1663, c=1.999178, this 1.53s, total 213.18s
(T) | Epoch=140, loss=9.1497, c=1.999177, this 1.53s, total 214.71s
+++ model saved ! ./pre_trained_gnn/PubMed.GRACE.GAT.curv_2p0000.hyp_True.True.pth
(T) | Epoch=141, loss=9.1667, c=1.999176, this 1.53s, total 216.25s
(T) | Epoch=142, loss=9.1568, c=1.999175, this 1.53s, total 217.77s
(T) | Epoch=143, loss=9.1428, c=1.999173, this 1.53s, total 219.30s
+++ model saved ! ./pre_trained_gnn/PubMed.GRACE.GAT.curv_2p0000.hyp_True.True.pth
(T) | Epoch=144, loss=9.1612, c=1.999171, this 1.54s, total 220.84s
(T) | Epoch=145, loss=9.1475, c=1.999171, this 1.53s, total 222.37s
(T) | Epoch=146, loss=9.1612, c=1.999170, this 1.53s, total 223.90s
(T) | Epoch=147, loss=9.1327, c=1.999170, this 1.53s, total 225.43s
+++ model saved ! ./pre_trained_gnn/PubMed.GRACE.GAT.curv_2p0000.hyp_True.True.pth
(T) | Epoch=148, loss=9.1392, c=1.999170, this 1.53s, total 226.96s
(T) | Epoch=149, loss=9.1355, c=1.999170, this 1.53s, total 228.49s
(T) | Epoch=150, loss=9.1799, c=1.999169, this 1.53s, total 230.02s
(T) | Epoch=151, loss=9.1359, c=1.999167, this 1.53s, total 231.55s
(T) | Epoch=152, loss=9.1487, c=1.999166, this 1.53s, total 233.08s
(T) | Epoch=153, loss=9.1484, c=1.999163, this 1.53s, total 234.61s
(T) | Epoch=154, loss=9.1328, c=1.999162, this 1.53s, total 236.14s
(T) | Epoch=155, loss=9.1395, c=1.999161, this 1.53s, total 237.67s
(T) | Epoch=156, loss=9.1264, c=1.999160, this 1.53s, total 239.20s
+++ model saved ! ./pre_trained_gnn/PubMed.GRACE.GAT.curv_2p0000.hyp_True.True.pth
(T) | Epoch=157, loss=9.1213, c=1.999160, this 1.53s, total 240.74s
+++ model saved ! ./pre_trained_gnn/PubMed.GRACE.GAT.curv_2p0000.hyp_True.True.pth
(T) | Epoch=158, loss=9.1603, c=1.999159, this 1.53s, total 242.27s
(T) | Epoch=159, loss=9.1473, c=1.999159, this 1.53s, total 243.80s
(T) | Epoch=160, loss=9.1370, c=1.999159, this 1.53s, total 245.33s
(T) | Epoch=161, loss=9.1349, c=1.999158, this 1.53s, total 246.86s
(T) | Epoch=162, loss=9.1130, c=1.999156, this 1.53s, total 248.39s
+++ model saved ! ./pre_trained_gnn/PubMed.GRACE.GAT.curv_2p0000.hyp_True.True.pth
(T) | Epoch=163, loss=9.1452, c=1.999155, this 1.53s, total 249.92s
(T) | Epoch=164, loss=9.0941, c=1.999154, this 1.53s, total 251.45s
+++ model saved ! ./pre_trained_gnn/PubMed.GRACE.GAT.curv_2p0000.hyp_True.True.pth
(T) | Epoch=165, loss=9.1205, c=1.999153, this 1.53s, total 252.99s
(T) | Epoch=166, loss=9.1181, c=1.999152, this 1.53s, total 254.51s
(T) | Epoch=167, loss=9.1243, c=1.999151, this 1.53s, total 256.04s
(T) | Epoch=168, loss=9.1292, c=1.999151, this 1.53s, total 257.57s
(T) | Epoch=169, loss=9.1438, c=1.999150, this 1.53s, total 259.10s
(T) | Epoch=170, loss=9.1149, c=1.999148, this 1.53s, total 260.63s
(T) | Epoch=171, loss=9.1297, c=1.999147, this 1.53s, total 262.16s
(T) | Epoch=172, loss=9.0952, c=1.999146, this 1.53s, total 263.69s
(T) | Epoch=173, loss=9.0987, c=1.999145, this 1.53s, total 265.22s
(T) | Epoch=174, loss=9.1257, c=1.999144, this 1.53s, total 266.75s
(T) | Epoch=175, loss=9.1101, c=1.999143, this 1.53s, total 268.28s
(T) | Epoch=176, loss=9.0980, c=1.999142, this 1.53s, total 269.81s
(T) | Epoch=177, loss=9.0946, c=1.999141, this 1.53s, total 271.34s
(T) | Epoch=178, loss=9.1092, c=1.999140, this 1.53s, total 272.87s
(T) | Epoch=179, loss=9.0966, c=1.999138, this 1.53s, total 274.40s
(T) | Epoch=180, loss=9.0881, c=1.999136, this 1.53s, total 275.93s
+++ model saved ! ./pre_trained_gnn/PubMed.GRACE.GAT.curv_2p0000.hyp_True.True.pth
(T) | Epoch=181, loss=9.1026, c=1.999134, this 1.53s, total 277.46s
(T) | Epoch=182, loss=9.0868, c=1.999133, this 1.53s, total 278.99s
+++ model saved ! ./pre_trained_gnn/PubMed.GRACE.GAT.curv_2p0000.hyp_True.True.pth
(T) | Epoch=183, loss=9.0946, c=1.999133, this 1.53s, total 280.53s
(T) | Epoch=184, loss=9.1095, c=1.999133, this 1.53s, total 282.06s
(T) | Epoch=185, loss=9.0691, c=1.999133, this 1.53s, total 283.59s
+++ model saved ! ./pre_trained_gnn/PubMed.GRACE.GAT.curv_2p0000.hyp_True.True.pth
(T) | Epoch=186, loss=9.0940, c=1.999133, this 1.53s, total 285.12s
(T) | Epoch=187, loss=9.0835, c=1.999131, this 1.53s, total 286.65s
(T) | Epoch=188, loss=9.1006, c=1.999129, this 1.53s, total 288.18s
(T) | Epoch=189, loss=9.0929, c=1.999128, this 1.53s, total 289.71s
(T) | Epoch=190, loss=9.0861, c=1.999126, this 1.53s, total 291.24s
(T) | Epoch=191, loss=9.0990, c=1.999125, this 1.53s, total 292.77s
(T) | Epoch=192, loss=9.0963, c=1.999124, this 1.53s, total 294.30s
(T) | Epoch=193, loss=9.0919, c=1.999124, this 1.53s, total 295.83s
(T) | Epoch=194, loss=9.0805, c=1.999124, this 1.53s, total 297.36s
(T) | Epoch=195, loss=9.0832, c=1.999124, this 1.53s, total 298.89s
(T) | Epoch=196, loss=9.0810, c=1.999124, this 1.53s, total 300.42s
(T) | Epoch=197, loss=9.0807, c=1.999122, this 1.53s, total 301.95s
(T) | Epoch=198, loss=9.0846, c=1.999120, this 1.53s, total 303.48s
(T) | Epoch=199, loss=9.0669, c=1.999119, this 1.53s, total 305.01s
+++ model saved ! ./pre_trained_gnn/PubMed.GRACE.GAT.curv_2p0000.hyp_True.True.pth
(T) | Epoch=200, loss=9.0959, c=1.999118, this 1.53s, total 306.54s
(T) | Epoch=201, loss=9.0933, c=1.999118, this 1.53s, total 308.07s
(T) | Epoch=202, loss=9.0718, c=1.999118, this 1.53s, total 309.60s
(T) | Epoch=203, loss=9.0759, c=1.999117, this 1.53s, total 311.13s
(T) | Epoch=204, loss=9.0648, c=1.999117, this 1.53s, total 312.66s
+++ model saved ! ./pre_trained_gnn/PubMed.GRACE.GAT.curv_2p0000.hyp_True.True.pth
(T) | Epoch=205, loss=9.0773, c=1.999116, this 1.53s, total 314.20s
(T) | Epoch=206, loss=9.0782, c=1.999114, this 1.53s, total 315.72s
(T) | Epoch=207, loss=9.0799, c=1.999113, this 1.53s, total 317.25s
(T) | Epoch=208, loss=9.0706, c=1.999111, this 1.53s, total 318.78s
(T) | Epoch=209, loss=9.0816, c=1.999110, this 1.53s, total 320.31s
(T) | Epoch=210, loss=9.0587, c=1.999108, this 1.53s, total 321.84s
+++ model saved ! ./pre_trained_gnn/PubMed.GRACE.GAT.curv_2p0000.hyp_True.True.pth
(T) | Epoch=211, loss=9.0746, c=1.999108, this 1.53s, total 323.38s
(T) | Epoch=212, loss=9.0852, c=1.999107, this 1.53s, total 324.91s
(T) | Epoch=213, loss=9.0696, c=1.999107, this 1.53s, total 326.44s
(T) | Epoch=214, loss=9.0784, c=1.999107, this 1.53s, total 327.97s
(T) | Epoch=215, loss=9.0749, c=1.999105, this 1.53s, total 329.50s
(T) | Epoch=216, loss=9.0959, c=1.999103, this 1.53s, total 331.03s
(T) | Epoch=217, loss=9.0692, c=1.999102, this 1.53s, total 332.56s
(T) | Epoch=218, loss=9.0576, c=1.999101, this 1.53s, total 334.08s
+++ model saved ! ./pre_trained_gnn/PubMed.GRACE.GAT.curv_2p0000.hyp_True.True.pth
(T) | Epoch=219, loss=9.0655, c=1.999100, this 1.53s, total 335.62s
(T) | Epoch=220, loss=9.0832, c=1.999100, this 1.53s, total 337.15s
(T) | Epoch=221, loss=9.0826, c=1.999099, this 1.53s, total 338.68s
(T) | Epoch=222, loss=9.0684, c=1.999097, this 1.53s, total 340.21s
(T) | Epoch=223, loss=9.0769, c=1.999095, this 1.53s, total 341.74s
(T) | Epoch=224, loss=9.0836, c=1.999094, this 1.53s, total 343.27s
(T) | Epoch=225, loss=9.0695, c=1.999093, this 1.53s, total 344.80s
(T) | Epoch=226, loss=9.0651, c=1.999092, this 1.53s, total 346.33s
(T) | Epoch=227, loss=9.0595, c=1.999091, this 1.53s, total 347.86s
(T) | Epoch=228, loss=9.0711, c=1.999091, this 1.53s, total 349.39s
(T) | Epoch=229, loss=9.0850, c=1.999091, this 1.53s, total 350.92s
(T) | Epoch=230, loss=9.0678, c=1.999091, this 1.53s, total 352.45s
(T) | Epoch=231, loss=9.0649, c=1.999089, this 1.53s, total 353.98s
(T) | Epoch=232, loss=9.0696, c=1.999088, this 1.53s, total 355.51s
(T) | Epoch=233, loss=9.0733, c=1.999086, this 1.53s, total 357.04s
(T) | Epoch=234, loss=9.0663, c=1.999084, this 1.53s, total 358.57s
(T) | Epoch=235, loss=9.0710, c=1.999083, this 1.53s, total 360.10s
(T) | Epoch=236, loss=9.0770, c=1.999082, this 1.53s, total 361.62s
(T) | Epoch=237, loss=9.0697, c=1.999082, this 1.53s, total 363.15s
(T) | Epoch=238, loss=9.0837, c=1.999083, this 1.53s, total 364.68s
(T) | Epoch=239, loss=9.0498, c=1.999083, this 1.53s, total 366.21s
+++ model saved ! ./pre_trained_gnn/PubMed.GRACE.GAT.curv_2p0000.hyp_True.True.pth
(T) | Epoch=240, loss=9.0743, c=1.999082, this 1.53s, total 367.75s
(T) | Epoch=241, loss=9.0603, c=1.999081, this 1.53s, total 369.28s
(T) | Epoch=242, loss=9.0447, c=1.999080, this 1.53s, total 370.81s
+++ model saved ! ./pre_trained_gnn/PubMed.GRACE.GAT.curv_2p0000.hyp_True.True.pth
(T) | Epoch=243, loss=9.0544, c=1.999078, this 1.53s, total 372.34s
(T) | Epoch=244, loss=9.0714, c=1.999077, this 1.53s, total 373.87s
(T) | Epoch=245, loss=9.0673, c=1.999076, this 1.53s, total 375.40s
(T) | Epoch=246, loss=9.0565, c=1.999075, this 1.53s, total 376.93s
(T) | Epoch=247, loss=9.0852, c=1.999074, this 1.53s, total 378.46s
(T) | Epoch=248, loss=9.0542, c=1.999073, this 1.53s, total 379.99s
(T) | Epoch=249, loss=9.0638, c=1.999072, this 1.53s, total 381.52s
(T) | Epoch=250, loss=9.0581, c=1.999072, this 1.53s, total 383.05s
(T) | Epoch=251, loss=9.0698, c=1.999071, this 1.53s, total 384.58s
(T) | Epoch=252, loss=9.0859, c=1.999069, this 1.53s, total 386.11s
(T) | Epoch=253, loss=9.0552, c=1.999068, this 1.53s, total 387.64s
(T) | Epoch=254, loss=9.0478, c=1.999066, this 1.53s, total 389.17s
(T) | Epoch=255, loss=9.0582, c=1.999065, this 1.53s, total 390.70s
(T) | Epoch=256, loss=9.0731, c=1.999065, this 1.53s, total 392.23s
(T) | Epoch=257, loss=9.0684, c=1.999065, this 1.53s, total 393.76s
(T) | Epoch=258, loss=9.0604, c=1.999066, this 1.53s, total 395.29s
(T) | Epoch=259, loss=9.0612, c=1.999065, this 1.53s, total 396.82s
(T) | Epoch=260, loss=9.0853, c=1.999064, this 1.53s, total 398.35s
(T) | Epoch=261, loss=9.0646, c=1.999062, this 1.53s, total 399.88s
(T) | Epoch=262, loss=9.0656, c=1.999059, this 1.53s, total 401.41s
(T) | Epoch=263, loss=9.0613, c=1.999057, this 1.53s, total 402.94s
(T) | Epoch=264, loss=9.0816, c=1.999055, this 1.53s, total 404.47s
(T) | Epoch=265, loss=9.0647, c=1.999054, this 1.53s, total 406.00s
(T) | Epoch=266, loss=9.0897, c=1.999053, this 1.53s, total 407.53s
(T) | Epoch=267, loss=9.0568, c=1.999053, this 1.53s, total 409.06s
(T) | Epoch=268, loss=9.0500, c=1.999053, this 1.53s, total 410.59s
(T) | Epoch=269, loss=9.0507, c=1.999054, this 1.53s, total 412.12s
(T) | Epoch=270, loss=9.0413, c=1.999054, this 1.53s, total 413.65s
+++ model saved ! ./pre_trained_gnn/PubMed.GRACE.GAT.curv_2p0000.hyp_True.True.pth
(T) | Epoch=271, loss=9.0666, c=1.999053, this 1.54s, total 415.18s
(T) | Epoch=272, loss=9.0633, c=1.999050, this 1.53s, total 416.71s
(T) | Epoch=273, loss=9.0682, c=1.999047, this 1.53s, total 418.24s
(T) | Epoch=274, loss=9.0694, c=1.999044, this 1.53s, total 419.77s
(T) | Epoch=275, loss=9.0560, c=1.999042, this 1.53s, total 421.30s
(T) | Epoch=276, loss=9.0773, c=1.999040, this 1.53s, total 422.83s
(T) | Epoch=277, loss=9.0715, c=1.999039, this 1.53s, total 424.36s
(T) | Epoch=278, loss=9.0644, c=1.999038, this 1.53s, total 425.89s
(T) | Epoch=279, loss=9.0427, c=1.999037, this 1.53s, total 427.42s
(T) | Epoch=280, loss=9.0657, c=1.999036, this 1.53s, total 428.95s
(T) | Epoch=281, loss=9.0383, c=1.999035, this 1.53s, total 430.48s
+++ model saved ! ./pre_trained_gnn/PubMed.GRACE.GAT.curv_2p0000.hyp_True.True.pth
(T) | Epoch=282, loss=9.0551, c=1.999034, this 1.53s, total 432.01s
(T) | Epoch=283, loss=9.0413, c=1.999033, this 1.53s, total 433.54s
(T) | Epoch=284, loss=9.0585, c=1.999030, this 1.53s, total 435.07s
(T) | Epoch=285, loss=9.0470, c=1.999028, this 1.53s, total 436.60s
(T) | Epoch=286, loss=9.0668, c=1.999026, this 1.53s, total 438.13s
(T) | Epoch=287, loss=9.0523, c=1.999024, this 1.53s, total 439.66s
(T) | Epoch=288, loss=9.0465, c=1.999023, this 1.53s, total 441.19s
(T) | Epoch=289, loss=9.0412, c=1.999024, this 1.53s, total 442.72s
(T) | Epoch=290, loss=9.0440, c=1.999024, this 1.53s, total 444.25s
(T) | Epoch=291, loss=9.0497, c=1.999024, this 1.53s, total 445.78s
(T) | Epoch=292, loss=9.0489, c=1.999023, this 1.53s, total 447.31s
(T) | Epoch=293, loss=9.0703, c=1.999022, this 1.53s, total 448.84s
(T) | Epoch=294, loss=9.0744, c=1.999020, this 1.53s, total 450.37s
(T) | Epoch=295, loss=9.0546, c=1.999017, this 1.53s, total 451.90s
(T) | Epoch=296, loss=9.0570, c=1.999014, this 1.53s, total 453.43s
(T) | Epoch=297, loss=9.0610, c=1.999011, this 1.53s, total 454.96s
(T) | Epoch=298, loss=9.0470, c=1.999010, this 1.53s, total 456.49s
(T) | Epoch=299, loss=9.0489, c=1.999010, this 1.53s, total 458.02s
(T) | Epoch=300, loss=9.0450, c=1.999011, this 1.53s, total 459.55s
(T) | Epoch=301, loss=9.0620, c=1.999012, this 1.53s, total 461.08s
(T) | Epoch=302, loss=9.0362, c=1.999012, this 1.53s, total 462.61s
+++ model saved ! ./pre_trained_gnn/PubMed.GRACE.GAT.curv_2p0000.hyp_True.True.pth
(T) | Epoch=303, loss=9.0391, c=1.999011, this 1.53s, total 464.14s
(T) | Epoch=304, loss=9.0347, c=1.999008, this 1.53s, total 465.67s
+++ model saved ! ./pre_trained_gnn/PubMed.GRACE.GAT.curv_2p0000.hyp_True.True.pth
(T) | Epoch=305, loss=9.0700, c=1.999006, this 1.53s, total 467.21s
(T) | Epoch=306, loss=9.0498, c=1.999004, this 1.53s, total 468.74s
(T) | Epoch=307, loss=9.0665, c=1.999002, this 1.53s, total 470.27s
(T) | Epoch=308, loss=9.0335, c=1.999002, this 1.53s, total 471.80s
+++ model saved ! ./pre_trained_gnn/PubMed.GRACE.GAT.curv_2p0000.hyp_True.True.pth
(T) | Epoch=309, loss=9.0398, c=1.999001, this 1.53s, total 473.33s
(T) | Epoch=310, loss=9.0411, c=1.999001, this 1.53s, total 474.86s
(T) | Epoch=311, loss=9.0593, c=1.999001, this 1.53s, total 476.39s
(T) | Epoch=312, loss=9.0583, c=1.999000, this 1.53s, total 477.92s
(T) | Epoch=313, loss=9.0555, c=1.998999, this 1.53s, total 479.45s
(T) | Epoch=314, loss=9.0779, c=1.998998, this 1.53s, total 480.98s
(T) | Epoch=315, loss=9.0446, c=1.998996, this 1.53s, total 482.51s
(T) | Epoch=316, loss=9.0469, c=1.998993, this 1.53s, total 484.04s
(T) | Epoch=317, loss=9.0456, c=1.998992, this 1.53s, total 485.57s
(T) | Epoch=318, loss=9.0551, c=1.998990, this 1.53s, total 487.10s
(T) | Epoch=319, loss=9.0459, c=1.998989, this 1.53s, total 488.63s
(T) | Epoch=320, loss=9.0389, c=1.998987, this 1.53s, total 490.16s
(T) | Epoch=321, loss=9.0465, c=1.998986, this 1.53s, total 491.69s
(T) | Epoch=322, loss=9.0283, c=1.998986, this 1.53s, total 493.22s
+++ model saved ! ./pre_trained_gnn/PubMed.GRACE.GAT.curv_2p0000.hyp_True.True.pth
(T) | Epoch=323, loss=9.0369, c=1.998986, this 1.53s, total 494.75s
(T) | Epoch=324, loss=9.0427, c=1.998985, this 1.53s, total 496.28s
(T) | Epoch=325, loss=9.0513, c=1.998983, this 1.53s, total 497.81s
(T) | Epoch=326, loss=9.0391, c=1.998981, this 1.53s, total 499.34s
(T) | Epoch=327, loss=9.0527, c=1.998978, this 1.53s, total 500.87s
(T) | Epoch=328, loss=9.0202, c=1.998977, this 1.53s, total 502.40s
+++ model saved ! ./pre_trained_gnn/PubMed.GRACE.GAT.curv_2p0000.hyp_True.True.pth
(T) | Epoch=329, loss=9.0520, c=1.998976, this 1.54s, total 503.93s
(T) | Epoch=330, loss=9.0535, c=1.998975, this 1.53s, total 505.46s
(T) | Epoch=331, loss=9.0550, c=1.998975, this 1.53s, total 506.99s
(T) | Epoch=332, loss=9.0418, c=1.998975, this 1.53s, total 508.52s
(T) | Epoch=333, loss=9.0464, c=1.998975, this 1.53s, total 510.05s
(T) | Epoch=334, loss=9.0465, c=1.998975, this 1.53s, total 511.58s
(T) | Epoch=335, loss=9.0567, c=1.998973, this 1.53s, total 513.11s
(T) | Epoch=336, loss=9.0614, c=1.998970, this 1.53s, total 514.64s
(T) | Epoch=337, loss=9.0300, c=1.998967, this 1.53s, total 516.17s
(T) | Epoch=338, loss=9.0407, c=1.998965, this 1.53s, total 517.70s
(T) | Epoch=339, loss=9.0377, c=1.998963, this 1.53s, total 519.23s
(T) | Epoch=340, loss=9.0264, c=1.998961, this 1.53s, total 520.76s
(T) | Epoch=341, loss=9.0593, c=1.998962, this 1.53s, total 522.29s
(T) | Epoch=342, loss=9.0551, c=1.998963, this 1.53s, total 523.82s
(T) | Epoch=343, loss=9.0365, c=1.998964, this 1.53s, total 525.35s
(T) | Epoch=344, loss=9.0423, c=1.998965, this 1.53s, total 526.88s
(T) | Epoch=345, loss=9.0346, c=1.998965, this 1.53s, total 528.41s
(T) | Epoch=346, loss=9.0358, c=1.998963, this 1.53s, total 529.94s
(T) | Epoch=347, loss=9.0739, c=1.998959, this 1.53s, total 531.47s
(T) | Epoch=348, loss=9.0354, c=1.998956, this 1.53s, total 533.00s
(T) | Epoch=349, loss=9.0277, c=1.998955, this 1.53s, total 534.53s
(T) | Epoch=350, loss=9.0491, c=1.998954, this 1.53s, total 536.06s
(T) | Epoch=351, loss=9.0333, c=1.998954, this 1.53s, total 537.59s
(T) | Epoch=352, loss=9.0379, c=1.998953, this 1.53s, total 539.12s
(T) | Epoch=353, loss=9.0530, c=1.998953, this 1.53s, total 540.65s
(T) | Epoch=354, loss=9.0297, c=1.998952, this 1.53s, total 542.18s
(T) | Epoch=355, loss=9.0385, c=1.998951, this 1.53s, total 543.71s
(T) | Epoch=356, loss=9.0281, c=1.998949, this 1.53s, total 545.24s
(T) | Epoch=357, loss=9.0180, c=1.998947, this 1.53s, total 546.77s
+++ model saved ! ./pre_trained_gnn/PubMed.GRACE.GAT.curv_2p0000.hyp_True.True.pth
(T) | Epoch=358, loss=9.0302, c=1.998945, this 1.53s, total 548.30s
(T) | Epoch=359, loss=9.0439, c=1.998944, this 1.53s, total 549.83s
(T) | Epoch=360, loss=9.0132, c=1.998943, this 1.53s, total 551.36s
+++ model saved ! ./pre_trained_gnn/PubMed.GRACE.GAT.curv_2p0000.hyp_True.True.pth
(T) | Epoch=361, loss=9.0476, c=1.998943, this 1.53s, total 552.89s
(T) | Epoch=362, loss=9.0411, c=1.998943, this 1.53s, total 554.42s
(T) | Epoch=363, loss=9.0520, c=1.998942, this 1.53s, total 555.95s
(T) | Epoch=364, loss=9.0394, c=1.998940, this 1.53s, total 557.48s
(T) | Epoch=365, loss=9.0496, c=1.998938, this 1.53s, total 559.01s
(T) | Epoch=366, loss=9.0413, c=1.998936, this 1.53s, total 560.54s
(T) | Epoch=367, loss=9.0432, c=1.998935, this 1.53s, total 562.07s
(T) | Epoch=368, loss=9.0522, c=1.998935, this 1.53s, total 563.60s
(T) | Epoch=369, loss=9.0435, c=1.998934, this 1.53s, total 565.13s
(T) | Epoch=370, loss=9.0224, c=1.998934, this 1.53s, total 566.66s
(T) | Epoch=371, loss=9.0198, c=1.998934, this 1.53s, total 568.19s
(T) | Epoch=372, loss=9.0332, c=1.998934, this 1.53s, total 569.72s
(T) | Epoch=373, loss=9.0409, c=1.998932, this 1.53s, total 571.25s
(T) | Epoch=374, loss=9.0227, c=1.998931, this 1.53s, total 572.78s
(T) | Epoch=375, loss=9.0230, c=1.998929, this 1.53s, total 574.31s
(T) | Epoch=376, loss=9.0223, c=1.998928, this 1.53s, total 575.84s
(T) | Epoch=377, loss=9.0202, c=1.998927, this 1.53s, total 577.37s
(T) | Epoch=378, loss=9.0182, c=1.998926, this 1.53s, total 578.90s
(T) | Epoch=379, loss=9.0293, c=1.998925, this 1.53s, total 580.43s
(T) | Epoch=380, loss=9.0205, c=1.998925, this 1.53s, total 581.96s
(T) | Epoch=381, loss=9.0335, c=1.998925, this 1.53s, total 583.49s
(T) | Epoch=382, loss=9.0433, c=1.998925, this 1.53s, total 585.02s
(T) | Epoch=383, loss=9.0237, c=1.998925, this 1.53s, total 586.55s
(T) | Epoch=384, loss=9.0368, c=1.998924, this 1.53s, total 588.08s
(T) | Epoch=385, loss=9.0154, c=1.998923, this 1.53s, total 589.61s
(T) | Epoch=386, loss=9.0276, c=1.998922, this 1.53s, total 591.14s
(T) | Epoch=387, loss=9.0381, c=1.998920, this 1.53s, total 592.67s
(T) | Epoch=388, loss=9.0152, c=1.998919, this 1.53s, total 594.20s
(T) | Epoch=389, loss=9.0310, c=1.998917, this 1.53s, total 595.73s
(T) | Epoch=390, loss=9.0304, c=1.998916, this 1.53s, total 597.26s
(T) | Epoch=391, loss=9.0370, c=1.998916, this 1.53s, total 598.79s
(T) | Epoch=392, loss=9.0341, c=1.998915, this 1.53s, total 600.32s
(T) | Epoch=393, loss=9.0299, c=1.998915, this 1.53s, total 601.85s
(T) | Epoch=394, loss=9.0258, c=1.998915, this 1.53s, total 603.37s
(T) | Epoch=395, loss=9.0004, c=1.998914, this 1.53s, total 604.90s
+++ model saved ! ./pre_trained_gnn/PubMed.GRACE.GAT.curv_2p0000.hyp_True.True.pth
(T) | Epoch=396, loss=9.0465, c=1.998913, this 1.53s, total 606.44s
(T) | Epoch=397, loss=9.0198, c=1.998912, this 1.53s, total 607.97s
(T) | Epoch=398, loss=9.0199, c=1.998911, this 1.53s, total 609.50s
(T) | Epoch=399, loss=9.0246, c=1.998910, this 1.53s, total 611.03s
(T) | Epoch=400, loss=9.0431, c=1.998909, this 1.53s, total 612.56s
(T) | Epoch=401, loss=9.0269, c=1.998908, this 1.53s, total 614.09s
(T) | Epoch=402, loss=9.0383, c=1.998906, this 1.53s, total 615.62s
(T) | Epoch=403, loss=9.0323, c=1.998906, this 1.53s, total 617.15s
(T) | Epoch=404, loss=9.0148, c=1.998905, this 1.53s, total 618.68s
(T) | Epoch=405, loss=9.0240, c=1.998905, this 1.53s, total 620.21s
(T) | Epoch=406, loss=9.0239, c=1.998905, this 1.53s, total 621.74s
(T) | Epoch=407, loss=9.0191, c=1.998905, this 1.53s, total 623.27s
(T) | Epoch=408, loss=9.0149, c=1.998905, this 1.53s, total 624.79s
(T) | Epoch=409, loss=9.0372, c=1.998904, this 1.53s, total 626.32s
(T) | Epoch=410, loss=9.0209, c=1.998903, this 1.53s, total 627.85s
(T) | Epoch=411, loss=9.0199, c=1.998901, this 1.53s, total 629.38s
(T) | Epoch=412, loss=9.0339, c=1.998900, this 1.53s, total 630.91s
(T) | Epoch=413, loss=9.0287, c=1.998898, this 1.53s, total 632.44s
(T) | Epoch=414, loss=9.0184, c=1.998897, this 1.53s, total 633.97s
(T) | Epoch=415, loss=9.0330, c=1.998897, this 1.53s, total 635.50s
(T) | Epoch=416, loss=9.0354, c=1.998897, this 1.53s, total 637.03s
(T) | Epoch=417, loss=9.0217, c=1.998897, this 1.53s, total 638.56s
(T) | Epoch=418, loss=9.0457, c=1.998896, this 1.53s, total 640.09s
(T) | Epoch=419, loss=9.0465, c=1.998895, this 1.53s, total 641.62s
(T) | Epoch=420, loss=9.0242, c=1.998892, this 1.53s, total 643.15s
(T) | Epoch=421, loss=9.0365, c=1.998890, this 1.53s, total 644.68s
(T) | Epoch=422, loss=9.0208, c=1.998888, this 1.53s, total 646.21s
(T) | Epoch=423, loss=9.0241, c=1.998887, this 1.53s, total 647.74s
(T) | Epoch=424, loss=9.0510, c=1.998887, this 1.53s, total 649.27s
(T) | Epoch=425, loss=9.0320, c=1.998887, this 1.53s, total 650.80s
(T) | Epoch=426, loss=9.0272, c=1.998887, this 1.53s, total 652.33s
(T) | Epoch=427, loss=9.0365, c=1.998886, this 1.53s, total 653.86s
(T) | Epoch=428, loss=9.0151, c=1.998885, this 1.53s, total 655.39s
(T) | Epoch=429, loss=9.0428, c=1.998883, this 1.53s, total 656.92s
(T) | Epoch=430, loss=9.0299, c=1.998882, this 1.53s, total 658.45s
(T) | Epoch=431, loss=9.0226, c=1.998881, this 1.53s, total 659.98s
(T) | Epoch=432, loss=9.0333, c=1.998880, this 1.53s, total 661.51s
(T) | Epoch=433, loss=9.0153, c=1.998880, this 1.53s, total 663.04s
(T) | Epoch=434, loss=9.0361, c=1.998879, this 1.53s, total 664.57s
(T) | Epoch=435, loss=9.0299, c=1.998878, this 1.53s, total 666.10s
(T) | Epoch=436, loss=9.0481, c=1.998876, this 1.53s, total 667.63s
(T) | Epoch=437, loss=9.0236, c=1.998875, this 1.53s, total 669.16s
(T) | Epoch=438, loss=9.0165, c=1.998873, this 1.53s, total 670.68s
(T) | Epoch=439, loss=9.0195, c=1.998872, this 1.53s, total 672.21s
(T) | Epoch=440, loss=9.0318, c=1.998871, this 1.53s, total 673.74s
(T) | Epoch=441, loss=9.0429, c=1.998870, this 1.53s, total 675.27s
(T) | Epoch=442, loss=9.0127, c=1.998870, this 1.53s, total 676.80s
(T) | Epoch=443, loss=9.0290, c=1.998869, this 1.53s, total 678.33s
(T) | Epoch=444, loss=9.0167, c=1.998868, this 1.53s, total 679.86s
(T) | Epoch=445, loss=9.0268, c=1.998867, this 1.53s, total 681.39s
(T) | Epoch=446, loss=9.0287, c=1.998865, this 1.53s, total 682.92s
(T) | Epoch=447, loss=9.0021, c=1.998864, this 1.53s, total 684.45s
(T) | Epoch=448, loss=9.0395, c=1.998863, this 1.53s, total 685.98s
(T) | Epoch=449, loss=9.0255, c=1.998861, this 1.53s, total 687.51s
(T) | Epoch=450, loss=9.0060, c=1.998860, this 1.53s, total 689.04s
(T) | Epoch=451, loss=9.0120, c=1.998859, this 1.53s, total 690.57s
(T) | Epoch=452, loss=9.0056, c=1.998859, this 1.53s, total 692.10s
(T) | Epoch=453, loss=9.0214, c=1.998858, this 1.53s, total 693.63s
(T) | Epoch=454, loss=9.0211, c=1.998857, this 1.53s, total 695.16s
(T) | Epoch=455, loss=9.0121, c=1.998856, this 1.53s, total 696.69s
(T) | Epoch=456, loss=9.0442, c=1.998855, this 1.53s, total 698.22s
(T) | Epoch=457, loss=9.0208, c=1.998854, this 1.53s, total 699.75s
(T) | Epoch=458, loss=9.0237, c=1.998853, this 1.53s, total 701.28s
(T) | Epoch=459, loss=9.0387, c=1.998851, this 1.53s, total 702.81s
(T) | Epoch=460, loss=9.0371, c=1.998849, this 1.53s, total 704.34s
(T) | Epoch=461, loss=9.0319, c=1.998847, this 1.53s, total 705.87s
(T) | Epoch=462, loss=9.0326, c=1.998846, this 1.53s, total 707.40s
(T) | Epoch=463, loss=9.0260, c=1.998845, this 1.53s, total 708.93s
(T) | Epoch=464, loss=9.0204, c=1.998845, this 1.53s, total 710.46s
(T) | Epoch=465, loss=9.0435, c=1.998844, this 1.53s, total 711.99s
(T) | Epoch=466, loss=9.0308, c=1.998843, this 1.53s, total 713.51s
(T) | Epoch=467, loss=9.0408, c=1.998842, this 1.53s, total 715.04s
(T) | Epoch=468, loss=9.0207, c=1.998841, this 1.53s, total 716.57s
(T) | Epoch=469, loss=9.0418, c=1.998839, this 1.53s, total 718.10s
(T) | Epoch=470, loss=9.0389, c=1.998837, this 1.53s, total 719.63s
(T) | Epoch=471, loss=9.0188, c=1.998835, this 1.53s, total 721.16s
(T) | Epoch=472, loss=9.0105, c=1.998834, this 1.53s, total 722.69s
(T) | Epoch=473, loss=9.0019, c=1.998832, this 1.53s, total 724.22s
(T) | Epoch=474, loss=9.0170, c=1.998832, this 1.53s, total 725.75s
(T) | Epoch=475, loss=9.0184, c=1.998832, this 1.53s, total 727.28s
(T) | Epoch=476, loss=9.0241, c=1.998832, this 1.53s, total 728.81s
(T) | Epoch=477, loss=9.0156, c=1.998831, this 1.53s, total 730.34s
(T) | Epoch=478, loss=9.0189, c=1.998829, this 1.53s, total 731.87s
(T) | Epoch=479, loss=9.0257, c=1.998829, this 1.53s, total 733.40s
(T) | Epoch=480, loss=9.0040, c=1.998827, this 1.53s, total 734.93s
(T) | Epoch=481, loss=9.0155, c=1.998825, this 1.53s, total 736.46s
(T) | Epoch=482, loss=9.0056, c=1.998824, this 1.53s, total 737.99s
(T) | Epoch=483, loss=9.0274, c=1.998822, this 1.53s, total 739.52s
(T) | Epoch=484, loss=9.0107, c=1.998820, this 1.53s, total 741.05s
(T) | Epoch=485, loss=9.0412, c=1.998819, this 1.53s, total 742.58s
(T) | Epoch=486, loss=9.0032, c=1.998819, this 1.53s, total 744.11s
(T) | Epoch=487, loss=9.0219, c=1.998818, this 1.53s, total 745.64s
(T) | Epoch=488, loss=9.0348, c=1.998818, this 1.53s, total 747.17s
(T) | Epoch=489, loss=9.0539, c=1.998817, this 1.53s, total 748.70s
(T) | Epoch=490, loss=9.0042, c=1.998816, this 1.53s, total 750.23s
(T) | Epoch=491, loss=9.0110, c=1.998814, this 1.53s, total 751.76s
(T) | Epoch=492, loss=9.0122, c=1.998812, this 1.53s, total 753.29s
(T) | Epoch=493, loss=9.0227, c=1.998809, this 1.53s, total 754.82s
(T) | Epoch=494, loss=9.0211, c=1.998807, this 1.53s, total 756.35s
(T) | Epoch=495, loss=8.9990, c=1.998807, this 1.53s, total 757.88s
+++ model saved ! ./pre_trained_gnn/PubMed.GRACE.GAT.curv_2p0000.hyp_True.True.pth
(T) | Epoch=496, loss=9.0125, c=1.998808, this 1.53s, total 759.41s
(T) | Epoch=497, loss=9.0254, c=1.998808, this 1.53s, total 760.94s
(T) | Epoch=498, loss=9.0449, c=1.998808, this 1.53s, total 762.47s
(T) | Epoch=499, loss=9.0177, c=1.998807, this 1.53s, total 764.00s
(T) | Epoch=500, loss=9.0159, c=1.998806, this 1.53s, total 765.53s
(T) | Epoch=501, loss=9.0304, c=1.998803, this 1.53s, total 767.06s
(T) | Epoch=502, loss=9.0352, c=1.998799, this 1.53s, total 768.59s
(T) | Epoch=503, loss=9.0266, c=1.998796, this 1.53s, total 770.12s
(T) | Epoch=504, loss=9.0003, c=1.998795, this 1.53s, total 771.65s
(T) | Epoch=505, loss=9.0166, c=1.998794, this 1.53s, total 773.18s
(T) | Epoch=506, loss=9.0272, c=1.998794, this 1.53s, total 774.71s
(T) | Epoch=507, loss=9.0228, c=1.998795, this 1.53s, total 776.24s
(T) | Epoch=508, loss=9.0317, c=1.998795, this 1.53s, total 777.77s
(T) | Epoch=509, loss=9.0251, c=1.998794, this 1.53s, total 779.30s
(T) | Epoch=510, loss=9.0330, c=1.998793, this 1.53s, total 780.83s
(T) | Epoch=511, loss=9.0245, c=1.998791, this 1.53s, total 782.36s
(T) | Epoch=512, loss=9.0033, c=1.998788, this 1.53s, total 783.89s
(T) | Epoch=513, loss=9.0072, c=1.998785, this 1.53s, total 785.41s
(T) | Epoch=514, loss=9.0156, c=1.998783, this 1.53s, total 786.94s
(T) | Epoch=515, loss=9.0205, c=1.998782, this 1.53s, total 788.47s
(T) | Epoch=516, loss=9.0038, c=1.998782, this 1.53s, total 790.01s
(T) | Epoch=517, loss=8.9989, c=1.998781, this 1.53s, total 791.53s
+++ model saved ! ./pre_trained_gnn/PubMed.GRACE.GAT.curv_2p0000.hyp_True.True.pth
(T) | Epoch=518, loss=8.9924, c=1.998781, this 1.53s, total 793.07s
+++ model saved ! ./pre_trained_gnn/PubMed.GRACE.GAT.curv_2p0000.hyp_True.True.pth
(T) | Epoch=519, loss=9.0185, c=1.998781, this 1.53s, total 794.60s
(T) | Epoch=520, loss=9.0189, c=1.998782, this 1.53s, total 796.13s
(T) | Epoch=521, loss=9.0203, c=1.998781, this 1.53s, total 797.66s
(T) | Epoch=522, loss=9.0069, c=1.998780, this 1.53s, total 799.19s
(T) | Epoch=523, loss=9.0112, c=1.998778, this 1.53s, total 800.72s
(T) | Epoch=524, loss=9.0281, c=1.998775, this 1.53s, total 802.25s
(T) | Epoch=525, loss=9.0299, c=1.998773, this 1.53s, total 803.78s
(T) | Epoch=526, loss=9.0075, c=1.998770, this 1.53s, total 805.31s
(T) | Epoch=527, loss=9.0262, c=1.998768, this 1.53s, total 806.84s
(T) | Epoch=528, loss=9.0353, c=1.998767, this 1.53s, total 808.37s
(T) | Epoch=529, loss=9.0288, c=1.998767, this 1.53s, total 809.90s
(T) | Epoch=530, loss=9.0269, c=1.998767, this 1.53s, total 811.43s
(T) | Epoch=531, loss=9.0137, c=1.998768, this 1.53s, total 812.96s
(T) | Epoch=532, loss=9.0355, c=1.998767, this 1.53s, total 814.49s
(T) | Epoch=533, loss=9.0082, c=1.998766, this 1.53s, total 816.02s
(T) | Epoch=534, loss=9.0007, c=1.998765, this 1.53s, total 817.55s
(T) | Epoch=535, loss=9.0297, c=1.998763, this 1.53s, total 819.08s
(T) | Epoch=536, loss=9.0032, c=1.998761, this 1.53s, total 820.61s
(T) | Epoch=537, loss=9.0218, c=1.998759, this 1.53s, total 822.14s
(T) | Epoch=538, loss=9.0204, c=1.998757, this 1.53s, total 823.67s
(T) | Epoch=539, loss=9.0213, c=1.998755, this 1.53s, total 825.20s
(T) | Epoch=540, loss=9.0359, c=1.998753, this 1.53s, total 826.73s
(T) | Epoch=541, loss=9.0053, c=1.998753, this 1.53s, total 828.26s
(T) | Epoch=542, loss=9.0282, c=1.998752, this 1.53s, total 829.78s
(T) | Epoch=543, loss=9.0290, c=1.998752, this 1.53s, total 831.32s
(T) | Epoch=544, loss=9.0155, c=1.998751, this 1.53s, total 832.85s
(T) | Epoch=545, loss=9.0197, c=1.998750, this 1.53s, total 834.38s
(T) | Epoch=546, loss=9.0163, c=1.998748, this 1.53s, total 835.90s
(T) | Epoch=547, loss=9.0130, c=1.998746, this 1.53s, total 837.43s
(T) | Epoch=548, loss=9.0200, c=1.998745, this 1.53s, total 838.96s
(T) | Epoch=549, loss=9.0281, c=1.998744, this 1.53s, total 840.49s
(T) | Epoch=550, loss=9.0143, c=1.998743, this 1.53s, total 842.02s
(T) | Epoch=551, loss=9.0152, c=1.998742, this 1.53s, total 843.55s
(T) | Epoch=552, loss=9.0116, c=1.998740, this 1.53s, total 845.08s
(T) | Epoch=553, loss=8.9990, c=1.998739, this 1.53s, total 846.61s
(T) | Epoch=554, loss=9.0098, c=1.998736, this 1.53s, total 848.14s
(T) | Epoch=555, loss=9.0227, c=1.998733, this 1.53s, total 849.67s
(T) | Epoch=556, loss=9.0229, c=1.998731, this 1.53s, total 851.20s
(T) | Epoch=557, loss=9.0115, c=1.998729, this 1.53s, total 852.73s
(T) | Epoch=558, loss=8.9934, c=1.998729, this 1.53s, total 854.26s
(T) | Epoch=559, loss=9.0018, c=1.998729, this 1.53s, total 855.79s
(T) | Epoch=560, loss=8.9937, c=1.998729, this 1.53s, total 857.32s
(T) | Epoch=561, loss=9.0054, c=1.998729, this 1.53s, total 858.85s
(T) | Epoch=562, loss=8.9962, c=1.998728, this 1.53s, total 860.38s
(T) | Epoch=563, loss=9.0049, c=1.998728, this 1.53s, total 861.91s
(T) | Epoch=564, loss=8.9919, c=1.998727, this 1.53s, total 863.44s
+++ model saved ! ./pre_trained_gnn/PubMed.GRACE.GAT.curv_2p0000.hyp_True.True.pth
(T) | Epoch=565, loss=9.0075, c=1.998725, this 1.53s, total 864.97s
(T) | Epoch=566, loss=8.9870, c=1.998723, this 1.53s, total 866.50s
+++ model saved ! ./pre_trained_gnn/PubMed.GRACE.GAT.curv_2p0000.hyp_True.True.pth
(T) | Epoch=567, loss=9.0041, c=1.998720, this 1.53s, total 868.04s
(T) | Epoch=568, loss=9.0168, c=1.998718, this 1.53s, total 869.57s
(T) | Epoch=569, loss=8.9991, c=1.998717, this 1.53s, total 871.10s
(T) | Epoch=570, loss=8.9914, c=1.998717, this 1.53s, total 872.63s
(T) | Epoch=571, loss=9.0268, c=1.998718, this 1.53s, total 874.15s
(T) | Epoch=572, loss=9.0178, c=1.998719, this 1.53s, total 875.68s
(T) | Epoch=573, loss=9.0081, c=1.998720, this 1.53s, total 877.21s
(T) | Epoch=574, loss=9.0299, c=1.998719, this 1.53s, total 878.74s
(T) | Epoch=575, loss=9.0196, c=1.998716, this 1.53s, total 880.27s
(T) | Epoch=576, loss=9.0075, c=1.998712, this 1.53s, total 881.80s
(T) | Epoch=577, loss=9.0106, c=1.998709, this 1.53s, total 883.33s
(T) | Epoch=578, loss=9.0067, c=1.998707, this 1.53s, total 884.86s
(T) | Epoch=579, loss=9.0112, c=1.998706, this 1.53s, total 886.39s
(T) | Epoch=580, loss=8.9942, c=1.998705, this 1.53s, total 887.92s
(T) | Epoch=581, loss=9.0138, c=1.998706, this 1.53s, total 889.45s
(T) | Epoch=582, loss=9.0228, c=1.998705, this 1.53s, total 890.98s
(T) | Epoch=583, loss=9.0353, c=1.998705, this 1.53s, total 892.51s
(T) | Epoch=584, loss=9.0221, c=1.998704, this 1.53s, total 894.04s
(T) | Epoch=585, loss=9.0109, c=1.998704, this 1.53s, total 895.57s
(T) | Epoch=586, loss=8.9885, c=1.998702, this 1.53s, total 897.10s
(T) | Epoch=587, loss=9.0237, c=1.998700, this 1.53s, total 898.63s
(T) | Epoch=588, loss=9.0212, c=1.998697, this 1.53s, total 900.16s
(T) | Epoch=589, loss=9.0045, c=1.998694, this 1.53s, total 901.69s
(T) | Epoch=590, loss=9.0133, c=1.998692, this 1.53s, total 903.22s
(T) | Epoch=591, loss=9.0187, c=1.998690, this 1.53s, total 904.75s
(T) | Epoch=592, loss=9.0044, c=1.998690, this 1.53s, total 906.28s
(T) | Epoch=593, loss=8.9956, c=1.998690, this 1.53s, total 907.81s
(T) | Epoch=594, loss=9.0000, c=1.998690, this 1.53s, total 909.34s
(T) | Epoch=595, loss=9.0128, c=1.998690, this 1.53s, total 910.87s
(T) | Epoch=596, loss=9.0163, c=1.998689, this 1.53s, total 912.40s
(T) | Epoch=597, loss=9.0045, c=1.998688, this 1.53s, total 913.93s
(T) | Epoch=598, loss=9.0359, c=1.998687, this 1.53s, total 915.46s
(T) | Epoch=599, loss=9.0011, c=1.998685, this 1.53s, total 916.99s
(T) | Epoch=600, loss=9.0181, c=1.998682, this 1.53s, total 918.52s
(T) | Epoch=601, loss=9.0185, c=1.998679, this 1.53s, total 920.05s
(T) | Epoch=602, loss=8.9986, c=1.998678, this 1.53s, total 921.58s
(T) | Epoch=603, loss=9.0019, c=1.998676, this 1.53s, total 923.11s
(T) | Epoch=604, loss=9.0133, c=1.998675, this 1.53s, total 924.64s
(T) | Epoch=605, loss=9.0005, c=1.998675, this 1.53s, total 926.17s
(T) | Epoch=606, loss=9.0138, c=1.998674, this 1.53s, total 927.70s
(T) | Epoch=607, loss=9.0075, c=1.998674, this 1.53s, total 929.23s
(T) | Epoch=608, loss=9.0091, c=1.998673, this 1.53s, total 930.75s
(T) | Epoch=609, loss=9.0300, c=1.998672, this 1.53s, total 932.28s
(T) | Epoch=610, loss=9.0094, c=1.998670, this 1.53s, total 933.81s
(T) | Epoch=611, loss=9.0097, c=1.998667, this 1.53s, total 935.34s
(T) | Epoch=612, loss=9.0233, c=1.998664, this 1.53s, total 936.87s
(T) | Epoch=613, loss=9.0058, c=1.998662, this 1.53s, total 938.40s
(T) | Epoch=614, loss=9.0154, c=1.998660, this 1.53s, total 939.93s
(T) | Epoch=615, loss=9.0102, c=1.998660, this 1.53s, total 941.46s
(T) | Epoch=616, loss=9.0319, c=1.998660, this 1.53s, total 942.99s
(T) | Epoch=617, loss=9.0312, c=1.998659, this 1.53s, total 944.52s
(T) | Epoch=618, loss=8.9950, c=1.998658, this 1.53s, total 946.05s
(T) | Epoch=619, loss=9.0111, c=1.998656, this 1.53s, total 947.58s
(T) | Epoch=620, loss=8.9925, c=1.998655, this 1.53s, total 949.11s
(T) | Epoch=621, loss=9.0225, c=1.998654, this 1.53s, total 950.64s
(T) | Epoch=622, loss=9.0065, c=1.998653, this 1.53s, total 952.17s
(T) | Epoch=623, loss=9.0267, c=1.998651, this 1.53s, total 953.70s
(T) | Epoch=624, loss=9.0056, c=1.998650, this 1.53s, total 955.23s
(T) | Epoch=625, loss=9.0225, c=1.998648, this 1.53s, total 956.76s
(T) | Epoch=626, loss=8.9970, c=1.998648, this 1.53s, total 958.29s
(T) | Epoch=627, loss=8.9990, c=1.998647, this 1.53s, total 959.82s
(T) | Epoch=628, loss=9.0170, c=1.998645, this 1.53s, total 961.35s
(T) | Epoch=629, loss=8.9996, c=1.998644, this 1.53s, total 962.88s
(T) | Epoch=630, loss=8.9895, c=1.998642, this 1.53s, total 964.41s
(T) | Epoch=631, loss=9.0241, c=1.998641, this 1.53s, total 965.93s
(T) | Epoch=632, loss=8.9946, c=1.998641, this 1.53s, total 967.46s
(T) | Epoch=633, loss=8.9902, c=1.998641, this 1.53s, total 968.99s
(T) | Epoch=634, loss=8.9902, c=1.998639, this 1.53s, total 970.52s
(T) | Epoch=635, loss=9.0169, c=1.998638, this 1.53s, total 972.05s
(T) | Epoch=636, loss=9.0070, c=1.998636, this 1.53s, total 973.58s
(T) | Epoch=637, loss=9.0061, c=1.998635, this 1.53s, total 975.11s
(T) | Epoch=638, loss=8.9879, c=1.998634, this 1.53s, total 976.64s
(T) | Epoch=639, loss=8.9898, c=1.998633, this 1.53s, total 978.17s
(T) | Epoch=640, loss=9.0079, c=1.998633, this 1.53s, total 979.70s
(T) | Epoch=641, loss=9.0193, c=1.998633, this 1.53s, total 981.23s
(T) | Epoch=642, loss=9.0125, c=1.998633, this 1.53s, total 982.76s
(T) | Epoch=643, loss=8.9927, c=1.998633, this 1.53s, total 984.29s
(T) | Epoch=644, loss=8.9973, c=1.998633, this 1.53s, total 985.82s
(T) | Epoch=645, loss=8.9914, c=1.998632, this 1.53s, total 987.35s
(T) | Epoch=646, loss=9.0009, c=1.998631, this 1.53s, total 988.88s
(T) | Epoch=647, loss=9.0212, c=1.998629, this 1.53s, total 990.41s
(T) | Epoch=648, loss=9.0025, c=1.998628, this 1.53s, total 991.94s
(T) | Epoch=649, loss=8.9977, c=1.998627, this 1.53s, total 993.47s
(T) | Epoch=650, loss=9.0094, c=1.998626, this 1.53s, total 995.00s
(T) | Epoch=651, loss=8.9972, c=1.998625, this 1.53s, total 996.53s
(T) | Epoch=652, loss=9.0140, c=1.998624, this 1.53s, total 998.06s
(T) | Epoch=653, loss=9.0259, c=1.998623, this 1.53s, total 999.59s
(T) | Epoch=654, loss=9.0029, c=1.998622, this 1.53s, total 1001.12s
(T) | Epoch=655, loss=9.0069, c=1.998620, this 1.53s, total 1002.65s
(T) | Epoch=656, loss=9.0119, c=1.998619, this 1.53s, total 1004.17s
(T) | Epoch=657, loss=9.0129, c=1.998618, this 1.53s, total 1005.70s
(T) | Epoch=658, loss=9.0051, c=1.998618, this 1.53s, total 1007.23s
(T) | Epoch=659, loss=8.9991, c=1.998617, this 1.53s, total 1008.76s
(T) | Epoch=660, loss=8.9908, c=1.998618, this 1.53s, total 1010.29s
(T) | Epoch=661, loss=9.0153, c=1.998617, this 1.53s, total 1011.81s
(T) | Epoch=662, loss=9.0009, c=1.998616, this 1.53s, total 1013.34s
(T) | Epoch=663, loss=9.0065, c=1.998615, this 1.53s, total 1014.87s
(T) | Epoch=664, loss=9.0033, c=1.998614, this 1.53s, total 1016.40s
(T) | Epoch=665, loss=8.9921, c=1.998613, this 1.53s, total 1017.92s
(T) | Epoch=666, loss=8.9975, c=1.998611, this 1.53s, total 1019.45s
(T) | Epoch=667, loss=9.0008, c=1.998610, this 1.53s, total 1020.98s
(T) | Epoch=668, loss=9.0072, c=1.998608, this 1.53s, total 1022.51s
(T) | Epoch=669, loss=9.0093, c=1.998608, this 1.53s, total 1024.03s
(T) | Epoch=670, loss=8.9963, c=1.998608, this 1.53s, total 1025.56s
(T) | Epoch=671, loss=8.9975, c=1.998607, this 1.53s, total 1027.09s
(T) | Epoch=672, loss=8.9988, c=1.998607, this 1.53s, total 1028.62s
(T) | Epoch=673, loss=8.9984, c=1.998606, this 1.53s, total 1030.14s
(T) | Epoch=674, loss=9.0096, c=1.998605, this 1.53s, total 1031.67s
(T) | Epoch=675, loss=9.0023, c=1.998604, this 1.53s, total 1033.20s
(T) | Epoch=676, loss=9.0076, c=1.998603, this 1.53s, total 1034.72s
(T) | Epoch=677, loss=8.9952, c=1.998602, this 1.53s, total 1036.25s
(T) | Epoch=678, loss=8.9949, c=1.998601, this 1.53s, total 1037.78s
(T) | Epoch=679, loss=8.9953, c=1.998601, this 1.53s, total 1039.31s
(T) | Epoch=680, loss=8.9939, c=1.998600, this 1.53s, total 1040.83s
(T) | Epoch=681, loss=8.9989, c=1.998599, this 1.53s, total 1042.36s
(T) | Epoch=682, loss=8.9982, c=1.998599, this 1.53s, total 1043.89s
(T) | Epoch=683, loss=8.9800, c=1.998598, this 1.53s, total 1045.42s
+++ model saved ! ./pre_trained_gnn/PubMed.GRACE.GAT.curv_2p0000.hyp_True.True.pth
(T) | Epoch=684, loss=9.0006, c=1.998597, this 1.53s, total 1046.95s
(T) | Epoch=685, loss=8.9984, c=1.998596, this 1.53s, total 1048.48s
(T) | Epoch=686, loss=8.9982, c=1.998595, this 1.53s, total 1050.00s
(T) | Epoch=687, loss=9.0134, c=1.998595, this 1.53s, total 1051.53s
(T) | Epoch=688, loss=9.0070, c=1.998594, this 1.53s, total 1053.06s
(T) | Epoch=689, loss=9.0053, c=1.998594, this 1.53s, total 1054.59s
(T) | Epoch=690, loss=9.0046, c=1.998594, this 1.53s, total 1056.11s
(T) | Epoch=691, loss=8.9913, c=1.998593, this 1.53s, total 1057.64s
(T) | Epoch=692, loss=9.0028, c=1.998592, this 1.53s, total 1059.17s
(T) | Epoch=693, loss=8.9921, c=1.998592, this 1.53s, total 1060.69s
(T) | Epoch=694, loss=9.0024, c=1.998591, this 1.53s, total 1062.22s
(T) | Epoch=695, loss=8.9991, c=1.998589, this 1.53s, total 1063.75s
(T) | Epoch=696, loss=9.0042, c=1.998587, this 1.53s, total 1065.28s
(T) | Epoch=697, loss=9.0321, c=1.998585, this 1.53s, total 1066.80s
(T) | Epoch=698, loss=8.9928, c=1.998583, this 1.53s, total 1068.33s
(T) | Epoch=699, loss=9.0140, c=1.998583, this 1.53s, total 1069.86s
(T) | Epoch=700, loss=8.9886, c=1.998583, this 1.53s, total 1071.39s
(T) | Epoch=701, loss=9.0059, c=1.998583, this 1.53s, total 1072.91s
(T) | Epoch=702, loss=8.9976, c=1.998584, this 1.53s, total 1074.44s
(T) | Epoch=703, loss=9.0011, c=1.998584, this 1.53s, total 1075.97s
(T) | Epoch=704, loss=9.0154, c=1.998583, this 1.53s, total 1077.49s
(T) | Epoch=705, loss=9.0101, c=1.998582, this 1.53s, total 1079.02s
(T) | Epoch=706, loss=9.0007, c=1.998579, this 1.53s, total 1080.55s
(T) | Epoch=707, loss=8.9904, c=1.998577, this 1.53s, total 1082.08s
(T) | Epoch=708, loss=8.9994, c=1.998576, this 1.53s, total 1083.60s
(T) | Epoch=709, loss=8.9989, c=1.998574, this 1.53s, total 1085.13s
(T) | Epoch=710, loss=8.9981, c=1.998574, this 1.53s, total 1086.66s
(T) | Epoch=711, loss=8.9897, c=1.998574, this 1.53s, total 1088.19s
(T) | Epoch=712, loss=8.9955, c=1.998574, this 1.53s, total 1089.71s
(T) | Epoch=713, loss=9.0152, c=1.998574, this 1.53s, total 1091.24s
(T) | Epoch=714, loss=8.9996, c=1.998574, this 1.53s, total 1092.77s
(T) | Epoch=715, loss=9.0100, c=1.998574, this 1.53s, total 1094.30s
(T) | Epoch=716, loss=8.9894, c=1.998574, this 1.53s, total 1095.82s
(T) | Epoch=717, loss=8.9891, c=1.998572, this 1.53s, total 1097.35s
(T) | Epoch=718, loss=9.0145, c=1.998569, this 1.53s, total 1098.88s
(T) | Epoch=719, loss=8.9942, c=1.998567, this 1.53s, total 1100.40s
(T) | Epoch=720, loss=9.0263, c=1.998565, this 1.53s, total 1101.93s
(T) | Epoch=721, loss=8.9931, c=1.998563, this 1.53s, total 1103.46s
(T) | Epoch=722, loss=8.9929, c=1.998563, this 1.53s, total 1104.99s
(T) | Epoch=723, loss=8.9826, c=1.998563, this 1.53s, total 1106.51s
(T) | Epoch=724, loss=9.0023, c=1.998563, this 1.53s, total 1108.04s
(T) | Epoch=725, loss=9.0016, c=1.998563, this 1.53s, total 1109.57s
(T) | Epoch=726, loss=8.9910, c=1.998563, this 1.53s, total 1111.10s
(T) | Epoch=727, loss=8.9951, c=1.998562, this 1.53s, total 1112.62s
(T) | Epoch=728, loss=8.9962, c=1.998560, this 1.53s, total 1114.15s
(T) | Epoch=729, loss=8.9924, c=1.998558, this 1.53s, total 1115.68s
(T) | Epoch=730, loss=9.0053, c=1.998557, this 1.53s, total 1117.21s
(T) | Epoch=731, loss=9.0066, c=1.998556, this 1.53s, total 1118.73s
(T) | Epoch=732, loss=8.9865, c=1.998556, this 1.53s, total 1120.26s
(T) | Epoch=733, loss=9.0033, c=1.998555, this 1.53s, total 1121.79s
(T) | Epoch=734, loss=8.9905, c=1.998555, this 1.53s, total 1123.32s
(T) | Epoch=735, loss=8.9954, c=1.998554, this 1.53s, total 1124.84s
(T) | Epoch=736, loss=8.9927, c=1.998553, this 1.53s, total 1126.37s
(T) | Epoch=737, loss=9.0021, c=1.998552, this 1.53s, total 1127.90s
(T) | Epoch=738, loss=8.9903, c=1.998551, this 1.53s, total 1129.43s
(T) | Epoch=739, loss=9.0154, c=1.998549, this 1.53s, total 1130.95s
(T) | Epoch=740, loss=8.9926, c=1.998547, this 1.53s, total 1132.48s
(T) | Epoch=741, loss=9.0106, c=1.998547, this 1.53s, total 1134.01s
(T) | Epoch=742, loss=8.9925, c=1.998546, this 1.53s, total 1135.54s
(T) | Epoch=743, loss=9.0001, c=1.998546, this 1.53s, total 1137.07s
(T) | Epoch=744, loss=8.9840, c=1.998546, this 1.53s, total 1138.60s
(T) | Epoch=745, loss=8.9929, c=1.998545, this 1.53s, total 1140.12s
(T) | Epoch=746, loss=9.0080, c=1.998544, this 1.53s, total 1141.65s
(T) | Epoch=747, loss=9.0085, c=1.998542, this 1.53s, total 1143.18s
(T) | Epoch=748, loss=8.9855, c=1.998540, this 1.53s, total 1144.71s
(T) | Epoch=749, loss=9.0069, c=1.998539, this 1.53s, total 1146.23s
(T) | Epoch=750, loss=8.9867, c=1.998539, this 1.53s, total 1147.76s
(T) | Epoch=751, loss=8.9927, c=1.998538, this 1.53s, total 1149.29s
(T) | Epoch=752, loss=9.0167, c=1.998538, this 1.53s, total 1150.82s
(T) | Epoch=753, loss=9.0079, c=1.998538, this 1.53s, total 1152.34s
(T) | Epoch=754, loss=9.0169, c=1.998536, this 1.53s, total 1153.87s
(T) | Epoch=755, loss=9.0154, c=1.998536, this 1.53s, total 1155.40s
(T) | Epoch=756, loss=9.0037, c=1.998534, this 1.53s, total 1156.92s
(T) | Epoch=757, loss=8.9806, c=1.998534, this 1.53s, total 1158.45s
(T) | Epoch=758, loss=9.0130, c=1.998533, this 1.53s, total 1159.98s
(T) | Epoch=759, loss=8.9832, c=1.998533, this 1.53s, total 1161.51s
(T) | Epoch=760, loss=9.0010, c=1.998533, this 1.53s, total 1163.03s
(T) | Epoch=761, loss=8.9989, c=1.998532, this 1.53s, total 1164.56s
(T) | Epoch=762, loss=8.9983, c=1.998531, this 1.53s, total 1166.09s
(T) | Epoch=763, loss=8.9853, c=1.998530, this 1.53s, total 1167.62s
(T) | Epoch=764, loss=8.9975, c=1.998528, this 1.53s, total 1169.14s
(T) | Epoch=765, loss=8.9942, c=1.998527, this 1.53s, total 1170.67s
(T) | Epoch=766, loss=9.0006, c=1.998525, this 1.53s, total 1172.20s
(T) | Epoch=767, loss=8.9913, c=1.998524, this 1.53s, total 1173.73s
(T) | Epoch=768, loss=8.9703, c=1.998524, this 1.53s, total 1175.25s
+++ model saved ! ./pre_trained_gnn/PubMed.GRACE.GAT.curv_2p0000.hyp_True.True.pth
(T) | Epoch=769, loss=9.0122, c=1.998524, this 1.53s, total 1176.78s
(T) | Epoch=770, loss=8.9890, c=1.998525, this 1.53s, total 1178.31s
(T) | Epoch=771, loss=8.9861, c=1.998526, this 1.53s, total 1179.84s
(T) | Epoch=772, loss=8.9968, c=1.998525, this 1.53s, total 1181.37s
(T) | Epoch=773, loss=8.9991, c=1.998524, this 1.53s, total 1182.89s
(T) | Epoch=774, loss=8.9790, c=1.998522, this 1.53s, total 1184.42s
(T) | Epoch=775, loss=8.9772, c=1.998520, this 1.53s, total 1185.95s
(T) | Epoch=776, loss=9.0012, c=1.998519, this 1.53s, total 1187.48s
(T) | Epoch=777, loss=8.9999, c=1.998517, this 1.53s, total 1189.00s
(T) | Epoch=778, loss=8.9947, c=1.998517, this 1.53s, total 1190.53s
(T) | Epoch=779, loss=8.9889, c=1.998517, this 1.53s, total 1192.06s
(T) | Epoch=780, loss=9.0075, c=1.998516, this 1.53s, total 1193.59s
(T) | Epoch=781, loss=8.9930, c=1.998515, this 1.53s, total 1195.11s
(T) | Epoch=782, loss=9.0225, c=1.998514, this 1.53s, total 1196.64s
(T) | Epoch=783, loss=8.9835, c=1.998513, this 1.53s, total 1198.17s
(T) | Epoch=784, loss=9.0067, c=1.998511, this 1.53s, total 1199.70s
(T) | Epoch=785, loss=8.9845, c=1.998509, this 1.53s, total 1201.22s
(T) | Epoch=786, loss=8.9830, c=1.998507, this 1.53s, total 1202.75s
(T) | Epoch=787, loss=8.9931, c=1.998506, this 1.53s, total 1204.28s
(T) | Epoch=788, loss=8.9826, c=1.998506, this 1.53s, total 1205.81s
(T) | Epoch=789, loss=8.9750, c=1.998506, this 1.53s, total 1207.33s
(T) | Epoch=790, loss=8.9914, c=1.998505, this 1.53s, total 1208.86s
(T) | Epoch=791, loss=8.9938, c=1.998505, this 1.53s, total 1210.39s
(T) | Epoch=792, loss=8.9816, c=1.998505, this 1.53s, total 1211.92s
(T) | Epoch=793, loss=9.0096, c=1.998503, this 1.53s, total 1213.44s
(T) | Epoch=794, loss=8.9888, c=1.998501, this 1.53s, total 1214.97s
(T) | Epoch=795, loss=8.9888, c=1.998499, this 1.53s, total 1216.50s
(T) | Epoch=796, loss=8.9807, c=1.998497, this 1.53s, total 1218.03s
(T) | Epoch=797, loss=8.9904, c=1.998495, this 1.53s, total 1219.55s
(T) | Epoch=798, loss=8.9804, c=1.998494, this 1.53s, total 1221.08s
(T) | Epoch=799, loss=8.9946, c=1.998493, this 1.53s, total 1222.61s
(T) | Epoch=800, loss=8.9913, c=1.998492, this 1.53s, total 1224.13s
(T) | Epoch=801, loss=8.9848, c=1.998492, this 1.53s, total 1225.66s
(T) | Epoch=802, loss=9.0074, c=1.998492, this 1.53s, total 1227.19s
(T) | Epoch=803, loss=8.9871, c=1.998492, this 1.53s, total 1228.72s
(T) | Epoch=804, loss=9.0033, c=1.998492, this 1.53s, total 1230.24s
(T) | Epoch=805, loss=8.9992, c=1.998491, this 1.53s, total 1231.77s
(T) | Epoch=806, loss=8.9929, c=1.998489, this 1.53s, total 1233.30s
(T) | Epoch=807, loss=8.9684, c=1.998488, this 1.53s, total 1234.83s
+++ model saved ! ./pre_trained_gnn/PubMed.GRACE.GAT.curv_2p0000.hyp_True.True.pth
(T) | Epoch=808, loss=9.0049, c=1.998486, this 1.53s, total 1236.36s
(T) | Epoch=809, loss=8.9903, c=1.998485, this 1.53s, total 1237.88s
(T) | Epoch=810, loss=8.9922, c=1.998485, this 1.53s, total 1239.41s
(T) | Epoch=811, loss=8.9832, c=1.998484, this 1.53s, total 1240.94s
(T) | Epoch=812, loss=8.9935, c=1.998484, this 1.53s, total 1242.47s
(T) | Epoch=813, loss=8.9925, c=1.998483, this 1.53s, total 1243.99s
(T) | Epoch=814, loss=8.9738, c=1.998482, this 1.53s, total 1245.52s
(T) | Epoch=815, loss=8.9921, c=1.998481, this 1.53s, total 1247.05s
(T) | Epoch=816, loss=8.9900, c=1.998480, this 1.53s, total 1248.58s
(T) | Epoch=817, loss=8.9964, c=1.998479, this 1.53s, total 1250.10s
(T) | Epoch=818, loss=8.9966, c=1.998478, this 1.53s, total 1251.63s
(T) | Epoch=819, loss=8.9970, c=1.998478, this 1.53s, total 1253.16s
(T) | Epoch=820, loss=8.9925, c=1.998477, this 1.53s, total 1254.68s
(T) | Epoch=821, loss=8.9804, c=1.998477, this 1.53s, total 1256.21s
(T) | Epoch=822, loss=8.9935, c=1.998476, this 1.53s, total 1257.74s
(T) | Epoch=823, loss=9.0066, c=1.998476, this 1.53s, total 1259.27s
(T) | Epoch=824, loss=8.9862, c=1.998475, this 1.53s, total 1260.79s
(T) | Epoch=825, loss=8.9824, c=1.998474, this 1.53s, total 1262.32s
(T) | Epoch=826, loss=8.9810, c=1.998472, this 1.53s, total 1263.85s
(T) | Epoch=827, loss=8.9967, c=1.998471, this 1.53s, total 1265.38s
(T) | Epoch=828, loss=8.9763, c=1.998469, this 1.53s, total 1266.90s
(T) | Epoch=829, loss=8.9869, c=1.998468, this 1.53s, total 1268.43s
(T) | Epoch=830, loss=8.9798, c=1.998468, this 1.53s, total 1269.96s
(T) | Epoch=831, loss=9.0127, c=1.998468, this 1.53s, total 1271.49s
(T) | Epoch=832, loss=9.0027, c=1.998468, this 1.53s, total 1273.02s
(T) | Epoch=833, loss=8.9919, c=1.998467, this 1.53s, total 1274.54s
(T) | Epoch=834, loss=8.9779, c=1.998466, this 1.53s, total 1276.07s
(T) | Epoch=835, loss=8.9840, c=1.998466, this 1.53s, total 1277.60s
(T) | Epoch=836, loss=9.0008, c=1.998464, this 1.53s, total 1279.13s
(T) | Epoch=837, loss=9.0198, c=1.998462, this 1.53s, total 1280.65s
(T) | Epoch=838, loss=8.9955, c=1.998461, this 1.53s, total 1282.18s
(T) | Epoch=839, loss=8.9999, c=1.998460, this 1.53s, total 1283.71s
(T) | Epoch=840, loss=8.9864, c=1.998459, this 1.53s, total 1285.24s
(T) | Epoch=841, loss=9.0053, c=1.998459, this 1.53s, total 1286.77s
(T) | Epoch=842, loss=9.0135, c=1.998459, this 1.53s, total 1288.30s
(T) | Epoch=843, loss=8.9775, c=1.998458, this 1.53s, total 1289.82s
(T) | Epoch=844, loss=8.9873, c=1.998458, this 1.53s, total 1291.35s
(T) | Epoch=845, loss=8.9783, c=1.998458, this 1.53s, total 1292.88s
(T) | Epoch=846, loss=8.9948, c=1.998457, this 1.53s, total 1294.41s
(T) | Epoch=847, loss=8.9903, c=1.998456, this 1.53s, total 1295.93s
(T) | Epoch=848, loss=8.9991, c=1.998454, this 1.53s, total 1297.46s
(T) | Epoch=849, loss=8.9862, c=1.998453, this 1.53s, total 1298.99s
(T) | Epoch=850, loss=8.9834, c=1.998452, this 1.53s, total 1300.52s
(T) | Epoch=851, loss=8.9894, c=1.998451, this 1.53s, total 1302.04s
(T) | Epoch=852, loss=8.9870, c=1.998451, this 1.53s, total 1303.57s
(T) | Epoch=853, loss=9.0000, c=1.998450, this 1.53s, total 1305.10s
(T) | Epoch=854, loss=9.0131, c=1.998450, this 1.53s, total 1306.62s
(T) | Epoch=855, loss=9.0061, c=1.998449, this 1.53s, total 1308.15s
(T) | Epoch=856, loss=8.9723, c=1.998448, this 1.53s, total 1309.68s
(T) | Epoch=857, loss=8.9832, c=1.998446, this 1.53s, total 1311.21s
(T) | Epoch=858, loss=8.9820, c=1.998444, this 1.53s, total 1312.73s
(T) | Epoch=859, loss=8.9775, c=1.998443, this 1.53s, total 1314.26s
(T) | Epoch=860, loss=8.9783, c=1.998441, this 1.53s, total 1315.79s
(T) | Epoch=861, loss=9.0009, c=1.998439, this 1.53s, total 1317.32s
(T) | Epoch=862, loss=8.9752, c=1.998438, this 1.53s, total 1318.84s
(T) | Epoch=863, loss=8.9867, c=1.998438, this 1.53s, total 1320.37s
(T) | Epoch=864, loss=8.9676, c=1.998437, this 1.53s, total 1321.90s
+++ model saved ! ./pre_trained_gnn/PubMed.GRACE.GAT.curv_2p0000.hyp_True.True.pth
(T) | Epoch=865, loss=8.9829, c=1.998437, this 1.53s, total 1323.43s
(T) | Epoch=866, loss=8.9823, c=1.998437, this 1.53s, total 1324.96s
(T) | Epoch=867, loss=8.9742, c=1.998435, this 1.53s, total 1326.48s
(T) | Epoch=868, loss=9.0023, c=1.998435, this 1.53s, total 1328.01s
(T) | Epoch=869, loss=9.0007, c=1.998433, this 1.53s, total 1329.54s
(T) | Epoch=870, loss=8.9858, c=1.998432, this 1.53s, total 1331.07s
(T) | Epoch=871, loss=8.9851, c=1.998431, this 1.53s, total 1332.59s
(T) | Epoch=872, loss=8.9855, c=1.998431, this 1.53s, total 1334.12s
(T) | Epoch=873, loss=9.0094, c=1.998430, this 1.53s, total 1335.65s
(T) | Epoch=874, loss=8.9867, c=1.998429, this 1.53s, total 1337.18s
(T) | Epoch=875, loss=8.9747, c=1.998428, this 1.53s, total 1338.70s
(T) | Epoch=876, loss=8.9709, c=1.998428, this 1.53s, total 1340.23s
(T) | Epoch=877, loss=8.9742, c=1.998428, this 1.53s, total 1341.76s
(T) | Epoch=878, loss=8.9838, c=1.998428, this 1.53s, total 1343.29s
(T) | Epoch=879, loss=9.0204, c=1.998428, this 1.53s, total 1344.81s
(T) | Epoch=880, loss=8.9961, c=1.998427, this 1.53s, total 1346.34s
(T) | Epoch=881, loss=8.9768, c=1.998427, this 1.53s, total 1347.87s
(T) | Epoch=882, loss=8.9777, c=1.998427, this 1.53s, total 1349.39s
(T) | Epoch=883, loss=8.9878, c=1.998425, this 1.53s, total 1350.92s
(T) | Epoch=884, loss=8.9901, c=1.998424, this 1.53s, total 1352.45s
(T) | Epoch=885, loss=8.9799, c=1.998423, this 1.53s, total 1353.98s
(T) | Epoch=886, loss=8.9772, c=1.998422, this 1.53s, total 1355.50s
(T) | Epoch=887, loss=8.9981, c=1.998420, this 1.53s, total 1357.03s
(T) | Epoch=888, loss=8.9908, c=1.998419, this 1.53s, total 1358.56s
(T) | Epoch=889, loss=8.9844, c=1.998418, this 1.53s, total 1360.09s
(T) | Epoch=890, loss=8.9952, c=1.998418, this 1.53s, total 1361.61s
(T) | Epoch=891, loss=8.9785, c=1.998417, this 1.53s, total 1363.14s
(T) | Epoch=892, loss=8.9989, c=1.998417, this 1.53s, total 1364.67s
(T) | Epoch=893, loss=8.9748, c=1.998417, this 1.53s, total 1366.20s
(T) | Epoch=894, loss=8.9987, c=1.998417, this 1.53s, total 1367.72s
(T) | Epoch=895, loss=8.9826, c=1.998416, this 1.53s, total 1369.25s
(T) | Epoch=896, loss=9.0253, c=1.998416, this 1.53s, total 1370.78s
(T) | Epoch=897, loss=8.9986, c=1.998416, this 1.53s, total 1372.31s
(T) | Epoch=898, loss=8.9906, c=1.998415, this 1.53s, total 1373.83s
(T) | Epoch=899, loss=8.9960, c=1.998412, this 1.53s, total 1375.36s
(T) | Epoch=900, loss=8.9726, c=1.998410, this 1.53s, total 1376.89s
(T) | Epoch=901, loss=8.9934, c=1.998407, this 1.53s, total 1378.41s
(T) | Epoch=902, loss=8.9987, c=1.998405, this 1.53s, total 1379.94s
(T) | Epoch=903, loss=8.9604, c=1.998404, this 1.53s, total 1381.47s
+++ model saved ! ./pre_trained_gnn/PubMed.GRACE.GAT.curv_2p0000.hyp_True.True.pth
(T) | Epoch=904, loss=9.0076, c=1.998404, this 1.53s, total 1383.00s
(T) | Epoch=905, loss=8.9907, c=1.998405, this 1.53s, total 1384.53s
(T) | Epoch=906, loss=8.9961, c=1.998404, this 1.53s, total 1386.06s
(T) | Epoch=907, loss=8.9897, c=1.998402, this 1.53s, total 1387.58s
(T) | Epoch=908, loss=8.9847, c=1.998400, this 1.53s, total 1389.11s
(T) | Epoch=909, loss=8.9884, c=1.998398, this 1.53s, total 1390.64s
(T) | Epoch=910, loss=8.9782, c=1.998398, this 1.53s, total 1392.16s
(T) | Epoch=911, loss=8.9897, c=1.998397, this 1.53s, total 1393.69s
(T) | Epoch=912, loss=9.0120, c=1.998397, this 1.53s, total 1395.22s
(T) | Epoch=913, loss=9.0040, c=1.998397, this 1.53s, total 1396.75s
(T) | Epoch=914, loss=8.9631, c=1.998397, this 1.53s, total 1398.27s
(T) | Epoch=915, loss=9.0010, c=1.998395, this 1.53s, total 1399.80s
(T) | Epoch=916, loss=9.0004, c=1.998395, this 1.53s, total 1401.33s
(T) | Epoch=917, loss=8.9693, c=1.998394, this 1.53s, total 1402.86s
(T) | Epoch=918, loss=8.9880, c=1.998392, this 1.53s, total 1404.38s
(T) | Epoch=919, loss=8.9818, c=1.998391, this 1.53s, total 1405.91s
(T) | Epoch=920, loss=8.9850, c=1.998389, this 1.53s, total 1407.44s
(T) | Epoch=921, loss=8.9934, c=1.998386, this 1.53s, total 1408.97s
(T) | Epoch=922, loss=8.9924, c=1.998385, this 1.53s, total 1410.49s
(T) | Epoch=923, loss=8.9628, c=1.998384, this 1.53s, total 1412.02s
(T) | Epoch=924, loss=8.9877, c=1.998383, this 1.53s, total 1413.55s
(T) | Epoch=925, loss=8.9738, c=1.998383, this 1.53s, total 1415.08s
(T) | Epoch=926, loss=8.9980, c=1.998383, this 1.53s, total 1416.60s
(T) | Epoch=927, loss=8.9896, c=1.998382, this 1.53s, total 1418.13s
(T) | Epoch=928, loss=8.9839, c=1.998382, this 1.53s, total 1419.66s
(T) | Epoch=929, loss=8.9852, c=1.998382, this 1.53s, total 1421.19s
(T) | Epoch=930, loss=8.9996, c=1.998382, this 1.53s, total 1422.71s
(T) | Epoch=931, loss=9.0091, c=1.998381, this 1.53s, total 1424.24s
(T) | Epoch=932, loss=8.9691, c=1.998380, this 1.53s, total 1425.77s
(T) | Epoch=933, loss=8.9756, c=1.998378, this 1.53s, total 1427.29s
(T) | Epoch=934, loss=9.0112, c=1.998375, this 1.53s, total 1428.82s
(T) | Epoch=935, loss=8.9863, c=1.998373, this 1.53s, total 1430.35s
(T) | Epoch=936, loss=8.9703, c=1.998371, this 1.53s, total 1431.88s
(T) | Epoch=937, loss=9.0006, c=1.998370, this 1.53s, total 1433.40s
(T) | Epoch=938, loss=8.9863, c=1.998371, this 1.53s, total 1434.94s
(T) | Epoch=939, loss=8.9731, c=1.998371, this 1.53s, total 1436.47s
(T) | Epoch=940, loss=8.9946, c=1.998372, this 1.53s, total 1438.00s
(T) | Epoch=941, loss=9.0021, c=1.998372, this 1.53s, total 1439.53s
(T) | Epoch=942, loss=8.9833, c=1.998372, this 1.53s, total 1441.05s
(T) | Epoch=943, loss=8.9939, c=1.998370, this 1.53s, total 1442.58s
(T) | Epoch=944, loss=8.9967, c=1.998367, this 1.53s, total 1444.11s
(T) | Epoch=945, loss=8.9770, c=1.998365, this 1.53s, total 1445.64s
(T) | Epoch=946, loss=8.9717, c=1.998363, this 1.53s, total 1447.17s
(T) | Epoch=947, loss=8.9781, c=1.998361, this 1.53s, total 1448.70s
(T) | Epoch=948, loss=8.9839, c=1.998360, this 1.53s, total 1450.23s
(T) | Epoch=949, loss=8.9780, c=1.998359, this 1.53s, total 1451.76s
(T) | Epoch=950, loss=8.9653, c=1.998359, this 1.53s, total 1453.29s
(T) | Epoch=951, loss=8.9827, c=1.998359, this 1.53s, total 1454.82s
(T) | Epoch=952, loss=8.9999, c=1.998359, this 1.53s, total 1456.35s
(T) | Epoch=953, loss=8.9859, c=1.998358, this 1.53s, total 1457.88s
(T) | Epoch=954, loss=8.9769, c=1.998356, this 1.53s, total 1459.41s
(T) | Epoch=955, loss=8.9885, c=1.998355, this 1.53s, total 1460.94s
(T) | Epoch=956, loss=8.9844, c=1.998352, this 1.53s, total 1462.47s
(T) | Epoch=957, loss=8.9831, c=1.998350, this 1.53s, total 1464.00s
(T) | Epoch=958, loss=8.9827, c=1.998348, this 1.53s, total 1465.53s
(T) | Epoch=959, loss=9.0106, c=1.998347, this 1.53s, total 1467.06s
(T) | Epoch=960, loss=8.9651, c=1.998346, this 1.53s, total 1468.59s
(T) | Epoch=961, loss=8.9714, c=1.998345, this 1.53s, total 1470.12s
(T) | Epoch=962, loss=8.9883, c=1.998344, this 1.53s, total 1471.65s
(T) | Epoch=963, loss=9.0073, c=1.998343, this 1.53s, total 1473.18s
(T) | Epoch=964, loss=8.9833, c=1.998342, this 1.53s, total 1474.71s
(T) | Epoch=965, loss=8.9860, c=1.998341, this 1.53s, total 1476.24s
(T) | Epoch=966, loss=8.9696, c=1.998340, this 1.53s, total 1477.77s
(T) | Epoch=967, loss=8.9807, c=1.998339, this 1.53s, total 1479.30s
(T) | Epoch=968, loss=8.9733, c=1.998338, this 1.53s, total 1480.82s
(T) | Epoch=969, loss=8.9843, c=1.998337, this 1.53s, total 1482.35s
(T) | Epoch=970, loss=8.9870, c=1.998335, this 1.53s, total 1483.88s
(T) | Epoch=971, loss=9.0106, c=1.998334, this 1.53s, total 1485.41s
(T) | Epoch=972, loss=8.9954, c=1.998332, this 1.53s, total 1486.94s
(T) | Epoch=973, loss=9.0105, c=1.998330, this 1.53s, total 1488.47s
(T) | Epoch=974, loss=8.9820, c=1.998328, this 1.53s, total 1490.00s
(T) | Epoch=975, loss=8.9731, c=1.998327, this 1.53s, total 1491.53s
(T) | Epoch=976, loss=8.9711, c=1.998327, this 1.53s, total 1493.06s
(T) | Epoch=977, loss=8.9877, c=1.998328, this 1.53s, total 1494.59s
(T) | Epoch=978, loss=8.9888, c=1.998329, this 1.53s, total 1496.12s
(T) | Epoch=979, loss=8.9873, c=1.998328, this 1.53s, total 1497.65s
(T) | Epoch=980, loss=8.9863, c=1.998328, this 1.53s, total 1499.18s
(T) | Epoch=981, loss=8.9780, c=1.998327, this 1.53s, total 1500.71s
(T) | Epoch=982, loss=8.9712, c=1.998325, this 1.53s, total 1502.24s
(T) | Epoch=983, loss=8.9906, c=1.998323, this 1.53s, total 1503.77s
(T) | Epoch=984, loss=8.9751, c=1.998321, this 1.53s, total 1505.30s
(T) | Epoch=985, loss=8.9802, c=1.998319, this 1.53s, total 1506.83s
(T) | Epoch=986, loss=8.9741, c=1.998318, this 1.53s, total 1508.36s
(T) | Epoch=987, loss=8.9852, c=1.998317, this 1.53s, total 1509.89s
(T) | Epoch=988, loss=8.9828, c=1.998317, this 1.53s, total 1511.42s
(T) | Epoch=989, loss=8.9700, c=1.998316, this 1.53s, total 1512.95s
(T) | Epoch=990, loss=8.9772, c=1.998316, this 1.53s, total 1514.48s
(T) | Epoch=991, loss=8.9770, c=1.998315, this 1.53s, total 1516.00s
(T) | Epoch=992, loss=8.9697, c=1.998314, this 1.53s, total 1517.53s
(T) | Epoch=993, loss=8.9994, c=1.998312, this 1.53s, total 1519.06s
(T) | Epoch=994, loss=8.9752, c=1.998311, this 1.53s, total 1520.59s
(T) | Epoch=995, loss=9.0056, c=1.998310, this 1.53s, total 1522.12s
(T) | Epoch=996, loss=8.9873, c=1.998309, this 1.53s, total 1523.65s
(T) | Epoch=997, loss=8.9819, c=1.998309, this 1.53s, total 1525.18s
(T) | Epoch=998, loss=8.9730, c=1.998308, this 1.53s, total 1526.71s
(T) | Epoch=999, loss=8.9917, c=1.998307, this 1.53s, total 1528.24s
(T) | Epoch=1000, loss=8.9753, c=1.998307, this 1.53s, total 1529.77s
=== Final ===
[Main] Pretrained checkpoint written to: ./pre_trained_gnn/PubMed.GRACE.GAT.curv_2p0000.hyp_True.True.pth
