/mnt/data1/Graph/HypGraphLoRA
[Pretrain] Using Lorentz H^d with learnable curvature, init c=0.1
pre-training.
(T) | Epoch=001, loss=10.5804, c=0.700000, this 1.88s, total 1.88s
+++ model saved ! ./pre_trained_gnn/PubMed.GRACE.GAT.curv_0p1000.hyp_True.True.pth
(T) | Epoch=002, loss=10.5805, c=0.700000, this 1.45s, total 3.33s
(T) | Epoch=003, loss=10.5803, c=0.700000, this 1.53s, total 4.86s
+++ model saved ! ./pre_trained_gnn/PubMed.GRACE.GAT.curv_0p1000.hyp_True.True.pth
(T) | Epoch=004, loss=10.5800, c=0.700000, this 1.53s, total 6.39s
+++ model saved ! ./pre_trained_gnn/PubMed.GRACE.GAT.curv_0p1000.hyp_True.True.pth
(T) | Epoch=005, loss=10.5799, c=0.700000, this 1.53s, total 7.92s
+++ model saved ! ./pre_trained_gnn/PubMed.GRACE.GAT.curv_0p1000.hyp_True.True.pth
(T) | Epoch=006, loss=10.5796, c=0.700000, this 1.53s, total 9.45s
+++ model saved ! ./pre_trained_gnn/PubMed.GRACE.GAT.curv_0p1000.hyp_True.True.pth
(T) | Epoch=007, loss=10.5796, c=0.700000, this 1.53s, total 10.98s
+++ model saved ! ./pre_trained_gnn/PubMed.GRACE.GAT.curv_0p1000.hyp_True.True.pth
(T) | Epoch=008, loss=10.5791, c=0.700000, this 1.53s, total 12.51s
+++ model saved ! ./pre_trained_gnn/PubMed.GRACE.GAT.curv_0p1000.hyp_True.True.pth
(T) | Epoch=009, loss=10.5790, c=0.700000, this 1.53s, total 14.04s
+++ model saved ! ./pre_trained_gnn/PubMed.GRACE.GAT.curv_0p1000.hyp_True.True.pth
(T) | Epoch=010, loss=10.5786, c=0.700000, this 1.53s, total 15.57s
+++ model saved ! ./pre_trained_gnn/PubMed.GRACE.GAT.curv_0p1000.hyp_True.True.pth
(T) | Epoch=011, loss=10.5782, c=0.700000, this 1.53s, total 17.10s
+++ model saved ! ./pre_trained_gnn/PubMed.GRACE.GAT.curv_0p1000.hyp_True.True.pth
(T) | Epoch=012, loss=10.5780, c=0.700000, this 1.53s, total 18.63s
+++ model saved ! ./pre_trained_gnn/PubMed.GRACE.GAT.curv_0p1000.hyp_True.True.pth
(T) | Epoch=013, loss=10.5774, c=0.700000, this 1.53s, total 20.16s
+++ model saved ! ./pre_trained_gnn/PubMed.GRACE.GAT.curv_0p1000.hyp_True.True.pth
(T) | Epoch=014, loss=10.5773, c=0.700000, this 1.53s, total 21.68s
+++ model saved ! ./pre_trained_gnn/PubMed.GRACE.GAT.curv_0p1000.hyp_True.True.pth
(T) | Epoch=015, loss=10.5766, c=0.700000, this 1.53s, total 23.21s
+++ model saved ! ./pre_trained_gnn/PubMed.GRACE.GAT.curv_0p1000.hyp_True.True.pth
(T) | Epoch=016, loss=10.5763, c=0.700000, this 1.53s, total 24.74s
+++ model saved ! ./pre_trained_gnn/PubMed.GRACE.GAT.curv_0p1000.hyp_True.True.pth
(T) | Epoch=017, loss=10.5756, c=0.700000, this 1.53s, total 26.27s
+++ model saved ! ./pre_trained_gnn/PubMed.GRACE.GAT.curv_0p1000.hyp_True.True.pth
(T) | Epoch=018, loss=10.5748, c=0.700000, this 1.53s, total 27.80s
+++ model saved ! ./pre_trained_gnn/PubMed.GRACE.GAT.curv_0p1000.hyp_True.True.pth
(T) | Epoch=019, loss=10.5740, c=0.700000, this 1.53s, total 29.33s
+++ model saved ! ./pre_trained_gnn/PubMed.GRACE.GAT.curv_0p1000.hyp_True.True.pth
(T) | Epoch=020, loss=10.5747, c=0.700000, this 1.53s, total 30.86s
(T) | Epoch=021, loss=10.5737, c=0.700000, this 1.53s, total 32.39s
+++ model saved ! ./pre_trained_gnn/PubMed.GRACE.GAT.curv_0p1000.hyp_True.True.pth
(T) | Epoch=022, loss=10.5718, c=0.700000, this 1.53s, total 33.92s
+++ model saved ! ./pre_trained_gnn/PubMed.GRACE.GAT.curv_0p1000.hyp_True.True.pth
(T) | Epoch=023, loss=10.5691, c=0.700000, this 1.53s, total 35.45s
+++ model saved ! ./pre_trained_gnn/PubMed.GRACE.GAT.curv_0p1000.hyp_True.True.pth
(T) | Epoch=024, loss=10.5682, c=0.700000, this 1.53s, total 36.98s
+++ model saved ! ./pre_trained_gnn/PubMed.GRACE.GAT.curv_0p1000.hyp_True.True.pth
(T) | Epoch=025, loss=10.5664, c=0.700000, this 1.53s, total 38.51s
+++ model saved ! ./pre_trained_gnn/PubMed.GRACE.GAT.curv_0p1000.hyp_True.True.pth
(T) | Epoch=026, loss=10.5645, c=0.700000, this 1.53s, total 40.03s
+++ model saved ! ./pre_trained_gnn/PubMed.GRACE.GAT.curv_0p1000.hyp_True.True.pth
(T) | Epoch=027, loss=10.5620, c=0.700000, this 1.53s, total 41.56s
+++ model saved ! ./pre_trained_gnn/PubMed.GRACE.GAT.curv_0p1000.hyp_True.True.pth
(T) | Epoch=028, loss=10.5604, c=0.700000, this 1.53s, total 43.09s
+++ model saved ! ./pre_trained_gnn/PubMed.GRACE.GAT.curv_0p1000.hyp_True.True.pth
(T) | Epoch=029, loss=10.5555, c=0.700000, this 1.53s, total 44.62s
+++ model saved ! ./pre_trained_gnn/PubMed.GRACE.GAT.curv_0p1000.hyp_True.True.pth
(T) | Epoch=030, loss=10.5536, c=0.700000, this 1.53s, total 46.15s
+++ model saved ! ./pre_trained_gnn/PubMed.GRACE.GAT.curv_0p1000.hyp_True.True.pth
(T) | Epoch=031, loss=10.5520, c=0.700000, this 1.53s, total 47.68s
+++ model saved ! ./pre_trained_gnn/PubMed.GRACE.GAT.curv_0p1000.hyp_True.True.pth
(T) | Epoch=032, loss=10.5454, c=0.700000, this 1.53s, total 49.21s
+++ model saved ! ./pre_trained_gnn/PubMed.GRACE.GAT.curv_0p1000.hyp_True.True.pth
(T) | Epoch=033, loss=10.5422, c=0.700000, this 1.53s, total 50.74s
+++ model saved ! ./pre_trained_gnn/PubMed.GRACE.GAT.curv_0p1000.hyp_True.True.pth
(T) | Epoch=034, loss=10.5283, c=0.700000, this 1.53s, total 52.27s
+++ model saved ! ./pre_trained_gnn/PubMed.GRACE.GAT.curv_0p1000.hyp_True.True.pth
(T) | Epoch=035, loss=10.5272, c=0.700000, this 1.53s, total 53.80s
+++ model saved ! ./pre_trained_gnn/PubMed.GRACE.GAT.curv_0p1000.hyp_True.True.pth
(T) | Epoch=036, loss=10.5197, c=0.700000, this 1.53s, total 55.33s
+++ model saved ! ./pre_trained_gnn/PubMed.GRACE.GAT.curv_0p1000.hyp_True.True.pth
(T) | Epoch=037, loss=10.5087, c=0.700000, this 1.53s, total 56.86s
+++ model saved ! ./pre_trained_gnn/PubMed.GRACE.GAT.curv_0p1000.hyp_True.True.pth
(T) | Epoch=038, loss=10.4950, c=0.700000, this 1.53s, total 58.39s
+++ model saved ! ./pre_trained_gnn/PubMed.GRACE.GAT.curv_0p1000.hyp_True.True.pth
(T) | Epoch=039, loss=10.4769, c=0.700000, this 1.53s, total 59.92s
+++ model saved ! ./pre_trained_gnn/PubMed.GRACE.GAT.curv_0p1000.hyp_True.True.pth
(T) | Epoch=040, loss=10.4652, c=0.700000, this 1.53s, total 61.45s
+++ model saved ! ./pre_trained_gnn/PubMed.GRACE.GAT.curv_0p1000.hyp_True.True.pth
(T) | Epoch=041, loss=10.4490, c=0.700000, this 1.53s, total 62.97s
+++ model saved ! ./pre_trained_gnn/PubMed.GRACE.GAT.curv_0p1000.hyp_True.True.pth
(T) | Epoch=042, loss=10.4175, c=0.700000, this 1.53s, total 64.50s
+++ model saved ! ./pre_trained_gnn/PubMed.GRACE.GAT.curv_0p1000.hyp_True.True.pth
(T) | Epoch=043, loss=10.3871, c=0.700000, this 1.53s, total 66.03s
+++ model saved ! ./pre_trained_gnn/PubMed.GRACE.GAT.curv_0p1000.hyp_True.True.pth
(T) | Epoch=044, loss=10.3613, c=0.700000, this 1.53s, total 67.56s
+++ model saved ! ./pre_trained_gnn/PubMed.GRACE.GAT.curv_0p1000.hyp_True.True.pth
(T) | Epoch=045, loss=10.3273, c=0.700000, this 1.53s, total 69.09s
+++ model saved ! ./pre_trained_gnn/PubMed.GRACE.GAT.curv_0p1000.hyp_True.True.pth
(T) | Epoch=046, loss=10.2806, c=0.700000, this 1.53s, total 70.62s
+++ model saved ! ./pre_trained_gnn/PubMed.GRACE.GAT.curv_0p1000.hyp_True.True.pth
(T) | Epoch=047, loss=10.2425, c=0.700000, this 1.54s, total 72.16s
+++ model saved ! ./pre_trained_gnn/PubMed.GRACE.GAT.curv_0p1000.hyp_True.True.pth
(T) | Epoch=048, loss=10.2118, c=0.700000, this 1.53s, total 73.69s
+++ model saved ! ./pre_trained_gnn/PubMed.GRACE.GAT.curv_0p1000.hyp_True.True.pth
(T) | Epoch=049, loss=10.1610, c=0.700000, this 1.53s, total 75.23s
+++ model saved ! ./pre_trained_gnn/PubMed.GRACE.GAT.curv_0p1000.hyp_True.True.pth
(T) | Epoch=050, loss=10.0961, c=0.700000, this 1.53s, total 76.76s
+++ model saved ! ./pre_trained_gnn/PubMed.GRACE.GAT.curv_0p1000.hyp_True.True.pth
(T) | Epoch=051, loss=10.0477, c=0.700000, this 1.53s, total 78.29s
+++ model saved ! ./pre_trained_gnn/PubMed.GRACE.GAT.curv_0p1000.hyp_True.True.pth
(T) | Epoch=052, loss=10.0003, c=0.700000, this 1.53s, total 79.82s
+++ model saved ! ./pre_trained_gnn/PubMed.GRACE.GAT.curv_0p1000.hyp_True.True.pth
(T) | Epoch=053, loss=9.9283, c=0.700000, this 1.53s, total 81.35s
+++ model saved ! ./pre_trained_gnn/PubMed.GRACE.GAT.curv_0p1000.hyp_True.True.pth
(T) | Epoch=054, loss=9.8810, c=0.700000, this 1.53s, total 82.88s
+++ model saved ! ./pre_trained_gnn/PubMed.GRACE.GAT.curv_0p1000.hyp_True.True.pth
(T) | Epoch=055, loss=9.8313, c=0.700000, this 1.53s, total 84.41s
+++ model saved ! ./pre_trained_gnn/PubMed.GRACE.GAT.curv_0p1000.hyp_True.True.pth
(T) | Epoch=056, loss=9.7962, c=0.700000, this 1.53s, total 85.94s
+++ model saved ! ./pre_trained_gnn/PubMed.GRACE.GAT.curv_0p1000.hyp_True.True.pth
(T) | Epoch=057, loss=9.7497, c=0.700000, this 1.53s, total 87.47s
+++ model saved ! ./pre_trained_gnn/PubMed.GRACE.GAT.curv_0p1000.hyp_True.True.pth
(T) | Epoch=058, loss=9.7053, c=0.700000, this 1.53s, total 89.01s
+++ model saved ! ./pre_trained_gnn/PubMed.GRACE.GAT.curv_0p1000.hyp_True.True.pth
(T) | Epoch=059, loss=9.6610, c=0.700000, this 1.53s, total 90.54s
+++ model saved ! ./pre_trained_gnn/PubMed.GRACE.GAT.curv_0p1000.hyp_True.True.pth
(T) | Epoch=060, loss=9.6523, c=0.700000, this 1.53s, total 92.07s
+++ model saved ! ./pre_trained_gnn/PubMed.GRACE.GAT.curv_0p1000.hyp_True.True.pth
(T) | Epoch=061, loss=9.6121, c=0.700000, this 1.53s, total 93.61s
+++ model saved ! ./pre_trained_gnn/PubMed.GRACE.GAT.curv_0p1000.hyp_True.True.pth
(T) | Epoch=062, loss=9.5856, c=0.700000, this 1.53s, total 95.14s
+++ model saved ! ./pre_trained_gnn/PubMed.GRACE.GAT.curv_0p1000.hyp_True.True.pth
(T) | Epoch=063, loss=9.5764, c=0.700000, this 1.53s, total 96.67s
+++ model saved ! ./pre_trained_gnn/PubMed.GRACE.GAT.curv_0p1000.hyp_True.True.pth
(T) | Epoch=064, loss=9.5639, c=0.700000, this 1.53s, total 98.21s
+++ model saved ! ./pre_trained_gnn/PubMed.GRACE.GAT.curv_0p1000.hyp_True.True.pth
(T) | Epoch=065, loss=9.5608, c=0.700000, this 1.53s, total 99.74s
+++ model saved ! ./pre_trained_gnn/PubMed.GRACE.GAT.curv_0p1000.hyp_True.True.pth
(T) | Epoch=066, loss=9.5445, c=0.700000, this 1.53s, total 101.27s
+++ model saved ! ./pre_trained_gnn/PubMed.GRACE.GAT.curv_0p1000.hyp_True.True.pth
(T) | Epoch=067, loss=9.5442, c=0.700000, this 1.53s, total 102.81s
+++ model saved ! ./pre_trained_gnn/PubMed.GRACE.GAT.curv_0p1000.hyp_True.True.pth
(T) | Epoch=068, loss=9.5400, c=0.700000, this 1.54s, total 104.34s
+++ model saved ! ./pre_trained_gnn/PubMed.GRACE.GAT.curv_0p1000.hyp_True.True.pth
(T) | Epoch=069, loss=9.5429, c=0.700000, this 1.53s, total 105.88s
(T) | Epoch=070, loss=9.5335, c=0.700000, this 1.53s, total 107.41s
+++ model saved ! ./pre_trained_gnn/PubMed.GRACE.GAT.curv_0p1000.hyp_True.True.pth
(T) | Epoch=071, loss=9.5360, c=0.700000, this 1.53s, total 108.94s
(T) | Epoch=072, loss=9.5326, c=0.700000, this 1.53s, total 110.47s
+++ model saved ! ./pre_trained_gnn/PubMed.GRACE.GAT.curv_0p1000.hyp_True.True.pth
(T) | Epoch=073, loss=9.5298, c=0.700000, this 1.53s, total 112.00s
+++ model saved ! ./pre_trained_gnn/PubMed.GRACE.GAT.curv_0p1000.hyp_True.True.pth
(T) | Epoch=074, loss=9.5180, c=0.700000, this 1.53s, total 113.54s
+++ model saved ! ./pre_trained_gnn/PubMed.GRACE.GAT.curv_0p1000.hyp_True.True.pth
(T) | Epoch=075, loss=9.5369, c=0.700000, this 1.53s, total 115.07s
(T) | Epoch=076, loss=9.5187, c=0.700000, this 1.53s, total 116.60s
(T) | Epoch=077, loss=9.5109, c=0.700000, this 1.53s, total 118.13s
+++ model saved ! ./pre_trained_gnn/PubMed.GRACE.GAT.curv_0p1000.hyp_True.True.pth
(T) | Epoch=078, loss=9.5230, c=0.700000, this 1.53s, total 119.66s
(T) | Epoch=079, loss=9.5165, c=0.700000, this 1.53s, total 121.20s
(T) | Epoch=080, loss=9.5101, c=0.700000, this 1.53s, total 122.73s
+++ model saved ! ./pre_trained_gnn/PubMed.GRACE.GAT.curv_0p1000.hyp_True.True.pth
(T) | Epoch=081, loss=9.5056, c=0.700000, this 1.53s, total 124.26s
+++ model saved ! ./pre_trained_gnn/PubMed.GRACE.GAT.curv_0p1000.hyp_True.True.pth
(T) | Epoch=082, loss=9.5084, c=0.700000, this 1.53s, total 125.79s
(T) | Epoch=083, loss=9.5261, c=0.700000, this 1.53s, total 127.32s
(T) | Epoch=084, loss=9.5099, c=0.700000, this 1.53s, total 128.85s
(T) | Epoch=085, loss=9.5116, c=0.700000, this 1.53s, total 130.38s
(T) | Epoch=086, loss=9.5093, c=0.700000, this 1.53s, total 131.91s
(T) | Epoch=087, loss=9.5069, c=0.700000, this 1.53s, total 133.44s
(T) | Epoch=088, loss=9.4987, c=0.700000, this 1.53s, total 134.97s
+++ model saved ! ./pre_trained_gnn/PubMed.GRACE.GAT.curv_0p1000.hyp_True.True.pth
(T) | Epoch=089, loss=9.5055, c=0.700000, this 1.54s, total 136.51s
(T) | Epoch=090, loss=9.5036, c=0.700000, this 1.53s, total 138.03s
(T) | Epoch=091, loss=9.4981, c=0.700000, this 1.53s, total 139.56s
+++ model saved ! ./pre_trained_gnn/PubMed.GRACE.GAT.curv_0p1000.hyp_True.True.pth
(T) | Epoch=092, loss=9.4936, c=0.700000, this 1.53s, total 141.10s
+++ model saved ! ./pre_trained_gnn/PubMed.GRACE.GAT.curv_0p1000.hyp_True.True.pth
(T) | Epoch=093, loss=9.5125, c=0.700000, this 1.53s, total 142.63s
(T) | Epoch=094, loss=9.4762, c=0.700000, this 1.53s, total 144.16s
+++ model saved ! ./pre_trained_gnn/PubMed.GRACE.GAT.curv_0p1000.hyp_True.True.pth
(T) | Epoch=095, loss=9.4863, c=0.700000, this 1.53s, total 145.69s
(T) | Epoch=096, loss=9.4817, c=0.700000, this 1.53s, total 147.22s
(T) | Epoch=097, loss=9.4779, c=0.700000, this 1.53s, total 148.75s
(T) | Epoch=098, loss=9.4756, c=0.700000, this 1.53s, total 150.28s
+++ model saved ! ./pre_trained_gnn/PubMed.GRACE.GAT.curv_0p1000.hyp_True.True.pth
(T) | Epoch=099, loss=9.4758, c=0.700000, this 1.53s, total 151.82s
(T) | Epoch=100, loss=9.4613, c=0.700000, this 1.53s, total 153.35s
+++ model saved ! ./pre_trained_gnn/PubMed.GRACE.GAT.curv_0p1000.hyp_True.True.pth
(T) | Epoch=101, loss=9.4586, c=0.700000, this 1.53s, total 154.88s
+++ model saved ! ./pre_trained_gnn/PubMed.GRACE.GAT.curv_0p1000.hyp_True.True.pth
(T) | Epoch=102, loss=9.4676, c=0.700000, this 1.53s, total 156.41s
(T) | Epoch=103, loss=9.4637, c=0.700000, this 1.53s, total 157.94s
(T) | Epoch=104, loss=9.4493, c=0.700000, this 1.53s, total 159.47s
+++ model saved ! ./pre_trained_gnn/PubMed.GRACE.GAT.curv_0p1000.hyp_True.True.pth
(T) | Epoch=105, loss=9.4489, c=0.700000, this 1.53s, total 161.00s
+++ model saved ! ./pre_trained_gnn/PubMed.GRACE.GAT.curv_0p1000.hyp_True.True.pth
(T) | Epoch=106, loss=9.4437, c=0.700000, this 1.53s, total 162.54s
+++ model saved ! ./pre_trained_gnn/PubMed.GRACE.GAT.curv_0p1000.hyp_True.True.pth
(T) | Epoch=107, loss=9.4585, c=0.700000, this 1.53s, total 164.07s
(T) | Epoch=108, loss=9.4451, c=0.700000, this 1.53s, total 165.60s
(T) | Epoch=109, loss=9.4220, c=0.700000, this 1.53s, total 167.13s
+++ model saved ! ./pre_trained_gnn/PubMed.GRACE.GAT.curv_0p1000.hyp_True.True.pth
(T) | Epoch=110, loss=9.4291, c=0.700000, this 1.53s, total 168.66s
(T) | Epoch=111, loss=9.4096, c=0.700000, this 1.53s, total 170.19s
+++ model saved ! ./pre_trained_gnn/PubMed.GRACE.GAT.curv_0p1000.hyp_True.True.pth
(T) | Epoch=112, loss=9.4069, c=0.700000, this 1.53s, total 171.73s
+++ model saved ! ./pre_trained_gnn/PubMed.GRACE.GAT.curv_0p1000.hyp_True.True.pth
(T) | Epoch=113, loss=9.3952, c=0.700000, this 1.53s, total 173.26s
+++ model saved ! ./pre_trained_gnn/PubMed.GRACE.GAT.curv_0p1000.hyp_True.True.pth
(T) | Epoch=114, loss=9.3855, c=0.700000, this 1.53s, total 174.79s
+++ model saved ! ./pre_trained_gnn/PubMed.GRACE.GAT.curv_0p1000.hyp_True.True.pth
(T) | Epoch=115, loss=9.4043, c=0.700000, this 1.53s, total 176.33s
(T) | Epoch=116, loss=9.3876, c=0.700000, this 1.53s, total 177.86s
(T) | Epoch=117, loss=9.3832, c=0.700000, this 1.53s, total 179.39s
+++ model saved ! ./pre_trained_gnn/PubMed.GRACE.GAT.curv_0p1000.hyp_True.True.pth
(T) | Epoch=118, loss=9.3609, c=0.700000, this 1.53s, total 180.92s
+++ model saved ! ./pre_trained_gnn/PubMed.GRACE.GAT.curv_0p1000.hyp_True.True.pth
(T) | Epoch=119, loss=9.3696, c=0.700000, this 1.53s, total 182.46s
(T) | Epoch=120, loss=9.3510, c=0.700000, this 1.53s, total 183.99s
+++ model saved ! ./pre_trained_gnn/PubMed.GRACE.GAT.curv_0p1000.hyp_True.True.pth
(T) | Epoch=121, loss=9.3492, c=0.700000, this 1.53s, total 185.52s
+++ model saved ! ./pre_trained_gnn/PubMed.GRACE.GAT.curv_0p1000.hyp_True.True.pth
(T) | Epoch=122, loss=9.3520, c=0.700000, this 1.53s, total 187.05s
(T) | Epoch=123, loss=9.3219, c=0.700000, this 1.53s, total 188.58s
+++ model saved ! ./pre_trained_gnn/PubMed.GRACE.GAT.curv_0p1000.hyp_True.True.pth
(T) | Epoch=124, loss=9.3242, c=0.700000, this 1.53s, total 190.12s
(T) | Epoch=125, loss=9.3105, c=0.700000, this 1.53s, total 191.65s
+++ model saved ! ./pre_trained_gnn/PubMed.GRACE.GAT.curv_0p1000.hyp_True.True.pth
(T) | Epoch=126, loss=9.3189, c=0.700000, this 1.53s, total 193.18s
(T) | Epoch=127, loss=9.2955, c=0.700000, this 1.53s, total 194.71s
+++ model saved ! ./pre_trained_gnn/PubMed.GRACE.GAT.curv_0p1000.hyp_True.True.pth
(T) | Epoch=128, loss=9.2720, c=0.700000, this 1.53s, total 196.24s
+++ model saved ! ./pre_trained_gnn/PubMed.GRACE.GAT.curv_0p1000.hyp_True.True.pth
(T) | Epoch=129, loss=9.2655, c=0.700000, this 1.53s, total 197.78s
+++ model saved ! ./pre_trained_gnn/PubMed.GRACE.GAT.curv_0p1000.hyp_True.True.pth
(T) | Epoch=130, loss=9.2786, c=0.700000, this 1.53s, total 199.31s
(T) | Epoch=131, loss=9.2682, c=0.700000, this 1.53s, total 200.84s
(T) | Epoch=132, loss=9.2711, c=0.700000, this 1.53s, total 202.37s
(T) | Epoch=133, loss=9.2738, c=0.700000, this 1.53s, total 203.90s
(T) | Epoch=134, loss=9.2453, c=0.700000, this 1.53s, total 205.42s
+++ model saved ! ./pre_trained_gnn/PubMed.GRACE.GAT.curv_0p1000.hyp_True.True.pth
(T) | Epoch=135, loss=9.2442, c=0.700000, this 1.53s, total 206.96s
+++ model saved ! ./pre_trained_gnn/PubMed.GRACE.GAT.curv_0p1000.hyp_True.True.pth
(T) | Epoch=136, loss=9.2356, c=0.700000, this 1.54s, total 208.49s
+++ model saved ! ./pre_trained_gnn/PubMed.GRACE.GAT.curv_0p1000.hyp_True.True.pth
(T) | Epoch=137, loss=9.2170, c=0.700000, this 1.53s, total 210.03s
+++ model saved ! ./pre_trained_gnn/PubMed.GRACE.GAT.curv_0p1000.hyp_True.True.pth
(T) | Epoch=138, loss=9.2393, c=0.700000, this 1.53s, total 211.56s
(T) | Epoch=139, loss=9.2240, c=0.700000, this 1.53s, total 213.09s
(T) | Epoch=140, loss=9.2137, c=0.700000, this 1.53s, total 214.62s
+++ model saved ! ./pre_trained_gnn/PubMed.GRACE.GAT.curv_0p1000.hyp_True.True.pth
(T) | Epoch=141, loss=9.2071, c=0.700000, this 1.53s, total 216.15s
+++ model saved ! ./pre_trained_gnn/PubMed.GRACE.GAT.curv_0p1000.hyp_True.True.pth
(T) | Epoch=142, loss=9.2043, c=0.700000, this 1.53s, total 217.68s
+++ model saved ! ./pre_trained_gnn/PubMed.GRACE.GAT.curv_0p1000.hyp_True.True.pth
(T) | Epoch=143, loss=9.2099, c=0.700000, this 1.53s, total 219.21s
(T) | Epoch=144, loss=9.2104, c=0.700000, this 1.53s, total 220.74s
(T) | Epoch=145, loss=9.2091, c=0.700000, this 1.53s, total 222.26s
(T) | Epoch=146, loss=9.2280, c=0.700000, this 1.53s, total 223.79s
(T) | Epoch=147, loss=9.1878, c=0.700000, this 1.53s, total 225.32s
+++ model saved ! ./pre_trained_gnn/PubMed.GRACE.GAT.curv_0p1000.hyp_True.True.pth
(T) | Epoch=148, loss=9.2124, c=0.700000, this 1.53s, total 226.86s
(T) | Epoch=149, loss=9.2086, c=0.700000, this 1.53s, total 228.39s
(T) | Epoch=150, loss=9.2101, c=0.700000, this 1.53s, total 229.92s
(T) | Epoch=151, loss=9.1789, c=0.700000, this 1.53s, total 231.45s
+++ model saved ! ./pre_trained_gnn/PubMed.GRACE.GAT.curv_0p1000.hyp_True.True.pth
(T) | Epoch=152, loss=9.1826, c=0.700000, this 1.53s, total 232.98s
(T) | Epoch=153, loss=9.1916, c=0.700000, this 1.53s, total 234.51s
(T) | Epoch=154, loss=9.1999, c=0.700000, this 1.53s, total 236.04s
(T) | Epoch=155, loss=9.1925, c=0.700000, this 1.53s, total 237.57s
(T) | Epoch=156, loss=9.1910, c=0.700000, this 1.53s, total 239.10s
(T) | Epoch=157, loss=9.1724, c=0.700000, this 1.53s, total 240.62s
+++ model saved ! ./pre_trained_gnn/PubMed.GRACE.GAT.curv_0p1000.hyp_True.True.pth
(T) | Epoch=158, loss=9.1713, c=0.700000, this 1.54s, total 242.16s
+++ model saved ! ./pre_trained_gnn/PubMed.GRACE.GAT.curv_0p1000.hyp_True.True.pth
(T) | Epoch=159, loss=9.1654, c=0.700000, this 1.53s, total 243.70s
+++ model saved ! ./pre_trained_gnn/PubMed.GRACE.GAT.curv_0p1000.hyp_True.True.pth
(T) | Epoch=160, loss=9.1738, c=0.700000, this 1.53s, total 245.23s
(T) | Epoch=161, loss=9.1713, c=0.700000, this 1.53s, total 246.75s
(T) | Epoch=162, loss=9.1608, c=0.700000, this 1.53s, total 248.28s
+++ model saved ! ./pre_trained_gnn/PubMed.GRACE.GAT.curv_0p1000.hyp_True.True.pth
(T) | Epoch=163, loss=9.1779, c=0.700000, this 1.53s, total 249.82s
(T) | Epoch=164, loss=9.1607, c=0.700000, this 1.53s, total 251.35s
+++ model saved ! ./pre_trained_gnn/PubMed.GRACE.GAT.curv_0p1000.hyp_True.True.pth
(T) | Epoch=165, loss=9.1755, c=0.700000, this 1.53s, total 252.88s
(T) | Epoch=166, loss=9.1783, c=0.700000, this 1.53s, total 254.41s
(T) | Epoch=167, loss=9.1549, c=0.700000, this 1.53s, total 255.94s
+++ model saved ! ./pre_trained_gnn/PubMed.GRACE.GAT.curv_0p1000.hyp_True.True.pth
(T) | Epoch=168, loss=9.1436, c=0.700000, this 1.53s, total 257.47s
+++ model saved ! ./pre_trained_gnn/PubMed.GRACE.GAT.curv_0p1000.hyp_True.True.pth
(T) | Epoch=169, loss=9.1639, c=0.700000, this 1.53s, total 259.01s
(T) | Epoch=170, loss=9.1489, c=0.700000, this 1.53s, total 260.54s
(T) | Epoch=171, loss=9.1583, c=0.700000, this 1.53s, total 262.07s
(T) | Epoch=172, loss=9.1715, c=0.700000, this 1.53s, total 263.60s
(T) | Epoch=173, loss=9.1784, c=0.700000, this 1.53s, total 265.13s
(T) | Epoch=174, loss=9.1480, c=0.700000, this 1.53s, total 266.66s
(T) | Epoch=175, loss=9.1589, c=0.700000, this 1.53s, total 268.19s
(T) | Epoch=176, loss=9.1682, c=0.700000, this 1.53s, total 269.72s
(T) | Epoch=177, loss=9.1690, c=0.700000, this 1.53s, total 271.25s
(T) | Epoch=178, loss=9.1402, c=0.700000, this 1.53s, total 272.78s
+++ model saved ! ./pre_trained_gnn/PubMed.GRACE.GAT.curv_0p1000.hyp_True.True.pth
(T) | Epoch=179, loss=9.1357, c=0.700000, this 1.53s, total 274.31s
+++ model saved ! ./pre_trained_gnn/PubMed.GRACE.GAT.curv_0p1000.hyp_True.True.pth
(T) | Epoch=180, loss=9.1636, c=0.700000, this 1.53s, total 275.84s
(T) | Epoch=181, loss=9.1351, c=0.700000, this 1.53s, total 277.37s
+++ model saved ! ./pre_trained_gnn/PubMed.GRACE.GAT.curv_0p1000.hyp_True.True.pth
(T) | Epoch=182, loss=9.1406, c=0.700000, this 1.53s, total 278.90s
(T) | Epoch=183, loss=9.1418, c=0.700000, this 1.53s, total 280.43s
(T) | Epoch=184, loss=9.1348, c=0.700000, this 1.53s, total 281.96s
+++ model saved ! ./pre_trained_gnn/PubMed.GRACE.GAT.curv_0p1000.hyp_True.True.pth
(T) | Epoch=185, loss=9.1429, c=0.700000, this 1.53s, total 283.49s
(T) | Epoch=186, loss=9.1348, c=0.700000, this 1.53s, total 285.02s
(T) | Epoch=187, loss=9.1479, c=0.700000, this 1.53s, total 286.55s
(T) | Epoch=188, loss=9.1670, c=0.700000, this 1.53s, total 288.08s
(T) | Epoch=189, loss=9.1215, c=0.700000, this 1.53s, total 289.61s
+++ model saved ! ./pre_trained_gnn/PubMed.GRACE.GAT.curv_0p1000.hyp_True.True.pth
(T) | Epoch=190, loss=9.1256, c=0.700000, this 1.53s, total 291.14s
(T) | Epoch=191, loss=9.1305, c=0.700000, this 1.53s, total 292.67s
(T) | Epoch=192, loss=9.1265, c=0.700000, this 1.53s, total 294.20s
(T) | Epoch=193, loss=9.1234, c=0.700000, this 1.53s, total 295.73s
(T) | Epoch=194, loss=9.1270, c=0.700000, this 1.53s, total 297.25s
(T) | Epoch=195, loss=9.1149, c=0.700000, this 1.53s, total 298.78s
+++ model saved ! ./pre_trained_gnn/PubMed.GRACE.GAT.curv_0p1000.hyp_True.True.pth
(T) | Epoch=196, loss=9.1110, c=0.700000, this 1.53s, total 300.31s
+++ model saved ! ./pre_trained_gnn/PubMed.GRACE.GAT.curv_0p1000.hyp_True.True.pth
(T) | Epoch=197, loss=9.1273, c=0.700000, this 1.53s, total 301.84s
(T) | Epoch=198, loss=9.1375, c=0.700000, this 1.53s, total 303.37s
(T) | Epoch=199, loss=9.1145, c=0.700000, this 1.53s, total 304.90s
(T) | Epoch=200, loss=9.1382, c=0.700000, this 1.53s, total 306.43s
(T) | Epoch=201, loss=9.1181, c=0.700000, this 1.53s, total 307.95s
(T) | Epoch=202, loss=9.0976, c=0.700000, this 1.53s, total 309.48s
+++ model saved ! ./pre_trained_gnn/PubMed.GRACE.GAT.curv_0p1000.hyp_True.True.pth
(T) | Epoch=203, loss=9.1197, c=0.700000, this 1.53s, total 311.01s
(T) | Epoch=204, loss=9.1266, c=0.700000, this 1.53s, total 312.54s
(T) | Epoch=205, loss=9.1436, c=0.700000, this 1.53s, total 314.07s
(T) | Epoch=206, loss=9.1411, c=0.700000, this 1.53s, total 315.59s
(T) | Epoch=207, loss=9.1200, c=0.700000, this 1.53s, total 317.12s
(T) | Epoch=208, loss=9.0976, c=0.700000, this 1.53s, total 318.65s
+++ model saved ! ./pre_trained_gnn/PubMed.GRACE.GAT.curv_0p1000.hyp_True.True.pth
(T) | Epoch=209, loss=9.1197, c=0.700000, this 1.53s, total 320.18s
(T) | Epoch=210, loss=9.1279, c=0.700000, this 1.53s, total 321.71s
(T) | Epoch=211, loss=9.1147, c=0.700000, this 1.53s, total 323.23s
(T) | Epoch=212, loss=9.1057, c=0.700000, this 1.53s, total 324.76s
(T) | Epoch=213, loss=9.1256, c=0.700000, this 1.53s, total 326.29s
(T) | Epoch=214, loss=9.1041, c=0.700000, this 1.53s, total 327.82s
(T) | Epoch=215, loss=9.1141, c=0.700000, this 1.53s, total 329.35s
(T) | Epoch=216, loss=9.1220, c=0.700000, this 1.53s, total 330.87s
(T) | Epoch=217, loss=9.1009, c=0.700000, this 1.53s, total 332.40s
(T) | Epoch=218, loss=9.1082, c=0.700000, this 1.53s, total 333.93s
(T) | Epoch=219, loss=9.0836, c=0.700000, this 1.53s, total 335.46s
+++ model saved ! ./pre_trained_gnn/PubMed.GRACE.GAT.curv_0p1000.hyp_True.True.pth
(T) | Epoch=220, loss=9.1086, c=0.700000, this 1.53s, total 336.99s
(T) | Epoch=221, loss=9.0832, c=0.700000, this 1.53s, total 338.52s
+++ model saved ! ./pre_trained_gnn/PubMed.GRACE.GAT.curv_0p1000.hyp_True.True.pth
(T) | Epoch=222, loss=9.0903, c=0.700000, this 1.53s, total 340.05s
(T) | Epoch=223, loss=9.0929, c=0.700000, this 1.53s, total 341.58s
(T) | Epoch=224, loss=9.1175, c=0.700000, this 1.53s, total 343.11s
(T) | Epoch=225, loss=9.1070, c=0.700000, this 1.53s, total 344.64s
(T) | Epoch=226, loss=9.0965, c=0.700000, this 1.53s, total 346.17s
(T) | Epoch=227, loss=9.1152, c=0.700000, this 1.53s, total 347.70s
(T) | Epoch=228, loss=9.0955, c=0.700000, this 1.53s, total 349.23s
(T) | Epoch=229, loss=9.0960, c=0.700000, this 1.53s, total 350.76s
(T) | Epoch=230, loss=9.1155, c=0.700000, this 1.53s, total 352.28s
(T) | Epoch=231, loss=9.0909, c=0.700000, this 1.53s, total 353.81s
(T) | Epoch=232, loss=9.0959, c=0.700000, this 1.53s, total 355.34s
(T) | Epoch=233, loss=9.0974, c=0.700000, this 1.53s, total 356.87s
(T) | Epoch=234, loss=9.1172, c=0.700000, this 1.53s, total 358.40s
(T) | Epoch=235, loss=9.0915, c=0.700000, this 1.53s, total 359.93s
(T) | Epoch=236, loss=9.0972, c=0.700000, this 1.53s, total 361.45s
(T) | Epoch=237, loss=9.0975, c=0.700000, this 1.53s, total 362.98s
(T) | Epoch=238, loss=9.0871, c=0.700000, this 1.53s, total 364.51s
(T) | Epoch=239, loss=9.1223, c=0.700000, this 1.53s, total 366.04s
(T) | Epoch=240, loss=9.0821, c=0.700000, this 1.53s, total 367.57s
+++ model saved ! ./pre_trained_gnn/PubMed.GRACE.GAT.curv_0p1000.hyp_True.True.pth
(T) | Epoch=241, loss=9.0920, c=0.700000, this 1.53s, total 369.10s
(T) | Epoch=242, loss=9.0931, c=0.700000, this 1.53s, total 370.63s
(T) | Epoch=243, loss=9.0867, c=0.700000, this 1.53s, total 372.16s
(T) | Epoch=244, loss=9.0823, c=0.700000, this 1.53s, total 373.69s
(T) | Epoch=245, loss=9.1076, c=0.700000, this 1.53s, total 375.22s
(T) | Epoch=246, loss=9.1082, c=0.700000, this 1.53s, total 376.75s
(T) | Epoch=247, loss=9.0784, c=0.700000, this 1.53s, total 378.28s
+++ model saved ! ./pre_trained_gnn/PubMed.GRACE.GAT.curv_0p1000.hyp_True.True.pth
(T) | Epoch=248, loss=9.0674, c=0.700000, this 1.53s, total 379.81s
+++ model saved ! ./pre_trained_gnn/PubMed.GRACE.GAT.curv_0p1000.hyp_True.True.pth
(T) | Epoch=249, loss=9.0827, c=0.700000, this 1.53s, total 381.34s
(T) | Epoch=250, loss=9.0804, c=0.700000, this 1.53s, total 382.87s
(T) | Epoch=251, loss=9.1034, c=0.700000, this 1.53s, total 384.40s
(T) | Epoch=252, loss=9.0936, c=0.700000, this 1.53s, total 385.93s
(T) | Epoch=253, loss=9.0794, c=0.700000, this 1.53s, total 387.46s
(T) | Epoch=254, loss=9.1141, c=0.700000, this 1.53s, total 388.99s
(T) | Epoch=255, loss=9.0877, c=0.700000, this 1.53s, total 390.52s
(T) | Epoch=256, loss=9.0773, c=0.700000, this 1.53s, total 392.05s
(T) | Epoch=257, loss=9.0781, c=0.700000, this 1.53s, total 393.58s
(T) | Epoch=258, loss=9.0750, c=0.700000, this 1.53s, total 395.11s
(T) | Epoch=259, loss=9.0777, c=0.700000, this 1.53s, total 396.64s
(T) | Epoch=260, loss=9.1067, c=0.700000, this 1.53s, total 398.17s
(T) | Epoch=261, loss=9.0764, c=0.700000, this 1.53s, total 399.70s
(T) | Epoch=262, loss=9.1154, c=0.700000, this 1.53s, total 401.23s
(T) | Epoch=263, loss=9.0960, c=0.700000, this 1.53s, total 402.76s
(T) | Epoch=264, loss=9.0714, c=0.700000, this 1.53s, total 404.28s
(T) | Epoch=265, loss=9.0650, c=0.700000, this 1.53s, total 405.81s
+++ model saved ! ./pre_trained_gnn/PubMed.GRACE.GAT.curv_0p1000.hyp_True.True.pth
(T) | Epoch=266, loss=9.0869, c=0.700000, this 1.53s, total 407.35s
(T) | Epoch=267, loss=9.0772, c=0.700000, this 1.53s, total 408.88s
(T) | Epoch=268, loss=9.0817, c=0.700000, this 1.53s, total 410.40s
(T) | Epoch=269, loss=9.0693, c=0.700000, this 1.53s, total 411.94s
(T) | Epoch=270, loss=9.0689, c=0.700000, this 1.53s, total 413.46s
(T) | Epoch=271, loss=9.0830, c=0.700000, this 1.53s, total 414.99s
(T) | Epoch=272, loss=9.0761, c=0.700000, this 1.53s, total 416.52s
(T) | Epoch=273, loss=9.0697, c=0.700000, this 1.53s, total 418.05s
(T) | Epoch=274, loss=9.0652, c=0.700000, this 1.53s, total 419.58s
(T) | Epoch=275, loss=9.0549, c=0.700000, this 1.53s, total 421.11s
+++ model saved ! ./pre_trained_gnn/PubMed.GRACE.GAT.curv_0p1000.hyp_True.True.pth
(T) | Epoch=276, loss=9.0964, c=0.700000, this 1.54s, total 422.64s
(T) | Epoch=277, loss=9.0707, c=0.700000, this 1.53s, total 424.17s
(T) | Epoch=278, loss=9.0789, c=0.700000, this 1.53s, total 425.70s
(T) | Epoch=279, loss=9.0812, c=0.700000, this 1.53s, total 427.23s
(T) | Epoch=280, loss=9.0857, c=0.700000, this 1.53s, total 428.76s
(T) | Epoch=281, loss=9.0537, c=0.700000, this 1.53s, total 430.29s
+++ model saved ! ./pre_trained_gnn/PubMed.GRACE.GAT.curv_0p1000.hyp_True.True.pth
(T) | Epoch=282, loss=9.0396, c=0.700000, this 1.53s, total 431.83s
+++ model saved ! ./pre_trained_gnn/PubMed.GRACE.GAT.curv_0p1000.hyp_True.True.pth
(T) | Epoch=283, loss=9.0725, c=0.700000, this 1.53s, total 433.36s
(T) | Epoch=284, loss=9.0656, c=0.700000, this 1.53s, total 434.89s
(T) | Epoch=285, loss=9.0486, c=0.700000, this 1.53s, total 436.42s
(T) | Epoch=286, loss=9.0587, c=0.700000, this 1.53s, total 437.95s
(T) | Epoch=287, loss=9.0747, c=0.700000, this 1.53s, total 439.48s
(T) | Epoch=288, loss=9.0669, c=0.700000, this 1.53s, total 441.01s
(T) | Epoch=289, loss=9.0731, c=0.700000, this 1.53s, total 442.54s
(T) | Epoch=290, loss=9.0600, c=0.700000, this 1.53s, total 444.07s
(T) | Epoch=291, loss=9.0811, c=0.700000, this 1.53s, total 445.60s
(T) | Epoch=292, loss=9.0556, c=0.700000, this 1.53s, total 447.13s
(T) | Epoch=293, loss=9.0797, c=0.700000, this 1.53s, total 448.66s
(T) | Epoch=294, loss=9.0688, c=0.700000, this 1.53s, total 450.18s
(T) | Epoch=295, loss=9.0678, c=0.700000, this 1.53s, total 451.71s
(T) | Epoch=296, loss=9.0577, c=0.700000, this 1.53s, total 453.24s
(T) | Epoch=297, loss=9.0645, c=0.700000, this 1.53s, total 454.77s
(T) | Epoch=298, loss=9.0395, c=0.700000, this 1.53s, total 456.30s
+++ model saved ! ./pre_trained_gnn/PubMed.GRACE.GAT.curv_0p1000.hyp_True.True.pth
(T) | Epoch=299, loss=9.0546, c=0.700000, this 1.53s, total 457.84s
(T) | Epoch=300, loss=9.0549, c=0.700000, this 1.53s, total 459.37s
(T) | Epoch=301, loss=9.0564, c=0.700000, this 1.53s, total 460.90s
(T) | Epoch=302, loss=9.0646, c=0.700000, this 1.53s, total 462.42s
(T) | Epoch=303, loss=9.0710, c=0.700000, this 1.53s, total 463.95s
(T) | Epoch=304, loss=9.0446, c=0.700000, this 1.53s, total 465.48s
(T) | Epoch=305, loss=9.0549, c=0.700000, this 1.53s, total 467.01s
(T) | Epoch=306, loss=9.0531, c=0.700000, this 1.53s, total 468.54s
(T) | Epoch=307, loss=9.0499, c=0.700000, this 1.53s, total 470.07s
(T) | Epoch=308, loss=9.0715, c=0.700000, this 1.53s, total 471.59s
(T) | Epoch=309, loss=9.0611, c=0.700000, this 1.53s, total 473.12s
(T) | Epoch=310, loss=9.0580, c=0.700000, this 1.53s, total 474.65s
(T) | Epoch=311, loss=9.0571, c=0.700000, this 1.53s, total 476.18s
(T) | Epoch=312, loss=9.0779, c=0.700000, this 1.53s, total 477.70s
(T) | Epoch=313, loss=9.0645, c=0.700000, this 1.53s, total 479.23s
(T) | Epoch=314, loss=9.0661, c=0.700000, this 1.53s, total 480.76s
(T) | Epoch=315, loss=9.0319, c=0.700000, this 1.53s, total 482.29s
+++ model saved ! ./pre_trained_gnn/PubMed.GRACE.GAT.curv_0p1000.hyp_True.True.pth
(T) | Epoch=316, loss=9.0515, c=0.700000, this 1.53s, total 483.82s
(T) | Epoch=317, loss=9.0468, c=0.700000, this 1.53s, total 485.35s
(T) | Epoch=318, loss=9.0520, c=0.700000, this 1.53s, total 486.88s
(T) | Epoch=319, loss=9.0688, c=0.700000, this 1.53s, total 488.41s
(T) | Epoch=320, loss=9.0666, c=0.700000, this 1.53s, total 489.94s
(T) | Epoch=321, loss=9.0508, c=0.700000, this 1.53s, total 491.47s
(T) | Epoch=322, loss=9.0621, c=0.700000, this 1.53s, total 493.00s
(T) | Epoch=323, loss=9.0715, c=0.700000, this 1.53s, total 494.52s
(T) | Epoch=324, loss=9.0375, c=0.700000, this 1.53s, total 496.05s
(T) | Epoch=325, loss=9.0532, c=0.700000, this 1.53s, total 497.58s
(T) | Epoch=326, loss=9.0361, c=0.700000, this 1.53s, total 499.11s
(T) | Epoch=327, loss=9.0707, c=0.700000, this 1.53s, total 500.64s
(T) | Epoch=328, loss=9.0410, c=0.700000, this 1.53s, total 502.17s
(T) | Epoch=329, loss=9.0719, c=0.700000, this 1.53s, total 503.70s
(T) | Epoch=330, loss=9.0739, c=0.700000, this 1.53s, total 505.23s
(T) | Epoch=331, loss=9.0525, c=0.700000, this 1.53s, total 506.76s
(T) | Epoch=332, loss=9.0674, c=0.700000, this 1.53s, total 508.29s
(T) | Epoch=333, loss=9.0477, c=0.700000, this 1.53s, total 509.82s
(T) | Epoch=334, loss=9.0488, c=0.700000, this 1.53s, total 511.35s
(T) | Epoch=335, loss=9.0525, c=0.700000, this 1.53s, total 512.88s
(T) | Epoch=336, loss=9.0451, c=0.700000, this 1.53s, total 514.41s
(T) | Epoch=337, loss=9.0560, c=0.700000, this 1.53s, total 515.94s
(T) | Epoch=338, loss=9.0330, c=0.700000, this 1.53s, total 517.46s
(T) | Epoch=339, loss=9.0370, c=0.700000, this 1.53s, total 518.99s
(T) | Epoch=340, loss=9.0576, c=0.700000, this 1.53s, total 520.52s
(T) | Epoch=341, loss=9.0569, c=0.700000, this 1.53s, total 522.05s
(T) | Epoch=342, loss=9.0363, c=0.700000, this 1.53s, total 523.58s
(T) | Epoch=343, loss=9.0414, c=0.700000, this 1.53s, total 525.11s
(T) | Epoch=344, loss=9.0547, c=0.700000, this 1.53s, total 526.64s
(T) | Epoch=345, loss=9.0413, c=0.700000, this 1.53s, total 528.17s
(T) | Epoch=346, loss=9.0423, c=0.700000, this 1.53s, total 529.70s
(T) | Epoch=347, loss=9.0407, c=0.700000, this 1.53s, total 531.23s
(T) | Epoch=348, loss=9.0498, c=0.700000, this 1.53s, total 532.76s
(T) | Epoch=349, loss=9.0414, c=0.700000, this 1.53s, total 534.28s
(T) | Epoch=350, loss=9.0494, c=0.700000, this 1.53s, total 535.81s
(T) | Epoch=351, loss=9.0400, c=0.700000, this 1.53s, total 537.34s
(T) | Epoch=352, loss=9.0388, c=0.700000, this 1.53s, total 538.87s
(T) | Epoch=353, loss=9.0509, c=0.700000, this 1.53s, total 540.40s
(T) | Epoch=354, loss=9.0649, c=0.700000, this 1.53s, total 541.93s
(T) | Epoch=355, loss=9.0509, c=0.700000, this 1.53s, total 543.46s
(T) | Epoch=356, loss=9.0546, c=0.700000, this 1.53s, total 544.99s
(T) | Epoch=357, loss=9.0379, c=0.700000, this 1.53s, total 546.52s
(T) | Epoch=358, loss=9.0367, c=0.700000, this 1.53s, total 548.05s
(T) | Epoch=359, loss=9.0454, c=0.700000, this 1.53s, total 549.58s
(T) | Epoch=360, loss=9.0214, c=0.700000, this 1.53s, total 551.11s
+++ model saved ! ./pre_trained_gnn/PubMed.GRACE.GAT.curv_0p1000.hyp_True.True.pth
(T) | Epoch=361, loss=9.0583, c=0.700000, this 1.53s, total 552.64s
(T) | Epoch=362, loss=9.0466, c=0.700000, this 1.53s, total 554.17s
(T) | Epoch=363, loss=9.0402, c=0.700000, this 1.53s, total 555.70s
(T) | Epoch=364, loss=9.0599, c=0.700000, this 1.53s, total 557.23s
(T) | Epoch=365, loss=9.0340, c=0.700000, this 1.53s, total 558.76s
(T) | Epoch=366, loss=9.0329, c=0.700000, this 1.53s, total 560.29s
(T) | Epoch=367, loss=9.0368, c=0.700000, this 1.53s, total 561.81s
(T) | Epoch=368, loss=9.0390, c=0.700000, this 1.53s, total 563.34s
(T) | Epoch=369, loss=9.0383, c=0.700000, this 1.53s, total 564.87s
(T) | Epoch=370, loss=9.0327, c=0.700000, this 1.53s, total 566.40s
(T) | Epoch=371, loss=9.0380, c=0.700000, this 1.53s, total 567.93s
(T) | Epoch=372, loss=9.0392, c=0.700000, this 1.53s, total 569.46s
(T) | Epoch=373, loss=9.0342, c=0.700000, this 1.53s, total 570.99s
(T) | Epoch=374, loss=9.0470, c=0.700000, this 1.53s, total 572.52s
(T) | Epoch=375, loss=9.0446, c=0.700000, this 1.53s, total 574.05s
(T) | Epoch=376, loss=9.0484, c=0.700000, this 1.53s, total 575.58s
(T) | Epoch=377, loss=9.0380, c=0.700000, this 1.53s, total 577.11s
(T) | Epoch=378, loss=9.0351, c=0.700000, this 1.53s, total 578.64s
(T) | Epoch=379, loss=9.0572, c=0.700000, this 1.53s, total 580.17s
(T) | Epoch=380, loss=9.0574, c=0.700000, this 1.53s, total 581.70s
(T) | Epoch=381, loss=9.0433, c=0.700000, this 1.53s, total 583.23s
(T) | Epoch=382, loss=9.0181, c=0.700000, this 1.53s, total 584.76s
+++ model saved ! ./pre_trained_gnn/PubMed.GRACE.GAT.curv_0p1000.hyp_True.True.pth
(T) | Epoch=383, loss=9.0462, c=0.700000, this 1.53s, total 586.29s
(T) | Epoch=384, loss=9.0357, c=0.700000, this 1.53s, total 587.82s
(T) | Epoch=385, loss=9.0407, c=0.700000, this 1.53s, total 589.35s
(T) | Epoch=386, loss=9.0446, c=0.700000, this 1.53s, total 590.88s
(T) | Epoch=387, loss=9.0418, c=0.700000, this 1.53s, total 592.41s
(T) | Epoch=388, loss=9.0326, c=0.700000, this 1.53s, total 593.94s
(T) | Epoch=389, loss=9.0363, c=0.700000, this 1.53s, total 595.46s
(T) | Epoch=390, loss=9.0360, c=0.700000, this 1.53s, total 596.99s
(T) | Epoch=391, loss=9.0313, c=0.700000, this 1.53s, total 598.52s
(T) | Epoch=392, loss=9.0104, c=0.700000, this 1.53s, total 600.05s
+++ model saved ! ./pre_trained_gnn/PubMed.GRACE.GAT.curv_0p1000.hyp_True.True.pth
(T) | Epoch=393, loss=9.0216, c=0.700000, this 1.53s, total 601.59s
(T) | Epoch=394, loss=9.0434, c=0.700000, this 1.53s, total 603.11s
(T) | Epoch=395, loss=9.0266, c=0.700000, this 1.53s, total 604.64s
(T) | Epoch=396, loss=9.0664, c=0.700000, this 1.53s, total 606.17s
(T) | Epoch=397, loss=9.0206, c=0.700000, this 1.53s, total 607.70s
(T) | Epoch=398, loss=9.0268, c=0.700000, this 1.53s, total 609.23s
(T) | Epoch=399, loss=9.0258, c=0.700000, this 1.53s, total 610.76s
(T) | Epoch=400, loss=9.0352, c=0.700000, this 1.53s, total 612.29s
(T) | Epoch=401, loss=9.0362, c=0.700000, this 1.53s, total 613.82s
(T) | Epoch=402, loss=9.0157, c=0.700000, this 1.53s, total 615.35s
(T) | Epoch=403, loss=9.0347, c=0.700000, this 1.53s, total 616.88s
(T) | Epoch=404, loss=9.0124, c=0.700000, this 1.53s, total 618.41s
(T) | Epoch=405, loss=9.0488, c=0.700000, this 1.53s, total 619.94s
(T) | Epoch=406, loss=9.0592, c=0.700000, this 1.53s, total 621.47s
(T) | Epoch=407, loss=9.0236, c=0.700000, this 1.53s, total 623.00s
(T) | Epoch=408, loss=9.0417, c=0.700000, this 1.53s, total 624.52s
(T) | Epoch=409, loss=9.0184, c=0.700000, this 1.53s, total 626.05s
(T) | Epoch=410, loss=9.0314, c=0.700000, this 1.53s, total 627.58s
(T) | Epoch=411, loss=9.0461, c=0.700000, this 1.53s, total 629.11s
(T) | Epoch=412, loss=9.0566, c=0.700000, this 1.53s, total 630.64s
(T) | Epoch=413, loss=9.0397, c=0.700000, this 1.53s, total 632.17s
(T) | Epoch=414, loss=9.0308, c=0.700000, this 1.53s, total 633.70s
(T) | Epoch=415, loss=9.0415, c=0.700000, this 1.53s, total 635.23s
(T) | Epoch=416, loss=9.0253, c=0.700000, this 1.53s, total 636.76s
(T) | Epoch=417, loss=9.0227, c=0.700000, this 1.53s, total 638.28s
(T) | Epoch=418, loss=9.0498, c=0.700000, this 1.53s, total 639.81s
(T) | Epoch=419, loss=9.0206, c=0.700000, this 1.53s, total 641.34s
(T) | Epoch=420, loss=9.0208, c=0.700000, this 1.53s, total 642.87s
(T) | Epoch=421, loss=9.0082, c=0.700000, this 1.53s, total 644.40s
+++ model saved ! ./pre_trained_gnn/PubMed.GRACE.GAT.curv_0p1000.hyp_True.True.pth
(T) | Epoch=422, loss=9.0326, c=0.700000, this 1.53s, total 645.93s
(T) | Epoch=423, loss=9.0093, c=0.700000, this 1.53s, total 647.46s
(T) | Epoch=424, loss=9.0071, c=0.700000, this 1.53s, total 648.99s
+++ model saved ! ./pre_trained_gnn/PubMed.GRACE.GAT.curv_0p1000.hyp_True.True.pth
(T) | Epoch=425, loss=9.0342, c=0.700000, this 1.53s, total 650.53s
(T) | Epoch=426, loss=9.0220, c=0.700000, this 1.53s, total 652.05s
(T) | Epoch=427, loss=9.0340, c=0.700000, this 1.53s, total 653.58s
(T) | Epoch=428, loss=9.0324, c=0.700000, this 1.53s, total 655.11s
(T) | Epoch=429, loss=9.0377, c=0.700000, this 1.53s, total 656.64s
(T) | Epoch=430, loss=9.0200, c=0.700000, this 1.53s, total 658.17s
(T) | Epoch=431, loss=9.0366, c=0.700000, this 1.53s, total 659.70s
(T) | Epoch=432, loss=9.0171, c=0.700000, this 1.53s, total 661.23s
(T) | Epoch=433, loss=9.0352, c=0.700000, this 1.53s, total 662.76s
(T) | Epoch=434, loss=9.0225, c=0.700000, this 1.53s, total 664.29s
(T) | Epoch=435, loss=9.0067, c=0.700000, this 1.53s, total 665.82s
+++ model saved ! ./pre_trained_gnn/PubMed.GRACE.GAT.curv_0p1000.hyp_True.True.pth
(T) | Epoch=436, loss=9.0356, c=0.700000, this 1.54s, total 667.35s
(T) | Epoch=437, loss=9.0261, c=0.700000, this 1.53s, total 668.88s
(T) | Epoch=438, loss=9.0584, c=0.700000, this 1.53s, total 670.41s
(T) | Epoch=439, loss=9.0316, c=0.700000, this 1.53s, total 671.94s
(T) | Epoch=440, loss=9.0192, c=0.700000, this 1.53s, total 673.47s
(T) | Epoch=441, loss=9.0397, c=0.700000, this 1.53s, total 675.00s
(T) | Epoch=442, loss=9.0025, c=0.700000, this 1.53s, total 676.53s
+++ model saved ! ./pre_trained_gnn/PubMed.GRACE.GAT.curv_0p1000.hyp_True.True.pth
(T) | Epoch=443, loss=9.0234, c=0.700000, this 1.53s, total 678.06s
(T) | Epoch=444, loss=9.0275, c=0.700000, this 1.53s, total 679.59s
(T) | Epoch=445, loss=9.0229, c=0.700000, this 1.53s, total 681.12s
(T) | Epoch=446, loss=9.0210, c=0.700000, this 1.53s, total 682.65s
(T) | Epoch=447, loss=9.0251, c=0.700000, this 1.53s, total 684.18s
(T) | Epoch=448, loss=9.0066, c=0.700000, this 1.53s, total 685.71s
(T) | Epoch=449, loss=9.0326, c=0.700000, this 1.53s, total 687.24s
(T) | Epoch=450, loss=9.0279, c=0.700000, this 1.53s, total 688.77s
(T) | Epoch=451, loss=9.0209, c=0.700000, this 1.53s, total 690.30s
(T) | Epoch=452, loss=9.0142, c=0.700000, this 1.53s, total 691.82s
(T) | Epoch=453, loss=9.0269, c=0.700000, this 1.53s, total 693.35s
(T) | Epoch=454, loss=9.0189, c=0.700000, this 1.53s, total 694.88s
(T) | Epoch=455, loss=9.0020, c=0.700000, this 1.53s, total 696.41s
+++ model saved ! ./pre_trained_gnn/PubMed.GRACE.GAT.curv_0p1000.hyp_True.True.pth
(T) | Epoch=456, loss=9.0249, c=0.700000, this 1.53s, total 697.95s
(T) | Epoch=457, loss=9.0309, c=0.700000, this 1.53s, total 699.48s
(T) | Epoch=458, loss=9.0124, c=0.700000, this 1.53s, total 701.00s
(T) | Epoch=459, loss=9.0175, c=0.700000, this 1.53s, total 702.53s
(T) | Epoch=460, loss=9.0118, c=0.700000, this 1.53s, total 704.06s
(T) | Epoch=461, loss=9.0182, c=0.700000, this 1.53s, total 705.59s
(T) | Epoch=462, loss=9.0195, c=0.700000, this 1.53s, total 707.12s
(T) | Epoch=463, loss=9.0031, c=0.700000, this 1.53s, total 708.65s
(T) | Epoch=464, loss=9.0151, c=0.700000, this 1.53s, total 710.18s
(T) | Epoch=465, loss=9.0312, c=0.700000, this 1.53s, total 711.71s
(T) | Epoch=466, loss=9.0263, c=0.700000, this 1.53s, total 713.24s
(T) | Epoch=467, loss=9.0252, c=0.700000, this 1.53s, total 714.77s
(T) | Epoch=468, loss=9.0176, c=0.700000, this 1.53s, total 716.30s
(T) | Epoch=469, loss=9.0063, c=0.700000, this 1.53s, total 717.83s
(T) | Epoch=470, loss=9.0280, c=0.700000, this 1.53s, total 719.35s
(T) | Epoch=471, loss=9.0107, c=0.700000, this 1.53s, total 720.88s
(T) | Epoch=472, loss=9.0067, c=0.700000, this 1.53s, total 722.41s
(T) | Epoch=473, loss=9.0138, c=0.700000, this 1.53s, total 723.94s
(T) | Epoch=474, loss=9.0307, c=0.700000, this 1.53s, total 725.47s
(T) | Epoch=475, loss=9.0217, c=0.700000, this 1.53s, total 727.00s
(T) | Epoch=476, loss=8.9992, c=0.700000, this 1.53s, total 728.53s
+++ model saved ! ./pre_trained_gnn/PubMed.GRACE.GAT.curv_0p1000.hyp_True.True.pth
(T) | Epoch=477, loss=9.0251, c=0.700000, this 1.53s, total 730.06s
(T) | Epoch=478, loss=9.0216, c=0.700000, this 1.53s, total 731.59s
(T) | Epoch=479, loss=9.0121, c=0.700000, this 1.53s, total 733.12s
(T) | Epoch=480, loss=9.0240, c=0.700000, this 1.53s, total 734.65s
(T) | Epoch=481, loss=9.0076, c=0.700000, this 1.53s, total 736.18s
(T) | Epoch=482, loss=9.0077, c=0.700000, this 1.53s, total 737.71s
(T) | Epoch=483, loss=9.0237, c=0.700000, this 1.53s, total 739.24s
(T) | Epoch=484, loss=9.0171, c=0.700000, this 1.53s, total 740.77s
(T) | Epoch=485, loss=9.0192, c=0.700000, this 1.53s, total 742.30s
(T) | Epoch=486, loss=9.0106, c=0.700000, this 1.53s, total 743.83s
(T) | Epoch=487, loss=9.0263, c=0.700000, this 1.53s, total 745.36s
(T) | Epoch=488, loss=9.0201, c=0.700000, this 1.53s, total 746.89s
(T) | Epoch=489, loss=9.0137, c=0.700000, this 1.53s, total 748.42s
(T) | Epoch=490, loss=9.0128, c=0.700000, this 1.53s, total 749.94s
(T) | Epoch=491, loss=8.9938, c=0.700000, this 1.53s, total 751.47s
+++ model saved ! ./pre_trained_gnn/PubMed.GRACE.GAT.curv_0p1000.hyp_True.True.pth
(T) | Epoch=492, loss=9.0035, c=0.700000, this 1.53s, total 753.01s
(T) | Epoch=493, loss=9.0383, c=0.700000, this 1.53s, total 754.54s
(T) | Epoch=494, loss=9.0132, c=0.700000, this 1.53s, total 756.07s
(T) | Epoch=495, loss=9.0150, c=0.700000, this 1.53s, total 757.59s
(T) | Epoch=496, loss=9.0036, c=0.700000, this 1.53s, total 759.12s
(T) | Epoch=497, loss=8.9946, c=0.700000, this 1.53s, total 760.65s
(T) | Epoch=498, loss=9.0177, c=0.700000, this 1.53s, total 762.18s
(T) | Epoch=499, loss=9.0087, c=0.700000, this 1.53s, total 763.71s
(T) | Epoch=500, loss=9.0099, c=0.700000, this 1.53s, total 765.24s
(T) | Epoch=501, loss=9.0079, c=0.700000, this 1.53s, total 766.77s
(T) | Epoch=502, loss=9.0105, c=0.700000, this 1.53s, total 768.30s
(T) | Epoch=503, loss=9.0154, c=0.700000, this 1.53s, total 769.83s
(T) | Epoch=504, loss=9.0194, c=0.700000, this 1.53s, total 771.36s
(T) | Epoch=505, loss=9.0364, c=0.700000, this 1.53s, total 772.89s
(T) | Epoch=506, loss=9.0087, c=0.700000, this 1.53s, total 774.42s
(T) | Epoch=507, loss=9.0150, c=0.700000, this 1.53s, total 775.95s
(T) | Epoch=508, loss=9.0031, c=0.700000, this 1.53s, total 777.48s
(T) | Epoch=509, loss=9.0109, c=0.700000, this 1.53s, total 779.00s
(T) | Epoch=510, loss=9.0160, c=0.700000, this 1.53s, total 780.53s
(T) | Epoch=511, loss=9.0263, c=0.700000, this 1.53s, total 782.06s
(T) | Epoch=512, loss=9.0198, c=0.700000, this 1.53s, total 783.59s
(T) | Epoch=513, loss=9.0018, c=0.700000, this 1.53s, total 785.12s
(T) | Epoch=514, loss=9.0155, c=0.700000, this 1.53s, total 786.65s
(T) | Epoch=515, loss=9.0120, c=0.700000, this 1.53s, total 788.18s
(T) | Epoch=516, loss=9.0076, c=0.700000, this 1.53s, total 789.71s
(T) | Epoch=517, loss=9.0195, c=0.700000, this 1.53s, total 791.24s
(T) | Epoch=518, loss=9.0034, c=0.700000, this 1.53s, total 792.77s
(T) | Epoch=519, loss=9.0040, c=0.700000, this 1.53s, total 794.30s
(T) | Epoch=520, loss=9.0072, c=0.700000, this 1.53s, total 795.82s
(T) | Epoch=521, loss=9.0220, c=0.700000, this 1.53s, total 797.36s
(T) | Epoch=522, loss=9.0064, c=0.700000, this 1.53s, total 798.88s
(T) | Epoch=523, loss=9.0017, c=0.700000, this 1.53s, total 800.41s
(T) | Epoch=524, loss=9.0192, c=0.700000, this 1.53s, total 801.94s
(T) | Epoch=525, loss=9.0056, c=0.700000, this 1.53s, total 803.47s
(T) | Epoch=526, loss=9.0107, c=0.700000, this 1.53s, total 805.00s
(T) | Epoch=527, loss=8.9839, c=0.700000, this 1.53s, total 806.53s
+++ model saved ! ./pre_trained_gnn/PubMed.GRACE.GAT.curv_0p1000.hyp_True.True.pth
(T) | Epoch=528, loss=8.9995, c=0.700000, this 1.53s, total 808.06s
(T) | Epoch=529, loss=9.0110, c=0.700000, this 1.53s, total 809.59s
(T) | Epoch=530, loss=9.0091, c=0.700000, this 1.53s, total 811.12s
(T) | Epoch=531, loss=8.9922, c=0.700000, this 1.53s, total 812.65s
(T) | Epoch=532, loss=9.0015, c=0.700000, this 1.53s, total 814.18s
(T) | Epoch=533, loss=8.9906, c=0.700000, this 1.53s, total 815.71s
(T) | Epoch=534, loss=9.0355, c=0.700000, this 1.53s, total 817.24s
(T) | Epoch=535, loss=9.0055, c=0.700000, this 1.53s, total 818.77s
(T) | Epoch=536, loss=8.9965, c=0.700000, this 1.53s, total 820.30s
(T) | Epoch=537, loss=8.9882, c=0.700000, this 1.53s, total 821.82s
(T) | Epoch=538, loss=9.0148, c=0.700000, this 1.53s, total 823.35s
(T) | Epoch=539, loss=8.9939, c=0.700000, this 1.53s, total 824.88s
(T) | Epoch=540, loss=9.0060, c=0.700000, this 1.53s, total 826.41s
(T) | Epoch=541, loss=8.9988, c=0.700000, this 1.53s, total 827.94s
(T) | Epoch=542, loss=9.0022, c=0.700000, this 1.53s, total 829.47s
(T) | Epoch=543, loss=9.0015, c=0.700000, this 1.53s, total 831.00s
(T) | Epoch=544, loss=9.0106, c=0.700000, this 1.53s, total 832.52s
(T) | Epoch=545, loss=9.0217, c=0.700000, this 1.53s, total 834.06s
(T) | Epoch=546, loss=9.0064, c=0.700000, this 1.53s, total 835.59s
(T) | Epoch=547, loss=8.9998, c=0.700000, this 1.53s, total 837.11s
(T) | Epoch=548, loss=9.0136, c=0.700000, this 1.53s, total 838.64s
(T) | Epoch=549, loss=9.0099, c=0.700000, this 1.53s, total 840.17s
(T) | Epoch=550, loss=8.9935, c=0.700000, this 1.53s, total 841.70s
(T) | Epoch=551, loss=9.0191, c=0.700000, this 1.53s, total 843.23s
(T) | Epoch=552, loss=9.0049, c=0.700000, this 1.53s, total 844.76s
(T) | Epoch=553, loss=9.0010, c=0.700000, this 1.53s, total 846.29s
(T) | Epoch=554, loss=9.0140, c=0.700000, this 1.53s, total 847.82s
(T) | Epoch=555, loss=9.0061, c=0.700000, this 1.53s, total 849.35s
(T) | Epoch=556, loss=9.0274, c=0.700000, this 1.53s, total 850.88s
(T) | Epoch=557, loss=9.0262, c=0.700000, this 1.53s, total 852.41s
(T) | Epoch=558, loss=9.0120, c=0.700000, this 1.53s, total 853.93s
(T) | Epoch=559, loss=9.0275, c=0.700000, this 1.53s, total 855.46s
(T) | Epoch=560, loss=9.0150, c=0.700000, this 1.53s, total 856.99s
(T) | Epoch=561, loss=9.0176, c=0.700000, this 1.53s, total 858.52s
(T) | Epoch=562, loss=9.0007, c=0.700000, this 1.53s, total 860.05s
(T) | Epoch=563, loss=8.9981, c=0.700000, this 1.53s, total 861.58s
(T) | Epoch=564, loss=8.9934, c=0.700000, this 1.53s, total 863.11s
(T) | Epoch=565, loss=8.9919, c=0.700000, this 1.53s, total 864.64s
(T) | Epoch=566, loss=9.0037, c=0.700000, this 1.53s, total 866.17s
(T) | Epoch=567, loss=9.0038, c=0.700000, this 1.53s, total 867.70s
(T) | Epoch=568, loss=9.0025, c=0.700000, this 1.53s, total 869.23s
(T) | Epoch=569, loss=9.0254, c=0.700000, this 1.53s, total 870.75s
(T) | Epoch=570, loss=9.0071, c=0.700000, this 1.53s, total 872.28s
(T) | Epoch=571, loss=9.0160, c=0.700000, this 1.53s, total 873.81s
(T) | Epoch=572, loss=9.0035, c=0.700000, this 1.53s, total 875.34s
(T) | Epoch=573, loss=9.0308, c=0.700000, this 1.53s, total 876.87s
(T) | Epoch=574, loss=8.9923, c=0.700000, this 1.53s, total 878.40s
(T) | Epoch=575, loss=9.0287, c=0.700000, this 1.53s, total 879.93s
(T) | Epoch=576, loss=9.0318, c=0.700000, this 1.53s, total 881.46s
(T) | Epoch=577, loss=9.0035, c=0.700000, this 1.53s, total 882.99s
(T) | Epoch=578, loss=8.9836, c=0.700000, this 1.53s, total 884.52s
+++ model saved ! ./pre_trained_gnn/PubMed.GRACE.GAT.curv_0p1000.hyp_True.True.pth
(T) | Epoch=579, loss=8.9992, c=0.700000, this 1.53s, total 886.05s
(T) | Epoch=580, loss=8.9961, c=0.700000, this 1.53s, total 887.58s
(T) | Epoch=581, loss=9.0106, c=0.700000, this 1.53s, total 889.11s
(T) | Epoch=582, loss=9.0213, c=0.700000, this 1.53s, total 890.64s
(T) | Epoch=583, loss=9.0022, c=0.700000, this 1.53s, total 892.17s
(T) | Epoch=584, loss=8.9884, c=0.700000, this 1.53s, total 893.70s
(T) | Epoch=585, loss=9.0138, c=0.700000, this 1.53s, total 895.23s
(T) | Epoch=586, loss=9.0334, c=0.700000, this 1.53s, total 896.76s
(T) | Epoch=587, loss=9.0011, c=0.700000, this 1.53s, total 898.29s
(T) | Epoch=588, loss=9.0135, c=0.700000, this 1.53s, total 899.82s
(T) | Epoch=589, loss=8.9850, c=0.700000, this 1.53s, total 901.35s
(T) | Epoch=590, loss=8.9929, c=0.700000, this 1.53s, total 902.88s
(T) | Epoch=591, loss=9.0157, c=0.700000, this 1.53s, total 904.41s
(T) | Epoch=592, loss=9.0007, c=0.700000, this 1.53s, total 905.94s
(T) | Epoch=593, loss=9.0122, c=0.700000, this 1.53s, total 907.47s
(T) | Epoch=594, loss=9.0104, c=0.700000, this 1.53s, total 909.00s
(T) | Epoch=595, loss=8.9924, c=0.700000, this 1.53s, total 910.53s
(T) | Epoch=596, loss=8.9858, c=0.700000, this 1.53s, total 912.06s
(T) | Epoch=597, loss=9.0064, c=0.700000, this 1.53s, total 913.59s
(T) | Epoch=598, loss=9.0151, c=0.700000, this 1.53s, total 915.11s
(T) | Epoch=599, loss=9.0041, c=0.700000, this 1.53s, total 916.64s
(T) | Epoch=600, loss=9.0083, c=0.700000, this 1.53s, total 918.17s
(T) | Epoch=601, loss=9.0184, c=0.700000, this 1.53s, total 919.70s
(T) | Epoch=602, loss=9.0208, c=0.700000, this 1.53s, total 921.23s
(T) | Epoch=603, loss=8.9934, c=0.700000, this 1.53s, total 922.76s
(T) | Epoch=604, loss=9.0076, c=0.700000, this 1.53s, total 924.29s
(T) | Epoch=605, loss=8.9844, c=0.700000, this 1.53s, total 925.82s
(T) | Epoch=606, loss=8.9888, c=0.700000, this 1.53s, total 927.35s
(T) | Epoch=607, loss=9.0038, c=0.700000, this 1.53s, total 928.88s
(T) | Epoch=608, loss=9.0043, c=0.700000, this 1.53s, total 930.41s
(T) | Epoch=609, loss=9.0131, c=0.700000, this 1.53s, total 931.94s
(T) | Epoch=610, loss=9.0002, c=0.700000, this 1.53s, total 933.47s
(T) | Epoch=611, loss=9.0017, c=0.700000, this 1.53s, total 935.00s
(T) | Epoch=612, loss=9.0091, c=0.700000, this 1.53s, total 936.53s
(T) | Epoch=613, loss=8.9886, c=0.700000, this 1.53s, total 938.06s
(T) | Epoch=614, loss=9.0201, c=0.700000, this 1.53s, total 939.59s
(T) | Epoch=615, loss=8.9926, c=0.700000, this 1.53s, total 941.12s
(T) | Epoch=616, loss=9.0069, c=0.700000, this 1.53s, total 942.65s
(T) | Epoch=617, loss=8.9994, c=0.700000, this 1.53s, total 944.18s
(T) | Epoch=618, loss=8.9875, c=0.700000, this 1.53s, total 945.71s
(T) | Epoch=619, loss=8.9963, c=0.700000, this 1.53s, total 947.24s
(T) | Epoch=620, loss=9.0030, c=0.700000, this 1.53s, total 948.76s
(T) | Epoch=621, loss=8.9987, c=0.700000, this 1.53s, total 950.29s
(T) | Epoch=622, loss=8.9947, c=0.700000, this 1.53s, total 951.82s
(T) | Epoch=623, loss=8.9789, c=0.700000, this 1.53s, total 953.35s
+++ model saved ! ./pre_trained_gnn/PubMed.GRACE.GAT.curv_0p1000.hyp_True.True.pth
(T) | Epoch=624, loss=8.9985, c=0.700000, this 1.53s, total 954.89s
(T) | Epoch=625, loss=8.9930, c=0.700000, this 1.53s, total 956.42s
(T) | Epoch=626, loss=8.9861, c=0.700000, this 1.53s, total 957.95s
(T) | Epoch=627, loss=8.9909, c=0.700000, this 1.53s, total 959.48s
(T) | Epoch=628, loss=8.9905, c=0.700000, this 1.53s, total 961.01s
(T) | Epoch=629, loss=8.9979, c=0.700000, this 1.53s, total 962.53s
(T) | Epoch=630, loss=8.9977, c=0.700000, this 1.53s, total 964.06s
(T) | Epoch=631, loss=9.0081, c=0.700000, this 1.53s, total 965.59s
(T) | Epoch=632, loss=8.9984, c=0.700000, this 1.53s, total 967.12s
(T) | Epoch=633, loss=8.9904, c=0.700000, this 1.53s, total 968.65s
(T) | Epoch=634, loss=8.9977, c=0.700000, this 1.53s, total 970.18s
(T) | Epoch=635, loss=9.0036, c=0.700000, this 1.53s, total 971.71s
(T) | Epoch=636, loss=9.0056, c=0.700000, this 1.53s, total 973.24s
(T) | Epoch=637, loss=8.9888, c=0.700000, this 1.53s, total 974.77s
(T) | Epoch=638, loss=9.0148, c=0.700000, this 1.53s, total 976.30s
(T) | Epoch=639, loss=9.0067, c=0.700000, this 1.53s, total 977.83s
(T) | Epoch=640, loss=8.9867, c=0.700000, this 1.53s, total 979.36s
(T) | Epoch=641, loss=8.9969, c=0.700000, this 1.53s, total 980.89s
(T) | Epoch=642, loss=9.0037, c=0.700000, this 1.53s, total 982.42s
(T) | Epoch=643, loss=8.9943, c=0.700000, this 1.53s, total 983.95s
(T) | Epoch=644, loss=9.0107, c=0.700000, this 1.53s, total 985.48s
(T) | Epoch=645, loss=8.9928, c=0.700000, this 1.53s, total 987.01s
(T) | Epoch=646, loss=9.0052, c=0.700000, this 1.53s, total 988.54s
(T) | Epoch=647, loss=8.9910, c=0.700000, this 1.53s, total 990.07s
(T) | Epoch=648, loss=8.9975, c=0.700000, this 1.53s, total 991.60s
(T) | Epoch=649, loss=9.0014, c=0.700000, this 1.53s, total 993.13s
(T) | Epoch=650, loss=8.9873, c=0.700000, this 1.53s, total 994.65s
(T) | Epoch=651, loss=8.9980, c=0.700000, this 1.53s, total 996.18s
(T) | Epoch=652, loss=8.9792, c=0.700000, this 1.53s, total 997.71s
(T) | Epoch=653, loss=8.9931, c=0.700000, this 1.53s, total 999.24s
(T) | Epoch=654, loss=9.0010, c=0.700000, this 1.53s, total 1000.77s
(T) | Epoch=655, loss=9.0003, c=0.700000, this 1.53s, total 1002.30s
(T) | Epoch=656, loss=9.0015, c=0.700000, this 1.53s, total 1003.83s
(T) | Epoch=657, loss=9.0068, c=0.700000, this 1.53s, total 1005.36s
(T) | Epoch=658, loss=8.9791, c=0.700000, this 1.53s, total 1006.89s
(T) | Epoch=659, loss=8.9913, c=0.700000, this 1.53s, total 1008.42s
(T) | Epoch=660, loss=8.9914, c=0.700000, this 1.53s, total 1009.95s
(T) | Epoch=661, loss=8.9831, c=0.700000, this 1.53s, total 1011.48s
(T) | Epoch=662, loss=9.0051, c=0.700000, this 1.53s, total 1013.01s
(T) | Epoch=663, loss=9.0124, c=0.700000, this 1.53s, total 1014.54s
(T) | Epoch=664, loss=9.0009, c=0.700000, this 1.53s, total 1016.07s
(T) | Epoch=665, loss=8.9900, c=0.700000, this 1.53s, total 1017.60s
(T) | Epoch=666, loss=8.9853, c=0.700000, this 1.53s, total 1019.13s
(T) | Epoch=667, loss=8.9823, c=0.700000, this 1.53s, total 1020.66s
(T) | Epoch=668, loss=9.0266, c=0.700000, this 1.53s, total 1022.19s
(T) | Epoch=669, loss=8.9925, c=0.700000, this 1.53s, total 1023.72s
(T) | Epoch=670, loss=8.9999, c=0.700000, this 1.53s, total 1025.25s
(T) | Epoch=671, loss=8.9977, c=0.700000, this 1.53s, total 1026.77s
(T) | Epoch=672, loss=9.0082, c=0.700000, this 1.53s, total 1028.30s
(T) | Epoch=673, loss=8.9909, c=0.700000, this 1.53s, total 1029.83s
(T) | Epoch=674, loss=8.9962, c=0.700000, this 1.53s, total 1031.36s
(T) | Epoch=675, loss=8.9893, c=0.700000, this 1.53s, total 1032.89s
(T) | Epoch=676, loss=9.0023, c=0.700000, this 1.53s, total 1034.42s
(T) | Epoch=677, loss=8.9907, c=0.700000, this 1.53s, total 1035.95s
(T) | Epoch=678, loss=8.9846, c=0.700000, this 1.53s, total 1037.48s
(T) | Epoch=679, loss=8.9829, c=0.700000, this 1.53s, total 1039.01s
(T) | Epoch=680, loss=8.9947, c=0.700000, this 1.53s, total 1040.54s
(T) | Epoch=681, loss=8.9677, c=0.700000, this 1.53s, total 1042.07s
+++ model saved ! ./pre_trained_gnn/PubMed.GRACE.GAT.curv_0p1000.hyp_True.True.pth
(T) | Epoch=682, loss=8.9799, c=0.700000, this 1.53s, total 1043.60s
(T) | Epoch=683, loss=9.0065, c=0.700000, this 1.53s, total 1045.13s
(T) | Epoch=684, loss=8.9923, c=0.700000, this 1.53s, total 1046.66s
(T) | Epoch=685, loss=8.9891, c=0.700000, this 1.53s, total 1048.19s
(T) | Epoch=686, loss=8.9995, c=0.700000, this 1.53s, total 1049.72s
(T) | Epoch=687, loss=8.9864, c=0.700000, this 1.53s, total 1051.25s
(T) | Epoch=688, loss=9.0033, c=0.700000, this 1.53s, total 1052.78s
(T) | Epoch=689, loss=8.9918, c=0.700000, this 1.53s, total 1054.31s
(T) | Epoch=690, loss=8.9922, c=0.700000, this 1.53s, total 1055.84s
(T) | Epoch=691, loss=8.9972, c=0.700000, this 1.53s, total 1057.37s
(T) | Epoch=692, loss=8.9756, c=0.700000, this 1.53s, total 1058.90s
(T) | Epoch=693, loss=9.0060, c=0.700000, this 1.53s, total 1060.43s
(T) | Epoch=694, loss=8.9933, c=0.700000, this 1.53s, total 1061.96s
(T) | Epoch=695, loss=9.0019, c=0.700000, this 1.53s, total 1063.49s
(T) | Epoch=696, loss=8.9929, c=0.700000, this 1.53s, total 1065.02s
(T) | Epoch=697, loss=9.0089, c=0.700000, this 1.53s, total 1066.55s
(T) | Epoch=698, loss=8.9991, c=0.700000, this 1.53s, total 1068.08s
(T) | Epoch=699, loss=8.9922, c=0.700000, this 1.53s, total 1069.61s
(T) | Epoch=700, loss=8.9894, c=0.700000, this 1.53s, total 1071.14s
(T) | Epoch=701, loss=9.0037, c=0.700000, this 1.53s, total 1072.67s
(T) | Epoch=702, loss=9.0058, c=0.700000, this 1.53s, total 1074.20s
(T) | Epoch=703, loss=8.9890, c=0.700000, this 1.53s, total 1075.73s
(T) | Epoch=704, loss=8.9872, c=0.700000, this 1.53s, total 1077.26s
(T) | Epoch=705, loss=9.0134, c=0.700000, this 1.53s, total 1078.79s
(T) | Epoch=706, loss=8.9877, c=0.700000, this 1.53s, total 1080.32s
(T) | Epoch=707, loss=8.9755, c=0.700000, this 1.53s, total 1081.84s
(T) | Epoch=708, loss=9.0054, c=0.700000, this 1.53s, total 1083.37s
(T) | Epoch=709, loss=9.0053, c=0.700000, this 1.53s, total 1084.90s
(T) | Epoch=710, loss=8.9919, c=0.700000, this 1.53s, total 1086.43s
(T) | Epoch=711, loss=8.9913, c=0.700000, this 1.53s, total 1087.96s
(T) | Epoch=712, loss=9.0043, c=0.700000, this 1.53s, total 1089.49s
(T) | Epoch=713, loss=8.9893, c=0.700000, this 1.53s, total 1091.02s
(T) | Epoch=714, loss=8.9829, c=0.700000, this 1.53s, total 1092.55s
(T) | Epoch=715, loss=8.9956, c=0.700000, this 1.53s, total 1094.08s
(T) | Epoch=716, loss=8.9943, c=0.700000, this 1.53s, total 1095.61s
(T) | Epoch=717, loss=8.9996, c=0.700000, this 1.53s, total 1097.14s
(T) | Epoch=718, loss=8.9963, c=0.700000, this 1.53s, total 1098.67s
(T) | Epoch=719, loss=8.9934, c=0.700000, this 1.53s, total 1100.20s
(T) | Epoch=720, loss=8.9772, c=0.700000, this 1.53s, total 1101.73s
(T) | Epoch=721, loss=9.0044, c=0.700000, this 1.53s, total 1103.26s
(T) | Epoch=722, loss=9.0034, c=0.700000, this 1.53s, total 1104.79s
(T) | Epoch=723, loss=8.9968, c=0.700000, this 1.53s, total 1106.32s
(T) | Epoch=724, loss=8.9915, c=0.700000, this 1.53s, total 1107.85s
(T) | Epoch=725, loss=8.9801, c=0.700000, this 1.53s, total 1109.38s
(T) | Epoch=726, loss=8.9850, c=0.700000, this 1.53s, total 1110.91s
(T) | Epoch=727, loss=8.9900, c=0.700000, this 1.53s, total 1112.44s
(T) | Epoch=728, loss=8.9969, c=0.700000, this 1.53s, total 1113.96s
(T) | Epoch=729, loss=8.9861, c=0.700000, this 1.53s, total 1115.49s
(T) | Epoch=730, loss=8.9760, c=0.700000, this 1.53s, total 1117.02s
(T) | Epoch=731, loss=9.0148, c=0.700000, this 1.53s, total 1118.55s
(T) | Epoch=732, loss=9.0110, c=0.700000, this 1.53s, total 1120.08s
(T) | Epoch=733, loss=8.9942, c=0.700000, this 1.53s, total 1121.61s
(T) | Epoch=734, loss=8.9842, c=0.700000, this 1.53s, total 1123.14s
(T) | Epoch=735, loss=8.9802, c=0.700000, this 1.53s, total 1124.67s
(T) | Epoch=736, loss=9.0103, c=0.700000, this 1.53s, total 1126.20s
(T) | Epoch=737, loss=8.9986, c=0.700000, this 1.53s, total 1127.73s
(T) | Epoch=738, loss=8.9893, c=0.700000, this 1.53s, total 1129.26s
(T) | Epoch=739, loss=8.9934, c=0.700000, this 1.53s, total 1130.79s
(T) | Epoch=740, loss=8.9982, c=0.700000, this 1.53s, total 1132.32s
(T) | Epoch=741, loss=8.9662, c=0.700000, this 1.53s, total 1133.85s
+++ model saved ! ./pre_trained_gnn/PubMed.GRACE.GAT.curv_0p1000.hyp_True.True.pth
(T) | Epoch=742, loss=8.9925, c=0.700000, this 1.53s, total 1135.38s
(T) | Epoch=743, loss=8.9910, c=0.700000, this 1.53s, total 1136.91s
(T) | Epoch=744, loss=8.9916, c=0.700000, this 1.53s, total 1138.44s
(T) | Epoch=745, loss=8.9857, c=0.700000, this 1.53s, total 1139.97s
(T) | Epoch=746, loss=8.9794, c=0.700000, this 1.53s, total 1141.50s
(T) | Epoch=747, loss=8.9856, c=0.700000, this 1.53s, total 1143.03s
(T) | Epoch=748, loss=8.9912, c=0.700000, this 1.53s, total 1144.56s
(T) | Epoch=749, loss=8.9898, c=0.700000, this 1.53s, total 1146.09s
(T) | Epoch=750, loss=9.0093, c=0.700000, this 1.53s, total 1147.62s
(T) | Epoch=751, loss=8.9923, c=0.700000, this 1.53s, total 1149.15s
(T) | Epoch=752, loss=8.9867, c=0.700000, this 1.53s, total 1150.68s
(T) | Epoch=753, loss=8.9839, c=0.700000, this 1.53s, total 1152.21s
(T) | Epoch=754, loss=8.9925, c=0.700000, this 1.53s, total 1153.74s
(T) | Epoch=755, loss=8.9742, c=0.700000, this 1.53s, total 1155.27s
(T) | Epoch=756, loss=8.9883, c=0.700000, this 1.53s, total 1156.80s
(T) | Epoch=757, loss=8.9816, c=0.700000, this 1.53s, total 1158.33s
(T) | Epoch=758, loss=8.9910, c=0.700000, this 1.53s, total 1159.86s
(T) | Epoch=759, loss=8.9835, c=0.700000, this 1.53s, total 1161.39s
(T) | Epoch=760, loss=8.9902, c=0.700000, this 1.53s, total 1162.92s
(T) | Epoch=761, loss=9.0060, c=0.700000, this 1.53s, total 1164.45s
(T) | Epoch=762, loss=8.9966, c=0.700000, this 1.53s, total 1165.98s
(T) | Epoch=763, loss=9.0013, c=0.700000, this 1.53s, total 1167.50s
(T) | Epoch=764, loss=8.9785, c=0.700000, this 1.53s, total 1169.03s
(T) | Epoch=765, loss=9.0078, c=0.700000, this 1.53s, total 1170.56s
(T) | Epoch=766, loss=8.9716, c=0.700000, this 1.53s, total 1172.09s
(T) | Epoch=767, loss=8.9870, c=0.700000, this 1.53s, total 1173.62s
(T) | Epoch=768, loss=8.9788, c=0.700000, this 1.53s, total 1175.15s
(T) | Epoch=769, loss=8.9934, c=0.700000, this 1.53s, total 1176.68s
(T) | Epoch=770, loss=8.9779, c=0.700000, this 1.53s, total 1178.21s
(T) | Epoch=771, loss=8.9896, c=0.700000, this 1.53s, total 1179.74s
(T) | Epoch=772, loss=8.9733, c=0.700000, this 1.53s, total 1181.27s
(T) | Epoch=773, loss=8.9910, c=0.700000, this 1.53s, total 1182.80s
(T) | Epoch=774, loss=8.9955, c=0.700000, this 1.53s, total 1184.33s
(T) | Epoch=775, loss=8.9773, c=0.700000, this 1.53s, total 1185.86s
(T) | Epoch=776, loss=8.9952, c=0.700000, this 1.53s, total 1187.39s
(T) | Epoch=777, loss=8.9857, c=0.700000, this 1.53s, total 1188.92s
(T) | Epoch=778, loss=8.9876, c=0.700000, this 1.53s, total 1190.45s
(T) | Epoch=779, loss=8.9894, c=0.700000, this 1.53s, total 1191.98s
(T) | Epoch=780, loss=9.0000, c=0.700000, this 1.53s, total 1193.50s
(T) | Epoch=781, loss=8.9818, c=0.700000, this 1.53s, total 1195.03s
(T) | Epoch=782, loss=9.0015, c=0.700000, this 1.53s, total 1196.56s
(T) | Epoch=783, loss=8.9751, c=0.700000, this 1.53s, total 1198.09s
(T) | Epoch=784, loss=8.9835, c=0.700000, this 1.53s, total 1199.62s
(T) | Epoch=785, loss=8.9812, c=0.700000, this 1.53s, total 1201.15s
(T) | Epoch=786, loss=8.9906, c=0.700000, this 1.53s, total 1202.68s
(T) | Epoch=787, loss=8.9965, c=0.700000, this 1.53s, total 1204.21s
(T) | Epoch=788, loss=8.9861, c=0.700000, this 1.53s, total 1205.74s
(T) | Epoch=789, loss=8.9837, c=0.700000, this 1.53s, total 1207.27s
(T) | Epoch=790, loss=8.9890, c=0.700000, this 1.53s, total 1208.80s
(T) | Epoch=791, loss=8.9746, c=0.700000, this 1.53s, total 1210.33s
(T) | Epoch=792, loss=8.9910, c=0.700000, this 1.53s, total 1211.86s
(T) | Epoch=793, loss=8.9981, c=0.700000, this 1.53s, total 1213.39s
(T) | Epoch=794, loss=8.9681, c=0.700000, this 1.53s, total 1214.92s
(T) | Epoch=795, loss=8.9899, c=0.700000, this 1.53s, total 1216.44s
(T) | Epoch=796, loss=8.9980, c=0.700000, this 1.53s, total 1217.97s
(T) | Epoch=797, loss=8.9899, c=0.700000, this 1.53s, total 1219.50s
(T) | Epoch=798, loss=8.9819, c=0.700000, this 1.53s, total 1221.03s
(T) | Epoch=799, loss=8.9684, c=0.700000, this 1.53s, total 1222.56s
(T) | Epoch=800, loss=8.9923, c=0.700000, this 1.53s, total 1224.09s
(T) | Epoch=801, loss=8.9779, c=0.700000, this 1.53s, total 1225.62s
(T) | Epoch=802, loss=8.9900, c=0.700000, this 1.53s, total 1227.15s
(T) | Epoch=803, loss=8.9732, c=0.700000, this 1.53s, total 1228.68s
(T) | Epoch=804, loss=8.9749, c=0.700000, this 1.53s, total 1230.21s
(T) | Epoch=805, loss=8.9716, c=0.700000, this 1.53s, total 1231.74s
(T) | Epoch=806, loss=8.9737, c=0.700000, this 1.53s, total 1233.27s
(T) | Epoch=807, loss=8.9995, c=0.700000, this 1.53s, total 1234.80s
(T) | Epoch=808, loss=8.9748, c=0.700000, this 1.53s, total 1236.33s
(T) | Epoch=809, loss=8.9989, c=0.700000, this 1.53s, total 1237.86s
(T) | Epoch=810, loss=8.9790, c=0.700000, this 1.53s, total 1239.39s
(T) | Epoch=811, loss=8.9752, c=0.700000, this 1.53s, total 1240.92s
(T) | Epoch=812, loss=8.9855, c=0.700000, this 1.53s, total 1242.45s
(T) | Epoch=813, loss=8.9878, c=0.700000, this 1.53s, total 1243.97s
(T) | Epoch=814, loss=8.9813, c=0.700000, this 1.53s, total 1245.50s
(T) | Epoch=815, loss=8.9750, c=0.700000, this 1.53s, total 1247.03s
(T) | Epoch=816, loss=8.9859, c=0.700000, this 1.53s, total 1248.56s
(T) | Epoch=817, loss=8.9848, c=0.700000, this 1.53s, total 1250.09s
(T) | Epoch=818, loss=8.9837, c=0.700000, this 1.53s, total 1251.62s
(T) | Epoch=819, loss=8.9837, c=0.700000, this 1.53s, total 1253.15s
(T) | Epoch=820, loss=8.9847, c=0.700000, this 1.53s, total 1254.68s
(T) | Epoch=821, loss=8.9761, c=0.700000, this 1.53s, total 1256.21s
(T) | Epoch=822, loss=8.9742, c=0.700000, this 1.53s, total 1257.74s
(T) | Epoch=823, loss=8.9735, c=0.700000, this 1.53s, total 1259.27s
(T) | Epoch=824, loss=8.9657, c=0.700000, this 1.53s, total 1260.80s
+++ model saved ! ./pre_trained_gnn/PubMed.GRACE.GAT.curv_0p1000.hyp_True.True.pth
(T) | Epoch=825, loss=8.9965, c=0.700000, this 1.54s, total 1262.34s
(T) | Epoch=826, loss=8.9879, c=0.700000, this 1.53s, total 1263.86s
(T) | Epoch=827, loss=8.9798, c=0.700000, this 1.53s, total 1265.39s
(T) | Epoch=828, loss=8.9920, c=0.700000, this 1.53s, total 1266.92s
(T) | Epoch=829, loss=8.9701, c=0.700000, this 1.53s, total 1268.45s
(T) | Epoch=830, loss=8.9866, c=0.700000, this 1.53s, total 1269.98s
(T) | Epoch=831, loss=8.9629, c=0.700000, this 1.53s, total 1271.51s
+++ model saved ! ./pre_trained_gnn/PubMed.GRACE.GAT.curv_0p1000.hyp_True.True.pth
(T) | Epoch=832, loss=8.9951, c=0.700000, this 1.53s, total 1273.04s
(T) | Epoch=833, loss=8.9882, c=0.700000, this 1.53s, total 1274.57s
(T) | Epoch=834, loss=8.9796, c=0.700000, this 1.53s, total 1276.10s
(T) | Epoch=835, loss=8.9602, c=0.700000, this 1.53s, total 1277.63s
+++ model saved ! ./pre_trained_gnn/PubMed.GRACE.GAT.curv_0p1000.hyp_True.True.pth
(T) | Epoch=836, loss=8.9831, c=0.700000, this 1.53s, total 1279.17s
(T) | Epoch=837, loss=8.9853, c=0.700000, this 1.53s, total 1280.70s
(T) | Epoch=838, loss=8.9857, c=0.700000, this 1.53s, total 1282.22s
(T) | Epoch=839, loss=8.9749, c=0.700000, this 1.53s, total 1283.75s
(T) | Epoch=840, loss=8.9907, c=0.700000, this 1.53s, total 1285.29s
(T) | Epoch=841, loss=8.9685, c=0.700000, this 1.53s, total 1286.82s
(T) | Epoch=842, loss=8.9940, c=0.700000, this 1.53s, total 1288.35s
(T) | Epoch=843, loss=8.9789, c=0.700000, this 1.53s, total 1289.87s
(T) | Epoch=844, loss=8.9992, c=0.700000, this 1.53s, total 1291.40s
(T) | Epoch=845, loss=8.9768, c=0.700000, this 1.53s, total 1292.93s
(T) | Epoch=846, loss=8.9812, c=0.700000, this 1.53s, total 1294.46s
(T) | Epoch=847, loss=8.9683, c=0.700000, this 1.53s, total 1295.99s
(T) | Epoch=848, loss=8.9826, c=0.700000, this 1.53s, total 1297.52s
(T) | Epoch=849, loss=8.9680, c=0.700000, this 1.53s, total 1299.05s
(T) | Epoch=850, loss=8.9852, c=0.700000, this 1.53s, total 1300.58s
(T) | Epoch=851, loss=8.9869, c=0.700000, this 1.53s, total 1302.11s
(T) | Epoch=852, loss=8.9775, c=0.700000, this 1.53s, total 1303.64s
(T) | Epoch=853, loss=8.9891, c=0.700000, this 1.53s, total 1305.17s
(T) | Epoch=854, loss=8.9746, c=0.700000, this 1.53s, total 1306.70s
(T) | Epoch=855, loss=8.9825, c=0.700000, this 1.53s, total 1308.23s
(T) | Epoch=856, loss=8.9843, c=0.700000, this 1.53s, total 1309.76s
(T) | Epoch=857, loss=8.9653, c=0.700000, this 1.53s, total 1311.29s
(T) | Epoch=858, loss=8.9950, c=0.700000, this 1.53s, total 1312.82s
(T) | Epoch=859, loss=8.9761, c=0.700000, this 1.53s, total 1314.35s
(T) | Epoch=860, loss=8.9979, c=0.700000, this 1.53s, total 1315.88s
(T) | Epoch=861, loss=8.9769, c=0.700000, this 1.53s, total 1317.41s
(T) | Epoch=862, loss=8.9765, c=0.700000, this 1.53s, total 1318.93s
(T) | Epoch=863, loss=8.9661, c=0.700000, this 1.53s, total 1320.46s
(T) | Epoch=864, loss=8.9772, c=0.700000, this 1.53s, total 1321.99s
(T) | Epoch=865, loss=8.9879, c=0.700000, this 1.53s, total 1323.52s
(T) | Epoch=866, loss=8.9860, c=0.700000, this 1.53s, total 1325.05s
(T) | Epoch=867, loss=8.9775, c=0.700000, this 1.53s, total 1326.58s
(T) | Epoch=868, loss=8.9897, c=0.700000, this 1.53s, total 1328.11s
(T) | Epoch=869, loss=9.0034, c=0.700000, this 1.53s, total 1329.64s
(T) | Epoch=870, loss=8.9873, c=0.700000, this 1.53s, total 1331.17s
(T) | Epoch=871, loss=8.9754, c=0.700000, this 1.53s, total 1332.70s
(T) | Epoch=872, loss=8.9860, c=0.700000, this 1.53s, total 1334.23s
(T) | Epoch=873, loss=8.9930, c=0.700000, this 1.53s, total 1335.76s
(T) | Epoch=874, loss=8.9734, c=0.700000, this 1.53s, total 1337.29s
(T) | Epoch=875, loss=8.9730, c=0.700000, this 1.53s, total 1338.82s
(T) | Epoch=876, loss=8.9825, c=0.700000, this 1.53s, total 1340.35s
(T) | Epoch=877, loss=8.9648, c=0.700000, this 1.53s, total 1341.88s
(T) | Epoch=878, loss=8.9737, c=0.700000, this 1.53s, total 1343.41s
(T) | Epoch=879, loss=8.9767, c=0.700000, this 1.53s, total 1344.93s
(T) | Epoch=880, loss=8.9955, c=0.700000, this 1.53s, total 1346.46s
(T) | Epoch=881, loss=8.9751, c=0.700000, this 1.53s, total 1347.99s
(T) | Epoch=882, loss=8.9640, c=0.700000, this 1.53s, total 1349.52s
(T) | Epoch=883, loss=8.9821, c=0.700000, this 1.53s, total 1351.05s
(T) | Epoch=884, loss=8.9809, c=0.700000, this 1.53s, total 1352.58s
(T) | Epoch=885, loss=8.9706, c=0.700000, this 1.53s, total 1354.11s
(T) | Epoch=886, loss=8.9868, c=0.700000, this 1.53s, total 1355.64s
(T) | Epoch=887, loss=8.9995, c=0.700000, this 1.53s, total 1357.17s
(T) | Epoch=888, loss=9.0279, c=0.700000, this 1.53s, total 1358.70s
(T) | Epoch=889, loss=8.9805, c=0.700000, this 1.53s, total 1360.23s
(T) | Epoch=890, loss=8.9964, c=0.700000, this 1.53s, total 1361.76s
(T) | Epoch=891, loss=8.9764, c=0.700000, this 1.53s, total 1363.29s
(T) | Epoch=892, loss=8.9873, c=0.700000, this 1.53s, total 1364.82s
(T) | Epoch=893, loss=8.9817, c=0.700000, this 1.53s, total 1366.35s
(T) | Epoch=894, loss=8.9872, c=0.700000, this 1.53s, total 1367.87s
(T) | Epoch=895, loss=8.9840, c=0.700000, this 1.53s, total 1369.40s
(T) | Epoch=896, loss=8.9764, c=0.700000, this 1.53s, total 1370.93s
(T) | Epoch=897, loss=9.0088, c=0.700000, this 1.53s, total 1372.46s
(T) | Epoch=898, loss=8.9649, c=0.700000, this 1.53s, total 1373.99s
(T) | Epoch=899, loss=8.9679, c=0.700000, this 1.53s, total 1375.52s
(T) | Epoch=900, loss=8.9892, c=0.700000, this 1.53s, total 1377.05s
(T) | Epoch=901, loss=8.9896, c=0.700000, this 1.53s, total 1378.58s
(T) | Epoch=902, loss=8.9725, c=0.700000, this 1.53s, total 1380.11s
(T) | Epoch=903, loss=8.9643, c=0.700000, this 1.53s, total 1381.64s
(T) | Epoch=904, loss=8.9601, c=0.700000, this 1.53s, total 1383.16s
+++ model saved ! ./pre_trained_gnn/PubMed.GRACE.GAT.curv_0p1000.hyp_True.True.pth
(T) | Epoch=905, loss=8.9982, c=0.700000, this 1.53s, total 1384.70s
(T) | Epoch=906, loss=8.9828, c=0.700000, this 1.53s, total 1386.23s
(T) | Epoch=907, loss=8.9688, c=0.700000, this 1.53s, total 1387.76s
(T) | Epoch=908, loss=8.9953, c=0.700000, this 1.53s, total 1389.29s
(T) | Epoch=909, loss=8.9867, c=0.700000, this 1.53s, total 1390.82s
(T) | Epoch=910, loss=8.9784, c=0.700000, this 1.53s, total 1392.35s
(T) | Epoch=911, loss=8.9823, c=0.700000, this 1.53s, total 1393.88s
(T) | Epoch=912, loss=8.9714, c=0.700000, this 1.53s, total 1395.41s
(T) | Epoch=913, loss=8.9888, c=0.700000, this 1.53s, total 1396.94s
(T) | Epoch=914, loss=8.9810, c=0.700000, this 1.53s, total 1398.47s
(T) | Epoch=915, loss=8.9693, c=0.700000, this 1.53s, total 1400.00s
(T) | Epoch=916, loss=8.9844, c=0.700000, this 1.53s, total 1401.52s
(T) | Epoch=917, loss=8.9786, c=0.700000, this 1.53s, total 1403.05s
(T) | Epoch=918, loss=8.9865, c=0.700000, this 1.53s, total 1404.58s
(T) | Epoch=919, loss=8.9873, c=0.700000, this 1.53s, total 1406.11s
(T) | Epoch=920, loss=8.9793, c=0.700000, this 1.53s, total 1407.64s
(T) | Epoch=921, loss=8.9830, c=0.700000, this 1.53s, total 1409.17s
(T) | Epoch=922, loss=8.9810, c=0.700000, this 1.53s, total 1410.70s
(T) | Epoch=923, loss=8.9817, c=0.700000, this 1.53s, total 1412.23s
(T) | Epoch=924, loss=8.9838, c=0.700000, this 1.53s, total 1413.76s
(T) | Epoch=925, loss=8.9752, c=0.700000, this 1.53s, total 1415.29s
(T) | Epoch=926, loss=8.9821, c=0.700000, this 1.53s, total 1416.82s
(T) | Epoch=927, loss=8.9664, c=0.700000, this 1.53s, total 1418.35s
(T) | Epoch=928, loss=8.9741, c=0.700000, this 1.53s, total 1419.88s
(T) | Epoch=929, loss=8.9881, c=0.700000, this 1.53s, total 1421.41s
(T) | Epoch=930, loss=8.9726, c=0.700000, this 1.53s, total 1422.94s
(T) | Epoch=931, loss=8.9844, c=0.700000, this 1.53s, total 1424.47s
(T) | Epoch=932, loss=8.9798, c=0.700000, this 1.53s, total 1425.99s
(T) | Epoch=933, loss=8.9894, c=0.700000, this 1.53s, total 1427.52s
(T) | Epoch=934, loss=8.9848, c=0.700000, this 1.53s, total 1429.05s
(T) | Epoch=935, loss=8.9697, c=0.700000, this 1.53s, total 1430.58s
(T) | Epoch=936, loss=8.9917, c=0.700000, this 1.53s, total 1432.11s
(T) | Epoch=937, loss=8.9715, c=0.700000, this 1.53s, total 1433.64s
(T) | Epoch=938, loss=8.9774, c=0.700000, this 1.53s, total 1435.17s
(T) | Epoch=939, loss=8.9995, c=0.700000, this 1.53s, total 1436.70s
(T) | Epoch=940, loss=8.9777, c=0.700000, this 1.53s, total 1438.23s
(T) | Epoch=941, loss=8.9842, c=0.700000, this 1.53s, total 1439.76s
(T) | Epoch=942, loss=8.9909, c=0.700000, this 1.53s, total 1441.29s
(T) | Epoch=943, loss=8.9669, c=0.700000, this 1.53s, total 1442.82s
(T) | Epoch=944, loss=8.9780, c=0.700000, this 1.53s, total 1444.35s
(T) | Epoch=945, loss=8.9677, c=0.700000, this 1.53s, total 1445.87s
(T) | Epoch=946, loss=8.9831, c=0.700000, this 1.53s, total 1447.40s
(T) | Epoch=947, loss=8.9583, c=0.700000, this 1.53s, total 1448.93s
+++ model saved ! ./pre_trained_gnn/PubMed.GRACE.GAT.curv_0p1000.hyp_True.True.pth
(T) | Epoch=948, loss=8.9700, c=0.700000, this 1.53s, total 1450.47s
(T) | Epoch=949, loss=8.9591, c=0.700000, this 1.53s, total 1452.00s
(T) | Epoch=950, loss=8.9763, c=0.700000, this 1.53s, total 1453.53s
(T) | Epoch=951, loss=8.9722, c=0.700000, this 1.53s, total 1455.05s
(T) | Epoch=952, loss=8.9640, c=0.700000, this 1.53s, total 1456.58s
(T) | Epoch=953, loss=8.9816, c=0.700000, this 1.53s, total 1458.11s
(T) | Epoch=954, loss=8.9868, c=0.700000, this 1.53s, total 1459.64s
(T) | Epoch=955, loss=8.9727, c=0.700000, this 1.53s, total 1461.17s
(T) | Epoch=956, loss=8.9777, c=0.700000, this 1.53s, total 1462.70s
(T) | Epoch=957, loss=9.0089, c=0.700000, this 1.53s, total 1464.23s
(T) | Epoch=958, loss=8.9572, c=0.700000, this 1.53s, total 1465.76s
+++ model saved ! ./pre_trained_gnn/PubMed.GRACE.GAT.curv_0p1000.hyp_True.True.pth
(T) | Epoch=959, loss=8.9913, c=0.700000, this 1.53s, total 1467.29s
(T) | Epoch=960, loss=8.9673, c=0.700000, this 1.53s, total 1468.82s
(T) | Epoch=961, loss=8.9904, c=0.700000, this 1.53s, total 1470.35s
(T) | Epoch=962, loss=8.9853, c=0.700000, this 1.53s, total 1471.88s
(T) | Epoch=963, loss=8.9743, c=0.700000, this 1.53s, total 1473.41s
(T) | Epoch=964, loss=8.9826, c=0.700000, this 1.53s, total 1474.94s
(T) | Epoch=965, loss=8.9725, c=0.700000, this 1.53s, total 1476.46s
(T) | Epoch=966, loss=8.9796, c=0.700000, this 1.53s, total 1477.99s
(T) | Epoch=967, loss=8.9658, c=0.700000, this 1.53s, total 1479.53s
(T) | Epoch=968, loss=8.9872, c=0.700000, this 1.53s, total 1481.05s
(T) | Epoch=969, loss=8.9787, c=0.700000, this 1.53s, total 1482.58s
(T) | Epoch=970, loss=8.9823, c=0.700000, this 1.53s, total 1484.11s
(T) | Epoch=971, loss=8.9656, c=0.700000, this 1.53s, total 1485.64s
(T) | Epoch=972, loss=8.9887, c=0.700000, this 1.53s, total 1487.17s
(T) | Epoch=973, loss=8.9642, c=0.700000, this 1.53s, total 1488.70s
(T) | Epoch=974, loss=8.9696, c=0.700000, this 1.53s, total 1490.23s
(T) | Epoch=975, loss=8.9831, c=0.700000, this 1.53s, total 1491.76s
(T) | Epoch=976, loss=8.9617, c=0.700000, this 1.53s, total 1493.29s
(T) | Epoch=977, loss=8.9790, c=0.700000, this 1.53s, total 1494.81s
(T) | Epoch=978, loss=8.9907, c=0.700000, this 1.53s, total 1496.34s
(T) | Epoch=979, loss=8.9793, c=0.700000, this 1.53s, total 1497.87s
(T) | Epoch=980, loss=8.9749, c=0.700000, this 1.53s, total 1499.40s
(T) | Epoch=981, loss=8.9841, c=0.700000, this 1.53s, total 1500.93s
(T) | Epoch=982, loss=8.9979, c=0.700000, this 1.53s, total 1502.46s
(T) | Epoch=983, loss=8.9719, c=0.700000, this 1.53s, total 1503.99s
(T) | Epoch=984, loss=8.9778, c=0.700000, this 1.53s, total 1505.52s
(T) | Epoch=985, loss=8.9715, c=0.700000, this 1.53s, total 1507.05s
(T) | Epoch=986, loss=8.9703, c=0.700000, this 1.53s, total 1508.58s
(T) | Epoch=987, loss=8.9817, c=0.700000, this 1.53s, total 1510.11s
(T) | Epoch=988, loss=8.9578, c=0.700000, this 1.53s, total 1511.64s
(T) | Epoch=989, loss=8.9727, c=0.700000, this 1.53s, total 1513.16s
(T) | Epoch=990, loss=8.9739, c=0.700000, this 1.53s, total 1514.69s
(T) | Epoch=991, loss=8.9618, c=0.700000, this 1.53s, total 1516.22s
(T) | Epoch=992, loss=8.9669, c=0.700000, this 1.53s, total 1517.75s
(T) | Epoch=993, loss=8.9739, c=0.700000, this 1.53s, total 1519.28s
(T) | Epoch=994, loss=8.9671, c=0.700000, this 1.53s, total 1520.81s
(T) | Epoch=995, loss=8.9777, c=0.700000, this 1.53s, total 1522.34s
(T) | Epoch=996, loss=8.9628, c=0.700000, this 1.53s, total 1523.87s
(T) | Epoch=997, loss=8.9879, c=0.700000, this 1.53s, total 1525.40s
(T) | Epoch=998, loss=8.9846, c=0.700000, this 1.53s, total 1526.93s
(T) | Epoch=999, loss=8.9758, c=0.700000, this 1.53s, total 1528.45s
(T) | Epoch=1000, loss=8.9709, c=0.700000, this 1.53s, total 1529.98s
=== Final ===
[Main] Pretrained checkpoint written to: ./pre_trained_gnn/PubMed.GRACE.GAT.curv_0p1000.hyp_True.True.pth
