[2025-09-20 03:15:22] START attempt 1: python main.py --is_transfer True --test_dataset Photo --pretrained_model_name /mnt/data1/Graph/HypGraphLoRA/pre_trained_gnn/Cora.GRACE.GAT.hyp_True.True.20250912-232536.pth --few False --gpu_id 0
Parsed from filename: Pretrained backbone is Hyperbolic.
Pretrain dataset overridden by checkpoint: PubMed -> Cora
Split sizes | train=4590, val=1530, test=1530 (mode=public, shot=N/A)
[Epoch 0000] loss=9.3872 cls=2.0965 smmd=5.5313 ct=7.4124 rec=1.3844 | train/val/test=0.182/0.185/0.180 | c=0.999488
[Epoch 0001] loss=9.4924 cls=2.1002 smmd=5.6329 ct=7.4123 rec=1.3844 | train/val/test=0.215/0.233/0.225 | c=0.999488
[Epoch 0002] loss=9.4231 cls=2.2843 smmd=5.3753 ct=7.4125 rec=1.4046 | train/val/test=0.209/0.187/0.205 | c=0.999488
[Epoch 0003] loss=8.6340 cls=2.1789 smmd=4.6965 ct=7.4080 rec=1.3849 | train/val/test=0.252/0.264/0.248 | c=0.999488
[Epoch 0004] loss=7.5228 cls=1.8812 smmd=3.7691 ct=7.9734 rec=1.3890 | train/val/test=0.252/0.264/0.248 | c=0.999488
[Epoch 0005] loss=6.6282 cls=1.8412 smmd=2.9101 ct=7.9954 rec=1.3889 | train/val/test=0.526/0.552/0.527 | c=0.999488
[Epoch 0006] loss=6.5324 cls=1.8039 smmd=2.8717 ct=7.8998 rec=1.3839 | train/val/test=0.576/0.605/0.572 | c=0.999488
[Epoch 0007] loss=6.2172 cls=1.6838 smmd=2.7397 ct=7.5854 rec=1.3830 | train/val/test=0.596/0.633/0.593 | c=0.999488
[Epoch 0008] loss=5.2372 cls=1.5395 smmd=1.9334 ct=7.4438 rec=1.3779 | train/val/test=0.673/0.697/0.663 | c=0.999488
[Epoch 0009] loss=4.4951 cls=1.3483 smmd=1.3585 ct=7.5735 rec=1.3680 | train/val/test=0.769/0.780/0.758 | c=0.999488
[Epoch 0010] loss=4.4327 cls=1.1516 smmd=1.4696 ct=7.7100 rec=1.3477 | train/val/test=0.691/0.709/0.680 | c=0.999488
[Epoch 0011] loss=4.1609 cls=0.9675 smmd=1.3771 ct=7.7626 rec=1.3186 | train/val/test=0.790/0.792/0.776 | c=0.999488
[Epoch 0012] loss=3.6715 cls=0.8190 smmd=1.0570 ct=7.6885 rec=1.2889 | train/val/test=0.833/0.831/0.818 | c=0.999488
[Epoch 0013] loss=3.3586 cls=0.6980 smmd=0.8940 ct=7.5790 rec=1.2542 | train/val/test=0.843/0.840/0.837 | c=0.999488
[Epoch 0014] loss=3.3023 cls=0.6188 smmd=0.9399 ct=7.4882 rec=1.2301 | train/val/test=0.842/0.843/0.834 | c=0.999488
[Epoch 0015] loss=3.2621 cls=0.5610 smmd=0.9691 ct=7.4463 rec=1.2135 | train/val/test=0.875/0.877/0.873 | c=0.999488
[Epoch 0016] loss=3.1392 cls=0.5081 smmd=0.8936 ct=7.4872 rec=1.2001 | train/val/test=0.862/0.864/0.843 | c=0.999488
[Epoch 0017] loss=3.0110 cls=0.4910 smmd=0.7777 ct=7.5215 rec=1.1897 | train/val/test=0.864/0.854/0.862 | c=0.999488
[Epoch 0018] loss=2.9478 cls=0.4638 smmd=0.7279 ct=7.5922 rec=1.1881 | train/val/test=0.864/0.859/0.858 | c=0.999488
[Epoch 0019] loss=2.9175 cls=0.4444 smmd=0.7149 ct=7.6233 rec=1.1679 | train/val/test=0.896/0.890/0.890 | c=0.999488
[Epoch 0020] loss=2.8495 cls=0.3795 smmd=0.7156 ct=7.6000 rec=1.1713 | train/val/test=0.897/0.892/0.890 | c=0.999488
[Epoch 0021] loss=2.7881 cls=0.3619 smmd=0.6798 ct=7.5644 rec=1.1680 | train/val/test=0.878/0.882/0.873 | c=0.999488
[Epoch 0022] loss=2.7474 cls=0.3780 smmd=0.6319 ct=7.5289 rec=1.1583 | train/val/test=0.886/0.881/0.880 | c=0.999488
[Epoch 0023] loss=2.7217 cls=0.3619 smmd=0.6271 ct=7.4923 rec=1.1712 | train/val/test=0.894/0.889/0.886 | c=0.999488
[Epoch 0024] loss=2.6648 cls=0.3341 smmd=0.5990 ct=7.5001 rec=1.1582 | train/val/test=0.900/0.892/0.890 | c=0.999488
[Epoch 0025] loss=2.6067 cls=0.3127 smmd=0.5572 ct=7.5222 rec=1.1614 | train/val/test=0.901/0.893/0.897 | c=0.999488
[Epoch 0026] loss=2.5801 cls=0.3145 smmd=0.5222 ct=7.5469 rec=1.1699 | train/val/test=0.899/0.899/0.893 | c=0.999488
[Epoch 0027] loss=2.5653 cls=0.3297 smmd=0.4883 ct=7.5760 rec=1.1602 | train/val/test=0.892/0.886/0.882 | c=0.999488
[Epoch 0028] loss=2.5226 cls=0.3181 smmd=0.4610 ct=7.5446 rec=1.1729 | train/val/test=0.908/0.899/0.900 | c=0.999488
[Epoch 0029] loss=2.4870 cls=0.3093 smmd=0.4365 ct=7.5444 rec=1.1616 | train/val/test=0.913/0.904/0.907 | c=0.999488
[Epoch 0030] loss=2.4314 cls=0.2880 smmd=0.4072 ct=7.5099 rec=1.1716 | train/val/test=0.921/0.910/0.910 | c=0.999488
[Epoch 0031] loss=2.3805 cls=0.2755 smmd=0.3707 ct=7.5072 rec=1.1647 | train/val/test=0.920/0.910/0.919 | c=0.999488
[Epoch 0032] loss=2.3438 cls=0.2670 smmd=0.3431 ct=7.4987 rec=1.1695 | train/val/test=0.927/0.914/0.918 | c=0.999488
[Epoch 0033] loss=2.3109 cls=0.2619 smmd=0.3127 ct=7.5145 rec=1.1672 | train/val/test=0.922/0.914/0.918 | c=0.999488
[Epoch 0034] loss=2.2817 cls=0.2565 smmd=0.2886 ct=7.5134 rec=1.1698 | train/val/test=0.922/0.912/0.918 | c=0.999488
[Epoch 0035] loss=2.2701 cls=0.2734 smmd=0.2576 ct=7.5290 rec=1.1664 | train/val/test=0.875/0.862/0.862 | c=0.999488
[Epoch 0036] loss=2.3278 cls=0.3186 smmd=0.2686 ct=7.5233 rec=1.1798 | train/val/test=0.816/0.801/0.802 | c=0.999488
[Epoch 0037] loss=2.8260 cls=0.7151 smmd=0.3408 ct=7.6578 rec=1.1926 | train/val/test=0.679/0.676/0.660 | c=0.999488
[Epoch 0038] loss=3.6669 cls=1.3285 smmd=0.5352 ct=7.7280 rec=1.2879 | train/val/test=0.545/0.528/0.511 | c=0.999488
[Epoch 0039] loss=5.7387 cls=3.0796 smmd=0.8144 ct=7.8902 rec=1.3336 | train/val/test=0.271/0.244/0.260 | c=0.999488
[Epoch 0040] loss=7.9233 cls=4.6948 smmd=1.3497 ct=7.9968 rec=1.3968 | train/val/test=0.542/0.531/0.545 | c=0.999488
[Epoch 0041] loss=5.3526 cls=2.4453 smmd=1.0697 ct=7.9688 rec=1.2197 | train/val/test=0.675/0.667/0.653 | c=0.999488
[Epoch 0042] loss=4.8728 cls=1.7971 smmd=1.2358 ct=7.9737 rec=1.2258 | train/val/test=0.642/0.655/0.632 | c=0.999488
[Epoch 0043] loss=5.6113 cls=2.3417 smmd=1.4247 ct=7.9615 rec=1.2629 | train/val/test=0.802/0.792/0.782 | c=0.999488
[Epoch 0044] loss=3.6619 cls=0.7979 smmd=1.0624 ct=7.8169 rec=1.1912 | train/val/test=0.762/0.764/0.740 | c=0.999488
[Epoch 0045] loss=3.6229 cls=0.6942 smmd=1.1414 ct=7.7030 rec=1.2336 | train/val/test=0.579/0.586/0.570 | c=0.999488
[Epoch 0046] loss=4.3204 cls=1.0802 smmd=1.4497 ct=7.7010 rec=1.2514 | train/val/test=0.812/0.799/0.807 | c=0.999488
[Epoch 0047] loss=3.5721 cls=0.5216 smmd=1.2718 ct=7.7074 rec=1.1859 | train/val/test=0.862/0.857/0.860 | c=0.999488
[Epoch 0048] loss=3.2452 cls=0.4663 smmd=0.9984 ct=7.7305 rec=1.1724 | train/val/test=0.783/0.782/0.765 | c=0.999488
[Epoch 0049] loss=3.3633 cls=0.7446 smmd=0.8366 ct=7.7317 rec=1.1787 | train/val/test=0.809/0.805/0.789 | c=0.999488
[Epoch 0050] loss=3.0264 cls=0.5414 smmd=0.7213 ct=7.6418 rec=1.1765 | train/val/test=0.802/0.795/0.780 | c=0.999488
[Epoch 0051] loss=3.1795 cls=0.5705 smmd=0.8425 ct=7.6418 rec=1.1905 | train/val/test=0.868/0.862/0.844 | c=0.999488
[Epoch 0052] loss=3.1768 cls=0.4322 smmd=0.9699 ct=7.6832 rec=1.1905 | train/val/test=0.881/0.876/0.869 | c=0.999488
[Epoch 0053] loss=3.1618 cls=0.3928 smmd=1.0003 ct=7.6639 rec=1.1793 | train/val/test=0.875/0.854/0.845 | c=0.999488
[Epoch 0054] loss=3.0388 cls=0.4237 smmd=0.8619 ct=7.5857 rec=1.1805 | train/val/test=0.818/0.812/0.803 | c=0.999488
[Epoch 0055] loss=2.9764 cls=0.5343 smmd=0.6999 ct=7.5359 rec=1.1756 | train/val/test=0.819/0.817/0.806 | c=0.999488
[Epoch 0056] loss=2.9124 cls=0.5526 smmd=0.6109 ct=7.5669 rec=1.1775 | train/val/test=0.832/0.831/0.817 | c=0.999488
[Epoch 0057] loss=2.9582 cls=0.5864 smmd=0.6103 ct=7.6283 rec=1.1792 | train/val/test=0.833/0.827/0.818 | c=0.999488
[Epoch 0058] loss=2.7777 cls=0.4268 smmd=0.5966 ct=7.5975 rec=1.1735 | train/val/test=0.835/0.834/0.822 | c=0.999488
[Epoch 0059] loss=2.7991 cls=0.4044 smmd=0.6431 ct=7.5819 rec=1.1764 | train/val/test=0.918/0.908/0.910 | c=0.999488
[Epoch 0060] loss=2.7241 cls=0.3156 smmd=0.6580 ct=7.5816 rec=1.1708 | train/val/test=0.895/0.888/0.885 | c=0.999488
[Epoch 0061] loss=2.6874 cls=0.3331 smmd=0.6071 ct=7.5720 rec=1.1635 | train/val/test=0.903/0.897/0.891 | c=0.999488
[Epoch 0062] loss=2.5779 cls=0.3188 smmd=0.5181 ct=7.5407 rec=1.1648 | train/val/test=0.894/0.888/0.879 | c=0.999488
[Epoch 0063] loss=2.5693 cls=0.3469 smmd=0.4800 ct=7.5431 rec=1.1688 | train/val/test=0.905/0.899/0.895 | c=0.999488
[Epoch 0064] loss=2.5213 cls=0.3151 smmd=0.4584 ct=7.5758 rec=1.1629 | train/val/test=0.900/0.897/0.892 | c=0.999488
[Epoch 0065] loss=2.5110 cls=0.3095 smmd=0.4508 ct=7.5957 rec=1.1576 | train/val/test=0.914/0.915/0.912 | c=0.999488
[Epoch 0066] loss=2.4472 cls=0.2692 smmd=0.4317 ct=7.5724 rec=1.1595 | train/val/test=0.923/0.914/0.919 | c=0.999488
[Epoch 0067] loss=2.4318 cls=0.2677 smmd=0.4203 ct=7.5466 rec=1.1722 | train/val/test=0.923/0.914/0.920 | c=0.999488
[Epoch 0068] loss=2.4056 cls=0.2644 smmd=0.3990 ct=7.5382 rec=1.1727 | train/val/test=0.921/0.913/0.915 | c=0.999488
[Epoch 0069] loss=2.3603 cls=0.2555 smmd=0.3624 ct=7.5514 rec=1.1605 | train/val/test=0.919/0.910/0.910 | c=0.999488
[Epoch 0070] loss=2.3607 cls=0.2601 smmd=0.3547 ct=7.5715 rec=1.1578 | train/val/test=0.933/0.919/0.923 | c=0.999488
[Epoch 0071] loss=2.3066 cls=0.2361 smmd=0.3252 ct=7.5636 rec=1.1630 | train/val/test=0.933/0.917/0.929 | c=0.999488
[Epoch 0072] loss=2.2884 cls=0.2361 smmd=0.3097 ct=7.5437 rec=1.1693 | train/val/test=0.934/0.920/0.922 | c=0.999488
[Epoch 0073] loss=2.2681 cls=0.2364 smmd=0.2912 ct=7.5360 rec=1.1663 | train/val/test=0.929/0.920/0.920 | c=0.999488
[Epoch 0074] loss=2.2448 cls=0.2344 smmd=0.2692 ct=7.5452 rec=1.1605 | train/val/test=0.937/0.922/0.925 | c=0.999488
[Epoch 0075] loss=2.2147 cls=0.2191 smmd=0.2523 ct=7.5548 rec=1.1617 | train/val/test=0.936/0.922/0.929 | c=0.999488
[Epoch 0076] loss=2.2032 cls=0.2162 smmd=0.2435 ct=7.5526 rec=1.1650 | train/val/test=0.938/0.925/0.925 | c=0.999488
[Epoch 0077] loss=2.1746 cls=0.2174 smmd=0.2165 ct=7.5411 rec=1.1622 | train/val/test=0.936/0.920/0.923 | c=0.999488
[Epoch 0078] loss=2.1670 cls=0.2238 smmd=0.2045 ct=7.5325 rec=1.1611 | train/val/test=0.938/0.924/0.930 | c=0.999488
[Epoch 0079] loss=2.1409 cls=0.2078 smmd=0.1944 ct=7.5310 rec=1.1625 | train/val/test=0.938/0.921/0.932 | c=0.999488
[Epoch 0080] loss=2.1415 cls=0.2075 smmd=0.1927 ct=7.5434 rec=1.1630 | train/val/test=0.939/0.923/0.925 | c=0.999488
[Epoch 0081] loss=2.1227 cls=0.2117 smmd=0.1697 ct=7.5469 rec=1.1600 | train/val/test=0.939/0.921/0.932 | c=0.999488
[Epoch 0082] loss=2.1094 cls=0.2132 smmd=0.1564 ct=7.5360 rec=1.1629 | train/val/test=0.940/0.923/0.933 | c=0.999488
[Epoch 0083] loss=2.0981 cls=0.2076 smmd=0.1525 ct=7.5255 rec=1.1646 | train/val/test=0.939/0.922/0.927 | c=0.999488
[Epoch 0084] loss=2.0916 cls=0.2057 smmd=0.1475 ct=7.5306 rec=1.1610 | train/val/test=0.942/0.922/0.931 | c=0.999488
[Epoch 0085] loss=2.0777 cls=0.2052 smmd=0.1338 ct=7.5313 rec=1.1621 | train/val/test=0.942/0.922/0.935 | c=0.999488
[Epoch 0086] loss=2.0797 cls=0.2099 smmd=0.1307 ct=7.5286 rec=1.1665 | train/val/test=0.940/0.920/0.927 | c=0.999488
[Epoch 0087] loss=2.0695 cls=0.2053 smmd=0.1251 ct=7.5324 rec=1.1630 | train/val/test=0.942/0.922/0.931 | c=0.999488
[Epoch 0088] loss=2.0637 cls=0.2011 smmd=0.1236 ct=7.5314 rec=1.1632 | train/val/test=0.942/0.922/0.939 | c=0.999488
[Epoch 0089] loss=2.0584 cls=0.2035 smmd=0.1176 ct=7.5206 rec=1.1661 | train/val/test=0.941/0.920/0.929 | c=0.999488
[Epoch 0090] loss=2.0577 cls=0.2056 smmd=0.1160 ct=7.5159 rec=1.1647 | train/val/test=0.942/0.924/0.935 | c=0.999488
[Epoch 0091] loss=2.0488 cls=0.1984 smmd=0.1140 ct=7.5159 rec=1.1663 | train/val/test=0.947/0.922/0.935 | c=0.999488
[Epoch 0092] loss=2.0499 cls=0.1994 smmd=0.1128 ct=7.5235 rec=1.1655 | train/val/test=0.944/0.922/0.927 | c=0.999488
[Epoch 0093] loss=2.0464 cls=0.2008 smmd=0.1086 ct=7.5201 rec=1.1650 | train/val/test=0.943/0.922/0.937 | c=0.999488
[Epoch 0094] loss=2.0472 cls=0.1992 smmd=0.1118 ct=7.5117 rec=1.1692 | train/val/test=0.942/0.922/0.929 | c=0.999488
[Epoch 0095] loss=2.0470 cls=0.1996 smmd=0.1110 ct=7.5171 rec=1.1648 | train/val/test=0.947/0.924/0.937 | c=0.999488
[Epoch 0096] loss=2.0419 cls=0.1952 smmd=0.1118 ct=7.5072 rec=1.1674 | train/val/test=0.943/0.922/0.934 | c=0.999488
[Epoch 0097] loss=2.0425 cls=0.1956 smmd=0.1123 ct=7.5057 rec=1.1672 | train/val/test=0.945/0.922/0.931 | c=0.999488
[Epoch 0098] loss=2.0391 cls=0.1953 smmd=0.1083 ct=7.5122 rec=1.1654 | train/val/test=0.946/0.922/0.937 | c=0.999488
[Epoch 0099] loss=2.0402 cls=0.1941 smmd=0.1107 ct=7.5086 rec=1.1681 | train/val/test=0.943/0.922/0.927 | c=0.999488
[Epoch 0100] loss=2.0442 cls=0.1972 smmd=0.1127 ct=7.5061 rec=1.1651 | train/val/test=0.946/0.922/0.937 | c=0.999488
[Epoch 0101] loss=2.0407 cls=0.1934 smmd=0.1132 ct=7.5021 rec=1.1686 | train/val/test=0.943/0.923/0.927 | c=0.999488
[Epoch 0102] loss=2.0418 cls=0.1957 smmd=0.1120 ct=7.5078 rec=1.1631 | train/val/test=0.944/0.923/0.937 | c=0.999488
[Epoch 0103] loss=2.0406 cls=0.1915 smmd=0.1159 ct=7.4978 rec=1.1684 | train/val/test=0.943/0.924/0.927 | c=0.999488
[Epoch 0104] loss=2.0374 cls=0.1931 smmd=0.1109 ct=7.5043 rec=1.1627 | train/val/test=0.946/0.923/0.937 | c=0.999488
[Epoch 0105] loss=2.0349 cls=0.1888 smmd=0.1125 ct=7.5012 rec=1.1670 | train/val/test=0.943/0.921/0.929 | c=0.999488
[Epoch 0106] loss=2.0355 cls=0.1905 smmd=0.1119 ct=7.5034 rec=1.1624 | train/val/test=0.946/0.924/0.938 | c=0.999488
[Epoch 0107] loss=2.0321 cls=0.1871 smmd=0.1124 ct=7.4969 rec=1.1664 | train/val/test=0.943/0.924/0.929 | c=0.999488
[Epoch 0108] loss=2.0317 cls=0.1885 smmd=0.1106 ct=7.5020 rec=1.1608 | train/val/test=0.945/0.922/0.939 | c=0.999488
[Epoch 0109] loss=2.0312 cls=0.1863 smmd=0.1120 ct=7.4975 rec=1.1671 | train/val/test=0.944/0.924/0.929 | c=0.999488
[Epoch 0110] loss=2.0324 cls=0.1909 smmd=0.1078 ct=7.5093 rec=1.1595 | train/val/test=0.946/0.922/0.935 | c=0.999488
[Epoch 0111] loss=2.0366 cls=0.1899 smmd=0.1137 ct=7.4965 rec=1.1682 | train/val/test=0.937/0.918/0.925 | c=0.999488
[Epoch 0112] loss=2.0485 cls=0.2020 smmd=0.1132 ct=7.5082 rec=1.1584 | train/val/test=0.940/0.912/0.922 | c=0.999488
[Epoch 0113] loss=2.0616 cls=0.2087 smmd=0.1180 ct=7.5025 rec=1.1722 | train/val/test=0.921/0.910/0.907 | c=0.999488
[Epoch 0114] loss=2.1000 cls=0.2396 smmd=0.1224 ct=7.5316 rec=1.1582 | train/val/test=0.900/0.877/0.886 | c=0.999488
[Epoch 0115] loss=2.1542 cls=0.2728 smmd=0.1423 ct=7.5166 rec=1.1786 | train/val/test=0.893/0.878/0.871 | c=0.999488
[Epoch 0116] loss=2.2526 cls=0.3497 smmd=0.1560 ct=7.5668 rec=1.1673 | train/val/test=0.847/0.830/0.841 | c=0.999488
[Epoch 0117] loss=2.4404 cls=0.4799 smmd=0.2081 ct=7.5681 rec=1.1937 | train/val/test=0.794/0.792/0.792 | c=0.999488
[Epoch 0118] loss=3.1068 cls=0.9478 smmd=0.3832 ct=7.6784 rec=1.2008 | train/val/test=0.566/0.554/0.546 | c=0.999488
[Epoch 0119] loss=3.6162 cls=1.4524 smmd=0.3820 ct=7.6602 rec=1.2493 | train/val/test=0.535/0.559/0.551 | c=0.999488
[Epoch 0120] loss=8.2500 cls=4.2451 smmd=2.1568 ct=7.9400 rec=1.3003 | train/val/test=0.443/0.432/0.417 | c=0.999488
[Epoch 0121] loss=9.3652 cls=4.2777 smmd=3.2192 ct=7.9896 rec=1.3519 | train/val/test=0.561/0.548/0.529 | c=0.999488
[Epoch 0122] loss=8.6861 cls=3.4163 smmd=3.4216 ct=7.9801 rec=1.2604 | train/val/test=0.718/0.720/0.716 | c=0.999488
[Epoch 0123] loss=7.5810 cls=2.7850 smmd=2.9570 ct=7.9721 rec=1.2227 | train/val/test=0.714/0.725/0.707 | c=0.999488
[Epoch 0124] loss=5.9190 cls=2.1146 smmd=1.9743 ct=7.9198 rec=1.2309 | train/val/test=0.831/0.822/0.813 | c=0.999488
[Epoch 0125] loss=3.2005 cls=0.4412 smmd=0.9904 ct=7.6685 rec=1.1762 | train/val/test=0.847/0.835/0.828 | c=0.999488
[Epoch 0126] loss=3.8755 cls=0.5570 smmd=1.5107 ct=7.8530 rec=1.1857 | train/val/test=0.873/0.857/0.873 | c=0.999488
[Epoch 0127] loss=4.3649 cls=0.4599 smmd=2.0702 ct=7.9903 rec=1.1838 | train/val/test=0.795/0.805/0.807 | c=0.999488
[Epoch 0128] loss=4.7006 cls=0.5886 smmd=2.2693 ct=8.0128 rec=1.2009 | train/val/test=0.709/0.715/0.712 | c=0.999488
[Epoch 0129] loss=4.6919 cls=0.7398 smmd=2.1097 ct=7.9871 rec=1.2249 | train/val/test=0.848/0.847/0.834 | c=0.999488
[Epoch 0130] loss=3.9985 cls=0.4548 smmd=1.7251 ct=7.9014 rec=1.1920 | train/val/test=0.800/0.807/0.796 | c=0.999488
[Epoch 0131] loss=3.7325 cls=0.5442 smmd=1.4021 ct=7.7466 rec=1.1843 | train/val/test=0.827/0.831/0.822 | c=0.999488
[Epoch 0132] loss=3.5834 cls=0.6213 smmd=1.2099 ct=7.5933 rec=1.1679 | train/val/test=0.850/0.842/0.835 | c=0.999488
[Epoch 0133] loss=3.3985 cls=0.4767 smmd=1.1639 ct=7.6091 rec=1.1804 | train/val/test=0.856/0.844/0.839 | c=0.999488
[Epoch 0134] loss=3.4404 cls=0.4984 smmd=1.1789 ct=7.6376 rec=1.1776 | train/val/test=0.865/0.847/0.847 | c=0.999488
[Epoch 0135] loss=3.4364 cls=0.4785 smmd=1.1980 ct=7.6284 rec=1.1715 | train/val/test=0.936/0.921/0.921 | c=0.999488
[Epoch 0136] loss=3.2787 cls=0.2521 smmd=1.2760 ct=7.6013 rec=1.1513 | train/val/test=0.925/0.918/0.910 | c=0.999488
[Epoch 0137] loss=3.3982 cls=0.2784 smmd=1.3636 ct=7.6196 rec=1.1615 | train/val/test=0.921/0.915/0.903 | c=0.999488
[Epoch 0138] loss=3.3424 cls=0.3053 smmd=1.2813 ct=7.6107 rec=1.1685 | train/val/test=0.930/0.919/0.915 | c=0.999488
[Epoch 0139] loss=3.0334 cls=0.2728 smmd=1.0162 ct=7.5614 rec=1.1605 | train/val/test=0.931/0.916/0.916 | c=0.999488
[Epoch 0140] loss=2.8577 cls=0.2810 smmd=0.8358 ct=7.5470 rec=1.1572 | train/val/test=0.922/0.916/0.914 | c=0.999488
[Epoch 0141] loss=2.9254 cls=0.3346 smmd=0.8332 ct=7.6306 rec=1.1570 | train/val/test=0.926/0.917/0.914 | c=0.999488
[Epoch 0142] loss=2.8615 cls=0.3024 smmd=0.8038 ct=7.6234 rec=1.1528 | train/val/test=0.929/0.916/0.913 | c=0.999488
[Epoch 0143] loss=2.8025 cls=0.2857 smmd=0.7703 ct=7.5775 rec=1.1551 | train/val/test=0.934/0.927/0.931 | c=0.999488
[Epoch 0144] loss=2.7386 cls=0.2468 smmd=0.7535 ct=7.5376 rec=1.1541 | train/val/test=0.934/0.925/0.927 | c=0.999488
[Epoch 0145] loss=2.7382 cls=0.2553 smmd=0.7464 ct=7.5250 rec=1.1578 | train/val/test=0.938/0.925/0.926 | c=0.999488
[Epoch 0146] loss=2.6666 cls=0.2433 smmd=0.6876 ct=7.5225 rec=1.1556 | train/val/test=0.938/0.924/0.923 | c=0.999488
[Epoch 0147] loss=2.5973 cls=0.2340 smmd=0.6263 ct=7.5365 rec=1.1484 | train/val/test=0.934/0.927/0.923 | c=0.999488
[Epoch 0148] loss=2.5950 cls=0.2469 smmd=0.6061 ct=7.5627 rec=1.1474 | train/val/test=0.936/0.925/0.920 | c=0.999488
[Epoch 0149] loss=2.5775 cls=0.2356 smmd=0.5972 ct=7.5734 rec=1.1502 | train/val/test=0.938/0.930/0.932 | c=0.999488
[Epoch 0150] loss=2.5005 cls=0.2159 smmd=0.5425 ct=7.5574 rec=1.1532 | train/val/test=0.942/0.927/0.929 | c=0.999488
[Epoch 0151] loss=2.4785 cls=0.2284 smmd=0.5121 ct=7.5307 rec=1.1594 | train/val/test=0.934/0.917/0.920 | c=0.999488
[Epoch 0152] loss=2.4633 cls=0.2387 smmd=0.4899 ct=7.5138 rec=1.1595 | train/val/test=0.941/0.927/0.927 | c=0.999488
[Epoch 0153] loss=2.4194 cls=0.2222 smmd=0.4619 ct=7.5233 rec=1.1535 | train/val/test=0.936/0.923/0.922 | c=0.999488
[Epoch 0154] loss=2.3958 cls=0.2236 smmd=0.4305 ct=7.5557 rec=1.1531 | train/val/test=0.941/0.929/0.928 | c=0.999488
[Epoch 0155] loss=2.3526 cls=0.2048 smmd=0.4041 ct=7.5655 rec=1.1532 | train/val/test=0.943/0.929/0.931 | c=0.999488
[Epoch 0156] loss=2.3300 cls=0.2074 smmd=0.3812 ct=7.5501 rec=1.1567 | train/val/test=0.943/0.925/0.926 | c=0.999488
[Epoch 0157] loss=2.3015 cls=0.2127 smmd=0.3509 ct=7.5308 rec=1.1586 | train/val/test=0.943/0.930/0.927 | c=0.999488
[Epoch 0158] loss=2.2635 cls=0.2048 smmd=0.3227 ct=7.5242 rec=1.1560 | train/val/test=0.938/0.923/0.927 | c=0.999488
[Epoch 0159] loss=2.2584 cls=0.2101 smmd=0.3114 ct=7.5281 rec=1.1566 | train/val/test=0.945/0.929/0.931 | c=0.999488
[Epoch 0160] loss=2.2081 cls=0.1928 smmd=0.2800 ct=7.5220 rec=1.1545 | train/val/test=0.943/0.924/0.931 | c=0.999488
[Epoch 0161] loss=2.1983 cls=0.1982 smmd=0.2645 ct=7.5222 rec=1.1561 | train/val/test=0.943/0.927/0.931 | c=0.999488
[Epoch 0162] loss=2.1720 cls=0.1902 smmd=0.2466 ct=7.5211 rec=1.1546 | train/val/test=0.943/0.927/0.929 | c=0.999488
[Epoch 0163] loss=2.1520 cls=0.1920 smmd=0.2248 ct=7.5210 rec=1.1553 | train/val/test=0.943/0.927/0.930 | c=0.999488
[Epoch 0164] loss=2.1316 cls=0.1900 smmd=0.2080 ct=7.5115 rec=1.1563 | train/val/test=0.945/0.925/0.935 | c=0.999488
[Epoch 0165] loss=2.1126 cls=0.1872 smmd=0.1924 ct=7.5074 rec=1.1573 | train/val/test=0.945/0.927/0.937 | c=0.999488
[Epoch 0166] loss=2.1001 cls=0.1858 smmd=0.1796 ct=7.5167 rec=1.1568 | train/val/test=0.944/0.926/0.931 | c=0.999488
[Epoch 0167] loss=2.0837 cls=0.1827 smmd=0.1660 ct=7.5194 rec=1.1558 | train/val/test=0.944/0.927/0.931 | c=0.999488
[Epoch 0168] loss=2.0705 cls=0.1848 smmd=0.1533 ct=7.5049 rec=1.1573 | train/val/test=0.945/0.925/0.937 | c=0.999488
[Epoch 0169] loss=2.0593 cls=0.1819 smmd=0.1471 ct=7.4924 rec=1.1593 | train/val/test=0.947/0.927/0.937 | c=0.999488
[Epoch 0170] loss=2.0502 cls=0.1819 smmd=0.1367 ct=7.4984 rec=1.1596 | train/val/test=0.945/0.927/0.935 | c=0.999488
[Epoch 0171] loss=2.0430 cls=0.1804 smmd=0.1294 ct=7.5077 rec=1.1585 | train/val/test=0.945/0.927/0.933 | c=0.999488
[Epoch 0172] loss=2.0367 cls=0.1805 smmd=0.1234 ct=7.5041 rec=1.1597 | train/val/test=0.946/0.929/0.937 | c=0.999488
[Epoch 0173] loss=2.0307 cls=0.1815 smmd=0.1175 ct=7.4963 rec=1.1625 | train/val/test=0.948/0.927/0.938 | c=0.999488
[Epoch 0174] loss=2.0233 cls=0.1785 smmd=0.1143 ct=7.4904 rec=1.1622 | train/val/test=0.946/0.925/0.935 | c=0.999488
[Epoch 0175] loss=2.0259 cls=0.1825 smmd=0.1124 ct=7.4923 rec=1.1626 | train/val/test=0.947/0.928/0.938 | c=0.999488
[Epoch 0176] loss=2.0205 cls=0.1791 smmd=0.1098 ct=7.4946 rec=1.1631 | train/val/test=0.947/0.929/0.939 | c=0.999488
[Epoch 0177] loss=2.0188 cls=0.1799 smmd=0.1076 ct=7.4912 rec=1.1649 | train/val/test=0.947/0.927/0.936 | c=0.999488
[Epoch 0178] loss=2.0201 cls=0.1823 smmd=0.1065 ct=7.4912 rec=1.1653 | train/val/test=0.949/0.929/0.937 | c=0.999488
[Epoch 0179] loss=2.0187 cls=0.1802 smmd=0.1074 ct=7.4904 rec=1.1648 | train/val/test=0.947/0.925/0.938 | c=0.999488
[Epoch 0180] loss=2.0181 cls=0.1806 smmd=0.1070 ct=7.4858 rec=1.1668 | train/val/test=0.948/0.927/0.939 | c=0.999488
[Epoch 0181] loss=2.0163 cls=0.1794 smmd=0.1058 ct=7.4906 rec=1.1650 | train/val/test=0.950/0.929/0.937 | c=0.999488
[Epoch 0182] loss=2.0166 cls=0.1790 smmd=0.1074 ct=7.4853 rec=1.1656 | train/val/test=0.949/0.927/0.939 | c=0.999488
[Epoch 0183] loss=2.0196 cls=0.1800 smmd=0.1094 ct=7.4826 rec=1.1683 | train/val/test=0.950/0.930/0.939 | c=0.999488
[Epoch 0184] loss=2.0185 cls=0.1792 smmd=0.1077 ct=7.4938 rec=1.1641 | train/val/test=0.948/0.927/0.935 | c=0.999488
[Epoch 0185] loss=2.0173 cls=0.1777 smmd=0.1099 ct=7.4824 rec=1.1658 | train/val/test=0.951/0.927/0.940 | c=0.999488
[Epoch 0186] loss=2.0185 cls=0.1783 smmd=0.1100 ct=7.4841 rec=1.1667 | train/val/test=0.948/0.929/0.936 | c=0.999488
[Epoch 0187] loss=2.0159 cls=0.1764 smmd=0.1101 ct=7.4831 rec=1.1641 | train/val/test=0.950/0.931/0.941 | c=0.999488
[Epoch 0188] loss=2.0129 cls=0.1739 smmd=0.1084 ct=7.4882 rec=1.1644 | train/val/test=0.949/0.927/0.940 | c=0.999488
[Epoch 0189] loss=2.0131 cls=0.1730 smmd=0.1111 ct=7.4800 rec=1.1646 | train/val/test=0.949/0.929/0.939 | c=0.999488
[Epoch 0190] loss=2.0095 cls=0.1724 smmd=0.1082 ct=7.4819 rec=1.1628 | train/val/test=0.949/0.931/0.942 | c=0.999488
[Epoch 0191] loss=2.0098 cls=0.1707 smmd=0.1095 ct=7.4841 rec=1.1638 | train/val/test=0.948/0.928/0.938 | c=0.999488
[Epoch 0192] loss=2.0071 cls=0.1702 smmd=0.1078 ct=7.4821 rec=1.1630 | train/val/test=0.950/0.930/0.938 | c=0.999488
[Epoch 0193] loss=2.0074 cls=0.1693 smmd=0.1085 ct=7.4864 rec=1.1620 | train/val/test=0.949/0.928/0.939 | c=0.999488
[Epoch 0194] loss=2.0054 cls=0.1678 smmd=0.1096 ct=7.4776 rec=1.1626 | train/val/test=0.950/0.928/0.939 | c=0.999488
[Epoch 0195] loss=2.0019 cls=0.1665 smmd=0.1068 ct=7.4809 rec=1.1622 | train/val/test=0.951/0.931/0.938 | c=0.999488
[Epoch 0196] loss=2.0004 cls=0.1656 smmd=0.1054 ct=7.4858 rec=1.1612 | train/val/test=0.950/0.928/0.938 | c=0.999488
[Epoch 0197] loss=1.9990 cls=0.1648 smmd=0.1056 ct=7.4810 rec=1.1618 | train/val/test=0.951/0.931/0.941 | c=0.999488
[Epoch 0198] loss=1.9975 cls=0.1641 smmd=0.1044 ct=7.4835 rec=1.1619 | train/val/test=0.951/0.929/0.937 | c=0.999488
[Epoch 0199] loss=1.9964 cls=0.1635 smmd=0.1046 ct=7.4810 rec=1.1605 | train/val/test=0.952/0.931/0.941 | c=0.999488
=== Best @ epoch 199: val=0.9314, test=0.9405 ===
[2025-09-20 03:17:35] END attempt 1: exit_code=0
