[2025-09-20 03:21:47] START attempt 1: python main.py --is_transfer True --test_dataset Computers --pretrained_model_name /mnt/data1/Graph/HypGraphLoRA/pre_trained_gnn/Cora.GRACE.GAT.hyp_True.True.20250912-232536.pth --few False --gpu_id 0
Parsed from filename: Pretrained backbone is Hyperbolic.
Pretrain dataset overridden by checkpoint: PubMed -> Cora
Split sizes | train=8251, val=2750, test=2751 (mode=public, shot=N/A)
[Epoch 0000] loss=11.9283 cls=2.3254 smmd=5.4780 ct=7.6121 rec=1.3851 | train/val/test=0.441/0.430/0.451 | c=0.999488
[Epoch 0001] loss=9.4917 cls=2.0099 smmd=3.6720 ct=7.6120 rec=1.3870 | train/val/test=0.375/0.366/0.385 | c=0.999488
[Epoch 0002] loss=10.4272 cls=2.5965 smmd=3.4255 ct=7.6122 rec=1.4317 | train/val/test=0.023/0.023/0.015 | c=0.999488
[Epoch 0003] loss=12.9302 cls=3.6463 smmd=3.8387 ct=7.6072 rec=1.3876 | train/val/test=0.463/0.459/0.458 | c=0.999488
[Epoch 0004] loss=9.6115 cls=2.0274 smmd=3.6136 ct=8.3195 rec=1.3953 | train/val/test=0.375/0.366/0.385 | c=0.999488
[Epoch 0005] loss=9.9925 cls=2.2956 smmd=3.4582 ct=8.2808 rec=1.4344 | train/val/test=0.155/0.156/0.159 | c=0.999488
[Epoch 0006] loss=10.0152 cls=2.3560 smmd=3.3378 ct=8.4180 rec=1.4085 | train/val/test=0.058/0.061/0.063 | c=0.999488
[Epoch 0007] loss=10.1534 cls=2.5492 smmd=3.1094 ct=8.3325 rec=1.3955 | train/val/test=0.375/0.366/0.385 | c=0.999488
[Epoch 0008] loss=8.8177 cls=2.0758 smmd=2.7319 ct=8.2543 rec=1.4165 | train/val/test=0.375/0.367/0.385 | c=0.999488
[Epoch 0009] loss=7.9959 cls=1.8499 smmd=2.3641 ct=8.2371 rec=1.4229 | train/val/test=0.478/0.476/0.473 | c=0.999488
[Epoch 0010] loss=7.7559 cls=1.8999 smmd=2.0223 ct=8.2711 rec=1.3977 | train/val/test=0.593/0.581/0.586 | c=0.999488
[Epoch 0011] loss=6.8715 cls=1.6479 smmd=1.6910 ct=8.0461 rec=1.3775 | train/val/test=0.327/0.311/0.324 | c=0.999488
[Epoch 0012] loss=6.7587 cls=1.6692 smmd=1.5487 ct=7.9876 rec=1.3706 | train/val/test=0.491/0.484/0.509 | c=0.999488
[Epoch 0013] loss=6.7498 cls=1.6458 smmd=1.5459 ct=8.1840 rec=1.3771 | train/val/test=0.520/0.510/0.536 | c=0.999488
[Epoch 0014] loss=6.2971 cls=1.4743 smmd=1.4406 ct=8.1703 rec=1.3688 | train/val/test=0.621/0.607/0.609 | c=0.999488
[Epoch 0015] loss=5.8737 cls=1.3528 smmd=1.2906 ct=8.0326 rec=1.3553 | train/val/test=0.576/0.565/0.566 | c=0.999488
[Epoch 0016] loss=5.6365 cls=1.3318 smmd=1.1203 ct=7.9185 rec=1.3448 | train/val/test=0.579/0.565/0.574 | c=0.999488
[Epoch 0017] loss=5.2710 cls=1.2327 smmd=0.9561 ct=7.9031 rec=1.3448 | train/val/test=0.650/0.633/0.643 | c=0.999488
[Epoch 0018] loss=4.9008 cls=1.1021 smmd=0.8433 ct=7.9505 rec=1.3163 | train/val/test=0.665/0.659/0.657 | c=0.999488
[Epoch 0019] loss=4.7525 cls=1.0574 smmd=0.7798 ct=7.9847 rec=1.3053 | train/val/test=0.705/0.687/0.698 | c=0.999488
[Epoch 0020] loss=4.5401 cls=0.9860 smmd=0.7229 ct=7.9395 rec=1.2863 | train/val/test=0.704/0.689/0.700 | c=0.999488
[Epoch 0021] loss=4.3456 cls=0.9290 smmd=0.6522 ct=7.9010 rec=1.2764 | train/val/test=0.717/0.709/0.712 | c=0.999488
[Epoch 0022] loss=4.1555 cls=0.8685 smmd=0.5879 ct=7.8948 rec=1.2578 | train/val/test=0.719/0.708/0.719 | c=0.999488
[Epoch 0023] loss=4.1106 cls=0.8671 smmd=0.5468 ct=7.8971 rec=1.2507 | train/val/test=0.734/0.727/0.734 | c=0.999488
[Epoch 0024] loss=3.9789 cls=0.8377 smmd=0.4839 ct=7.8463 rec=1.2520 | train/val/test=0.733/0.725/0.733 | c=0.999488
[Epoch 0025] loss=3.8763 cls=0.8166 smmd=0.4325 ct=7.8082 rec=1.2452 | train/val/test=0.742/0.734/0.740 | c=0.999488
[Epoch 0026] loss=3.7799 cls=0.7793 smmd=0.4102 ct=7.8204 rec=1.2348 | train/val/test=0.755/0.745/0.748 | c=0.999488
[Epoch 0027] loss=3.7281 cls=0.7538 smmd=0.4020 ct=7.8596 rec=1.2327 | train/val/test=0.770/0.759/0.768 | c=0.999488
[Epoch 0028] loss=3.6198 cls=0.7094 smmd=0.3840 ct=7.8516 rec=1.2332 | train/val/test=0.767/0.757/0.765 | c=0.999488
[Epoch 0029] loss=3.5909 cls=0.7072 smmd=0.3671 ct=7.8110 rec=1.2366 | train/val/test=0.768/0.759/0.764 | c=0.999488
[Epoch 0030] loss=3.4881 cls=0.6798 smmd=0.3274 ct=7.7779 rec=1.2276 | train/val/test=0.777/0.773/0.774 | c=0.999488
[Epoch 0031] loss=3.4622 cls=0.6780 smmd=0.3042 ct=7.7879 rec=1.2216 | train/val/test=0.787/0.781/0.783 | c=0.999488
[Epoch 0032] loss=3.4020 cls=0.6457 smmd=0.3058 ct=7.8049 rec=1.2187 | train/val/test=0.792/0.784/0.790 | c=0.999488
[Epoch 0033] loss=3.3787 cls=0.6308 smmd=0.3100 ct=7.8137 rec=1.2211 | train/val/test=0.803/0.799/0.794 | c=0.999488
[Epoch 0034] loss=3.3220 cls=0.6142 smmd=0.2866 ct=7.8107 rec=1.2242 | train/val/test=0.806/0.802/0.796 | c=0.999488
[Epoch 0035] loss=3.2921 cls=0.6126 smmd=0.2623 ct=7.7975 rec=1.2254 | train/val/test=0.809/0.801/0.796 | c=0.999488
[Epoch 0036] loss=3.2474 cls=0.5915 smmd=0.2635 ct=7.7847 rec=1.2198 | train/val/test=0.816/0.798/0.805 | c=0.999488
[Epoch 0037] loss=3.2213 cls=0.5720 smmd=0.2748 ct=7.7931 rec=1.2201 | train/val/test=0.815/0.813/0.809 | c=0.999488
[Epoch 0038] loss=3.1833 cls=0.5598 smmd=0.2640 ct=7.7793 rec=1.2193 | train/val/test=0.819/0.821/0.812 | c=0.999488
[Epoch 0039] loss=3.1591 cls=0.5618 smmd=0.2414 ct=7.7530 rec=1.2179 | train/val/test=0.825/0.820/0.814 | c=0.999488
[Epoch 0040] loss=3.1185 cls=0.5465 smmd=0.2280 ct=7.7720 rec=1.2159 | train/val/test=0.833/0.821/0.822 | c=0.999488
[Epoch 0041] loss=3.0982 cls=0.5323 smmd=0.2316 ct=7.7959 rec=1.2142 | train/val/test=0.841/0.834/0.835 | c=0.999488
[Epoch 0042] loss=3.0591 cls=0.5173 smmd=0.2247 ct=7.7850 rec=1.2139 | train/val/test=0.842/0.840/0.837 | c=0.999488
[Epoch 0043] loss=3.0437 cls=0.5176 smmd=0.2114 ct=7.7695 rec=1.2155 | train/val/test=0.848/0.849/0.840 | c=0.999488
[Epoch 0044] loss=3.0112 cls=0.5025 smmd=0.2102 ct=7.7686 rec=1.2119 | train/val/test=0.845/0.840/0.842 | c=0.999488
[Epoch 0045] loss=2.9911 cls=0.4895 smmd=0.2110 ct=7.7945 rec=1.2111 | train/val/test=0.848/0.845/0.843 | c=0.999488
[Epoch 0046] loss=2.9704 cls=0.4838 smmd=0.2010 ct=7.7981 rec=1.2112 | train/val/test=0.853/0.852/0.848 | c=0.999488
[Epoch 0047] loss=2.9585 cls=0.4871 smmd=0.1880 ct=7.7720 rec=1.2095 | train/val/test=0.851/0.852/0.844 | c=0.999488
[Epoch 0048] loss=2.9317 cls=0.4750 smmd=0.1843 ct=7.7766 rec=1.2107 | train/val/test=0.849/0.846/0.847 | c=0.999488
[Epoch 0049] loss=2.9188 cls=0.4661 smmd=0.1895 ct=7.7776 rec=1.2080 | train/val/test=0.856/0.855/0.852 | c=0.999488
[Epoch 0050] loss=2.8883 cls=0.4561 smmd=0.1778 ct=7.7810 rec=1.2097 | train/val/test=0.862/0.859/0.858 | c=0.999488
[Epoch 0051] loss=2.8789 cls=0.4555 smmd=0.1701 ct=7.7788 rec=1.2096 | train/val/test=0.856/0.859/0.854 | c=0.999488
[Epoch 0052] loss=2.8546 cls=0.4417 smmd=0.1720 ct=7.7864 rec=1.2096 | train/val/test=0.857/0.861/0.858 | c=0.999488
[Epoch 0053] loss=2.8407 cls=0.4363 smmd=0.1694 ct=7.7830 rec=1.2101 | train/val/test=0.867/0.865/0.860 | c=0.999488
[Epoch 0054] loss=2.8254 cls=0.4357 smmd=0.1597 ct=7.7638 rec=1.2078 | train/val/test=0.869/0.868/0.862 | c=0.999488
[Epoch 0055] loss=2.8103 cls=0.4294 smmd=0.1538 ct=7.7759 rec=1.2121 | train/val/test=0.861/0.857/0.855 | c=0.999488
[Epoch 0056] loss=2.8082 cls=0.4262 smmd=0.1596 ct=7.7725 rec=1.2082 | train/val/test=0.870/0.864/0.864 | c=0.999488
[Epoch 0057] loss=2.8164 cls=0.4316 smmd=0.1547 ct=7.7753 rec=1.2175 | train/val/test=0.855/0.846/0.848 | c=0.999488
[Epoch 0058] loss=2.9143 cls=0.4760 smmd=0.1717 ct=7.7428 rec=1.2099 | train/val/test=0.830/0.830/0.824 | c=0.999488
[Epoch 0059] loss=3.0551 cls=0.5419 smmd=0.1632 ct=7.7959 rec=1.2448 | train/val/test=0.740/0.730/0.728 | c=0.999488
[Epoch 0060] loss=3.9038 cls=0.9107 smmd=0.2783 ct=7.7860 rec=1.2338 | train/val/test=0.800/0.795/0.789 | c=0.999488
[Epoch 0061] loss=3.1818 cls=0.5802 smmd=0.2231 ct=7.7695 rec=1.2224 | train/val/test=0.814/0.809/0.804 | c=0.999488
[Epoch 0062] loss=3.1311 cls=0.5576 smmd=0.1998 ct=7.8442 rec=1.2363 | train/val/test=0.783/0.768/0.763 | c=0.999488
[Epoch 0063] loss=3.6192 cls=0.7750 smmd=0.2566 ct=7.8383 rec=1.2242 | train/val/test=0.866/0.861/0.848 | c=0.999488
[Epoch 0064] loss=2.9238 cls=0.4886 smmd=0.1537 ct=7.7503 rec=1.2151 | train/val/test=0.702/0.695/0.684 | c=0.999488
[Epoch 0065] loss=3.7525 cls=0.8443 smmd=0.2250 ct=7.9180 rec=1.2772 | train/val/test=0.751/0.736/0.748 | c=0.999488
[Epoch 0066] loss=4.3122 cls=1.0360 smmd=0.4252 ct=7.8338 rec=1.2406 | train/val/test=0.744/0.735/0.733 | c=0.999488
[Epoch 0067] loss=4.2012 cls=1.0092 smmd=0.3791 ct=7.8055 rec=1.2132 | train/val/test=0.701/0.695/0.679 | c=0.999488
[Epoch 0068] loss=3.9035 cls=0.9129 smmd=0.2529 ct=7.8671 rec=1.2571 | train/val/test=0.710/0.696/0.708 | c=0.999488
[Epoch 0069] loss=4.9058 cls=1.2425 smmd=0.5353 ct=8.1475 rec=1.2798 | train/val/test=0.774/0.762/0.767 | c=0.999488
[Epoch 0070] loss=4.8693 cls=1.0858 smmd=0.8120 ct=8.1867 rec=1.2421 | train/val/test=0.729/0.709/0.710 | c=0.999488
[Epoch 0071] loss=4.8607 cls=1.0566 smmd=0.8769 ct=8.1158 rec=1.2377 | train/val/test=0.780/0.769/0.767 | c=0.999488
[Epoch 0072] loss=4.2334 cls=0.8522 smmd=0.6731 ct=8.0487 rec=1.2311 | train/val/test=0.823/0.807/0.818 | c=0.999488
[Epoch 0073] loss=3.4829 cls=0.6108 smmd=0.4163 ct=8.0149 rec=1.2100 | train/val/test=0.784/0.775/0.771 | c=0.999488
[Epoch 0074] loss=3.6602 cls=0.7008 smmd=0.3980 ct=8.0728 rec=1.2299 | train/val/test=0.835/0.829/0.830 | c=0.999488
[Epoch 0075] loss=3.3298 cls=0.5038 smmd=0.4773 ct=8.0105 rec=1.2137 | train/val/test=0.821/0.815/0.817 | c=0.999488
[Epoch 0076] loss=3.5773 cls=0.5361 smmd=0.6581 ct=8.0166 rec=1.2183 | train/val/test=0.821/0.808/0.804 | c=0.999488
[Epoch 0077] loss=3.8121 cls=0.5992 smmd=0.7607 ct=8.0526 rec=1.2128 | train/val/test=0.810/0.798/0.795 | c=0.999488
[Epoch 0078] loss=3.7732 cls=0.6119 smmd=0.6973 ct=8.0491 rec=1.2115 | train/val/test=0.834/0.823/0.827 | c=0.999488
[Epoch 0079] loss=3.3836 cls=0.5149 smmd=0.5151 ct=7.9904 rec=1.2034 | train/val/test=0.842/0.836/0.834 | c=0.999488
[Epoch 0080] loss=3.2036 cls=0.4857 smmd=0.4019 ct=7.9418 rec=1.2096 | train/val/test=0.858/0.852/0.839 | c=0.999488
[Epoch 0081] loss=3.1931 cls=0.4893 smmd=0.3852 ct=7.9346 rec=1.2124 | train/val/test=0.860/0.859/0.846 | c=0.999488
[Epoch 0082] loss=3.1452 cls=0.4718 smmd=0.3822 ct=7.8921 rec=1.2050 | train/val/test=0.845/0.835/0.834 | c=0.999488
[Epoch 0083] loss=3.1498 cls=0.4864 smmd=0.3650 ct=7.8543 rec=1.2055 | train/val/test=0.861/0.852/0.854 | c=0.999488
[Epoch 0084] loss=3.0164 cls=0.4419 smmd=0.3223 ct=7.8486 rec=1.2028 | train/val/test=0.863/0.859/0.851 | c=0.999488
[Epoch 0085] loss=3.0421 cls=0.4617 smmd=0.3043 ct=7.8590 rec=1.2127 | train/val/test=0.867/0.856/0.856 | c=0.999488
[Epoch 0086] loss=2.9175 cls=0.4180 smmd=0.2810 ct=7.7998 rec=1.2029 | train/val/test=0.862/0.851/0.855 | c=0.999488
[Epoch 0087] loss=2.9071 cls=0.4168 smmd=0.2805 ct=7.7626 rec=1.2025 | train/val/test=0.865/0.849/0.850 | c=0.999488
[Epoch 0088] loss=2.8927 cls=0.4110 smmd=0.2760 ct=7.7688 rec=1.2051 | train/val/test=0.873/0.858/0.858 | c=0.999488
[Epoch 0089] loss=2.8747 cls=0.4117 smmd=0.2576 ct=7.7610 rec=1.2069 | train/val/test=0.868/0.858/0.854 | c=0.999488
[Epoch 0090] loss=2.8571 cls=0.4111 smmd=0.2445 ct=7.7455 rec=1.2060 | train/val/test=0.876/0.869/0.866 | c=0.999488
[Epoch 0091] loss=2.7775 cls=0.3820 smmd=0.2232 ct=7.7475 rec=1.2044 | train/val/test=0.875/0.864/0.867 | c=0.999488
[Epoch 0092] loss=2.8131 cls=0.4007 smmd=0.2163 ct=7.7664 rec=1.2106 | train/val/test=0.871/0.860/0.865 | c=0.999488
[Epoch 0093] loss=2.7692 cls=0.3784 smmd=0.2225 ct=7.7469 rec=1.2028 | train/val/test=0.874/0.864/0.863 | c=0.999488
[Epoch 0094] loss=2.7529 cls=0.3760 smmd=0.2127 ct=7.7379 rec=1.2030 | train/val/test=0.881/0.875/0.874 | c=0.999488
[Epoch 0095] loss=2.7523 cls=0.3859 smmd=0.1910 ct=7.7398 rec=1.2075 | train/val/test=0.885/0.873/0.874 | c=0.999488
[Epoch 0096] loss=2.6975 cls=0.3606 smmd=0.1887 ct=7.7348 rec=1.2035 | train/val/test=0.875/0.863/0.863 | c=0.999488
[Epoch 0097] loss=2.7090 cls=0.3632 smmd=0.1918 ct=7.7494 rec=1.2045 | train/val/test=0.884/0.874/0.877 | c=0.999488
[Epoch 0098] loss=2.6946 cls=0.3623 smmd=0.1749 ct=7.7669 rec=1.2088 | train/val/test=0.887/0.881/0.880 | c=0.999488
[Epoch 0099] loss=2.6713 cls=0.3548 smmd=0.1698 ct=7.7527 rec=1.2065 | train/val/test=0.883/0.872/0.873 | c=0.999488
[Epoch 0100] loss=2.6621 cls=0.3543 smmd=0.1678 ct=7.7246 rec=1.2039 | train/val/test=0.885/0.876/0.878 | c=0.999488
[Epoch 0101] loss=2.6470 cls=0.3529 smmd=0.1582 ct=7.7103 rec=1.2044 | train/val/test=0.887/0.875/0.877 | c=0.999488
[Epoch 0102] loss=2.6409 cls=0.3489 smmd=0.1597 ct=7.7124 rec=1.2045 | train/val/test=0.885/0.872/0.876 | c=0.999488
[Epoch 0103] loss=2.6350 cls=0.3459 smmd=0.1580 ct=7.7213 rec=1.2040 | train/val/test=0.890/0.880/0.885 | c=0.999488
[Epoch 0104] loss=2.6205 cls=0.3441 smmd=0.1446 ct=7.7311 rec=1.2072 | train/val/test=0.890/0.880/0.884 | c=0.999488
[Epoch 0105] loss=2.6064 cls=0.3380 smmd=0.1448 ct=7.7224 rec=1.2054 | train/val/test=0.889/0.877/0.877 | c=0.999488
[Epoch 0106] loss=2.6073 cls=0.3374 smmd=0.1494 ct=7.7118 rec=1.2037 | train/val/test=0.892/0.880/0.884 | c=0.999488
[Epoch 0107] loss=2.5999 cls=0.3368 smmd=0.1426 ct=7.7131 rec=1.2050 | train/val/test=0.894/0.882/0.887 | c=0.999488
[Epoch 0108] loss=2.5865 cls=0.3323 smmd=0.1376 ct=7.7172 rec=1.2046 | train/val/test=0.892/0.879/0.887 | c=0.999488
[Epoch 0109] loss=2.5807 cls=0.3314 smmd=0.1326 ct=7.7217 rec=1.2045 | train/val/test=0.895/0.882/0.886 | c=0.999488
[Epoch 0110] loss=2.5769 cls=0.3311 smmd=0.1291 ct=7.7212 rec=1.2071 | train/val/test=0.892/0.880/0.883 | c=0.999488
[Epoch 0111] loss=2.5715 cls=0.3275 smmd=0.1343 ct=7.7066 rec=1.2045 | train/val/test=0.895/0.877/0.882 | c=0.999488
[Epoch 0112] loss=2.5653 cls=0.3261 smmd=0.1322 ct=7.6997 rec=1.2048 | train/val/test=0.900/0.881/0.885 | c=0.999488
[Epoch 0113] loss=2.5572 cls=0.3240 smmd=0.1278 ct=7.7020 rec=1.2051 | train/val/test=0.896/0.879/0.885 | c=0.999488
[Epoch 0114] loss=2.5562 cls=0.3234 smmd=0.1264 ct=7.7100 rec=1.2045 | train/val/test=0.899/0.885/0.888 | c=0.999488
[Epoch 0115] loss=2.5530 cls=0.3225 smmd=0.1235 ct=7.7150 rec=1.2072 | train/val/test=0.895/0.882/0.886 | c=0.999488
[Epoch 0116] loss=2.5479 cls=0.3194 smmd=0.1270 ct=7.7050 rec=1.2049 | train/val/test=0.897/0.881/0.887 | c=0.999488
[Epoch 0117] loss=2.5440 cls=0.3195 smmd=0.1231 ct=7.7029 rec=1.2060 | train/val/test=0.898/0.883/0.887 | c=0.999488
[Epoch 0118] loss=2.5385 cls=0.3170 smmd=0.1229 ct=7.7024 rec=1.2049 | train/val/test=0.902/0.884/0.889 | c=0.999488
[Epoch 0119] loss=2.5370 cls=0.3170 smmd=0.1197 ct=7.7091 rec=1.2074 | train/val/test=0.897/0.885/0.888 | c=0.999488
[Epoch 0120] loss=2.5340 cls=0.3146 smmd=0.1235 ct=7.7017 rec=1.2048 | train/val/test=0.902/0.885/0.891 | c=0.999488
[Epoch 0121] loss=2.5333 cls=0.3158 smmd=0.1204 ct=7.6997 rec=1.2070 | train/val/test=0.895/0.881/0.883 | c=0.999488
[Epoch 0122] loss=2.5402 cls=0.3177 smmd=0.1252 ct=7.6939 rec=1.2046 | train/val/test=0.899/0.885/0.885 | c=0.999488
[Epoch 0123] loss=2.5585 cls=0.3286 smmd=0.1168 ct=7.7099 rec=1.2127 | train/val/test=0.869/0.856/0.855 | c=0.999488
[Epoch 0124] loss=2.6533 cls=0.3671 smmd=0.1365 ct=7.7034 rec=1.2095 | train/val/test=0.858/0.849/0.844 | c=0.999488
[Epoch 0125] loss=2.8195 cls=0.4479 smmd=0.1280 ct=7.7443 rec=1.2339 | train/val/test=0.763/0.754/0.752 | c=0.999488
[Epoch 0126] loss=3.8067 cls=0.8724 smmd=0.2564 ct=7.7572 rec=1.2705 | train/val/test=0.829/0.816/0.809 | c=0.999488
[Epoch 0127] loss=3.2777 cls=0.6375 smmd=0.1867 ct=7.8221 rec=1.2578 | train/val/test=0.862/0.856/0.854 | c=0.999488
[Epoch 0128] loss=2.8346 cls=0.4330 smmd=0.1731 ct=7.7566 rec=1.2211 | train/val/test=0.852/0.845/0.846 | c=0.999488
[Epoch 0129] loss=2.8027 cls=0.4242 smmd=0.1592 ct=7.7519 rec=1.2239 | train/val/test=0.856/0.836/0.841 | c=0.999488
[Epoch 0130] loss=2.8830 cls=0.4601 smmd=0.1561 ct=7.8110 rec=1.2224 | train/val/test=0.888/0.871/0.876 | c=0.999488
[Epoch 0131] loss=2.6365 cls=0.3513 smmd=0.1484 ct=7.7309 rec=1.1969 | train/val/test=0.874/0.859/0.860 | c=0.999488
[Epoch 0132] loss=2.7484 cls=0.3989 smmd=0.1667 ct=7.7071 rec=1.2125 | train/val/test=0.885/0.878/0.875 | c=0.999488
[Epoch 0133] loss=2.6482 cls=0.3603 smmd=0.1401 ct=7.7327 rec=1.2054 | train/val/test=0.878/0.864/0.869 | c=0.999488
[Epoch 0134] loss=2.6554 cls=0.3653 smmd=0.1345 ct=7.7531 rec=1.1991 | train/val/test=0.881/0.864/0.872 | c=0.999488
[Epoch 0135] loss=2.6473 cls=0.3614 smmd=0.1403 ct=7.7254 rec=1.1955 | train/val/test=0.886/0.877/0.874 | c=0.999488
[Epoch 0136] loss=2.6192 cls=0.3503 smmd=0.1372 ct=7.7055 rec=1.2016 | train/val/test=0.879/0.868/0.867 | c=0.999488
[Epoch 0137] loss=2.6348 cls=0.3554 smmd=0.1379 ct=7.7245 rec=1.2062 | train/val/test=0.880/0.868/0.869 | c=0.999488
[Epoch 0138] loss=2.6127 cls=0.3434 smmd=0.1349 ct=7.7572 rec=1.1982 | train/val/test=0.888/0.872/0.876 | c=0.999488
[Epoch 0139] loss=2.6093 cls=0.3453 smmd=0.1320 ct=7.7373 rec=1.1964 | train/val/test=0.891/0.880/0.879 | c=0.999488
[Epoch 0140] loss=2.5714 cls=0.3335 smmd=0.1240 ct=7.7061 rec=1.1956 | train/val/test=0.884/0.871/0.874 | c=0.999488
[Epoch 0141] loss=2.6055 cls=0.3448 smmd=0.1300 ct=7.7272 rec=1.2028 | train/val/test=0.889/0.879/0.885 | c=0.999488
[Epoch 0142] loss=2.5667 cls=0.3271 smmd=0.1246 ct=7.7369 rec=1.2029 | train/val/test=0.892/0.880/0.883 | c=0.999488
[Epoch 0143] loss=2.5797 cls=0.3320 smmd=0.1287 ct=7.7316 rec=1.2029 | train/val/test=0.895/0.877/0.882 | c=0.999488
[Epoch 0144] loss=2.5587 cls=0.3243 smmd=0.1290 ct=7.7080 rec=1.1972 | train/val/test=0.899/0.883/0.880 | c=0.999488
[Epoch 0145] loss=2.5630 cls=0.3272 smmd=0.1241 ct=7.7212 rec=1.2016 | train/val/test=0.902/0.889/0.891 | c=0.999488
[Epoch 0146] loss=2.5479 cls=0.3215 smmd=0.1162 ct=7.7384 rec=1.2058 | train/val/test=0.900/0.885/0.885 | c=0.999488
[Epoch 0147] loss=2.5305 cls=0.3118 smmd=0.1214 ct=7.7253 rec=1.2022 | train/val/test=0.898/0.881/0.882 | c=0.999488
[Epoch 0148] loss=2.5480 cls=0.3174 smmd=0.1284 ct=7.7212 rec=1.2029 | train/val/test=0.904/0.889/0.893 | c=0.999488
[Epoch 0149] loss=2.5173 cls=0.3083 smmd=0.1157 ct=7.7198 rec=1.2047 | train/val/test=0.905/0.890/0.888 | c=0.999488
[Epoch 0150] loss=2.5295 cls=0.3136 smmd=0.1175 ct=7.7206 rec=1.2034 | train/val/test=0.905/0.888/0.891 | c=0.999488
[Epoch 0151] loss=2.5185 cls=0.3084 smmd=0.1207 ct=7.7051 rec=1.1996 | train/val/test=0.899/0.883/0.888 | c=0.999488
[Epoch 0152] loss=2.5150 cls=0.3065 smmd=0.1197 ct=7.7081 rec=1.2033 | train/val/test=0.899/0.887/0.892 | c=0.999488
[Epoch 0153] loss=2.5152 cls=0.3050 smmd=0.1176 ct=7.7303 rec=1.2072 | train/val/test=0.899/0.884/0.887 | c=0.999488
[Epoch 0154] loss=2.5029 cls=0.3016 smmd=0.1143 ct=7.7233 rec=1.2034 | train/val/test=0.906/0.888/0.891 | c=0.999488
[Epoch 0155] loss=2.5047 cls=0.3029 smmd=0.1185 ct=7.6993 rec=1.2022 | train/val/test=0.905/0.886/0.887 | c=0.999488
[Epoch 0156] loss=2.5023 cls=0.3018 smmd=0.1204 ct=7.6897 rec=1.2013 | train/val/test=0.903/0.886/0.892 | c=0.999488
[Epoch 0157] loss=2.4921 cls=0.2965 smmd=0.1168 ct=7.7091 rec=1.2030 | train/val/test=0.907/0.893/0.894 | c=0.999488
[Epoch 0158] loss=2.5010 cls=0.2995 smmd=0.1154 ct=7.7251 rec=1.2084 | train/val/test=0.904/0.889/0.889 | c=0.999488
[Epoch 0159] loss=2.4893 cls=0.2953 smmd=0.1189 ct=7.6968 rec=1.2029 | train/val/test=0.907/0.887/0.887 | c=0.999488
[Epoch 0160] loss=2.4889 cls=0.2954 smmd=0.1198 ct=7.6892 rec=1.2027 | train/val/test=0.911/0.893/0.896 | c=0.999488
[Epoch 0161] loss=2.4848 cls=0.2934 smmd=0.1158 ct=7.7064 rec=1.2048 | train/val/test=0.905/0.888/0.896 | c=0.999488
[Epoch 0162] loss=2.4845 cls=0.2917 smmd=0.1186 ct=7.7088 rec=1.2030 | train/val/test=0.905/0.886/0.892 | c=0.999488
[Epoch 0163] loss=2.4818 cls=0.2906 smmd=0.1205 ct=7.6958 rec=1.2045 | train/val/test=0.908/0.891/0.895 | c=0.999488
[Epoch 0164] loss=2.4751 cls=0.2884 smmd=0.1186 ct=7.6939 rec=1.2045 | train/val/test=0.909/0.888/0.895 | c=0.999488
[Epoch 0165] loss=2.4773 cls=0.2895 smmd=0.1168 ct=7.7036 rec=1.2042 | train/val/test=0.911/0.891/0.897 | c=0.999488
[Epoch 0166] loss=2.4710 cls=0.2864 smmd=0.1180 ct=7.6963 rec=1.2042 | train/val/test=0.908/0.892/0.896 | c=0.999488
[Epoch 0167] loss=2.4718 cls=0.2861 smmd=0.1213 ct=7.6883 rec=1.2034 | train/val/test=0.911/0.893/0.898 | c=0.999488
[Epoch 0168] loss=2.4672 cls=0.2836 smmd=0.1195 ct=7.6970 rec=1.2051 | train/val/test=0.912/0.893/0.899 | c=0.999488
[Epoch 0169] loss=2.4663 cls=0.2840 smmd=0.1174 ct=7.6997 rec=1.2050 | train/val/test=0.912/0.892/0.895 | c=0.999488
[Epoch 0170] loss=2.4661 cls=0.2831 smmd=0.1220 ct=7.6859 rec=1.2032 | train/val/test=0.909/0.892/0.894 | c=0.999488
[Epoch 0171] loss=2.4629 cls=0.2818 smmd=0.1208 ct=7.6881 rec=1.2043 | train/val/test=0.908/0.891/0.895 | c=0.999488
[Epoch 0172] loss=2.4632 cls=0.2813 smmd=0.1198 ct=7.6997 rec=1.2042 | train/val/test=0.912/0.894/0.900 | c=0.999488
[Epoch 0173] loss=2.4591 cls=0.2797 smmd=0.1197 ct=7.6943 rec=1.2054 | train/val/test=0.911/0.891/0.896 | c=0.999488
[Epoch 0174] loss=2.4589 cls=0.2799 smmd=0.1223 ct=7.6809 rec=1.2031 | train/val/test=0.913/0.893/0.895 | c=0.999488
[Epoch 0175] loss=2.4549 cls=0.2783 smmd=0.1194 ct=7.6902 rec=1.2047 | train/val/test=0.912/0.893/0.898 | c=0.999488
[Epoch 0176] loss=2.4538 cls=0.2767 smmd=0.1206 ct=7.6947 rec=1.2043 | train/val/test=0.912/0.894/0.897 | c=0.999488
[Epoch 0177] loss=2.4516 cls=0.2761 smmd=0.1213 ct=7.6857 rec=1.2045 | train/val/test=0.914/0.895/0.897 | c=0.999488
[Epoch 0178] loss=2.4470 cls=0.2748 smmd=0.1198 ct=7.6844 rec=1.2038 | train/val/test=0.916/0.895/0.897 | c=0.999488
[Epoch 0179] loss=2.4485 cls=0.2749 smmd=0.1201 ct=7.6889 rec=1.2042 | train/val/test=0.914/0.895/0.898 | c=0.999488
[Epoch 0180] loss=2.4444 cls=0.2731 smmd=0.1205 ct=7.6841 rec=1.2040 | train/val/test=0.914/0.895/0.899 | c=0.999488
[Epoch 0181] loss=2.4437 cls=0.2723 smmd=0.1207 ct=7.6871 rec=1.2048 | train/val/test=0.915/0.897/0.899 | c=0.999488
[Epoch 0182] loss=2.4420 cls=0.2717 smmd=0.1202 ct=7.6876 rec=1.2043 | train/val/test=0.914/0.895/0.897 | c=0.999488
[Epoch 0183] loss=2.4415 cls=0.2714 smmd=0.1227 ct=7.6774 rec=1.2026 | train/val/test=0.915/0.896/0.898 | c=0.999488
[Epoch 0184] loss=2.4383 cls=0.2702 smmd=0.1203 ct=7.6835 rec=1.2046 | train/val/test=0.914/0.895/0.897 | c=0.999488
[Epoch 0185] loss=2.4394 cls=0.2704 smmd=0.1197 ct=7.6899 rec=1.2040 | train/val/test=0.914/0.895/0.896 | c=0.999488
[Epoch 0186] loss=2.4443 cls=0.2727 smmd=0.1210 ct=7.6848 rec=1.2052 | train/val/test=0.901/0.880/0.888 | c=0.999488
[Epoch 0187] loss=2.4747 cls=0.2863 smmd=0.1257 ct=7.6810 rec=1.2009 | train/val/test=0.887/0.870/0.867 | c=0.999488
[Epoch 0188] loss=2.5784 cls=0.3343 smmd=0.1254 ct=7.7060 rec=1.2158 | train/val/test=0.838/0.818/0.820 | c=0.999488
[Epoch 0189] loss=3.1523 cls=0.5811 smmd=0.1973 ct=7.7432 rec=1.2204 | train/val/test=0.815/0.795/0.784 | c=0.999488
[Epoch 0190] loss=3.0866 cls=0.5612 smmd=0.1557 ct=7.7908 rec=1.2514 | train/val/test=0.752/0.735/0.736 | c=0.999488
[Epoch 0191] loss=4.6091 cls=1.1896 smmd=0.4182 ct=7.7842 rec=1.2739 | train/val/test=0.812/0.799/0.795 | c=0.999488
[Epoch 0192] loss=3.3832 cls=0.6540 smmd=0.2709 ct=7.7948 rec=1.2273 | train/val/test=0.423/0.403/0.404 | c=0.999488
[Epoch 0193] loss=5.8658 cls=1.8275 smmd=0.3362 ct=8.0457 rec=1.3269 | train/val/test=0.567/0.559/0.557 | c=0.999488
[Epoch 0194] loss=7.6766 cls=2.3968 smmd=1.0194 ct=7.9095 rec=1.4092 | train/val/test=0.373/0.370/0.361 | c=0.999488
[Epoch 0195] loss=12.3060 cls=4.2553 smmd=1.9118 ct=8.0907 rec=1.3279 | train/val/test=0.275/0.249/0.259 | c=0.999488
[Epoch 0196] loss=12.1003 cls=4.0035 smmd=2.2239 ct=7.9994 rec=1.3476 | train/val/test=0.458/0.441/0.450 | c=0.999488
[Epoch 0197] loss=14.0663 cls=4.7640 smmd=2.6196 ct=8.0898 rec=1.5037 | train/val/test=0.163/0.165/0.154 | c=0.999488
[Epoch 0198] loss=18.9301 cls=6.9196 smmd=3.1281 ct=8.2381 rec=1.5760 | train/val/test=0.190/0.188/0.193 | c=0.999488
[Epoch 0199] loss=17.9520 cls=6.3785 smmd=3.2477 ct=8.2104 rec=1.5264 | train/val/test=0.425/0.417/0.433 | c=0.999488
[Epoch 0200] loss=20.9879 cls=7.8254 smmd=3.4459 ct=8.1319 rec=1.3238 | train/val/test=0.433/0.424/0.442 | c=0.999488
[Epoch 0201] loss=20.5059 cls=7.4448 smmd=3.6810 ct=8.1416 rec=1.5344 | train/val/test=0.147/0.142/0.140 | c=0.999488
[Epoch 0202] loss=21.2830 cls=7.7487 smmd=3.8557 ct=8.1931 rec=1.4566 | train/val/test=0.058/0.063/0.066 | c=0.999488
[Epoch 0203] loss=25.4011 cls=9.8187 smmd=3.8058 ct=8.2329 rec=1.5563 | train/val/test=0.078/0.079/0.074 | c=0.999488
[Epoch 0204] loss=28.8112 cls=11.5852 smmd=3.6956 ct=8.2203 rec=1.5054 | train/val/test=0.084/0.088/0.081 | c=0.999488
[Epoch 0205] loss=24.8906 cls=9.6007 smmd=3.7848 ct=8.1728 rec=1.3487 | train/val/test=0.473/0.465/0.485 | c=0.999488
[Epoch 0206] loss=17.3522 cls=5.6644 smmd=4.1233 ct=8.1252 rec=1.3748 | train/val/test=0.594/0.576/0.606 | c=0.999488
[Epoch 0207] loss=16.2988 cls=4.8701 smmd=4.6675 ct=8.1341 rec=1.3211 | train/val/test=0.319/0.299/0.322 | c=0.999488
[Epoch 0208] loss=18.3865 cls=5.6771 smmd=5.1244 ct=8.1568 rec=1.3829 | train/val/test=0.264/0.256/0.249 | c=0.999488
[Epoch 0209] loss=19.3648 cls=5.9985 smmd=5.4379 ct=8.1636 rec=1.4861 | train/val/test=0.724/0.712/0.712 | c=0.999488
[Epoch 0210] loss=13.7405 cls=3.1089 smmd=5.6374 ct=8.1542 rec=1.2729 | train/val/test=0.503/0.488/0.501 | c=0.999488
[Epoch 0211] loss=17.0194 cls=4.6693 smmd=5.7939 ct=8.1491 rec=1.2857 | train/val/test=0.524/0.516/0.538 | c=0.999488
[Epoch 0212] loss=16.2098 cls=4.2049 smmd=5.9078 ct=8.1554 rec=1.3057 | train/val/test=0.520/0.520/0.534 | c=0.999488
[Epoch 0213] loss=14.8319 cls=3.4701 smmd=5.9926 ct=8.1672 rec=1.3286 | train/val/test=0.504/0.498/0.500 | c=0.999488
[Epoch 0214] loss=14.7645 cls=3.4160 smmd=6.0488 ct=8.1765 rec=1.2413 | train/val/test=0.529/0.524/0.534 | c=0.999488
[Epoch 0215] loss=14.7789 cls=3.4040 smmd=6.0836 ct=8.1818 rec=1.2549 | train/val/test=0.542/0.531/0.540 | c=0.999488
[Epoch 0216] loss=12.0357 cls=2.0213 smmd=6.1042 ct=8.1828 rec=1.2617 | train/val/test=0.330/0.327/0.325 | c=0.999488
[Epoch 0217] loss=13.7283 cls=2.8459 smmd=6.1090 ct=8.1826 rec=1.4544 | train/val/test=0.631/0.625/0.632 | c=0.999488
[Epoch 0218] loss=12.0854 cls=2.0484 smmd=6.0985 ct=8.1767 rec=1.2739 | train/val/test=0.565/0.564/0.575 | c=0.999488
[Epoch 0219] loss=13.0227 cls=2.5245 smmd=6.0793 ct=8.1722 rec=1.2996 | train/val/test=0.561/0.563/0.575 | c=0.999488
[Epoch 0220] loss=14.3819 cls=3.2268 smmd=6.0453 ct=8.1704 rec=1.2449 | train/val/test=0.561/0.567/0.578 | c=0.999488
[Epoch 0221] loss=12.9390 cls=2.5189 smmd=6.0158 ct=8.1677 rec=1.2596 | train/val/test=0.705/0.696/0.706 | c=0.999488
[Epoch 0222] loss=10.6736 cls=1.4094 smmd=5.9717 ct=8.1660 rec=1.2493 | train/val/test=0.721/0.715/0.711 | c=0.999488
[Epoch 0223] loss=10.7128 cls=1.4515 smmd=5.9300 ct=8.1659 rec=1.2330 | train/val/test=0.600/0.593/0.583 | c=0.999488
[Epoch 0224] loss=11.8536 cls=2.0444 smmd=5.8792 ct=8.1661 rec=1.2619 | train/val/test=0.630/0.624/0.618 | c=0.999488
[Epoch 0225] loss=11.2207 cls=1.7646 smmd=5.8098 ct=8.1657 rec=1.2431 | train/val/test=0.762/0.762/0.752 | c=0.999488
[Epoch 0226] loss=9.8074 cls=1.0992 smmd=5.7332 ct=8.1646 rec=1.2143 | train/val/test=0.620/0.624/0.630 | c=0.999488
[Epoch 0227] loss=9.9856 cls=1.2300 smmd=5.6453 ct=8.1632 rec=1.2381 | train/val/test=0.616/0.621/0.636 | c=0.999488
[Epoch 0228] loss=9.8580 cls=1.2199 smmd=5.5372 ct=8.1604 rec=1.2445 | train/val/test=0.709/0.707/0.716 | c=0.999488
[Epoch 0229] loss=9.5120 cls=1.0958 smmd=5.4435 ct=8.1560 rec=1.2287 | train/val/test=0.698/0.686/0.706 | c=0.999488
[Epoch 0230] loss=9.4376 cls=1.1148 smmd=5.3326 ct=8.1523 rec=1.2240 | train/val/test=0.722/0.717/0.716 | c=0.999488
[Epoch 0231] loss=9.3250 cls=1.1206 smmd=5.2104 ct=8.1500 rec=1.2163 | train/val/test=0.757/0.756/0.748 | c=0.999488
[Epoch 0232] loss=8.8894 cls=0.9659 smmd=5.0876 ct=8.1472 rec=1.2028 | train/val/test=0.780/0.776/0.770 | c=0.999488
[Epoch 0233] loss=8.4312 cls=0.8091 smmd=4.9460 ct=8.1429 rec=1.1919 | train/val/test=0.798/0.791/0.788 | c=0.999488
[Epoch 0234] loss=8.1793 cls=0.7584 smmd=4.7971 ct=8.1377 rec=1.1897 | train/val/test=0.809/0.813/0.802 | c=0.999488
[Epoch 0235] loss=8.0902 cls=0.7899 smmd=4.6451 ct=8.1315 rec=1.1952 | train/val/test=0.791/0.798/0.786 | c=0.999488
[Epoch 0236] loss=8.0550 cls=0.8608 smmd=4.4691 ct=8.1237 rec=1.1979 | train/val/test=0.804/0.803/0.797 | c=0.999488
[Epoch 0237] loss=7.8530 cls=0.8563 smmd=4.2779 ct=8.1139 rec=1.1980 | train/val/test=0.831/0.827/0.819 | c=0.999488
[Epoch 0238] loss=7.5306 cls=0.8017 smmd=4.0672 ct=8.1027 rec=1.1969 | train/val/test=0.807/0.809/0.800 | c=0.999488
[Epoch 0239] loss=7.2635 cls=0.7834 smmd=3.8394 ct=8.0904 rec=1.1954 | train/val/test=0.805/0.807/0.796 | c=0.999488
[Epoch 0240] loss=6.9595 cls=0.7595 smmd=3.5866 ct=8.0763 rec=1.1930 | train/val/test=0.857/0.857/0.843 | c=0.999488
[Epoch 0241] loss=6.6074 cls=0.7243 smmd=3.3094 ct=8.0590 rec=1.1883 | train/val/test=0.853/0.851/0.843 | c=0.999488
[Epoch 0242] loss=6.4163 cls=0.7689 smmd=3.0341 ct=8.0380 rec=1.1843 | train/val/test=0.841/0.838/0.829 | c=0.999488
[Epoch 0243] loss=6.2694 cls=0.8412 smmd=2.7473 ct=8.0124 rec=1.1861 | train/val/test=0.836/0.830/0.827 | c=0.999488
[Epoch 0244] loss=6.0289 cls=0.8728 smmd=2.4499 ct=7.9805 rec=1.1871 | train/val/test=0.842/0.833/0.832 | c=0.999488
[Epoch 0245] loss=5.7194 cls=0.8696 smmd=2.1541 ct=7.9429 rec=1.1879 | train/val/test=0.848/0.844/0.838 | c=0.999488
[Epoch 0246] loss=5.4187 cls=0.8728 smmd=1.8544 ct=7.9042 rec=1.1893 | train/val/test=0.859/0.852/0.845 | c=0.999488
[Epoch 0247] loss=5.1413 cls=0.8812 smmd=1.5668 ct=7.8710 rec=1.1897 | train/val/test=0.866/0.858/0.847 | c=0.999488
[Epoch 0248] loss=4.8912 cls=0.8742 smmd=1.3358 ct=7.8480 rec=1.1870 | train/val/test=0.868/0.862/0.853 | c=0.999488
[Epoch 0249] loss=4.6684 cls=0.8638 smmd=1.1364 ct=7.8392 rec=1.1831 | train/val/test=0.872/0.865/0.859 | c=0.999488
[Epoch 0250] loss=4.5205 cls=0.8585 smmd=0.9981 ct=7.8458 rec=1.1811 | train/val/test=0.870/0.865/0.852 | c=0.999488
[Epoch 0251] loss=4.4464 cls=0.8600 smmd=0.9187 ct=7.8590 rec=1.1800 | train/val/test=0.872/0.862/0.855 | c=0.999488
[Epoch 0252] loss=4.4101 cls=0.8510 smmd=0.8979 ct=7.8710 rec=1.1800 | train/val/test=0.873/0.867/0.859 | c=0.999488
[Epoch 0253] loss=4.3756 cls=0.8316 smmd=0.8999 ct=7.8814 rec=1.1809 | train/val/test=0.873/0.869/0.858 | c=0.999488
[Epoch 0254] loss=4.3369 cls=0.8055 smmd=0.9117 ct=7.8892 rec=1.1819 | train/val/test=0.874/0.873/0.858 | c=0.999488
[Epoch 0255] loss=4.3027 cls=0.7784 smmd=0.9308 ct=7.8923 rec=1.1833 | train/val/test=0.871/0.866/0.858 | c=0.999488
[Epoch 0256] loss=4.2902 cls=0.7655 smmd=0.9439 ct=7.8918 rec=1.1843 | train/val/test=0.870/0.868/0.860 | c=0.999488
[Epoch 0257] loss=4.2651 cls=0.7516 smmd=0.9470 ct=7.8889 rec=1.1858 | train/val/test=0.871/0.868/0.860 | c=0.999488
[Epoch 0258] loss=4.2092 cls=0.7308 smmd=0.9342 ct=7.8806 rec=1.1858 | train/val/test=0.873/0.868/0.862 | c=0.999488
[Epoch 0259] loss=4.1146 cls=0.7032 smmd=0.8976 ct=7.8685 rec=1.1839 | train/val/test=0.875/0.869/0.861 | c=0.999488
[Epoch 0260] loss=4.0094 cls=0.6736 smmd=0.8540 ct=7.8590 rec=1.1828 | train/val/test=0.878/0.869/0.862 | c=0.999488
[Epoch 0261] loss=3.9148 cls=0.6510 smmd=0.8058 ct=7.8522 rec=1.1821 | train/val/test=0.874/0.869/0.864 | c=0.999488
[Epoch 0262] loss=3.8428 cls=0.6336 smmd=0.7703 ct=7.8447 rec=1.1813 | train/val/test=0.876/0.867/0.865 | c=0.999488
[Epoch 0263] loss=3.7757 cls=0.6181 smmd=0.7360 ct=7.8361 rec=1.1816 | train/val/test=0.879/0.869/0.864 | c=0.999488
[Epoch 0264] loss=3.6970 cls=0.5978 smmd=0.6998 ct=7.8247 rec=1.1831 | train/val/test=0.881/0.871/0.869 | c=0.999488
[Epoch 0265] loss=3.6204 cls=0.5772 smmd=0.6676 ct=7.8086 rec=1.1836 | train/val/test=0.882/0.876/0.866 | c=0.999488
[Epoch 0266] loss=3.5595 cls=0.5618 smmd=0.6407 ct=7.7917 rec=1.1843 | train/val/test=0.884/0.878/0.868 | c=0.999488
[Epoch 0267] loss=3.5148 cls=0.5489 smmd=0.6239 ct=7.7789 rec=1.1866 | train/val/test=0.884/0.878/0.871 | c=0.999488
[Epoch 0268] loss=3.4824 cls=0.5406 smmd=0.6101 ct=7.7684 rec=1.1876 | train/val/test=0.882/0.876/0.871 | c=0.999488
[Epoch 0269] loss=3.4469 cls=0.5342 smmd=0.5887 ct=7.7615 rec=1.1878 | train/val/test=0.885/0.878/0.870 | c=0.999488
[Epoch 0270] loss=3.4163 cls=0.5243 smmd=0.5780 ct=7.7598 rec=1.1888 | train/val/test=0.888/0.877/0.872 | c=0.999488
[Epoch 0271] loss=3.3783 cls=0.5145 smmd=0.5597 ct=7.7596 rec=1.1881 | train/val/test=0.886/0.875/0.872 | c=0.999488
[Epoch 0272] loss=3.3453 cls=0.5047 smmd=0.5457 ct=7.7629 rec=1.1885 | train/val/test=0.885/0.879/0.873 | c=0.999488
[Epoch 0273] loss=3.3171 cls=0.4944 smmd=0.5367 ct=7.7681 rec=1.1903 | train/val/test=0.886/0.878/0.874 | c=0.999488
[Epoch 0274] loss=3.2846 cls=0.4838 smmd=0.5250 ct=7.7701 rec=1.1906 | train/val/test=0.890/0.881/0.872 | c=0.999488
[Epoch 0275] loss=3.2389 cls=0.4692 smmd=0.5079 ct=7.7718 rec=1.1914 | train/val/test=0.892/0.883/0.878 | c=0.999488
[Epoch 0276] loss=3.2020 cls=0.4570 smmd=0.4956 ct=7.7708 rec=1.1910 | train/val/test=0.892/0.881/0.880 | c=0.999488
[Epoch 0277] loss=3.1702 cls=0.4487 smmd=0.4805 ct=7.7699 rec=1.1912 | train/val/test=0.892/0.883/0.883 | c=0.999488
[Epoch 0278] loss=3.1388 cls=0.4421 smmd=0.4618 ct=7.7711 rec=1.1928 | train/val/test=0.890/0.881/0.881 | c=0.999488
[Epoch 0279] loss=3.1138 cls=0.4374 smmd=0.4464 ct=7.7707 rec=1.1923 | train/val/test=0.892/0.885/0.883 | c=0.999488
[Epoch 0280] loss=3.0915 cls=0.4298 smmd=0.4383 ct=7.7735 rec=1.1940 | train/val/test=0.889/0.880/0.877 | c=0.999488
[Epoch 0281] loss=3.0671 cls=0.4270 smmd=0.4204 ct=7.7721 rec=1.1918 | train/val/test=0.892/0.886/0.885 | c=0.999488
[Epoch 0282] loss=3.0512 cls=0.4232 smmd=0.4104 ct=7.7768 rec=1.1950 | train/val/test=0.886/0.874/0.874 | c=0.999488
[Epoch 0283] loss=3.0503 cls=0.4307 smmd=0.3962 ct=7.7720 rec=1.1916 | train/val/test=0.883/0.874/0.871 | c=0.999488
[Epoch 0284] loss=3.0959 cls=0.4491 smmd=0.4016 ct=7.7800 rec=1.2001 | train/val/test=0.859/0.847/0.851 | c=0.999488
[Epoch 0285] loss=3.1610 cls=0.4966 smmd=0.3769 ct=7.7664 rec=1.1880 | train/val/test=0.840/0.832/0.835 | c=0.999488
[Epoch 0286] loss=3.5872 cls=0.6918 smmd=0.4019 ct=7.7923 rec=1.2169 | train/val/test=0.810/0.789/0.794 | c=0.999488
[Epoch 0287] loss=3.6272 cls=0.7324 smmd=0.3696 ct=7.7719 rec=1.1919 | train/val/test=0.802/0.787/0.796 | c=0.999488
[Epoch 0288] loss=4.8905 cls=1.3034 smmd=0.4670 ct=7.8420 rec=1.2411 | train/val/test=0.888/0.877/0.872 | c=0.999488
[Epoch 0289] loss=3.0568 cls=0.4373 smmd=0.3846 ct=7.8010 rec=1.1868 | train/val/test=0.416/0.399/0.399 | c=0.999488
[Epoch 0290] loss=9.1565 cls=3.4471 smmd=0.4485 ct=7.8356 rec=1.2338 | train/val/test=0.483/0.477/0.475 | c=0.999488
[Epoch 0291] loss=25.3594 cls=10.7755 smmd=1.9013 ct=8.1488 rec=1.3867 | train/val/test=0.561/0.551/0.554 | c=0.999488
[Epoch 0292] loss=32.3473 cls=13.5709 smmd=3.2796 ct=8.2199 rec=1.4099 | train/val/test=0.476/0.467/0.467 | c=0.999488
[Epoch 0293] loss=33.4567 cls=13.7425 smmd=4.0460 ct=8.2422 rec=1.3866 | train/val/test=0.529/0.528/0.524 | c=0.999488
[Epoch 0294] loss=31.5030 cls=12.5498 smmd=4.4932 ct=8.2438 rec=1.3070 | train/val/test=0.507/0.494/0.510 | c=0.999488
[Epoch 0295] loss=29.5517 cls=11.4308 smmd=4.7841 ct=8.2382 rec=1.2914 | train/val/test=0.529/0.525/0.539 | c=0.999488
[Epoch 0296] loss=25.3470 cls=9.2417 smmd=4.9455 ct=8.2348 rec=1.3561 | train/val/test=0.552/0.540/0.569 | c=0.999488
[Epoch 0297] loss=20.7571 cls=6.8830 smmd=5.0720 ct=8.2294 rec=1.3666 | train/val/test=0.224/0.206/0.210 | c=0.999488
[Epoch 0298] loss=20.5963 cls=6.7469 smmd=5.1775 ct=8.2263 rec=1.3992 | train/val/test=0.320/0.308/0.300 | c=0.999488
[Epoch 0299] loss=20.7553 cls=6.8020 smmd=5.2273 ct=8.2300 rec=1.3903 | train/val/test=0.612/0.601/0.594 | c=0.999488
[Epoch 0300] loss=19.0274 cls=5.9575 smmd=5.2088 ct=8.2338 rec=1.2846 | train/val/test=0.651/0.632/0.643 | c=0.999488
[Epoch 0301] loss=17.4725 cls=5.2054 smmd=5.1598 ct=8.2384 rec=1.2717 | train/val/test=0.654/0.633/0.642 | c=0.999488
[Epoch 0302] loss=16.0536 cls=4.5313 smmd=5.0840 ct=8.2457 rec=1.2889 | train/val/test=0.678/0.660/0.664 | c=0.999488
[Epoch 0303] loss=14.0453 cls=3.5675 smmd=5.0044 ct=8.2555 rec=1.2737 | train/val/test=0.525/0.513/0.506 | c=0.999488
[Epoch 0304] loss=12.4277 cls=2.8081 smmd=4.8915 ct=8.2638 rec=1.3363 | train/val/test=0.607/0.582/0.610 | c=0.999488
[Epoch 0305] loss=10.3365 cls=1.8355 smmd=4.7636 ct=8.2623 rec=1.2473 | train/val/test=0.551/0.543/0.542 | c=0.999488
[Epoch 0306] loss=11.4953 cls=2.4896 smmd=4.6219 ct=8.2563 rec=1.2149 | train/val/test=0.601/0.592/0.598 | c=0.999488
[Epoch 0307] loss=10.6212 cls=2.1425 smmd=4.4435 ct=8.2469 rec=1.2161 | train/val/test=0.689/0.687/0.684 | c=0.999488
[Epoch 0308] loss=9.3236 cls=1.5940 smmd=4.2446 ct=8.2362 rec=1.2186 | train/val/test=0.732/0.726/0.735 | c=0.999488
[Epoch 0309] loss=8.2066 cls=1.1419 smmd=4.0358 ct=8.2256 rec=1.2089 | train/val/test=0.700/0.689/0.692 | c=0.999488
[Epoch 0310] loss=9.1205 cls=1.7027 smmd=3.8265 ct=8.2142 rec=1.2287 | train/val/test=0.707/0.700/0.694 | c=0.999488
[Epoch 0311] loss=8.6705 cls=1.5872 smmd=3.6110 ct=8.1945 rec=1.2308 | train/val/test=0.798/0.795/0.794 | c=0.999488
[Epoch 0312] loss=8.1199 cls=1.4358 smmd=3.3739 ct=8.1664 rec=1.2056 | train/val/test=0.784/0.775/0.775 | c=0.999488
[Epoch 0313] loss=8.0329 cls=1.5122 smmd=3.1421 ct=8.1363 rec=1.1956 | train/val/test=0.775/0.768/0.762 | c=0.999488
[Epoch 0314] loss=7.9187 cls=1.5872 smmd=2.8845 ct=8.1072 rec=1.1911 | train/val/test=0.788/0.777/0.770 | c=0.999488
[Epoch 0315] loss=7.5013 cls=1.5245 smmd=2.5997 ct=8.0768 rec=1.1860 | train/val/test=0.812/0.804/0.790 | c=0.999488
[Epoch 0316] loss=6.7682 cls=1.3148 smmd=2.2943 ct=8.0409 rec=1.1801 | train/val/test=0.830/0.815/0.810 | c=0.999488
[Epoch 0317] loss=5.8464 cls=1.0149 smmd=1.9815 ct=7.9971 rec=1.1780 | train/val/test=0.848/0.844/0.836 | c=0.999488
[Epoch 0318] loss=5.2328 cls=0.8346 smmd=1.7370 ct=7.9488 rec=1.1844 | train/val/test=0.778/0.767/0.774 | c=0.999488
[Epoch 0319] loss=5.6768 cls=1.1494 smmd=1.5599 ct=7.9048 rec=1.1854 | train/val/test=0.786/0.774/0.782 | c=0.999488
[Epoch 0320] loss=5.5670 cls=1.1768 smmd=1.4043 ct=7.8620 rec=1.1830 | train/val/test=0.846/0.847/0.839 | c=0.999488
[Epoch 0321] loss=4.8586 cls=0.9021 smmd=1.2505 ct=7.8274 rec=1.1918 | train/val/test=0.853/0.843/0.843 | c=0.999488
[Epoch 0322] loss=4.7585 cls=0.9015 smmd=1.1517 ct=7.8232 rec=1.1961 | train/val/test=0.853/0.844/0.841 | c=0.999488
[Epoch 0323] loss=4.8250 cls=0.9623 smmd=1.0934 ct=7.8456 rec=1.1901 | train/val/test=0.848/0.841/0.832 | c=0.999488
[Epoch 0324] loss=4.8243 cls=0.9738 smmd=1.0640 ct=7.8807 rec=1.1836 | train/val/test=0.846/0.831/0.824 | c=0.999488
[Epoch 0325] loss=4.7875 cls=0.9669 smmd=1.0358 ct=7.9107 rec=1.1792 | train/val/test=0.841/0.831/0.824 | c=0.999488
[Epoch 0326] loss=4.6723 cls=0.9202 smmd=1.0120 ct=7.9203 rec=1.1794 | train/val/test=0.846/0.840/0.835 | c=0.999488
[Epoch 0327] loss=4.4208 cls=0.8197 smmd=0.9645 ct=7.9030 rec=1.1822 | train/val/test=0.871/0.868/0.861 | c=0.999488
[Epoch 0328] loss=4.1751 cls=0.7199 smmd=0.9258 ct=7.8659 rec=1.1810 | train/val/test=0.857/0.850/0.847 | c=0.999488
[Epoch 0329] loss=4.2307 cls=0.7574 smmd=0.9132 ct=7.8311 rec=1.1825 | train/val/test=0.842/0.839/0.828 | c=0.999488
[Epoch 0330] loss=4.3278 cls=0.8069 smmd=0.9149 ct=7.8084 rec=1.1875 | train/val/test=0.857/0.851/0.845 | c=0.999488
[Epoch 0331] loss=4.2030 cls=0.7558 smmd=0.8941 ct=7.7963 rec=1.1904 | train/val/test=0.878/0.872/0.862 | c=0.999488
[Epoch 0332] loss=3.9899 cls=0.6673 smmd=0.8585 ct=7.7948 rec=1.1887 | train/val/test=0.881/0.875/0.875 | c=0.999488
[Epoch 0333] loss=3.8802 cls=0.6313 smmd=0.8202 ct=7.8028 rec=1.1846 | train/val/test=0.874/0.868/0.863 | c=0.999488
[Epoch 0334] loss=3.8855 cls=0.6410 smmd=0.8043 ct=7.8124 rec=1.1829 | train/val/test=0.871/0.860/0.858 | c=0.999488
[Epoch 0335] loss=3.8860 cls=0.6509 smmd=0.7848 ct=7.8148 rec=1.1820 | train/val/test=0.868/0.854/0.853 | c=0.999488
[Epoch 0336] loss=3.8610 cls=0.6516 smmd=0.7600 ct=7.8076 rec=1.1818 | train/val/test=0.880/0.864/0.862 | c=0.999488
[Epoch 0337] loss=3.7550 cls=0.6172 smmd=0.7254 ct=7.7931 rec=1.1826 | train/val/test=0.888/0.875/0.870 | c=0.999488
[Epoch 0338] loss=3.6365 cls=0.5701 smmd=0.7036 ct=7.7789 rec=1.1841 | train/val/test=0.886/0.877/0.872 | c=0.999488
[Epoch 0339] loss=3.6088 cls=0.5610 smmd=0.6949 ct=7.7719 rec=1.1879 | train/val/test=0.881/0.871/0.871 | c=0.999488
[Epoch 0340] loss=3.6224 cls=0.5715 smmd=0.6869 ct=7.7710 rec=1.1918 | train/val/test=0.881/0.869/0.868 | c=0.999488
[Epoch 0341] loss=3.5913 cls=0.5624 smmd=0.6737 ct=7.7720 rec=1.1917 | train/val/test=0.885/0.872/0.869 | c=0.999488
[Epoch 0342] loss=3.5178 cls=0.5374 smmd=0.6502 ct=7.7756 rec=1.1881 | train/val/test=0.888/0.873/0.870 | c=0.999488
[Epoch 0343] loss=3.4592 cls=0.5215 smmd=0.6223 ct=7.7843 rec=1.1848 | train/val/test=0.890/0.876/0.870 | c=0.999488
[Epoch 0344] loss=3.4307 cls=0.5176 smmd=0.5994 ct=7.7968 rec=1.1837 | train/val/test=0.893/0.879/0.875 | c=0.999488
[Epoch 0345] loss=3.4051 cls=0.5141 smmd=0.5785 ct=7.8071 rec=1.1850 | train/val/test=0.891/0.880/0.877 | c=0.999488
[Epoch 0346] loss=3.3897 cls=0.5093 smmd=0.5716 ct=7.8095 rec=1.1880 | train/val/test=0.892/0.881/0.879 | c=0.999488
[Epoch 0347] loss=3.3416 cls=0.4997 smmd=0.5441 ct=7.8012 rec=1.1892 | train/val/test=0.897/0.885/0.880 | c=0.999488
[Epoch 0348] loss=3.3047 cls=0.4886 smmd=0.5329 ct=7.7851 rec=1.1882 | train/val/test=0.893/0.884/0.876 | c=0.999488
[Epoch 0349] loss=3.2834 cls=0.4872 smmd=0.5177 ct=7.7690 rec=1.1878 | train/val/test=0.889/0.878/0.875 | c=0.999488
[Epoch 0350] loss=3.2703 cls=0.4878 smmd=0.5053 ct=7.7591 rec=1.1879 | train/val/test=0.889/0.877/0.872 | c=0.999488
[Epoch 0351] loss=3.2399 cls=0.4794 smmd=0.4916 ct=7.7583 rec=1.1891 | train/val/test=0.892/0.880/0.879 | c=0.999488
[Epoch 0352] loss=3.2053 cls=0.4646 smmd=0.4849 ct=7.7646 rec=1.1917 | train/val/test=0.895/0.881/0.878 | c=0.999488
[Epoch 0353] loss=3.1717 cls=0.4478 smmd=0.4833 ct=7.7727 rec=1.1921 | train/val/test=0.899/0.884/0.879 | c=0.999488
[Epoch 0354] loss=3.1485 cls=0.4365 smmd=0.4817 ct=7.7791 rec=1.1896 | train/val/test=0.897/0.881/0.881 | c=0.999488
[Epoch 0355] loss=3.1432 cls=0.4335 smmd=0.4820 ct=7.7830 rec=1.1880 | train/val/test=0.897/0.883/0.881 | c=0.999488
[Epoch 0356] loss=3.1257 cls=0.4285 smmd=0.4745 ct=7.7831 rec=1.1881 | train/val/test=0.899/0.885/0.881 | c=0.999488
[Epoch 0357] loss=3.0871 cls=0.4207 smmd=0.4518 ct=7.7792 rec=1.1901 | train/val/test=0.898/0.885/0.880 | c=0.999488
[Epoch 0358] loss=3.0659 cls=0.4169 smmd=0.4392 ct=7.7717 rec=1.1926 | train/val/test=0.897/0.883/0.878 | c=0.999488
[Epoch 0359] loss=3.0444 cls=0.4145 smmd=0.4247 ct=7.7615 rec=1.1924 | train/val/test=0.896/0.882/0.880 | c=0.999488
[Epoch 0360] loss=3.0302 cls=0.4126 smmd=0.4163 ct=7.7529 rec=1.1910 | train/val/test=0.896/0.883/0.878 | c=0.999488
[Epoch 0361] loss=3.0161 cls=0.4097 smmd=0.4086 ct=7.7501 rec=1.1907 | train/val/test=0.897/0.883/0.883 | c=0.999488
[Epoch 0362] loss=2.9920 cls=0.4019 smmd=0.3990 ct=7.7541 rec=1.1912 | train/val/test=0.900/0.887/0.883 | c=0.999488
[Epoch 0363] loss=2.9711 cls=0.3935 smmd=0.3932 ct=7.7626 rec=1.1925 | train/val/test=0.900/0.887/0.885 | c=0.999488
[Epoch 0364] loss=2.9530 cls=0.3880 smmd=0.3841 ct=7.7708 rec=1.1935 | train/val/test=0.900/0.888/0.883 | c=0.999488
[Epoch 0365] loss=2.9348 cls=0.3828 smmd=0.3759 ct=7.7741 rec=1.1925 | train/val/test=0.900/0.889/0.882 | c=0.999488
[Epoch 0366] loss=2.9182 cls=0.3776 smmd=0.3704 ct=7.7723 rec=1.1911 | train/val/test=0.900/0.885/0.885 | c=0.999488
[Epoch 0367] loss=2.9017 cls=0.3720 smmd=0.3659 ct=7.7675 rec=1.1913 | train/val/test=0.900/0.885/0.884 | c=0.999488
[Epoch 0368] loss=2.8805 cls=0.3672 smmd=0.3552 ct=7.7621 rec=1.1929 | train/val/test=0.901/0.886/0.886 | c=0.999488
[Epoch 0369] loss=2.8680 cls=0.3646 smmd=0.3484 ct=7.7575 rec=1.1945 | train/val/test=0.900/0.885/0.886 | c=0.999488
[Epoch 0370] loss=2.8527 cls=0.3621 smmd=0.3388 ct=7.7538 rec=1.1947 | train/val/test=0.900/0.886/0.884 | c=0.999488
[Epoch 0371] loss=2.8385 cls=0.3584 smmd=0.3327 ct=7.7516 rec=1.1937 | train/val/test=0.902/0.886/0.885 | c=0.999488
[Epoch 0372] loss=2.8252 cls=0.3540 smmd=0.3280 ct=7.7523 rec=1.1932 | train/val/test=0.903/0.888/0.889 | c=0.999488
[Epoch 0373] loss=2.8097 cls=0.3495 smmd=0.3209 ct=7.7553 rec=1.1936 | train/val/test=0.904/0.887/0.891 | c=0.999488
[Epoch 0374] loss=2.7989 cls=0.3459 smmd=0.3164 ct=7.7584 rec=1.1948 | train/val/test=0.906/0.889/0.892 | c=0.999488
[Epoch 0375] loss=2.7857 cls=0.3430 smmd=0.3089 ct=7.7586 rec=1.1957 | train/val/test=0.905/0.888/0.892 | c=0.999488
[Epoch 0376] loss=2.7699 cls=0.3398 smmd=0.3004 ct=7.7546 rec=1.1954 | train/val/test=0.905/0.888/0.889 | c=0.999488
[Epoch 0377] loss=2.7588 cls=0.3374 smmd=0.2954 ct=7.7489 rec=1.1949 | train/val/test=0.904/0.888/0.885 | c=0.999488
[Epoch 0378] loss=2.7497 cls=0.3352 smmd=0.2914 ct=7.7445 rec=1.1952 | train/val/test=0.905/0.889/0.889 | c=0.999488
[Epoch 0379] loss=2.7382 cls=0.3324 smmd=0.2855 ct=7.7432 rec=1.1963 | train/val/test=0.906/0.888/0.890 | c=0.999488
[Epoch 0380] loss=2.7283 cls=0.3294 smmd=0.2813 ct=7.7444 rec=1.1971 | train/val/test=0.906/0.888/0.892 | c=0.999488
[Epoch 0381] loss=2.7153 cls=0.3262 smmd=0.2743 ct=7.7464 rec=1.1970 | train/val/test=0.906/0.889/0.891 | c=0.999488
[Epoch 0382] loss=2.7035 cls=0.3237 smmd=0.2673 ct=7.7482 rec=1.1964 | train/val/test=0.907/0.891/0.891 | c=0.999488
[Epoch 0383] loss=2.6966 cls=0.3217 smmd=0.2640 ct=7.7491 rec=1.1962 | train/val/test=0.907/0.890/0.893 | c=0.999488
[Epoch 0384] loss=2.6847 cls=0.3193 smmd=0.2570 ct=7.7486 rec=1.1968 | train/val/test=0.908/0.889/0.894 | c=0.999488
[Epoch 0385] loss=2.6761 cls=0.3171 smmd=0.2532 ct=7.7462 rec=1.1975 | train/val/test=0.908/0.891/0.893 | c=0.999488
[Epoch 0386] loss=2.6675 cls=0.3152 smmd=0.2490 ct=7.7425 rec=1.1978 | train/val/test=0.908/0.889/0.892 | c=0.999488
[Epoch 0387] loss=2.6573 cls=0.3135 smmd=0.2430 ct=7.7391 rec=1.1975 | train/val/test=0.909/0.889/0.889 | c=0.999488
[Epoch 0388] loss=2.6494 cls=0.3116 smmd=0.2392 ct=7.7378 rec=1.1973 | train/val/test=0.909/0.890/0.892 | c=0.999488
[Epoch 0389] loss=2.6380 cls=0.3091 smmd=0.2324 ct=7.7390 rec=1.1977 | train/val/test=0.909/0.892/0.895 | c=0.999488
[Epoch 0390] loss=2.6332 cls=0.3067 smmd=0.2317 ct=7.7414 rec=1.1984 | train/val/test=0.909/0.892/0.895 | c=0.999488
[Epoch 0391] loss=2.6240 cls=0.3049 smmd=0.2260 ct=7.7429 rec=1.1986 | train/val/test=0.909/0.893/0.894 | c=0.999488
[Epoch 0392] loss=2.6146 cls=0.3031 smmd=0.2201 ct=7.7426 rec=1.1983 | train/val/test=0.910/0.893/0.893 | c=0.999488
[Epoch 0393] loss=2.6109 cls=0.3016 smmd=0.2199 ct=7.7409 rec=1.1981 | train/val/test=0.910/0.892/0.894 | c=0.999488
[Epoch 0394] loss=2.6028 cls=0.3000 smmd=0.2152 ct=7.7391 rec=1.1983 | train/val/test=0.910/0.892/0.894 | c=0.999488
[Epoch 0395] loss=2.5966 cls=0.2986 smmd=0.2120 ct=7.7379 rec=1.1988 | train/val/test=0.911/0.892/0.894 | c=0.999488
[Epoch 0396] loss=2.5865 cls=0.2971 smmd=0.2050 ct=7.7375 rec=1.1990 | train/val/test=0.910/0.892/0.894 | c=0.999488
[Epoch 0397] loss=2.5840 cls=0.2955 smmd=0.2056 ct=7.7381 rec=1.1989 | train/val/test=0.911/0.893/0.893 | c=0.999488
[Epoch 0398] loss=2.5764 cls=0.2939 smmd=0.2009 ct=7.7395 rec=1.1988 | train/val/test=0.911/0.892/0.894 | c=0.999488
[Epoch 0399] loss=2.5705 cls=0.2924 smmd=0.1976 ct=7.7408 rec=1.1990 | train/val/test=0.911/0.892/0.895 | c=0.999488
[Epoch 0400] loss=2.5638 cls=0.2911 smmd=0.1935 ct=7.7409 rec=1.1995 | train/val/test=0.911/0.892/0.894 | c=0.999488
[Epoch 0401] loss=2.5600 cls=0.2899 smmd=0.1923 ct=7.7395 rec=1.1997 | train/val/test=0.911/0.892/0.894 | c=0.999488
[Epoch 0402] loss=2.5534 cls=0.2889 smmd=0.1881 ct=7.7376 rec=1.1996 | train/val/test=0.911/0.893/0.893 | c=0.999488
[Epoch 0403] loss=2.5474 cls=0.2879 smmd=0.1843 ct=7.7365 rec=1.1995 | train/val/test=0.912/0.892/0.894 | c=0.999488
[Epoch 0404] loss=2.5406 cls=0.2868 smmd=0.1798 ct=7.7366 rec=1.1997 | train/val/test=0.912/0.892/0.894 | c=0.999488
[Epoch 0405] loss=2.5422 cls=0.2857 smmd=0.1834 ct=7.7374 rec=1.2001 | train/val/test=0.912/0.892/0.895 | c=0.999488
[Epoch 0406] loss=2.5333 cls=0.2846 smmd=0.1764 ct=7.7379 rec=1.2003 | train/val/test=0.912/0.891/0.895 | c=0.999488
[Epoch 0407] loss=2.5293 cls=0.2837 smmd=0.1743 ct=7.7378 rec=1.2003 | train/val/test=0.912/0.892/0.893 | c=0.999488
[Epoch 0408] loss=2.5241 cls=0.2828 smmd=0.1711 ct=7.7369 rec=1.2003 | train/val/test=0.912/0.892/0.893 | c=0.999488
[Epoch 0409] loss=2.5200 cls=0.2819 smmd=0.1689 ct=7.7356 rec=1.2006 | train/val/test=0.912/0.893/0.894 | c=0.999488
[Epoch 0410] loss=2.5169 cls=0.2812 smmd=0.1675 ct=7.7343 rec=1.2009 | train/val/test=0.913/0.894/0.895 | c=0.999488
[Epoch 0411] loss=2.5114 cls=0.2804 smmd=0.1637 ct=7.7337 rec=1.2011 | train/val/test=0.912/0.893/0.894 | c=0.999488
[Epoch 0412] loss=2.5088 cls=0.2796 smmd=0.1626 ct=7.7339 rec=1.2011 | train/val/test=0.913/0.892/0.894 | c=0.999488
[Epoch 0413] loss=2.5019 cls=0.2788 smmd=0.1571 ct=7.7345 rec=1.2012 | train/val/test=0.913/0.892/0.895 | c=0.999488
[Epoch 0414] loss=2.5002 cls=0.2781 smmd=0.1568 ct=7.7346 rec=1.2014 | train/val/test=0.913/0.893/0.895 | c=0.999488
[Epoch 0415] loss=2.4989 cls=0.2775 smmd=0.1569 ct=7.7340 rec=1.2017 | train/val/test=0.913/0.893/0.895 | c=0.999488
[Epoch 0416] loss=2.4936 cls=0.2768 smmd=0.1531 ct=7.7329 rec=1.2018 | train/val/test=0.913/0.895/0.893 | c=0.999488
[Epoch 0417] loss=2.4921 cls=0.2762 smmd=0.1530 ct=7.7321 rec=1.2018 | train/val/test=0.913/0.894/0.894 | c=0.999488
[Epoch 0418] loss=2.4875 cls=0.2756 smmd=0.1496 ct=7.7317 rec=1.2020 | train/val/test=0.914/0.893/0.894 | c=0.999488
[Epoch 0419] loss=2.4839 cls=0.2750 smmd=0.1472 ct=7.7316 rec=1.2022 | train/val/test=0.914/0.893/0.896 | c=0.999488
[Epoch 0420] loss=2.4809 cls=0.2744 smmd=0.1453 ct=7.7314 rec=1.2023 | train/val/test=0.914/0.893/0.896 | c=0.999488
[Epoch 0421] loss=2.4778 cls=0.2739 smmd=0.1434 ct=7.7310 rec=1.2024 | train/val/test=0.914/0.893/0.894 | c=0.999488
[Epoch 0422] loss=2.4768 cls=0.2733 smmd=0.1437 ct=7.7302 rec=1.2024 | train/val/test=0.914/0.894/0.895 | c=0.999488
[Epoch 0423] loss=2.4712 cls=0.2728 smmd=0.1392 ct=7.7293 rec=1.2026 | train/val/test=0.914/0.893/0.895 | c=0.999488
[Epoch 0424] loss=2.4712 cls=0.2723 smmd=0.1402 ct=7.7287 rec=1.2027 | train/val/test=0.915/0.893/0.895 | c=0.999488
[Epoch 0425] loss=2.4692 cls=0.2718 smmd=0.1393 ct=7.7288 rec=1.2028 | train/val/test=0.915/0.893/0.895 | c=0.999488
[Epoch 0426] loss=2.4666 cls=0.2713 smmd=0.1376 ct=7.7290 rec=1.2028 | train/val/test=0.915/0.892/0.895 | c=0.999488
[Epoch 0427] loss=2.4625 cls=0.2709 smmd=0.1344 ct=7.7290 rec=1.2029 | train/val/test=0.915/0.893/0.896 | c=0.999488
[Epoch 0428] loss=2.4616 cls=0.2704 smmd=0.1345 ct=7.7285 rec=1.2030 | train/val/test=0.916/0.893/0.895 | c=0.999488
[Epoch 0429] loss=2.4608 cls=0.2699 smmd=0.1347 ct=7.7278 rec=1.2031 | train/val/test=0.915/0.893/0.895 | c=0.999488
[Epoch 0430] loss=2.4570 cls=0.2695 smmd=0.1320 ct=7.7271 rec=1.2031 | train/val/test=0.916/0.894/0.896 | c=0.999488
[Epoch 0431] loss=2.4544 cls=0.2691 smmd=0.1303 ct=7.7264 rec=1.2032 | train/val/test=0.916/0.893/0.897 | c=0.999488
[Epoch 0432] loss=2.4546 cls=0.2687 smmd=0.1314 ct=7.7261 rec=1.2033 | train/val/test=0.916/0.893/0.896 | c=0.999488
[Epoch 0433] loss=2.4500 cls=0.2683 smmd=0.1275 ct=7.7261 rec=1.2034 | train/val/test=0.916/0.893/0.896 | c=0.999488
[Epoch 0434] loss=2.4489 cls=0.2679 smmd=0.1273 ct=7.7259 rec=1.2034 | train/val/test=0.915/0.893/0.896 | c=0.999488
[Epoch 0435] loss=2.4492 cls=0.2675 smmd=0.1286 ct=7.7252 rec=1.2033 | train/val/test=0.916/0.893/0.897 | c=0.999488
[Epoch 0436] loss=2.4467 cls=0.2671 smmd=0.1270 ct=7.7245 rec=1.2034 | train/val/test=0.916/0.893/0.897 | c=0.999488
[Epoch 0437] loss=2.4433 cls=0.2667 smmd=0.1243 ct=7.7241 rec=1.2035 | train/val/test=0.916/0.893/0.897 | c=0.999488
[Epoch 0438] loss=2.4413 cls=0.2663 smmd=0.1232 ct=7.7240 rec=1.2035 | train/val/test=0.916/0.893/0.897 | c=0.999488
[Epoch 0439] loss=2.4404 cls=0.2660 smmd=0.1230 ct=7.7237 rec=1.2035 | train/val/test=0.916/0.893/0.897 | c=0.999488
[Epoch 0440] loss=2.4398 cls=0.2656 smmd=0.1232 ct=7.7232 rec=1.2035 | train/val/test=0.917/0.893/0.898 | c=0.999488
[Epoch 0441] loss=2.4369 cls=0.2652 smmd=0.1212 ct=7.7229 rec=1.2036 | train/val/test=0.917/0.894/0.899 | c=0.999488
[Epoch 0442] loss=2.4355 cls=0.2649 smmd=0.1205 ct=7.7224 rec=1.2036 | train/val/test=0.917/0.894/0.899 | c=0.999488
[Epoch 0443] loss=2.4350 cls=0.2645 smmd=0.1208 ct=7.7218 rec=1.2036 | train/val/test=0.917/0.894/0.898 | c=0.999488
[Epoch 0444] loss=2.4320 cls=0.2642 smmd=0.1186 ct=7.7213 rec=1.2036 | train/val/test=0.917/0.895/0.899 | c=0.999488
[Epoch 0445] loss=2.4315 cls=0.2639 smmd=0.1188 ct=7.7210 rec=1.2037 | train/val/test=0.918/0.895/0.899 | c=0.999488
[Epoch 0446] loss=2.4296 cls=0.2635 smmd=0.1178 ct=7.7205 rec=1.2037 | train/val/test=0.918/0.895/0.899 | c=0.999488
[Epoch 0447] loss=2.4289 cls=0.2632 smmd=0.1178 ct=7.7199 rec=1.2037 | train/val/test=0.918/0.895/0.899 | c=0.999488
[Epoch 0448] loss=2.4270 cls=0.2629 smmd=0.1166 ct=7.7195 rec=1.2037 | train/val/test=0.918/0.895/0.899 | c=0.999488
[Epoch 0449] loss=2.4261 cls=0.2625 smmd=0.1165 ct=7.7192 rec=1.2037 | train/val/test=0.918/0.895/0.899 | c=0.999488
[Epoch 0450] loss=2.4246 cls=0.2622 smmd=0.1157 ct=7.7189 rec=1.2038 | train/val/test=0.919/0.896/0.899 | c=0.999488
[Epoch 0451] loss=2.4227 cls=0.2619 smmd=0.1145 ct=7.7184 rec=1.2038 | train/val/test=0.919/0.895/0.899 | c=0.999488
[Epoch 0452] loss=2.4210 cls=0.2616 smmd=0.1135 ct=7.7178 rec=1.2038 | train/val/test=0.919/0.896/0.899 | c=0.999488
[Epoch 0453] loss=2.4213 cls=0.2612 smmd=0.1146 ct=7.7173 rec=1.2038 | train/val/test=0.919/0.896/0.899 | c=0.999488
[Epoch 0454] loss=2.4190 cls=0.2609 smmd=0.1130 ct=7.7167 rec=1.2039 | train/val/test=0.919/0.896/0.899 | c=0.999488
[Epoch 0455] loss=2.4193 cls=0.2606 smmd=0.1141 ct=7.7163 rec=1.2039 | train/val/test=0.919/0.895/0.899 | c=0.999488
[Epoch 0456] loss=2.4186 cls=0.2603 smmd=0.1140 ct=7.7158 rec=1.2039 | train/val/test=0.919/0.895/0.899 | c=0.999488
[Epoch 0457] loss=2.4171 cls=0.2600 smmd=0.1132 ct=7.7153 rec=1.2039 | train/val/test=0.919/0.896/0.899 | c=0.999488
[Epoch 0458] loss=2.4145 cls=0.2597 smmd=0.1114 ct=7.7149 rec=1.2039 | train/val/test=0.919/0.896/0.899 | c=0.999488
[Epoch 0459] loss=2.4155 cls=0.2594 smmd=0.1131 ct=7.7145 rec=1.2039 | train/val/test=0.920/0.895/0.899 | c=0.999488
[Epoch 0460] loss=2.4138 cls=0.2591 smmd=0.1121 ct=7.7142 rec=1.2039 | train/val/test=0.920/0.895/0.899 | c=0.999488
[Epoch 0461] loss=2.4143 cls=0.2588 smmd=0.1131 ct=7.7138 rec=1.2039 | train/val/test=0.920/0.895/0.899 | c=0.999488
[Epoch 0462] loss=2.4119 cls=0.2585 smmd=0.1114 ct=7.7136 rec=1.2040 | train/val/test=0.920/0.895/0.899 | c=0.999488
[Epoch 0463] loss=2.4113 cls=0.2582 smmd=0.1115 ct=7.7131 rec=1.2040 | train/val/test=0.920/0.895/0.899 | c=0.999488
[Epoch 0464] loss=2.4104 cls=0.2579 smmd=0.1113 ct=7.7123 rec=1.2040 | train/val/test=0.920/0.895/0.899 | c=0.999488
[Epoch 0465] loss=2.4094 cls=0.2576 smmd=0.1110 ct=7.7118 rec=1.2040 | train/val/test=0.920/0.895/0.899 | c=0.999488
[Epoch 0466] loss=2.4081 cls=0.2573 smmd=0.1104 ct=7.7117 rec=1.2041 | train/val/test=0.920/0.895/0.899 | c=0.999488
[Epoch 0467] loss=2.4077 cls=0.2570 smmd=0.1106 ct=7.7113 rec=1.2041 | train/val/test=0.920/0.895/0.899 | c=0.999488
[Epoch 0468] loss=2.4068 cls=0.2568 smmd=0.1103 ct=7.7107 rec=1.2040 | train/val/test=0.920/0.895/0.899 | c=0.999488
[Epoch 0469] loss=2.4053 cls=0.2565 smmd=0.1095 ct=7.7102 rec=1.2041 | train/val/test=0.920/0.895/0.899 | c=0.999488
[Epoch 0470] loss=2.4044 cls=0.2562 smmd=0.1093 ct=7.7098 rec=1.2041 | train/val/test=0.920/0.895/0.899 | c=0.999488
[Epoch 0471] loss=2.4044 cls=0.2559 smmd=0.1099 ct=7.7093 rec=1.2041 | train/val/test=0.921/0.895/0.899 | c=0.999488
[Epoch 0472] loss=2.4036 cls=0.2556 smmd=0.1098 ct=7.7091 rec=1.2041 | train/val/test=0.921/0.895/0.899 | c=0.999488
[Epoch 0473] loss=2.4030 cls=0.2553 smmd=0.1098 ct=7.7088 rec=1.2041 | train/val/test=0.921/0.895/0.899 | c=0.999488
[Epoch 0474] loss=2.4025 cls=0.2550 smmd=0.1099 ct=7.7081 rec=1.2041 | train/val/test=0.921/0.895/0.899 | c=0.999488
[Epoch 0475] loss=2.4026 cls=0.2548 smmd=0.1107 ct=7.7076 rec=1.2041 | train/val/test=0.921/0.895/0.899 | c=0.999488
[Epoch 0476] loss=2.4010 cls=0.2545 smmd=0.1097 ct=7.7072 rec=1.2042 | train/val/test=0.921/0.895/0.899 | c=0.999488
[Epoch 0477] loss=2.3999 cls=0.2542 smmd=0.1092 ct=7.7069 rec=1.2042 | train/val/test=0.921/0.895/0.899 | c=0.999488
[Epoch 0478] loss=2.3995 cls=0.2539 smmd=0.1095 ct=7.7064 rec=1.2042 | train/val/test=0.921/0.895/0.899 | c=0.999488
[Epoch 0479] loss=2.3990 cls=0.2537 smmd=0.1097 ct=7.7059 rec=1.2041 | train/val/test=0.921/0.895/0.900 | c=0.999488
[Epoch 0480] loss=2.3983 cls=0.2534 smmd=0.1096 ct=7.7055 rec=1.2042 | train/val/test=0.921/0.895/0.900 | c=0.999488
[Epoch 0481] loss=2.3978 cls=0.2531 smmd=0.1097 ct=7.7052 rec=1.2042 | train/val/test=0.921/0.895/0.900 | c=0.999488
[Epoch 0482] loss=2.3967 cls=0.2529 smmd=0.1091 ct=7.7049 rec=1.2042 | train/val/test=0.922/0.895/0.900 | c=0.999488
[Epoch 0483] loss=2.3959 cls=0.2526 smmd=0.1089 ct=7.7046 rec=1.2042 | train/val/test=0.922/0.895/0.900 | c=0.999488
[Epoch 0484] loss=2.3956 cls=0.2523 smmd=0.1093 ct=7.7041 rec=1.2042 | train/val/test=0.922/0.895/0.900 | c=0.999488
[Epoch 0485] loss=2.3947 cls=0.2521 smmd=0.1091 ct=7.7035 rec=1.2042 | train/val/test=0.922/0.895/0.900 | c=0.999488
[Epoch 0486] loss=2.3945 cls=0.2518 smmd=0.1095 ct=7.7030 rec=1.2042 | train/val/test=0.922/0.895/0.900 | c=0.999488
[Epoch 0487] loss=2.3930 cls=0.2515 smmd=0.1086 ct=7.7024 rec=1.2042 | train/val/test=0.922/0.896/0.900 | c=0.999488
[Epoch 0488] loss=2.3941 cls=0.2513 smmd=0.1103 ct=7.7020 rec=1.2042 | train/val/test=0.922/0.896/0.901 | c=0.999488
[Epoch 0489] loss=2.3927 cls=0.2510 smmd=0.1095 ct=7.7018 rec=1.2042 | train/val/test=0.922/0.896/0.901 | c=0.999488
[Epoch 0490] loss=2.3920 cls=0.2507 smmd=0.1094 ct=7.7014 rec=1.2042 | train/val/test=0.922/0.896/0.901 | c=0.999488
[Epoch 0491] loss=2.3922 cls=0.2505 smmd=0.1102 ct=7.7010 rec=1.2042 | train/val/test=0.923/0.896/0.901 | c=0.999488
[Epoch 0492] loss=2.3911 cls=0.2502 smmd=0.1096 ct=7.7009 rec=1.2043 | train/val/test=0.922/0.896/0.901 | c=0.999488
[Epoch 0493] loss=2.3899 cls=0.2500 smmd=0.1090 ct=7.7005 rec=1.2042 | train/val/test=0.922/0.896/0.901 | c=0.999488
[Epoch 0494] loss=2.3897 cls=0.2497 smmd=0.1094 ct=7.7001 rec=1.2042 | train/val/test=0.923/0.896/0.901 | c=0.999488
[Epoch 0495] loss=2.3899 cls=0.2494 smmd=0.1102 ct=7.6997 rec=1.2042 | train/val/test=0.923/0.896/0.901 | c=0.999488
[Epoch 0496] loss=2.3889 cls=0.2492 smmd=0.1098 ct=7.6994 rec=1.2042 | train/val/test=0.923/0.895/0.901 | c=0.999488
[Epoch 0497] loss=2.3883 cls=0.2489 smmd=0.1098 ct=7.6990 rec=1.2042 | train/val/test=0.923/0.895/0.900 | c=0.999488
[Epoch 0498] loss=2.3883 cls=0.2487 smmd=0.1104 ct=7.6984 rec=1.2042 | train/val/test=0.923/0.895/0.901 | c=0.999488
[Epoch 0499] loss=2.3880 cls=0.2484 smmd=0.1106 ct=7.6980 rec=1.2042 | train/val/test=0.923/0.895/0.901 | c=0.999488
=== Best @ epoch 181: val=0.8967, test=0.8986 ===
[2025-09-20 03:30:38] END attempt 1: exit_code=0
