[2025-09-20 03:30:43] START attempt 1: python main.py --is_transfer True --test_dataset Computers --pretrained_model_name /mnt/data1/Graph/HypGraphLoRA/pre_trained_gnn/Cora.GRACE.GAT.hyp_True.True.20250912-232536.pth --few True --shot 5 --gpu_id 0
Parsed from filename: Pretrained backbone is Hyperbolic.
Pretrain dataset overridden by checkpoint: PubMed -> Cora
Split sizes | train=49, val=2740, test=10963 (mode=few, shot=5)
[Epoch 0000] loss=21.2678 cls=2.3041 smmd=5.4464 ct=10.9362 rec=1.3851 | train/val/test=0.102/0.168/0.158 | c=0.999488
[Epoch 0001] loss=19.2694 cls=2.2985 smmd=3.4626 ct=10.9328 rec=1.3851 | train/val/test=0.102/0.033/0.036 | c=0.999488
[Epoch 0002] loss=18.8034 cls=2.2947 smmd=3.0077 ct=10.9292 rec=1.3851 | train/val/test=0.143/0.056/0.050 | c=0.999488
[Epoch 0003] loss=19.0271 cls=2.2852 smmd=3.2583 ct=10.9214 rec=1.3851 | train/val/test=0.245/0.111/0.093 | c=0.999488
[Epoch 0004] loss=18.3531 cls=2.2700 smmd=2.6430 ct=10.8931 rec=1.3851 | train/val/test=0.510/0.284/0.273 | c=0.999488
[Epoch 0005] loss=17.3689 cls=2.2496 smmd=1.7855 ct=10.8073 rec=1.3851 | train/val/test=0.327/0.172/0.162 | c=0.999488
[Epoch 0006] loss=17.3680 cls=2.2242 smmd=1.8408 ct=10.8018 rec=1.3850 | train/val/test=0.633/0.601/0.626 | c=0.999488
[Epoch 0007] loss=17.1866 cls=2.1859 smmd=1.8554 ct=10.6823 rec=1.3849 | train/val/test=0.673/0.523/0.519 | c=0.999488
[Epoch 0008] loss=16.7515 cls=2.1437 smmd=1.5540 ct=10.6333 rec=1.3848 | train/val/test=0.612/0.603/0.617 | c=0.999488
[Epoch 0009] loss=16.2589 cls=2.0904 smmd=1.1902 ct=10.6111 rec=1.3844 | train/val/test=0.694/0.648/0.657 | c=0.999488
[Epoch 0010] loss=15.8217 cls=2.0296 smmd=0.9610 ct=10.5247 rec=1.3839 | train/val/test=0.735/0.609/0.618 | c=0.999488
[Epoch 0011] loss=15.6006 cls=1.9653 smmd=0.8930 ct=10.5003 rec=1.3832 | train/val/test=0.735/0.636/0.639 | c=0.999488
[Epoch 0012] loss=15.3664 cls=1.8913 smmd=0.8321 ct=10.4752 rec=1.3819 | train/val/test=0.714/0.660/0.670 | c=0.999488
[Epoch 0013] loss=15.0982 cls=1.8108 smmd=0.7350 ct=10.4657 rec=1.3800 | train/val/test=0.796/0.680/0.691 | c=0.999488
[Epoch 0014] loss=14.7967 cls=1.7270 smmd=0.6125 ct=10.4546 rec=1.3776 | train/val/test=0.878/0.693/0.694 | c=0.999488
[Epoch 0015] loss=14.4835 cls=1.6400 smmd=0.4956 ct=10.4330 rec=1.3747 | train/val/test=0.755/0.655/0.662 | c=0.999488
[Epoch 0016] loss=14.2682 cls=1.5566 smmd=0.4479 ct=10.4329 rec=1.3711 | train/val/test=0.714/0.663/0.669 | c=0.999488
[Epoch 0017] loss=14.0801 cls=1.4685 smmd=0.4367 ct=10.4332 rec=1.3662 | train/val/test=0.878/0.704/0.705 | c=0.999488
[Epoch 0018] loss=13.8821 cls=1.3780 smmd=0.4216 ct=10.4325 rec=1.3602 | train/val/test=0.918/0.715/0.719 | c=0.999488
[Epoch 0019] loss=13.6670 cls=1.2912 smmd=0.3825 ct=10.4314 rec=1.3540 | train/val/test=0.898/0.715/0.714 | c=0.999488
[Epoch 0020] loss=13.4484 cls=1.2106 smmd=0.3354 ct=10.4221 rec=1.3480 | train/val/test=0.898/0.710/0.707 | c=0.999488
[Epoch 0021] loss=13.2748 cls=1.1361 smmd=0.3172 ct=10.4172 rec=1.3414 | train/val/test=0.898/0.716/0.715 | c=0.999488
[Epoch 0022] loss=13.1270 cls=1.0607 smmd=0.3182 ct=10.4206 rec=1.3334 | train/val/test=0.918/0.728/0.727 | c=0.999488
[Epoch 0023] loss=12.9841 cls=0.9866 smmd=0.3216 ct=10.4243 rec=1.3250 | train/val/test=0.918/0.730/0.729 | c=0.999488
[Epoch 0024] loss=12.8410 cls=0.9186 smmd=0.3177 ct=10.4226 rec=1.3180 | train/val/test=0.918/0.730/0.725 | c=0.999488
[Epoch 0025] loss=12.7061 cls=0.8591 smmd=0.3086 ct=10.4169 rec=1.3121 | train/val/test=0.939/0.729/0.725 | c=0.999488
[Epoch 0026] loss=12.5815 cls=0.8038 smmd=0.2994 ct=10.4133 rec=1.3056 | train/val/test=0.939/0.734/0.730 | c=0.999488
[Epoch 0027] loss=12.4734 cls=0.7489 smmd=0.3012 ct=10.4147 rec=1.2980 | train/val/test=0.939/0.738/0.736 | c=0.999488
[Epoch 0028] loss=12.3719 cls=0.6966 smmd=0.3040 ct=10.4166 rec=1.2908 | train/val/test=0.959/0.741/0.737 | c=0.999488
[Epoch 0029] loss=12.2782 cls=0.6492 smmd=0.3078 ct=10.4151 rec=1.2851 | train/val/test=0.959/0.740/0.734 | c=0.999488
[Epoch 0030] loss=12.1870 cls=0.6072 smmd=0.3039 ct=10.4127 rec=1.2802 | train/val/test=0.959/0.742/0.735 | c=0.999488
[Epoch 0031] loss=12.1033 cls=0.5675 smmd=0.3014 ct=10.4119 rec=1.2747 | train/val/test=0.959/0.742/0.739 | c=0.999488
[Epoch 0032] loss=12.0304 cls=0.5305 smmd=0.3030 ct=10.4126 rec=1.2685 | train/val/test=0.959/0.746/0.741 | c=0.999488
[Epoch 0033] loss=11.9603 cls=0.4960 smmd=0.3039 ct=10.4117 rec=1.2629 | train/val/test=0.959/0.748/0.739 | c=0.999488
[Epoch 0034] loss=11.8903 cls=0.4640 smmd=0.3012 ct=10.4094 rec=1.2586 | train/val/test=0.959/0.745/0.738 | c=0.999488
[Epoch 0035] loss=11.8313 cls=0.4345 smmd=0.3030 ct=10.4084 rec=1.2550 | train/val/test=0.980/0.746/0.738 | c=0.999488
[Epoch 0036] loss=11.7685 cls=0.4070 smmd=0.2955 ct=10.4088 rec=1.2508 | train/val/test=0.980/0.748/0.739 | c=0.999488
[Epoch 0037] loss=11.7139 cls=0.3820 smmd=0.2918 ct=10.4088 rec=1.2459 | train/val/test=0.980/0.749/0.740 | c=0.999488
[Epoch 0038] loss=11.6636 cls=0.3593 smmd=0.2891 ct=10.4076 rec=1.2418 | train/val/test=0.980/0.747/0.742 | c=0.999488
[Epoch 0039] loss=11.6181 cls=0.3375 smmd=0.2896 ct=10.4057 rec=1.2390 | train/val/test=0.980/0.746/0.741 | c=0.999488
[Epoch 0040] loss=11.5688 cls=0.3170 smmd=0.2830 ct=10.4045 rec=1.2365 | train/val/test=1.000/0.748/0.743 | c=0.999488
[Epoch 0041] loss=12.2320 cls=0.2979 smmd=0.2788 ct=11.1107 rec=1.2330 | train/val/test=0.980/0.743/0.739 | c=0.999488
[Epoch 0042] loss=12.1393 cls=0.2838 smmd=0.2953 ct=11.0310 rec=1.2271 | train/val/test=0.980/0.741/0.734 | c=0.999488
[Epoch 0043] loss=12.1058 cls=0.2733 smmd=0.3595 ct=10.9548 rec=1.2240 | train/val/test=1.000/0.746/0.736 | c=0.999488
[Epoch 0044] loss=12.0866 cls=0.2556 smmd=0.4128 ct=10.9179 rec=1.2235 | train/val/test=1.000/0.749/0.740 | c=0.999488
[Epoch 0045] loss=12.0474 cls=0.2398 smmd=0.4015 ct=10.9217 rec=1.2230 | train/val/test=1.000/0.748/0.738 | c=0.999488
[Epoch 0046] loss=12.0018 cls=0.2268 smmd=0.3531 ct=10.9513 rec=1.2196 | train/val/test=1.000/0.743/0.736 | c=0.999488
[Epoch 0047] loss=11.9678 cls=0.2157 smmd=0.3046 ct=10.9887 rec=1.2153 | train/val/test=1.000/0.743/0.735 | c=0.999488
[Epoch 0048] loss=11.9358 cls=0.2025 smmd=0.2721 ct=11.0161 rec=1.2132 | train/val/test=1.000/0.746/0.738 | c=0.999488
[Epoch 0049] loss=11.9109 cls=0.1902 smmd=0.2675 ct=11.0204 rec=1.2131 | train/val/test=1.000/0.743/0.737 | c=0.999488
[Epoch 0050] loss=11.8807 cls=0.1822 smmd=0.2741 ct=10.9997 rec=1.2127 | train/val/test=1.000/0.739/0.735 | c=0.999488
[Epoch 0051] loss=11.8450 cls=0.1761 smmd=0.2817 ct=10.9690 rec=1.2104 | train/val/test=1.000/0.740/0.735 | c=0.999488
[Epoch 0052] loss=11.8164 cls=0.1674 smmd=0.2892 ct=10.9509 rec=1.2075 | train/val/test=1.000/0.742/0.736 | c=0.999488
[Epoch 0053] loss=11.7947 cls=0.1574 smmd=0.2896 ct=10.9490 rec=1.2062 | train/val/test=1.000/0.739/0.735 | c=0.999488
[Epoch 0054] loss=11.7710 cls=0.1504 smmd=0.2769 ct=10.9521 rec=1.2059 | train/val/test=1.000/0.733/0.731 | c=0.999488
[Epoch 0055] loss=11.7499 cls=0.1462 smmd=0.2610 ct=10.9555 rec=1.2054 | train/val/test=1.000/0.734/0.733 | c=0.999488
[Epoch 0056] loss=11.7246 cls=0.1401 smmd=0.2425 ct=10.9613 rec=1.2036 | train/val/test=1.000/0.739/0.734 | c=0.999488
[Epoch 0057] loss=11.7068 cls=0.1327 smmd=0.2340 ct=10.9671 rec=1.2021 | train/val/test=1.000/0.734/0.731 | c=0.999488
[Epoch 0058] loss=11.6860 cls=0.1274 smmd=0.2272 ct=10.9637 rec=1.2015 | train/val/test=1.000/0.731/0.728 | c=0.999488
[Epoch 0059] loss=11.6676 cls=0.1241 smmd=0.2263 ct=10.9527 rec=1.2013 | train/val/test=1.000/0.735/0.730 | c=0.999488
[Epoch 0060] loss=11.6528 cls=0.1198 smmd=0.2286 ct=10.9444 rec=1.2008 | train/val/test=1.000/0.735/0.731 | c=0.999488
[Epoch 0061] loss=11.6366 cls=0.1150 smmd=0.2256 ct=10.9410 rec=1.1998 | train/val/test=1.000/0.732/0.728 | c=0.999488
[Epoch 0062] loss=11.6200 cls=0.1115 smmd=0.2178 ct=10.9392 rec=1.1991 | train/val/test=1.000/0.730/0.727 | c=0.999488
[Epoch 0063] loss=11.6049 cls=0.1085 smmd=0.2098 ct=10.9383 rec=1.1990 | train/val/test=1.000/0.733/0.728 | c=0.999488
[Epoch 0064] loss=11.5916 cls=0.1053 smmd=0.2037 ct=10.9375 rec=1.1992 | train/val/test=1.000/0.730/0.728 | c=0.999488
[Epoch 0065] loss=11.5780 cls=0.1024 smmd=0.1983 ct=10.9351 rec=1.1988 | train/val/test=1.000/0.729/0.726 | c=0.999488
[Epoch 0066] loss=11.5660 cls=0.0997 smmd=0.1956 ct=10.9314 rec=1.1980 | train/val/test=1.000/0.730/0.726 | c=0.999488
[Epoch 0067] loss=11.5535 cls=0.0973 smmd=0.1900 ct=10.9293 rec=1.1981 | train/val/test=1.000/0.729/0.725 | c=0.999488
[Epoch 0068] loss=11.5441 cls=0.0954 smmd=0.1882 ct=10.9253 rec=1.1988 | train/val/test=1.000/0.728/0.725 | c=0.999488
[Epoch 0069] loss=11.5341 cls=0.0933 smmd=0.1869 ct=10.9209 rec=1.1984 | train/val/test=1.000/0.730/0.724 | c=0.999488
[Epoch 0070] loss=11.5263 cls=0.0909 smmd=0.1868 ct=10.9181 rec=1.1978 | train/val/test=1.000/0.728/0.722 | c=0.999488
[Epoch 0071] loss=11.5167 cls=0.0896 smmd=0.1809 ct=10.9169 rec=1.1985 | train/val/test=1.000/0.729/0.722 | c=0.999488
[Epoch 0072] loss=11.5104 cls=0.0881 smmd=0.1789 ct=10.9156 rec=1.1990 | train/val/test=1.000/0.730/0.722 | c=0.999488
[Epoch 0073] loss=11.5026 cls=0.0861 smmd=0.1781 ct=10.9126 rec=1.1985 | train/val/test=1.000/0.727/0.718 | c=0.999488
[Epoch 0074] loss=11.4946 cls=0.0847 smmd=0.1770 ct=10.9085 rec=1.1983 | train/val/test=1.000/0.726/0.718 | c=0.999488
[Epoch 0075] loss=11.4881 cls=0.0833 smmd=0.1756 ct=10.9062 rec=1.1990 | train/val/test=1.000/0.728/0.718 | c=0.999488
[Epoch 0076] loss=11.4814 cls=0.0818 smmd=0.1753 ct=10.9027 rec=1.1991 | train/val/test=1.000/0.727/0.716 | c=0.999488
[Epoch 0077] loss=11.4766 cls=0.0806 smmd=0.1752 ct=10.9004 rec=1.1987 | train/val/test=1.000/0.723/0.715 | c=0.999488
[Epoch 0078] loss=11.4714 cls=0.0790 smmd=0.1717 ct=10.9019 rec=1.1987 | train/val/test=1.000/0.724/0.715 | c=0.999488
[Epoch 0079] loss=11.4650 cls=0.0778 smmd=0.1708 ct=10.8988 rec=1.1992 | train/val/test=1.000/0.724/0.713 | c=0.999488
[Epoch 0080] loss=11.4608 cls=0.0765 smmd=0.1741 ct=10.8939 rec=1.1989 | train/val/test=1.000/0.724/0.713 | c=0.999488
[Epoch 0081] loss=11.4564 cls=0.0750 smmd=0.1737 ct=10.8931 rec=1.1984 | train/val/test=1.000/0.722/0.712 | c=0.999488
[Epoch 0082] loss=11.4505 cls=0.0740 smmd=0.1727 ct=10.8900 rec=1.1990 | train/val/test=1.000/0.724/0.713 | c=0.999488
[Epoch 0083] loss=11.4464 cls=0.0724 smmd=0.1727 ct=10.8892 rec=1.1986 | train/val/test=1.000/0.719/0.710 | c=0.999488
[Epoch 0084] loss=11.4407 cls=0.0712 smmd=0.1701 ct=10.8886 rec=1.1981 | train/val/test=1.000/0.721/0.710 | c=0.999488
[Epoch 0085] loss=11.4369 cls=0.0699 smmd=0.1713 ct=10.8860 rec=1.1983 | train/val/test=1.000/0.721/0.710 | c=0.999488
[Epoch 0086] loss=11.4319 cls=0.0687 smmd=0.1721 ct=10.8827 rec=1.1981 | train/val/test=1.000/0.720/0.710 | c=0.999488
[Epoch 0087] loss=11.4284 cls=0.0672 smmd=0.1732 ct=10.8813 rec=1.1973 | train/val/test=1.000/0.719/0.709 | c=0.999488
[Epoch 0088] loss=11.4234 cls=0.0662 smmd=0.1721 ct=10.8793 rec=1.1976 | train/val/test=1.000/0.719/0.709 | c=0.999488
[Epoch 0089] loss=11.4195 cls=0.0649 smmd=0.1713 ct=10.8791 rec=1.1972 | train/val/test=1.000/0.719/0.708 | c=0.999488
[Epoch 0090] loss=11.4153 cls=0.0636 smmd=0.1720 ct=10.8767 rec=1.1966 | train/val/test=1.000/0.717/0.708 | c=0.999488
[Epoch 0091] loss=11.4103 cls=0.0626 smmd=0.1726 ct=10.8733 rec=1.1967 | train/val/test=1.000/0.717/0.707 | c=0.999488
[Epoch 0092] loss=11.4072 cls=0.0613 smmd=0.1718 ct=10.8736 rec=1.1964 | train/val/test=1.000/0.716/0.707 | c=0.999488
[Epoch 0093] loss=11.4028 cls=0.0602 smmd=0.1710 ct=10.8722 rec=1.1958 | train/val/test=1.000/0.715/0.706 | c=0.999488
[Epoch 0094] loss=11.3992 cls=0.0592 smmd=0.1723 ct=10.8693 rec=1.1959 | train/val/test=1.000/0.715/0.705 | c=0.999488
[Epoch 0095] loss=11.3947 cls=0.0579 smmd=0.1716 ct=10.8682 rec=1.1954 | train/val/test=1.000/0.714/0.705 | c=0.999488
[Epoch 0096] loss=11.3896 cls=0.0572 smmd=0.1715 ct=10.8647 rec=1.1951 | train/val/test=1.000/0.715/0.705 | c=0.999488
[Epoch 0097] loss=11.3869 cls=0.0560 smmd=0.1707 ct=10.8652 rec=1.1952 | train/val/test=1.000/0.712/0.702 | c=0.999488
[Epoch 0098] loss=11.3825 cls=0.0555 smmd=0.1703 ct=10.8623 rec=1.1948 | train/val/test=1.000/0.716/0.706 | c=0.999488
[Epoch 0099] loss=11.3792 cls=0.0541 smmd=0.1691 ct=10.8629 rec=1.1947 | train/val/test=1.000/0.707/0.696 | c=0.999488
[Epoch 0100] loss=11.3799 cls=0.0554 smmd=0.1735 ct=10.8566 rec=1.1954 | train/val/test=1.000/0.713/0.707 | c=0.999488
[Epoch 0101] loss=11.3924 cls=0.0551 smmd=0.1721 ct=10.8708 rec=1.1957 | train/val/test=1.000/0.677/0.667 | c=0.999488
[Epoch 0102] loss=11.4428 cls=0.0710 smmd=0.1916 ct=10.8688 rec=1.2018 | train/val/test=1.000/0.699/0.687 | c=0.999488
[Epoch 0103] loss=11.6162 cls=0.1066 smmd=0.2082 ct=10.9520 rec=1.2129 | train/val/test=0.898/0.574/0.556 | c=0.999488
[Epoch 0104] loss=12.0922 cls=0.2627 smmd=0.3302 ct=10.9862 rec=1.2515 | train/val/test=0.816/0.687/0.663 | c=0.999488
[Epoch 0105] loss=12.5438 cls=0.4141 smmd=0.3724 ct=11.0945 rec=1.2430 | train/val/test=0.857/0.436/0.408 | c=0.999488
[Epoch 0106] loss=12.3794 cls=0.3433 smmd=0.3916 ct=11.0437 rec=1.2875 | train/val/test=1.000/0.671/0.664 | c=0.999488
[Epoch 0107] loss=11.5655 cls=0.0761 smmd=0.2346 ct=10.9409 rec=1.1889 | train/val/test=0.918/0.723/0.699 | c=0.999488
[Epoch 0108] loss=12.0333 cls=0.2045 smmd=0.3329 ct=11.0469 rec=1.2226 | train/val/test=1.000/0.686/0.679 | c=0.999488
[Epoch 0109] loss=11.4434 cls=0.0525 smmd=0.2068 ct=10.8897 rec=1.2090 | train/val/test=0.939/0.567/0.548 | c=0.999488
[Epoch 0110] loss=12.0162 cls=0.2171 smmd=0.3388 ct=10.9920 rec=1.2560 | train/val/test=1.000/0.719/0.709 | c=0.999488
[Epoch 0111] loss=11.4258 cls=0.0375 smmd=0.2004 ct=10.9144 rec=1.1798 | train/val/test=0.959/0.732/0.712 | c=0.999488
[Epoch 0112] loss=11.9290 cls=0.1485 smmd=0.3457 ct=11.0439 rec=1.2113 | train/val/test=1.000/0.716/0.709 | c=0.999488
[Epoch 0113] loss=11.3868 cls=0.0292 smmd=0.1868 ct=10.9060 rec=1.1782 | train/val/test=0.959/0.627/0.612 | c=0.999488
[Epoch 0114] loss=11.6940 cls=0.1081 smmd=0.2986 ct=10.9363 rec=1.2145 | train/val/test=1.000/0.659/0.649 | c=0.999488
[Epoch 0115] loss=11.4898 cls=0.0575 smmd=0.2341 ct=10.9022 rec=1.1914 | train/val/test=1.000/0.718/0.710 | c=0.999488
[Epoch 0116] loss=11.4326 cls=0.0282 smmd=0.2104 ct=10.9304 rec=1.1770 | train/val/test=1.000/0.733/0.718 | c=0.999488
[Epoch 0117] loss=11.6072 cls=0.0504 smmd=0.2826 ct=10.9864 rec=1.1871 | train/val/test=1.000/0.733/0.723 | c=0.999488
[Epoch 0118] loss=11.4325 cls=0.0269 smmd=0.2175 ct=10.9260 rec=1.1756 | train/val/test=1.000/0.683/0.676 | c=0.999488
[Epoch 0119] loss=11.4227 cls=0.0368 smmd=0.2255 ct=10.8886 rec=1.1753 | train/val/test=1.000/0.659/0.652 | c=0.999488
[Epoch 0120] loss=11.5208 cls=0.0538 smmd=0.2675 ct=10.9073 rec=1.1922 | train/val/test=1.000/0.695/0.687 | c=0.999488
[Epoch 0121] loss=11.3903 cls=0.0274 smmd=0.2050 ct=10.8948 rec=1.1778 | train/val/test=1.000/0.727/0.715 | c=0.999488
[Epoch 0122] loss=11.4129 cls=0.0221 smmd=0.2116 ct=10.9227 rec=1.1726 | train/val/test=1.000/0.737/0.726 | c=0.999488
[Epoch 0123] loss=11.4695 cls=0.0271 smmd=0.2379 ct=10.9421 rec=1.1769 | train/val/test=1.000/0.730/0.721 | c=0.999488
[Epoch 0124] loss=11.3768 cls=0.0216 smmd=0.1969 ct=10.9024 rec=1.1714 | train/val/test=1.000/0.699/0.692 | c=0.999488
[Epoch 0125] loss=11.3879 cls=0.0262 smmd=0.2216 ct=10.8788 rec=1.1755 | train/val/test=1.000/0.677/0.672 | c=0.999488
[Epoch 0126] loss=11.4261 cls=0.0337 smmd=0.2390 ct=10.8834 rec=1.1820 | train/val/test=1.000/0.700/0.690 | c=0.999488
[Epoch 0127] loss=11.3575 cls=0.0241 smmd=0.1939 ct=10.8811 rec=1.1724 | train/val/test=1.000/0.725/0.716 | c=0.999488
[Epoch 0128] loss=11.3764 cls=0.0209 smmd=0.1918 ct=10.9086 rec=1.1712 | train/val/test=1.000/0.734/0.726 | c=0.999488
[Epoch 0129] loss=11.3870 cls=0.0218 smmd=0.1958 ct=10.9130 rec=1.1728 | train/val/test=1.000/0.726/0.714 | c=0.999488
[Epoch 0130] loss=11.3468 cls=0.0205 smmd=0.1907 ct=10.8807 rec=1.1719 | train/val/test=1.000/0.700/0.692 | c=0.999488
[Epoch 0131] loss=11.3555 cls=0.0245 smmd=0.2103 ct=10.8612 rec=1.1749 | train/val/test=1.000/0.690/0.679 | c=0.999488
[Epoch 0132] loss=11.3614 cls=0.0274 smmd=0.2030 ct=10.8682 rec=1.1769 | train/val/test=1.000/0.710/0.699 | c=0.999488
[Epoch 0133] loss=11.3321 cls=0.0221 smmd=0.1753 ct=10.8780 rec=1.1735 | train/val/test=1.000/0.727/0.715 | c=0.999488
[Epoch 0134] loss=11.3440 cls=0.0214 smmd=0.1751 ct=10.8914 rec=1.1733 | train/val/test=1.000/0.725/0.715 | c=0.999488
[Epoch 0135] loss=11.3388 cls=0.0218 smmd=0.1818 ct=10.8788 rec=1.1735 | train/val/test=1.000/0.711/0.700 | c=0.999488
[Epoch 0136] loss=11.3174 cls=0.0224 smmd=0.1835 ct=10.8544 rec=1.1742 | train/val/test=1.000/0.697/0.686 | c=0.999488
[Epoch 0137] loss=11.3315 cls=0.0259 smmd=0.1909 ct=10.8531 rec=1.1794 | train/val/test=1.000/0.705/0.694 | c=0.999488
[Epoch 0138] loss=11.3156 cls=0.0247 smmd=0.1733 ct=10.8570 rec=1.1797 | train/val/test=1.000/0.718/0.706 | c=0.999488
[Epoch 0139] loss=11.3112 cls=0.0229 smmd=0.1655 ct=10.8647 rec=1.1763 | train/val/test=1.000/0.719/0.711 | c=0.999488
[Epoch 0140] loss=11.3169 cls=0.0237 smmd=0.1699 ct=10.8645 rec=1.1761 | train/val/test=1.000/0.714/0.702 | c=0.999488
[Epoch 0141] loss=11.3006 cls=0.0243 smmd=0.1702 ct=10.8463 rec=1.1783 | train/val/test=1.000/0.701/0.692 | c=0.999488
[Epoch 0142] loss=11.3090 cls=0.0269 smmd=0.1789 ct=10.8394 rec=1.1846 | train/val/test=1.000/0.701/0.690 | c=0.999488
[Epoch 0143] loss=11.2981 cls=0.0264 smmd=0.1693 ct=10.8394 rec=1.1833 | train/val/test=1.000/0.713/0.703 | c=0.999488
[Epoch 0144] loss=11.2966 cls=0.0255 smmd=0.1635 ct=10.8460 rec=1.1801 | train/val/test=1.000/0.718/0.706 | c=0.999488
[Epoch 0145] loss=11.2985 cls=0.0267 smmd=0.1637 ct=10.8450 rec=1.1818 | train/val/test=1.000/0.708/0.696 | c=0.999488
[Epoch 0146] loss=11.2868 cls=0.0272 smmd=0.1642 ct=10.8312 rec=1.1854 | train/val/test=1.000/0.695/0.683 | c=0.999488
[Epoch 0147] loss=11.2923 cls=0.0291 smmd=0.1710 ct=10.8254 rec=1.1886 | train/val/test=1.000/0.707/0.694 | c=0.999488
[Epoch 0148] loss=11.2830 cls=0.0284 smmd=0.1659 ct=10.8229 rec=1.1873 | train/val/test=1.000/0.714/0.701 | c=0.999488
[Epoch 0149] loss=11.2859 cls=0.0288 smmd=0.1602 ct=10.8306 rec=1.1867 | train/val/test=1.000/0.706/0.695 | c=0.999488
[Epoch 0150] loss=11.2816 cls=0.0288 smmd=0.1602 ct=10.8264 rec=1.1874 | train/val/test=1.000/0.697/0.685 | c=0.999488
[Epoch 0151] loss=11.2803 cls=0.0308 smmd=0.1651 ct=10.8150 rec=1.1932 | train/val/test=1.000/0.703/0.688 | c=0.999488
[Epoch 0152] loss=11.2780 cls=0.0312 smmd=0.1676 ct=10.8089 rec=1.1951 | train/val/test=1.000/0.706/0.696 | c=0.999488
[Epoch 0153] loss=11.2770 cls=0.0301 smmd=0.1629 ct=10.8159 rec=1.1899 | train/val/test=1.000/0.705/0.695 | c=0.999488
[Epoch 0154] loss=11.2734 cls=0.0307 smmd=0.1592 ct=10.8145 rec=1.1915 | train/val/test=1.000/0.698/0.685 | c=0.999488
[Epoch 0155] loss=11.2732 cls=0.0327 smmd=0.1640 ct=10.8039 rec=1.1991 | train/val/test=1.000/0.697/0.684 | c=0.999488
[Epoch 0156] loss=11.2700 cls=0.0322 smmd=0.1637 ct=10.8026 rec=1.1966 | train/val/test=1.000/0.705/0.695 | c=0.999488
[Epoch 0157] loss=11.2689 cls=0.0317 smmd=0.1622 ct=10.8044 rec=1.1944 | train/val/test=1.000/0.701/0.692 | c=0.999488
[Epoch 0158] loss=11.2654 cls=0.0323 smmd=0.1617 ct=10.7997 rec=1.1968 | train/val/test=1.000/0.695/0.680 | c=0.999488
[Epoch 0159] loss=11.2648 cls=0.0333 smmd=0.1632 ct=10.7951 rec=1.1998 | train/val/test=1.000/0.700/0.687 | c=0.999488
[Epoch 0160] loss=11.2611 cls=0.0331 smmd=0.1615 ct=10.7935 rec=1.2001 | train/val/test=1.000/0.703/0.692 | c=0.999488
[Epoch 0161] loss=11.2603 cls=0.0325 smmd=0.1596 ct=10.7963 rec=1.1968 | train/val/test=1.000/0.699/0.687 | c=0.999488
[Epoch 0162] loss=11.2561 cls=0.0329 smmd=0.1605 ct=10.7900 rec=1.1993 | train/val/test=1.000/0.696/0.683 | c=0.999488
[Epoch 0163] loss=11.2561 cls=0.0338 smmd=0.1609 ct=10.7870 rec=1.2028 | train/val/test=1.000/0.700/0.689 | c=0.999488
[Epoch 0164] loss=11.2518 cls=0.0328 smmd=0.1594 ct=10.7872 rec=1.1986 | train/val/test=1.000/0.699/0.691 | c=0.999488
[Epoch 0165] loss=11.2508 cls=0.0329 smmd=0.1615 ct=10.7836 rec=1.1996 | train/val/test=1.000/0.697/0.684 | c=0.999488
[Epoch 0166] loss=11.2478 cls=0.0332 smmd=0.1593 ct=10.7820 rec=1.2007 | train/val/test=1.000/0.696/0.684 | c=0.999488
[Epoch 0167] loss=11.2445 cls=0.0334 smmd=0.1587 ct=10.7785 rec=1.2027 | train/val/test=1.000/0.702/0.693 | c=0.999488
[Epoch 0168] loss=11.2428 cls=0.0325 smmd=0.1573 ct=10.7810 rec=1.1981 | train/val/test=1.000/0.698/0.687 | c=0.999488
[Epoch 0169] loss=11.2398 cls=0.0328 smmd=0.1574 ct=10.7766 rec=1.2015 | train/val/test=1.000/0.697/0.686 | c=0.999488
[Epoch 0170] loss=11.2381 cls=0.0329 smmd=0.1576 ct=10.7745 rec=1.2008 | train/val/test=1.000/0.700/0.688 | c=0.999488
[Epoch 0171] loss=11.2341 cls=0.0325 smmd=0.1557 ct=10.7733 rec=1.2009 | train/val/test=1.000/0.703/0.691 | c=0.999488
[Epoch 0172] loss=11.2330 cls=0.0320 smmd=0.1573 ct=10.7720 rec=1.1985 | train/val/test=1.000/0.697/0.686 | c=0.999488
[Epoch 0173] loss=11.2302 cls=0.0325 smmd=0.1565 ct=10.7683 rec=1.2020 | train/val/test=1.000/0.699/0.688 | c=0.999488
[Epoch 0174] loss=11.2279 cls=0.0320 smmd=0.1544 ct=10.7695 rec=1.1998 | train/val/test=1.000/0.701/0.692 | c=0.999488
[Epoch 0175] loss=11.2261 cls=0.0318 smmd=0.1559 ct=10.7667 rec=1.1997 | train/val/test=1.000/0.700/0.689 | c=0.999488
[Epoch 0176] loss=11.2242 cls=0.0317 smmd=0.1552 ct=10.7658 rec=1.1994 | train/val/test=1.000/0.698/0.689 | c=0.999488
[Epoch 0177] loss=11.2219 cls=0.0320 smmd=0.1547 ct=10.7628 rec=1.2018 | train/val/test=1.000/0.701/0.691 | c=0.999488
[Epoch 0178] loss=11.2202 cls=0.0312 smmd=0.1533 ct=10.7651 rec=1.1975 | train/val/test=1.000/0.701/0.691 | c=0.999488
[Epoch 0179] loss=11.2189 cls=0.0319 smmd=0.1558 ct=10.7588 rec=1.2025 | train/val/test=1.000/0.699/0.690 | c=0.999488
[Epoch 0180] loss=11.2195 cls=0.0314 smmd=0.1538 ct=10.7636 rec=1.1964 | train/val/test=1.000/0.699/0.688 | c=0.999488
[Epoch 0181] loss=11.2222 cls=0.0332 smmd=0.1564 ct=10.7579 rec=1.2079 | train/val/test=1.000/0.705/0.695 | c=0.999488
[Epoch 0182] loss=11.2373 cls=0.0331 smmd=0.1554 ct=10.7774 rec=1.1916 | train/val/test=1.000/0.690/0.675 | c=0.999488
[Epoch 0183] loss=11.2635 cls=0.0404 smmd=0.1662 ct=10.7715 rec=1.2247 | train/val/test=1.000/0.703/0.700 | c=0.999488
[Epoch 0184] loss=11.3585 cls=0.0525 smmd=0.1820 ct=10.8329 rec=1.1926 | train/val/test=1.000/0.620/0.605 | c=0.999488
[Epoch 0185] loss=11.4312 cls=0.0734 smmd=0.2061 ct=10.8266 rec=1.2590 | train/val/test=0.959/0.691/0.680 | c=0.999488
[Epoch 0186] loss=11.7551 cls=0.1610 smmd=0.2542 ct=10.9349 rec=1.2197 | train/val/test=0.878/0.397/0.363 | c=0.999488
[Epoch 0187] loss=12.4571 cls=0.3767 smmd=0.3780 ct=11.0709 rec=1.2741 | train/val/test=0.735/0.605/0.613 | c=0.999488
[Epoch 0188] loss=13.2671 cls=0.7106 smmd=0.4972 ct=11.0930 rec=1.2781 | train/val/test=0.857/0.338/0.310 | c=0.999488
[Epoch 0189] loss=12.8790 cls=0.4811 smmd=0.5290 ct=11.1319 rec=1.2795 | train/val/test=0.898/0.606/0.580 | c=0.999488
[Epoch 0190] loss=12.0421 cls=0.2142 smmd=0.3558 ct=11.0012 rec=1.2841 | train/val/test=0.918/0.666/0.669 | c=0.999488
[Epoch 0191] loss=12.3884 cls=0.3224 smmd=0.4490 ct=11.0433 rec=1.2565 | train/val/test=0.980/0.669/0.652 | c=0.999488
[Epoch 0192] loss=11.6145 cls=0.0815 smmd=0.2766 ct=10.9379 rec=1.1846 | train/val/test=1.000/0.636/0.618 | c=0.999488
[Epoch 0193] loss=11.5886 cls=0.0600 smmd=0.3115 ct=10.9084 rec=1.2442 | train/val/test=0.980/0.614/0.592 | c=0.999488
[Epoch 0194] loss=11.8990 cls=0.1351 smmd=0.3882 ct=10.9890 rec=1.2580 | train/val/test=1.000/0.707/0.702 | c=0.999488
[Epoch 0195] loss=11.4030 cls=0.0330 smmd=0.2322 ct=10.8702 rec=1.1731 | train/val/test=0.980/0.700/0.690 | c=0.999488
[Epoch 0196] loss=11.8413 cls=0.1120 smmd=0.3778 ct=11.0004 rec=1.1953 | train/val/test=1.000/0.727/0.713 | c=0.999488
[Epoch 0197] loss=11.5880 cls=0.0380 smmd=0.3127 ct=10.9619 rec=1.1861 | train/val/test=1.000/0.754/0.744 | c=0.999488
[Epoch 0198] loss=11.5144 cls=0.0384 smmd=0.2843 ct=10.9175 rec=1.1790 | train/val/test=1.000/0.709/0.697 | c=0.999488
[Epoch 0199] loss=11.4655 cls=0.0216 smmd=0.3204 ct=10.8664 rec=1.1779 | train/val/test=1.000/0.650/0.637 | c=0.999488
[Epoch 0200] loss=11.5856 cls=0.0363 smmd=0.3887 ct=10.8875 rec=1.1836 | train/val/test=0.980/0.657/0.646 | c=0.999488
[Epoch 0201] loss=11.4815 cls=0.0324 smmd=0.3063 ct=10.8754 rec=1.1747 | train/val/test=1.000/0.707/0.698 | c=0.999488
[Epoch 0202] loss=11.3816 cls=0.0112 smmd=0.2362 ct=10.8897 rec=1.1674 | train/val/test=1.000/0.747/0.745 | c=0.999488
[Epoch 0203] loss=11.4862 cls=0.0156 smmd=0.2834 ct=10.9369 rec=1.1732 | train/val/test=1.000/0.757/0.755 | c=0.999488
[Epoch 0204] loss=11.4817 cls=0.0186 smmd=0.2822 ct=10.9269 rec=1.1771 | train/val/test=1.000/0.745/0.738 | c=0.999488
[Epoch 0205] loss=11.3937 cls=0.0124 smmd=0.2631 ct=10.8716 rec=1.1712 | train/val/test=1.000/0.710/0.702 | c=0.999488
[Epoch 0206] loss=11.3984 cls=0.0146 smmd=0.2955 ct=10.8404 rec=1.1666 | train/val/test=1.000/0.683/0.676 | c=0.999488
[Epoch 0207] loss=11.4159 cls=0.0157 smmd=0.3069 ct=10.8441 rec=1.1676 | train/val/test=1.000/0.706/0.694 | c=0.999488
[Epoch 0208] loss=11.3915 cls=0.0112 smmd=0.2737 ct=10.8619 rec=1.1681 | train/val/test=1.000/0.722/0.714 | c=0.999488
[Epoch 0209] loss=11.3833 cls=0.0104 smmd=0.2475 ct=10.8816 rec=1.1674 | train/val/test=1.000/0.734/0.725 | c=0.999488
[Epoch 0210] loss=11.3647 cls=0.0094 smmd=0.2348 ct=10.8781 rec=1.1657 | train/val/test=1.000/0.733/0.723 | c=0.999488
[Epoch 0211] loss=11.3564 cls=0.0096 smmd=0.2333 ct=10.8707 rec=1.1666 | train/val/test=1.000/0.720/0.713 | c=0.999488
[Epoch 0212] loss=11.3593 cls=0.0113 smmd=0.2390 ct=10.8642 rec=1.1677 | train/val/test=1.000/0.721/0.713 | c=0.999488
[Epoch 0213] loss=11.3388 cls=0.0104 smmd=0.2324 ct=10.8524 rec=1.1664 | train/val/test=1.000/0.728/0.721 | c=0.999488
[Epoch 0214] loss=11.3280 cls=0.0091 smmd=0.2289 ct=10.8476 rec=1.1659 | train/val/test=1.000/0.730/0.719 | c=0.999488
[Epoch 0215] loss=11.3267 cls=0.0094 smmd=0.2275 ct=10.8471 rec=1.1663 | train/val/test=1.000/0.722/0.711 | c=0.999488
[Epoch 0216] loss=11.3136 cls=0.0091 smmd=0.2199 ct=10.8422 rec=1.1662 | train/val/test=1.000/0.713/0.702 | c=0.999488
[Epoch 0217] loss=11.3043 cls=0.0093 smmd=0.2098 ct=10.8427 rec=1.1664 | train/val/test=1.000/0.714/0.705 | c=0.999488
[Epoch 0218] loss=11.2959 cls=0.0098 smmd=0.1955 ct=10.8476 rec=1.1664 | train/val/test=1.000/0.726/0.719 | c=0.999488
[Epoch 0219] loss=11.2878 cls=0.0096 smmd=0.1847 ct=10.8506 rec=1.1665 | train/val/test=1.000/0.733/0.726 | c=0.999488
[Epoch 0220] loss=11.2807 cls=0.0096 smmd=0.1841 ct=10.8439 rec=1.1670 | train/val/test=1.000/0.727/0.720 | c=0.999488
[Epoch 0221] loss=11.2734 cls=0.0096 smmd=0.1922 ct=10.8287 rec=1.1673 | train/val/test=1.000/0.715/0.706 | c=0.999488
[Epoch 0222] loss=11.2664 cls=0.0096 smmd=0.1924 ct=10.8212 rec=1.1679 | train/val/test=1.000/0.714/0.701 | c=0.999488
[Epoch 0223] loss=11.2563 cls=0.0099 smmd=0.1808 ct=10.8222 rec=1.1680 | train/val/test=1.000/0.723/0.709 | c=0.999488
[Epoch 0224] loss=11.2543 cls=0.0102 smmd=0.1711 ct=10.8291 rec=1.1681 | train/val/test=1.000/0.727/0.716 | c=0.999488
[Epoch 0225] loss=11.2458 cls=0.0105 smmd=0.1622 ct=10.8289 rec=1.1686 | train/val/test=1.000/0.724/0.713 | c=0.999488
[Epoch 0226] loss=11.2378 cls=0.0104 smmd=0.1645 ct=10.8187 rec=1.1691 | train/val/test=1.000/0.717/0.706 | c=0.999488
[Epoch 0227] loss=11.2369 cls=0.0107 smmd=0.1699 ct=10.8116 rec=1.1700 | train/val/test=1.000/0.716/0.706 | c=0.999488
[Epoch 0228] loss=11.2284 cls=0.0109 smmd=0.1652 ct=10.8074 rec=1.1702 | train/val/test=1.000/0.722/0.709 | c=0.999488
[Epoch 0229] loss=11.2251 cls=0.0115 smmd=0.1572 ct=10.8106 rec=1.1709 | train/val/test=1.000/0.720/0.707 | c=0.999488
[Epoch 0230] loss=11.2183 cls=0.0117 smmd=0.1539 ct=10.8066 rec=1.1717 | train/val/test=1.000/0.714/0.702 | c=0.999488
[Epoch 0231] loss=11.2156 cls=0.0118 smmd=0.1567 ct=10.8008 rec=1.1724 | train/val/test=1.000/0.714/0.702 | c=0.999488
[Epoch 0232] loss=11.2112 cls=0.0122 smmd=0.1553 ct=10.7969 rec=1.1730 | train/val/test=1.000/0.718/0.707 | c=0.999488
[Epoch 0233] loss=11.2054 cls=0.0127 smmd=0.1503 ct=10.7950 rec=1.1736 | train/val/test=1.000/0.718/0.705 | c=0.999488
[Epoch 0234] loss=11.2048 cls=0.0132 smmd=0.1513 ct=10.7922 rec=1.1748 | train/val/test=1.000/0.709/0.696 | c=0.999488
[Epoch 0235] loss=11.1988 cls=0.0133 smmd=0.1506 ct=10.7864 rec=1.1758 | train/val/test=1.000/0.707/0.696 | c=0.999488
[Epoch 0236] loss=11.1966 cls=0.0137 smmd=0.1500 ct=10.7839 rec=1.1768 | train/val/test=1.000/0.714/0.702 | c=0.999488
[Epoch 0237] loss=11.1932 cls=0.0143 smmd=0.1472 ct=10.7818 rec=1.1776 | train/val/test=1.000/0.714/0.703 | c=0.999488
[Epoch 0238] loss=11.1910 cls=0.0147 smmd=0.1472 ct=10.7787 rec=1.1785 | train/val/test=1.000/0.706/0.693 | c=0.999488
[Epoch 0239] loss=11.1880 cls=0.0149 smmd=0.1492 ct=10.7731 rec=1.1796 | train/val/test=1.000/0.705/0.693 | c=0.999488
[Epoch 0240] loss=11.1853 cls=0.0154 smmd=0.1488 ct=10.7695 rec=1.1810 | train/val/test=1.000/0.709/0.699 | c=0.999488
[Epoch 0241] loss=11.1836 cls=0.0162 smmd=0.1470 ct=10.7676 rec=1.1828 | train/val/test=1.000/0.707/0.695 | c=0.999488
[Epoch 0242] loss=11.1805 cls=0.0164 smmd=0.1459 ct=10.7650 rec=1.1836 | train/val/test=1.000/0.702/0.690 | c=0.999488
[Epoch 0243] loss=11.1792 cls=0.0166 smmd=0.1471 ct=10.7620 rec=1.1841 | train/val/test=1.000/0.704/0.692 | c=0.999488
[Epoch 0244] loss=11.1773 cls=0.0173 smmd=0.1482 ct=10.7574 rec=1.1858 | train/val/test=1.000/0.704/0.694 | c=0.999488
[Epoch 0245] loss=11.1760 cls=0.0181 smmd=0.1485 ct=10.7537 rec=1.1882 | train/val/test=1.000/0.701/0.689 | c=0.999488
[Epoch 0246] loss=11.1743 cls=0.0182 smmd=0.1486 ct=10.7517 rec=1.1889 | train/val/test=1.000/0.700/0.688 | c=0.999488
[Epoch 0247] loss=11.1735 cls=0.0186 smmd=0.1482 ct=10.7502 rec=1.1895 | train/val/test=1.000/0.702/0.691 | c=0.999488
[Epoch 0248] loss=11.1707 cls=0.0193 smmd=0.1468 ct=10.7470 rec=1.1916 | train/val/test=1.000/0.700/0.689 | c=0.999488
[Epoch 0249] loss=11.1708 cls=0.0196 smmd=0.1493 ct=10.7436 rec=1.1931 | train/val/test=1.000/0.699/0.687 | c=0.999488
[Epoch 0250] loss=11.1701 cls=0.0199 smmd=0.1494 ct=10.7421 rec=1.1936 | train/val/test=1.000/0.700/0.686 | c=0.999488
[Epoch 0251] loss=11.1684 cls=0.0207 smmd=0.1487 ct=10.7393 rec=1.1954 | train/val/test=1.000/0.699/0.687 | c=0.999488
[Epoch 0252] loss=11.1673 cls=0.0210 smmd=0.1500 ct=10.7361 rec=1.1966 | train/val/test=1.000/0.699/0.687 | c=0.999488
[Epoch 0253] loss=11.1657 cls=0.0211 smmd=0.1492 ct=10.7349 rec=1.1969 | train/val/test=1.000/0.697/0.685 | c=0.999488
[Epoch 0254] loss=11.1647 cls=0.0218 smmd=0.1482 ct=10.7332 rec=1.1985 | train/val/test=1.000/0.696/0.684 | c=0.999488
[Epoch 0255] loss=11.1634 cls=0.0221 smmd=0.1485 ct=10.7309 rec=1.1996 | train/val/test=1.000/0.698/0.686 | c=0.999488
[Epoch 0256] loss=11.1621 cls=0.0221 smmd=0.1489 ct=10.7290 rec=1.1998 | train/val/test=1.000/0.695/0.684 | c=0.999488
[Epoch 0257] loss=11.1608 cls=0.0227 smmd=0.1487 ct=10.7264 rec=1.2014 | train/val/test=1.000/0.693/0.682 | c=0.999488
[Epoch 0258] loss=11.1601 cls=0.0230 smmd=0.1485 ct=10.7253 rec=1.2017 | train/val/test=1.000/0.696/0.685 | c=0.999488
[Epoch 0259] loss=11.1582 cls=0.0229 smmd=0.1480 ct=10.7242 rec=1.2016 | train/val/test=1.000/0.695/0.684 | c=0.999488
[Epoch 0260] loss=11.1582 cls=0.0233 smmd=0.1484 ct=10.7226 rec=1.2031 | train/val/test=1.000/0.695/0.682 | c=0.999488
[Epoch 0261] loss=11.1565 cls=0.0234 smmd=0.1482 ct=10.7210 rec=1.2029 | train/val/test=1.000/0.696/0.684 | c=0.999488
[Epoch 0262] loss=11.1547 cls=0.0234 smmd=0.1481 ct=10.7191 rec=1.2032 | train/val/test=1.000/0.696/0.684 | c=0.999488
[Epoch 0263] loss=11.1530 cls=0.0237 smmd=0.1473 ct=10.7175 rec=1.2042 | train/val/test=1.000/0.695/0.684 | c=0.999488
[Epoch 0264] loss=11.1521 cls=0.0235 smmd=0.1478 ct=10.7168 rec=1.2031 | train/val/test=1.000/0.695/0.685 | c=0.999488
[Epoch 0265] loss=11.1517 cls=0.0237 smmd=0.1478 ct=10.7158 rec=1.2039 | train/val/test=1.000/0.695/0.684 | c=0.999488
[Epoch 0266] loss=11.1493 cls=0.0237 smmd=0.1466 ct=10.7146 rec=1.2042 | train/val/test=1.000/0.696/0.686 | c=0.999488
[Epoch 0267] loss=11.1483 cls=0.0235 smmd=0.1473 ct=10.7134 rec=1.2034 | train/val/test=1.000/0.695/0.685 | c=0.999488
[Epoch 0268] loss=11.1459 cls=0.0237 smmd=0.1453 ct=10.7124 rec=1.2043 | train/val/test=1.000/0.695/0.685 | c=0.999488
[Epoch 0269] loss=11.1451 cls=0.0235 smmd=0.1454 ct=10.7120 rec=1.2036 | train/val/test=1.000/0.696/0.687 | c=0.999488
[Epoch 0270] loss=11.1434 cls=0.0234 smmd=0.1462 ct=10.7097 rec=1.2033 | train/val/test=1.000/0.695/0.686 | c=0.999488
[Epoch 0271] loss=11.1421 cls=0.0235 smmd=0.1460 ct=10.7085 rec=1.2037 | train/val/test=1.000/0.697/0.688 | c=0.999488
[Epoch 0272] loss=11.1408 cls=0.0232 smmd=0.1450 ct=10.7089 rec=1.2028 | train/val/test=1.000/0.696/0.688 | c=0.999488
[Epoch 0273] loss=11.1399 cls=0.0232 smmd=0.1453 ct=10.7076 rec=1.2032 | train/val/test=1.000/0.697/0.688 | c=0.999488
[Epoch 0274] loss=11.1379 cls=0.0231 smmd=0.1438 ct=10.7072 rec=1.2029 | train/val/test=1.000/0.697/0.690 | c=0.999488
[Epoch 0275] loss=11.1364 cls=0.0229 smmd=0.1442 ct=10.7061 rec=1.2021 | train/val/test=1.000/0.698/0.690 | c=0.999488
[Epoch 0276] loss=11.1349 cls=0.0230 smmd=0.1437 ct=10.7047 rec=1.2027 | train/val/test=1.000/0.698/0.689 | c=0.999488
[Epoch 0277] loss=11.1338 cls=0.0227 smmd=0.1439 ct=10.7041 rec=1.2020 | train/val/test=1.000/0.700/0.692 | c=0.999488
[Epoch 0278] loss=11.1325 cls=0.0226 smmd=0.1435 ct=10.7034 rec=1.2017 | train/val/test=1.000/0.699/0.691 | c=0.999488
[Epoch 0279] loss=11.1314 cls=0.0226 smmd=0.1432 ct=10.7026 rec=1.2018 | train/val/test=1.000/0.699/0.691 | c=0.999488
[Epoch 0280] loss=11.1292 cls=0.0225 smmd=0.1428 ct=10.7012 rec=1.2015 | train/val/test=1.000/0.701/0.694 | c=0.999488
[Epoch 0281] loss=11.1292 cls=0.0224 smmd=0.1438 ct=10.7004 rec=1.2012 | train/val/test=1.000/0.698/0.691 | c=0.999488
[Epoch 0282] loss=11.1273 cls=0.0223 smmd=0.1426 ct=10.6998 rec=1.2014 | train/val/test=1.000/0.702/0.695 | c=0.999488
[Epoch 0283] loss=11.1266 cls=0.0222 smmd=0.1430 ct=10.6990 rec=1.2009 | train/val/test=1.000/0.701/0.693 | c=0.999488
[Epoch 0284] loss=11.1257 cls=0.0222 smmd=0.1429 ct=10.6983 rec=1.2010 | train/val/test=1.000/0.702/0.695 | c=0.999488
[Epoch 0285] loss=11.1246 cls=0.0221 smmd=0.1430 ct=10.6973 rec=1.2008 | train/val/test=1.000/0.702/0.695 | c=0.999488
[Epoch 0286] loss=11.1236 cls=0.0220 smmd=0.1426 ct=10.6968 rec=1.2009 | train/val/test=1.000/0.703/0.695 | c=0.999488
[Epoch 0287] loss=11.1219 cls=0.0220 smmd=0.1422 ct=10.6957 rec=1.2008 | train/val/test=1.000/0.705/0.698 | c=0.999488
[Epoch 0288] loss=11.1215 cls=0.0219 smmd=0.1428 ct=10.6946 rec=1.2007 | train/val/test=1.000/0.704/0.695 | c=0.999488
[Epoch 0289] loss=11.1201 cls=0.0219 smmd=0.1416 ct=10.6946 rec=1.2008 | train/val/test=1.000/0.706/0.698 | c=0.999488
[Epoch 0290] loss=11.1191 cls=0.0218 smmd=0.1418 ct=10.6936 rec=1.2007 | train/val/test=1.000/0.704/0.697 | c=0.999488
[Epoch 0291] loss=11.1173 cls=0.0218 smmd=0.1405 ct=10.6931 rec=1.2008 | train/val/test=1.000/0.704/0.697 | c=0.999488
[Epoch 0292] loss=11.1174 cls=0.0218 smmd=0.1420 ct=10.6916 rec=1.2009 | train/val/test=1.000/0.705/0.698 | c=0.999488
[Epoch 0293] loss=11.1163 cls=0.0218 smmd=0.1426 ct=10.6900 rec=1.2010 | train/val/test=1.000/0.704/0.697 | c=0.999488
[Epoch 0294] loss=11.1144 cls=0.0218 smmd=0.1409 ct=10.6898 rec=1.2010 | train/val/test=1.000/0.705/0.699 | c=0.999488
[Epoch 0295] loss=11.1136 cls=0.0217 smmd=0.1406 ct=10.6893 rec=1.2010 | train/val/test=1.000/0.704/0.697 | c=0.999488
[Epoch 0296] loss=11.1128 cls=0.0217 smmd=0.1399 ct=10.6891 rec=1.2013 | train/val/test=1.000/0.706/0.699 | c=0.999488
[Epoch 0297] loss=11.1126 cls=0.0217 smmd=0.1419 ct=10.6871 rec=1.2013 | train/val/test=1.000/0.705/0.699 | c=0.999488
[Epoch 0298] loss=11.1121 cls=0.0217 smmd=0.1421 ct=10.6862 rec=1.2014 | train/val/test=1.000/0.705/0.699 | c=0.999488
[Epoch 0299] loss=11.1099 cls=0.0217 smmd=0.1409 ct=10.6853 rec=1.2017 | train/val/test=1.000/0.707/0.701 | c=0.999488
[Epoch 0300] loss=11.1103 cls=0.0217 smmd=0.1412 ct=10.6853 rec=1.2016 | train/val/test=1.000/0.705/0.698 | c=0.999488
[Epoch 0301] loss=11.1094 cls=0.0217 smmd=0.1409 ct=10.6846 rec=1.2021 | train/val/test=1.000/0.711/0.705 | c=0.999488
[Epoch 0302] loss=11.1090 cls=0.0218 smmd=0.1414 ct=10.6837 rec=1.2016 | train/val/test=1.000/0.701/0.694 | c=0.999488
[Epoch 0303] loss=11.1092 cls=0.0219 smmd=0.1417 ct=10.6831 rec=1.2030 | train/val/test=1.000/0.718/0.711 | c=0.999488
[Epoch 0304] loss=11.1121 cls=0.0222 smmd=0.1412 ct=10.6863 rec=1.2014 | train/val/test=1.000/0.691/0.681 | c=0.999488
[Epoch 0305] loss=11.1218 cls=0.0229 smmd=0.1446 ct=10.6902 rec=1.2059 | train/val/test=1.000/0.731/0.725 | c=0.999488
[Epoch 0306] loss=11.1514 cls=0.0253 smmd=0.1490 ct=10.7117 rec=1.2012 | train/val/test=1.000/0.648/0.630 | c=0.999488
[Epoch 0307] loss=11.2189 cls=0.0325 smmd=0.1708 ct=10.7396 rec=1.2179 | train/val/test=1.000/0.738/0.731 | c=0.999488
[Epoch 0308] loss=11.2942 cls=0.0418 smmd=0.1810 ct=10.7895 rec=1.2001 | train/val/test=1.000/0.583/0.559 | c=0.999488
[Epoch 0309] loss=11.3077 cls=0.0487 smmd=0.1969 ct=10.7665 rec=1.2345 | train/val/test=1.000/0.722/0.720 | c=0.999488
[Epoch 0310] loss=11.3390 cls=0.0502 smmd=0.1931 ct=10.8059 rec=1.1974 | train/val/test=1.000/0.635/0.618 | c=0.999488
[Epoch 0311] loss=11.2574 cls=0.0427 smmd=0.1847 ct=10.7429 rec=1.2223 | train/val/test=1.000/0.669/0.659 | c=0.999488
[Epoch 0312] loss=11.2059 cls=0.0321 smmd=0.1599 ct=10.7416 rec=1.2016 | train/val/test=1.000/0.736/0.729 | c=0.999488
[Epoch 0313] loss=11.2109 cls=0.0340 smmd=0.1717 ct=10.7316 rec=1.1982 | train/val/test=1.000/0.639/0.622 | c=0.999488
[Epoch 0314] loss=11.1942 cls=0.0287 smmd=0.1575 ct=10.7362 rec=1.2153 | train/val/test=1.000/0.727/0.726 | c=0.999488
[Epoch 0315] loss=11.1788 cls=0.0230 smmd=0.1606 ct=10.7342 rec=1.1905 | train/val/test=1.000/0.706/0.698 | c=0.999488
[Epoch 0316] loss=11.1259 cls=0.0200 smmd=0.1524 ct=10.6936 rec=1.1995 | train/val/test=1.000/0.656/0.644 | c=0.999488
[Epoch 0317] loss=11.1448 cls=0.0216 smmd=0.1479 ct=10.7135 rec=1.2013 | train/val/test=1.000/0.739/0.734 | c=0.999488
[Epoch 0318] loss=11.1811 cls=0.0242 smmd=0.1607 ct=10.7342 rec=1.1892 | train/val/test=1.000/0.676/0.666 | c=0.999488
[Epoch 0319] loss=11.1307 cls=0.0180 smmd=0.1474 ct=10.7076 rec=1.1985 | train/val/test=1.000/0.680/0.667 | c=0.999488
[Epoch 0320] loss=11.1123 cls=0.0170 smmd=0.1454 ct=10.6945 rec=1.1920 | train/val/test=1.000/0.736/0.731 | c=0.999488
[Epoch 0321] loss=11.1470 cls=0.0203 smmd=0.1550 ct=10.7136 rec=1.1889 | train/val/test=1.000/0.671/0.658 | c=0.999488
[Epoch 0322] loss=11.1327 cls=0.0173 smmd=0.1454 ct=10.7137 rec=1.1950 | train/val/test=1.000/0.698/0.692 | c=0.999488
[Epoch 0323] loss=11.0995 cls=0.0153 smmd=0.1412 ct=10.6901 rec=1.1881 | train/val/test=1.000/0.724/0.718 | c=0.999488
[Epoch 0324] loss=11.1218 cls=0.0175 smmd=0.1486 ct=10.7001 rec=1.1905 | train/val/test=1.000/0.669/0.656 | c=0.999488
[Epoch 0325] loss=11.1313 cls=0.0170 smmd=0.1447 ct=10.7140 rec=1.1936 | train/val/test=1.000/0.717/0.712 | c=0.999488
[Epoch 0326] loss=11.0977 cls=0.0152 smmd=0.1399 ct=10.6901 rec=1.1867 | train/val/test=1.000/0.711/0.703 | c=0.999488
[Epoch 0327] loss=11.1021 cls=0.0158 smmd=0.1440 ct=10.6882 rec=1.1913 | train/val/test=1.000/0.667/0.654 | c=0.999488
[Epoch 0328] loss=11.1236 cls=0.0170 smmd=0.1437 ct=10.7069 rec=1.1950 | train/val/test=1.000/0.728/0.724 | c=0.999488
[Epoch 0329] loss=11.1071 cls=0.0164 smmd=0.1419 ct=10.6949 rec=1.1876 | train/val/test=1.000/0.698/0.694 | c=0.999488
[Epoch 0330] loss=11.0882 cls=0.0149 smmd=0.1396 ct=10.6807 rec=1.1906 | train/val/test=1.000/0.669/0.657 | c=0.999488
[Epoch 0331] loss=11.1086 cls=0.0168 smmd=0.1417 ct=10.6938 rec=1.1974 | train/val/test=1.000/0.728/0.726 | c=0.999488
[Epoch 0332] loss=11.1148 cls=0.0176 smmd=0.1435 ct=10.6982 rec=1.1893 | train/val/test=1.000/0.691/0.682 | c=0.999488
[Epoch 0333] loss=11.0926 cls=0.0155 smmd=0.1386 ct=10.6849 rec=1.1912 | train/val/test=1.000/0.687/0.671 | c=0.999488
[Epoch 0334] loss=11.0928 cls=0.0165 smmd=0.1401 ct=10.6798 rec=1.1992 | train/val/test=1.000/0.720/0.718 | c=0.999488
[Epoch 0335] loss=11.1052 cls=0.0172 smmd=0.1439 ct=10.6889 rec=1.1905 | train/val/test=1.000/0.685/0.674 | c=0.999488
[Epoch 0336] loss=11.1007 cls=0.0170 smmd=0.1377 ct=10.6900 rec=1.1945 | train/val/test=1.000/0.702/0.696 | c=0.999488
[Epoch 0337] loss=11.0874 cls=0.0165 smmd=0.1403 ct=10.6744 rec=1.1982 | train/val/test=1.000/0.706/0.702 | c=0.999488
[Epoch 0338] loss=11.0880 cls=0.0162 smmd=0.1392 ct=10.6779 rec=1.1928 | train/val/test=1.000/0.692/0.678 | c=0.999488
[Epoch 0339] loss=11.0992 cls=0.0179 smmd=0.1372 ct=10.6864 rec=1.1988 | train/val/test=1.000/0.716/0.710 | c=0.999488
[Epoch 0340] loss=11.0995 cls=0.0175 smmd=0.1460 ct=10.6795 rec=1.1952 | train/val/test=1.000/0.689/0.677 | c=0.999488
[Epoch 0341] loss=11.0888 cls=0.0180 smmd=0.1369 ct=10.6758 rec=1.2007 | train/val/test=1.000/0.708/0.704 | c=0.999488
[Epoch 0342] loss=11.0853 cls=0.0170 smmd=0.1410 ct=10.6713 rec=1.1956 | train/val/test=1.000/0.709/0.705 | c=0.999488
[Epoch 0343] loss=11.0861 cls=0.0176 smmd=0.1376 ct=10.6736 rec=1.1989 | train/val/test=1.000/0.685/0.672 | c=0.999488
[Epoch 0344] loss=11.0924 cls=0.0185 smmd=0.1394 ct=10.6757 rec=1.2017 | train/val/test=1.000/0.727/0.723 | c=0.999488
[Epoch 0345] loss=11.0962 cls=0.0187 smmd=0.1407 ct=10.6787 rec=1.1972 | train/val/test=1.000/0.686/0.674 | c=0.999488
[Epoch 0346] loss=11.0919 cls=0.0188 smmd=0.1412 ct=10.6727 rec=1.2017 | train/val/test=1.000/0.717/0.711 | c=0.999488
[Epoch 0347] loss=11.0880 cls=0.0187 smmd=0.1412 ct=10.6690 rec=1.2021 | train/val/test=1.000/0.702/0.702 | c=0.999488
[Epoch 0348] loss=11.0918 cls=0.0183 smmd=0.1409 ct=10.6749 rec=1.1967 | train/val/test=1.000/0.698/0.686 | c=0.999488
[Epoch 0349] loss=11.1056 cls=0.0213 smmd=0.1406 ct=10.6799 rec=1.2127 | train/val/test=1.000/0.712/0.710 | c=0.999488
[Epoch 0350] loss=11.1547 cls=0.0227 smmd=0.1576 ct=10.7122 rec=1.1977 | train/val/test=1.000/0.692/0.678 | c=0.999488
[Epoch 0351] loss=11.1881 cls=0.0294 smmd=0.1563 ct=10.7274 rec=1.2277 | train/val/test=1.000/0.707/0.703 | c=0.999488
[Epoch 0352] loss=11.2374 cls=0.0326 smmd=0.1862 ct=10.7453 rec=1.2030 | train/val/test=1.000/0.696/0.683 | c=0.999488
[Epoch 0353] loss=11.1612 cls=0.0265 smmd=0.1597 ct=10.7040 rec=1.2224 | train/val/test=1.000/0.713/0.711 | c=0.999488
[Epoch 0354] loss=11.1144 cls=0.0193 smmd=0.1529 ct=10.6841 rec=1.1941 | train/val/test=1.000/0.715/0.710 | c=0.999488
[Epoch 0355] loss=11.0795 cls=0.0175 smmd=0.1364 ct=10.6684 rec=1.1981 | train/val/test=1.000/0.695/0.682 | c=0.999488
[Epoch 0356] loss=11.0849 cls=0.0183 smmd=0.1376 ct=10.6699 rec=1.2045 | train/val/test=1.000/0.720/0.719 | c=0.999488
[Epoch 0357] loss=11.1077 cls=0.0180 smmd=0.1417 ct=10.6916 rec=1.1916 | train/val/test=1.000/0.705/0.693 | c=0.999488
[Epoch 0358] loss=11.1201 cls=0.0206 smmd=0.1455 ct=10.6918 rec=1.2074 | train/val/test=1.000/0.708/0.704 | c=0.999488
[Epoch 0359] loss=11.1373 cls=0.0190 smmd=0.1621 ct=10.6987 rec=1.1929 | train/val/test=1.000/0.722/0.719 | c=0.999488
[Epoch 0360] loss=11.1060 cls=0.0184 smmd=0.1485 ct=10.6810 rec=1.1975 | train/val/test=1.000/0.707/0.699 | c=0.999488
[Epoch 0361] loss=11.0865 cls=0.0162 smmd=0.1426 ct=10.6727 rec=1.1932 | train/val/test=1.000/0.716/0.709 | c=0.999488
[Epoch 0362] loss=11.0883 cls=0.0159 smmd=0.1429 ct=10.6751 rec=1.1928 | train/val/test=1.000/0.713/0.704 | c=0.999488
[Epoch 0363] loss=11.0944 cls=0.0172 smmd=0.1383 ct=10.6821 rec=1.1976 | train/val/test=1.000/0.709/0.709 | c=0.999488
[Epoch 0364] loss=11.1019 cls=0.0168 smmd=0.1464 ct=10.6838 rec=1.1904 | train/val/test=1.000/0.718/0.711 | c=0.999488
[Epoch 0365] loss=11.0990 cls=0.0178 smmd=0.1446 ct=10.6788 rec=1.1994 | train/val/test=1.000/0.710/0.705 | c=0.999488
[Epoch 0366] loss=11.0993 cls=0.0163 smmd=0.1491 ct=10.6794 rec=1.1908 | train/val/test=1.000/0.726/0.720 | c=0.999488
[Epoch 0367] loss=11.0879 cls=0.0164 smmd=0.1413 ct=10.6750 rec=1.1934 | train/val/test=1.000/0.702/0.692 | c=0.999488
[Epoch 0368] loss=11.0829 cls=0.0161 smmd=0.1417 ct=10.6696 rec=1.1968 | train/val/test=1.000/0.720/0.717 | c=0.999488
[Epoch 0369] loss=11.0816 cls=0.0162 smmd=0.1399 ct=10.6712 rec=1.1909 | train/val/test=1.000/0.711/0.702 | c=0.999488
[Epoch 0370] loss=11.0799 cls=0.0167 smmd=0.1382 ct=10.6691 rec=1.1971 | train/val/test=1.000/0.708/0.703 | c=0.999488
[Epoch 0371] loss=11.0873 cls=0.0164 smmd=0.1454 ct=10.6703 rec=1.1945 | train/val/test=1.000/0.727/0.724 | c=0.999488
[Epoch 0372] loss=11.0978 cls=0.0179 smmd=0.1393 ct=10.6836 rec=1.1951 | train/val/test=1.000/0.694/0.689 | c=0.999488
[Epoch 0373] loss=11.1159 cls=0.0183 smmd=0.1546 ct=10.6849 rec=1.1993 | train/val/test=1.000/0.732/0.728 | c=0.999488
[Epoch 0374] loss=11.1153 cls=0.0194 smmd=0.1448 ct=10.6926 rec=1.1952 | train/val/test=1.000/0.690/0.681 | c=0.999488
[Epoch 0375] loss=11.1208 cls=0.0194 smmd=0.1571 ct=10.6844 rec=1.2019 | train/val/test=1.000/0.727/0.723 | c=0.999488
[Epoch 0376] loss=11.1134 cls=0.0194 smmd=0.1459 ct=10.6900 rec=1.1938 | train/val/test=1.000/0.687/0.678 | c=0.999488
[Epoch 0377] loss=11.1217 cls=0.0207 smmd=0.1526 ct=10.6863 rec=1.2069 | train/val/test=1.000/0.714/0.713 | c=0.999488
[Epoch 0378] loss=11.1469 cls=0.0221 smmd=0.1523 ct=10.7118 rec=1.1932 | train/val/test=1.000/0.693/0.686 | c=0.999488
[Epoch 0379] loss=11.1542 cls=0.0244 smmd=0.1578 ct=10.7055 rec=1.2107 | train/val/test=1.000/0.703/0.702 | c=0.999488
[Epoch 0380] loss=11.1549 cls=0.0239 smmd=0.1587 ct=10.7096 rec=1.1938 | train/val/test=1.000/0.707/0.701 | c=0.999488
[Epoch 0381] loss=11.1300 cls=0.0227 smmd=0.1583 ct=10.6850 rec=1.2063 | train/val/test=1.000/0.696/0.694 | c=0.999488
[Epoch 0382] loss=11.1071 cls=0.0197 smmd=0.1437 ct=10.6851 rec=1.1942 | train/val/test=1.000/0.715/0.705 | c=0.999488
[Epoch 0383] loss=11.0984 cls=0.0193 smmd=0.1510 ct=10.6687 rec=1.2004 | train/val/test=1.000/0.699/0.691 | c=0.999488
[Epoch 0384] loss=11.0922 cls=0.0177 smmd=0.1358 ct=10.6816 rec=1.1967 | train/val/test=1.000/0.716/0.710 | c=0.999488
[Epoch 0385] loss=11.0963 cls=0.0183 smmd=0.1520 ct=10.6687 rec=1.1950 | train/val/test=1.000/0.699/0.688 | c=0.999488
[Epoch 0386] loss=11.0905 cls=0.0175 smmd=0.1382 ct=10.6771 rec=1.2009 | train/val/test=1.000/0.715/0.715 | c=0.999488
[Epoch 0387] loss=11.0944 cls=0.0176 smmd=0.1514 ct=10.6694 rec=1.1920 | train/val/test=1.000/0.699/0.690 | c=0.999488
[Epoch 0388] loss=11.0898 cls=0.0176 smmd=0.1385 ct=10.6750 rec=1.2050 | train/val/test=1.000/0.715/0.714 | c=0.999488
[Epoch 0389] loss=11.1043 cls=0.0171 smmd=0.1486 ct=10.6832 rec=1.1913 | train/val/test=1.000/0.703/0.696 | c=0.999488
[Epoch 0390] loss=11.1045 cls=0.0182 smmd=0.1453 ct=10.6814 rec=1.2068 | train/val/test=1.000/0.715/0.711 | c=0.999488
[Epoch 0391] loss=11.1049 cls=0.0167 smmd=0.1483 ct=10.6850 rec=1.1909 | train/val/test=1.000/0.707/0.702 | c=0.999488
[Epoch 0392] loss=11.0857 cls=0.0169 smmd=0.1467 ct=10.6647 rec=1.2020 | train/val/test=1.000/0.708/0.706 | c=0.999488
[Epoch 0393] loss=11.0717 cls=0.0151 smmd=0.1387 ct=10.6645 rec=1.1911 | train/val/test=1.000/0.711/0.709 | c=0.999488
[Epoch 0394] loss=11.0632 cls=0.0154 smmd=0.1365 ct=10.6567 rec=1.1963 | train/val/test=1.000/0.707/0.699 | c=0.999488
[Epoch 0395] loss=11.0621 cls=0.0149 smmd=0.1348 ct=10.6585 rec=1.1941 | train/val/test=1.000/0.712/0.711 | c=0.999488
[Epoch 0396] loss=11.0645 cls=0.0151 smmd=0.1368 ct=10.6587 rec=1.1937 | train/val/test=1.000/0.708/0.700 | c=0.999488
[Epoch 0397] loss=11.0719 cls=0.0157 smmd=0.1387 ct=10.6625 rec=1.1967 | train/val/test=1.000/0.708/0.707 | c=0.999488
[Epoch 0398] loss=11.0891 cls=0.0162 smmd=0.1455 ct=10.6723 rec=1.1945 | train/val/test=1.000/0.718/0.711 | c=0.999488
[Epoch 0399] loss=11.1030 cls=0.0174 smmd=0.1468 ct=10.6818 rec=1.1985 | train/val/test=1.000/0.698/0.695 | c=0.999488
[Epoch 0400] loss=11.1138 cls=0.0179 smmd=0.1518 ct=10.6868 rec=1.1970 | train/val/test=1.000/0.732/0.722 | c=0.999488
[Epoch 0401] loss=11.1043 cls=0.0178 smmd=0.1485 ct=10.6808 rec=1.1973 | train/val/test=1.000/0.684/0.680 | c=0.999488
[Epoch 0402] loss=11.0994 cls=0.0175 smmd=0.1501 ct=10.6745 rec=1.1989 | train/val/test=1.000/0.738/0.732 | c=0.999488
[Epoch 0403] loss=11.0928 cls=0.0174 smmd=0.1422 ct=10.6770 rec=1.1939 | train/val/test=1.000/0.675/0.663 | c=0.999488
[Epoch 0404] loss=11.1027 cls=0.0180 smmd=0.1502 ct=10.6758 rec=1.2040 | train/val/test=1.000/0.740/0.738 | c=0.999488
[Epoch 0405] loss=11.1104 cls=0.0187 smmd=0.1448 ct=10.6898 rec=1.1921 | train/val/test=1.000/0.664/0.650 | c=0.999488
[Epoch 0406] loss=11.1158 cls=0.0195 smmd=0.1547 ct=10.6801 rec=1.2105 | train/val/test=1.000/0.738/0.736 | c=0.999488
[Epoch 0407] loss=11.1152 cls=0.0196 smmd=0.1489 ct=10.6889 rec=1.1917 | train/val/test=1.000/0.664/0.652 | c=0.999488
[Epoch 0408] loss=11.1052 cls=0.0193 smmd=0.1493 ct=10.6749 rec=1.2113 | train/val/test=1.000/0.726/0.729 | c=0.999488
[Epoch 0409] loss=11.1106 cls=0.0192 smmd=0.1499 ct=10.6842 rec=1.1912 | train/val/test=1.000/0.669/0.660 | c=0.999488
[Epoch 0410] loss=11.1121 cls=0.0198 smmd=0.1457 ct=10.6849 rec=1.2105 | train/val/test=1.000/0.715/0.717 | c=0.999488
[Epoch 0411] loss=11.1368 cls=0.0211 smmd=0.1597 ct=10.6966 rec=1.1921 | train/val/test=1.000/0.684/0.674 | c=0.999488
[Epoch 0412] loss=11.1224 cls=0.0202 smmd=0.1470 ct=10.6933 rec=1.2082 | train/val/test=1.000/0.711/0.713 | c=0.999488
[Epoch 0413] loss=11.1191 cls=0.0190 smmd=0.1604 ct=10.6825 rec=1.1911 | train/val/test=1.000/0.710/0.700 | c=0.999488
[Epoch 0414] loss=11.0820 cls=0.0164 smmd=0.1399 ct=10.6695 rec=1.1991 | train/val/test=1.000/0.698/0.696 | c=0.999488
[Epoch 0415] loss=11.0734 cls=0.0149 smmd=0.1437 ct=10.6616 rec=1.1909 | train/val/test=1.000/0.734/0.727 | c=0.999488
[Epoch 0416] loss=11.0738 cls=0.0151 smmd=0.1369 ct=10.6679 rec=1.1934 | train/val/test=1.000/0.677/0.670 | c=0.999488
[Epoch 0417] loss=11.0879 cls=0.0157 smmd=0.1438 ct=10.6739 rec=1.1940 | train/val/test=1.000/0.741/0.734 | c=0.999488
[Epoch 0418] loss=11.0962 cls=0.0164 smmd=0.1475 ct=10.6774 rec=1.1923 | train/val/test=1.000/0.677/0.669 | c=0.999488
[Epoch 0419] loss=11.0919 cls=0.0158 smmd=0.1470 ct=10.6742 rec=1.1949 | train/val/test=1.000/0.731/0.721 | c=0.999488
[Epoch 0420] loss=11.0729 cls=0.0148 smmd=0.1450 ct=10.6602 rec=1.1907 | train/val/test=1.000/0.696/0.693 | c=0.999488
[Epoch 0421] loss=11.0585 cls=0.0138 smmd=0.1387 ct=10.6537 rec=1.1927 | train/val/test=1.000/0.705/0.701 | c=0.999488
[Epoch 0422] loss=11.0525 cls=0.0137 smmd=0.1352 ct=10.6519 rec=1.1907 | train/val/test=1.000/0.720/0.715 | c=0.999488
[Epoch 0423] loss=11.0573 cls=0.0141 smmd=0.1354 ct=10.6553 rec=1.1928 | train/val/test=1.000/0.686/0.676 | c=0.999488
[Epoch 0424] loss=11.0720 cls=0.0153 smmd=0.1393 ct=10.6635 rec=1.1924 | train/val/test=1.000/0.736/0.733 | c=0.999488
[Epoch 0425] loss=11.0964 cls=0.0176 smmd=0.1472 ct=10.6750 rec=1.1954 | train/val/test=1.000/0.673/0.662 | c=0.999488
[Epoch 0426] loss=11.1211 cls=0.0197 smmd=0.1525 ct=10.6903 rec=1.1949 | train/val/test=1.000/0.735/0.732 | c=0.999488
[Epoch 0427] loss=11.1266 cls=0.0210 smmd=0.1574 ct=10.6875 rec=1.1987 | train/val/test=1.000/0.678/0.669 | c=0.999488
[Epoch 0428] loss=11.1117 cls=0.0198 smmd=0.1512 ct=10.6823 rec=1.1938 | train/val/test=1.000/0.716/0.708 | c=0.999488
[Epoch 0429] loss=11.1067 cls=0.0199 smmd=0.1536 ct=10.6732 rec=1.2012 | train/val/test=1.000/0.697/0.691 | c=0.999488
[Epoch 0430] loss=11.1150 cls=0.0205 smmd=0.1431 ct=10.6924 rec=1.1925 | train/val/test=1.000/0.677/0.664 | c=0.999488
[Epoch 0431] loss=11.1507 cls=0.0250 smmd=0.1653 ct=10.6937 rec=1.2082 | train/val/test=1.000/0.701/0.697 | c=0.999488
[Epoch 0432] loss=11.1890 cls=0.0301 smmd=0.1575 ct=10.7325 rec=1.1945 | train/val/test=0.980/0.624/0.607 | c=0.999488
[Epoch 0433] loss=11.2642 cls=0.0465 smmd=0.1930 ct=10.7353 rec=1.2150 | train/val/test=0.959/0.675/0.661 | c=0.999488
[Epoch 0434] loss=11.3575 cls=0.0669 smmd=0.1912 ct=10.7926 rec=1.2005 | train/val/test=0.939/0.530/0.510 | c=0.999488
[Epoch 0435] loss=11.7876 cls=0.1885 smmd=0.2893 ct=10.8730 rec=1.2419 | train/val/test=0.898/0.618/0.599 | c=0.999488
[Epoch 0436] loss=12.5764 cls=0.4551 smmd=0.3720 ct=11.0478 rec=1.2318 | train/val/test=0.898/0.488/0.468 | c=0.999488
[Epoch 0437] loss=13.5272 cls=0.7728 smmd=0.6498 ct=11.0786 rec=1.2663 | train/val/test=0.980/0.739/0.739 | c=0.999488
[Epoch 0438] loss=11.4583 cls=0.0559 smmd=0.2776 ct=10.8286 rec=1.2016 | train/val/test=0.163/0.082/0.072 | c=0.999488
[Epoch 0439] loss=19.0890 cls=3.4560 smmd=0.6584 ct=11.2055 rec=1.5660 | train/val/test=0.776/0.482/0.465 | c=0.999488
[Epoch 0440] loss=22.7570 cls=3.7365 smmd=3.5664 ct=11.4547 rec=1.3148 | train/val/test=0.694/0.576/0.560 | c=0.999488
[Epoch 0441] loss=26.2515 cls=4.4662 smmd=5.5356 ct=11.5181 rec=1.3272 | train/val/test=0.694/0.636/0.633 | c=0.999488
[Epoch 0442] loss=27.2350 cls=4.5729 smmd=6.2819 ct=11.5389 rec=1.3421 | train/val/test=0.714/0.491/0.470 | c=0.999488
[Epoch 0443] loss=27.4111 cls=4.4789 smmd=6.6378 ct=11.5436 rec=1.3588 | train/val/test=0.837/0.557/0.547 | c=0.999488
[Epoch 0444] loss=27.1441 cls=4.2506 smmd=6.8304 ct=11.5404 rec=1.3605 | train/val/test=0.408/0.203/0.192 | c=0.999488
[Epoch 0445] loss=27.4806 cls=4.3596 smmd=6.9496 ct=11.5362 rec=1.3780 | train/val/test=0.510/0.253/0.243 | c=0.999488
[Epoch 0446] loss=27.5644 cls=4.3674 smmd=7.0207 ct=11.5339 rec=1.3750 | train/val/test=0.633/0.373/0.364 | c=0.999488
[Epoch 0447] loss=27.4909 cls=4.3060 smmd=7.0719 ct=11.5326 rec=1.3714 | train/val/test=0.755/0.651/0.644 | c=0.999488
[Epoch 0448] loss=27.2364 cls=4.1647 smmd=7.1026 ct=11.5317 rec=1.3632 | train/val/test=0.694/0.641/0.630 | c=0.999488
[Epoch 0449] loss=26.9595 cls=4.0160 smmd=7.1245 ct=11.5309 rec=1.3604 | train/val/test=0.816/0.646/0.635 | c=0.999488
[Epoch 0450] loss=26.6055 cls=3.8332 smmd=7.1368 ct=11.5304 rec=1.3599 | train/val/test=0.816/0.673/0.675 | c=0.999488
[Epoch 0451] loss=26.2390 cls=3.6460 smmd=7.1450 ct=11.5301 rec=1.3595 | train/val/test=0.837/0.650/0.643 | c=0.999488
[Epoch 0452] loss=25.9114 cls=3.4814 smmd=7.1467 ct=11.5301 rec=1.3593 | train/val/test=0.837/0.634/0.627 | c=0.999488
[Epoch 0453] loss=25.6177 cls=3.3354 smmd=7.1451 ct=11.5303 rec=1.3583 | train/val/test=0.755/0.581/0.570 | c=0.999488
[Epoch 0454] loss=25.3889 cls=3.2228 smmd=7.1415 ct=11.5301 rec=1.3585 | train/val/test=0.735/0.551/0.534 | c=0.999488
[Epoch 0455] loss=25.1169 cls=3.0910 smmd=7.1343 ct=11.5291 rec=1.3577 | train/val/test=0.878/0.635/0.635 | c=0.999488
[Epoch 0456] loss=24.6932 cls=2.8856 smmd=7.1252 ct=11.5267 rec=1.3509 | train/val/test=0.898/0.703/0.702 | c=0.999488
[Epoch 0457] loss=24.2323 cls=2.6649 smmd=7.1107 ct=11.5233 rec=1.3424 | train/val/test=0.898/0.707/0.704 | c=0.999488
[Epoch 0458] loss=23.8483 cls=2.4819 smmd=7.0973 ct=11.5195 rec=1.3381 | train/val/test=0.898/0.683/0.682 | c=0.999488
[Epoch 0459] loss=23.5348 cls=2.3353 smmd=7.0808 ct=11.5157 rec=1.3382 | train/val/test=0.898/0.659/0.657 | c=0.999488
[Epoch 0460] loss=23.2358 cls=2.1971 smmd=7.0618 ct=11.5121 rec=1.3389 | train/val/test=0.878/0.664/0.662 | c=0.999488
[Epoch 0461] loss=22.9057 cls=2.0437 smmd=7.0420 ct=11.5088 rec=1.3371 | train/val/test=0.898/0.666/0.660 | c=0.999488
[Epoch 0462] loss=22.5357 cls=1.8726 smmd=7.0184 ct=11.5056 rec=1.3326 | train/val/test=0.898/0.652/0.646 | c=0.999488
[Epoch 0463] loss=22.1483 cls=1.6934 smmd=6.9936 ct=11.5028 rec=1.3258 | train/val/test=0.898/0.641/0.633 | c=0.999488
[Epoch 0464] loss=21.7615 cls=1.5152 smmd=6.9675 ct=11.5001 rec=1.3178 | train/val/test=0.898/0.649/0.639 | c=0.999488
[Epoch 0465] loss=21.3764 cls=1.3401 smmd=6.9367 ct=11.4976 rec=1.3095 | train/val/test=0.898/0.668/0.659 | c=0.999488
[Epoch 0466] loss=20.9966 cls=1.1681 smmd=6.9048 ct=11.4951 rec=1.3023 | train/val/test=0.898/0.688/0.685 | c=0.999488
[Epoch 0467] loss=20.6257 cls=1.0025 smmd=6.8689 ct=11.4924 rec=1.2973 | train/val/test=0.898/0.697/0.695 | c=0.999488
[Epoch 0468] loss=20.2712 cls=0.8455 smmd=6.8320 ct=11.4893 rec=1.2946 | train/val/test=0.898/0.694/0.694 | c=0.999488
[Epoch 0469] loss=19.9292 cls=0.6974 smmd=6.7903 ct=11.4855 rec=1.2934 | train/val/test=0.898/0.689/0.688 | c=0.999488
[Epoch 0470] loss=19.6205 cls=0.5677 smmd=6.7454 ct=11.4810 rec=1.2935 | train/val/test=1.000/0.699/0.691 | c=0.999488
[Epoch 0471] loss=19.4273 cls=0.4949 smmd=6.7018 ct=11.4761 rec=1.2983 | train/val/test=0.939/0.593/0.577 | c=0.999488
[Epoch 0472] loss=19.4455 cls=0.5319 smmd=6.6482 ct=11.4709 rec=1.3135 | train/val/test=0.816/0.468/0.457 | c=0.999488
[Epoch 0473] loss=19.5813 cls=0.6283 smmd=6.5921 ct=11.4661 rec=1.3323 | train/val/test=0.755/0.468/0.454 | c=0.999488
[Epoch 0474] loss=19.5268 cls=0.6355 smmd=6.5279 ct=11.4620 rec=1.3294 | train/val/test=0.816/0.558/0.544 | c=0.999488
[Epoch 0475] loss=19.2400 cls=0.5351 smmd=6.4513 ct=11.4588 rec=1.2986 | train/val/test=0.918/0.661/0.651 | c=0.999488
[Epoch 0476] loss=18.9056 cls=0.4152 smmd=6.3664 ct=11.4563 rec=1.2628 | train/val/test=0.980/0.723/0.718 | c=0.999488
[Epoch 0477] loss=18.6384 cls=0.3314 smmd=6.2730 ct=11.4544 rec=1.2410 | train/val/test=0.980/0.738/0.731 | c=0.999488
[Epoch 0478] loss=18.4381 cls=0.2829 smmd=6.1736 ct=11.4529 rec=1.2292 | train/val/test=0.959/0.723/0.722 | c=0.999488
[Epoch 0479] loss=18.2681 cls=0.2558 smmd=6.0608 ct=11.4513 rec=1.2216 | train/val/test=0.959/0.705/0.701 | c=0.999488
[Epoch 0480] loss=18.1193 cls=0.2424 smmd=5.9416 ct=11.4494 rec=1.2169 | train/val/test=0.959/0.681/0.679 | c=0.999488
[Epoch 0481] loss=17.9759 cls=0.2370 smmd=5.8122 ct=11.4469 rec=1.2140 | train/val/test=0.939/0.666/0.659 | c=0.999488
[Epoch 0482] loss=17.8343 cls=0.2332 smmd=5.6824 ct=11.4433 rec=1.2112 | train/val/test=0.918/0.657/0.649 | c=0.999488
[Epoch 0483] loss=17.6672 cls=0.2250 smmd=5.5373 ct=11.4385 rec=1.2069 | train/val/test=0.918/0.661/0.652 | c=0.999488
[Epoch 0484] loss=17.4656 cls=0.2096 smmd=5.3743 ct=11.4319 rec=1.2007 | train/val/test=0.939/0.671/0.663 | c=0.999488
[Epoch 0485] loss=17.2480 cls=0.1880 smmd=5.2102 ct=11.4232 rec=1.1936 | train/val/test=0.918/0.682/0.679 | c=0.999488
[Epoch 0486] loss=16.9985 cls=0.1635 smmd=5.0222 ct=11.4120 rec=1.1869 | train/val/test=0.939/0.692/0.691 | c=0.999488
[Epoch 0487] loss=16.7402 cls=0.1390 smmd=4.8281 ct=11.3979 rec=1.1815 | train/val/test=0.939/0.701/0.700 | c=0.999488
[Epoch 0488] loss=16.4596 cls=0.1143 smmd=4.6150 ct=11.3804 rec=1.1773 | train/val/test=0.959/0.707/0.704 | c=0.999488
[Epoch 0489] loss=16.1752 cls=0.0885 smmd=4.4043 ct=11.3591 rec=1.1739 | train/val/test=1.000/0.708/0.703 | c=0.999488
[Epoch 0490] loss=15.8584 cls=0.0634 smmd=4.1644 ct=11.3331 rec=1.1712 | train/val/test=1.000/0.706/0.699 | c=0.999488
[Epoch 0491] loss=15.5252 cls=0.0431 smmd=3.9033 ct=11.3018 rec=1.1690 | train/val/test=1.000/0.703/0.695 | c=0.999488
[Epoch 0492] loss=15.1908 cls=0.0305 smmd=3.6325 ct=11.2638 rec=1.1672 | train/val/test=1.000/0.698/0.692 | c=0.999488
[Epoch 0493] loss=14.8426 cls=0.0241 smmd=3.3437 ct=11.2176 rec=1.1655 | train/val/test=1.000/0.698/0.692 | c=0.999488
[Epoch 0494] loss=14.4790 cls=0.0210 smmd=3.0435 ct=11.1607 rec=1.1638 | train/val/test=1.000/0.705/0.695 | c=0.999488
[Epoch 0495] loss=14.0851 cls=0.0196 smmd=2.7231 ct=11.0904 rec=1.1622 | train/val/test=1.000/0.712/0.704 | c=0.999488
[Epoch 0496] loss=13.6710 cls=0.0202 smmd=2.3920 ct=11.0063 rec=1.1611 | train/val/test=1.000/0.719/0.711 | c=0.999488
[Epoch 0497] loss=13.2778 cls=0.0288 smmd=2.0701 ct=10.9179 rec=1.1608 | train/val/test=0.959/0.717/0.715 | c=0.999488
[Epoch 0498] loss=12.9815 cls=0.0562 smmd=1.7795 ct=10.8574 rec=1.1607 | train/val/test=0.939/0.710/0.710 | c=0.999488
[Epoch 0499] loss=12.8385 cls=0.0840 smmd=1.5726 ct=10.8658 rec=1.1598 | train/val/test=0.939/0.701/0.700 | c=0.999488
=== Best @ epoch 203: val=0.7573, test=0.7554 ===
[2025-09-20 03:39:38] END attempt 1: exit_code=0
