[2025-09-20 03:39:43] START attempt 1: python main.py --is_transfer True --test_dataset Computers --pretrained_model_name /mnt/data1/Graph/HypGraphLoRA/pre_trained_gnn/Cora.GRACE.GAT.hyp_True.True.20250912-232536.pth --few True --shot 10 --gpu_id 0
Parsed from filename: Pretrained backbone is Hyperbolic.
Pretrain dataset overridden by checkpoint: PubMed -> Cora
Split sizes | train=99, val=2730, test=10923 (mode=few, shot=10)
[Epoch 0000] loss=21.3230 cls=2.3028 smmd=5.5097 ct=10.9308 rec=1.3851 | train/val/test=0.212/0.039/0.043 | c=0.999488
[Epoch 0001] loss=19.2910 cls=2.2970 smmd=3.4915 ct=10.9284 rec=1.3851 | train/val/test=0.111/0.018/0.022 | c=0.999488
[Epoch 0002] loss=18.7650 cls=2.2925 smmd=2.9807 ct=10.9223 rec=1.3851 | train/val/test=0.333/0.234/0.233 | c=0.999488
[Epoch 0003] loss=19.0254 cls=2.2818 smmd=3.2737 ct=10.9110 rec=1.3851 | train/val/test=0.424/0.239/0.259 | c=0.999488
[Epoch 0004] loss=18.3203 cls=2.2641 smmd=2.6496 ct=10.8655 rec=1.3851 | train/val/test=0.444/0.294/0.291 | c=0.999488
[Epoch 0005] loss=17.3550 cls=2.2408 smmd=1.7878 ct=10.8085 rec=1.3851 | train/val/test=0.455/0.503/0.515 | c=0.999488
[Epoch 0006] loss=17.3375 cls=2.2121 smmd=1.8164 ct=10.8199 rec=1.3850 | train/val/test=0.465/0.475/0.472 | c=0.999488
[Epoch 0007] loss=17.0955 cls=2.1725 smmd=1.8224 ct=10.6510 rec=1.3849 | train/val/test=0.444/0.296/0.292 | c=0.999488
[Epoch 0008] loss=16.8519 cls=2.1313 smmd=1.5964 ct=10.7159 rec=1.3848 | train/val/test=0.556/0.455/0.440 | c=0.999488
[Epoch 0009] loss=16.0971 cls=2.0739 smmd=1.1680 ct=10.5043 rec=1.3844 | train/val/test=0.616/0.510/0.496 | c=0.999488
[Epoch 0010] loss=15.9610 cls=2.0219 smmd=0.9978 ct=10.6427 rec=1.3839 | train/val/test=0.616/0.504/0.499 | c=0.999488
[Epoch 0011] loss=15.6372 cls=1.9549 smmd=0.8968 ct=10.5539 rec=1.3830 | train/val/test=0.545/0.444/0.436 | c=0.999488
[Epoch 0012] loss=16.1048 cls=1.8901 smmd=0.8597 ct=11.1884 rec=1.3820 | train/val/test=0.545/0.424/0.408 | c=0.999488
[Epoch 0013] loss=15.7053 cls=1.8273 smmd=0.8744 ct=10.9003 rec=1.3806 | train/val/test=0.596/0.490/0.483 | c=0.999488
[Epoch 0014] loss=15.4636 cls=1.7596 smmd=0.8945 ct=10.7741 rec=1.3789 | train/val/test=0.667/0.592/0.590 | c=0.999488
[Epoch 0015] loss=15.2722 cls=1.6852 smmd=0.8455 ct=10.7810 rec=1.3765 | train/val/test=0.687/0.592/0.586 | c=0.999488
[Epoch 0016] loss=15.0306 cls=1.6101 smmd=0.7093 ct=10.8264 rec=1.3736 | train/val/test=0.707/0.575/0.568 | c=0.999488
[Epoch 0017] loss=14.8316 cls=1.5391 smmd=0.5907 ct=10.8885 rec=1.3705 | train/val/test=0.747/0.575/0.567 | c=0.999488
[Epoch 0018] loss=14.6861 cls=1.4753 smmd=0.5259 ct=10.9361 rec=1.3672 | train/val/test=0.747/0.604/0.593 | c=0.999488
[Epoch 0019] loss=14.5166 cls=1.4107 smmd=0.4685 ct=10.9543 rec=1.3628 | train/val/test=0.758/0.635/0.630 | c=0.999488
[Epoch 0020] loss=14.3349 cls=1.3444 smmd=0.4183 ct=10.9563 rec=1.3575 | train/val/test=0.737/0.651/0.643 | c=0.999488
[Epoch 0021] loss=14.1882 cls=1.2811 smmd=0.4064 ct=10.9490 rec=1.3525 | train/val/test=0.727/0.651/0.643 | c=0.999488
[Epoch 0022] loss=14.0661 cls=1.2237 smmd=0.4197 ct=10.9294 rec=1.3480 | train/val/test=0.768/0.658/0.648 | c=0.999488
[Epoch 0023] loss=13.9447 cls=1.1706 smmd=0.4337 ct=10.9012 rec=1.3434 | train/val/test=0.778/0.662/0.657 | c=0.999488
[Epoch 0024] loss=13.8347 cls=1.1204 smmd=0.4412 ct=10.8850 rec=1.3385 | train/val/test=0.778/0.666/0.660 | c=0.999488
[Epoch 0025] loss=13.7247 cls=1.0697 smmd=0.4338 ct=10.8848 rec=1.3328 | train/val/test=0.788/0.676/0.669 | c=0.999488
[Epoch 0026] loss=13.6114 cls=1.0201 smmd=0.4054 ct=10.9006 rec=1.3259 | train/val/test=0.798/0.689/0.685 | c=0.999488
[Epoch 0027] loss=13.5098 cls=0.9736 smmd=0.3716 ct=10.9273 rec=1.3185 | train/val/test=0.838/0.697/0.693 | c=0.999488
[Epoch 0028] loss=13.4251 cls=0.9316 smmd=0.3515 ct=10.9480 rec=1.3126 | train/val/test=0.859/0.704/0.697 | c=0.999488
[Epoch 0029] loss=13.3383 cls=0.8907 smmd=0.3462 ct=10.9490 rec=1.3085 | train/val/test=0.859/0.700/0.694 | c=0.999488
[Epoch 0030] loss=13.2550 cls=0.8529 smmd=0.3502 ct=10.9380 rec=1.3043 | train/val/test=0.869/0.696/0.693 | c=0.999488
[Epoch 0031] loss=13.1780 cls=0.8179 smmd=0.3558 ct=10.9268 rec=1.2982 | train/val/test=0.859/0.704/0.699 | c=0.999488
[Epoch 0032] loss=13.1015 cls=0.7836 smmd=0.3540 ct=10.9220 rec=1.2916 | train/val/test=0.859/0.710/0.706 | c=0.999488
[Epoch 0033] loss=13.0238 cls=0.7498 smmd=0.3436 ct=10.9233 rec=1.2864 | train/val/test=0.869/0.710/0.707 | c=0.999488
[Epoch 0034] loss=12.9580 cls=0.7175 smmd=0.3409 ct=10.9257 rec=1.2821 | train/val/test=0.869/0.711/0.707 | c=0.999488
[Epoch 0035] loss=12.8954 cls=0.6878 smmd=0.3385 ct=10.9258 rec=1.2774 | train/val/test=0.869/0.710/0.707 | c=0.999488
[Epoch 0036] loss=12.8346 cls=0.6616 smmd=0.3327 ct=10.9242 rec=1.2729 | train/val/test=0.869/0.711/0.708 | c=0.999488
[Epoch 0037] loss=12.7715 cls=0.6357 smmd=0.3242 ct=10.9221 rec=1.2694 | train/val/test=0.879/0.711/0.707 | c=0.999488
[Epoch 0038] loss=12.7156 cls=0.6096 smmd=0.3208 ct=10.9225 rec=1.2658 | train/val/test=0.889/0.711/0.708 | c=0.999488
[Epoch 0039] loss=12.6591 cls=0.5849 smmd=0.3121 ct=10.9251 rec=1.2611 | train/val/test=0.889/0.715/0.711 | c=0.999488
[Epoch 0040] loss=12.6055 cls=0.5626 smmd=0.3038 ct=10.9252 rec=1.2562 | train/val/test=0.889/0.716/0.712 | c=0.999488
[Epoch 0041] loss=12.5556 cls=0.5418 smmd=0.2985 ct=10.9228 rec=1.2531 | train/val/test=0.899/0.716/0.714 | c=0.999488
[Epoch 0042] loss=12.5081 cls=0.5213 smmd=0.2951 ct=10.9201 rec=1.2510 | train/val/test=0.899/0.718/0.713 | c=0.999488
[Epoch 0043] loss=12.4621 cls=0.5016 smmd=0.2927 ct=10.9166 rec=1.2482 | train/val/test=0.909/0.719/0.712 | c=0.999488
[Epoch 0044] loss=12.4186 cls=0.4834 smmd=0.2900 ct=10.9130 rec=1.2447 | train/val/test=0.919/0.721/0.715 | c=0.999488
[Epoch 0045] loss=12.3723 cls=0.4659 smmd=0.2817 ct=10.9106 rec=1.2415 | train/val/test=0.919/0.721/0.717 | c=0.999488
[Epoch 0046] loss=12.3310 cls=0.4490 smmd=0.2757 ct=10.9096 rec=1.2391 | train/val/test=0.919/0.722/0.719 | c=0.999488
[Epoch 0047] loss=12.2907 cls=0.4329 smmd=0.2689 ct=10.9086 rec=1.2366 | train/val/test=0.919/0.723/0.718 | c=0.999488
[Epoch 0048] loss=12.2536 cls=0.4180 smmd=0.2629 ct=10.9077 rec=1.2345 | train/val/test=0.919/0.723/0.719 | c=0.999488
[Epoch 0049] loss=12.2171 cls=0.4037 smmd=0.2570 ct=10.9061 rec=1.2329 | train/val/test=0.919/0.726/0.720 | c=0.999488
[Epoch 0050] loss=12.1801 cls=0.3901 smmd=0.2502 ct=10.9037 rec=1.2310 | train/val/test=0.919/0.727/0.720 | c=0.999488
[Epoch 0051] loss=12.1450 cls=0.3770 smmd=0.2431 ct=10.9021 rec=1.2288 | train/val/test=0.919/0.725/0.721 | c=0.999488
[Epoch 0052] loss=12.1143 cls=0.3645 smmd=0.2390 ct=10.9008 rec=1.2271 | train/val/test=0.919/0.726/0.722 | c=0.999488
[Epoch 0053] loss=12.0829 cls=0.3530 smmd=0.2339 ct=10.8978 rec=1.2262 | train/val/test=0.919/0.726/0.722 | c=0.999488
[Epoch 0054] loss=12.0560 cls=0.3423 smmd=0.2327 ct=10.8936 rec=1.2251 | train/val/test=0.929/0.726/0.723 | c=0.999488
[Epoch 0055] loss=12.0275 cls=0.3319 smmd=0.2279 ct=10.8910 rec=1.2238 | train/val/test=0.939/0.726/0.723 | c=0.999488
[Epoch 0056] loss=12.0012 cls=0.3217 smmd=0.2236 ct=10.8895 rec=1.2231 | train/val/test=0.939/0.725/0.724 | c=0.999488
[Epoch 0057] loss=11.9740 cls=0.3124 smmd=0.2160 ct=10.8887 rec=1.2224 | train/val/test=0.939/0.727/0.725 | c=0.999488
[Epoch 0058] loss=11.9516 cls=0.3035 smmd=0.2123 ct=10.8881 rec=1.2214 | train/val/test=0.939/0.728/0.725 | c=0.999488
[Epoch 0059] loss=11.9279 cls=0.2951 smmd=0.2070 ct=10.8866 rec=1.2210 | train/val/test=0.939/0.727/0.725 | c=0.999488
[Epoch 0060] loss=11.9072 cls=0.2872 smmd=0.2050 ct=10.8837 rec=1.2209 | train/val/test=0.939/0.730/0.727 | c=0.999488
[Epoch 0061] loss=11.8885 cls=0.2794 smmd=0.2055 ct=10.8802 rec=1.2202 | train/val/test=0.939/0.731/0.728 | c=0.999488
[Epoch 0062] loss=11.8661 cls=0.2721 smmd=0.1997 ct=10.8783 rec=1.2197 | train/val/test=0.939/0.733/0.730 | c=0.999488
[Epoch 0063] loss=11.8460 cls=0.2653 smmd=0.1941 ct=10.8772 rec=1.2197 | train/val/test=0.939/0.734/0.732 | c=0.999488
[Epoch 0064] loss=11.8283 cls=0.2586 smmd=0.1917 ct=10.8756 rec=1.2194 | train/val/test=0.939/0.736/0.733 | c=0.999488
[Epoch 0065] loss=11.8121 cls=0.2522 smmd=0.1908 ct=10.8731 rec=1.2190 | train/val/test=0.949/0.738/0.735 | c=0.999488
[Epoch 0066] loss=11.7951 cls=0.2463 smmd=0.1884 ct=10.8703 rec=1.2190 | train/val/test=0.949/0.744/0.739 | c=0.999488
[Epoch 0067] loss=11.7794 cls=0.2401 smmd=0.1862 ct=10.8693 rec=1.2186 | train/val/test=0.960/0.746/0.742 | c=0.999488
[Epoch 0068] loss=11.7645 cls=0.2344 smmd=0.1837 ct=10.8685 rec=1.2178 | train/val/test=0.960/0.747/0.744 | c=0.999488
[Epoch 0069] loss=11.7475 cls=0.2290 smmd=0.1793 ct=10.8665 rec=1.2180 | train/val/test=0.970/0.752/0.746 | c=0.999488
[Epoch 0070] loss=11.7337 cls=0.2236 smmd=0.1787 ct=10.8643 rec=1.2173 | train/val/test=0.970/0.758/0.749 | c=0.999488
[Epoch 0071] loss=11.7213 cls=0.2186 smmd=0.1789 ct=10.8620 rec=1.2165 | train/val/test=0.970/0.759/0.750 | c=0.999488
[Epoch 0072] loss=11.7083 cls=0.2137 smmd=0.1768 ct=10.8609 rec=1.2164 | train/val/test=0.970/0.762/0.752 | c=0.999488
[Epoch 0073] loss=11.6952 cls=0.2085 smmd=0.1740 ct=10.8613 rec=1.2150 | train/val/test=0.970/0.764/0.753 | c=0.999488
[Epoch 0074] loss=11.6818 cls=0.2041 smmd=0.1720 ct=10.8586 rec=1.2150 | train/val/test=0.970/0.766/0.754 | c=0.999488
[Epoch 0075] loss=11.6697 cls=0.1997 smmd=0.1711 ct=10.8564 rec=1.2139 | train/val/test=0.970/0.768/0.756 | c=0.999488
[Epoch 0076] loss=11.6607 cls=0.1951 smmd=0.1734 ct=10.8545 rec=1.2133 | train/val/test=0.970/0.771/0.758 | c=0.999488
[Epoch 0077] loss=11.6486 cls=0.1912 smmd=0.1693 ct=10.8545 rec=1.2118 | train/val/test=0.970/0.770/0.757 | c=0.999488
[Epoch 0078] loss=11.6391 cls=0.1870 smmd=0.1694 ct=10.8533 rec=1.2125 | train/val/test=0.970/0.772/0.761 | c=0.999488
[Epoch 0079] loss=11.6321 cls=0.1849 smmd=0.1666 ct=10.8539 rec=1.2095 | train/val/test=0.980/0.763/0.754 | c=0.999488
[Epoch 0080] loss=11.6328 cls=0.1832 smmd=0.1708 ct=10.8526 rec=1.2146 | train/val/test=0.970/0.773/0.767 | c=0.999488
[Epoch 0081] loss=11.6674 cls=0.1952 smmd=0.1698 ct=10.8655 rec=1.2085 | train/val/test=0.960/0.731/0.717 | c=0.999488
[Epoch 0082] loss=11.8203 cls=0.2328 smmd=0.2119 ct=10.8941 rec=1.2437 | train/val/test=0.859/0.741/0.739 | c=0.999488
[Epoch 0083] loss=12.1234 cls=0.3534 smmd=0.2365 ct=10.9352 rec=1.2244 | train/val/test=0.919/0.519/0.526 | c=0.999488
[Epoch 0084] loss=12.3400 cls=0.3853 smmd=0.3094 ct=11.0061 rec=1.2692 | train/val/test=0.970/0.757/0.751 | c=0.999488
[Epoch 0085] loss=11.7053 cls=0.1978 smmd=0.1993 ct=10.8679 rec=1.2122 | train/val/test=0.879/0.741/0.737 | c=0.999488
[Epoch 0086] loss=12.0627 cls=0.3130 smmd=0.2476 ct=10.9454 rec=1.2182 | train/val/test=0.929/0.626/0.625 | c=0.999488
[Epoch 0087] loss=12.2001 cls=0.3365 smmd=0.2894 ct=10.9828 rec=1.2744 | train/val/test=0.929/0.692/0.679 | c=0.999488
[Epoch 0088] loss=11.8228 cls=0.2256 smmd=0.2310 ct=10.8955 rec=1.2255 | train/val/test=0.899/0.744/0.738 | c=0.999488
[Epoch 0089] loss=12.1432 cls=0.3205 smmd=0.2921 ct=10.9665 rec=1.2187 | train/val/test=0.960/0.763/0.753 | c=0.999488
[Epoch 0090] loss=11.7127 cls=0.1840 smmd=0.1982 ct=10.9054 rec=1.2060 | train/val/test=0.949/0.694/0.680 | c=0.999488
[Epoch 0091] loss=11.9444 cls=0.2524 smmd=0.2649 ct=10.9297 rec=1.2252 | train/val/test=0.970/0.760/0.750 | c=0.999488
[Epoch 0092] loss=11.6581 cls=0.1715 smmd=0.1917 ct=10.8857 rec=1.1885 | train/val/test=0.960/0.777/0.769 | c=0.999488
[Epoch 0093] loss=11.8121 cls=0.1984 smmd=0.2221 ct=10.9545 rec=1.1936 | train/val/test=0.970/0.771/0.769 | c=0.999488
[Epoch 0094] loss=11.6793 cls=0.1570 smmd=0.2141 ct=10.9132 rec=1.1892 | train/val/test=0.960/0.738/0.732 | c=0.999488
[Epoch 0095] loss=11.6763 cls=0.1722 smmd=0.2148 ct=10.8791 rec=1.1894 | train/val/test=0.970/0.749/0.736 | c=0.999488
[Epoch 0096] loss=11.6949 cls=0.1782 smmd=0.2139 ct=10.8854 rec=1.1961 | train/val/test=0.980/0.775/0.765 | c=0.999488
[Epoch 0097] loss=11.6344 cls=0.1563 smmd=0.1817 ct=10.9027 rec=1.1871 | train/val/test=0.970/0.778/0.770 | c=0.999488
[Epoch 0098] loss=11.6329 cls=0.1427 smmd=0.2037 ct=10.9071 rec=1.1842 | train/val/test=0.949/0.765/0.757 | c=0.999488
[Epoch 0099] loss=11.6388 cls=0.1464 smmd=0.2166 ct=10.8920 rec=1.1867 | train/val/test=0.980/0.760/0.749 | c=0.999488
[Epoch 0100] loss=11.5612 cls=0.1387 smmd=0.1791 ct=10.8677 rec=1.1850 | train/val/test=0.980/0.766/0.754 | c=0.999488
[Epoch 0101] loss=11.6524 cls=0.1603 smmd=0.2007 ct=10.8929 rec=1.1908 | train/val/test=0.980/0.780/0.771 | c=0.999488
[Epoch 0102] loss=11.5342 cls=0.1253 smmd=0.1716 ct=10.8764 rec=1.1782 | train/val/test=0.980/0.773/0.762 | c=0.999488
[Epoch 0103] loss=11.5936 cls=0.1341 smmd=0.1995 ct=10.8890 rec=1.1851 | train/val/test=0.970/0.771/0.765 | c=0.999488
[Epoch 0104] loss=11.5503 cls=0.1214 smmd=0.1870 ct=10.8839 rec=1.1837 | train/val/test=0.980/0.773/0.763 | c=0.999488
[Epoch 0105] loss=11.5366 cls=0.1257 smmd=0.1739 ct=10.8749 rec=1.1817 | train/val/test=0.990/0.771/0.759 | c=0.999488
[Epoch 0106] loss=11.5542 cls=0.1306 smmd=0.1825 ct=10.8740 rec=1.1828 | train/val/test=0.980/0.765/0.756 | c=0.999488
[Epoch 0107] loss=11.5147 cls=0.1201 smmd=0.1709 ct=10.8671 rec=1.1815 | train/val/test=0.980/0.772/0.765 | c=0.999488
[Epoch 0108] loss=11.5241 cls=0.1145 smmd=0.1798 ct=10.8785 rec=1.1840 | train/val/test=0.980/0.776/0.767 | c=0.999488
[Epoch 0109] loss=11.5164 cls=0.1127 smmd=0.1753 ct=10.8792 rec=1.1821 | train/val/test=0.990/0.774/0.762 | c=0.999488
[Epoch 0110] loss=11.4901 cls=0.1142 smmd=0.1659 ct=10.8594 rec=1.1817 | train/val/test=0.980/0.763/0.753 | c=0.999488
[Epoch 0111] loss=11.5103 cls=0.1182 smmd=0.1755 ct=10.8617 rec=1.1839 | train/val/test=0.990/0.769/0.760 | c=0.999488
[Epoch 0112] loss=11.4728 cls=0.1078 smmd=0.1634 ct=10.8572 rec=1.1835 | train/val/test=0.980/0.775/0.766 | c=0.999488
[Epoch 0113] loss=11.4938 cls=0.1102 smmd=0.1660 ct=10.8705 rec=1.1847 | train/val/test=0.990/0.775/0.765 | c=0.999488
[Epoch 0114] loss=11.4661 cls=0.1066 smmd=0.1607 ct=10.8556 rec=1.1831 | train/val/test=0.980/0.766/0.757 | c=0.999488
[Epoch 0115] loss=11.4754 cls=0.1100 smmd=0.1681 ct=10.8502 rec=1.1856 | train/val/test=0.990/0.763/0.754 | c=0.999488
[Epoch 0116] loss=11.4621 cls=0.1085 smmd=0.1618 ct=10.8458 rec=1.1873 | train/val/test=0.980/0.775/0.762 | c=0.999488
[Epoch 0117] loss=11.4594 cls=0.1065 smmd=0.1574 ct=10.8518 rec=1.1865 | train/val/test=0.980/0.775/0.765 | c=0.999488
[Epoch 0118] loss=11.4553 cls=0.1058 smmd=0.1584 ct=10.8481 rec=1.1860 | train/val/test=0.990/0.765/0.755 | c=0.999488
[Epoch 0119] loss=11.4511 cls=0.1059 smmd=0.1622 ct=10.8394 rec=1.1885 | train/val/test=0.990/0.762/0.755 | c=0.999488
[Epoch 0120] loss=11.4457 cls=0.1057 smmd=0.1593 ct=10.8369 rec=1.1902 | train/val/test=0.990/0.772/0.760 | c=0.999488
[Epoch 0121] loss=11.4429 cls=0.1058 smmd=0.1541 ct=10.8394 rec=1.1892 | train/val/test=0.980/0.772/0.763 | c=0.999488
[Epoch 0122] loss=11.4373 cls=0.1038 smmd=0.1561 ct=10.8360 rec=1.1884 | train/val/test=0.990/0.767/0.756 | c=0.999488
[Epoch 0123] loss=11.4363 cls=0.1032 smmd=0.1608 ct=10.8309 rec=1.1912 | train/val/test=0.990/0.764/0.753 | c=0.999488
[Epoch 0124] loss=11.4304 cls=0.1038 smmd=0.1554 ct=10.8289 rec=1.1925 | train/val/test=0.980/0.774/0.762 | c=0.999488
[Epoch 0125] loss=11.4283 cls=0.1037 smmd=0.1526 ct=10.8302 rec=1.1905 | train/val/test=0.980/0.773/0.762 | c=0.999488
[Epoch 0126] loss=11.4208 cls=0.1007 smmd=0.1556 ct=10.8256 rec=1.1906 | train/val/test=0.990/0.766/0.754 | c=0.999488
[Epoch 0127] loss=11.4251 cls=0.1027 smmd=0.1593 ct=10.8216 rec=1.1941 | train/val/test=0.990/0.770/0.759 | c=0.999488
[Epoch 0128] loss=11.4115 cls=0.1000 smmd=0.1535 ct=10.8196 rec=1.1923 | train/val/test=0.980/0.774/0.764 | c=0.999488
[Epoch 0129] loss=11.4170 cls=0.1009 smmd=0.1547 ct=10.8223 rec=1.1915 | train/val/test=0.990/0.768/0.759 | c=0.999488
[Epoch 0130] loss=11.4076 cls=0.0994 smmd=0.1552 ct=10.8149 rec=1.1934 | train/val/test=0.990/0.769/0.759 | c=0.999488
[Epoch 0131] loss=11.4067 cls=0.0989 smmd=0.1558 ct=10.8142 rec=1.1943 | train/val/test=0.980/0.774/0.764 | c=0.999488
[Epoch 0132] loss=11.4032 cls=0.0981 smmd=0.1527 ct=10.8157 rec=1.1925 | train/val/test=0.990/0.777/0.764 | c=0.999488
[Epoch 0133] loss=11.3961 cls=0.0976 smmd=0.1524 ct=10.8100 rec=1.1924 | train/val/test=0.990/0.770/0.760 | c=0.999488
[Epoch 0134] loss=11.3980 cls=0.0974 smmd=0.1570 ct=10.8072 rec=1.1953 | train/val/test=0.990/0.776/0.765 | c=0.999488
[Epoch 0135] loss=11.3892 cls=0.0956 smmd=0.1525 ct=10.8068 rec=1.1936 | train/val/test=0.980/0.776/0.766 | c=0.999488
[Epoch 0136] loss=11.3906 cls=0.0958 smmd=0.1516 ct=10.8091 rec=1.1918 | train/val/test=0.990/0.773/0.763 | c=0.999488
[Epoch 0137] loss=11.3848 cls=0.0953 smmd=0.1535 ct=10.8015 rec=1.1958 | train/val/test=0.990/0.774/0.765 | c=0.999488
[Epoch 0138] loss=11.3809 cls=0.0938 smmd=0.1538 ct=10.8007 rec=1.1940 | train/val/test=0.990/0.777/0.768 | c=0.999488
[Epoch 0139] loss=11.3793 cls=0.0935 smmd=0.1515 ct=10.8024 rec=1.1921 | train/val/test=0.990/0.776/0.765 | c=0.999488
[Epoch 0140] loss=11.3749 cls=0.0931 smmd=0.1526 ct=10.7970 rec=1.1958 | train/val/test=0.990/0.775/0.765 | c=0.999488
[Epoch 0141] loss=11.3728 cls=0.0924 smmd=0.1541 ct=10.7951 rec=1.1941 | train/val/test=0.990/0.777/0.768 | c=0.999488
[Epoch 0142] loss=11.3673 cls=0.0911 smmd=0.1498 ct=10.7966 rec=1.1932 | train/val/test=0.990/0.777/0.766 | c=0.999488
[Epoch 0143] loss=11.3651 cls=0.0909 smmd=0.1498 ct=10.7944 rec=1.1954 | train/val/test=0.990/0.775/0.766 | c=0.999488
[Epoch 0144] loss=11.3619 cls=0.0905 smmd=0.1520 ct=10.7901 rec=1.1945 | train/val/test=0.990/0.778/0.767 | c=0.999488
[Epoch 0145] loss=11.3586 cls=0.0893 smmd=0.1526 ct=10.7883 rec=1.1949 | train/val/test=0.990/0.776/0.767 | c=0.999488
[Epoch 0146] loss=11.3543 cls=0.0889 smmd=0.1503 ct=10.7874 rec=1.1945 | train/val/test=0.990/0.776/0.766 | c=0.999488
[Epoch 0147] loss=11.3527 cls=0.0887 smmd=0.1514 ct=10.7845 rec=1.1966 | train/val/test=0.990/0.776/0.769 | c=0.999488
[Epoch 0148] loss=11.3483 cls=0.0871 smmd=0.1505 ct=10.7847 rec=1.1942 | train/val/test=0.990/0.774/0.766 | c=0.999488
[Epoch 0149] loss=11.3448 cls=0.0879 smmd=0.1483 ct=10.7812 rec=1.1972 | train/val/test=0.990/0.777/0.768 | c=0.999488
[Epoch 0150] loss=11.3435 cls=0.0860 smmd=0.1509 ct=10.7816 rec=1.1951 | train/val/test=0.990/0.771/0.764 | c=0.999488
[Epoch 0151] loss=11.3446 cls=0.0891 smmd=0.1501 ct=10.7763 rec=1.1998 | train/val/test=0.980/0.778/0.765 | c=0.999488
[Epoch 0152] loss=11.3565 cls=0.0881 smmd=0.1527 ct=10.7888 rec=1.1937 | train/val/test=0.980/0.747/0.748 | c=0.999488
[Epoch 0153] loss=11.4089 cls=0.1094 smmd=0.1569 ct=10.7896 rec=1.2181 | train/val/test=0.980/0.747/0.739 | c=0.999488
[Epoch 0154] loss=11.6378 cls=0.1623 smmd=0.2045 ct=10.8684 rec=1.2011 | train/val/test=0.848/0.524/0.549 | c=0.999488
[Epoch 0155] loss=12.3957 cls=0.4313 smmd=0.2930 ct=10.9822 rec=1.2891 | train/val/test=0.697/0.651/0.649 | c=0.999488
[Epoch 0156] loss=13.8757 cls=1.0116 smmd=0.5169 ct=11.0865 rec=1.2452 | train/val/test=0.808/0.495/0.506 | c=0.999488
[Epoch 0157] loss=13.0688 cls=0.6480 smmd=0.4339 ct=11.0859 rec=1.2650 | train/val/test=0.838/0.447/0.468 | c=0.999488
[Epoch 0158] loss=12.4998 cls=0.4295 smmd=0.3985 ct=10.9859 rec=1.2820 | train/val/test=0.677/0.605/0.606 | c=0.999488
[Epoch 0159] loss=14.3559 cls=1.1297 smmd=0.7134 ct=11.1263 rec=1.2844 | train/val/test=0.788/0.358/0.359 | c=0.999488
[Epoch 0160] loss=13.9071 cls=0.8612 smmd=0.6599 ct=11.2708 rec=1.2705 | train/val/test=0.717/0.403/0.424 | c=0.999488
[Epoch 0161] loss=13.7170 cls=0.8592 smmd=0.6130 ct=11.1259 rec=1.2987 | train/val/test=0.343/0.219/0.243 | c=0.999488
[Epoch 0162] loss=16.3721 cls=2.0008 smmd=0.9403 ct=11.1351 rec=1.4755 | train/val/test=0.687/0.622/0.617 | c=0.999488
[Epoch 0163] loss=15.0555 cls=1.2974 smmd=1.0226 ct=11.1820 rec=1.2800 | train/val/test=0.778/0.586/0.575 | c=0.999488
[Epoch 0164] loss=16.8149 cls=1.6542 smmd=1.8075 ct=11.4455 rec=1.2669 | train/val/test=0.848/0.512/0.510 | c=0.999488
[Epoch 0165] loss=17.7732 cls=1.8837 smmd=2.2457 ct=11.5009 rec=1.2953 | train/val/test=0.768/0.382/0.398 | c=0.999488
[Epoch 0166] loss=17.9368 cls=1.9898 smmd=2.2159 ct=11.4802 rec=1.3053 | train/val/test=0.828/0.501/0.496 | c=0.999488
[Epoch 0167] loss=16.0200 cls=1.3503 smmd=1.6880 ct=11.3790 rec=1.2623 | train/val/test=0.909/0.641/0.640 | c=0.999488
[Epoch 0168] loss=13.4877 cls=0.5126 smmd=1.0573 ct=11.1656 rec=1.1982 | train/val/test=0.919/0.738/0.730 | c=0.999488
[Epoch 0169] loss=12.8003 cls=0.2263 smmd=1.0841 ct=11.0244 rec=1.1958 | train/val/test=0.576/0.544/0.550 | c=0.999488
[Epoch 0170] loss=15.1275 cls=1.1343 smmd=1.4853 ct=11.1085 rec=1.3264 | train/val/test=0.869/0.728/0.738 | c=0.999488
[Epoch 0171] loss=13.0077 cls=0.3496 smmd=1.0580 ct=11.0083 rec=1.2116 | train/val/test=0.889/0.771/0.771 | c=0.999488
[Epoch 0172] loss=12.2895 cls=0.2379 smmd=0.6499 ct=10.9267 rec=1.1858 | train/val/test=0.899/0.698/0.689 | c=0.999488
[Epoch 0173] loss=12.5672 cls=0.3233 smmd=0.6804 ct=11.0055 rec=1.1738 | train/val/test=0.919/0.621/0.611 | c=0.999488
[Epoch 0174] loss=13.1722 cls=0.4725 smmd=0.8395 ct=11.1452 rec=1.2125 | train/val/test=0.889/0.615/0.601 | c=0.999488
[Epoch 0175] loss=13.0518 cls=0.4730 smmd=0.7477 ct=11.1123 rec=1.2290 | train/val/test=0.960/0.738/0.726 | c=0.999488
[Epoch 0176] loss=11.8779 cls=0.1248 smmd=0.4906 ct=10.9048 rec=1.1645 | train/val/test=0.970/0.783/0.781 | c=0.999488
[Epoch 0177] loss=11.9615 cls=0.1024 smmd=0.6012 ct=10.9208 rec=1.1744 | train/val/test=0.939/0.764/0.768 | c=0.999488
[Epoch 0178] loss=12.3948 cls=0.1562 smmd=0.8524 ct=10.9932 rec=1.1842 | train/val/test=0.919/0.718/0.721 | c=0.999488
[Epoch 0179] loss=12.6091 cls=0.2038 smmd=0.9329 ct=11.0299 rec=1.1929 | train/val/test=0.939/0.725/0.720 | c=0.999488
[Epoch 0180] loss=12.3306 cls=0.1463 smmd=0.8014 ct=10.9994 rec=1.1859 | train/val/test=0.990/0.756/0.751 | c=0.999488
[Epoch 0181] loss=11.8971 cls=0.0782 smmd=0.5868 ct=10.9200 rec=1.1689 | train/val/test=0.970/0.761/0.752 | c=0.999488
[Epoch 0182] loss=11.7615 cls=0.0812 smmd=0.4934 ct=10.8727 rec=1.1651 | train/val/test=0.970/0.740/0.726 | c=0.999488
[Epoch 0183] loss=11.9431 cls=0.1240 smmd=0.5469 ct=10.9145 rec=1.1692 | train/val/test=0.939/0.732/0.716 | c=0.999488
[Epoch 0184] loss=12.1288 cls=0.1673 smmd=0.5945 ct=10.9656 rec=1.1711 | train/val/test=0.949/0.742/0.732 | c=0.999488
[Epoch 0185] loss=12.0222 cls=0.1505 smmd=0.5358 ct=10.9522 rec=1.1656 | train/val/test=0.970/0.758/0.749 | c=0.999488
[Epoch 0186] loss=11.7736 cls=0.1013 smmd=0.4402 ct=10.8988 rec=1.1600 | train/val/test=0.980/0.767/0.757 | c=0.999488
[Epoch 0187] loss=11.6978 cls=0.0806 smmd=0.4231 ct=10.8815 rec=1.1595 | train/val/test=0.980/0.760/0.755 | c=0.999488
[Epoch 0188] loss=11.7959 cls=0.0806 smmd=0.4926 ct=10.9097 rec=1.1624 | train/val/test=0.990/0.758/0.755 | c=0.999488
[Epoch 0189] loss=11.8621 cls=0.0754 smmd=0.5484 ct=10.9298 rec=1.1652 | train/val/test=0.990/0.766/0.763 | c=0.999488
[Epoch 0190] loss=11.8078 cls=0.0574 smmd=0.5388 ct=10.9212 rec=1.1653 | train/val/test=0.990/0.777/0.771 | c=0.999488
[Epoch 0191] loss=11.7349 cls=0.0510 smmd=0.5011 ct=10.8984 rec=1.1673 | train/val/test=1.000/0.771/0.767 | c=0.999488
[Epoch 0192] loss=11.6717 cls=0.0550 smmd=0.4522 ct=10.8757 rec=1.1681 | train/val/test=0.980/0.768/0.757 | c=0.999488
[Epoch 0193] loss=11.6300 cls=0.0589 smmd=0.4172 ct=10.8621 rec=1.1645 | train/val/test=0.970/0.763/0.750 | c=0.999488
[Epoch 0194] loss=11.6502 cls=0.0726 smmd=0.4064 ct=10.8662 rec=1.1620 | train/val/test=0.980/0.755/0.747 | c=0.999488
[Epoch 0195] loss=11.6774 cls=0.0841 smmd=0.3983 ct=10.8785 rec=1.1621 | train/val/test=0.980/0.762/0.750 | c=0.999488
[Epoch 0196] loss=11.6450 cls=0.0794 smmd=0.3733 ct=10.8804 rec=1.1621 | train/val/test=0.980/0.768/0.760 | c=0.999488
[Epoch 0197] loss=11.5800 cls=0.0644 smmd=0.3460 ct=10.8729 rec=1.1621 | train/val/test=0.990/0.775/0.769 | c=0.999488
[Epoch 0198] loss=11.5507 cls=0.0529 smmd=0.3435 ct=10.8688 rec=1.1633 | train/val/test=1.000/0.775/0.768 | c=0.999488
[Epoch 0199] loss=11.5635 cls=0.0488 smmd=0.3627 ct=10.8702 rec=1.1652 | train/val/test=0.990/0.771/0.765 | c=0.999488
[Epoch 0200] loss=11.5625 cls=0.0467 smmd=0.3646 ct=10.8713 rec=1.1661 | train/val/test=0.990/0.770/0.761 | c=0.999488
[Epoch 0201] loss=11.5461 cls=0.0467 smmd=0.3515 ct=10.8680 rec=1.1658 | train/val/test=0.990/0.768/0.759 | c=0.999488
[Epoch 0202] loss=11.5153 cls=0.0477 smmd=0.3277 ct=10.8593 rec=1.1651 | train/val/test=0.990/0.771/0.761 | c=0.999488
[Epoch 0203] loss=11.4865 cls=0.0479 smmd=0.3074 ct=10.8504 rec=1.1646 | train/val/test=1.000/0.770/0.762 | c=0.999488
[Epoch 0204] loss=11.4821 cls=0.0509 smmd=0.2971 ct=10.8501 rec=1.1653 | train/val/test=1.000/0.770/0.762 | c=0.999488
[Epoch 0205] loss=11.4864 cls=0.0546 smmd=0.2897 ct=10.8542 rec=1.1661 | train/val/test=0.990/0.768/0.759 | c=0.999488
[Epoch 0206] loss=11.4747 cls=0.0534 smmd=0.2813 ct=10.8535 rec=1.1657 | train/val/test=0.990/0.766/0.758 | c=0.999488
[Epoch 0207] loss=11.4478 cls=0.0509 smmd=0.2619 ct=10.8509 rec=1.1656 | train/val/test=0.990/0.767/0.758 | c=0.999488
[Epoch 0208] loss=11.4335 cls=0.0477 smmd=0.2553 ct=10.8496 rec=1.1663 | train/val/test=1.000/0.770/0.760 | c=0.999488
[Epoch 0209] loss=11.4286 cls=0.0463 smmd=0.2542 ct=10.8482 rec=1.1677 | train/val/test=1.000/0.771/0.761 | c=0.999488
[Epoch 0210] loss=11.4326 cls=0.0486 smmd=0.2571 ct=10.8444 rec=1.1691 | train/val/test=1.000/0.771/0.760 | c=0.999488
[Epoch 0211] loss=11.4168 cls=0.0487 smmd=0.2480 ct=10.8376 rec=1.1691 | train/val/test=1.000/0.768/0.758 | c=0.999488
[Epoch 0212] loss=11.4003 cls=0.0490 smmd=0.2351 ct=10.8334 rec=1.1687 | train/val/test=1.000/0.767/0.758 | c=0.999488
[Epoch 0213] loss=11.3959 cls=0.0500 smmd=0.2283 ct=10.8340 rec=1.1687 | train/val/test=1.000/0.770/0.760 | c=0.999488
[Epoch 0214] loss=11.3918 cls=0.0503 smmd=0.2219 ct=10.8355 rec=1.1691 | train/val/test=1.000/0.768/0.761 | c=0.999488
[Epoch 0215] loss=11.3891 cls=0.0516 smmd=0.2164 ct=10.8355 rec=1.1702 | train/val/test=1.000/0.769/0.758 | c=0.999488
[Epoch 0216] loss=11.3772 cls=0.0511 smmd=0.2076 ct=10.8332 rec=1.1712 | train/val/test=1.000/0.767/0.757 | c=0.999488
[Epoch 0217] loss=11.3676 cls=0.0505 smmd=0.2015 ct=10.8308 rec=1.1719 | train/val/test=1.000/0.768/0.758 | c=0.999488
[Epoch 0218] loss=11.3641 cls=0.0499 smmd=0.2017 ct=10.8282 rec=1.1719 | train/val/test=1.000/0.769/0.761 | c=0.999488
[Epoch 0219] loss=11.3594 cls=0.0504 smmd=0.1988 ct=10.8253 rec=1.1717 | train/val/test=1.000/0.772/0.761 | c=0.999488
[Epoch 0220] loss=11.3534 cls=0.0512 smmd=0.1940 ct=10.8225 rec=1.1720 | train/val/test=1.000/0.771/0.759 | c=0.999488
[Epoch 0221] loss=11.3417 cls=0.0510 smmd=0.1846 ct=10.8205 rec=1.1729 | train/val/test=1.000/0.768/0.757 | c=0.999488
[Epoch 0222] loss=11.3427 cls=0.0519 smmd=0.1835 ct=10.8206 rec=1.1743 | train/val/test=1.000/0.770/0.757 | c=0.999488
[Epoch 0223] loss=11.3378 cls=0.0516 smmd=0.1798 ct=10.8200 rec=1.1743 | train/val/test=1.000/0.772/0.761 | c=0.999488
[Epoch 0224] loss=11.3321 cls=0.0514 smmd=0.1763 ct=10.8181 rec=1.1737 | train/val/test=1.000/0.773/0.761 | c=0.999488
[Epoch 0225] loss=11.3276 cls=0.0509 smmd=0.1755 ct=10.8155 rec=1.1738 | train/val/test=1.000/0.771/0.758 | c=0.999488
[Epoch 0226] loss=11.3214 cls=0.0511 smmd=0.1713 ct=10.8129 rec=1.1749 | train/val/test=1.000/0.771/0.758 | c=0.999488
[Epoch 0227] loss=11.3167 cls=0.0516 smmd=0.1679 ct=10.8104 rec=1.1758 | train/val/test=1.000/0.771/0.759 | c=0.999488
[Epoch 0228] loss=11.3133 cls=0.0518 smmd=0.1655 ct=10.8090 rec=1.1759 | train/val/test=1.000/0.772/0.760 | c=0.999488
[Epoch 0229] loss=11.3075 cls=0.0515 smmd=0.1605 ct=10.8088 rec=1.1758 | train/val/test=1.000/0.772/0.759 | c=0.999488
[Epoch 0230] loss=11.3034 cls=0.0513 smmd=0.1574 ct=10.8082 rec=1.1762 | train/val/test=1.000/0.772/0.759 | c=0.999488
[Epoch 0231] loss=11.3018 cls=0.0517 smmd=0.1576 ct=10.8055 rec=1.1768 | train/val/test=1.000/0.771/0.760 | c=0.999488
[Epoch 0232] loss=11.2967 cls=0.0522 smmd=0.1545 ct=10.8024 rec=1.1773 | train/val/test=1.000/0.772/0.760 | c=0.999488
[Epoch 0233] loss=11.2944 cls=0.0523 smmd=0.1538 ct=10.8006 rec=1.1777 | train/val/test=1.000/0.771/0.760 | c=0.999488
[Epoch 0234] loss=11.2920 cls=0.0519 smmd=0.1532 ct=10.7994 rec=1.1781 | train/val/test=1.000/0.773/0.760 | c=0.999488
[Epoch 0235] loss=11.2882 cls=0.0519 smmd=0.1502 ct=10.7984 rec=1.1784 | train/val/test=1.000/0.772/0.761 | c=0.999488
[Epoch 0236] loss=11.2862 cls=0.0523 smmd=0.1491 ct=10.7968 rec=1.1787 | train/val/test=1.000/0.772/0.761 | c=0.999488
[Epoch 0237] loss=11.2835 cls=0.0529 smmd=0.1468 ct=10.7951 rec=1.1794 | train/val/test=1.000/0.772/0.761 | c=0.999488
[Epoch 0238] loss=11.2805 cls=0.0531 smmd=0.1450 ct=10.7932 rec=1.1803 | train/val/test=1.000/0.772/0.761 | c=0.999488
[Epoch 0239] loss=11.2785 cls=0.0531 smmd=0.1446 ct=10.7915 rec=1.1807 | train/val/test=1.000/0.773/0.762 | c=0.999488
[Epoch 0240] loss=11.2764 cls=0.0531 smmd=0.1439 ct=10.7901 rec=1.1807 | train/val/test=1.000/0.774/0.763 | c=0.999488
[Epoch 0241] loss=11.2753 cls=0.0534 smmd=0.1438 ct=10.7886 rec=1.1812 | train/val/test=1.000/0.773/0.762 | c=0.999488
[Epoch 0242] loss=11.2723 cls=0.0537 smmd=0.1424 ct=10.7861 rec=1.1822 | train/val/test=1.000/0.773/0.762 | c=0.999488
[Epoch 0243] loss=11.2715 cls=0.0542 smmd=0.1424 ct=10.7842 rec=1.1831 | train/val/test=1.000/0.774/0.762 | c=0.999488
[Epoch 0244] loss=11.2702 cls=0.0544 smmd=0.1415 ct=10.7831 rec=1.1832 | train/val/test=1.000/0.774/0.763 | c=0.999488
[Epoch 0245] loss=11.2674 cls=0.0547 smmd=0.1391 ct=10.7823 rec=1.1835 | train/val/test=1.000/0.773/0.762 | c=0.999488
[Epoch 0246] loss=11.2667 cls=0.0547 smmd=0.1395 ct=10.7809 rec=1.1844 | train/val/test=1.000/0.773/0.762 | c=0.999488
[Epoch 0247] loss=11.2659 cls=0.0549 smmd=0.1399 ct=10.7792 rec=1.1853 | train/val/test=1.000/0.772/0.763 | c=0.999488
[Epoch 0248] loss=11.2630 cls=0.0552 smmd=0.1385 ct=10.7771 rec=1.1856 | train/val/test=1.000/0.772/0.763 | c=0.999488
[Epoch 0249] loss=11.2633 cls=0.0557 smmd=0.1399 ct=10.7748 rec=1.1862 | train/val/test=1.000/0.772/0.763 | c=0.999488
[Epoch 0250] loss=11.2612 cls=0.0560 smmd=0.1387 ct=10.7731 rec=1.1871 | train/val/test=1.000/0.773/0.763 | c=0.999488
[Epoch 0251] loss=11.2594 cls=0.0561 smmd=0.1376 ct=10.7722 rec=1.1876 | train/val/test=1.000/0.773/0.764 | c=0.999488
[Epoch 0252] loss=11.2585 cls=0.0562 smmd=0.1374 ct=10.7711 rec=1.1878 | train/val/test=1.000/0.772/0.764 | c=0.999488
[Epoch 0253] loss=11.2584 cls=0.0565 smmd=0.1385 ct=10.7691 rec=1.1885 | train/val/test=1.000/0.772/0.764 | c=0.999488
[Epoch 0254] loss=11.2558 cls=0.0569 smmd=0.1370 ct=10.7672 rec=1.1894 | train/val/test=1.000/0.773/0.764 | c=0.999488
[Epoch 0255] loss=11.2551 cls=0.0570 smmd=0.1372 ct=10.7659 rec=1.1898 | train/val/test=1.000/0.773/0.764 | c=0.999488
[Epoch 0256] loss=11.2538 cls=0.0572 smmd=0.1367 ct=10.7647 rec=1.1902 | train/val/test=1.000/0.772/0.764 | c=0.999488
[Epoch 0257] loss=11.2535 cls=0.0574 smmd=0.1374 ct=10.7631 rec=1.1909 | train/val/test=1.000/0.773/0.764 | c=0.999488
[Epoch 0258] loss=11.2522 cls=0.0576 smmd=0.1372 ct=10.7614 rec=1.1914 | train/val/test=1.000/0.772/0.765 | c=0.999488
[Epoch 0259] loss=11.2510 cls=0.0577 smmd=0.1370 ct=10.7602 rec=1.1916 | train/val/test=1.000/0.772/0.765 | c=0.999488
[Epoch 0260] loss=11.2494 cls=0.0578 smmd=0.1362 ct=10.7591 rec=1.1922 | train/val/test=1.000/0.773/0.764 | c=0.999488
[Epoch 0261] loss=11.2483 cls=0.0580 smmd=0.1358 ct=10.7578 rec=1.1927 | train/val/test=1.000/0.773/0.765 | c=0.999488
[Epoch 0262] loss=11.2474 cls=0.0582 smmd=0.1360 ct=10.7565 rec=1.1928 | train/val/test=1.000/0.773/0.765 | c=0.999488
[Epoch 0263] loss=11.2469 cls=0.0583 smmd=0.1364 ct=10.7553 rec=1.1932 | train/val/test=1.000/0.773/0.765 | c=0.999488
[Epoch 0264] loss=11.2467 cls=0.0584 smmd=0.1371 ct=10.7540 rec=1.1940 | train/val/test=1.000/0.773/0.765 | c=0.999488
[Epoch 0265] loss=11.2448 cls=0.0584 smmd=0.1359 ct=10.7532 rec=1.1940 | train/val/test=1.000/0.774/0.765 | c=0.999488
[Epoch 0266] loss=11.2432 cls=0.0584 smmd=0.1354 ct=10.7522 rec=1.1938 | train/val/test=1.000/0.774/0.765 | c=0.999488
[Epoch 0267] loss=11.2423 cls=0.0586 smmd=0.1358 ct=10.7505 rec=1.1945 | train/val/test=1.000/0.774/0.766 | c=0.999488
[Epoch 0268] loss=11.2417 cls=0.0587 smmd=0.1362 ct=10.7490 rec=1.1951 | train/val/test=1.000/0.775/0.766 | c=0.999488
[Epoch 0269] loss=11.2399 cls=0.0587 smmd=0.1356 ct=10.7481 rec=1.1948 | train/val/test=1.000/0.775/0.766 | c=0.999488
[Epoch 0270] loss=11.2395 cls=0.0586 smmd=0.1360 ct=10.7472 rec=1.1949 | train/val/test=1.000/0.775/0.766 | c=0.999488
[Epoch 0271] loss=11.2386 cls=0.0587 smmd=0.1360 ct=10.7462 rec=1.1955 | train/val/test=1.000/0.775/0.767 | c=0.999488
[Epoch 0272] loss=11.2376 cls=0.0587 smmd=0.1360 ct=10.7450 rec=1.1957 | train/val/test=1.000/0.775/0.766 | c=0.999488
[Epoch 0273] loss=11.2352 cls=0.0587 smmd=0.1348 ct=10.7438 rec=1.1957 | train/val/test=1.000/0.776/0.766 | c=0.999488
[Epoch 0274] loss=11.2354 cls=0.0587 smmd=0.1361 ct=10.7428 rec=1.1959 | train/val/test=1.000/0.776/0.767 | c=0.999488
[Epoch 0275] loss=11.2344 cls=0.0586 smmd=0.1360 ct=10.7419 rec=1.1961 | train/val/test=1.000/0.777/0.767 | c=0.999488
[Epoch 0276] loss=11.2332 cls=0.0586 smmd=0.1358 ct=10.7409 rec=1.1961 | train/val/test=1.000/0.777/0.767 | c=0.999488
[Epoch 0277] loss=11.2321 cls=0.0586 smmd=0.1357 ct=10.7399 rec=1.1964 | train/val/test=1.000/0.777/0.767 | c=0.999488
[Epoch 0278] loss=11.2312 cls=0.0586 smmd=0.1358 ct=10.7390 rec=1.1965 | train/val/test=1.000/0.777/0.767 | c=0.999488
[Epoch 0279] loss=11.2307 cls=0.0585 smmd=0.1362 ct=10.7382 rec=1.1966 | train/val/test=1.000/0.777/0.767 | c=0.999488
[Epoch 0280] loss=11.2292 cls=0.0585 smmd=0.1358 ct=10.7371 rec=1.1968 | train/val/test=1.000/0.777/0.768 | c=0.999488
[Epoch 0281] loss=11.2274 cls=0.0584 smmd=0.1350 ct=10.7361 rec=1.1969 | train/val/test=1.000/0.778/0.767 | c=0.999488
[Epoch 0282] loss=11.2273 cls=0.0584 smmd=0.1357 ct=10.7354 rec=1.1971 | train/val/test=1.000/0.777/0.767 | c=0.999488
[Epoch 0283] loss=11.2246 cls=0.0583 smmd=0.1339 ct=10.7345 rec=1.1974 | train/val/test=1.000/0.777/0.767 | c=0.999488
[Epoch 0284] loss=11.2244 cls=0.0583 smmd=0.1347 ct=10.7337 rec=1.1973 | train/val/test=1.000/0.778/0.767 | c=0.999488
[Epoch 0285] loss=11.2232 cls=0.0582 smmd=0.1347 ct=10.7327 rec=1.1974 | train/val/test=1.000/0.777/0.767 | c=0.999488
[Epoch 0286] loss=11.2229 cls=0.0582 smmd=0.1357 ct=10.7313 rec=1.1979 | train/val/test=1.000/0.778/0.768 | c=0.999488
[Epoch 0287] loss=11.2218 cls=0.0581 smmd=0.1359 ct=10.7301 rec=1.1979 | train/val/test=1.000/0.778/0.768 | c=0.999488
[Epoch 0288] loss=11.2201 cls=0.0580 smmd=0.1352 ct=10.7294 rec=1.1978 | train/val/test=1.000/0.778/0.768 | c=0.999488
[Epoch 0289] loss=11.2188 cls=0.0580 smmd=0.1344 ct=10.7288 rec=1.1982 | train/val/test=1.000/0.778/0.768 | c=0.999488
[Epoch 0290] loss=11.2184 cls=0.0579 smmd=0.1345 ct=10.7285 rec=1.1984 | train/val/test=1.000/0.777/0.768 | c=0.999488
[Epoch 0291] loss=11.2178 cls=0.0578 smmd=0.1349 ct=10.7278 rec=1.1983 | train/val/test=1.000/0.778/0.768 | c=0.999488
[Epoch 0292] loss=11.2157 cls=0.0577 smmd=0.1340 ct=10.7265 rec=1.1986 | train/val/test=1.000/0.778/0.768 | c=0.999488
[Epoch 0293] loss=11.2143 cls=0.0576 smmd=0.1338 ct=10.7255 rec=1.1987 | train/val/test=1.000/0.778/0.768 | c=0.999488
[Epoch 0294] loss=11.2143 cls=0.0576 smmd=0.1347 ct=10.7247 rec=1.1989 | train/val/test=1.000/0.777/0.768 | c=0.999488
[Epoch 0295] loss=11.2135 cls=0.0575 smmd=0.1352 ct=10.7236 rec=1.1990 | train/val/test=1.000/0.777/0.769 | c=0.999488
[Epoch 0296] loss=11.2120 cls=0.0574 smmd=0.1347 ct=10.7227 rec=1.1991 | train/val/test=1.000/0.777/0.769 | c=0.999488
[Epoch 0297] loss=11.2113 cls=0.0573 smmd=0.1349 ct=10.7220 rec=1.1993 | train/val/test=1.000/0.777/0.769 | c=0.999488
[Epoch 0298] loss=11.2092 cls=0.0572 smmd=0.1336 ct=10.7213 rec=1.1994 | train/val/test=1.000/0.778/0.769 | c=0.999488
[Epoch 0299] loss=11.2082 cls=0.0571 smmd=0.1333 ct=10.7207 rec=1.1995 | train/val/test=1.000/0.777/0.769 | c=0.999488
[Epoch 0300] loss=11.2086 cls=0.0571 smmd=0.1347 ct=10.7199 rec=1.1997 | train/val/test=1.000/0.777/0.769 | c=0.999488
[Epoch 0301] loss=11.2074 cls=0.0569 smmd=0.1346 ct=10.7190 rec=1.1997 | train/val/test=1.000/0.777/0.769 | c=0.999488
[Epoch 0302] loss=11.2050 cls=0.0569 smmd=0.1333 ct=10.7180 rec=1.1999 | train/val/test=1.000/0.777/0.769 | c=0.999488
[Epoch 0303] loss=11.2041 cls=0.0568 smmd=0.1334 ct=10.7171 rec=1.2001 | train/val/test=1.000/0.777/0.769 | c=0.999488
[Epoch 0304] loss=11.2033 cls=0.0567 smmd=0.1336 ct=10.7164 rec=1.1999 | train/val/test=1.000/0.777/0.769 | c=0.999488
[Epoch 0305] loss=11.2033 cls=0.0566 smmd=0.1343 ct=10.7157 rec=1.2003 | train/val/test=1.000/0.777/0.769 | c=0.999488
[Epoch 0306] loss=11.2020 cls=0.0565 smmd=0.1338 ct=10.7151 rec=1.2004 | train/val/test=1.000/0.777/0.769 | c=0.999488
[Epoch 0307] loss=11.2005 cls=0.0563 smmd=0.1335 ct=10.7143 rec=1.2002 | train/val/test=1.000/0.777/0.769 | c=0.999488
[Epoch 0308] loss=11.1996 cls=0.0563 smmd=0.1338 ct=10.7131 rec=1.2006 | train/val/test=1.000/0.777/0.769 | c=0.999488
[Epoch 0309] loss=11.1984 cls=0.0562 smmd=0.1337 ct=10.7122 rec=1.2006 | train/val/test=1.000/0.777/0.769 | c=0.999488
[Epoch 0310] loss=11.1983 cls=0.0561 smmd=0.1343 ct=10.7117 rec=1.2005 | train/val/test=1.000/0.777/0.769 | c=0.999488
[Epoch 0311] loss=11.1961 cls=0.0560 smmd=0.1327 ct=10.7113 rec=1.2008 | train/val/test=1.000/0.776/0.769 | c=0.999488
[Epoch 0312] loss=11.1954 cls=0.0559 smmd=0.1327 ct=10.7109 rec=1.2007 | train/val/test=1.000/0.776/0.769 | c=0.999488
[Epoch 0313] loss=11.1951 cls=0.0558 smmd=0.1334 ct=10.7100 rec=1.2009 | train/val/test=1.000/0.777/0.769 | c=0.999488
[Epoch 0314] loss=11.1943 cls=0.0556 smmd=0.1337 ct=10.7091 rec=1.2010 | train/val/test=1.000/0.775/0.769 | c=0.999488
[Epoch 0315] loss=11.1934 cls=0.0555 smmd=0.1338 ct=10.7084 rec=1.2010 | train/val/test=1.000/0.775/0.769 | c=0.999488
[Epoch 0316] loss=11.1913 cls=0.0554 smmd=0.1327 ct=10.7075 rec=1.2011 | train/val/test=1.000/0.775/0.769 | c=0.999488
[Epoch 0317] loss=11.1906 cls=0.0554 smmd=0.1329 ct=10.7067 rec=1.2013 | train/val/test=1.000/0.776/0.770 | c=0.999488
[Epoch 0318] loss=11.1903 cls=0.0553 smmd=0.1336 ct=10.7059 rec=1.2013 | train/val/test=1.000/0.775/0.770 | c=0.999488
[Epoch 0319] loss=11.1879 cls=0.0551 smmd=0.1321 ct=10.7054 rec=1.2012 | train/val/test=1.000/0.775/0.770 | c=0.999488
[Epoch 0320] loss=11.1885 cls=0.0550 smmd=0.1336 ct=10.7046 rec=1.2014 | train/val/test=1.000/0.776/0.770 | c=0.999488
[Epoch 0321] loss=11.1861 cls=0.0550 smmd=0.1321 ct=10.7038 rec=1.2017 | train/val/test=1.000/0.776/0.770 | c=0.999488
[Epoch 0322] loss=11.1864 cls=0.0548 smmd=0.1331 ct=10.7034 rec=1.2013 | train/val/test=1.000/0.776/0.770 | c=0.999488
[Epoch 0323] loss=11.1860 cls=0.0547 smmd=0.1333 ct=10.7029 rec=1.2017 | train/val/test=1.000/0.775/0.770 | c=0.999488
[Epoch 0324] loss=11.1843 cls=0.0546 smmd=0.1326 ct=10.7022 rec=1.2018 | train/val/test=1.000/0.776/0.770 | c=0.999488
[Epoch 0325] loss=11.1829 cls=0.0545 smmd=0.1325 ct=10.7013 rec=1.2015 | train/val/test=1.000/0.776/0.770 | c=0.999488
[Epoch 0326] loss=11.1823 cls=0.0544 smmd=0.1329 ct=10.7002 rec=1.2019 | train/val/test=1.000/0.775/0.770 | c=0.999488
[Epoch 0327] loss=11.1810 cls=0.0543 smmd=0.1322 ct=10.6999 rec=1.2018 | train/val/test=1.000/0.776/0.770 | c=0.999488
[Epoch 0328] loss=11.1797 cls=0.0542 smmd=0.1315 ct=10.6994 rec=1.2020 | train/val/test=1.000/0.775/0.770 | c=0.999488
[Epoch 0329] loss=11.1806 cls=0.0540 smmd=0.1332 ct=10.6989 rec=1.2020 | train/val/test=1.000/0.775/0.770 | c=0.999488
[Epoch 0330] loss=11.1796 cls=0.0539 smmd=0.1331 ct=10.6981 rec=1.2020 | train/val/test=1.000/0.776/0.770 | c=0.999488
[Epoch 0331] loss=11.1771 cls=0.0539 smmd=0.1316 ct=10.6973 rec=1.2021 | train/val/test=1.000/0.775/0.770 | c=0.999488
[Epoch 0332] loss=11.1772 cls=0.0537 smmd=0.1326 ct=10.6966 rec=1.2021 | train/val/test=1.000/0.775/0.770 | c=0.999488
[Epoch 0333] loss=11.1760 cls=0.0536 smmd=0.1323 ct=10.6960 rec=1.2024 | train/val/test=1.000/0.776/0.770 | c=0.999488
[Epoch 0334] loss=11.1750 cls=0.0535 smmd=0.1321 ct=10.6954 rec=1.2020 | train/val/test=1.000/0.775/0.770 | c=0.999488
[Epoch 0335] loss=11.1744 cls=0.0535 smmd=0.1324 ct=10.6946 rec=1.2025 | train/val/test=1.000/0.775/0.770 | c=0.999488
[Epoch 0336] loss=11.1732 cls=0.0533 smmd=0.1319 ct=10.6942 rec=1.2024 | train/val/test=1.000/0.777/0.770 | c=0.999488
[Epoch 0337] loss=11.1728 cls=0.0532 smmd=0.1323 ct=10.6936 rec=1.2021 | train/val/test=1.000/0.775/0.770 | c=0.999488
[Epoch 0338] loss=11.1714 cls=0.0531 smmd=0.1318 ct=10.6928 rec=1.2026 | train/val/test=1.000/0.776/0.770 | c=0.999488
[Epoch 0339] loss=11.1708 cls=0.0530 smmd=0.1318 ct=10.6925 rec=1.2023 | train/val/test=1.000/0.775/0.770 | c=0.999488
[Epoch 0340] loss=11.1696 cls=0.0529 smmd=0.1313 ct=10.6918 rec=1.2028 | train/val/test=1.000/0.776/0.770 | c=0.999488
[Epoch 0341] loss=11.1681 cls=0.0528 smmd=0.1307 ct=10.6914 rec=1.2023 | train/val/test=1.000/0.775/0.770 | c=0.999488
[Epoch 0342] loss=11.1676 cls=0.0527 smmd=0.1313 ct=10.6902 rec=1.2030 | train/val/test=1.000/0.776/0.770 | c=0.999488
[Epoch 0343] loss=11.1675 cls=0.0526 smmd=0.1322 ct=10.6898 rec=1.2023 | train/val/test=1.000/0.775/0.770 | c=0.999488
[Epoch 0344] loss=11.1668 cls=0.0525 smmd=0.1323 ct=10.6889 rec=1.2029 | train/val/test=1.000/0.775/0.770 | c=0.999488
[Epoch 0345] loss=11.1658 cls=0.0524 smmd=0.1318 ct=10.6887 rec=1.2026 | train/val/test=1.000/0.775/0.770 | c=0.999488
[Epoch 0346] loss=11.1640 cls=0.0523 smmd=0.1306 ct=10.6882 rec=1.2029 | train/val/test=1.000/0.776/0.770 | c=0.999488
[Epoch 0347] loss=11.1644 cls=0.0522 smmd=0.1319 ct=10.6876 rec=1.2027 | train/val/test=1.000/0.775/0.770 | c=0.999488
[Epoch 0348] loss=11.1630 cls=0.0521 smmd=0.1314 ct=10.6868 rec=1.2030 | train/val/test=1.000/0.776/0.770 | c=0.999488
[Epoch 0349] loss=11.1620 cls=0.0520 smmd=0.1311 ct=10.6864 rec=1.2028 | train/val/test=1.000/0.775/0.770 | c=0.999488
[Epoch 0350] loss=11.1614 cls=0.0519 smmd=0.1315 ct=10.6855 rec=1.2031 | train/val/test=1.000/0.776/0.770 | c=0.999488
[Epoch 0351] loss=11.1607 cls=0.0518 smmd=0.1317 ct=10.6849 rec=1.2029 | train/val/test=1.000/0.776/0.771 | c=0.999488
[Epoch 0352] loss=11.1598 cls=0.0517 smmd=0.1312 ct=10.6846 rec=1.2030 | train/val/test=1.000/0.775/0.770 | c=0.999488
[Epoch 0353] loss=11.1587 cls=0.0516 smmd=0.1307 ct=10.6842 rec=1.2031 | train/val/test=1.000/0.775/0.770 | c=0.999488
[Epoch 0354] loss=11.1585 cls=0.0515 smmd=0.1312 ct=10.6836 rec=1.2033 | train/val/test=1.000/0.776/0.770 | c=0.999488
[Epoch 0355] loss=11.1570 cls=0.0513 smmd=0.1309 ct=10.6829 rec=1.2028 | train/val/test=1.000/0.775/0.770 | c=0.999488
[Epoch 0356] loss=11.1566 cls=0.0513 smmd=0.1316 ct=10.6817 rec=1.2036 | train/val/test=1.000/0.776/0.770 | c=0.999488
[Epoch 0357] loss=11.1557 cls=0.0512 smmd=0.1313 ct=10.6815 rec=1.2030 | train/val/test=1.000/0.775/0.771 | c=0.999488
[Epoch 0358] loss=11.1550 cls=0.0511 smmd=0.1309 ct=10.6811 rec=1.2036 | train/val/test=1.000/0.776/0.770 | c=0.999488
[Epoch 0359] loss=11.1549 cls=0.0509 smmd=0.1315 ct=10.6810 rec=1.2027 | train/val/test=1.000/0.776/0.771 | c=0.999488
[Epoch 0360] loss=11.1534 cls=0.0511 smmd=0.1309 ct=10.6794 rec=1.2045 | train/val/test=1.000/0.774/0.770 | c=0.999488
[Epoch 0361] loss=11.1530 cls=0.0508 smmd=0.1309 ct=10.6801 rec=1.2019 | train/val/test=1.000/0.775/0.770 | c=0.999488
[Epoch 0362] loss=11.1529 cls=0.0513 smmd=0.1302 ct=10.6789 rec=1.2061 | train/val/test=1.000/0.775/0.769 | c=0.999488
[Epoch 0363] loss=11.1547 cls=0.0512 smmd=0.1310 ct=10.6813 rec=1.2002 | train/val/test=1.000/0.772/0.769 | c=0.999488
[Epoch 0364] loss=11.1593 cls=0.0536 smmd=0.1311 ct=10.6788 rec=1.2113 | train/val/test=1.000/0.776/0.766 | c=0.999488
[Epoch 0365] loss=11.1775 cls=0.0570 smmd=0.1354 ct=10.6886 rec=1.1973 | train/val/test=0.990/0.764/0.757 | c=0.999488
[Epoch 0366] loss=11.2285 cls=0.0730 smmd=0.1391 ct=10.6967 rec=1.2335 | train/val/test=0.949/0.751/0.747 | c=0.999488
[Epoch 0367] loss=11.4687 cls=0.1527 smmd=0.1708 ct=10.7500 rec=1.2123 | train/val/test=0.869/0.407/0.417 | c=0.999488
[Epoch 0368] loss=12.7602 cls=0.5806 smmd=0.3021 ct=11.0464 rec=1.2523 | train/val/test=0.384/0.236/0.229 | c=0.999488
[Epoch 0369] loss=16.1456 cls=2.0875 smmd=0.6272 ct=11.0680 rec=1.3772 | train/val/test=0.141/0.053/0.056 | c=0.999488
[Epoch 0370] loss=24.7735 cls=5.5601 smmd=1.9007 ct=11.4385 rec=1.5706 | train/val/test=0.646/0.409/0.422 | c=0.999488
[Epoch 0371] loss=18.6180 cls=1.8705 smmd=3.1000 ct=11.5079 rec=1.3455 | train/val/test=0.677/0.616/0.614 | c=0.999488
[Epoch 0372] loss=19.9893 cls=2.0972 smmd=3.9801 ct=11.5521 rec=1.3135 | train/val/test=0.667/0.632/0.617 | c=0.999488
[Epoch 0373] loss=20.5423 cls=2.1392 smmd=4.4318 ct=11.5716 rec=1.3033 | train/val/test=0.737/0.719/0.729 | c=0.999488
[Epoch 0374] loss=20.2265 cls=1.8960 smmd=4.6035 ct=11.5724 rec=1.2930 | train/val/test=0.768/0.557/0.561 | c=0.999488
[Epoch 0375] loss=20.1268 cls=1.8403 smmd=4.6232 ct=11.5603 rec=1.3138 | train/val/test=0.828/0.614/0.619 | c=0.999488
[Epoch 0376] loss=19.6595 cls=1.6590 smmd=4.5383 ct=11.5412 rec=1.3102 | train/val/test=0.657/0.585/0.584 | c=0.999488
[Epoch 0377] loss=19.6941 cls=1.7917 smmd=4.3293 ct=11.5161 rec=1.3264 | train/val/test=0.838/0.749/0.750 | c=0.999488
[Epoch 0378] loss=18.2152 cls=1.2604 smmd=3.9756 ct=11.4686 rec=1.2512 | train/val/test=0.778/0.753/0.750 | c=0.999488
[Epoch 0379] loss=17.2634 cls=1.0581 smmd=3.4795 ct=11.4192 rec=1.2433 | train/val/test=0.869/0.793/0.798 | c=0.999488
[Epoch 0380] loss=15.3809 cls=0.4696 smmd=2.8409 ct=11.3607 rec=1.2004 | train/val/test=0.949/0.734/0.733 | c=0.999488
[Epoch 0381] loss=14.1503 cls=0.2140 smmd=2.2371 ct=11.2456 rec=1.1982 | train/val/test=0.818/0.634/0.637 | c=0.999488
[Epoch 0382] loss=14.1923 cls=0.4911 smmd=1.9025 ct=11.0657 rec=1.2098 | train/val/test=0.939/0.695/0.690 | c=0.999488
[Epoch 0383] loss=13.3577 cls=0.2345 smmd=1.7191 ct=10.9350 rec=1.1729 | train/val/test=0.929/0.751/0.739 | c=0.999488
[Epoch 0384] loss=13.3671 cls=0.1796 smmd=1.7129 ct=11.0604 rec=1.1729 | train/val/test=0.869/0.703/0.701 | c=0.999488
[Epoch 0385] loss=13.8994 cls=0.3612 smmd=1.7745 ct=11.1629 rec=1.1976 | train/val/test=0.919/0.733/0.735 | c=0.999488
[Epoch 0386] loss=13.5534 cls=0.2110 smmd=1.7219 ct=11.1721 rec=1.1878 | train/val/test=0.949/0.724/0.720 | c=0.999488
[Epoch 0387] loss=13.3348 cls=0.1505 smmd=1.6484 ct=11.1500 rec=1.1771 | train/val/test=0.939/0.726/0.726 | c=0.999488
[Epoch 0388] loss=13.2336 cls=0.1524 smmd=1.5816 ct=11.1115 rec=1.1785 | train/val/test=0.970/0.739/0.737 | c=0.999488
[Epoch 0389] loss=13.0624 cls=0.1438 smmd=1.4998 ct=11.0397 rec=1.1770 | train/val/test=0.980/0.757/0.747 | c=0.999488
[Epoch 0390] loss=12.7861 cls=0.1140 smmd=1.3812 ct=10.9421 rec=1.1742 | train/val/test=0.980/0.759/0.749 | c=0.999488
[Epoch 0391] loss=12.6797 cls=0.1224 smmd=1.3005 ct=10.8998 rec=1.1727 | train/val/test=0.990/0.763/0.755 | c=0.999488
[Epoch 0392] loss=12.5675 cls=0.1094 smmd=1.2069 ct=10.9087 rec=1.1652 | train/val/test=0.980/0.757/0.751 | c=0.999488
[Epoch 0393] loss=12.5163 cls=0.1214 smmd=1.1184 ct=10.9227 rec=1.1623 | train/val/test=0.960/0.745/0.739 | c=0.999488
[Epoch 0394] loss=12.4377 cls=0.1331 smmd=1.0274 ct=10.9111 rec=1.1650 | train/val/test=0.960/0.749/0.742 | c=0.999488
[Epoch 0395] loss=12.2880 cls=0.1103 smmd=0.9564 ct=10.8782 rec=1.1642 | train/val/test=0.980/0.762/0.751 | c=0.999488
[Epoch 0396] loss=12.1835 cls=0.0816 smmd=0.9314 ct=10.8556 rec=1.1663 | train/val/test=0.990/0.762/0.752 | c=0.999488
[Epoch 0397] loss=12.1602 cls=0.0611 smmd=0.9460 ct=10.8571 rec=1.1747 | train/val/test=0.990/0.759/0.751 | c=0.999488
[Epoch 0398] loss=12.1544 cls=0.0529 smmd=0.9466 ct=10.8667 rec=1.1765 | train/val/test=0.990/0.767/0.755 | c=0.999488
[Epoch 0399] loss=12.1025 cls=0.0536 smmd=0.8964 ct=10.8651 rec=1.1691 | train/val/test=0.990/0.761/0.754 | c=0.999488
[Epoch 0400] loss=12.0526 cls=0.0693 smmd=0.8296 ct=10.8517 rec=1.1631 | train/val/test=0.990/0.764/0.760 | c=0.999488
[Epoch 0401] loss=11.9673 cls=0.0725 smmd=0.7555 ct=10.8348 rec=1.1603 | train/val/test=0.990/0.774/0.765 | c=0.999488
[Epoch 0402] loss=11.9072 cls=0.0665 smmd=0.7082 ct=10.8339 rec=1.1601 | train/val/test=0.990/0.778/0.767 | c=0.999488
[Epoch 0403] loss=11.8885 cls=0.0646 smmd=0.6781 ct=10.8489 rec=1.1618 | train/val/test=0.990/0.777/0.765 | c=0.999488
[Epoch 0404] loss=11.8506 cls=0.0576 smmd=0.6504 ct=10.8523 rec=1.1637 | train/val/test=0.990/0.777/0.763 | c=0.999488
[Epoch 0405] loss=11.7849 cls=0.0445 smmd=0.6224 ct=10.8406 rec=1.1649 | train/val/test=0.990/0.767/0.757 | c=0.999488
[Epoch 0406] loss=11.7532 cls=0.0404 smmd=0.6063 ct=10.8331 rec=1.1650 | train/val/test=0.990/0.761/0.749 | c=0.999488
[Epoch 0407] loss=11.7530 cls=0.0419 smmd=0.6023 ct=10.8339 rec=1.1650 | train/val/test=0.990/0.766/0.755 | c=0.999488
[Epoch 0408] loss=11.7167 cls=0.0368 smmd=0.5766 ct=10.8334 rec=1.1653 | train/val/test=0.990/0.773/0.763 | c=0.999488
[Epoch 0409] loss=11.6766 cls=0.0340 smmd=0.5472 ct=10.8284 rec=1.1650 | train/val/test=0.990/0.777/0.766 | c=0.999488
[Epoch 0410] loss=11.6427 cls=0.0350 smmd=0.5202 ct=10.8196 rec=1.1642 | train/val/test=0.990/0.779/0.767 | c=0.999488
[Epoch 0411] loss=11.6016 cls=0.0335 smmd=0.4911 ct=10.8109 rec=1.1635 | train/val/test=0.990/0.776/0.767 | c=0.999488
[Epoch 0412] loss=11.5834 cls=0.0323 smmd=0.4771 ct=10.8090 rec=1.1632 | train/val/test=0.990/0.770/0.763 | c=0.999488
[Epoch 0413] loss=11.5771 cls=0.0342 smmd=0.4639 ct=10.8122 rec=1.1635 | train/val/test=0.990/0.768/0.761 | c=0.999488
[Epoch 0414] loss=11.5547 cls=0.0323 smmd=0.4456 ct=10.8116 rec=1.1641 | train/val/test=1.000/0.774/0.764 | c=0.999488
[Epoch 0415] loss=11.5135 cls=0.0272 smmd=0.4186 ct=10.8075 rec=1.1650 | train/val/test=1.000/0.773/0.764 | c=0.999488
[Epoch 0416] loss=11.4945 cls=0.0268 smmd=0.4022 ct=10.8054 rec=1.1659 | train/val/test=0.990/0.771/0.762 | c=0.999488
[Epoch 0417] loss=11.4880 cls=0.0299 smmd=0.3928 ct=10.8020 rec=1.1665 | train/val/test=0.990/0.771/0.761 | c=0.999488
[Epoch 0418] loss=11.4583 cls=0.0298 smmd=0.3728 ct=10.7926 rec=1.1664 | train/val/test=1.000/0.773/0.763 | c=0.999488
[Epoch 0419] loss=11.4367 cls=0.0279 smmd=0.3625 ct=10.7852 rec=1.1660 | train/val/test=1.000/0.773/0.764 | c=0.999488
[Epoch 0420] loss=11.4302 cls=0.0271 smmd=0.3577 ct=10.7851 rec=1.1660 | train/val/test=1.000/0.776/0.767 | c=0.999488
[Epoch 0421] loss=11.4130 cls=0.0261 smmd=0.3404 ct=10.7872 rec=1.1662 | train/val/test=1.000/0.775/0.767 | c=0.999488
[Epoch 0422] loss=11.3932 cls=0.0259 smmd=0.3203 ct=10.7877 rec=1.1662 | train/val/test=1.000/0.775/0.765 | c=0.999488
[Epoch 0423] loss=11.3769 cls=0.0283 smmd=0.3003 ct=10.7865 rec=1.1672 | train/val/test=1.000/0.770/0.761 | c=0.999488
[Epoch 0424] loss=11.3660 cls=0.0299 smmd=0.2897 ct=10.7828 rec=1.1687 | train/val/test=1.000/0.769/0.762 | c=0.999488
[Epoch 0425] loss=11.3542 cls=0.0283 smmd=0.2867 ct=10.7771 rec=1.1691 | train/val/test=1.000/0.771/0.763 | c=0.999488
[Epoch 0426] loss=11.3401 cls=0.0276 smmd=0.2790 ct=10.7720 rec=1.1694 | train/val/test=1.000/0.775/0.765 | c=0.999488
[Epoch 0427] loss=11.3254 cls=0.0273 smmd=0.2694 ct=10.7677 rec=1.1691 | train/val/test=1.000/0.773/0.765 | c=0.999488
[Epoch 0428] loss=11.3153 cls=0.0275 smmd=0.2605 ct=10.7661 rec=1.1690 | train/val/test=1.000/0.771/0.764 | c=0.999488
[Epoch 0429] loss=11.3070 cls=0.0292 smmd=0.2474 ct=10.7672 rec=1.1703 | train/val/test=1.000/0.772/0.765 | c=0.999488
[Epoch 0430] loss=11.2955 cls=0.0293 smmd=0.2358 ct=10.7669 rec=1.1710 | train/val/test=1.000/0.774/0.766 | c=0.999488
[Epoch 0431] loss=11.2843 cls=0.0291 smmd=0.2254 ct=10.7664 rec=1.1714 | train/val/test=1.000/0.772/0.765 | c=0.999488
[Epoch 0432] loss=11.2758 cls=0.0292 smmd=0.2187 ct=10.7642 rec=1.1720 | train/val/test=1.000/0.770/0.765 | c=0.999488
[Epoch 0433] loss=11.2669 cls=0.0289 smmd=0.2156 ct=10.7590 rec=1.1726 | train/val/test=1.000/0.771/0.765 | c=0.999488
[Epoch 0434] loss=11.2568 cls=0.0291 smmd=0.2092 ct=10.7547 rec=1.1731 | train/val/test=1.000/0.773/0.766 | c=0.999488
[Epoch 0435] loss=11.2501 cls=0.0294 smmd=0.2042 ct=10.7525 rec=1.1730 | train/val/test=1.000/0.773/0.768 | c=0.999488
[Epoch 0436] loss=11.2424 cls=0.0300 smmd=0.1968 ct=10.7510 rec=1.1734 | train/val/test=1.000/0.773/0.766 | c=0.999488
[Epoch 0437] loss=11.2361 cls=0.0305 smmd=0.1898 ct=10.7503 rec=1.1749 | train/val/test=1.000/0.771/0.766 | c=0.999488
[Epoch 0438] loss=11.2272 cls=0.0303 smmd=0.1821 ct=10.7492 rec=1.1762 | train/val/test=1.000/0.772/0.767 | c=0.999488
[Epoch 0439] loss=11.2200 cls=0.0299 smmd=0.1771 ct=10.7479 rec=1.1761 | train/val/test=1.000/0.774/0.768 | c=0.999488
[Epoch 0440] loss=11.2137 cls=0.0300 smmd=0.1729 ct=10.7458 rec=1.1756 | train/val/test=1.000/0.774/0.769 | c=0.999488
[Epoch 0441] loss=11.2072 cls=0.0303 smmd=0.1684 ct=10.7431 rec=1.1762 | train/val/test=1.000/0.774/0.767 | c=0.999488
[Epoch 0442] loss=11.2031 cls=0.0310 smmd=0.1647 ct=10.7407 rec=1.1780 | train/val/test=1.000/0.774/0.768 | c=0.999488
[Epoch 0443] loss=11.1958 cls=0.0309 smmd=0.1603 ct=10.7378 rec=1.1787 | train/val/test=1.000/0.773/0.769 | c=0.999488
[Epoch 0444] loss=11.1912 cls=0.0309 smmd=0.1570 ct=10.7367 rec=1.1787 | train/val/test=1.000/0.775/0.769 | c=0.999488
[Epoch 0445] loss=11.1884 cls=0.0307 smmd=0.1558 ct=10.7354 rec=1.1790 | train/val/test=1.000/0.776/0.768 | c=0.999488
[Epoch 0446] loss=11.1813 cls=0.0309 smmd=0.1496 ct=10.7339 rec=1.1797 | train/val/test=1.000/0.776/0.769 | c=0.999488
[Epoch 0447] loss=11.1779 cls=0.0313 smmd=0.1466 ct=10.7327 rec=1.1801 | train/val/test=1.000/0.777/0.770 | c=0.999488
[Epoch 0448] loss=11.1745 cls=0.0314 smmd=0.1449 ct=10.7306 rec=1.1806 | train/val/test=1.000/0.775/0.770 | c=0.999488
[Epoch 0449] loss=11.1721 cls=0.0315 smmd=0.1442 ct=10.7284 rec=1.1820 | train/val/test=1.000/0.775/0.769 | c=0.999488
[Epoch 0450] loss=11.1660 cls=0.0316 smmd=0.1394 ct=10.7269 rec=1.1827 | train/val/test=1.000/0.778/0.770 | c=0.999488
[Epoch 0451] loss=11.1642 cls=0.0318 smmd=0.1383 ct=10.7259 rec=1.1821 | train/val/test=1.000/0.779/0.770 | c=0.999488
[Epoch 0452] loss=11.1614 cls=0.0320 smmd=0.1365 ct=10.7243 rec=1.1822 | train/val/test=1.000/0.778/0.770 | c=0.999488
[Epoch 0453] loss=11.1581 cls=0.0323 smmd=0.1345 ct=10.7221 rec=1.1842 | train/val/test=1.000/0.777/0.770 | c=0.999488
[Epoch 0454] loss=11.1560 cls=0.0325 smmd=0.1343 ct=10.7197 rec=1.1854 | train/val/test=1.000/0.777/0.771 | c=0.999488
[Epoch 0455] loss=11.1529 cls=0.0327 smmd=0.1324 ct=10.7181 rec=1.1846 | train/val/test=1.000/0.777/0.772 | c=0.999488
[Epoch 0456] loss=11.1518 cls=0.0330 smmd=0.1322 ct=10.7167 rec=1.1848 | train/val/test=1.000/0.779/0.770 | c=0.999488
[Epoch 0457] loss=11.1501 cls=0.0333 smmd=0.1305 ct=10.7156 rec=1.1868 | train/val/test=1.000/0.777/0.771 | c=0.999488
[Epoch 0458] loss=11.1471 cls=0.0335 smmd=0.1278 ct=10.7148 rec=1.1875 | train/val/test=1.000/0.777/0.771 | c=0.999488
[Epoch 0459] loss=11.1461 cls=0.0337 smmd=0.1275 ct=10.7138 rec=1.1870 | train/val/test=1.000/0.778/0.771 | c=0.999488
[Epoch 0460] loss=11.1434 cls=0.0340 smmd=0.1261 ct=10.7116 rec=1.1879 | train/val/test=1.000/0.778/0.771 | c=0.999488
[Epoch 0461] loss=11.1422 cls=0.0345 smmd=0.1258 ct=10.7096 rec=1.1895 | train/val/test=1.000/0.776/0.770 | c=0.999488
[Epoch 0462] loss=11.1408 cls=0.0347 smmd=0.1249 ct=10.7085 rec=1.1894 | train/val/test=1.000/0.777/0.770 | c=0.999488
[Epoch 0463] loss=11.1406 cls=0.0350 smmd=0.1252 ct=10.7075 rec=1.1895 | train/val/test=1.000/0.776/0.770 | c=0.999488
[Epoch 0464] loss=11.1397 cls=0.0353 smmd=0.1252 ct=10.7057 rec=1.1910 | train/val/test=1.000/0.777/0.771 | c=0.999488
[Epoch 0465] loss=11.1390 cls=0.0356 smmd=0.1251 ct=10.7042 rec=1.1918 | train/val/test=1.000/0.777/0.770 | c=0.999488
[Epoch 0466] loss=11.1376 cls=0.0359 smmd=0.1239 ct=10.7035 rec=1.1915 | train/val/test=1.000/0.776/0.770 | c=0.999488
[Epoch 0467] loss=11.1361 cls=0.0363 smmd=0.1224 ct=10.7025 rec=1.1925 | train/val/test=1.000/0.776/0.770 | c=0.999488
[Epoch 0468] loss=11.1371 cls=0.0366 smmd=0.1241 ct=10.7009 rec=1.1938 | train/val/test=1.000/0.777/0.770 | c=0.999488
[Epoch 0469] loss=11.1357 cls=0.0369 smmd=0.1236 ct=10.6996 rec=1.1936 | train/val/test=1.000/0.775/0.770 | c=0.999488
[Epoch 0470] loss=11.1343 cls=0.0372 smmd=0.1225 ct=10.6986 rec=1.1940 | train/val/test=1.000/0.775/0.770 | c=0.999488
[Epoch 0471] loss=11.1345 cls=0.0375 smmd=0.1227 ct=10.6977 rec=1.1952 | train/val/test=1.000/0.775/0.770 | c=0.999488
[Epoch 0472] loss=11.1340 cls=0.0378 smmd=0.1226 ct=10.6968 rec=1.1956 | train/val/test=1.000/0.775/0.770 | c=0.999488
[Epoch 0473] loss=11.1346 cls=0.0381 smmd=0.1240 ct=10.6953 rec=1.1956 | train/val/test=1.000/0.775/0.771 | c=0.999488
[Epoch 0474] loss=11.1335 cls=0.0384 smmd=0.1233 ct=10.6942 rec=1.1963 | train/val/test=1.000/0.775/0.771 | c=0.999488
[Epoch 0475] loss=11.1326 cls=0.0386 smmd=0.1226 ct=10.6936 rec=1.1967 | train/val/test=1.000/0.775/0.771 | c=0.999488
[Epoch 0476] loss=11.1313 cls=0.0388 smmd=0.1214 ct=10.6928 rec=1.1970 | train/val/test=1.000/0.775/0.771 | c=0.999488
[Epoch 0477] loss=11.1329 cls=0.0391 smmd=0.1239 ct=10.6912 rec=1.1976 | train/val/test=1.000/0.775/0.771 | c=0.999488
[Epoch 0478] loss=11.1318 cls=0.0393 smmd=0.1235 ct=10.6901 rec=1.1977 | train/val/test=1.000/0.774/0.772 | c=0.999488
[Epoch 0479] loss=11.1318 cls=0.0395 smmd=0.1234 ct=10.6898 rec=1.1979 | train/val/test=1.000/0.775/0.771 | c=0.999488
[Epoch 0480] loss=11.1305 cls=0.0398 smmd=0.1220 ct=10.6893 rec=1.1986 | train/val/test=1.000/0.774/0.771 | c=0.999488
[Epoch 0481] loss=11.1317 cls=0.0400 smmd=0.1239 ct=10.6882 rec=1.1986 | train/val/test=1.000/0.774/0.772 | c=0.999488
[Epoch 0482] loss=11.1296 cls=0.0401 smmd=0.1226 ct=10.6871 rec=1.1985 | train/val/test=1.000/0.774/0.772 | c=0.999488
[Epoch 0483] loss=11.1306 cls=0.0403 smmd=0.1240 ct=10.6862 rec=1.1992 | train/val/test=1.000/0.773/0.772 | c=0.999488
[Epoch 0484] loss=11.1308 cls=0.0404 smmd=0.1243 ct=10.6857 rec=1.1992 | train/val/test=1.000/0.774/0.772 | c=0.999488
[Epoch 0485] loss=11.1297 cls=0.0406 smmd=0.1234 ct=10.6853 rec=1.1991 | train/val/test=1.000/0.774/0.772 | c=0.999488
[Epoch 0486] loss=11.1297 cls=0.0408 smmd=0.1238 ct=10.6844 rec=1.1996 | train/val/test=1.000/0.774/0.772 | c=0.999488
[Epoch 0487] loss=11.1292 cls=0.0409 smmd=0.1236 ct=10.6839 rec=1.1996 | train/val/test=1.000/0.774/0.772 | c=0.999488
[Epoch 0488] loss=11.1294 cls=0.0409 smmd=0.1245 ct=10.6831 rec=1.1995 | train/val/test=1.000/0.775/0.772 | c=0.999488
[Epoch 0489] loss=11.1292 cls=0.0411 smmd=0.1248 ct=10.6822 rec=1.2000 | train/val/test=1.000/0.774/0.772 | c=0.999488
[Epoch 0490] loss=11.1283 cls=0.0412 smmd=0.1242 ct=10.6817 rec=1.1996 | train/val/test=1.000/0.775/0.772 | c=0.999488
[Epoch 0491] loss=11.1283 cls=0.0413 smmd=0.1245 ct=10.6812 rec=1.1999 | train/val/test=1.000/0.775/0.772 | c=0.999488
[Epoch 0492] loss=11.1280 cls=0.0414 smmd=0.1245 ct=10.6807 rec=1.2002 | train/val/test=1.000/0.775/0.772 | c=0.999488
[Epoch 0493] loss=11.1272 cls=0.0414 smmd=0.1242 ct=10.6802 rec=1.1997 | train/val/test=1.000/0.775/0.772 | c=0.999488
[Epoch 0494] loss=11.1270 cls=0.0415 smmd=0.1243 ct=10.6796 rec=1.2002 | train/val/test=1.000/0.775/0.772 | c=0.999488
[Epoch 0495] loss=11.1268 cls=0.0416 smmd=0.1245 ct=10.6791 rec=1.2002 | train/val/test=1.000/0.775/0.771 | c=0.999488
[Epoch 0496] loss=11.1263 cls=0.0416 smmd=0.1245 ct=10.6785 rec=1.1998 | train/val/test=1.000/0.775/0.772 | c=0.999488
[Epoch 0497] loss=11.1268 cls=0.0417 smmd=0.1256 ct=10.6776 rec=1.2003 | train/val/test=1.000/0.775/0.772 | c=0.999488
[Epoch 0498] loss=11.1259 cls=0.0418 smmd=0.1252 ct=10.6772 rec=1.2002 | train/val/test=1.000/0.775/0.772 | c=0.999488
[Epoch 0499] loss=11.1249 cls=0.0418 smmd=0.1244 ct=10.6768 rec=1.2001 | train/val/test=1.000/0.775/0.772 | c=0.999488
=== Best @ epoch 379: val=0.7934, test=0.7985 ===
[2025-09-20 03:48:33] END attempt 1: exit_code=0
