[2025-09-20 04:11:22] START attempt 1: python main.py --is_transfer True --test_dataset Computers --pretrained_model_name /mnt/data1/Graph/HypGraphLoRA/pre_trained_gnn/Photo.GRACE.GAT.hyp_True.True.20250912-232537.pth --few False --gpu_id 0
Parsed from filename: Pretrained backbone is Hyperbolic.
Pretrain dataset overridden by checkpoint: PubMed -> Photo
Split sizes | train=8251, val=2750, test=2751 (mode=public, shot=N/A)
[Epoch 0000] loss=13.0471 cls=2.3070 smmd=6.6333 ct=7.6139 rec=1.3851 | train/val/test=0.378/0.381/0.361 | c=0.998437
[Epoch 0001] loss=10.7059 cls=1.9976 smmd=4.9110 ct=7.6117 rec=1.3868 | train/val/test=0.378/0.381/0.361 | c=0.998437
[Epoch 0002] loss=9.9757 cls=1.9353 smmd=4.3035 ct=7.6124 rec=1.3954 | train/val/test=0.059/0.060/0.060 | c=0.998437
[Epoch 0003] loss=12.2289 cls=2.8879 smmd=4.6540 ct=7.6095 rec=1.3864 | train/val/test=0.378/0.381/0.361 | c=0.998437
[Epoch 0004] loss=12.0836 cls=2.6802 smmd=4.7630 ct=8.3146 rec=1.4867 | train/val/test=0.378/0.381/0.361 | c=0.998437
[Epoch 0005] loss=11.1603 cls=2.3720 smmd=4.4467 ct=8.4145 rec=1.4330 | train/val/test=0.158/0.157/0.154 | c=0.998437
[Epoch 0006] loss=9.7317 cls=2.0104 smmd=3.7290 ct=8.5120 rec=1.3975 | train/val/test=0.398/0.402/0.389 | c=0.998437
[Epoch 0007] loss=9.0354 cls=2.0431 smmd=2.9740 ct=8.4911 rec=1.3847 | train/val/test=0.378/0.380/0.361 | c=0.998437
[Epoch 0008] loss=8.2026 cls=1.8581 smmd=2.5824 ct=8.1242 rec=1.3955 | train/val/test=0.378/0.380/0.361 | c=0.998437
[Epoch 0009] loss=8.5802 cls=2.0053 smmd=2.6811 ct=8.0381 rec=1.4049 | train/val/test=0.375/0.377/0.358 | c=0.998437
[Epoch 0010] loss=8.5005 cls=1.9637 smmd=2.6859 ct=8.0394 rec=1.3961 | train/val/test=0.376/0.379/0.361 | c=0.998437
[Epoch 0011] loss=7.9833 cls=1.7828 smmd=2.5400 ct=7.9981 rec=1.3901 | train/val/test=0.378/0.380/0.361 | c=0.998437
[Epoch 0012] loss=7.6545 cls=1.7396 smmd=2.2847 ct=8.0676 rec=1.3858 | train/val/test=0.455/0.460/0.457 | c=0.998437
[Epoch 0013] loss=6.9860 cls=1.6326 smmd=1.8057 ct=8.1910 rec=1.3848 | train/val/test=0.475/0.489/0.484 | c=0.998437
[Epoch 0014] loss=6.5288 cls=1.5774 smmd=1.4568 ct=8.2029 rec=1.3827 | train/val/test=0.490/0.505/0.501 | c=0.998437
[Epoch 0015] loss=6.3380 cls=1.5066 smmd=1.4246 ct=8.1248 rec=1.3756 | train/val/test=0.503/0.520/0.511 | c=0.998437
[Epoch 0016] loss=6.1438 cls=1.3944 smmd=1.4807 ct=8.0146 rec=1.3572 | train/val/test=0.546/0.570/0.559 | c=0.998437
[Epoch 0017] loss=5.8755 cls=1.2784 smmd=1.4590 ct=7.9493 rec=1.3494 | train/val/test=0.547/0.572/0.558 | c=0.998437
[Epoch 0018] loss=5.5594 cls=1.2155 smmd=1.2896 ct=7.8634 rec=1.3307 | train/val/test=0.649/0.673/0.655 | c=0.998437
[Epoch 0019] loss=5.3264 cls=1.1231 smmd=1.2179 ct=7.9837 rec=1.3279 | train/val/test=0.635/0.647/0.640 | c=0.998437
[Epoch 0020] loss=5.2305 cls=1.1139 smmd=1.1438 ct=7.9818 rec=1.3128 | train/val/test=0.651/0.666/0.649 | c=0.998437
[Epoch 0021] loss=5.2813 cls=1.1147 smmd=1.1969 ct=7.9666 rec=1.3089 | train/val/test=0.587/0.607/0.592 | c=0.998437
[Epoch 0022] loss=5.4430 cls=1.2473 smmd=1.1054 ct=7.9120 rec=1.3033 | train/val/test=0.612/0.625/0.606 | c=0.998437
[Epoch 0023] loss=5.3714 cls=1.1812 smmd=1.1466 ct=8.0069 rec=1.3047 | train/val/test=0.698/0.717/0.708 | c=0.998437
[Epoch 0024] loss=4.5223 cls=0.8669 smmd=0.9448 ct=7.9420 rec=1.2773 | train/val/test=0.605/0.621/0.617 | c=0.998437
[Epoch 0025] loss=5.0906 cls=1.1390 smmd=0.9489 ct=8.0156 rec=1.3033 | train/val/test=0.600/0.613/0.595 | c=0.998437
[Epoch 0026] loss=5.1438 cls=1.1221 smmd=1.0489 ct=7.9777 rec=1.2763 | train/val/test=0.675/0.701/0.675 | c=0.998437
[Epoch 0027] loss=4.6154 cls=0.8922 smmd=0.9972 ct=7.8802 rec=1.2885 | train/val/test=0.657/0.682/0.670 | c=0.998437
[Epoch 0028] loss=4.7582 cls=0.9886 smmd=0.9385 ct=7.9301 rec=1.2828 | train/val/test=0.729/0.737/0.740 | c=0.998437
[Epoch 0029] loss=4.2991 cls=0.8134 smmd=0.8540 ct=7.8358 rec=1.2556 | train/val/test=0.689/0.692/0.693 | c=0.998437
[Epoch 0030] loss=4.5103 cls=0.8966 smmd=0.8830 ct=7.9146 rec=1.2552 | train/val/test=0.739/0.743/0.737 | c=0.998437
[Epoch 0031] loss=4.1931 cls=0.7742 smmd=0.8128 ct=7.8962 rec=1.2639 | train/val/test=0.697/0.715/0.689 | c=0.998437
[Epoch 0032] loss=4.3633 cls=0.8484 smmd=0.8347 ct=7.8912 rec=1.2677 | train/val/test=0.765/0.774/0.773 | c=0.998437
[Epoch 0033] loss=4.0391 cls=0.7224 smmd=0.7821 ct=7.8167 rec=1.2443 | train/val/test=0.748/0.756/0.762 | c=0.998437
[Epoch 0034] loss=4.2458 cls=0.7933 smmd=0.8378 ct=7.8661 rec=1.2414 | train/val/test=0.776/0.785/0.776 | c=0.998437
[Epoch 0035] loss=3.9237 cls=0.6771 smmd=0.7553 ct=7.8328 rec=1.2383 | train/val/test=0.737/0.749/0.730 | c=0.998437
[Epoch 0036] loss=4.0725 cls=0.7445 smmd=0.7660 ct=7.8326 rec=1.2542 | train/val/test=0.774/0.780/0.772 | c=0.998437
[Epoch 0037] loss=3.8964 cls=0.6807 smmd=0.7216 ct=7.8236 rec=1.2435 | train/val/test=0.790/0.791/0.795 | c=0.998437
[Epoch 0038] loss=3.8948 cls=0.6705 smmd=0.7379 ct=7.8464 rec=1.2333 | train/val/test=0.785/0.785/0.790 | c=0.998437
[Epoch 0039] loss=3.8882 cls=0.6725 smmd=0.7269 ct=7.8511 rec=1.2310 | train/val/test=0.805/0.804/0.806 | c=0.998437
[Epoch 0040] loss=3.7268 cls=0.6218 smmd=0.6738 ct=7.8117 rec=1.2356 | train/val/test=0.778/0.783/0.775 | c=0.998437
[Epoch 0041] loss=3.8221 cls=0.6594 smmd=0.6908 ct=7.8195 rec=1.2431 | train/val/test=0.813/0.817/0.812 | c=0.998437
[Epoch 0042] loss=3.6428 cls=0.5934 smmd=0.6478 ct=7.8095 rec=1.2315 | train/val/test=0.797/0.795/0.799 | c=0.998437
[Epoch 0043] loss=3.7228 cls=0.6216 smmd=0.6722 ct=7.8113 rec=1.2259 | train/val/test=0.820/0.819/0.819 | c=0.998437
[Epoch 0044] loss=3.5976 cls=0.5836 smmd=0.6237 ct=7.8070 rec=1.2271 | train/val/test=0.822/0.829/0.822 | c=0.998437
[Epoch 0045] loss=3.6092 cls=0.5862 smmd=0.6235 ct=7.8299 rec=1.2366 | train/val/test=0.822/0.825/0.817 | c=0.998437
[Epoch 0046] loss=3.5695 cls=0.5744 smmd=0.6102 ct=7.8168 rec=1.2355 | train/val/test=0.827/0.828/0.822 | c=0.998437
[Epoch 0047] loss=3.4992 cls=0.5549 smmd=0.5818 ct=7.8111 rec=1.2266 | train/val/test=0.822/0.821/0.821 | c=0.998437
[Epoch 0048] loss=3.5300 cls=0.5699 smmd=0.5805 ct=7.8196 rec=1.2282 | train/val/test=0.840/0.841/0.835 | c=0.998437
[Epoch 0049] loss=3.4419 cls=0.5414 smmd=0.5543 ct=7.7929 rec=1.2309 | train/val/test=0.830/0.835/0.820 | c=0.998437
[Epoch 0050] loss=3.4555 cls=0.5464 smmd=0.5553 ct=7.8022 rec=1.2349 | train/val/test=0.836/0.837/0.831 | c=0.998437
[Epoch 0051] loss=3.3841 cls=0.5265 smmd=0.5207 ct=7.8226 rec=1.2299 | train/val/test=0.833/0.826/0.825 | c=0.998437
[Epoch 0052] loss=3.3869 cls=0.5353 smmd=0.5088 ct=7.8110 rec=1.2266 | train/val/test=0.845/0.846/0.841 | c=0.998437
[Epoch 0053] loss=3.3357 cls=0.5193 smmd=0.4863 ct=7.8236 rec=1.2301 | train/val/test=0.842/0.844/0.833 | c=0.998437
[Epoch 0054] loss=3.3194 cls=0.5140 smmd=0.4840 ct=7.8046 rec=1.2320 | train/val/test=0.840/0.844/0.833 | c=0.998437
[Epoch 0055] loss=3.2796 cls=0.5042 smmd=0.4629 ct=7.8125 rec=1.2293 | train/val/test=0.842/0.843/0.836 | c=0.998437
[Epoch 0056] loss=3.2560 cls=0.5026 smmd=0.4409 ct=7.8218 rec=1.2272 | train/val/test=0.849/0.851/0.841 | c=0.998437
[Epoch 0057] loss=3.2393 cls=0.4978 smmd=0.4356 ct=7.8111 rec=1.2290 | train/val/test=0.849/0.851/0.843 | c=0.998437
[Epoch 0058] loss=3.2121 cls=0.4918 smmd=0.4177 ct=7.8227 rec=1.2315 | train/val/test=0.840/0.841/0.828 | c=0.998437
[Epoch 0059] loss=3.2048 cls=0.4905 smmd=0.4152 ct=7.8150 rec=1.2280 | train/val/test=0.849/0.850/0.844 | c=0.998437
[Epoch 0060] loss=3.1708 cls=0.4887 smmd=0.3777 ct=7.8472 rec=1.2308 | train/val/test=0.852/0.845/0.844 | c=0.998437
[Epoch 0061] loss=3.2229 cls=0.5064 smmd=0.4039 ct=7.8000 rec=1.2308 | train/val/test=0.835/0.836/0.830 | c=0.998437
[Epoch 0062] loss=3.2641 cls=0.5329 smmd=0.3717 ct=7.8922 rec=1.2411 | train/val/test=0.782/0.770/0.769 | c=0.998437
[Epoch 0063] loss=3.6946 cls=0.6834 smmd=0.5146 ct=7.8281 rec=1.2378 | train/val/test=0.806/0.813/0.808 | c=0.998437
[Epoch 0064] loss=3.5662 cls=0.6592 smmd=0.4001 ct=7.9773 rec=1.2613 | train/val/test=0.786/0.781/0.776 | c=0.998437
[Epoch 0065] loss=3.8794 cls=0.7427 smmd=0.5731 ct=7.8629 rec=1.2418 | train/val/test=0.837/0.847/0.832 | c=0.998437
[Epoch 0066] loss=3.1335 cls=0.4918 smmd=0.3410 ct=7.8150 rec=1.2292 | train/val/test=0.690/0.693/0.689 | c=0.998437
[Epoch 0067] loss=4.2284 cls=0.9267 smmd=0.4962 ct=8.0998 rec=1.2945 | train/val/test=0.638/0.634/0.610 | c=0.998437
[Epoch 0068] loss=6.1924 cls=1.5330 smmd=1.2723 ct=7.9919 rec=1.2782 | train/val/test=0.260/0.259/0.269 | c=0.998437
[Epoch 0069] loss=9.5306 cls=3.0709 smmd=1.5295 ct=7.9679 rec=1.3290 | train/val/test=0.513/0.514/0.487 | c=0.998437
[Epoch 0070] loss=15.4654 cls=5.4760 smmd=2.5746 ct=8.2944 rec=1.3996 | train/val/test=0.607/0.604/0.592 | c=0.998437
[Epoch 0071] loss=16.8344 cls=5.6500 smmd=3.5851 ct=8.4494 rec=1.2971 | train/val/test=0.176/0.178/0.189 | c=0.998437
[Epoch 0072] loss=19.8386 cls=6.9249 smmd=3.9842 ct=8.5182 rec=1.5047 | train/val/test=0.462/0.460/0.466 | c=0.998437
[Epoch 0073] loss=12.4222 cls=3.4728 smmd=3.5146 ct=8.4703 rec=1.3396 | train/val/test=0.577/0.597/0.570 | c=0.998437
[Epoch 0074] loss=8.2320 cls=1.8123 smmd=2.6672 ct=8.3647 rec=1.3371 | train/val/test=0.512/0.518/0.512 | c=0.998437
[Epoch 0075] loss=8.3309 cls=2.1514 smmd=2.1266 ct=8.1966 rec=1.3104 | train/val/test=0.331/0.336/0.344 | c=0.998437
[Epoch 0076] loss=8.5845 cls=2.3999 smmd=1.9156 ct=7.9881 rec=1.3576 | train/val/test=0.240/0.243/0.248 | c=0.998437
[Epoch 0077] loss=10.4495 cls=2.9779 smmd=2.6381 ct=7.9805 rec=1.2972 | train/val/test=0.570/0.575/0.568 | c=0.998437
[Epoch 0078] loss=10.7117 cls=2.7654 smmd=3.3299 ct=7.9653 rec=1.2897 | train/val/test=0.472/0.471/0.458 | c=0.998437
[Epoch 0079] loss=12.6816 cls=3.6062 smmd=3.6087 ct=7.9709 rec=1.3315 | train/val/test=0.480/0.476/0.463 | c=0.998437
[Epoch 0080] loss=11.3458 cls=3.0214 smmd=3.4457 ct=7.9607 rec=1.3256 | train/val/test=0.607/0.616/0.585 | c=0.998437
[Epoch 0081] loss=8.2528 cls=1.7665 smmd=2.8775 ct=7.9361 rec=1.2760 | train/val/test=0.610/0.609/0.609 | c=0.998437
[Epoch 0082] loss=6.8394 cls=1.4255 smmd=2.1671 ct=7.8705 rec=1.2360 | train/val/test=0.530/0.532/0.535 | c=0.998437
[Epoch 0083] loss=6.4537 cls=1.4708 smmd=1.7164 ct=7.7645 rec=1.2143 | train/val/test=0.362/0.373/0.373 | c=0.998437
[Epoch 0084] loss=7.4945 cls=1.9593 smmd=1.7184 ct=8.0189 rec=1.2687 | train/val/test=0.621/0.624/0.639 | c=0.998437
[Epoch 0085] loss=5.8775 cls=1.2084 smmd=1.6090 ct=8.0447 rec=1.2139 | train/val/test=0.622/0.626/0.629 | c=0.998437
[Epoch 0086] loss=6.6189 cls=1.5261 smmd=1.7082 ct=8.0420 rec=1.2504 | train/val/test=0.708/0.709/0.705 | c=0.998437
[Epoch 0087] loss=5.6868 cls=1.0877 smmd=1.6645 ct=8.0121 rec=1.2223 | train/val/test=0.750/0.759/0.753 | c=0.998437
[Epoch 0088] loss=5.2935 cls=0.8786 smmd=1.6842 ct=8.0372 rec=1.2234 | train/val/test=0.739/0.752/0.745 | c=0.998437
[Epoch 0089] loss=5.3482 cls=0.8850 smmd=1.7236 ct=8.0573 rec=1.2159 | train/val/test=0.747/0.756/0.762 | c=0.998437
[Epoch 0090] loss=5.3684 cls=0.9160 smmd=1.6954 ct=7.9872 rec=1.2175 | train/val/test=0.783/0.790/0.788 | c=0.998437
[Epoch 0091] loss=4.9253 cls=0.8075 smmd=1.4984 ct=7.8504 rec=1.2085 | train/val/test=0.808/0.810/0.805 | c=0.998437
[Epoch 0092] loss=4.5174 cls=0.6972 smmd=1.3133 ct=7.8417 rec=1.2069 | train/val/test=0.794/0.798/0.781 | c=0.998437
[Epoch 0093] loss=4.4820 cls=0.6777 smmd=1.3008 ct=7.9067 rec=1.2227 | train/val/test=0.788/0.798/0.779 | c=0.998437
[Epoch 0094] loss=4.5204 cls=0.6778 smmd=1.3317 ct=7.9413 rec=1.2241 | train/val/test=0.791/0.796/0.790 | c=0.998437
[Epoch 0095] loss=4.4307 cls=0.6612 smmd=1.2856 ct=7.9037 rec=1.2095 | train/val/test=0.790/0.798/0.797 | c=0.998437
[Epoch 0096] loss=4.3191 cls=0.6686 smmd=1.1774 ct=7.8227 rec=1.1998 | train/val/test=0.825/0.824/0.824 | c=0.998437
[Epoch 0097] loss=4.0433 cls=0.5837 smmd=1.0801 ct=7.7811 rec=1.1982 | train/val/test=0.829/0.827/0.821 | c=0.998437
[Epoch 0098] loss=4.1053 cls=0.6081 smmd=1.0805 ct=7.8286 rec=1.2150 | train/val/test=0.825/0.823/0.817 | c=0.998437
[Epoch 0099] loss=4.1229 cls=0.6193 smmd=1.0685 ct=7.8606 rec=1.2177 | train/val/test=0.844/0.845/0.848 | c=0.998437
[Epoch 0100] loss=3.8941 cls=0.5476 smmd=0.9909 ct=7.8357 rec=1.2046 | train/val/test=0.839/0.840/0.843 | c=0.998437
[Epoch 0101] loss=3.8787 cls=0.5523 smmd=0.9710 ct=7.8131 rec=1.2025 | train/val/test=0.847/0.844/0.843 | c=0.998437
[Epoch 0102] loss=3.7540 cls=0.4949 smmd=0.9619 ct=7.8111 rec=1.2005 | train/val/test=0.831/0.832/0.826 | c=0.998437
[Epoch 0103] loss=3.8147 cls=0.5206 smmd=0.9654 ct=7.8278 rec=1.2126 | train/val/test=0.831/0.828/0.820 | c=0.998437
[Epoch 0104] loss=3.7957 cls=0.5278 smmd=0.9330 ct=7.8211 rec=1.2145 | train/val/test=0.847/0.841/0.840 | c=0.998437
[Epoch 0105] loss=3.6616 cls=0.4917 smmd=0.8781 ct=7.7955 rec=1.2044 | train/val/test=0.849/0.840/0.851 | c=0.998437
[Epoch 0106] loss=3.6182 cls=0.4876 smmd=0.8452 ct=7.7852 rec=1.2037 | train/val/test=0.837/0.824/0.839 | c=0.998437
[Epoch 0107] loss=3.6250 cls=0.4896 smmd=0.8432 ct=7.8073 rec=1.2060 | train/val/test=0.829/0.831/0.839 | c=0.998437
[Epoch 0108] loss=3.6008 cls=0.4907 smmd=0.8147 ct=7.8156 rec=1.2080 | train/val/test=0.847/0.847/0.845 | c=0.998437
[Epoch 0109] loss=3.5407 cls=0.4745 smmd=0.7928 ct=7.7919 rec=1.2030 | train/val/test=0.855/0.849/0.852 | c=0.998437
[Epoch 0110] loss=3.5179 cls=0.4734 smmd=0.7739 ct=7.7841 rec=1.2016 | train/val/test=0.854/0.852/0.853 | c=0.998437
[Epoch 0111] loss=3.4364 cls=0.4395 smmd=0.7556 ct=7.8049 rec=1.2042 | train/val/test=0.846/0.842/0.842 | c=0.998437
[Epoch 0112] loss=3.4623 cls=0.4506 smmd=0.7539 ct=7.8244 rec=1.2111 | train/val/test=0.859/0.852/0.857 | c=0.998437
[Epoch 0113] loss=3.3893 cls=0.4301 smmd=0.7288 ct=7.7944 rec=1.2073 | train/val/test=0.860/0.852/0.855 | c=0.998437
[Epoch 0114] loss=3.3945 cls=0.4443 smmd=0.7090 ct=7.7768 rec=1.2078 | train/val/test=0.859/0.859/0.854 | c=0.998437
[Epoch 0115] loss=3.3410 cls=0.4291 smmd=0.6845 ct=7.7827 rec=1.2092 | train/val/test=0.858/0.858/0.855 | c=0.998437
[Epoch 0116] loss=3.3265 cls=0.4237 smmd=0.6763 ct=7.8027 rec=1.2109 | train/val/test=0.862/0.859/0.859 | c=0.998437
[Epoch 0117] loss=3.2966 cls=0.4163 smmd=0.6619 ct=7.8025 rec=1.2079 | train/val/test=0.862/0.858/0.860 | c=0.998437
[Epoch 0118] loss=3.2895 cls=0.4214 smmd=0.6451 ct=7.8013 rec=1.2074 | train/val/test=0.862/0.863/0.858 | c=0.998437
[Epoch 0119] loss=3.2545 cls=0.4095 smmd=0.6310 ct=7.8128 rec=1.2092 | train/val/test=0.861/0.858/0.858 | c=0.998437
[Epoch 0120] loss=3.2444 cls=0.4097 smmd=0.6202 ct=7.8118 rec=1.2121 | train/val/test=0.866/0.860/0.867 | c=0.998437
[Epoch 0121] loss=3.2020 cls=0.4055 smmd=0.5895 ct=7.7972 rec=1.2108 | train/val/test=0.873/0.859/0.871 | c=0.998437
[Epoch 0122] loss=3.2005 cls=0.4060 smmd=0.5856 ct=7.8027 rec=1.2122 | train/val/test=0.865/0.859/0.860 | c=0.998437
[Epoch 0123] loss=3.1833 cls=0.3985 smmd=0.5795 ct=7.8201 rec=1.2143 | train/val/test=0.864/0.861/0.854 | c=0.998437
[Epoch 0124] loss=3.1563 cls=0.3976 smmd=0.5550 ct=7.8180 rec=1.2126 | train/val/test=0.865/0.859/0.859 | c=0.998437
[Epoch 0125] loss=3.1520 cls=0.4010 smmd=0.5462 ct=7.8084 rec=1.2110 | train/val/test=0.869/0.863/0.866 | c=0.998437
[Epoch 0126] loss=3.1223 cls=0.3922 smmd=0.5312 ct=7.8191 rec=1.2137 | train/val/test=0.872/0.860/0.864 | c=0.998437
[Epoch 0127] loss=3.1214 cls=0.3936 smmd=0.5256 ct=7.8263 rec=1.2167 | train/val/test=0.869/0.863/0.862 | c=0.998437
[Epoch 0128] loss=3.1040 cls=0.3917 smmd=0.5165 ct=7.8068 rec=1.2141 | train/val/test=0.867/0.864/0.858 | c=0.998437
[Epoch 0129] loss=3.1006 cls=0.3943 smmd=0.5076 ct=7.8071 rec=1.2142 | train/val/test=0.867/0.860/0.856 | c=0.998437
[Epoch 0130] loss=3.0752 cls=0.3890 smmd=0.4877 ct=7.8301 rec=1.2176 | train/val/test=0.870/0.862/0.862 | c=0.998437
[Epoch 0131] loss=3.0656 cls=0.3883 smmd=0.4784 ct=7.8349 rec=1.2188 | train/val/test=0.869/0.861/0.862 | c=0.998437
[Epoch 0132] loss=3.0581 cls=0.3902 smmd=0.4706 ct=7.8185 rec=1.2170 | train/val/test=0.868/0.864/0.857 | c=0.998437
[Epoch 0133] loss=3.0361 cls=0.3867 smmd=0.4555 ct=7.8180 rec=1.2177 | train/val/test=0.869/0.861/0.859 | c=0.998437
[Epoch 0134] loss=3.0256 cls=0.3856 smmd=0.4464 ct=7.8203 rec=1.2194 | train/val/test=0.874/0.865/0.863 | c=0.998437
[Epoch 0135] loss=3.0244 cls=0.3866 smmd=0.4442 ct=7.8165 rec=1.2189 | train/val/test=0.869/0.861/0.859 | c=0.998437
[Epoch 0136] loss=3.0070 cls=0.3835 smmd=0.4308 ct=7.8269 rec=1.2193 | train/val/test=0.867/0.861/0.856 | c=0.998437
[Epoch 0137] loss=2.9996 cls=0.3844 smmd=0.4191 ct=7.8384 rec=1.2205 | train/val/test=0.870/0.862/0.863 | c=0.998437
[Epoch 0138] loss=2.9862 cls=0.3826 smmd=0.4107 ct=7.8315 rec=1.2200 | train/val/test=0.876/0.864/0.867 | c=0.998437
[Epoch 0139] loss=2.9818 cls=0.3815 smmd=0.4089 ct=7.8288 rec=1.2212 | train/val/test=0.871/0.864/0.858 | c=0.998437
[Epoch 0140] loss=2.9743 cls=0.3806 smmd=0.4032 ct=7.8273 rec=1.2217 | train/val/test=0.870/0.864/0.861 | c=0.998437
[Epoch 0141] loss=2.9654 cls=0.3805 smmd=0.3969 ct=7.8175 rec=1.2200 | train/val/test=0.872/0.863/0.863 | c=0.998437
[Epoch 0142] loss=2.9574 cls=0.3789 smmd=0.3905 ct=7.8247 rec=1.2209 | train/val/test=0.874/0.863/0.863 | c=0.998437
[Epoch 0143] loss=2.9451 cls=0.3779 smmd=0.3767 ct=7.8397 rec=1.2229 | train/val/test=0.872/0.864/0.863 | c=0.998437
[Epoch 0144] loss=2.9380 cls=0.3773 smmd=0.3728 ct=7.8324 rec=1.2210 | train/val/test=0.873/0.866/0.865 | c=0.998437
[Epoch 0145] loss=2.9229 cls=0.3766 smmd=0.3592 ct=7.8312 rec=1.2210 | train/val/test=0.877/0.868/0.864 | c=0.998437
[Epoch 0146] loss=2.9167 cls=0.3754 smmd=0.3537 ct=7.8389 rec=1.2227 | train/val/test=0.875/0.865/0.862 | c=0.998437
[Epoch 0147] loss=2.9069 cls=0.3744 smmd=0.3475 ct=7.8316 rec=1.2213 | train/val/test=0.873/0.865/0.862 | c=0.998437
[Epoch 0148] loss=2.9083 cls=0.3737 smmd=0.3505 ct=7.8313 rec=1.2208 | train/val/test=0.875/0.867/0.863 | c=0.998437
[Epoch 0149] loss=2.8949 cls=0.3724 smmd=0.3382 ct=7.8379 rec=1.2222 | train/val/test=0.878/0.870/0.869 | c=0.998437
[Epoch 0150] loss=2.8940 cls=0.3717 smmd=0.3396 ct=7.8333 rec=1.2215 | train/val/test=0.876/0.868/0.863 | c=0.998437
[Epoch 0151] loss=2.8765 cls=0.3708 smmd=0.3235 ct=7.8353 rec=1.2210 | train/val/test=0.876/0.866/0.863 | c=0.998437
[Epoch 0152] loss=2.8704 cls=0.3701 smmd=0.3179 ct=7.8406 rec=1.2214 | train/val/test=0.879/0.869/0.868 | c=0.998437
[Epoch 0153] loss=2.8694 cls=0.3692 smmd=0.3188 ct=7.8398 rec=1.2211 | train/val/test=0.877/0.868/0.864 | c=0.998437
[Epoch 0154] loss=2.8582 cls=0.3678 smmd=0.3100 ct=7.8421 rec=1.2214 | train/val/test=0.877/0.869/0.867 | c=0.998437
[Epoch 0155] loss=2.8460 cls=0.3671 smmd=0.3002 ct=7.8370 rec=1.2207 | train/val/test=0.880/0.870/0.870 | c=0.998437
[Epoch 0156] loss=2.8497 cls=0.3663 smmd=0.3058 ct=7.8358 rec=1.2206 | train/val/test=0.880/0.872/0.866 | c=0.998437
[Epoch 0157] loss=2.8386 cls=0.3655 smmd=0.2948 ct=7.8429 rec=1.2212 | train/val/test=0.878/0.869/0.867 | c=0.998437
[Epoch 0158] loss=2.8316 cls=0.3649 smmd=0.2896 ct=7.8413 rec=1.2200 | train/val/test=0.880/0.872/0.869 | c=0.998437
[Epoch 0159] loss=2.8341 cls=0.3634 smmd=0.2938 ct=7.8462 rec=1.2207 | train/val/test=0.880/0.873/0.869 | c=0.998437
[Epoch 0160] loss=2.8212 cls=0.3627 smmd=0.2826 ct=7.8455 rec=1.2207 | train/val/test=0.879/0.871/0.868 | c=0.998437
[Epoch 0161] loss=2.8157 cls=0.3625 smmd=0.2789 ct=7.8396 rec=1.2197 | train/val/test=0.882/0.874/0.870 | c=0.998437
[Epoch 0162] loss=2.8116 cls=0.3614 smmd=0.2757 ct=7.8451 rec=1.2206 | train/val/test=0.882/0.875/0.871 | c=0.998437
[Epoch 0163] loss=2.8007 cls=0.3606 smmd=0.2666 ct=7.8444 rec=1.2200 | train/val/test=0.880/0.873/0.870 | c=0.998437
[Epoch 0164] loss=2.7964 cls=0.3599 smmd=0.2630 ct=7.8480 rec=1.2201 | train/val/test=0.882/0.874/0.870 | c=0.998437
[Epoch 0165] loss=2.7895 cls=0.3590 smmd=0.2580 ct=7.8478 rec=1.2201 | train/val/test=0.883/0.876/0.871 | c=0.998437
[Epoch 0166] loss=2.7765 cls=0.3584 smmd=0.2466 ct=7.8460 rec=1.2199 | train/val/test=0.882/0.873/0.870 | c=0.998437
[Epoch 0167] loss=2.7801 cls=0.3578 smmd=0.2510 ct=7.8475 rec=1.2201 | train/val/test=0.885/0.875/0.873 | c=0.998437
[Epoch 0168] loss=2.7816 cls=0.3572 smmd=0.2540 ct=7.8461 rec=1.2195 | train/val/test=0.885/0.876/0.872 | c=0.998437
[Epoch 0169] loss=2.7670 cls=0.3565 smmd=0.2392 ct=7.8535 rec=1.2205 | train/val/test=0.883/0.876/0.874 | c=0.998437
[Epoch 0170] loss=2.7577 cls=0.3563 smmd=0.2317 ct=7.8476 rec=1.2191 | train/val/test=0.886/0.876/0.871 | c=0.998437
[Epoch 0171] loss=2.7565 cls=0.3555 smmd=0.2304 ct=7.8548 rec=1.2208 | train/val/test=0.885/0.876/0.875 | c=0.998437
[Epoch 0172] loss=2.7607 cls=0.3555 smmd=0.2367 ct=7.8464 rec=1.2190 | train/val/test=0.884/0.875/0.869 | c=0.998437
[Epoch 0173] loss=2.7544 cls=0.3550 smmd=0.2286 ct=7.8575 rec=1.2210 | train/val/test=0.887/0.879/0.876 | c=0.998437
[Epoch 0174] loss=2.7553 cls=0.3559 smmd=0.2302 ct=7.8473 rec=1.2188 | train/val/test=0.884/0.874/0.869 | c=0.998437
[Epoch 0175] loss=2.7572 cls=0.3576 smmd=0.2244 ct=7.8657 rec=1.2227 | train/val/test=0.883/0.874/0.873 | c=0.998437
[Epoch 0176] loss=2.7660 cls=0.3643 smmd=0.2250 ct=7.8431 rec=1.2186 | train/val/test=0.879/0.867/0.866 | c=0.998437
[Epoch 0177] loss=2.8175 cls=0.3828 smmd=0.2283 ct=7.8879 rec=1.2299 | train/val/test=0.858/0.850/0.851 | c=0.998437
[Epoch 0178] loss=2.9578 cls=0.4456 smmd=0.2523 ct=7.8431 rec=1.2285 | train/val/test=0.734/0.732/0.739 | c=0.998437
[Epoch 0179] loss=3.8111 cls=0.7874 smmd=0.3791 ct=8.0090 rec=1.2766 | train/val/test=0.365/0.359/0.355 | c=0.998437
[Epoch 0180] loss=7.5745 cls=2.4545 smmd=0.8055 ct=7.9799 rec=1.3204 | train/val/test=0.621/0.628/0.632 | c=0.998437
[Epoch 0181] loss=12.9377 cls=4.3545 smmd=2.3133 ct=8.2571 rec=1.3200 | train/val/test=0.339/0.342/0.359 | c=0.998437
[Epoch 0182] loss=16.5325 cls=5.7552 smmd=3.0902 ct=8.3100 rec=1.3500 | train/val/test=0.459/0.469/0.455 | c=0.998437
[Epoch 0183] loss=15.3147 cls=5.3162 smmd=2.7861 ct=8.1225 rec=1.3588 | train/val/test=0.608/0.610/0.606 | c=0.998437
[Epoch 0184] loss=7.3715 cls=1.7610 smmd=2.0231 ct=7.8554 rec=1.2766 | train/val/test=0.065/0.056/0.058 | c=0.998437
[Epoch 0185] loss=15.3823 cls=5.3879 smmd=2.6932 ct=8.1271 rec=1.4395 | train/val/test=0.557/0.559/0.532 | c=0.998437
[Epoch 0186] loss=13.3157 cls=3.9376 smmd=3.5151 ct=8.2933 rec=1.3334 | train/val/test=0.550/0.555/0.533 | c=0.998437
[Epoch 0187] loss=14.0375 cls=3.8265 smmd=4.4321 ct=8.3986 rec=1.3633 | train/val/test=0.257/0.254/0.265 | c=0.998437
[Epoch 0188] loss=14.0178 cls=3.5301 smmd=4.9971 ct=8.4362 rec=1.3659 | train/val/test=0.388/0.397/0.394 | c=0.998437
[Epoch 0189] loss=14.2609 cls=3.5336 smmd=5.2596 ct=8.3981 rec=1.2727 | train/val/test=0.629/0.640/0.624 | c=0.998437
[Epoch 0190] loss=12.6513 cls=2.6906 smmd=5.3375 ct=8.3916 rec=1.2709 | train/val/test=0.530/0.544/0.528 | c=0.998437
[Epoch 0191] loss=13.6983 cls=3.1943 smmd=5.3430 ct=8.4110 rec=1.4223 | train/val/test=0.638/0.635/0.612 | c=0.998437
[Epoch 0192] loss=12.6856 cls=2.7070 smmd=5.3214 ct=8.4418 rec=1.3089 | train/val/test=0.502/0.499/0.507 | c=0.998437
[Epoch 0193] loss=12.8482 cls=2.8189 smmd=5.2580 ct=8.4664 rec=1.2958 | train/val/test=0.582/0.586/0.603 | c=0.998437
[Epoch 0194] loss=11.8038 cls=2.3699 smmd=5.1127 ct=8.4575 rec=1.2986 | train/val/test=0.618/0.622/0.619 | c=0.998437
[Epoch 0195] loss=10.9399 cls=2.0523 smmd=4.9030 ct=8.4218 rec=1.2393 | train/val/test=0.547/0.546/0.530 | c=0.998437
[Epoch 0196] loss=11.2425 cls=2.3549 smmd=4.6059 ct=8.3856 rec=1.2486 | train/val/test=0.485/0.494/0.486 | c=0.998437
[Epoch 0197] loss=11.2835 cls=2.5586 smmd=4.2437 ct=8.3642 rec=1.2491 | train/val/test=0.626/0.629/0.626 | c=0.998437
[Epoch 0198] loss=9.2926 cls=1.8144 smmd=3.7485 ct=8.3332 rec=1.2439 | train/val/test=0.720/0.716/0.708 | c=0.998437
[Epoch 0199] loss=8.1344 cls=1.5341 smmd=3.1654 ct=8.2800 rec=1.2237 | train/val/test=0.719/0.717/0.716 | c=0.998437
[Epoch 0200] loss=7.4695 cls=1.5060 smmd=2.5737 ct=8.1987 rec=1.2199 | train/val/test=0.769/0.765/0.756 | c=0.998437
[Epoch 0201] loss=6.3991 cls=1.2062 smmd=2.1305 ct=8.0721 rec=1.2094 | train/val/test=0.623/0.634/0.623 | c=0.998437
[Epoch 0202] loss=7.0803 cls=1.6172 smmd=2.0111 ct=7.9612 rec=1.2132 | train/val/test=0.607/0.603/0.603 | c=0.998437
[Epoch 0203] loss=6.8986 cls=1.5996 smmd=1.8716 ct=7.9136 rec=1.2261 | train/val/test=0.772/0.776/0.768 | c=0.998437
[Epoch 0204] loss=6.0748 cls=1.1892 smmd=1.8906 ct=7.8253 rec=1.2043 | train/val/test=0.743/0.758/0.744 | c=0.998437
[Epoch 0205] loss=6.4058 cls=1.2886 smmd=2.0249 ct=7.8030 rec=1.2152 | train/val/test=0.717/0.727/0.711 | c=0.998437
[Epoch 0206] loss=6.5292 cls=1.3194 smmd=2.0793 ct=7.8306 rec=1.2246 | train/val/test=0.795/0.796/0.787 | c=0.998437
[Epoch 0207] loss=5.6795 cls=0.9253 smmd=2.0143 ct=7.8656 rec=1.2079 | train/val/test=0.806/0.802/0.802 | c=0.998437
[Epoch 0208] loss=5.3229 cls=0.7595 smmd=1.9767 ct=7.9350 rec=1.2012 | train/val/test=0.776/0.772/0.778 | c=0.998437
[Epoch 0209] loss=5.4380 cls=0.8183 smmd=1.9617 ct=7.9835 rec=1.2151 | train/val/test=0.818/0.817/0.817 | c=0.998437
[Epoch 0210] loss=5.0685 cls=0.7019 smmd=1.8367 ct=7.9423 rec=1.1976 | train/val/test=0.827/0.829/0.816 | c=0.998437
[Epoch 0211] loss=4.8203 cls=0.6772 smmd=1.6511 ct=7.8739 rec=1.2007 | train/val/test=0.827/0.831/0.819 | c=0.998437
[Epoch 0212] loss=4.5112 cls=0.6221 smmd=1.4595 ct=7.8236 rec=1.2139 | train/val/test=0.816/0.823/0.812 | c=0.998437
[Epoch 0213] loss=4.4823 cls=0.6525 smmd=1.3689 ct=7.8206 rec=1.2214 | train/val/test=0.823/0.828/0.823 | c=0.998437
[Epoch 0214] loss=4.4505 cls=0.6620 smmd=1.3141 ct=7.8539 rec=1.2085 | train/val/test=0.816/0.815/0.815 | c=0.998437
[Epoch 0215] loss=4.3810 cls=0.6596 smmd=1.2453 ct=7.8815 rec=1.2014 | train/val/test=0.820/0.819/0.821 | c=0.998437
[Epoch 0216] loss=4.1217 cls=0.5747 smmd=1.1567 ct=7.8811 rec=1.1964 | train/val/test=0.818/0.800/0.815 | c=0.998437
[Epoch 0217] loss=4.0489 cls=0.5452 smmd=1.1449 ct=7.8717 rec=1.1959 | train/val/test=0.803/0.793/0.801 | c=0.998437
[Epoch 0218] loss=4.1765 cls=0.5924 smmd=1.1804 ct=7.8586 rec=1.1980 | train/val/test=0.828/0.818/0.830 | c=0.998437
[Epoch 0219] loss=4.0179 cls=0.5190 smmd=1.1685 ct=7.8545 rec=1.2026 | train/val/test=0.848/0.845/0.847 | c=0.998437
[Epoch 0220] loss=3.9883 cls=0.5106 smmd=1.1488 ct=7.8844 rec=1.2070 | train/val/test=0.849/0.849/0.844 | c=0.998437
[Epoch 0221] loss=3.9933 cls=0.5251 smmd=1.1238 ct=7.8906 rec=1.2056 | train/val/test=0.859/0.859/0.856 | c=0.998437
[Epoch 0222] loss=3.8108 cls=0.4646 smmd=1.0719 ct=7.8507 rec=1.1980 | train/val/test=0.851/0.839/0.844 | c=0.998437
[Epoch 0223] loss=3.7737 cls=0.4661 smmd=1.0360 ct=7.8280 rec=1.1997 | train/val/test=0.834/0.811/0.830 | c=0.998437
[Epoch 0224] loss=3.7993 cls=0.4852 smmd=1.0227 ct=7.8305 rec=1.2006 | train/val/test=0.838/0.813/0.841 | c=0.998437
[Epoch 0225] loss=3.7146 cls=0.4625 smmd=0.9831 ct=7.8331 rec=1.1994 | train/val/test=0.850/0.833/0.848 | c=0.998437
[Epoch 0226] loss=3.6420 cls=0.4453 smmd=0.9430 ct=7.8369 rec=1.2045 | train/val/test=0.864/0.853/0.862 | c=0.998437
[Epoch 0227] loss=3.6134 cls=0.4427 smmd=0.9210 ct=7.8331 rec=1.2020 | train/val/test=0.864/0.859/0.859 | c=0.998437
[Epoch 0228] loss=3.6014 cls=0.4428 smmd=0.9140 ct=7.8109 rec=1.1982 | train/val/test=0.868/0.866/0.861 | c=0.998437
[Epoch 0229] loss=3.5436 cls=0.4245 smmd=0.8971 ct=7.7879 rec=1.1991 | train/val/test=0.875/0.862/0.864 | c=0.998437
[Epoch 0230] loss=3.4901 cls=0.4025 smmd=0.8871 ct=7.7892 rec=1.2008 | train/val/test=0.872/0.852/0.867 | c=0.998437
[Epoch 0231] loss=3.4970 cls=0.4024 smmd=0.8897 ct=7.8090 rec=1.2031 | train/val/test=0.873/0.856/0.864 | c=0.998437
[Epoch 0232] loss=3.4764 cls=0.4063 smmd=0.8592 ct=7.8187 rec=1.2037 | train/val/test=0.869/0.861/0.866 | c=0.998437
[Epoch 0233] loss=3.4352 cls=0.4048 smmd=0.8241 ct=7.8092 rec=1.1980 | train/val/test=0.867/0.862/0.861 | c=0.998437
[Epoch 0234] loss=3.4130 cls=0.4079 smmd=0.7989 ct=7.7955 rec=1.1955 | train/val/test=0.875/0.869/0.867 | c=0.998437
[Epoch 0235] loss=3.3787 cls=0.3945 smmd=0.7929 ct=7.7852 rec=1.1984 | train/val/test=0.884/0.876/0.877 | c=0.998437
[Epoch 0236] loss=3.3568 cls=0.3833 smmd=0.7930 ct=7.7832 rec=1.2028 | train/val/test=0.884/0.872/0.875 | c=0.998437
[Epoch 0237] loss=3.3308 cls=0.3751 smmd=0.7821 ct=7.7885 rec=1.2036 | train/val/test=0.881/0.868/0.872 | c=0.998437
[Epoch 0238] loss=3.3091 cls=0.3722 smmd=0.7647 ct=7.7990 rec=1.2010 | train/val/test=0.872/0.861/0.864 | c=0.998437
[Epoch 0239] loss=3.2940 cls=0.3809 smmd=0.7299 ct=7.8123 rec=1.1993 | train/val/test=0.876/0.864/0.870 | c=0.998437
[Epoch 0240] loss=3.2589 cls=0.3743 smmd=0.7059 ct=7.8218 rec=1.2005 | train/val/test=0.883/0.872/0.875 | c=0.998437
[Epoch 0241] loss=3.2428 cls=0.3682 smmd=0.7010 ct=7.8236 rec=1.2037 | train/val/test=0.885/0.873/0.876 | c=0.998437
[Epoch 0242] loss=3.2102 cls=0.3640 smmd=0.6794 ct=7.8102 rec=1.2034 | train/val/test=0.887/0.874/0.871 | c=0.998437
[Epoch 0243] loss=3.1900 cls=0.3627 smmd=0.6655 ct=7.7937 rec=1.2019 | train/val/test=0.887/0.872/0.871 | c=0.998437
[Epoch 0244] loss=3.1827 cls=0.3615 smmd=0.6610 ct=7.7914 rec=1.2019 | train/val/test=0.887/0.869/0.872 | c=0.998437
[Epoch 0245] loss=3.1442 cls=0.3541 smmd=0.6346 ct=7.8033 rec=1.2036 | train/val/test=0.888/0.870/0.877 | c=0.998437
[Epoch 0246] loss=3.1450 cls=0.3544 smmd=0.6309 ct=7.8194 rec=1.2069 | train/val/test=0.886/0.870/0.872 | c=0.998437
[Epoch 0247] loss=3.1183 cls=0.3536 smmd=0.6048 ct=7.8249 rec=1.2063 | train/val/test=0.883/0.872/0.871 | c=0.998437
[Epoch 0248] loss=3.1065 cls=0.3544 smmd=0.5927 ct=7.8203 rec=1.2047 | train/val/test=0.886/0.875/0.871 | c=0.998437
[Epoch 0249] loss=3.0868 cls=0.3523 smmd=0.5783 ct=7.8137 rec=1.2054 | train/val/test=0.889/0.874/0.873 | c=0.998437
[Epoch 0250] loss=3.0797 cls=0.3487 smmd=0.5787 ct=7.8110 rec=1.2071 | train/val/test=0.890/0.871/0.873 | c=0.998437
[Epoch 0251] loss=3.0632 cls=0.3469 smmd=0.5652 ct=7.8128 rec=1.2082 | train/val/test=0.890/0.874/0.875 | c=0.998437
[Epoch 0252] loss=3.0431 cls=0.3451 smmd=0.5483 ct=7.8149 rec=1.2078 | train/val/test=0.885/0.873/0.873 | c=0.998437
[Epoch 0253] loss=3.0355 cls=0.3468 smmd=0.5368 ct=7.8175 rec=1.2079 | train/val/test=0.887/0.876/0.872 | c=0.998437
[Epoch 0254] loss=3.0179 cls=0.3458 smmd=0.5204 ct=7.8194 rec=1.2098 | train/val/test=0.890/0.877/0.874 | c=0.998437
[Epoch 0255] loss=2.9941 cls=0.3442 smmd=0.4999 ct=7.8178 rec=1.2112 | train/val/test=0.891/0.879/0.879 | c=0.998437
[Epoch 0256] loss=2.9805 cls=0.3415 smmd=0.4931 ct=7.8119 rec=1.2101 | train/val/test=0.891/0.878/0.878 | c=0.998437
[Epoch 0257] loss=2.9779 cls=0.3419 smmd=0.4905 ct=7.8083 rec=1.2096 | train/val/test=0.891/0.876/0.875 | c=0.998437
[Epoch 0258] loss=2.9606 cls=0.3403 smmd=0.4761 ct=7.8088 rec=1.2112 | train/val/test=0.890/0.879/0.875 | c=0.998437
[Epoch 0259] loss=2.9467 cls=0.3414 smmd=0.4588 ct=7.8117 rec=1.2134 | train/val/test=0.888/0.878/0.874 | c=0.998437
[Epoch 0260] loss=2.9349 cls=0.3423 smmd=0.4454 ct=7.8115 rec=1.2130 | train/val/test=0.886/0.879/0.876 | c=0.998437
[Epoch 0261] loss=2.9305 cls=0.3413 smmd=0.4432 ct=7.8115 rec=1.2121 | train/val/test=0.890/0.881/0.876 | c=0.998437
[Epoch 0262] loss=2.9123 cls=0.3387 smmd=0.4296 ct=7.8135 rec=1.2131 | train/val/test=0.893/0.880/0.879 | c=0.998437
[Epoch 0263] loss=2.9062 cls=0.3385 smmd=0.4235 ct=7.8135 rec=1.2148 | train/val/test=0.890/0.880/0.877 | c=0.998437
[Epoch 0264] loss=2.8997 cls=0.3387 smmd=0.4177 ct=7.8087 rec=1.2144 | train/val/test=0.886/0.877/0.874 | c=0.998437
[Epoch 0265] loss=2.8962 cls=0.3410 smmd=0.4100 ct=7.8067 rec=1.2142 | train/val/test=0.888/0.879/0.874 | c=0.998437
[Epoch 0266] loss=2.8838 cls=0.3407 smmd=0.3969 ct=7.8114 rec=1.2157 | train/val/test=0.891/0.880/0.876 | c=0.998437
[Epoch 0267] loss=2.8632 cls=0.3392 smmd=0.3782 ct=7.8161 rec=1.2168 | train/val/test=0.892/0.882/0.879 | c=0.998437
[Epoch 0268] loss=2.8607 cls=0.3384 smmd=0.3779 ct=7.8146 rec=1.2160 | train/val/test=0.892/0.881/0.879 | c=0.998437
[Epoch 0269] loss=2.8581 cls=0.3385 smmd=0.3756 ct=7.8116 rec=1.2161 | train/val/test=0.892/0.881/0.877 | c=0.998437
[Epoch 0270] loss=2.8415 cls=0.3388 smmd=0.3580 ct=7.8124 rec=1.2176 | train/val/test=0.891/0.881/0.875 | c=0.998437
[Epoch 0271] loss=2.8447 cls=0.3395 smmd=0.3592 ct=7.8149 rec=1.2179 | train/val/test=0.889/0.880/0.875 | c=0.998437
[Epoch 0272] loss=2.8355 cls=0.3394 smmd=0.3500 ct=7.8167 rec=1.2174 | train/val/test=0.892/0.881/0.879 | c=0.998437
[Epoch 0273] loss=2.8201 cls=0.3382 smmd=0.3365 ct=7.8181 rec=1.2182 | train/val/test=0.892/0.881/0.880 | c=0.998437
[Epoch 0274] loss=2.8191 cls=0.3379 smmd=0.3358 ct=7.8185 rec=1.2190 | train/val/test=0.891/0.882/0.879 | c=0.998437
[Epoch 0275] loss=2.8158 cls=0.3380 smmd=0.3323 ct=7.8187 rec=1.2185 | train/val/test=0.890/0.881/0.876 | c=0.998437
[Epoch 0276] loss=2.8069 cls=0.3384 smmd=0.3220 ct=7.8222 rec=1.2186 | train/val/test=0.892/0.880/0.876 | c=0.998437
[Epoch 0277] loss=2.7980 cls=0.3382 smmd=0.3126 ct=7.8253 rec=1.2197 | train/val/test=0.891/0.882/0.878 | c=0.998437
[Epoch 0278] loss=2.7990 cls=0.3375 smmd=0.3155 ct=7.8231 rec=1.2196 | train/val/test=0.891/0.884/0.878 | c=0.998437
[Epoch 0279] loss=2.7855 cls=0.3372 smmd=0.3032 ct=7.8206 rec=1.2190 | train/val/test=0.891/0.883/0.880 | c=0.998437
[Epoch 0280] loss=2.7838 cls=0.3367 smmd=0.3017 ct=7.8241 rec=1.2195 | train/val/test=0.892/0.881/0.879 | c=0.998437
[Epoch 0281] loss=2.7743 cls=0.3366 smmd=0.2913 ct=7.8290 rec=1.2199 | train/val/test=0.892/0.882/0.875 | c=0.998437
[Epoch 0282] loss=2.7668 cls=0.3367 smmd=0.2838 ct=7.8289 rec=1.2195 | train/val/test=0.891/0.883/0.877 | c=0.998437
[Epoch 0283] loss=2.7691 cls=0.3361 smmd=0.2876 ct=7.8271 rec=1.2197 | train/val/test=0.892/0.884/0.879 | c=0.998437
[Epoch 0284] loss=2.7595 cls=0.3354 smmd=0.2793 ct=7.8276 rec=1.2198 | train/val/test=0.892/0.883/0.878 | c=0.998437
[Epoch 0285] loss=2.7567 cls=0.3348 smmd=0.2773 ct=7.8301 rec=1.2193 | train/val/test=0.892/0.883/0.877 | c=0.998437
[Epoch 0286] loss=2.7575 cls=0.3345 smmd=0.2779 ct=7.8328 rec=1.2195 | train/val/test=0.893/0.882/0.877 | c=0.998437
[Epoch 0287] loss=2.7446 cls=0.3344 smmd=0.2652 ct=7.8329 rec=1.2199 | train/val/test=0.892/0.883/0.878 | c=0.998437
[Epoch 0288] loss=2.7411 cls=0.3339 smmd=0.2634 ct=7.8304 rec=1.2194 | train/val/test=0.892/0.883/0.879 | c=0.998437
[Epoch 0289] loss=2.7311 cls=0.3330 smmd=0.2551 ct=7.8311 rec=1.2192 | train/val/test=0.895/0.884/0.880 | c=0.998437
[Epoch 0290] loss=2.7304 cls=0.3324 smmd=0.2547 ct=7.8344 rec=1.2194 | train/val/test=0.892/0.884/0.878 | c=0.998437
[Epoch 0291] loss=2.7282 cls=0.3322 smmd=0.2529 ct=7.8354 rec=1.2190 | train/val/test=0.893/0.883/0.877 | c=0.998437
[Epoch 0292] loss=2.7226 cls=0.3320 smmd=0.2477 ct=7.8358 rec=1.2191 | train/val/test=0.894/0.884/0.880 | c=0.998437
[Epoch 0293] loss=2.7195 cls=0.3313 smmd=0.2458 ct=7.8366 rec=1.2193 | train/val/test=0.894/0.885/0.880 | c=0.998437
[Epoch 0294] loss=2.7134 cls=0.3306 smmd=0.2411 ct=7.8366 rec=1.2187 | train/val/test=0.895/0.885/0.881 | c=0.998437
[Epoch 0295] loss=2.7153 cls=0.3301 smmd=0.2439 ct=7.8372 rec=1.2187 | train/val/test=0.895/0.885/0.881 | c=0.998437
[Epoch 0296] loss=2.7075 cls=0.3299 smmd=0.2364 ct=7.8378 rec=1.2189 | train/val/test=0.894/0.884/0.879 | c=0.998437
[Epoch 0297] loss=2.7028 cls=0.3295 smmd=0.2323 ct=7.8387 rec=1.2187 | train/val/test=0.895/0.885/0.880 | c=0.998437
[Epoch 0298] loss=2.7013 cls=0.3289 smmd=0.2317 ct=7.8404 rec=1.2187 | train/val/test=0.896/0.886/0.881 | c=0.998437
[Epoch 0299] loss=2.6954 cls=0.3283 smmd=0.2269 ct=7.8409 rec=1.2185 | train/val/test=0.896/0.886/0.881 | c=0.998437
[Epoch 0300] loss=2.6926 cls=0.3280 smmd=0.2248 ct=7.8408 rec=1.2184 | train/val/test=0.896/0.886/0.881 | c=0.998437
[Epoch 0301] loss=2.6949 cls=0.3276 smmd=0.2276 ct=7.8419 rec=1.2186 | train/val/test=0.896/0.886/0.881 | c=0.998437
[Epoch 0302] loss=2.6943 cls=0.3272 smmd=0.2276 ct=7.8430 rec=1.2185 | train/val/test=0.896/0.886/0.881 | c=0.998437
[Epoch 0303] loss=2.6897 cls=0.3267 smmd=0.2238 ct=7.8438 rec=1.2184 | train/val/test=0.897/0.887/0.882 | c=0.998437
[Epoch 0304] loss=2.6702 cls=0.3263 smmd=0.2051 ct=7.8445 rec=1.2182 | train/val/test=0.898/0.886/0.881 | c=0.998437
[Epoch 0305] loss=2.6755 cls=0.3259 smmd=0.2110 ct=7.8452 rec=1.2184 | train/val/test=0.898/0.886/0.883 | c=0.998437
[Epoch 0306] loss=2.6738 cls=0.3256 smmd=0.2096 ct=7.8460 rec=1.2185 | train/val/test=0.897/0.888/0.881 | c=0.998437
[Epoch 0307] loss=2.6710 cls=0.3252 smmd=0.2077 ct=7.8460 rec=1.2183 | train/val/test=0.898/0.888/0.882 | c=0.998437
[Epoch 0308] loss=2.6669 cls=0.3248 smmd=0.2043 ct=7.8470 rec=1.2183 | train/val/test=0.898/0.888/0.882 | c=0.998437
[Epoch 0309] loss=2.6620 cls=0.3244 smmd=0.2000 ct=7.8476 rec=1.2181 | train/val/test=0.898/0.888/0.883 | c=0.998437
[Epoch 0310] loss=2.6620 cls=0.3241 smmd=0.2003 ct=7.8488 rec=1.2183 | train/val/test=0.899/0.888/0.882 | c=0.998437
[Epoch 0311] loss=2.6613 cls=0.3238 smmd=0.2000 ct=7.8497 rec=1.2184 | train/val/test=0.899/0.889/0.882 | c=0.998437
[Epoch 0312] loss=2.6539 cls=0.3234 smmd=0.1934 ct=7.8498 rec=1.2182 | train/val/test=0.900/0.890/0.883 | c=0.998437
[Epoch 0313] loss=2.6589 cls=0.3230 smmd=0.1992 ct=7.8506 rec=1.2182 | train/val/test=0.900/0.890/0.883 | c=0.998437
[Epoch 0314] loss=2.6517 cls=0.3227 smmd=0.1925 ct=7.8509 rec=1.2182 | train/val/test=0.900/0.890/0.884 | c=0.998437
[Epoch 0315] loss=2.6473 cls=0.3224 smmd=0.1883 ct=7.8520 rec=1.2183 | train/val/test=0.900/0.890/0.883 | c=0.998437
[Epoch 0316] loss=2.6470 cls=0.3221 smmd=0.1886 ct=7.8530 rec=1.2183 | train/val/test=0.901/0.890/0.883 | c=0.998437
[Epoch 0317] loss=2.6440 cls=0.3217 smmd=0.1863 ct=7.8529 rec=1.2181 | train/val/test=0.901/0.890/0.883 | c=0.998437
[Epoch 0318] loss=2.6398 cls=0.3214 smmd=0.1827 ct=7.8529 rec=1.2183 | train/val/test=0.901/0.890/0.884 | c=0.998437
[Epoch 0319] loss=2.6415 cls=0.3212 smmd=0.1848 ct=7.8535 rec=1.2181 | train/val/test=0.902/0.890/0.884 | c=0.998437
[Epoch 0320] loss=2.6395 cls=0.3208 smmd=0.1830 ct=7.8560 rec=1.2183 | train/val/test=0.901/0.891/0.883 | c=0.998437
[Epoch 0321] loss=2.6326 cls=0.3205 smmd=0.1768 ct=7.8560 rec=1.2180 | train/val/test=0.902/0.891/0.884 | c=0.998437
[Epoch 0322] loss=2.6332 cls=0.3202 smmd=0.1779 ct=7.8563 rec=1.2184 | train/val/test=0.901/0.891/0.884 | c=0.998437
[Epoch 0323] loss=2.6315 cls=0.3200 smmd=0.1768 ct=7.8557 rec=1.2179 | train/val/test=0.902/0.891/0.884 | c=0.998437
[Epoch 0324] loss=2.6299 cls=0.3196 smmd=0.1754 ct=7.8579 rec=1.2184 | train/val/test=0.901/0.891/0.883 | c=0.998437
[Epoch 0325] loss=2.6249 cls=0.3194 smmd=0.1712 ct=7.8566 rec=1.2176 | train/val/test=0.904/0.893/0.885 | c=0.998437
[Epoch 0326] loss=2.6224 cls=0.3191 smmd=0.1686 ct=7.8593 rec=1.2187 | train/val/test=0.901/0.892/0.883 | c=0.998437
[Epoch 0327] loss=2.6212 cls=0.3193 smmd=0.1678 ct=7.8571 rec=1.2173 | train/val/test=0.904/0.891/0.887 | c=0.998437
[Epoch 0328] loss=2.6225 cls=0.3191 smmd=0.1680 ct=7.8623 rec=1.2192 | train/val/test=0.899/0.890/0.881 | c=0.998437
[Epoch 0329] loss=2.6217 cls=0.3205 smmd=0.1661 ct=7.8569 rec=1.2165 | train/val/test=0.905/0.887/0.886 | c=0.998437
[Epoch 0330] loss=2.6294 cls=0.3223 smmd=0.1672 ct=7.8672 rec=1.2210 | train/val/test=0.890/0.881/0.872 | c=0.998437
[Epoch 0331] loss=2.6471 cls=0.3314 smmd=0.1701 ct=7.8553 rec=1.2155 | train/val/test=0.893/0.872/0.880 | c=0.998437
[Epoch 0332] loss=2.6966 cls=0.3493 smmd=0.1756 ct=7.8834 rec=1.2281 | train/val/test=0.864/0.855/0.853 | c=0.998437
[Epoch 0333] loss=2.8778 cls=0.4234 smmd=0.2147 ct=7.8618 rec=1.2201 | train/val/test=0.805/0.785/0.795 | c=0.998437
[Epoch 0334] loss=3.2751 cls=0.5812 smmd=0.2714 ct=7.9467 rec=1.2595 | train/val/test=0.705/0.689/0.684 | c=0.998437
[Epoch 0335] loss=4.8975 cls=1.2231 smmd=0.6022 ct=7.9494 rec=1.2965 | train/val/test=0.667/0.671/0.676 | c=0.998437
[Epoch 0336] loss=7.2879 cls=2.0832 smmd=1.2416 ct=8.1057 rec=1.2937 | train/val/test=0.747/0.747/0.739 | c=0.998437
[Epoch 0337] loss=3.9207 cls=0.7419 smmd=0.6184 ct=7.8266 rec=1.2657 | train/val/test=0.253/0.250/0.246 | c=0.998437
[Epoch 0338] loss=10.9314 cls=3.8471 smmd=1.3214 ct=8.1678 rec=1.4113 | train/val/test=0.398/0.399/0.406 | c=0.998437
[Epoch 0339] loss=8.9696 cls=2.7321 smmd=1.5928 ct=8.2343 rec=1.3292 | train/val/test=0.494/0.492/0.474 | c=0.998437
[Epoch 0340] loss=14.6708 cls=4.9330 smmd=2.8983 ct=8.1278 rec=1.4050 | train/val/test=0.603/0.606/0.591 | c=0.998437
[Epoch 0341] loss=11.9059 cls=3.7009 smmd=2.6153 ct=8.1001 rec=1.3438 | train/val/test=0.118/0.114/0.113 | c=0.998437
[Epoch 0342] loss=13.1773 cls=4.8615 smmd=1.5240 ct=8.1543 rec=1.4978 | train/val/test=0.555/0.548/0.536 | c=0.998437
[Epoch 0343] loss=16.2348 cls=5.3121 smmd=3.6869 ct=8.3128 rec=1.3056 | train/val/test=0.554/0.549/0.536 | c=0.998437
[Epoch 0344] loss=20.9897 cls=6.8228 smmd=5.4087 ct=8.3678 rec=1.3097 | train/val/test=0.603/0.597/0.579 | c=0.998437
[Epoch 0345] loss=18.6556 cls=5.3238 smmd=6.0622 ct=8.3868 rec=1.3426 | train/val/test=0.164/0.161/0.158 | c=0.998437
[Epoch 0346] loss=22.5463 cls=7.0891 smmd=6.3719 ct=8.3887 rec=1.5916 | train/val/test=0.043/0.037/0.037 | c=0.998437
[Epoch 0347] loss=24.0616 cls=7.7650 smmd=6.5360 ct=8.3801 rec=1.5980 | train/val/test=0.391/0.397/0.372 | c=0.998437
[Epoch 0348] loss=21.5685 cls=6.4807 smmd=6.6181 ct=8.3749 rec=1.5697 | train/val/test=0.119/0.129/0.138 | c=0.998437
[Epoch 0349] loss=31.4200 cls=11.3779 smmd=6.6752 ct=8.3762 rec=1.5689 | train/val/test=0.024/0.024/0.025 | c=0.998437
[Epoch 0350] loss=30.4485 cls=10.8843 smmd=6.6940 ct=8.3959 rec=1.5329 | train/val/test=0.151/0.148/0.156 | c=0.998437
[Epoch 0351] loss=29.7828 cls=10.5509 smmd=6.7062 ct=8.3863 rec=1.4880 | train/val/test=0.220/0.207/0.221 | c=0.998437
[Epoch 0352] loss=31.1821 cls=11.2422 smmd=6.7190 ct=8.3817 rec=1.5118 | train/val/test=0.410/0.415/0.395 | c=0.998437
[Epoch 0353] loss=34.1298 cls=12.6991 smmd=6.7433 ct=8.3593 rec=1.5821 | train/val/test=0.404/0.409/0.387 | c=0.998437
[Epoch 0354] loss=31.8863 cls=11.5692 smmd=6.7628 ct=8.3407 rec=1.5846 | train/val/test=0.494/0.495/0.482 | c=0.998437
[Epoch 0355] loss=23.1301 cls=7.2136 smmd=6.7813 ct=8.3248 rec=1.2831 | train/val/test=0.268/0.270/0.270 | c=0.998437
[Epoch 0356] loss=32.1896 cls=11.7124 smmd=6.8145 ct=8.3070 rec=1.4444 | train/val/test=0.183/0.191/0.204 | c=0.998437
[Epoch 0357] loss=37.1395 cls=14.1877 smmd=6.8321 ct=8.2943 rec=1.3662 | train/val/test=0.289/0.296/0.322 | c=0.998437
[Epoch 0358] loss=32.8961 cls=12.0694 smmd=6.8353 ct=8.2996 rec=1.3103 | train/val/test=0.333/0.341/0.348 | c=0.998437
[Epoch 0359] loss=28.3311 cls=9.7820 smmd=6.8270 ct=8.3020 rec=1.3986 | train/val/test=0.593/0.595/0.566 | c=0.998437
[Epoch 0360] loss=22.9120 cls=7.0954 smmd=6.8084 ct=8.2895 rec=1.2747 | train/val/test=0.395/0.400/0.376 | c=0.998437
[Epoch 0361] loss=27.8639 cls=9.5515 smmd=6.7884 ct=8.2783 rec=1.5838 | train/val/test=0.386/0.389/0.366 | c=0.998437
[Epoch 0362] loss=27.7373 cls=9.5014 smmd=6.7615 ct=8.2709 rec=1.5942 | train/val/test=0.472/0.484/0.439 | c=0.998437
[Epoch 0363] loss=21.9114 cls=6.6306 smmd=6.7244 ct=8.2669 rec=1.3624 | train/val/test=0.609/0.618/0.609 | c=0.998437
[Epoch 0364] loss=18.2325 cls=4.8218 smmd=6.6837 ct=8.2663 rec=1.2599 | train/val/test=0.513/0.517/0.527 | c=0.998437
[Epoch 0365] loss=17.1649 cls=4.3010 smmd=6.6452 ct=8.2674 rec=1.3210 | train/val/test=0.330/0.338/0.362 | c=0.998437
[Epoch 0366] loss=17.5324 cls=4.5064 smmd=6.6027 ct=8.2728 rec=1.3114 | train/val/test=0.221/0.217/0.237 | c=0.998437
[Epoch 0367] loss=17.6869 cls=4.6070 smmd=6.5517 ct=8.2771 rec=1.3294 | train/val/test=0.558/0.554/0.579 | c=0.998437
[Epoch 0368] loss=13.4074 cls=2.5016 smmd=6.4950 ct=8.2820 rec=1.2635 | train/val/test=0.568/0.572/0.546 | c=0.998437
[Epoch 0369] loss=14.6703 cls=3.1596 smmd=6.4439 ct=8.2833 rec=1.2531 | train/val/test=0.536/0.541/0.510 | c=0.998437
[Epoch 0370] loss=15.3047 cls=3.5013 smmd=6.3889 ct=8.2861 rec=1.2798 | train/val/test=0.537/0.544/0.517 | c=0.998437
[Epoch 0371] loss=14.7625 cls=3.2588 smmd=6.3245 ct=8.2910 rec=1.3114 | train/val/test=0.583/0.590/0.568 | c=0.998437
[Epoch 0372] loss=14.4914 cls=3.1585 smmd=6.2536 ct=8.2958 rec=1.3084 | train/val/test=0.623/0.627/0.618 | c=0.998437
[Epoch 0373] loss=13.2866 cls=2.5989 smmd=6.1766 ct=8.2979 rec=1.2632 | train/val/test=0.651/0.647/0.659 | c=0.998437
[Epoch 0374] loss=11.5158 cls=1.7618 smmd=6.0893 ct=8.2983 rec=1.2166 | train/val/test=0.666/0.666/0.682 | c=0.998437
[Epoch 0375] loss=10.7771 cls=1.4351 smmd=6.0049 ct=8.3026 rec=1.2071 | train/val/test=0.587/0.599/0.599 | c=0.998437
[Epoch 0376] loss=11.8260 cls=1.9984 smmd=5.9180 ct=8.3079 rec=1.2486 | train/val/test=0.584/0.602/0.601 | c=0.998437
[Epoch 0377] loss=11.5709 cls=1.9213 smmd=5.8158 ct=8.3059 rec=1.2564 | train/val/test=0.745/0.756/0.766 | c=0.998437
[Epoch 0378] loss=9.8091 cls=1.1103 smmd=5.6904 ct=8.2928 rec=1.1974 | train/val/test=0.764/0.756/0.772 | c=0.998437
[Epoch 0379] loss=9.6019 cls=1.0780 smmd=5.5547 ct=8.2728 rec=1.1832 | train/val/test=0.663/0.656/0.660 | c=0.998437
[Epoch 0380] loss=10.3462 cls=1.5158 smmd=5.4248 ct=8.2561 rec=1.1935 | train/val/test=0.729/0.737/0.738 | c=0.998437
[Epoch 0381] loss=9.6534 cls=1.2348 smmd=5.2971 ct=8.2418 rec=1.1919 | train/val/test=0.709/0.722/0.713 | c=0.998437
[Epoch 0382] loss=10.2553 cls=1.6054 smmd=5.1595 ct=8.2250 rec=1.1995 | train/val/test=0.761/0.751/0.759 | c=0.998437
[Epoch 0383] loss=9.3084 cls=1.2195 smmd=4.9903 ct=8.1829 rec=1.2128 | train/val/test=0.679/0.671/0.681 | c=0.998437
[Epoch 0384] loss=9.6813 cls=1.4975 smmd=4.8125 ct=8.1519 rec=1.2176 | train/val/test=0.755/0.743/0.754 | c=0.998437
[Epoch 0385] loss=8.9472 cls=1.2195 smmd=4.6377 ct=8.1377 rec=1.2150 | train/val/test=0.793/0.794/0.790 | c=0.998437
[Epoch 0386] loss=8.4265 cls=1.0510 smmd=4.4563 ct=8.1357 rec=1.2046 | train/val/test=0.796/0.801/0.792 | c=0.998437
[Epoch 0387] loss=8.2214 cls=1.0531 smmd=4.2504 ct=8.1306 rec=1.1930 | train/val/test=0.814/0.815/0.812 | c=0.998437
[Epoch 0388] loss=7.7076 cls=0.9124 smmd=4.0243 ct=8.1064 rec=1.1861 | train/val/test=0.836/0.829/0.837 | c=0.998437
[Epoch 0389] loss=7.2840 cls=0.8317 smmd=3.7708 ct=8.0668 rec=1.1825 | train/val/test=0.791/0.779/0.796 | c=0.998437
[Epoch 0390] loss=7.4080 cls=1.0265 smmd=3.5132 ct=8.0325 rec=1.1769 | train/val/test=0.817/0.805/0.824 | c=0.998437
[Epoch 0391] loss=6.9211 cls=0.9124 smmd=3.2591 ct=8.0091 rec=1.1773 | train/val/test=0.828/0.827/0.834 | c=0.998437
[Epoch 0392] loss=6.6319 cls=0.9106 smmd=2.9750 ct=7.9994 rec=1.1794 | train/val/test=0.815/0.817/0.823 | c=0.998437
[Epoch 0393] loss=6.4449 cls=0.9678 smmd=2.6793 ct=7.9692 rec=1.1809 | train/val/test=0.850/0.843/0.846 | c=0.998437
[Epoch 0394] loss=5.8232 cls=0.8387 smmd=2.3308 ct=7.8958 rec=1.1795 | train/val/test=0.823/0.815/0.821 | c=0.998437
[Epoch 0395] loss=5.6883 cls=0.9292 smmd=2.0276 ct=7.8329 rec=1.1789 | train/val/test=0.840/0.834/0.836 | c=0.998437
[Epoch 0396] loss=5.3516 cls=0.8780 smmd=1.7980 ct=7.8064 rec=1.1819 | train/val/test=0.835/0.837/0.830 | c=0.998437
[Epoch 0397] loss=5.2561 cls=0.8893 smmd=1.6773 ct=7.8155 rec=1.1857 | train/val/test=0.806/0.810/0.813 | c=0.998437
[Epoch 0398] loss=5.3932 cls=0.9764 smmd=1.6386 ct=7.8245 rec=1.1847 | train/val/test=0.832/0.832/0.826 | c=0.998437
[Epoch 0399] loss=5.2199 cls=0.8958 smmd=1.6317 ct=7.7959 rec=1.1873 | train/val/test=0.831/0.824/0.823 | c=0.998437
[Epoch 0400] loss=5.2494 cls=0.9031 smmd=1.6532 ct=7.7649 rec=1.1845 | train/val/test=0.848/0.844/0.841 | c=0.998437
[Epoch 0401] loss=5.1056 cls=0.8194 smmd=1.6796 ct=7.7548 rec=1.1811 | train/val/test=0.848/0.849/0.847 | c=0.998437
[Epoch 0402] loss=5.1363 cls=0.8265 smmd=1.6934 ct=7.7681 rec=1.1809 | train/val/test=0.859/0.859/0.857 | c=0.998437
[Epoch 0403] loss=4.9183 cls=0.7359 smmd=1.6567 ct=7.7704 rec=1.1791 | train/val/test=0.856/0.846/0.857 | c=0.998437
[Epoch 0404] loss=4.8444 cls=0.7207 smmd=1.6109 ct=7.7814 rec=1.1788 | train/val/test=0.855/0.844/0.854 | c=0.998437
[Epoch 0405] loss=4.7862 cls=0.7196 smmd=1.5509 ct=7.8007 rec=1.1801 | train/val/test=0.860/0.857/0.859 | c=0.998437
[Epoch 0406] loss=4.6279 cls=0.6779 smmd=1.4738 ct=7.8103 rec=1.1814 | train/val/test=0.866/0.861/0.864 | c=0.998437
[Epoch 0407] loss=4.5119 cls=0.6510 smmd=1.4131 ct=7.8029 rec=1.1811 | train/val/test=0.866/0.862/0.864 | c=0.998437
[Epoch 0408] loss=4.4607 cls=0.6433 smmd=1.3804 ct=7.7855 rec=1.1825 | train/val/test=0.864/0.853/0.859 | c=0.998437
[Epoch 0409] loss=4.4502 cls=0.6501 smmd=1.3582 ct=7.7754 rec=1.1834 | train/val/test=0.863/0.856/0.860 | c=0.998437
[Epoch 0410] loss=4.3989 cls=0.6303 smmd=1.3456 ct=7.7803 rec=1.1833 | train/val/test=0.866/0.865/0.862 | c=0.998437
[Epoch 0411] loss=4.3208 cls=0.5986 smmd=1.3275 ct=7.7964 rec=1.1834 | train/val/test=0.868/0.862/0.863 | c=0.998437
[Epoch 0412] loss=4.3055 cls=0.5988 smmd=1.3091 ct=7.8107 rec=1.1838 | train/val/test=0.871/0.865/0.866 | c=0.998437
[Epoch 0413] loss=4.2520 cls=0.5839 smmd=1.2865 ct=7.8052 rec=1.1831 | train/val/test=0.868/0.864/0.866 | c=0.998437
[Epoch 0414] loss=4.1866 cls=0.5669 smmd=1.2598 ct=7.7839 rec=1.1808 | train/val/test=0.868/0.857/0.863 | c=0.998437
[Epoch 0415] loss=4.1718 cls=0.5673 smmd=1.2481 ct=7.7652 rec=1.1799 | train/val/test=0.869/0.858/0.862 | c=0.998437
[Epoch 0416] loss=4.1498 cls=0.5655 smmd=1.2304 ct=7.7599 rec=1.1813 | train/val/test=0.871/0.866/0.865 | c=0.998437
[Epoch 0417] loss=4.0843 cls=0.5428 smmd=1.2094 ct=7.7644 rec=1.1819 | train/val/test=0.875/0.865/0.869 | c=0.998437
[Epoch 0418] loss=4.0246 cls=0.5198 smmd=1.1939 ct=7.7731 rec=1.1828 | train/val/test=0.876/0.863/0.867 | c=0.998437
[Epoch 0419] loss=4.0054 cls=0.5120 smmd=1.1884 ct=7.7810 rec=1.1844 | train/val/test=0.878/0.867/0.870 | c=0.998437
[Epoch 0420] loss=3.9643 cls=0.4975 smmd=1.1758 ct=7.7820 rec=1.1852 | train/val/test=0.879/0.872/0.871 | c=0.998437
[Epoch 0421] loss=3.9205 cls=0.4861 smmd=1.1556 ct=7.7782 rec=1.1853 | train/val/test=0.878/0.872/0.869 | c=0.998437
[Epoch 0422] loss=3.8936 cls=0.4847 smmd=1.1319 ct=7.7762 rec=1.1854 | train/val/test=0.878/0.865/0.870 | c=0.998437
[Epoch 0423] loss=3.8737 cls=0.4788 smmd=1.1230 ct=7.7810 rec=1.1848 | train/val/test=0.878/0.863/0.871 | c=0.998437
[Epoch 0424] loss=3.8343 cls=0.4680 smmd=1.1025 ct=7.7944 rec=1.1844 | train/val/test=0.880/0.867/0.874 | c=0.998437
[Epoch 0425] loss=3.8046 cls=0.4579 smmd=1.0896 ct=7.8105 rec=1.1852 | train/val/test=0.882/0.871/0.875 | c=0.998437
[Epoch 0426] loss=3.7936 cls=0.4533 smmd=1.0863 ct=7.8175 rec=1.1864 | train/val/test=0.884/0.871/0.874 | c=0.998437
[Epoch 0427] loss=3.7533 cls=0.4422 smmd=1.0701 ct=7.8082 rec=1.1861 | train/val/test=0.883/0.869/0.870 | c=0.998437
[Epoch 0428] loss=3.7226 cls=0.4354 smmd=1.0563 ct=7.7915 rec=1.1857 | train/val/test=0.882/0.870/0.871 | c=0.998437
[Epoch 0429] loss=3.7105 cls=0.4327 smmd=1.0516 ct=7.7813 rec=1.1863 | train/val/test=0.885/0.873/0.872 | c=0.998437
[Epoch 0430] loss=3.6845 cls=0.4260 smmd=1.0385 ct=7.7828 rec=1.1872 | train/val/test=0.886/0.874/0.874 | c=0.998437
[Epoch 0431] loss=3.6549 cls=0.4164 smmd=1.0260 ct=7.7923 rec=1.1878 | train/val/test=0.887/0.872/0.872 | c=0.998437
[Epoch 0432] loss=3.6327 cls=0.4097 smmd=1.0151 ct=7.8026 rec=1.1884 | train/val/test=0.886/0.873/0.874 | c=0.998437
[Epoch 0433] loss=3.6132 cls=0.4051 smmd=1.0038 ct=7.8076 rec=1.1887 | train/val/test=0.889/0.875/0.875 | c=0.998437
[Epoch 0434] loss=3.5920 cls=0.3985 smmd=0.9962 ct=7.8056 rec=1.1887 | train/val/test=0.889/0.876/0.875 | c=0.998437
[Epoch 0435] loss=3.5704 cls=0.3955 smmd=0.9816 ct=7.7998 rec=1.1890 | train/val/test=0.890/0.874/0.873 | c=0.998437
[Epoch 0436] loss=3.5585 cls=0.3913 smmd=0.9791 ct=7.7950 rec=1.1895 | train/val/test=0.888/0.873/0.873 | c=0.998437
[Epoch 0437] loss=3.5269 cls=0.3848 smmd=0.9601 ct=7.7956 rec=1.1903 | train/val/test=0.889/0.876/0.875 | c=0.998437
[Epoch 0438] loss=3.5160 cls=0.3783 smmd=0.9607 ct=7.8016 rec=1.1916 | train/val/test=0.890/0.879/0.876 | c=0.998437
[Epoch 0439] loss=3.4991 cls=0.3746 smmd=0.9500 ct=7.8067 rec=1.1927 | train/val/test=0.890/0.878/0.877 | c=0.998437
[Epoch 0440] loss=3.4798 cls=0.3703 smmd=0.9396 ct=7.8053 rec=1.1929 | train/val/test=0.890/0.875/0.877 | c=0.998437
[Epoch 0441] loss=3.4573 cls=0.3675 smmd=0.9238 ct=7.8004 rec=1.1926 | train/val/test=0.890/0.876/0.876 | c=0.998437
[Epoch 0442] loss=3.4466 cls=0.3655 smmd=0.9172 ct=7.7988 rec=1.1928 | train/val/test=0.892/0.879/0.877 | c=0.998437
[Epoch 0443] loss=3.4248 cls=0.3618 smmd=0.9020 ct=7.8025 rec=1.1935 | train/val/test=0.892/0.880/0.877 | c=0.998437
[Epoch 0444] loss=3.4119 cls=0.3570 smmd=0.8973 ct=7.8081 rec=1.1945 | train/val/test=0.892/0.877/0.877 | c=0.998437
[Epoch 0445] loss=3.3945 cls=0.3538 smmd=0.8855 ct=7.8110 rec=1.1956 | train/val/test=0.892/0.879/0.877 | c=0.998437
[Epoch 0446] loss=3.3816 cls=0.3511 smmd=0.8784 ct=7.8088 rec=1.1964 | train/val/test=0.893/0.881/0.879 | c=0.998437
[Epoch 0447] loss=3.3619 cls=0.3491 smmd=0.8637 ct=7.8035 rec=1.1968 | train/val/test=0.894/0.881/0.877 | c=0.998437
[Epoch 0448] loss=3.3548 cls=0.3474 smmd=0.8607 ct=7.7995 rec=1.1971 | train/val/test=0.894/0.880/0.877 | c=0.998437
[Epoch 0449] loss=3.3364 cls=0.3446 smmd=0.8477 ct=7.8003 rec=1.1974 | train/val/test=0.893/0.881/0.880 | c=0.998437
[Epoch 0450] loss=3.3182 cls=0.3414 smmd=0.8349 ct=7.8049 rec=1.1983 | train/val/test=0.894/0.882/0.883 | c=0.998437
[Epoch 0451] loss=3.3164 cls=0.3392 smmd=0.8364 ct=7.8081 rec=1.1995 | train/val/test=0.895/0.881/0.881 | c=0.998437
[Epoch 0452] loss=3.3012 cls=0.3372 smmd=0.8256 ct=7.8058 rec=1.2000 | train/val/test=0.894/0.882/0.879 | c=0.998437
[Epoch 0453] loss=3.2907 cls=0.3361 smmd=0.8183 ct=7.8008 rec=1.2003 | train/val/test=0.894/0.883/0.880 | c=0.998437
[Epoch 0454] loss=3.2671 cls=0.3349 smmd=0.7974 ct=7.7989 rec=1.2008 | train/val/test=0.896/0.884/0.883 | c=0.998437
[Epoch 0455] loss=3.2601 cls=0.3327 smmd=0.7940 ct=7.8018 rec=1.2014 | train/val/test=0.896/0.883/0.883 | c=0.998437
[Epoch 0456] loss=3.2526 cls=0.3304 smmd=0.7903 ct=7.8061 rec=1.2020 | train/val/test=0.896/0.882/0.884 | c=0.998437
[Epoch 0457] loss=3.2342 cls=0.3288 smmd=0.7746 ct=7.8078 rec=1.2025 | train/val/test=0.897/0.884/0.883 | c=0.998437
[Epoch 0458] loss=3.2326 cls=0.3274 smmd=0.7761 ct=7.8052 rec=1.2027 | train/val/test=0.897/0.885/0.884 | c=0.998437
[Epoch 0459] loss=3.2164 cls=0.3266 smmd=0.7624 ct=7.8010 rec=1.2029 | train/val/test=0.896/0.886/0.883 | c=0.998437
[Epoch 0460] loss=3.1919 cls=0.3254 smmd=0.7406 ct=7.7993 rec=1.2034 | train/val/test=0.896/0.885/0.884 | c=0.998437
[Epoch 0461] loss=3.1877 cls=0.3237 smmd=0.7392 ct=7.8014 rec=1.2042 | train/val/test=0.898/0.887/0.885 | c=0.998437
[Epoch 0462] loss=3.1768 cls=0.3223 smmd=0.7306 ct=7.8039 rec=1.2048 | train/val/test=0.898/0.887/0.886 | c=0.998437
[Epoch 0463] loss=3.1661 cls=0.3209 smmd=0.7226 ct=7.8032 rec=1.2049 | train/val/test=0.898/0.888/0.885 | c=0.998437
[Epoch 0464] loss=3.1409 cls=0.3200 smmd=0.6998 ct=7.8005 rec=1.2048 | train/val/test=0.898/0.889/0.886 | c=0.998437
[Epoch 0465] loss=3.1418 cls=0.3191 smmd=0.7028 ct=7.7991 rec=1.2050 | train/val/test=0.898/0.888/0.885 | c=0.998437
[Epoch 0466] loss=3.1248 cls=0.3178 smmd=0.6881 ct=7.7998 rec=1.2055 | train/val/test=0.898/0.888/0.885 | c=0.998437
[Epoch 0467] loss=3.1165 cls=0.3166 smmd=0.6817 ct=7.8013 rec=1.2061 | train/val/test=0.899/0.888/0.886 | c=0.998437
[Epoch 0468] loss=3.1088 cls=0.3156 smmd=0.6760 ct=7.8013 rec=1.2064 | train/val/test=0.900/0.888/0.885 | c=0.998437
[Epoch 0469] loss=3.0955 cls=0.3147 smmd=0.6649 ct=7.7995 rec=1.2062 | train/val/test=0.899/0.889/0.885 | c=0.998437
[Epoch 0470] loss=3.0922 cls=0.3139 smmd=0.6636 ct=7.7982 rec=1.2061 | train/val/test=0.900/0.889/0.885 | c=0.998437
[Epoch 0471] loss=3.0739 cls=0.3128 smmd=0.6473 ct=7.7991 rec=1.2064 | train/val/test=0.901/0.889/0.885 | c=0.998437
[Epoch 0472] loss=3.0565 cls=0.3118 smmd=0.6315 ct=7.8003 rec=1.2068 | train/val/test=0.901/0.889/0.885 | c=0.998437
[Epoch 0473] loss=3.0500 cls=0.3110 smmd=0.6267 ct=7.7994 rec=1.2071 | train/val/test=0.902/0.891/0.885 | c=0.998437
[Epoch 0474] loss=3.0300 cls=0.3103 smmd=0.6086 ct=7.7970 rec=1.2070 | train/val/test=0.901/0.892/0.885 | c=0.998437
[Epoch 0475] loss=3.0231 cls=0.3096 smmd=0.6034 ct=7.7956 rec=1.2070 | train/val/test=0.902/0.891/0.886 | c=0.998437
[Epoch 0476] loss=3.0159 cls=0.3087 smmd=0.5978 ct=7.7963 rec=1.2071 | train/val/test=0.902/0.891/0.885 | c=0.998437
[Epoch 0477] loss=3.0039 cls=0.3079 smmd=0.5870 ct=7.7982 rec=1.2074 | train/val/test=0.902/0.891/0.887 | c=0.998437
[Epoch 0478] loss=2.9886 cls=0.3073 smmd=0.5728 ct=7.7986 rec=1.2076 | train/val/test=0.902/0.891/0.886 | c=0.998437
[Epoch 0479] loss=2.9804 cls=0.3068 smmd=0.5659 ct=7.7968 rec=1.2077 | train/val/test=0.902/0.892/0.886 | c=0.998437
[Epoch 0480] loss=2.9724 cls=0.3063 smmd=0.5593 ct=7.7951 rec=1.2077 | train/val/test=0.902/0.892/0.887 | c=0.998437
[Epoch 0481] loss=2.9669 cls=0.3057 smmd=0.5549 ct=7.7951 rec=1.2079 | train/val/test=0.903/0.892/0.888 | c=0.998437
[Epoch 0482] loss=2.9540 cls=0.3051 smmd=0.5429 ct=7.7961 rec=1.2082 | train/val/test=0.904/0.892/0.888 | c=0.998437
[Epoch 0483] loss=2.9412 cls=0.3047 smmd=0.5309 ct=7.7963 rec=1.2084 | train/val/test=0.903/0.892/0.888 | c=0.998437
[Epoch 0484] loss=2.9314 cls=0.3043 smmd=0.5220 ct=7.7953 rec=1.2085 | train/val/test=0.904/0.893/0.888 | c=0.998437
[Epoch 0485] loss=2.9257 cls=0.3040 smmd=0.5172 ct=7.7944 rec=1.2087 | train/val/test=0.903/0.893/0.889 | c=0.998437
[Epoch 0486] loss=2.9106 cls=0.3036 smmd=0.5026 ct=7.7949 rec=1.2090 | train/val/test=0.904/0.893/0.889 | c=0.998437
[Epoch 0487] loss=2.9040 cls=0.3033 smmd=0.4965 ct=7.7959 rec=1.2093 | train/val/test=0.905/0.893/0.889 | c=0.998437
[Epoch 0488] loss=2.8838 cls=0.3029 smmd=0.4769 ct=7.7955 rec=1.2095 | train/val/test=0.905/0.893/0.889 | c=0.998437
[Epoch 0489] loss=2.8820 cls=0.3027 smmd=0.4758 ct=7.7946 rec=1.2096 | train/val/test=0.905/0.893/0.889 | c=0.998437
[Epoch 0490] loss=2.8801 cls=0.3024 smmd=0.4744 ct=7.7941 rec=1.2099 | train/val/test=0.905/0.894/0.889 | c=0.998437
[Epoch 0491] loss=2.8681 cls=0.3022 smmd=0.4626 ct=7.7945 rec=1.2103 | train/val/test=0.905/0.894/0.890 | c=0.998437
[Epoch 0492] loss=2.8589 cls=0.3021 smmd=0.4535 ct=7.7953 rec=1.2106 | train/val/test=0.906/0.893/0.889 | c=0.998437
[Epoch 0493] loss=2.8517 cls=0.3019 smmd=0.4467 ct=7.7954 rec=1.2108 | train/val/test=0.906/0.893/0.889 | c=0.998437
[Epoch 0494] loss=2.8464 cls=0.3018 smmd=0.4416 ct=7.7955 rec=1.2110 | train/val/test=0.906/0.893/0.890 | c=0.998437
[Epoch 0495] loss=2.8364 cls=0.3016 smmd=0.4316 ct=7.7961 rec=1.2114 | train/val/test=0.906/0.893/0.891 | c=0.998437
[Epoch 0496] loss=2.8263 cls=0.3015 smmd=0.4217 ct=7.7962 rec=1.2117 | train/val/test=0.906/0.893/0.889 | c=0.998437
[Epoch 0497] loss=2.8178 cls=0.3014 smmd=0.4133 ct=7.7959 rec=1.2120 | train/val/test=0.906/0.893/0.889 | c=0.998437
[Epoch 0498] loss=2.8096 cls=0.3013 smmd=0.4052 ct=7.7961 rec=1.2123 | train/val/test=0.907/0.893/0.890 | c=0.998437
[Epoch 0499] loss=2.8061 cls=0.3013 smmd=0.4017 ct=7.7963 rec=1.2126 | train/val/test=0.907/0.891/0.890 | c=0.998437
=== Best @ epoch 490: val=0.8942, test=0.8895 ===
[2025-09-20 04:20:44] END attempt 1: exit_code=0
