[2025-09-20 04:20:49] START attempt 1: python main.py --is_transfer True --test_dataset Computers --pretrained_model_name /mnt/data1/Graph/HypGraphLoRA/pre_trained_gnn/Photo.GRACE.GAT.hyp_True.True.20250912-232537.pth --few True --shot 5 --gpu_id 0
Parsed from filename: Pretrained backbone is Hyperbolic.
Pretrain dataset overridden by checkpoint: PubMed -> Photo
Split sizes | train=49, val=2740, test=10963 (mode=few, shot=5)
[Epoch 0000] loss=22.4590 cls=2.3039 smmd=6.6384 ct=10.9357 rec=1.3851 | train/val/test=0.102/0.032/0.031 | c=0.998437
[Epoch 0001] loss=20.6357 cls=2.3009 smmd=4.8243 ct=10.9325 rec=1.3851 | train/val/test=0.082/0.030/0.021 | c=0.998437
[Epoch 0002] loss=20.1766 cls=2.2998 smmd=4.3690 ct=10.9309 rec=1.3851 | train/val/test=0.163/0.072/0.073 | c=0.998437
[Epoch 0003] loss=20.3238 cls=2.2961 smmd=4.5269 ct=10.9276 rec=1.3851 | train/val/test=0.306/0.167/0.154 | c=0.998437
[Epoch 0004] loss=19.3340 cls=2.2909 smmd=3.5555 ct=10.9197 rec=1.3851 | train/val/test=0.286/0.164/0.146 | c=0.998437
[Epoch 0005] loss=18.3328 cls=2.2843 smmd=2.5830 ct=10.9041 rec=1.3851 | train/val/test=0.347/0.215/0.198 | c=0.998437
[Epoch 0006] loss=18.3193 cls=2.2760 smmd=2.6022 ct=10.8880 rec=1.3851 | train/val/test=0.531/0.287/0.278 | c=0.998437
[Epoch 0007] loss=18.1252 cls=2.2649 smmd=2.4590 ct=10.8594 rec=1.3851 | train/val/test=0.449/0.294/0.289 | c=0.998437
[Epoch 0008] loss=17.6434 cls=2.2505 smmd=2.0433 ct=10.8220 rec=1.3851 | train/val/test=0.531/0.365/0.364 | c=0.998437
[Epoch 0009] loss=17.8089 cls=2.2322 smmd=1.6798 ct=11.3877 rec=1.3850 | train/val/test=0.469/0.320/0.302 | c=0.998437
[Epoch 0010] loss=17.5072 cls=2.2134 smmd=1.8744 ct=10.9291 rec=1.3850 | train/val/test=0.531/0.366/0.360 | c=0.998437
[Epoch 0011] loss=17.6301 cls=2.1870 smmd=2.1727 ct=10.8063 rec=1.3849 | train/val/test=0.592/0.530/0.533 | c=0.998437
[Epoch 0012] loss=17.4752 cls=2.1585 smmd=2.0550 ct=10.8264 rec=1.3847 | train/val/test=0.449/0.376/0.366 | c=0.998437
[Epoch 0013] loss=17.0751 cls=2.1288 smmd=1.5996 ct=10.9411 rec=1.3846 | train/val/test=0.714/0.573/0.579 | c=0.998437
[Epoch 0014] loss=16.6825 cls=2.0908 smmd=1.1617 ct=11.0624 rec=1.3842 | train/val/test=0.612/0.560/0.564 | c=0.998437
[Epoch 0015] loss=16.6424 cls=2.0557 smmd=1.2005 ct=11.0538 rec=1.3838 | train/val/test=0.551/0.500/0.491 | c=0.998437
[Epoch 0016] loss=16.6438 cls=2.0187 smmd=1.3240 ct=11.0058 rec=1.3833 | train/val/test=0.714/0.573/0.578 | c=0.998437
[Epoch 0017] loss=16.4196 cls=1.9733 smmd=1.2044 ct=10.9920 rec=1.3827 | train/val/test=0.653/0.578/0.579 | c=0.998437
[Epoch 0018] loss=16.1734 cls=1.9295 smmd=1.0548 ct=10.9833 rec=1.3819 | train/val/test=0.612/0.561/0.566 | c=0.998437
[Epoch 0019] loss=16.0792 cls=1.8923 smmd=1.0456 ct=10.9728 rec=1.3809 | train/val/test=0.694/0.588/0.587 | c=0.998437
[Epoch 0020] loss=15.9889 cls=1.8446 smmd=1.0572 ct=10.9666 rec=1.3798 | train/val/test=0.653/0.614/0.615 | c=0.998437
[Epoch 0021] loss=15.8748 cls=1.7938 smmd=1.0276 ct=10.9839 rec=1.3786 | train/val/test=0.673/0.598/0.597 | c=0.998437
[Epoch 0022] loss=15.7159 cls=1.7498 smmd=0.9460 ct=10.9947 rec=1.3773 | train/val/test=0.694/0.586/0.589 | c=0.998437
[Epoch 0023] loss=15.5801 cls=1.7099 smmd=0.8591 ct=11.0260 rec=1.3759 | train/val/test=0.694/0.600/0.600 | c=0.998437
[Epoch 0024] loss=15.4822 cls=1.6597 smmd=0.8297 ct=11.0584 rec=1.3743 | train/val/test=0.735/0.621/0.615 | c=0.998437
[Epoch 0025] loss=15.3788 cls=1.6111 smmd=0.8164 ct=11.0657 rec=1.3726 | train/val/test=0.694/0.618/0.613 | c=0.998437
[Epoch 0026] loss=15.2635 cls=1.5697 smmd=0.8162 ct=11.0337 rec=1.3710 | train/val/test=0.694/0.616/0.614 | c=0.998437
[Epoch 0027] loss=15.1530 cls=1.5286 smmd=0.8124 ct=11.0096 rec=1.3693 | train/val/test=0.653/0.624/0.618 | c=0.998437
[Epoch 0028] loss=15.0415 cls=1.4789 smmd=0.7940 ct=11.0163 rec=1.3673 | train/val/test=0.633/0.631/0.627 | c=0.998437
[Epoch 0029] loss=14.9468 cls=1.4321 smmd=0.7725 ct=11.0370 rec=1.3654 | train/val/test=0.653/0.631/0.624 | c=0.998437
[Epoch 0030] loss=14.8525 cls=1.3925 smmd=0.7449 ct=11.0500 rec=1.3638 | train/val/test=0.694/0.625/0.622 | c=0.998437
[Epoch 0031] loss=14.7379 cls=1.3516 smmd=0.7033 ct=11.0591 rec=1.3619 | train/val/test=0.735/0.634/0.630 | c=0.998437
[Epoch 0032] loss=14.6313 cls=1.3035 smmd=0.6894 ct=11.0632 rec=1.3592 | train/val/test=0.694/0.646/0.640 | c=0.998437
[Epoch 0033] loss=14.5399 cls=1.2585 smmd=0.6982 ct=11.0533 rec=1.3570 | train/val/test=0.694/0.649/0.645 | c=0.998437
[Epoch 0034] loss=14.4314 cls=1.2195 smmd=0.6840 ct=11.0374 rec=1.3554 | train/val/test=0.714/0.647/0.647 | c=0.998437
[Epoch 0035] loss=14.3369 cls=1.1778 smmd=0.6745 ct=11.0363 rec=1.3531 | train/val/test=0.878/0.673/0.670 | c=0.998437
[Epoch 0036] loss=14.2330 cls=1.1314 smmd=0.6511 ct=11.0491 rec=1.3500 | train/val/test=0.857/0.688/0.680 | c=0.998437
[Epoch 0037] loss=14.1421 cls=1.0903 smmd=0.6432 ct=11.0489 rec=1.3478 | train/val/test=0.857/0.696/0.686 | c=0.998437
[Epoch 0038] loss=14.0402 cls=1.0537 smmd=0.6243 ct=11.0392 rec=1.3462 | train/val/test=0.918/0.711/0.704 | c=0.998437
[Epoch 0039] loss=13.9508 cls=1.0102 smmd=0.6205 ct=11.0414 rec=1.3428 | train/val/test=0.980/0.716/0.710 | c=0.998437
[Epoch 0040] loss=13.8684 cls=0.9678 smmd=0.6191 ct=11.0459 rec=1.3393 | train/val/test=0.980/0.721/0.714 | c=0.998437
[Epoch 0041] loss=13.7704 cls=0.9331 smmd=0.5997 ct=11.0369 rec=1.3376 | train/val/test=0.980/0.726/0.717 | c=0.998437
[Epoch 0042] loss=13.6874 cls=0.8971 smmd=0.5943 ct=11.0318 rec=1.3353 | train/val/test=1.000/0.727/0.718 | c=0.998437
[Epoch 0043] loss=13.6093 cls=0.8572 smmd=0.5930 ct=11.0357 rec=1.3314 | train/val/test=1.000/0.734/0.720 | c=0.998437
[Epoch 0044] loss=13.5492 cls=0.8245 smmd=0.6029 ct=11.0316 rec=1.3287 | train/val/test=1.000/0.733/0.720 | c=0.998437
[Epoch 0045] loss=13.4576 cls=0.7928 smmd=0.5772 ct=11.0294 rec=1.3265 | train/val/test=1.000/0.735/0.718 | c=0.998437
[Epoch 0046] loss=13.3830 cls=0.7580 smmd=0.5685 ct=11.0340 rec=1.3228 | train/val/test=1.000/0.735/0.720 | c=0.998437
[Epoch 0047] loss=13.3133 cls=0.7285 smmd=0.5616 ct=11.0308 rec=1.3197 | train/val/test=1.000/0.736/0.718 | c=0.998437
[Epoch 0048] loss=13.2588 cls=0.7015 smmd=0.5686 ct=11.0237 rec=1.3174 | train/val/test=1.000/0.731/0.715 | c=0.998437
[Epoch 0049] loss=13.1942 cls=0.6714 smmd=0.5638 ct=11.0246 rec=1.3144 | train/val/test=1.000/0.732/0.716 | c=0.998437
[Epoch 0050] loss=13.1309 cls=0.6455 smmd=0.5542 ct=11.0235 rec=1.3117 | train/val/test=1.000/0.734/0.719 | c=0.998437
[Epoch 0051] loss=13.0857 cls=0.6219 smmd=0.5589 ct=11.0212 rec=1.3088 | train/val/test=1.000/0.734/0.717 | c=0.998437
[Epoch 0052] loss=13.0321 cls=0.5960 smmd=0.5558 ct=11.0232 rec=1.3056 | train/val/test=1.000/0.731/0.715 | c=0.998437
[Epoch 0053] loss=12.9711 cls=0.5745 smmd=0.5412 ct=11.0200 rec=1.3039 | train/val/test=0.980/0.732/0.715 | c=0.998437
[Epoch 0054] loss=12.9238 cls=0.5539 smmd=0.5386 ct=11.0172 rec=1.3013 | train/val/test=0.980/0.729/0.714 | c=0.998437
[Epoch 0055] loss=12.8804 cls=0.5311 smmd=0.5416 ct=11.0170 rec=1.2980 | train/val/test=0.980/0.728/0.711 | c=0.998437
[Epoch 0056] loss=12.8192 cls=0.5140 smmd=0.5229 ct=11.0089 rec=1.2970 | train/val/test=0.980/0.727/0.712 | c=0.998437
[Epoch 0057] loss=12.7823 cls=0.4951 smmd=0.5250 ct=11.0082 rec=1.2946 | train/val/test=0.980/0.727/0.711 | c=0.998437
[Epoch 0058] loss=12.7426 cls=0.4765 smmd=0.5178 ct=11.0136 rec=1.2916 | train/val/test=1.000/0.727/0.713 | c=0.998437
[Epoch 0059] loss=12.6998 cls=0.4619 smmd=0.5077 ct=11.0101 rec=1.2911 | train/val/test=0.980/0.725/0.709 | c=0.998437
[Epoch 0060] loss=12.6585 cls=0.4457 smmd=0.5026 ct=11.0067 rec=1.2886 | train/val/test=1.000/0.726/0.712 | c=0.998437
[Epoch 0061] loss=12.6252 cls=0.4304 smmd=0.5046 ct=11.0022 rec=1.2877 | train/val/test=0.980/0.720/0.704 | c=0.998437
[Epoch 0062] loss=12.5918 cls=0.4208 smmd=0.4945 ct=10.9985 rec=1.2858 | train/val/test=1.000/0.718/0.709 | c=0.998437
[Epoch 0063] loss=12.5764 cls=0.4075 smmd=0.4937 ct=11.0104 rec=1.2866 | train/val/test=0.980/0.697/0.684 | c=0.998437
[Epoch 0064] loss=12.6332 cls=0.4208 smmd=0.5125 ct=11.0220 rec=1.2850 | train/val/test=1.000/0.703/0.683 | c=0.998437
[Epoch 0065] loss=12.8536 cls=0.4577 smmd=0.5941 ct=11.0838 rec=1.3012 | train/val/test=0.857/0.634/0.622 | c=0.998437
[Epoch 0066] loss=13.2116 cls=0.5719 smmd=0.6710 ct=11.1378 rec=1.2954 | train/val/test=0.898/0.638/0.611 | c=0.998437
[Epoch 0067] loss=13.1056 cls=0.5161 smmd=0.6714 ct=11.1401 rec=1.3090 | train/val/test=0.980/0.702/0.691 | c=0.998437
[Epoch 0068] loss=12.5124 cls=0.3619 smmd=0.5037 ct=11.0302 rec=1.2736 | train/val/test=0.980/0.693/0.679 | c=0.998437
[Epoch 0069] loss=12.5591 cls=0.3694 smmd=0.5318 ct=11.0330 rec=1.2773 | train/val/test=1.000/0.693/0.675 | c=0.998437
[Epoch 0070] loss=12.8169 cls=0.4167 smmd=0.6320 ct=11.0924 rec=1.2957 | train/val/test=0.980/0.699/0.691 | c=0.998437
[Epoch 0071] loss=12.4498 cls=0.3248 smmd=0.5137 ct=11.0337 rec=1.2643 | train/val/test=0.980/0.694/0.682 | c=0.998437
[Epoch 0072] loss=12.4658 cls=0.3308 smmd=0.5199 ct=11.0301 rec=1.2709 | train/val/test=1.000/0.704/0.691 | c=0.998437
[Epoch 0073] loss=12.5724 cls=0.3416 smmd=0.5719 ct=11.0612 rec=1.2801 | train/val/test=0.980/0.710/0.700 | c=0.998437
[Epoch 0074] loss=12.3116 cls=0.2753 smmd=0.4937 ct=11.0160 rec=1.2560 | train/val/test=0.980/0.691/0.678 | c=0.998437
[Epoch 0075] loss=12.4592 cls=0.3117 smmd=0.5466 ct=11.0354 rec=1.2682 | train/val/test=1.000/0.718/0.711 | c=0.998437
[Epoch 0076] loss=12.3279 cls=0.2727 smmd=0.5106 ct=11.0204 rec=1.2573 | train/val/test=1.000/0.703/0.693 | c=0.998437
[Epoch 0077] loss=12.3138 cls=0.2636 smmd=0.5167 ct=11.0178 rec=1.2598 | train/val/test=0.980/0.692/0.678 | c=0.998437
[Epoch 0078] loss=12.3562 cls=0.2766 smmd=0.5263 ct=11.0240 rec=1.2627 | train/val/test=0.980/0.715/0.714 | c=0.998437
[Epoch 0079] loss=12.2349 cls=0.2423 smmd=0.4871 ct=11.0142 rec=1.2447 | train/val/test=1.000/0.701/0.690 | c=0.998437
[Epoch 0080] loss=12.3156 cls=0.2552 smmd=0.5227 ct=11.0305 rec=1.2599 | train/val/test=0.980/0.693/0.688 | c=0.998437
[Epoch 0081] loss=12.2183 cls=0.2384 smmd=0.4889 ct=11.0015 rec=1.2554 | train/val/test=0.980/0.706/0.699 | c=0.998437
[Epoch 0082] loss=12.2241 cls=0.2349 smmd=0.4914 ct=11.0138 rec=1.2461 | train/val/test=1.000/0.710/0.702 | c=0.998437
[Epoch 0083] loss=12.2105 cls=0.2274 smmd=0.4903 ct=11.0154 rec=1.2491 | train/val/test=0.980/0.699/0.691 | c=0.998437
[Epoch 0084] loss=12.1627 cls=0.2219 smmd=0.4754 ct=10.9924 rec=1.2548 | train/val/test=0.980/0.695/0.687 | c=0.998437
[Epoch 0085] loss=12.1832 cls=0.2233 smmd=0.4822 ct=11.0044 rec=1.2500 | train/val/test=0.980/0.709/0.708 | c=0.998437
[Epoch 0086] loss=12.1439 cls=0.2105 smmd=0.4625 ct=11.0120 rec=1.2419 | train/val/test=1.000/0.699/0.691 | c=0.998437
[Epoch 0087] loss=12.1315 cls=0.2116 smmd=0.4662 ct=10.9911 rec=1.2549 | train/val/test=0.980/0.689/0.680 | c=0.998437
[Epoch 0088] loss=12.1246 cls=0.2138 smmd=0.4552 ct=10.9910 rec=1.2546 | train/val/test=0.980/0.714/0.710 | c=0.998437
[Epoch 0089] loss=12.1091 cls=0.2011 smmd=0.4525 ct=11.0063 rec=1.2399 | train/val/test=1.000/0.699/0.693 | c=0.998437
[Epoch 0090] loss=12.0811 cls=0.2021 smmd=0.4386 ct=10.9873 rec=1.2555 | train/val/test=0.959/0.682/0.675 | c=0.998437
[Epoch 0091] loss=12.0980 cls=0.2068 smmd=0.4466 ct=10.9866 rec=1.2564 | train/val/test=0.980/0.713/0.714 | c=0.998437
[Epoch 0092] loss=12.0727 cls=0.1944 smmd=0.4354 ct=11.0001 rec=1.2417 | train/val/test=1.000/0.701/0.688 | c=0.998437
[Epoch 0093] loss=12.0346 cls=0.1936 smmd=0.4183 ct=10.9779 rec=1.2561 | train/val/test=0.959/0.682/0.675 | c=0.998437
[Epoch 0094] loss=12.0643 cls=0.2006 smmd=0.4290 ct=10.9831 rec=1.2552 | train/val/test=1.000/0.715/0.708 | c=0.998437
[Epoch 0095] loss=12.0627 cls=0.1925 smmd=0.4254 ct=11.0025 rec=1.2492 | train/val/test=0.980/0.693/0.688 | c=0.998437
[Epoch 0096] loss=11.9915 cls=0.1854 smmd=0.3968 ct=10.9737 rec=1.2506 | train/val/test=1.000/0.693/0.680 | c=0.998437
[Epoch 0097] loss=12.0125 cls=0.1913 smmd=0.4138 ct=10.9640 rec=1.2602 | train/val/test=1.000/0.705/0.703 | c=0.998437
[Epoch 0098] loss=12.0373 cls=0.1859 smmd=0.4108 ct=11.0051 rec=1.2482 | train/val/test=0.980/0.692/0.686 | c=0.998437
[Epoch 0099] loss=11.9932 cls=0.1878 smmd=0.3968 ct=10.9703 rec=1.2533 | train/val/test=1.000/0.693/0.683 | c=0.998437
[Epoch 0100] loss=11.9802 cls=0.1845 smmd=0.3907 ct=10.9677 rec=1.2640 | train/val/test=0.980/0.705/0.702 | c=0.998437
[Epoch 0101] loss=12.0179 cls=0.1839 smmd=0.4067 ct=10.9951 rec=1.2409 | train/val/test=1.000/0.696/0.688 | c=0.998437
[Epoch 0102] loss=12.0041 cls=0.1918 smmd=0.4045 ct=10.9616 rec=1.2723 | train/val/test=0.980/0.686/0.680 | c=0.998437
[Epoch 0103] loss=12.0404 cls=0.1855 smmd=0.4066 ct=11.0144 rec=1.2422 | train/val/test=1.000/0.727/0.715 | c=0.998437
[Epoch 0104] loss=12.0572 cls=0.1976 smmd=0.4128 ct=10.9955 rec=1.2685 | train/val/test=0.980/0.674/0.667 | c=0.998437
[Epoch 0105] loss=12.1355 cls=0.1993 smmd=0.4447 ct=11.0436 rec=1.2428 | train/val/test=1.000/0.704/0.693 | c=0.998437
[Epoch 0106] loss=12.0278 cls=0.1940 smmd=0.3984 ct=10.9866 rec=1.2732 | train/val/test=0.980/0.707/0.703 | c=0.998437
[Epoch 0107] loss=12.0358 cls=0.1834 smmd=0.4168 ct=11.0057 rec=1.2326 | train/val/test=1.000/0.656/0.633 | c=0.998437
[Epoch 0108] loss=12.0408 cls=0.1992 smmd=0.4034 ct=10.9832 rec=1.2785 | train/val/test=0.959/0.710/0.703 | c=0.998437
[Epoch 0109] loss=12.1435 cls=0.2048 smmd=0.4755 ct=11.0118 rec=1.2324 | train/val/test=1.000/0.619/0.603 | c=0.998437
[Epoch 0110] loss=12.1583 cls=0.2179 smmd=0.4294 ct=11.0391 rec=1.2702 | train/val/test=0.959/0.692/0.687 | c=0.998437
[Epoch 0111] loss=12.1492 cls=0.1951 smmd=0.4858 ct=11.0257 rec=1.2374 | train/val/test=1.000/0.684/0.673 | c=0.998437
[Epoch 0112] loss=11.9773 cls=0.1707 smmd=0.3969 ct=10.9877 rec=1.2565 | train/val/test=1.000/0.686/0.676 | c=0.998437
[Epoch 0113] loss=11.9673 cls=0.1550 smmd=0.3954 ct=11.0139 rec=1.2397 | train/val/test=0.959/0.701/0.695 | c=0.998437
[Epoch 0114] loss=11.9867 cls=0.1645 smmd=0.4347 ct=10.9752 rec=1.2395 | train/val/test=1.000/0.672/0.658 | c=0.998437
[Epoch 0115] loss=11.9485 cls=0.1609 smmd=0.3885 ct=10.9875 rec=1.2535 | train/val/test=0.980/0.703/0.700 | c=0.998437
[Epoch 0116] loss=11.9463 cls=0.1473 smmd=0.3994 ct=11.0075 rec=1.2244 | train/val/test=1.000/0.696/0.684 | c=0.998437
[Epoch 0117] loss=11.9336 cls=0.1579 smmd=0.4007 ct=10.9658 rec=1.2563 | train/val/test=1.000/0.687/0.680 | c=0.998437
[Epoch 0118] loss=11.8979 cls=0.1367 smmd=0.3816 ct=10.9959 rec=1.2349 | train/val/test=0.980/0.718/0.707 | c=0.998437
[Epoch 0119] loss=11.8575 cls=0.1325 smmd=0.3785 ct=10.9692 rec=1.2240 | train/val/test=1.000/0.689/0.678 | c=0.998437
[Epoch 0120] loss=11.8921 cls=0.1516 smmd=0.3827 ct=10.9546 rec=1.2579 | train/val/test=0.980/0.696/0.689 | c=0.998437
[Epoch 0121] loss=11.9281 cls=0.1362 smmd=0.3953 ct=11.0152 rec=1.2256 | train/val/test=1.000/0.704/0.694 | c=0.998437
[Epoch 0122] loss=11.8406 cls=0.1333 smmd=0.3670 ct=10.9595 rec=1.2376 | train/val/test=1.000/0.697/0.688 | c=0.998437
[Epoch 0123] loss=11.8316 cls=0.1332 smmd=0.3682 ct=10.9475 rec=1.2476 | train/val/test=0.980/0.701/0.692 | c=0.998437
[Epoch 0124] loss=11.8842 cls=0.1300 smmd=0.3784 ct=11.0014 rec=1.2223 | train/val/test=1.000/0.706/0.695 | c=0.998437
[Epoch 0125] loss=11.8471 cls=0.1366 smmd=0.3697 ct=10.9546 rec=1.2479 | train/val/test=1.000/0.686/0.685 | c=0.998437
[Epoch 0126] loss=11.8214 cls=0.1228 smmd=0.3708 ct=10.9586 rec=1.2317 | train/val/test=1.000/0.700/0.694 | c=0.998437
[Epoch 0127] loss=11.7995 cls=0.1194 smmd=0.3481 ct=10.9666 rec=1.2307 | train/val/test=1.000/0.706/0.698 | c=0.998437
[Epoch 0128] loss=11.8045 cls=0.1262 smmd=0.3609 ct=10.9427 rec=1.2423 | train/val/test=1.000/0.682/0.680 | c=0.998437
[Epoch 0129] loss=11.8210 cls=0.1221 smmd=0.3568 ct=10.9736 rec=1.2311 | train/val/test=1.000/0.713/0.702 | c=0.998437
[Epoch 0130] loss=11.8198 cls=0.1262 smmd=0.3579 ct=10.9614 rec=1.2409 | train/val/test=1.000/0.690/0.686 | c=0.998437
[Epoch 0131] loss=11.8211 cls=0.1284 smmd=0.3569 ct=10.9606 rec=1.2335 | train/val/test=1.000/0.680/0.670 | c=0.998437
[Epoch 0132] loss=11.8566 cls=0.1307 smmd=0.3615 ct=10.9837 rec=1.2503 | train/val/test=1.000/0.693/0.689 | c=0.998437
[Epoch 0133] loss=11.9537 cls=0.1592 smmd=0.3918 ct=10.9957 rec=1.2394 | train/val/test=0.980/0.611/0.592 | c=0.998437
[Epoch 0134] loss=12.1431 cls=0.1897 smmd=0.4554 ct=11.0528 rec=1.2776 | train/val/test=0.939/0.629/0.620 | c=0.998437
[Epoch 0135] loss=12.5704 cls=0.3168 smmd=0.5562 ct=11.1288 rec=1.2588 | train/val/test=0.837/0.404/0.380 | c=0.998437
[Epoch 0136] loss=13.1081 cls=0.4615 smmd=0.7206 ct=11.2033 rec=1.3062 | train/val/test=0.735/0.564/0.557 | c=0.998437
[Epoch 0137] loss=13.4559 cls=0.5765 smmd=0.8126 ct=11.2348 rec=1.2779 | train/val/test=1.000/0.665/0.646 | c=0.998437
[Epoch 0138] loss=12.1810 cls=0.1752 smmd=0.4968 ct=11.0824 rec=1.2576 | train/val/test=0.980/0.680/0.668 | c=0.998437
[Epoch 0139] loss=12.1088 cls=0.1706 smmd=0.4972 ct=11.0165 rec=1.2693 | train/val/test=0.918/0.616/0.606 | c=0.998437
[Epoch 0140] loss=12.7417 cls=0.3049 smmd=0.7270 ct=11.1514 rec=1.2673 | train/val/test=0.980/0.701/0.699 | c=0.998437
[Epoch 0141] loss=12.0333 cls=0.1225 smmd=0.4983 ct=11.0471 rec=1.2144 | train/val/test=0.959/0.658/0.638 | c=0.998437
[Epoch 0142] loss=12.5150 cls=0.2490 smmd=0.6689 ct=11.0917 rec=1.2818 | train/val/test=0.959/0.627/0.612 | c=0.998437
[Epoch 0143] loss=12.2690 cls=0.1725 smmd=0.5927 ct=11.0810 rec=1.2517 | train/val/test=0.980/0.658/0.650 | c=0.998437
[Epoch 0144] loss=12.3598 cls=0.1607 smmd=0.6536 ct=11.1389 rec=1.2291 | train/val/test=1.000/0.721/0.712 | c=0.998437
[Epoch 0145] loss=12.0229 cls=0.1103 smmd=0.5344 ct=11.0253 rec=1.2129 | train/val/test=0.980/0.665/0.652 | c=0.998437
[Epoch 0146] loss=12.3462 cls=0.1882 smmd=0.6910 ct=11.0275 rec=1.2562 | train/val/test=0.980/0.646/0.635 | c=0.998437
[Epoch 0147] loss=12.0519 cls=0.1091 smmd=0.5627 ct=11.0251 rec=1.2299 | train/val/test=1.000/0.655/0.646 | c=0.998437
[Epoch 0148] loss=12.2466 cls=0.1163 smmd=0.6579 ct=11.1113 rec=1.2239 | train/val/test=1.000/0.722/0.718 | c=0.998437
[Epoch 0149] loss=12.0542 cls=0.0951 smmd=0.5661 ct=11.0567 rec=1.2059 | train/val/test=1.000/0.703/0.697 | c=0.998437
[Epoch 0150] loss=11.9890 cls=0.0965 smmd=0.5777 ct=10.9757 rec=1.2125 | train/val/test=0.980/0.614/0.599 | c=0.998437
[Epoch 0151] loss=12.1854 cls=0.1359 smmd=0.6644 ct=10.9997 rec=1.2478 | train/val/test=1.000/0.699/0.692 | c=0.998437
[Epoch 0152] loss=11.8618 cls=0.0662 smmd=0.4941 ct=10.9951 rec=1.2010 | train/val/test=1.000/0.715/0.711 | c=0.998437
[Epoch 0153] loss=12.1361 cls=0.0974 smmd=0.6293 ct=11.0706 rec=1.2066 | train/val/test=1.000/0.700/0.695 | c=0.998437
[Epoch 0154] loss=11.9027 cls=0.0678 smmd=0.5022 ct=11.0242 rec=1.2031 | train/val/test=0.980/0.653/0.641 | c=0.998437
[Epoch 0155] loss=11.9668 cls=0.0860 smmd=0.5624 ct=10.9888 rec=1.2177 | train/val/test=1.000/0.680/0.677 | c=0.998437
[Epoch 0156] loss=11.9574 cls=0.0854 smmd=0.5676 ct=10.9767 rec=1.2113 | train/val/test=1.000/0.728/0.719 | c=0.998437
[Epoch 0157] loss=11.9010 cls=0.0721 smmd=0.5262 ct=10.9907 rec=1.1991 | train/val/test=1.000/0.695/0.690 | c=0.998437
[Epoch 0158] loss=11.9045 cls=0.0651 smmd=0.5144 ct=11.0196 rec=1.2018 | train/val/test=1.000/0.682/0.676 | c=0.998437
[Epoch 0159] loss=11.9003 cls=0.0706 smmd=0.4999 ct=11.0184 rec=1.2035 | train/val/test=1.000/0.698/0.694 | c=0.998437
[Epoch 0160] loss=11.8220 cls=0.0664 smmd=0.4804 ct=10.9686 rec=1.2011 | train/val/test=1.000/0.712/0.699 | c=0.998437
[Epoch 0161] loss=11.8913 cls=0.0776 smmd=0.5125 ct=10.9818 rec=1.2093 | train/val/test=1.000/0.691/0.688 | c=0.998437
[Epoch 0162] loss=11.7745 cls=0.0619 smmd=0.4448 ct=10.9658 rec=1.2005 | train/val/test=1.000/0.687/0.680 | c=0.998437
[Epoch 0163] loss=11.8294 cls=0.0692 smmd=0.4602 ct=10.9902 rec=1.2036 | train/val/test=1.000/0.705/0.696 | c=0.998437
[Epoch 0164] loss=11.7662 cls=0.0652 smmd=0.4245 ct=10.9705 rec=1.2042 | train/val/test=1.000/0.709/0.702 | c=0.998437
[Epoch 0165] loss=11.7822 cls=0.0679 smmd=0.4350 ct=10.9702 rec=1.2058 | train/val/test=1.000/0.685/0.681 | c=0.998437
[Epoch 0166] loss=11.7520 cls=0.0665 smmd=0.4254 ct=10.9517 rec=1.2088 | train/val/test=1.000/0.685/0.678 | c=0.998437
[Epoch 0167] loss=11.7444 cls=0.0706 smmd=0.4055 ct=10.9550 rec=1.2132 | train/val/test=1.000/0.711/0.707 | c=0.998437
[Epoch 0168] loss=11.7245 cls=0.0681 smmd=0.3928 ct=10.9543 rec=1.2056 | train/val/test=1.000/0.701/0.695 | c=0.998437
[Epoch 0169] loss=11.7140 cls=0.0674 smmd=0.3830 ct=10.9542 rec=1.2094 | train/val/test=1.000/0.676/0.669 | c=0.998437
[Epoch 0170] loss=11.7038 cls=0.0744 smmd=0.3749 ct=10.9352 rec=1.2250 | train/val/test=1.000/0.701/0.695 | c=0.998437
[Epoch 0171] loss=11.6797 cls=0.0725 smmd=0.3581 ct=10.9339 rec=1.2138 | train/val/test=1.000/0.708/0.704 | c=0.998437
[Epoch 0172] loss=11.6920 cls=0.0726 smmd=0.3588 ct=10.9458 rec=1.2111 | train/val/test=1.000/0.678/0.671 | c=0.998437
[Epoch 0173] loss=11.6800 cls=0.0765 smmd=0.3567 ct=10.9241 rec=1.2305 | train/val/test=1.000/0.696/0.688 | c=0.998437
[Epoch 0174] loss=11.6597 cls=0.0784 smmd=0.3350 ct=10.9229 rec=1.2251 | train/val/test=1.000/0.705/0.702 | c=0.998437
[Epoch 0175] loss=11.6781 cls=0.0795 smmd=0.3330 ct=10.9426 rec=1.2179 | train/val/test=1.000/0.685/0.679 | c=0.998437
[Epoch 0176] loss=11.6423 cls=0.0803 smmd=0.3213 ct=10.9138 rec=1.2333 | train/val/test=1.000/0.691/0.684 | c=0.998437
[Epoch 0177] loss=11.6507 cls=0.0825 smmd=0.3258 ct=10.9134 rec=1.2329 | train/val/test=1.000/0.702/0.698 | c=0.998437
[Epoch 0178] loss=11.6673 cls=0.0853 smmd=0.3143 ct=10.9374 rec=1.2249 | train/val/test=1.000/0.692/0.683 | c=0.998437
[Epoch 0179] loss=11.6459 cls=0.0872 smmd=0.3138 ct=10.9099 rec=1.2388 | train/val/test=1.000/0.691/0.682 | c=0.998437
[Epoch 0180] loss=11.6301 cls=0.0841 smmd=0.3016 ct=10.9132 rec=1.2356 | train/val/test=1.000/0.705/0.703 | c=0.998437
[Epoch 0181] loss=11.6438 cls=0.0880 smmd=0.3017 ct=10.9204 rec=1.2289 | train/val/test=1.000/0.684/0.678 | c=0.998437
[Epoch 0182] loss=11.6343 cls=0.0899 smmd=0.2975 ct=10.9081 rec=1.2445 | train/val/test=1.000/0.698/0.692 | c=0.998437
[Epoch 0183] loss=11.6303 cls=0.0876 smmd=0.2934 ct=10.9150 rec=1.2336 | train/val/test=1.000/0.707/0.701 | c=0.998437
[Epoch 0184] loss=11.6270 cls=0.0896 smmd=0.2947 ct=10.9064 rec=1.2335 | train/val/test=1.000/0.675/0.668 | c=0.998437
[Epoch 0185] loss=11.6351 cls=0.0898 smmd=0.2938 ct=10.9126 rec=1.2456 | train/val/test=1.000/0.716/0.711 | c=0.998437
[Epoch 0186] loss=11.6295 cls=0.0922 smmd=0.2848 ct=10.9144 rec=1.2292 | train/val/test=1.000/0.679/0.674 | c=0.998437
[Epoch 0187] loss=11.6132 cls=0.0892 smmd=0.2813 ct=10.9047 rec=1.2443 | train/val/test=1.000/0.707/0.700 | c=0.998437
[Epoch 0188] loss=11.6105 cls=0.0886 smmd=0.2827 ct=10.9045 rec=1.2305 | train/val/test=1.000/0.695/0.690 | c=0.998437
[Epoch 0189] loss=11.6190 cls=0.0910 smmd=0.2765 ct=10.9128 rec=1.2385 | train/val/test=1.000/0.696/0.691 | c=0.998437
[Epoch 0190] loss=11.6408 cls=0.0917 smmd=0.2963 ct=10.9149 rec=1.2313 | train/val/test=1.000/0.686/0.673 | c=0.998437
[Epoch 0191] loss=11.6581 cls=0.1009 smmd=0.2841 ct=10.9231 rec=1.2465 | train/val/test=0.980/0.705/0.699 | c=0.998437
[Epoch 0192] loss=11.7368 cls=0.1103 smmd=0.3294 ct=10.9425 rec=1.2219 | train/val/test=1.000/0.607/0.585 | c=0.998437
[Epoch 0193] loss=11.8946 cls=0.1625 smmd=0.3531 ct=10.9605 rec=1.2789 | train/val/test=0.898/0.659/0.661 | c=0.998437
[Epoch 0194] loss=12.5518 cls=0.3174 smmd=0.5866 ct=11.0830 rec=1.2368 | train/val/test=0.816/0.384/0.348 | c=0.998437
[Epoch 0195] loss=13.3084 cls=0.6071 smmd=0.7132 ct=11.1230 rec=1.2899 | train/val/test=0.755/0.631/0.636 | c=0.998437
[Epoch 0196] loss=13.6680 cls=0.6605 smmd=0.9087 ct=11.1900 rec=1.2416 | train/val/test=1.000/0.614/0.589 | c=0.998437
[Epoch 0197] loss=11.8313 cls=0.1229 smmd=0.3718 ct=10.9618 rec=1.2593 | train/val/test=0.878/0.446/0.413 | c=0.998437
[Epoch 0198] loss=12.4529 cls=0.3037 smmd=0.5389 ct=11.0496 rec=1.2852 | train/val/test=0.796/0.645/0.646 | c=0.998437
[Epoch 0199] loss=13.3304 cls=0.5071 smmd=0.9116 ct=11.1578 rec=1.2343 | train/val/test=1.000/0.681/0.670 | c=0.998437
[Epoch 0200] loss=11.6749 cls=0.0733 smmd=0.3630 ct=10.9215 rec=1.2192 | train/val/test=0.816/0.357/0.327 | c=0.998437
[Epoch 0201] loss=13.3111 cls=0.5617 smmd=0.8019 ct=11.1304 rec=1.2766 | train/val/test=0.898/0.669/0.669 | c=0.998437
[Epoch 0202] loss=12.6187 cls=0.2950 smmd=0.6992 ct=11.0864 rec=1.2150 | train/val/test=0.939/0.654/0.647 | c=0.998437
[Epoch 0203] loss=12.5406 cls=0.2309 smmd=0.7201 ct=11.1127 rec=1.2298 | train/val/test=0.898/0.482/0.448 | c=0.998437
[Epoch 0204] loss=12.3828 cls=0.2470 smmd=0.6053 ct=11.0305 rec=1.2643 | train/val/test=1.000/0.626/0.607 | c=0.998437
[Epoch 0205] loss=12.1575 cls=0.1683 smmd=0.5390 ct=11.0280 rec=1.2693 | train/val/test=0.959/0.711/0.706 | c=0.998437
[Epoch 0206] loss=12.2074 cls=0.1242 smmd=0.6724 ct=11.0456 rec=1.2051 | train/val/test=0.980/0.680/0.676 | c=0.998437
[Epoch 0207] loss=12.2468 cls=0.1252 smmd=0.6810 ct=11.0732 rec=1.2109 | train/val/test=1.000/0.646/0.634 | c=0.998437
[Epoch 0208] loss=11.8281 cls=0.0781 smmd=0.4635 ct=10.9630 rec=1.2275 | train/val/test=1.000/0.595/0.581 | c=0.998437
[Epoch 0209] loss=12.3066 cls=0.1865 smmd=0.6294 ct=11.0494 rec=1.2740 | train/val/test=1.000/0.704/0.701 | c=0.998437
[Epoch 0210] loss=11.7974 cls=0.0484 smmd=0.4937 ct=10.9687 rec=1.1909 | train/val/test=0.959/0.688/0.683 | c=0.998437
[Epoch 0211] loss=12.2877 cls=0.1123 smmd=0.7494 ct=11.0730 rec=1.2031 | train/val/test=1.000/0.709/0.704 | c=0.998437
[Epoch 0212] loss=11.7339 cls=0.0539 smmd=0.4620 ct=10.9267 rec=1.1871 | train/val/test=1.000/0.640/0.627 | c=0.998437
[Epoch 0213] loss=12.0630 cls=0.1105 smmd=0.5904 ct=11.0021 rec=1.2474 | train/val/test=1.000/0.636/0.616 | c=0.998437
[Epoch 0214] loss=11.8770 cls=0.0826 smmd=0.4997 ct=10.9673 rec=1.2239 | train/val/test=1.000/0.698/0.690 | c=0.998437
[Epoch 0215] loss=11.8077 cls=0.0422 smmd=0.5300 ct=10.9558 rec=1.1871 | train/val/test=0.980/0.704/0.700 | c=0.998437
[Epoch 0216] loss=12.0036 cls=0.0772 smmd=0.6236 ct=10.9876 rec=1.1890 | train/val/test=1.000/0.715/0.710 | c=0.998437
[Epoch 0217] loss=11.7034 cls=0.0451 smmd=0.4566 ct=10.9191 rec=1.1879 | train/val/test=1.000/0.646/0.628 | c=0.998437
[Epoch 0218] loss=11.8801 cls=0.0740 smmd=0.5217 ct=10.9658 rec=1.2228 | train/val/test=1.000/0.639/0.621 | c=0.998437
[Epoch 0219] loss=11.7724 cls=0.0575 smmd=0.4708 ct=10.9440 rec=1.2132 | train/val/test=1.000/0.703/0.695 | c=0.998437
[Epoch 0220] loss=11.7157 cls=0.0437 smmd=0.4757 ct=10.9151 rec=1.1874 | train/val/test=1.000/0.726/0.720 | c=0.998437
[Epoch 0221] loss=11.8391 cls=0.0547 smmd=0.5373 ct=10.9549 rec=1.1874 | train/val/test=1.000/0.707/0.701 | c=0.998437
[Epoch 0222] loss=11.6530 cls=0.0369 smmd=0.4204 ct=10.9212 rec=1.1880 | train/val/test=1.000/0.641/0.626 | c=0.998437
[Epoch 0223] loss=11.7647 cls=0.0546 smmd=0.4725 ct=10.9402 rec=1.2134 | train/val/test=1.000/0.664/0.650 | c=0.998437
[Epoch 0224] loss=11.6942 cls=0.0524 smmd=0.4403 ct=10.9064 rec=1.2136 | train/val/test=1.000/0.719/0.711 | c=0.998437
[Epoch 0225] loss=11.6723 cls=0.0417 smmd=0.4409 ct=10.9096 rec=1.1921 | train/val/test=1.000/0.715/0.712 | c=0.998437
[Epoch 0226] loss=11.7202 cls=0.0437 smmd=0.4603 ct=10.9347 rec=1.1888 | train/val/test=1.000/0.686/0.682 | c=0.998437
[Epoch 0227] loss=11.6206 cls=0.0399 smmd=0.3932 ct=10.9089 rec=1.1935 | train/val/test=1.000/0.663/0.650 | c=0.998437
[Epoch 0228] loss=11.6894 cls=0.0555 smmd=0.4306 ct=10.9034 rec=1.2214 | train/val/test=1.000/0.681/0.670 | c=0.998437
[Epoch 0229] loss=11.6042 cls=0.0463 smmd=0.3796 ct=10.8901 rec=1.2094 | train/val/test=1.000/0.705/0.702 | c=0.998437
[Epoch 0230] loss=11.6376 cls=0.0435 smmd=0.4009 ct=10.9111 rec=1.1933 | train/val/test=1.000/0.708/0.702 | c=0.998437
[Epoch 0231] loss=11.6171 cls=0.0441 smmd=0.3868 ct=10.9031 rec=1.1949 | train/val/test=1.000/0.683/0.677 | c=0.998437
[Epoch 0232] loss=11.6012 cls=0.0489 smmd=0.3741 ct=10.8866 rec=1.2139 | train/val/test=1.000/0.664/0.650 | c=0.998437
[Epoch 0233] loss=11.6152 cls=0.0518 smmd=0.3694 ct=10.8986 rec=1.2178 | train/val/test=1.000/0.691/0.686 | c=0.998437
[Epoch 0234] loss=11.5726 cls=0.0453 smmd=0.3503 ct=10.8911 rec=1.2030 | train/val/test=1.000/0.712/0.707 | c=0.998437
[Epoch 0235] loss=11.6056 cls=0.0486 smmd=0.3712 ct=10.8965 rec=1.2034 | train/val/test=1.000/0.692/0.689 | c=0.998437
[Epoch 0236] loss=11.5513 cls=0.0479 smmd=0.3327 ct=10.8813 rec=1.2082 | train/val/test=1.000/0.663/0.650 | c=0.998437
[Epoch 0237] loss=11.5839 cls=0.0547 smmd=0.3363 ct=10.8942 rec=1.2199 | train/val/test=1.000/0.684/0.681 | c=0.998437
[Epoch 0238] loss=11.5470 cls=0.0513 smmd=0.3241 ct=10.8767 rec=1.2178 | train/val/test=1.000/0.709/0.702 | c=0.998437
[Epoch 0239] loss=11.5610 cls=0.0525 smmd=0.3308 ct=10.8837 rec=1.2074 | train/val/test=1.000/0.696/0.694 | c=0.998437
[Epoch 0240] loss=11.5411 cls=0.0518 smmd=0.3147 ct=10.8808 rec=1.2106 | train/val/test=1.000/0.675/0.665 | c=0.998437
[Epoch 0241] loss=11.5548 cls=0.0577 smmd=0.3166 ct=10.8772 rec=1.2283 | train/val/test=1.000/0.685/0.682 | c=0.998437
[Epoch 0242] loss=11.5302 cls=0.0555 smmd=0.2991 ct=10.8763 rec=1.2191 | train/val/test=1.000/0.707/0.704 | c=0.998437
[Epoch 0243] loss=11.5402 cls=0.0550 smmd=0.3056 ct=10.8822 rec=1.2122 | train/val/test=1.000/0.694/0.693 | c=0.998437
[Epoch 0244] loss=11.5186 cls=0.0553 smmd=0.2949 ct=10.8693 rec=1.2183 | train/val/test=1.000/0.678/0.669 | c=0.998437
[Epoch 0245] loss=11.5273 cls=0.0603 smmd=0.2875 ct=10.8737 rec=1.2275 | train/val/test=1.000/0.691/0.688 | c=0.998437
[Epoch 0246] loss=11.5214 cls=0.0586 smmd=0.2872 ct=10.8727 rec=1.2217 | train/val/test=1.000/0.709/0.702 | c=0.998437
[Epoch 0247] loss=11.5273 cls=0.0593 smmd=0.2900 ct=10.8755 rec=1.2158 | train/val/test=1.000/0.696/0.693 | c=0.998437
[Epoch 0248] loss=11.5014 cls=0.0594 smmd=0.2712 ct=10.8667 rec=1.2235 | train/val/test=1.000/0.684/0.675 | c=0.998437
[Epoch 0249] loss=11.5123 cls=0.0617 smmd=0.2754 ct=10.8681 rec=1.2272 | train/val/test=1.000/0.704/0.699 | c=0.998437
[Epoch 0250] loss=11.5090 cls=0.0600 smmd=0.2795 ct=10.8652 rec=1.2210 | train/val/test=1.000/0.709/0.706 | c=0.998437
[Epoch 0251] loss=11.5104 cls=0.0611 smmd=0.2743 ct=10.8701 rec=1.2195 | train/val/test=1.000/0.688/0.682 | c=0.998437
[Epoch 0252] loss=11.5042 cls=0.0623 smmd=0.2647 ct=10.8698 rec=1.2254 | train/val/test=1.000/0.694/0.689 | c=0.998437
[Epoch 0253] loss=11.4984 cls=0.0637 smmd=0.2642 ct=10.8608 rec=1.2293 | train/val/test=1.000/0.712/0.706 | c=0.998437
[Epoch 0254] loss=11.5051 cls=0.0633 smmd=0.2627 ct=10.8724 rec=1.2177 | train/val/test=1.000/0.700/0.698 | c=0.998437
[Epoch 0255] loss=11.4923 cls=0.0638 smmd=0.2565 ct=10.8629 rec=1.2266 | train/val/test=1.000/0.689/0.686 | c=0.998437
[Epoch 0256] loss=11.4996 cls=0.0645 smmd=0.2548 ct=10.8708 rec=1.2260 | train/val/test=1.000/0.705/0.702 | c=0.998437
[Epoch 0257] loss=11.4997 cls=0.0648 smmd=0.2618 ct=10.8635 rec=1.2243 | train/val/test=1.000/0.708/0.703 | c=0.998437
[Epoch 0258] loss=11.5113 cls=0.0656 smmd=0.2655 ct=10.8704 rec=1.2205 | train/val/test=1.000/0.695/0.688 | c=0.998437
[Epoch 0259] loss=11.5091 cls=0.0686 smmd=0.2569 ct=10.8689 rec=1.2305 | train/val/test=1.000/0.699/0.695 | c=0.998437
[Epoch 0260] loss=11.5189 cls=0.0690 smmd=0.2545 ct=10.8819 rec=1.2230 | train/val/test=1.000/0.708/0.700 | c=0.998437
[Epoch 0261] loss=11.5401 cls=0.0718 smmd=0.2739 ct=10.8766 rec=1.2292 | train/val/test=1.000/0.693/0.692 | c=0.998437
[Epoch 0262] loss=11.5772 cls=0.0766 smmd=0.2772 ct=10.9022 rec=1.2233 | train/val/test=1.000/0.691/0.682 | c=0.998437
[Epoch 0263] loss=11.5872 cls=0.0821 smmd=0.2829 ct=10.8919 rec=1.2410 | train/val/test=1.000/0.689/0.690 | c=0.998437
[Epoch 0264] loss=11.6467 cls=0.0899 smmd=0.2935 ct=10.9288 rec=1.2227 | train/val/test=1.000/0.698/0.688 | c=0.998437
[Epoch 0265] loss=11.6353 cls=0.0876 smmd=0.3055 ct=10.9068 rec=1.2393 | train/val/test=1.000/0.682/0.682 | c=0.998437
[Epoch 0266] loss=11.6352 cls=0.0862 smmd=0.2932 ct=10.9246 rec=1.2254 | train/val/test=1.000/0.703/0.694 | c=0.998437
[Epoch 0267] loss=11.5569 cls=0.0742 smmd=0.2770 ct=10.8855 rec=1.2297 | train/val/test=1.000/0.708/0.705 | c=0.998437
[Epoch 0268] loss=11.5040 cls=0.0651 smmd=0.2537 ct=10.8767 rec=1.2168 | train/val/test=1.000/0.705/0.702 | c=0.998437
[Epoch 0269] loss=11.4668 cls=0.0590 smmd=0.2497 ct=10.8550 rec=1.2199 | train/val/test=1.000/0.704/0.702 | c=0.998437
[Epoch 0270] loss=11.4642 cls=0.0586 smmd=0.2505 ct=10.8526 rec=1.2196 | train/val/test=1.000/0.708/0.706 | c=0.998437
[Epoch 0271] loss=11.4940 cls=0.0618 smmd=0.2553 ct=10.8722 rec=1.2151 | train/val/test=1.000/0.706/0.699 | c=0.998437
[Epoch 0272] loss=11.5150 cls=0.0654 smmd=0.2674 ct=10.8723 rec=1.2229 | train/val/test=1.000/0.697/0.695 | c=0.998437
[Epoch 0273] loss=11.5225 cls=0.0661 smmd=0.2619 ct=10.8846 rec=1.2187 | train/val/test=1.000/0.714/0.706 | c=0.998437
[Epoch 0274] loss=11.4940 cls=0.0620 smmd=0.2607 ct=10.8653 rec=1.2197 | train/val/test=1.000/0.708/0.704 | c=0.998437
[Epoch 0275] loss=11.4633 cls=0.0575 smmd=0.2451 ct=10.8602 rec=1.2150 | train/val/test=1.000/0.704/0.703 | c=0.998437
[Epoch 0276] loss=11.4523 cls=0.0568 smmd=0.2449 ct=10.8501 rec=1.2183 | train/val/test=1.000/0.709/0.706 | c=0.998437
[Epoch 0277] loss=11.4499 cls=0.0563 smmd=0.2408 ct=10.8532 rec=1.2169 | train/val/test=1.000/0.708/0.703 | c=0.998437
[Epoch 0278] loss=11.4619 cls=0.0590 smmd=0.2428 ct=10.8580 rec=1.2160 | train/val/test=1.000/0.708/0.700 | c=0.998437
[Epoch 0279] loss=11.4778 cls=0.0608 smmd=0.2538 ct=10.8580 rec=1.2222 | train/val/test=1.000/0.700/0.697 | c=0.998437
[Epoch 0280] loss=11.4873 cls=0.0624 smmd=0.2458 ct=10.8731 rec=1.2177 | train/val/test=1.000/0.710/0.700 | c=0.998437
[Epoch 0281] loss=11.4861 cls=0.0625 smmd=0.2552 ct=10.8612 rec=1.2238 | train/val/test=1.000/0.701/0.699 | c=0.998437
[Epoch 0282] loss=11.4860 cls=0.0627 smmd=0.2445 ct=10.8724 rec=1.2179 | train/val/test=1.000/0.705/0.696 | c=0.998437
[Epoch 0283] loss=11.4753 cls=0.0620 smmd=0.2518 ct=10.8544 rec=1.2258 | train/val/test=1.000/0.705/0.702 | c=0.998437
[Epoch 0284] loss=11.4710 cls=0.0620 smmd=0.2384 ct=10.8652 rec=1.2174 | train/val/test=1.000/0.707/0.699 | c=0.998437
[Epoch 0285] loss=11.4678 cls=0.0609 smmd=0.2480 ct=10.8531 rec=1.2245 | train/val/test=1.000/0.700/0.697 | c=0.998437
[Epoch 0286] loss=11.4661 cls=0.0622 smmd=0.2352 ct=10.8626 rec=1.2196 | train/val/test=1.000/0.709/0.699 | c=0.998437
[Epoch 0287] loss=11.4726 cls=0.0623 smmd=0.2468 ct=10.8563 rec=1.2247 | train/val/test=1.000/0.701/0.696 | c=0.998437
[Epoch 0288] loss=11.4913 cls=0.0665 smmd=0.2427 ct=10.8716 rec=1.2200 | train/val/test=1.000/0.697/0.690 | c=0.998437
[Epoch 0289] loss=11.5118 cls=0.0686 smmd=0.2606 ct=10.8678 rec=1.2316 | train/val/test=1.000/0.692/0.691 | c=0.998437
[Epoch 0290] loss=11.5672 cls=0.0790 smmd=0.2631 ct=10.9017 rec=1.2222 | train/val/test=1.000/0.685/0.675 | c=0.998437
[Epoch 0291] loss=11.6014 cls=0.0833 smmd=0.2888 ct=10.8975 rec=1.2426 | train/val/test=1.000/0.676/0.678 | c=0.998437
[Epoch 0292] loss=11.7045 cls=0.1049 smmd=0.3015 ct=10.9477 rec=1.2276 | train/val/test=1.000/0.668/0.650 | c=0.998437
[Epoch 0293] loss=11.7206 cls=0.1047 smmd=0.3335 ct=10.9264 rec=1.2574 | train/val/test=0.980/0.675/0.674 | c=0.998437
[Epoch 0294] loss=11.8224 cls=0.1279 smmd=0.3387 ct=10.9819 rec=1.2300 | train/val/test=1.000/0.663/0.646 | c=0.998437
[Epoch 0295] loss=11.7089 cls=0.1023 smmd=0.3335 ct=10.9196 rec=1.2562 | train/val/test=1.000/0.693/0.690 | c=0.998437
[Epoch 0296] loss=11.6365 cls=0.0829 smmd=0.2934 ct=10.9333 rec=1.2200 | train/val/test=1.000/0.714/0.706 | c=0.998437
[Epoch 0297] loss=11.4423 cls=0.0542 smmd=0.2459 ct=10.8451 rec=1.2141 | train/val/test=1.000/0.689/0.679 | c=0.998437
[Epoch 0298] loss=11.4784 cls=0.0600 smmd=0.2671 ct=10.8464 rec=1.2241 | train/val/test=1.000/0.695/0.694 | c=0.998437
[Epoch 0299] loss=11.6103 cls=0.0715 smmd=0.2929 ct=10.9313 rec=1.2163 | train/val/test=1.000/0.715/0.707 | c=0.998437
[Epoch 0300] loss=11.4956 cls=0.0602 smmd=0.2706 ct=10.8617 rec=1.2146 | train/val/test=1.000/0.685/0.683 | c=0.998437
[Epoch 0301] loss=11.4641 cls=0.0538 smmd=0.2688 ct=10.8445 rec=1.2159 | train/val/test=1.000/0.709/0.707 | c=0.998437
[Epoch 0302] loss=11.4923 cls=0.0530 smmd=0.2552 ct=10.8890 rec=1.2106 | train/val/test=1.000/0.719/0.710 | c=0.998437
[Epoch 0303] loss=11.4504 cls=0.0525 smmd=0.2541 ct=10.8493 rec=1.2100 | train/val/test=1.000/0.682/0.678 | c=0.998437
[Epoch 0304] loss=11.4737 cls=0.0534 smmd=0.2763 ct=10.8476 rec=1.2149 | train/val/test=1.000/0.712/0.711 | c=0.998437
[Epoch 0305] loss=11.4801 cls=0.0536 smmd=0.2526 ct=10.8781 rec=1.2108 | train/val/test=1.000/0.710/0.709 | c=0.998437
[Epoch 0306] loss=11.4261 cls=0.0491 smmd=0.2430 ct=10.8432 rec=1.2085 | train/val/test=1.000/0.682/0.678 | c=0.998437
[Epoch 0307] loss=11.4539 cls=0.0499 smmd=0.2694 ct=10.8421 rec=1.2133 | train/val/test=1.000/0.717/0.715 | c=0.998437
[Epoch 0308] loss=11.4683 cls=0.0538 smmd=0.2474 ct=10.8712 rec=1.2112 | train/val/test=1.000/0.706/0.701 | c=0.998437
[Epoch 0309] loss=11.4265 cls=0.0490 smmd=0.2453 ct=10.8412 rec=1.2097 | train/val/test=1.000/0.689/0.681 | c=0.998437
[Epoch 0310] loss=11.4394 cls=0.0491 smmd=0.2577 ct=10.8408 rec=1.2136 | train/val/test=1.000/0.716/0.714 | c=0.998437
[Epoch 0311] loss=11.4599 cls=0.0547 smmd=0.2402 ct=10.8679 rec=1.2126 | train/val/test=1.000/0.696/0.688 | c=0.998437
[Epoch 0312] loss=11.4211 cls=0.0485 smmd=0.2479 ct=10.8336 rec=1.2130 | train/val/test=1.000/0.701/0.696 | c=0.998437
[Epoch 0313] loss=11.4068 cls=0.0481 smmd=0.2331 ct=10.8350 rec=1.2127 | train/val/test=1.000/0.712/0.710 | c=0.998437
[Epoch 0314] loss=11.4468 cls=0.0551 smmd=0.2339 ct=10.8600 rec=1.2138 | train/val/test=1.000/0.684/0.672 | c=0.998437
[Epoch 0315] loss=11.4435 cls=0.0526 smmd=0.2534 ct=10.8406 rec=1.2209 | train/val/test=1.000/0.712/0.709 | c=0.998437
[Epoch 0316] loss=11.4240 cls=0.0546 smmd=0.2237 ct=10.8483 rec=1.2139 | train/val/test=1.000/0.706/0.701 | c=0.998437
[Epoch 0317] loss=11.4107 cls=0.0511 smmd=0.2280 ct=10.8373 rec=1.2164 | train/val/test=1.000/0.691/0.686 | c=0.998437
[Epoch 0318] loss=11.4164 cls=0.0539 smmd=0.2332 ct=10.8316 rec=1.2186 | train/val/test=1.000/0.717/0.715 | c=0.998437
[Epoch 0319] loss=11.4269 cls=0.0565 smmd=0.2235 ct=10.8471 rec=1.2170 | train/val/test=1.000/0.686/0.679 | c=0.998437
[Epoch 0320] loss=11.4179 cls=0.0547 smmd=0.2354 ct=10.8288 rec=1.2219 | train/val/test=1.000/0.714/0.711 | c=0.998437
[Epoch 0321] loss=11.4037 cls=0.0541 smmd=0.2174 ct=10.8347 rec=1.2173 | train/val/test=1.000/0.703/0.700 | c=0.998437
[Epoch 0322] loss=11.3925 cls=0.0527 smmd=0.2172 ct=10.8264 rec=1.2180 | train/val/test=1.000/0.698/0.692 | c=0.998437
[Epoch 0323] loss=11.3947 cls=0.0530 smmd=0.2198 ct=10.8244 rec=1.2217 | train/val/test=1.000/0.708/0.710 | c=0.998437
[Epoch 0324] loss=11.4074 cls=0.0574 smmd=0.2104 ct=10.8386 rec=1.2181 | train/val/test=1.000/0.685/0.673 | c=0.998437
[Epoch 0325] loss=11.4355 cls=0.0586 smmd=0.2389 ct=10.8331 rec=1.2316 | train/val/test=1.000/0.699/0.701 | c=0.998437
[Epoch 0326] loss=11.5057 cls=0.0761 smmd=0.2291 ct=10.8798 rec=1.2238 | train/val/test=1.000/0.631/0.616 | c=0.998437
[Epoch 0327] loss=11.6942 cls=0.1002 smmd=0.3271 ct=10.9133 rec=1.2668 | train/val/test=0.939/0.627/0.625 | c=0.998437
[Epoch 0328] loss=12.3362 cls=0.2848 smmd=0.4578 ct=11.0578 rec=1.2549 | train/val/test=0.531/0.334/0.304 | c=0.998437
[Epoch 0329] loss=16.1364 cls=1.6946 smmd=1.2017 ct=11.2769 rec=1.3425 | train/val/test=0.163/0.111/0.116 | c=0.998437
[Epoch 0330] loss=27.5650 cls=6.4433 smmd=2.8687 ct=11.5023 rec=1.5369 | train/val/test=0.102/0.040/0.040 | c=0.998437
[Epoch 0331] loss=36.8635 cls=10.6950 smmd=3.5589 ct=11.5943 rec=1.6015 | train/val/test=0.367/0.438/0.450 | c=0.998437
[Epoch 0332] loss=22.4338 cls=3.7975 smmd=3.0908 ct=11.4869 rec=1.3057 | train/val/test=0.204/0.142/0.123 | c=0.998437
[Epoch 0333] loss=30.1243 cls=7.3292 smmd=3.7751 ct=11.4041 rec=1.4341 | train/val/test=0.449/0.201/0.168 | c=0.998437
[Epoch 0334] loss=24.9333 cls=4.7297 smmd=3.8542 ct=11.3457 rec=1.3701 | train/val/test=0.388/0.147/0.130 | c=0.998437
[Epoch 0335] loss=21.3146 cls=3.2954 smmd=3.1890 ct=11.2579 rec=1.3840 | train/val/test=0.551/0.510/0.521 | c=0.998437
[Epoch 0336] loss=16.1943 cls=1.0689 smmd=2.5509 ct=11.2454 rec=1.3004 | train/val/test=0.388/0.445/0.466 | c=0.998437
[Epoch 0337] loss=20.3613 cls=2.9727 smmd=2.7645 ct=11.3752 rec=1.3809 | train/val/test=0.898/0.665/0.652 | c=0.998437
[Epoch 0338] loss=14.1707 cls=0.3793 smmd=1.9621 ct=11.2068 rec=1.2158 | train/val/test=0.796/0.350/0.324 | c=0.998437
[Epoch 0339] loss=15.4198 cls=0.9217 smmd=2.1499 ct=11.1776 rec=1.2446 | train/val/test=0.735/0.299/0.273 | c=0.998437
[Epoch 0340] loss=16.4379 cls=1.2893 smmd=2.4050 ct=11.1927 rec=1.3075 | train/val/test=0.776/0.358/0.333 | c=0.998437
[Epoch 0341] loss=14.6394 cls=0.5726 smmd=2.1060 ct=11.1342 rec=1.2702 | train/val/test=0.980/0.718/0.709 | c=0.998437
[Epoch 0342] loss=13.1768 cls=0.0629 smmd=1.7711 ct=11.0431 rec=1.1842 | train/val/test=0.918/0.719/0.712 | c=0.998437
[Epoch 0343] loss=14.6585 cls=0.5506 smmd=2.0996 ct=11.2104 rec=1.2366 | train/val/test=0.878/0.690/0.689 | c=0.998437
[Epoch 0344] loss=15.2465 cls=0.7587 smmd=2.2220 ct=11.2557 rec=1.2570 | train/val/test=0.939/0.730/0.721 | c=0.998437
[Epoch 0345] loss=13.9650 cls=0.3214 smmd=1.9117 ct=11.1698 rec=1.2032 | train/val/test=1.000/0.690/0.680 | c=0.998437
[Epoch 0346] loss=12.9043 cls=0.0190 smmd=1.6053 ct=11.0266 rec=1.1718 | train/val/test=0.959/0.610/0.590 | c=0.998437
[Epoch 0347] loss=12.9687 cls=0.0763 smmd=1.6170 ct=10.9612 rec=1.1886 | train/val/test=0.918/0.507/0.489 | c=0.998437
[Epoch 0348] loss=13.5292 cls=0.2729 smmd=1.7326 ct=11.0049 rec=1.2297 | train/val/test=0.918/0.492/0.480 | c=0.998437
[Epoch 0349] loss=13.6153 cls=0.3329 smmd=1.6748 ct=11.0269 rec=1.2391 | train/val/test=0.980/0.612/0.601 | c=0.998437
[Epoch 0350] loss=12.9046 cls=0.1304 smmd=1.4200 ct=10.9811 rec=1.2134 | train/val/test=1.000/0.681/0.675 | c=0.998437
[Epoch 0351] loss=12.4956 cls=0.0247 smmd=1.2616 ct=10.9500 rec=1.1725 | train/val/test=1.000/0.731/0.727 | c=0.998437
[Epoch 0352] loss=12.6220 cls=0.0260 smmd=1.3271 ct=11.0089 rec=1.1697 | train/val/test=0.959/0.740/0.740 | c=0.998437
[Epoch 0353] loss=12.9291 cls=0.0741 smmd=1.4685 ct=11.0772 rec=1.1762 | train/val/test=0.959/0.736/0.737 | c=0.998437
[Epoch 0354] loss=13.0013 cls=0.0853 smmd=1.5010 ct=11.0938 rec=1.1795 | train/val/test=1.000/0.733/0.730 | c=0.998437
[Epoch 0355] loss=12.7821 cls=0.0390 smmd=1.4105 ct=11.0584 rec=1.1759 | train/val/test=1.000/0.722/0.719 | c=0.998437
[Epoch 0356] loss=12.5839 cls=0.0196 smmd=1.3135 ct=10.9975 rec=1.1686 | train/val/test=1.000/0.702/0.692 | c=0.998437
[Epoch 0357] loss=12.4496 cls=0.0130 smmd=1.2462 ct=10.9447 rec=1.1633 | train/val/test=1.000/0.671/0.661 | c=0.998437
[Epoch 0358] loss=12.4456 cls=0.0217 smmd=1.2397 ct=10.9294 rec=1.1659 | train/val/test=0.980/0.650/0.639 | c=0.998437
[Epoch 0359] loss=12.5382 cls=0.0489 smmd=1.2593 ct=10.9451 rec=1.1804 | train/val/test=0.980/0.648/0.633 | c=0.998437
[Epoch 0360] loss=12.5919 cls=0.0669 smmd=1.2632 ct=10.9567 rec=1.1914 | train/val/test=0.980/0.655/0.644 | c=0.998437
[Epoch 0361] loss=12.4890 cls=0.0424 smmd=1.2206 ct=10.9478 rec=1.1792 | train/val/test=1.000/0.672/0.662 | c=0.998437
[Epoch 0362] loss=12.3738 cls=0.0187 smmd=1.1622 ct=10.9409 rec=1.1665 | train/val/test=1.000/0.692/0.683 | c=0.998437
[Epoch 0363] loss=12.3507 cls=0.0124 smmd=1.1391 ct=10.9543 rec=1.1627 | train/val/test=1.000/0.709/0.700 | c=0.998437
[Epoch 0364] loss=12.3588 cls=0.0125 smmd=1.1260 ct=10.9750 rec=1.1630 | train/val/test=1.000/0.719/0.715 | c=0.998437
[Epoch 0365] loss=12.3661 cls=0.0115 smmd=1.1233 ct=10.9870 rec=1.1642 | train/val/test=1.000/0.727/0.722 | c=0.998437
[Epoch 0366] loss=12.3541 cls=0.0102 smmd=1.1148 ct=10.9858 rec=1.1655 | train/val/test=1.000/0.725/0.719 | c=0.998437
[Epoch 0367] loss=12.3230 cls=0.0107 smmd=1.0934 ct=10.9748 rec=1.1669 | train/val/test=1.000/0.716/0.710 | c=0.998437
[Epoch 0368] loss=12.2850 cls=0.0126 smmd=1.0659 ct=10.9602 rec=1.1685 | train/val/test=1.000/0.703/0.698 | c=0.998437
[Epoch 0369] loss=12.2493 cls=0.0145 smmd=1.0385 ct=10.9478 rec=1.1696 | train/val/test=1.000/0.693/0.685 | c=0.998437
[Epoch 0370] loss=12.2337 cls=0.0156 smmd=1.0291 ct=10.9397 rec=1.1692 | train/val/test=1.000/0.686/0.677 | c=0.998437
[Epoch 0371] loss=12.2310 cls=0.0164 smmd=1.0304 ct=10.9343 rec=1.1673 | train/val/test=1.000/0.680/0.675 | c=0.998437
[Epoch 0372] loss=12.2135 cls=0.0168 smmd=1.0168 ct=10.9301 rec=1.1654 | train/val/test=1.000/0.684/0.674 | c=0.998437
[Epoch 0373] loss=12.2026 cls=0.0147 smmd=1.0126 ct=10.9277 rec=1.1644 | train/val/test=1.000/0.690/0.678 | c=0.998437
[Epoch 0374] loss=12.1797 cls=0.0113 smmd=0.9947 ct=10.9295 rec=1.1646 | train/val/test=1.000/0.693/0.684 | c=0.998437
[Epoch 0375] loss=12.1664 cls=0.0094 smmd=0.9802 ct=10.9342 rec=1.1656 | train/val/test=1.000/0.700/0.691 | c=0.998437
[Epoch 0376] loss=12.1519 cls=0.0093 smmd=0.9627 ct=10.9373 rec=1.1663 | train/val/test=1.000/0.710/0.699 | c=0.998437
[Epoch 0377] loss=12.1298 cls=0.0099 smmd=0.9407 ct=10.9361 rec=1.1662 | train/val/test=1.000/0.712/0.702 | c=0.998437
[Epoch 0378] loss=12.1139 cls=0.0108 smmd=0.9263 ct=10.9326 rec=1.1661 | train/val/test=1.000/0.712/0.699 | c=0.998437
[Epoch 0379] loss=12.0963 cls=0.0124 smmd=0.9085 ct=10.9298 rec=1.1664 | train/val/test=1.000/0.705/0.695 | c=0.998437
[Epoch 0380] loss=12.0832 cls=0.0132 smmd=0.8956 ct=10.9278 rec=1.1667 | train/val/test=1.000/0.701/0.691 | c=0.998437
[Epoch 0381] loss=12.0677 cls=0.0124 smmd=0.8849 ct=10.9247 rec=1.1666 | train/val/test=1.000/0.697/0.687 | c=0.998437
[Epoch 0382] loss=12.0498 cls=0.0107 smmd=0.8749 ct=10.9203 rec=1.1665 | train/val/test=1.000/0.693/0.685 | c=0.998437
[Epoch 0383] loss=12.0399 cls=0.0097 smmd=0.8708 ct=10.9163 rec=1.1669 | train/val/test=1.000/0.698/0.687 | c=0.998437
[Epoch 0384] loss=12.0261 cls=0.0096 smmd=0.8598 ct=10.9135 rec=1.1675 | train/val/test=1.000/0.701/0.691 | c=0.998437
[Epoch 0385] loss=12.0076 cls=0.0099 smmd=0.8431 ct=10.9111 rec=1.1675 | train/val/test=1.000/0.702/0.695 | c=0.998437
[Epoch 0386] loss=11.9932 cls=0.0105 smmd=0.8302 ct=10.9085 rec=1.1671 | train/val/test=1.000/0.705/0.696 | c=0.998437
[Epoch 0387] loss=11.9874 cls=0.0116 smmd=0.8245 ct=10.9063 rec=1.1669 | train/val/test=1.000/0.703/0.693 | c=0.998437
[Epoch 0388] loss=11.9691 cls=0.0124 smmd=0.8058 ct=10.9052 rec=1.1672 | train/val/test=1.000/0.703/0.691 | c=0.998437
[Epoch 0389] loss=11.9482 cls=0.0120 smmd=0.7862 ct=10.9045 rec=1.1678 | train/val/test=1.000/0.701/0.687 | c=0.998437
[Epoch 0390] loss=11.9328 cls=0.0111 smmd=0.7731 ct=10.9037 rec=1.1686 | train/val/test=1.000/0.698/0.686 | c=0.998437
[Epoch 0391] loss=11.9214 cls=0.0106 smmd=0.7644 ct=10.9020 rec=1.1693 | train/val/test=1.000/0.697/0.687 | c=0.998437
[Epoch 0392] loss=11.9131 cls=0.0103 smmd=0.7597 ct=10.8988 rec=1.1695 | train/val/test=1.000/0.699/0.689 | c=0.998437
[Epoch 0393] loss=11.8939 cls=0.0104 smmd=0.7448 ct=10.8944 rec=1.1693 | train/val/test=1.000/0.702/0.693 | c=0.998437
[Epoch 0394] loss=11.8777 cls=0.0110 smmd=0.7322 ct=10.8896 rec=1.1691 | train/val/test=1.000/0.702/0.692 | c=0.998437
[Epoch 0395] loss=11.8615 cls=0.0118 smmd=0.7184 ct=10.8855 rec=1.1695 | train/val/test=1.000/0.702/0.690 | c=0.998437
[Epoch 0396] loss=11.8541 cls=0.0122 smmd=0.7130 ct=10.8826 rec=1.1703 | train/val/test=1.000/0.700/0.688 | c=0.998437
[Epoch 0397] loss=11.8360 cls=0.0121 smmd=0.6965 ct=10.8810 rec=1.1713 | train/val/test=1.000/0.697/0.685 | c=0.998437
[Epoch 0398] loss=11.8252 cls=0.0118 smmd=0.6871 ct=10.8801 rec=1.1722 | train/val/test=1.000/0.695/0.683 | c=0.998437
[Epoch 0399] loss=11.8179 cls=0.0116 smmd=0.6815 ct=10.8788 rec=1.1727 | train/val/test=1.000/0.694/0.684 | c=0.998437
[Epoch 0400] loss=11.8003 cls=0.0115 smmd=0.6664 ct=10.8763 rec=1.1727 | train/val/test=1.000/0.696/0.686 | c=0.998437
[Epoch 0401] loss=11.7819 cls=0.0119 smmd=0.6511 ct=10.8724 rec=1.1729 | train/val/test=1.000/0.696/0.686 | c=0.998437
[Epoch 0402] loss=11.7731 cls=0.0125 smmd=0.6455 ct=10.8680 rec=1.1736 | train/val/test=1.000/0.697/0.685 | c=0.998437
[Epoch 0403] loss=11.7561 cls=0.0130 smmd=0.6313 ct=10.8640 rec=1.1747 | train/val/test=1.000/0.696/0.683 | c=0.998437
[Epoch 0404] loss=11.7456 cls=0.0131 smmd=0.6234 ct=10.8609 rec=1.1758 | train/val/test=1.000/0.694/0.681 | c=0.998437
[Epoch 0405] loss=11.7369 cls=0.0130 smmd=0.6168 ct=10.8588 rec=1.1767 | train/val/test=1.000/0.693/0.681 | c=0.998437
[Epoch 0406] loss=11.7252 cls=0.0129 smmd=0.6070 ct=10.8571 rec=1.1774 | train/val/test=1.000/0.693/0.681 | c=0.998437
[Epoch 0407] loss=11.7152 cls=0.0130 smmd=0.5986 ct=10.8550 rec=1.1780 | train/val/test=1.000/0.695/0.682 | c=0.998437
[Epoch 0408] loss=11.7007 cls=0.0134 smmd=0.5860 ct=10.8520 rec=1.1790 | train/val/test=1.000/0.695/0.682 | c=0.998437
[Epoch 0409] loss=11.6894 cls=0.0140 smmd=0.5765 ct=10.8488 rec=1.1803 | train/val/test=1.000/0.695/0.681 | c=0.998437
[Epoch 0410] loss=11.6777 cls=0.0144 smmd=0.5669 ct=10.8457 rec=1.1817 | train/val/test=1.000/0.692/0.680 | c=0.998437
[Epoch 0411] loss=11.6708 cls=0.0145 smmd=0.5623 ct=10.8429 rec=1.1828 | train/val/test=1.000/0.689/0.678 | c=0.998437
[Epoch 0412] loss=11.6521 cls=0.0145 smmd=0.5454 ct=10.8409 rec=1.1838 | train/val/test=1.000/0.689/0.679 | c=0.998437
[Epoch 0413] loss=11.6466 cls=0.0147 smmd=0.5413 ct=10.8388 rec=1.1850 | train/val/test=1.000/0.689/0.679 | c=0.998437
[Epoch 0414] loss=11.6451 cls=0.0152 smmd=0.5409 ct=10.8366 rec=1.1864 | train/val/test=1.000/0.691/0.679 | c=0.998437
[Epoch 0415] loss=11.6323 cls=0.0158 smmd=0.5287 ct=10.8343 rec=1.1880 | train/val/test=1.000/0.692/0.679 | c=0.998437
[Epoch 0416] loss=11.6219 cls=0.0162 smmd=0.5193 ct=10.8323 rec=1.1894 | train/val/test=1.000/0.689/0.679 | c=0.998437
[Epoch 0417] loss=11.6177 cls=0.0164 smmd=0.5165 ct=10.8303 rec=1.1905 | train/val/test=1.000/0.688/0.679 | c=0.998437
[Epoch 0418] loss=11.6042 cls=0.0166 smmd=0.5039 ct=10.8288 rec=1.1917 | train/val/test=1.000/0.687/0.679 | c=0.998437
[Epoch 0419] loss=11.5938 cls=0.0170 smmd=0.4940 ct=10.8271 rec=1.1932 | train/val/test=1.000/0.688/0.679 | c=0.998437
[Epoch 0420] loss=11.5932 cls=0.0176 smmd=0.4936 ct=10.8254 rec=1.1949 | train/val/test=1.000/0.686/0.679 | c=0.998437
[Epoch 0421] loss=11.5841 cls=0.0182 smmd=0.4846 ct=10.8237 rec=1.1965 | train/val/test=1.000/0.686/0.679 | c=0.998437
[Epoch 0422] loss=11.5784 cls=0.0186 smmd=0.4795 ct=10.8222 rec=1.1977 | train/val/test=1.000/0.686/0.679 | c=0.998437
[Epoch 0423] loss=11.5746 cls=0.0188 smmd=0.4763 ct=10.8209 rec=1.1988 | train/val/test=1.000/0.685/0.678 | c=0.998437
[Epoch 0424] loss=11.5569 cls=0.0192 smmd=0.4587 ct=10.8198 rec=1.2000 | train/val/test=1.000/0.685/0.679 | c=0.998437
[Epoch 0425] loss=11.5551 cls=0.0198 smmd=0.4568 ct=10.8184 rec=1.2014 | train/val/test=1.000/0.685/0.680 | c=0.998437
[Epoch 0426] loss=11.5530 cls=0.0204 smmd=0.4545 ct=10.8171 rec=1.2028 | train/val/test=1.000/0.686/0.680 | c=0.998437
[Epoch 0427] loss=11.5520 cls=0.0208 smmd=0.4536 ct=10.8160 rec=1.2039 | train/val/test=1.000/0.687/0.679 | c=0.998437
[Epoch 0428] loss=11.5426 cls=0.0211 smmd=0.4438 ct=10.8155 rec=1.2050 | train/val/test=1.000/0.687/0.680 | c=0.998437
[Epoch 0429] loss=11.5324 cls=0.0216 smmd=0.4330 ct=10.8150 rec=1.2060 | train/val/test=1.000/0.690/0.681 | c=0.998437
[Epoch 0430] loss=11.5341 cls=0.0221 smmd=0.4344 ct=10.8140 rec=1.2069 | train/val/test=1.000/0.690/0.683 | c=0.998437
[Epoch 0431] loss=11.5177 cls=0.0226 smmd=0.4182 ct=10.8128 rec=1.2078 | train/val/test=1.000/0.690/0.684 | c=0.998437
[Epoch 0432] loss=11.5209 cls=0.0229 smmd=0.4219 ct=10.8115 rec=1.2085 | train/val/test=1.000/0.689/0.685 | c=0.998437
[Epoch 0433] loss=11.5218 cls=0.0233 smmd=0.4226 ct=10.8107 rec=1.2093 | train/val/test=1.000/0.691/0.686 | c=0.998437
[Epoch 0434] loss=11.5105 cls=0.0238 smmd=0.4102 ct=10.8106 rec=1.2100 | train/val/test=1.000/0.691/0.687 | c=0.998437
[Epoch 0435] loss=11.5060 cls=0.0242 smmd=0.4051 ct=10.8105 rec=1.2106 | train/val/test=1.000/0.691/0.688 | c=0.998437
[Epoch 0436] loss=11.5050 cls=0.0245 smmd=0.4041 ct=10.8097 rec=1.2110 | train/val/test=1.000/0.693/0.689 | c=0.998437
[Epoch 0437] loss=11.4934 cls=0.0249 smmd=0.3927 ct=10.8087 rec=1.2116 | train/val/test=1.000/0.694/0.690 | c=0.998437
[Epoch 0438] loss=11.4939 cls=0.0253 smmd=0.3931 ct=10.8079 rec=1.2120 | train/val/test=1.000/0.695/0.691 | c=0.998437
[Epoch 0439] loss=11.4916 cls=0.0257 smmd=0.3902 ct=10.8076 rec=1.2123 | train/val/test=1.000/0.695/0.693 | c=0.998437
[Epoch 0440] loss=11.4885 cls=0.0259 smmd=0.3867 ct=10.8075 rec=1.2126 | train/val/test=1.000/0.696/0.694 | c=0.998437
[Epoch 0441] loss=11.4802 cls=0.0262 smmd=0.3781 ct=10.8070 rec=1.2130 | train/val/test=1.000/0.695/0.694 | c=0.998437
[Epoch 0442] loss=11.4710 cls=0.0266 smmd=0.3686 ct=10.8064 rec=1.2132 | train/val/test=1.000/0.697/0.695 | c=0.998437
[Epoch 0443] loss=11.4699 cls=0.0270 smmd=0.3675 ct=10.8057 rec=1.2134 | train/val/test=1.000/0.698/0.696 | c=0.998437
[Epoch 0444] loss=11.4677 cls=0.0273 smmd=0.3653 ct=10.8051 rec=1.2135 | train/val/test=1.000/0.699/0.697 | c=0.998437
[Epoch 0445] loss=11.4631 cls=0.0275 smmd=0.3604 ct=10.8049 rec=1.2137 | train/val/test=1.000/0.700/0.699 | c=0.998437
[Epoch 0446] loss=11.4599 cls=0.0279 smmd=0.3565 ct=10.8049 rec=1.2139 | train/val/test=1.000/0.700/0.699 | c=0.998437
[Epoch 0447] loss=11.4534 cls=0.0283 smmd=0.3493 ct=10.8047 rec=1.2140 | train/val/test=1.000/0.699/0.699 | c=0.998437
[Epoch 0448] loss=11.4498 cls=0.0286 smmd=0.3455 ct=10.8043 rec=1.2141 | train/val/test=1.000/0.701/0.700 | c=0.998437
[Epoch 0449] loss=11.4465 cls=0.0289 smmd=0.3423 ct=10.8036 rec=1.2140 | train/val/test=1.000/0.703/0.701 | c=0.998437
[Epoch 0450] loss=11.4492 cls=0.0292 smmd=0.3450 ct=10.8029 rec=1.2142 | train/val/test=1.000/0.704/0.701 | c=0.998437
[Epoch 0451] loss=11.4436 cls=0.0296 smmd=0.3385 ct=10.8030 rec=1.2145 | train/val/test=1.000/0.704/0.702 | c=0.998437
[Epoch 0452] loss=11.4382 cls=0.0299 smmd=0.3323 ct=10.8032 rec=1.2144 | train/val/test=1.000/0.705/0.703 | c=0.998437
[Epoch 0453] loss=11.4347 cls=0.0303 smmd=0.3281 ct=10.8032 rec=1.2144 | train/val/test=1.000/0.705/0.703 | c=0.998437
[Epoch 0454] loss=11.4341 cls=0.0307 smmd=0.3274 ct=10.8024 rec=1.2147 | train/val/test=1.000/0.706/0.704 | c=0.998437
[Epoch 0455] loss=11.4373 cls=0.0311 smmd=0.3305 ct=10.8016 rec=1.2149 | train/val/test=1.000/0.707/0.705 | c=0.998437
[Epoch 0456] loss=11.4252 cls=0.0314 smmd=0.3175 ct=10.8019 rec=1.2149 | train/val/test=1.000/0.708/0.705 | c=0.998437
[Epoch 0457] loss=11.4280 cls=0.0318 smmd=0.3195 ct=10.8019 rec=1.2149 | train/val/test=1.000/0.708/0.706 | c=0.998437
[Epoch 0458] loss=11.4251 cls=0.0323 smmd=0.3157 ct=10.8018 rec=1.2153 | train/val/test=1.000/0.708/0.705 | c=0.998437
[Epoch 0459] loss=11.4241 cls=0.0327 smmd=0.3144 ct=10.8013 rec=1.2155 | train/val/test=1.000/0.709/0.706 | c=0.998437
[Epoch 0460] loss=11.4238 cls=0.0331 smmd=0.3136 ct=10.8010 rec=1.2154 | train/val/test=1.000/0.710/0.706 | c=0.998437
[Epoch 0461] loss=11.4170 cls=0.0335 smmd=0.3059 ct=10.8010 rec=1.2155 | train/val/test=1.000/0.710/0.706 | c=0.998437
[Epoch 0462] loss=11.4143 cls=0.0340 smmd=0.3024 ct=10.8008 rec=1.2158 | train/val/test=1.000/0.711/0.706 | c=0.998437
[Epoch 0463] loss=11.4114 cls=0.0344 smmd=0.2994 ct=10.8001 rec=1.2160 | train/val/test=1.000/0.712/0.706 | c=0.998437
[Epoch 0464] loss=11.4084 cls=0.0348 smmd=0.2958 ct=10.7997 rec=1.2162 | train/val/test=1.000/0.712/0.707 | c=0.998437
[Epoch 0465] loss=11.4159 cls=0.0353 smmd=0.3024 ct=10.7995 rec=1.2166 | train/val/test=1.000/0.713/0.706 | c=0.998437
[Epoch 0466] loss=11.4078 cls=0.0357 smmd=0.2932 ct=10.7999 rec=1.2166 | train/val/test=1.000/0.713/0.707 | c=0.998437
[Epoch 0467] loss=11.4009 cls=0.0362 smmd=0.2851 ct=10.8001 rec=1.2166 | train/val/test=1.000/0.713/0.708 | c=0.998437
[Epoch 0468] loss=11.4045 cls=0.0367 smmd=0.2884 ct=10.7994 rec=1.2170 | train/val/test=1.000/0.713/0.706 | c=0.998437
[Epoch 0469] loss=11.4022 cls=0.0371 smmd=0.2860 ct=10.7984 rec=1.2175 | train/val/test=1.000/0.714/0.708 | c=0.998437
[Epoch 0470] loss=11.4009 cls=0.0375 smmd=0.2842 ct=10.7983 rec=1.2174 | train/val/test=1.000/0.714/0.709 | c=0.998437
[Epoch 0471] loss=11.4019 cls=0.0380 smmd=0.2838 ct=10.7986 rec=1.2176 | train/val/test=1.000/0.714/0.708 | c=0.998437
[Epoch 0472] loss=11.4026 cls=0.0385 smmd=0.2833 ct=10.7988 rec=1.2180 | train/val/test=1.000/0.714/0.708 | c=0.998437
[Epoch 0473] loss=11.3987 cls=0.0388 smmd=0.2784 ct=10.7990 rec=1.2180 | train/val/test=1.000/0.714/0.709 | c=0.998437
[Epoch 0474] loss=11.3931 cls=0.0392 smmd=0.2726 ct=10.7984 rec=1.2183 | train/val/test=1.000/0.715/0.709 | c=0.998437
[Epoch 0475] loss=11.4019 cls=0.0397 smmd=0.2814 ct=10.7974 rec=1.2185 | train/val/test=1.000/0.714/0.709 | c=0.998437
[Epoch 0476] loss=11.3943 cls=0.0402 smmd=0.2726 ct=10.7977 rec=1.2187 | train/val/test=1.000/0.714/0.709 | c=0.998437
[Epoch 0477] loss=11.3941 cls=0.0405 smmd=0.2714 ct=10.7979 rec=1.2188 | train/val/test=1.000/0.715/0.710 | c=0.998437
[Epoch 0478] loss=11.3826 cls=0.0409 smmd=0.2593 ct=10.7976 rec=1.2190 | train/val/test=1.000/0.716/0.710 | c=0.998437
[Epoch 0479] loss=11.3854 cls=0.0414 smmd=0.2622 ct=10.7966 rec=1.2192 | train/val/test=1.000/0.716/0.710 | c=0.998437
[Epoch 0480] loss=11.3872 cls=0.0416 smmd=0.2639 ct=10.7962 rec=1.2193 | train/val/test=1.000/0.716/0.710 | c=0.998437
[Epoch 0481] loss=11.3873 cls=0.0420 smmd=0.2624 ct=10.7969 rec=1.2194 | train/val/test=1.000/0.716/0.711 | c=0.998437
[Epoch 0482] loss=11.3849 cls=0.0425 smmd=0.2588 ct=10.7972 rec=1.2198 | train/val/test=1.000/0.717/0.711 | c=0.998437
[Epoch 0483] loss=11.3863 cls=0.0427 smmd=0.2600 ct=10.7969 rec=1.2197 | train/val/test=1.000/0.715/0.711 | c=0.998437
[Epoch 0484] loss=11.3818 cls=0.0430 smmd=0.2555 ct=10.7963 rec=1.2199 | train/val/test=1.000/0.716/0.711 | c=0.998437
[Epoch 0485] loss=11.3843 cls=0.0434 smmd=0.2575 ct=10.7959 rec=1.2201 | train/val/test=1.000/0.716/0.712 | c=0.998437
[Epoch 0486] loss=11.3801 cls=0.0436 smmd=0.2529 ct=10.7959 rec=1.2201 | train/val/test=1.000/0.717/0.712 | c=0.998437
[Epoch 0487] loss=11.3840 cls=0.0440 smmd=0.2561 ct=10.7959 rec=1.2202 | train/val/test=1.000/0.716/0.711 | c=0.998437
[Epoch 0488] loss=11.3766 cls=0.0443 smmd=0.2480 ct=10.7959 rec=1.2205 | train/val/test=1.000/0.717/0.712 | c=0.998437
[Epoch 0489] loss=11.3754 cls=0.0445 smmd=0.2467 ct=10.7957 rec=1.2204 | train/val/test=1.000/0.717/0.712 | c=0.998437
[Epoch 0490] loss=11.3804 cls=0.0447 smmd=0.2517 ct=10.7952 rec=1.2205 | train/val/test=1.000/0.717/0.712 | c=0.998437
[Epoch 0491] loss=11.3787 cls=0.0451 smmd=0.2491 ct=10.7954 rec=1.2207 | train/val/test=1.000/0.718/0.712 | c=0.998437
[Epoch 0492] loss=11.3766 cls=0.0452 smmd=0.2464 ct=10.7956 rec=1.2205 | train/val/test=1.000/0.718/0.712 | c=0.998437
[Epoch 0493] loss=11.3812 cls=0.0455 smmd=0.2510 ct=10.7952 rec=1.2207 | train/val/test=1.000/0.717/0.712 | c=0.998437
[Epoch 0494] loss=11.3723 cls=0.0458 smmd=0.2414 ct=10.7952 rec=1.2210 | train/val/test=1.000/0.717/0.712 | c=0.998437
[Epoch 0495] loss=11.3727 cls=0.0459 smmd=0.2422 ct=10.7947 rec=1.2208 | train/val/test=1.000/0.718/0.713 | c=0.998437
[Epoch 0496] loss=11.3722 cls=0.0461 smmd=0.2416 ct=10.7943 rec=1.2206 | train/val/test=1.000/0.718/0.712 | c=0.998437
[Epoch 0497] loss=11.3743 cls=0.0464 smmd=0.2430 ct=10.7943 rec=1.2211 | train/val/test=1.000/0.717/0.712 | c=0.998437
[Epoch 0498] loss=11.3714 cls=0.0465 smmd=0.2397 ct=10.7945 rec=1.2210 | train/val/test=1.000/0.718/0.713 | c=0.998437
[Epoch 0499] loss=11.3666 cls=0.0467 smmd=0.2346 ct=10.7945 rec=1.2208 | train/val/test=1.000/0.718/0.713 | c=0.998437
=== Best @ epoch 352: val=0.7398, test=0.7397 ===
[2025-09-20 04:30:05] END attempt 1: exit_code=0
