[2025-09-20 04:30:10] START attempt 1: python main.py --is_transfer True --test_dataset Computers --pretrained_model_name /mnt/data1/Graph/HypGraphLoRA/pre_trained_gnn/Photo.GRACE.GAT.hyp_True.True.20250912-232537.pth --few True --shot 10 --gpu_id 0
Parsed from filename: Pretrained backbone is Hyperbolic.
Pretrain dataset overridden by checkpoint: PubMed -> Photo
Split sizes | train=99, val=2730, test=10923 (mode=few, shot=10)
[Epoch 0000] loss=22.4447 cls=2.3048 smmd=6.6278 ct=10.9303 rec=1.3851 | train/val/test=0.101/0.043/0.038 | c=0.998437
[Epoch 0001] loss=20.6831 cls=2.3015 smmd=4.8764 ct=10.9267 rec=1.3851 | train/val/test=0.121/0.109/0.104 | c=0.998437
[Epoch 0002] loss=20.0729 cls=2.2998 smmd=4.2719 ct=10.9243 rec=1.3851 | train/val/test=0.152/0.393/0.379 | c=0.998437
[Epoch 0003] loss=20.2784 cls=2.2962 smmd=4.4866 ct=10.9224 rec=1.3851 | train/val/test=0.293/0.418/0.405 | c=0.998437
[Epoch 0004] loss=19.3461 cls=2.2907 smmd=3.5735 ct=10.9141 rec=1.3851 | train/val/test=0.242/0.182/0.171 | c=0.998437
[Epoch 0005] loss=18.3102 cls=2.2841 smmd=2.5695 ct=10.8955 rec=1.3851 | train/val/test=0.242/0.169/0.178 | c=0.998437
[Epoch 0006] loss=18.2876 cls=2.2754 smmd=2.5882 ct=10.8716 rec=1.3851 | train/val/test=0.394/0.353/0.366 | c=0.998437
[Epoch 0007] loss=18.1237 cls=2.2628 smmd=2.4912 ct=10.8298 rec=1.3850 | train/val/test=0.566/0.520/0.530 | c=0.998437
[Epoch 0008] loss=17.5706 cls=2.2461 smmd=2.0326 ct=10.7687 rec=1.3850 | train/val/test=0.485/0.432/0.421 | c=0.998437
[Epoch 0009] loss=17.8913 cls=2.2254 smmd=1.7033 ct=11.4601 rec=1.3849 | train/val/test=0.444/0.226/0.226 | c=0.998437
[Epoch 0010] loss=17.4295 cls=2.2030 smmd=1.6545 ct=11.0921 rec=1.3848 | train/val/test=0.414/0.342/0.330 | c=0.998437
[Epoch 0011] loss=17.4548 cls=2.1741 smmd=1.8837 ct=10.9461 rec=1.3845 | train/val/test=0.505/0.442/0.433 | c=0.998437
[Epoch 0012] loss=17.3843 cls=2.1408 smmd=1.8996 ct=10.9262 rec=1.3840 | train/val/test=0.525/0.451/0.441 | c=0.998437
[Epoch 0013] loss=17.0437 cls=2.1086 smmd=1.5914 ct=10.9584 rec=1.3836 | train/val/test=0.535/0.477/0.469 | c=0.998437
[Epoch 0014] loss=16.6525 cls=2.0702 smmd=1.1869 ct=11.0486 rec=1.3829 | train/val/test=0.576/0.516/0.507 | c=0.998437
[Epoch 0015] loss=16.6114 cls=2.0263 smmd=1.1460 ct=11.1365 rec=1.3816 | train/val/test=0.556/0.494/0.483 | c=0.998437
[Epoch 0016] loss=16.5762 cls=1.9872 smmd=1.1717 ct=11.1539 rec=1.3808 | train/val/test=0.525/0.485/0.473 | c=0.998437
[Epoch 0017] loss=16.3628 cls=1.9450 smmd=1.0678 ct=11.1290 rec=1.3796 | train/val/test=0.515/0.499/0.485 | c=0.998437
[Epoch 0018] loss=16.1044 cls=1.8954 smmd=0.9444 ct=11.0937 rec=1.3777 | train/val/test=0.576/0.513/0.507 | c=0.998437
[Epoch 0019] loss=16.0377 cls=1.8504 smmd=1.0078 ct=11.0538 rec=1.3761 | train/val/test=0.626/0.516/0.506 | c=0.998437
[Epoch 0020] loss=15.9754 cls=1.8093 smmd=1.0581 ct=11.0237 rec=1.3749 | train/val/test=0.616/0.527/0.519 | c=0.998437
[Epoch 0021] loss=15.7988 cls=1.7581 smmd=0.9704 ct=11.0375 rec=1.3728 | train/val/test=0.616/0.531/0.530 | c=0.998437
[Epoch 0022] loss=15.6366 cls=1.7075 smmd=0.8690 ct=11.0784 rec=1.3705 | train/val/test=0.586/0.521/0.512 | c=0.998437
[Epoch 0023] loss=15.5355 cls=1.6646 smmd=0.8187 ct=11.1137 rec=1.3689 | train/val/test=0.556/0.511/0.502 | c=0.998437
[Epoch 0024] loss=15.4473 cls=1.6188 smmd=0.8001 ct=11.1362 rec=1.3671 | train/val/test=0.566/0.516/0.507 | c=0.998437
[Epoch 0025] loss=15.3218 cls=1.5689 smmd=0.7780 ct=11.1330 rec=1.3647 | train/val/test=0.606/0.533/0.526 | c=0.998437
[Epoch 0026] loss=15.1966 cls=1.5265 smmd=0.7727 ct=11.0985 rec=1.3628 | train/val/test=0.646/0.549/0.543 | c=0.998437
[Epoch 0027] loss=15.0883 cls=1.4873 smmd=0.7797 ct=11.0618 rec=1.3614 | train/val/test=0.697/0.583/0.567 | c=0.998437
[Epoch 0028] loss=14.9975 cls=1.4413 smmd=0.7859 ct=11.0570 rec=1.3595 | train/val/test=0.697/0.588/0.572 | c=0.998437
[Epoch 0029] loss=14.8943 cls=1.3990 smmd=0.7512 ct=11.0736 rec=1.3575 | train/val/test=0.707/0.583/0.568 | c=0.998437
[Epoch 0030] loss=14.7869 cls=1.3625 smmd=0.6955 ct=11.0953 rec=1.3559 | train/val/test=0.727/0.597/0.587 | c=0.998437
[Epoch 0031] loss=14.6989 cls=1.3219 smmd=0.6720 ct=11.1123 rec=1.3542 | train/val/test=0.747/0.605/0.593 | c=0.998437
[Epoch 0032] loss=14.6082 cls=1.2830 smmd=0.6641 ct=11.1078 rec=1.3525 | train/val/test=0.747/0.610/0.596 | c=0.998437
[Epoch 0033] loss=14.5167 cls=1.2494 smmd=0.6636 ct=11.0840 rec=1.3513 | train/val/test=0.778/0.617/0.606 | c=0.998437
[Epoch 0034] loss=14.4336 cls=1.2132 smmd=0.6685 ct=11.0689 rec=1.3497 | train/val/test=0.808/0.629/0.618 | c=0.998437
[Epoch 0035] loss=14.3556 cls=1.1781 smmd=0.6616 ct=11.0681 rec=1.3483 | train/val/test=0.828/0.634/0.622 | c=0.998437
[Epoch 0036] loss=14.2744 cls=1.1489 smmd=0.6354 ct=11.0717 rec=1.3474 | train/val/test=0.818/0.628/0.619 | c=0.998437
[Epoch 0037] loss=14.1921 cls=1.1151 smmd=0.6112 ct=11.0816 rec=1.3457 | train/val/test=0.838/0.629/0.620 | c=0.998437
[Epoch 0038] loss=14.1200 cls=1.0836 smmd=0.6025 ct=11.0814 rec=1.3444 | train/val/test=0.848/0.635/0.625 | c=0.998437
[Epoch 0039] loss=14.0618 cls=1.0570 smmd=0.6080 ct=11.0710 rec=1.3437 | train/val/test=0.848/0.641/0.628 | c=0.998437
[Epoch 0040] loss=13.9789 cls=1.0263 smmd=0.5900 ct=11.0680 rec=1.3418 | train/val/test=0.859/0.642/0.631 | c=0.998437
[Epoch 0041] loss=13.9190 cls=0.9997 smmd=0.5877 ct=11.0637 rec=1.3409 | train/val/test=0.859/0.643/0.635 | c=0.998437
[Epoch 0042] loss=13.8678 cls=0.9756 smmd=0.5860 ct=11.0626 rec=1.3402 | train/val/test=0.869/0.645/0.639 | c=0.998437
[Epoch 0043] loss=13.7937 cls=0.9474 smmd=0.5619 ct=11.0693 rec=1.3380 | train/val/test=0.859/0.646/0.643 | c=0.998437
[Epoch 0044] loss=13.7388 cls=0.9264 smmd=0.5557 ct=11.0627 rec=1.3375 | train/val/test=0.869/0.650/0.645 | c=0.998437
[Epoch 0045] loss=13.6866 cls=0.9009 smmd=0.5562 ct=11.0614 rec=1.3359 | train/val/test=0.869/0.651/0.651 | c=0.998437
[Epoch 0046] loss=13.6311 cls=0.8814 smmd=0.5446 ct=11.0566 rec=1.3351 | train/val/test=0.879/0.659/0.656 | c=0.998437
[Epoch 0047] loss=13.5799 cls=0.8571 smmd=0.5388 ct=11.0603 rec=1.3332 | train/val/test=0.879/0.663/0.658 | c=0.998437
[Epoch 0048] loss=13.5293 cls=0.8409 smmd=0.5269 ct=11.0541 rec=1.3331 | train/val/test=0.889/0.673/0.664 | c=0.998437
[Epoch 0049] loss=13.4799 cls=0.8162 smmd=0.5201 ct=11.0615 rec=1.3302 | train/val/test=0.879/0.671/0.663 | c=0.998437
[Epoch 0050] loss=13.4477 cls=0.8061 smmd=0.5190 ct=11.0502 rec=1.3313 | train/val/test=0.899/0.678/0.669 | c=0.998437
[Epoch 0051] loss=13.4010 cls=0.7769 smmd=0.5128 ct=11.0691 rec=1.3266 | train/val/test=0.879/0.652/0.642 | c=0.998437
[Epoch 0052] loss=13.3980 cls=0.7966 smmd=0.5006 ct=11.0378 rec=1.3324 | train/val/test=0.818/0.618/0.616 | c=0.998437
[Epoch 0053] loss=13.5420 cls=0.7806 smmd=0.5899 ct=11.1269 rec=1.3192 | train/val/test=0.687/0.324/0.326 | c=0.998437
[Epoch 0054] loss=13.8831 cls=0.9676 smmd=0.5936 ct=11.0866 rec=1.3379 | train/val/test=0.535/0.516/0.524 | c=0.998437
[Epoch 0055] loss=14.6520 cls=1.0942 smmd=0.9236 ct=11.2749 rec=1.3251 | train/val/test=0.889/0.659/0.644 | c=0.998437
[Epoch 0056] loss=13.2882 cls=0.7391 smmd=0.5081 ct=11.0359 rec=1.3291 | train/val/test=0.636/0.311/0.309 | c=0.998437
[Epoch 0057] loss=13.8823 cls=0.9607 smmd=0.5965 ct=11.0973 rec=1.3356 | train/val/test=0.545/0.542/0.542 | c=0.998437
[Epoch 0058] loss=14.6269 cls=1.0523 smmd=0.9763 ct=11.2820 rec=1.3202 | train/val/test=0.889/0.676/0.671 | c=0.998437
[Epoch 0059] loss=13.3143 cls=0.6741 smmd=0.5870 ct=11.1170 rec=1.3106 | train/val/test=0.465/0.175/0.174 | c=0.998437
[Epoch 0060] loss=15.1023 cls=1.3576 smmd=0.8828 ct=11.2375 rec=1.3344 | train/val/test=0.869/0.687/0.687 | c=0.998437
[Epoch 0061] loss=13.3227 cls=0.6652 smmd=0.5798 ct=11.1520 rec=1.3018 | train/val/test=0.606/0.566/0.567 | c=0.998437
[Epoch 0062] loss=14.2236 cls=0.8814 smmd=0.9386 ct=11.2604 rec=1.3095 | train/val/test=0.909/0.675/0.658 | c=0.998437
[Epoch 0063] loss=13.1177 cls=0.6201 smmd=0.5554 ct=11.0593 rec=1.3134 | train/val/test=0.556/0.269/0.261 | c=0.998437
[Epoch 0064] loss=14.2336 cls=1.0394 smmd=0.7451 ct=11.1437 rec=1.3302 | train/val/test=0.869/0.711/0.707 | c=0.998437
[Epoch 0065] loss=13.1941 cls=0.6043 smmd=0.5962 ct=11.1304 rec=1.2941 | train/val/test=0.768/0.614/0.606 | c=0.998437
[Epoch 0066] loss=13.8703 cls=0.7378 smmd=0.9093 ct=11.2247 rec=1.3034 | train/val/test=0.919/0.684/0.671 | c=0.998437
[Epoch 0067] loss=13.1164 cls=0.5696 smmd=0.6188 ct=11.0980 rec=1.3023 | train/val/test=0.758/0.444/0.449 | c=0.998437
[Epoch 0068] loss=13.6902 cls=0.8386 smmd=0.6483 ct=11.1004 rec=1.3216 | train/val/test=0.848/0.675/0.671 | c=0.998437
[Epoch 0069] loss=13.0590 cls=0.5980 smmd=0.5307 ct=11.0724 rec=1.2995 | train/val/test=0.899/0.681/0.669 | c=0.998437
[Epoch 0070] loss=13.3600 cls=0.5857 smmd=0.7690 ct=11.1603 rec=1.2972 | train/val/test=0.919/0.682/0.672 | c=0.998437
[Epoch 0071] loss=13.2342 cls=0.5542 smmd=0.7212 ct=11.1458 rec=1.2940 | train/val/test=0.869/0.663/0.660 | c=0.998437
[Epoch 0072] loss=13.0271 cls=0.5792 smmd=0.5419 ct=11.0674 rec=1.2966 | train/val/test=0.859/0.586/0.583 | c=0.998437
[Epoch 0073] loss=13.2689 cls=0.6760 smmd=0.5942 ct=11.0609 rec=1.3094 | train/val/test=0.909/0.693/0.679 | c=0.998437
[Epoch 0074] loss=12.9312 cls=0.5040 smmd=0.5900 ct=11.0744 rec=1.2942 | train/val/test=0.909/0.688/0.686 | c=0.998437
[Epoch 0075] loss=13.1783 cls=0.5173 smmd=0.7333 ct=11.1530 rec=1.2867 | train/val/test=0.899/0.710/0.709 | c=0.998437
[Epoch 0076] loss=12.9405 cls=0.4888 smmd=0.5919 ct=11.1151 rec=1.2795 | train/val/test=0.879/0.645/0.634 | c=0.998437
[Epoch 0077] loss=12.9878 cls=0.5644 smmd=0.5539 ct=11.0452 rec=1.2996 | train/val/test=0.889/0.652/0.633 | c=0.998437
[Epoch 0078] loss=12.9451 cls=0.5461 smmd=0.5592 ct=11.0331 rec=1.3026 | train/val/test=0.899/0.709/0.711 | c=0.998437
[Epoch 0079] loss=12.8750 cls=0.4651 smmd=0.5832 ct=11.1051 rec=1.2823 | train/val/test=0.929/0.705/0.707 | c=0.998437
[Epoch 0080] loss=12.9602 cls=0.4709 smmd=0.6315 ct=11.1314 rec=1.2779 | train/val/test=0.889/0.696/0.685 | c=0.998437
[Epoch 0081] loss=12.7787 cls=0.4629 smmd=0.5365 ct=11.0589 rec=1.2878 | train/val/test=0.889/0.642/0.631 | c=0.998437
[Epoch 0082] loss=12.9134 cls=0.5341 smmd=0.5488 ct=11.0361 rec=1.3014 | train/val/test=0.899/0.707/0.702 | c=0.998437
[Epoch 0083] loss=12.7777 cls=0.4659 smmd=0.5195 ct=11.0691 rec=1.2869 | train/val/test=0.919/0.710/0.703 | c=0.998437
[Epoch 0084] loss=12.8112 cls=0.4406 smmd=0.5728 ct=11.1006 rec=1.2826 | train/val/test=0.929/0.701/0.694 | c=0.998437
[Epoch 0085] loss=12.7517 cls=0.4359 smmd=0.5481 ct=11.0748 rec=1.2847 | train/val/test=0.869/0.683/0.679 | c=0.998437
[Epoch 0086] loss=12.7397 cls=0.4742 smmd=0.4866 ct=11.0465 rec=1.2913 | train/val/test=0.889/0.695/0.687 | c=0.998437
[Epoch 0087] loss=12.7208 cls=0.4625 smmd=0.4933 ct=11.0437 rec=1.2935 | train/val/test=0.929/0.708/0.698 | c=0.998437
[Epoch 0088] loss=12.7003 cls=0.4239 smmd=0.5283 ct=11.0667 rec=1.2876 | train/val/test=0.939/0.714/0.709 | c=0.998437
[Epoch 0089] loss=12.6921 cls=0.4185 smmd=0.5189 ct=11.0802 rec=1.2798 | train/val/test=0.899/0.705/0.701 | c=0.998437
[Epoch 0090] loss=12.6374 cls=0.4363 smmd=0.4578 ct=11.0498 rec=1.2865 | train/val/test=0.919/0.689/0.676 | c=0.998437
[Epoch 0091] loss=12.6622 cls=0.4465 smmd=0.4794 ct=11.0304 rec=1.2975 | train/val/test=0.929/0.715/0.714 | c=0.998437
[Epoch 0092] loss=12.6085 cls=0.4083 smmd=0.4699 ct=11.0650 rec=1.2847 | train/val/test=0.939/0.715/0.712 | c=0.998437
[Epoch 0093] loss=12.6188 cls=0.4066 smmd=0.4766 ct=11.0730 rec=1.2798 | train/val/test=0.919/0.703/0.692 | c=0.998437
[Epoch 0094] loss=12.5793 cls=0.4177 smmd=0.4552 ct=11.0308 rec=1.2903 | train/val/test=0.919/0.710/0.702 | c=0.998437
[Epoch 0095] loss=12.5788 cls=0.4198 smmd=0.4439 ct=11.0368 rec=1.2926 | train/val/test=0.939/0.718/0.716 | c=0.998437
[Epoch 0096] loss=12.5545 cls=0.3965 smmd=0.4464 ct=11.0580 rec=1.2849 | train/val/test=0.939/0.709/0.705 | c=0.998437
[Epoch 0097] loss=12.5502 cls=0.3955 smmd=0.4543 ct=11.0480 rec=1.2843 | train/val/test=0.929/0.715/0.709 | c=0.998437
[Epoch 0098] loss=12.5196 cls=0.4048 smmd=0.4202 ct=11.0322 rec=1.2880 | train/val/test=0.929/0.715/0.711 | c=0.998437
[Epoch 0099] loss=12.5167 cls=0.3973 smmd=0.4252 ct=11.0388 rec=1.2907 | train/val/test=0.929/0.716/0.709 | c=0.998437
[Epoch 0100] loss=12.5059 cls=0.3853 smmd=0.4350 ct=11.0430 rec=1.2862 | train/val/test=0.939/0.719/0.714 | c=0.998437
[Epoch 0101] loss=12.4916 cls=0.3890 smmd=0.4120 ct=11.0453 rec=1.2818 | train/val/test=0.949/0.714/0.707 | c=0.998437
[Epoch 0102] loss=12.4698 cls=0.3882 smmd=0.4103 ct=11.0252 rec=1.2897 | train/val/test=0.929/0.722/0.714 | c=0.998437
[Epoch 0103] loss=12.4688 cls=0.3795 smmd=0.4157 ct=11.0364 rec=1.2884 | train/val/test=0.949/0.721/0.718 | c=0.998437
[Epoch 0104] loss=12.4568 cls=0.3766 smmd=0.4046 ct=11.0428 rec=1.2809 | train/val/test=0.949/0.713/0.710 | c=0.998437
[Epoch 0105] loss=12.4376 cls=0.3777 smmd=0.3991 ct=11.0258 rec=1.2863 | train/val/test=0.939/0.726/0.724 | c=0.998437
[Epoch 0106] loss=12.4392 cls=0.3722 smmd=0.3988 ct=11.0388 rec=1.2860 | train/val/test=0.949/0.724/0.717 | c=0.998437
[Epoch 0107] loss=12.4100 cls=0.3661 smmd=0.3910 ct=11.0299 rec=1.2844 | train/val/test=0.960/0.721/0.717 | c=0.998437
[Epoch 0108] loss=12.4109 cls=0.3681 smmd=0.3872 ct=11.0311 rec=1.2818 | train/val/test=0.939/0.727/0.725 | c=0.998437
[Epoch 0109] loss=12.3960 cls=0.3607 smmd=0.3840 ct=11.0340 rec=1.2828 | train/val/test=0.949/0.722/0.716 | c=0.998437
[Epoch 0110] loss=12.3842 cls=0.3596 smmd=0.3844 ct=11.0233 rec=1.2863 | train/val/test=0.960/0.732/0.726 | c=0.998437
[Epoch 0111] loss=12.3727 cls=0.3603 smmd=0.3584 ct=11.0382 rec=1.2775 | train/val/test=0.949/0.720/0.718 | c=0.998437
[Epoch 0112] loss=12.3700 cls=0.3515 smmd=0.3848 ct=11.0257 rec=1.2832 | train/val/test=0.960/0.739/0.733 | c=0.998437
[Epoch 0113] loss=12.3598 cls=0.3529 smmd=0.3642 ct=11.0337 rec=1.2805 | train/val/test=0.949/0.719/0.716 | c=0.998437
[Epoch 0114] loss=12.3564 cls=0.3499 smmd=0.3789 ct=11.0212 rec=1.2823 | train/val/test=0.949/0.736/0.732 | c=0.998437
[Epoch 0115] loss=12.3475 cls=0.3440 smmd=0.3579 ct=11.0469 rec=1.2734 | train/val/test=0.939/0.718/0.714 | c=0.998437
[Epoch 0116] loss=12.3463 cls=0.3463 smmd=0.3787 ct=11.0180 rec=1.2859 | train/val/test=0.960/0.741/0.739 | c=0.998437
[Epoch 0117] loss=12.3458 cls=0.3465 smmd=0.3521 ct=11.0462 rec=1.2722 | train/val/test=0.949/0.708/0.708 | c=0.998437
[Epoch 0118] loss=12.3705 cls=0.3471 smmd=0.3961 ct=11.0233 rec=1.2852 | train/val/test=0.949/0.746/0.741 | c=0.998437
[Epoch 0119] loss=12.4051 cls=0.3627 smmd=0.3553 ct=11.0702 rec=1.2712 | train/val/test=0.949/0.678/0.673 | c=0.998437
[Epoch 0120] loss=12.4757 cls=0.3786 smmd=0.4308 ct=11.0285 rec=1.2957 | train/val/test=0.899/0.735/0.738 | c=0.998437
[Epoch 0121] loss=12.6552 cls=0.4269 smmd=0.4167 ct=11.1316 rec=1.2659 | train/val/test=0.919/0.637/0.628 | c=0.998437
[Epoch 0122] loss=12.6583 cls=0.4258 smmd=0.4970 ct=11.0490 rec=1.3036 | train/val/test=0.899/0.741/0.742 | c=0.998437
[Epoch 0123] loss=12.6145 cls=0.4152 smmd=0.4041 ct=11.1271 rec=1.2645 | train/val/test=0.939/0.704/0.703 | c=0.998437
[Epoch 0124] loss=12.3643 cls=0.3385 smmd=0.4062 ct=11.0242 rec=1.2841 | train/val/test=0.960/0.734/0.727 | c=0.998437
[Epoch 0125] loss=12.2588 cls=0.3117 smmd=0.3589 ct=11.0223 rec=1.2708 | train/val/test=0.960/0.742/0.741 | c=0.998437
[Epoch 0126] loss=12.3668 cls=0.3310 smmd=0.3714 ct=11.0811 rec=1.2615 | train/val/test=0.949/0.690/0.687 | c=0.998437
[Epoch 0127] loss=12.4160 cls=0.3462 smmd=0.4390 ct=11.0275 rec=1.2857 | train/val/test=0.949/0.751/0.744 | c=0.998437
[Epoch 0128] loss=12.3234 cls=0.3192 smmd=0.3606 ct=11.0733 rec=1.2557 | train/val/test=0.980/0.734/0.732 | c=0.998437
[Epoch 0129] loss=12.2241 cls=0.2894 smmd=0.3589 ct=11.0332 rec=1.2662 | train/val/test=0.960/0.710/0.704 | c=0.998437
[Epoch 0130] loss=12.2852 cls=0.3097 smmd=0.3941 ct=11.0166 rec=1.2760 | train/val/test=0.949/0.743/0.741 | c=0.998437
[Epoch 0131] loss=12.3618 cls=0.3198 smmd=0.3812 ct=11.0904 rec=1.2526 | train/val/test=0.949/0.727/0.721 | c=0.998437
[Epoch 0132] loss=12.2250 cls=0.2888 smmd=0.3733 ct=11.0202 rec=1.2700 | train/val/test=0.960/0.730/0.722 | c=0.998437
[Epoch 0133] loss=12.2117 cls=0.2865 smmd=0.3671 ct=11.0181 rec=1.2672 | train/val/test=0.960/0.743/0.738 | c=0.998437
[Epoch 0134] loss=12.2930 cls=0.2963 smmd=0.3678 ct=11.0823 rec=1.2518 | train/val/test=0.960/0.720/0.715 | c=0.998437
[Epoch 0135] loss=12.2378 cls=0.2876 smmd=0.3872 ct=11.0214 rec=1.2698 | train/val/test=0.970/0.739/0.732 | c=0.998437
[Epoch 0136] loss=12.1752 cls=0.2758 smmd=0.3449 ct=11.0265 rec=1.2611 | train/val/test=0.960/0.747/0.741 | c=0.998437
[Epoch 0137] loss=12.2009 cls=0.2711 smmd=0.3517 ct=11.0563 rec=1.2536 | train/val/test=0.949/0.716/0.714 | c=0.998437
[Epoch 0138] loss=12.2055 cls=0.2793 smmd=0.3750 ct=11.0182 rec=1.2676 | train/val/test=0.970/0.742/0.738 | c=0.998437
[Epoch 0139] loss=12.1661 cls=0.2676 smmd=0.3376 ct=11.0421 rec=1.2557 | train/val/test=0.980/0.745/0.739 | c=0.998437
[Epoch 0140] loss=12.1474 cls=0.2591 smmd=0.3447 ct=11.0329 rec=1.2585 | train/val/test=0.970/0.725/0.720 | c=0.998437
[Epoch 0141] loss=12.1696 cls=0.2695 smmd=0.3610 ct=11.0165 rec=1.2645 | train/val/test=0.960/0.752/0.743 | c=0.998437
[Epoch 0142] loss=12.1692 cls=0.2645 smmd=0.3341 ct=11.0554 rec=1.2534 | train/val/test=0.970/0.732/0.727 | c=0.998437
[Epoch 0143] loss=12.1325 cls=0.2590 smmd=0.3453 ct=11.0162 rec=1.2645 | train/val/test=0.980/0.741/0.733 | c=0.998437
[Epoch 0144] loss=12.1179 cls=0.2544 smmd=0.3361 ct=11.0214 rec=1.2583 | train/val/test=0.980/0.745/0.739 | c=0.998437
[Epoch 0145] loss=12.1291 cls=0.2547 smmd=0.3249 ct=11.0438 rec=1.2552 | train/val/test=0.970/0.728/0.719 | c=0.998437
[Epoch 0146] loss=12.1336 cls=0.2623 smmd=0.3434 ct=11.0121 rec=1.2677 | train/val/test=0.970/0.745/0.740 | c=0.998437
[Epoch 0147] loss=12.1228 cls=0.2513 smmd=0.3238 ct=11.0456 rec=1.2532 | train/val/test=0.980/0.736/0.731 | c=0.998437
[Epoch 0148] loss=12.1057 cls=0.2516 smmd=0.3332 ct=11.0171 rec=1.2610 | train/val/test=0.970/0.742/0.733 | c=0.998437
[Epoch 0149] loss=12.0899 cls=0.2470 smmd=0.3253 ct=11.0180 rec=1.2628 | train/val/test=0.970/0.742/0.736 | c=0.998437
[Epoch 0150] loss=12.0970 cls=0.2491 smmd=0.3106 ct=11.0378 rec=1.2521 | train/val/test=0.960/0.732/0.725 | c=0.998437
[Epoch 0151] loss=12.0974 cls=0.2506 smmd=0.3312 ct=11.0118 rec=1.2667 | train/val/test=0.980/0.740/0.733 | c=0.998437
[Epoch 0152] loss=12.0980 cls=0.2466 smmd=0.3162 ct=11.0377 rec=1.2550 | train/val/test=0.970/0.738/0.728 | c=0.998437
[Epoch 0153] loss=12.1008 cls=0.2511 smmd=0.3270 ct=11.0195 rec=1.2610 | train/val/test=0.970/0.720/0.717 | c=0.998437
[Epoch 0154] loss=12.1309 cls=0.2558 smmd=0.3304 ct=11.0357 rec=1.2662 | train/val/test=0.939/0.721/0.719 | c=0.998437
[Epoch 0155] loss=12.2590 cls=0.2994 smmd=0.3574 ct=11.0503 rec=1.2630 | train/val/test=0.929/0.621/0.607 | c=0.998437
[Epoch 0156] loss=12.5455 cls=0.3632 smmd=0.4723 ct=11.0890 rec=1.2890 | train/val/test=0.848/0.658/0.652 | c=0.998437
[Epoch 0157] loss=12.8384 cls=0.4689 smmd=0.5215 ct=11.1235 rec=1.2784 | train/val/test=0.909/0.523/0.515 | c=0.998437
[Epoch 0158] loss=12.6935 cls=0.4096 smmd=0.5106 ct=11.1049 rec=1.2945 | train/val/test=0.919/0.715/0.713 | c=0.998437
[Epoch 0159] loss=12.2891 cls=0.2916 smmd=0.3867 ct=11.0672 rec=1.2599 | train/val/test=0.939/0.713/0.696 | c=0.998437
[Epoch 0160] loss=12.2839 cls=0.2990 smmd=0.3741 ct=11.0601 rec=1.2587 | train/val/test=0.909/0.605/0.603 | c=0.998437
[Epoch 0161] loss=12.6529 cls=0.3720 smmd=0.5264 ct=11.1264 rec=1.2805 | train/val/test=0.949/0.700/0.688 | c=0.998437
[Epoch 0162] loss=12.2981 cls=0.2914 smmd=0.4047 ct=11.0579 rec=1.2635 | train/val/test=0.949/0.753/0.745 | c=0.998437
[Epoch 0163] loss=12.1148 cls=0.2303 smmd=0.3506 ct=11.0575 rec=1.2304 | train/val/test=0.949/0.700/0.691 | c=0.998437
[Epoch 0164] loss=12.2927 cls=0.2771 smmd=0.4384 ct=11.0471 rec=1.2649 | train/val/test=0.960/0.730/0.715 | c=0.998437
[Epoch 0165] loss=12.1929 cls=0.2581 smmd=0.3796 ct=11.0469 rec=1.2511 | train/val/test=0.949/0.739/0.736 | c=0.998437
[Epoch 0166] loss=12.1982 cls=0.2405 smmd=0.3971 ct=11.0737 rec=1.2318 | train/val/test=0.980/0.707/0.701 | c=0.998437
[Epoch 0167] loss=12.2215 cls=0.2613 smmd=0.4212 ct=11.0275 rec=1.2514 | train/val/test=0.970/0.746/0.737 | c=0.998437
[Epoch 0168] loss=12.1199 cls=0.2272 smmd=0.3679 ct=11.0497 rec=1.2404 | train/val/test=0.949/0.743/0.734 | c=0.998437
[Epoch 0169] loss=12.1170 cls=0.2189 smmd=0.3863 ct=11.0462 rec=1.2340 | train/val/test=0.970/0.719/0.713 | c=0.998437
[Epoch 0170] loss=12.1609 cls=0.2384 smmd=0.4065 ct=11.0304 rec=1.2363 | train/val/test=0.980/0.748/0.742 | c=0.998437
[Epoch 0171] loss=12.1189 cls=0.2167 smmd=0.3810 ct=11.0570 rec=1.2380 | train/val/test=0.939/0.737/0.728 | c=0.998437
[Epoch 0172] loss=12.0625 cls=0.2103 smmd=0.3676 ct=11.0263 rec=1.2394 | train/val/test=0.970/0.732/0.727 | c=0.998437
[Epoch 0173] loss=12.0867 cls=0.2121 smmd=0.3790 ct=11.0386 rec=1.2242 | train/val/test=0.980/0.744/0.740 | c=0.998437
[Epoch 0174] loss=12.0584 cls=0.2026 smmd=0.3600 ct=11.0459 rec=1.2366 | train/val/test=0.949/0.727/0.715 | c=0.998437
[Epoch 0175] loss=12.0650 cls=0.2161 smmd=0.3614 ct=11.0223 rec=1.2456 | train/val/test=0.970/0.743/0.736 | c=0.998437
[Epoch 0176] loss=12.0624 cls=0.1995 smmd=0.3667 ct=11.0525 rec=1.2206 | train/val/test=0.980/0.742/0.740 | c=0.998437
[Epoch 0177] loss=11.9865 cls=0.1908 smmd=0.3367 ct=11.0211 rec=1.2361 | train/val/test=0.949/0.723/0.713 | c=0.998437
[Epoch 0178] loss=12.0788 cls=0.2219 smmd=0.3561 ct=11.0289 rec=1.2500 | train/val/test=0.970/0.740/0.737 | c=0.998437
[Epoch 0179] loss=12.1070 cls=0.2096 smmd=0.3704 ct=11.0721 rec=1.2263 | train/val/test=0.980/0.726/0.723 | c=0.998437
[Epoch 0180] loss=12.0298 cls=0.2063 smmd=0.3551 ct=11.0136 rec=1.2421 | train/val/test=0.980/0.740/0.735 | c=0.998437
[Epoch 0181] loss=12.0841 cls=0.2180 smmd=0.3507 ct=11.0481 rec=1.2470 | train/val/test=0.980/0.738/0.735 | c=0.998437
[Epoch 0182] loss=11.9848 cls=0.1888 smmd=0.3297 ct=11.0314 rec=1.2306 | train/val/test=0.980/0.731/0.727 | c=0.998437
[Epoch 0183] loss=11.9874 cls=0.1960 smmd=0.3322 ct=11.0157 rec=1.2383 | train/val/test=0.970/0.741/0.742 | c=0.998437
[Epoch 0184] loss=12.1073 cls=0.2248 smmd=0.3496 ct=11.0584 rec=1.2484 | train/val/test=0.980/0.723/0.717 | c=0.998437
[Epoch 0185] loss=12.0234 cls=0.2069 smmd=0.3415 ct=11.0190 rec=1.2452 | train/val/test=0.980/0.740/0.739 | c=0.998437
[Epoch 0186] loss=12.0276 cls=0.1980 smmd=0.3303 ct=11.0548 rec=1.2327 | train/val/test=0.980/0.721/0.710 | c=0.998437
[Epoch 0187] loss=12.0332 cls=0.2149 smmd=0.3289 ct=11.0231 rec=1.2578 | train/val/test=0.980/0.736/0.734 | c=0.998437
[Epoch 0188] loss=11.9961 cls=0.1926 smmd=0.3184 ct=11.0450 rec=1.2374 | train/val/test=0.980/0.734/0.726 | c=0.998437
[Epoch 0189] loss=11.9627 cls=0.1946 smmd=0.3098 ct=11.0161 rec=1.2378 | train/val/test=0.970/0.736/0.733 | c=0.998437
[Epoch 0190] loss=12.0079 cls=0.2012 smmd=0.3233 ct=11.0313 rec=1.2541 | train/val/test=0.980/0.735/0.730 | c=0.998437
[Epoch 0191] loss=11.9614 cls=0.1912 smmd=0.3065 ct=11.0257 rec=1.2345 | train/val/test=0.980/0.743/0.737 | c=0.998437
[Epoch 0192] loss=11.9425 cls=0.1860 smmd=0.3046 ct=11.0177 rec=1.2418 | train/val/test=0.980/0.738/0.728 | c=0.998437
[Epoch 0193] loss=11.9697 cls=0.1980 smmd=0.3020 ct=11.0220 rec=1.2485 | train/val/test=0.980/0.737/0.734 | c=0.998437
[Epoch 0194] loss=11.9493 cls=0.1847 smmd=0.3092 ct=11.0228 rec=1.2398 | train/val/test=0.980/0.739/0.731 | c=0.998437
[Epoch 0195] loss=11.9249 cls=0.1860 smmd=0.2919 ct=11.0141 rec=1.2350 | train/val/test=0.990/0.740/0.733 | c=0.998437
[Epoch 0196] loss=11.9722 cls=0.1920 smmd=0.3113 ct=11.0263 rec=1.2534 | train/val/test=0.970/0.733/0.725 | c=0.998437
[Epoch 0197] loss=11.9598 cls=0.1930 smmd=0.3044 ct=11.0226 rec=1.2337 | train/val/test=0.980/0.743/0.737 | c=0.998437
[Epoch 0198] loss=11.9534 cls=0.1865 smmd=0.3006 ct=11.0316 rec=1.2416 | train/val/test=0.980/0.718/0.703 | c=0.998437
[Epoch 0199] loss=12.0286 cls=0.2183 smmd=0.3120 ct=11.0288 rec=1.2566 | train/val/test=0.949/0.710/0.713 | c=0.998437
[Epoch 0200] loss=12.2772 cls=0.2715 smmd=0.3796 ct=11.1049 rec=1.2487 | train/val/test=0.889/0.583/0.577 | c=0.998437
[Epoch 0201] loss=12.6144 cls=0.3901 smmd=0.4602 ct=11.1165 rec=1.2875 | train/val/test=0.566/0.575/0.586 | c=0.998437
[Epoch 0202] loss=14.4158 cls=1.0230 smmd=0.8026 ct=11.3101 rec=1.2858 | train/val/test=0.485/0.217/0.217 | c=0.998437
[Epoch 0203] loss=17.9700 cls=2.4713 smmd=1.3876 ct=11.3679 rec=1.3593 | train/val/test=0.495/0.497/0.501 | c=0.998437
[Epoch 0204] loss=16.9177 cls=1.9183 smmd=1.3615 ct=11.4583 rec=1.3066 | train/val/test=0.768/0.430/0.440 | c=0.998437
[Epoch 0205] loss=13.2649 cls=0.5296 smmd=0.7528 ct=11.1936 rec=1.2969 | train/val/test=0.495/0.232/0.232 | c=0.998437
[Epoch 0206] loss=16.4963 cls=1.8222 smmd=1.2539 ct=11.3308 rec=1.3357 | train/val/test=0.687/0.572/0.583 | c=0.998437
[Epoch 0207] loss=14.3964 cls=0.8985 smmd=1.0405 ct=11.3041 rec=1.2742 | train/val/test=0.646/0.512/0.513 | c=0.998437
[Epoch 0208] loss=15.3024 cls=1.1961 smmd=1.2947 ct=11.3535 rec=1.3099 | train/val/test=0.909/0.631/0.613 | c=0.998437
[Epoch 0209] loss=12.6258 cls=0.3444 smmd=0.6412 ct=11.0411 rec=1.2737 | train/val/test=0.586/0.251/0.255 | c=0.998437
[Epoch 0210] loss=15.2407 cls=1.2699 smmd=1.1580 ct=11.2881 rec=1.2739 | train/val/test=0.929/0.725/0.731 | c=0.998437
[Epoch 0211] loss=12.7101 cls=0.2732 smmd=0.7337 ct=11.1872 rec=1.2143 | train/val/test=0.677/0.589/0.593 | c=0.998437
[Epoch 0212] loss=15.0618 cls=1.0096 smmd=1.4380 ct=11.3514 rec=1.2660 | train/val/test=0.889/0.693/0.692 | c=0.998437
[Epoch 0213] loss=12.9674 cls=0.3258 smmd=0.8652 ct=11.2101 rec=1.2028 | train/val/test=0.899/0.570/0.561 | c=0.998437
[Epoch 0214] loss=12.7686 cls=0.3550 smmd=0.7325 ct=11.0760 rec=1.2497 | train/val/test=0.747/0.334/0.340 | c=0.998437
[Epoch 0215] loss=13.9339 cls=0.7264 smmd=1.0670 ct=11.1639 rec=1.2512 | train/val/test=0.949/0.717/0.706 | c=0.998437
[Epoch 0216] loss=12.3119 cls=0.1710 smmd=0.6407 ct=11.0842 rec=1.2245 | train/val/test=0.919/0.702/0.706 | c=0.998437
[Epoch 0217] loss=13.0803 cls=0.3067 smmd=0.9998 ct=11.2264 rec=1.2038 | train/val/test=0.889/0.697/0.700 | c=0.998437
[Epoch 0218] loss=13.3633 cls=0.3677 smmd=1.1303 ct=11.2573 rec=1.2016 | train/val/test=0.949/0.744/0.742 | c=0.998437
[Epoch 0219] loss=12.5881 cls=0.1752 smmd=0.8165 ct=11.1827 rec=1.1916 | train/val/test=0.949/0.587/0.577 | c=0.998437
[Epoch 0220] loss=12.4845 cls=0.2146 smmd=0.7273 ct=11.0818 rec=1.2310 | train/val/test=0.899/0.464/0.458 | c=0.998437
[Epoch 0221] loss=12.8824 cls=0.3584 smmd=0.8462 ct=11.0684 rec=1.2547 | train/val/test=0.939/0.664/0.648 | c=0.998437
[Epoch 0222] loss=12.5621 cls=0.2902 smmd=0.7165 ct=11.0174 rec=1.2396 | train/val/test=0.980/0.738/0.733 | c=0.998437
[Epoch 0223] loss=12.2995 cls=0.1343 smmd=0.7040 ct=11.0895 rec=1.1871 | train/val/test=0.960/0.738/0.737 | c=0.998437
[Epoch 0224] loss=12.6523 cls=0.1685 smmd=0.9008 ct=11.1758 rec=1.1936 | train/val/test=0.960/0.733/0.738 | c=0.998437
[Epoch 0225] loss=12.6763 cls=0.1749 smmd=0.8937 ct=11.1939 rec=1.1948 | train/val/test=0.970/0.738/0.734 | c=0.998437
[Epoch 0226] loss=12.3853 cls=0.1397 smmd=0.7134 ct=11.1540 rec=1.1918 | train/val/test=0.970/0.718/0.710 | c=0.998437
[Epoch 0227] loss=12.3097 cls=0.1667 smmd=0.6648 ct=11.0711 rec=1.2018 | train/val/test=0.949/0.670/0.648 | c=0.998437
[Epoch 0228] loss=12.4201 cls=0.2170 smmd=0.7135 ct=11.0251 rec=1.2375 | train/val/test=0.960/0.603/0.584 | c=0.998437
[Epoch 0229] loss=12.4404 cls=0.2195 smmd=0.7302 ct=11.0232 rec=1.2398 | train/val/test=0.970/0.708/0.697 | c=0.998437
[Epoch 0230] loss=12.2174 cls=0.1411 smmd=0.6570 ct=11.0360 rec=1.2114 | train/val/test=0.980/0.732/0.731 | c=0.998437
[Epoch 0231] loss=12.3095 cls=0.1316 smmd=0.7071 ct=11.1003 rec=1.1938 | train/val/test=0.980/0.734/0.734 | c=0.998437
[Epoch 0232] loss=12.3686 cls=0.1373 smmd=0.7198 ct=11.1356 rec=1.1930 | train/val/test=0.980/0.740/0.738 | c=0.998437
[Epoch 0233] loss=12.2589 cls=0.1170 smmd=0.6642 ct=11.1222 rec=1.1921 | train/val/test=0.970/0.720/0.714 | c=0.998437
[Epoch 0234] loss=12.2285 cls=0.1305 smmd=0.6433 ct=11.0828 rec=1.2069 | train/val/test=0.960/0.704/0.693 | c=0.998437
[Epoch 0235] loss=12.1872 cls=0.1445 smmd=0.6237 ct=11.0306 rec=1.2191 | train/val/test=0.970/0.695/0.682 | c=0.998437
[Epoch 0236] loss=12.2585 cls=0.1760 smmd=0.6444 ct=11.0160 rec=1.2309 | train/val/test=0.970/0.715/0.707 | c=0.998437
[Epoch 0237] loss=12.1460 cls=0.1381 smmd=0.6146 ct=11.0122 rec=1.2158 | train/val/test=0.970/0.727/0.723 | c=0.998437
[Epoch 0238] loss=12.1527 cls=0.1224 smmd=0.6145 ct=11.0520 rec=1.2072 | train/val/test=0.960/0.736/0.733 | c=0.998437
[Epoch 0239] loss=12.1744 cls=0.1167 smmd=0.6209 ct=11.0798 rec=1.2014 | train/val/test=0.980/0.734/0.732 | c=0.998437
[Epoch 0240] loss=12.1420 cls=0.1174 smmd=0.5849 ct=11.0819 rec=1.2023 | train/val/test=0.980/0.728/0.725 | c=0.998437
[Epoch 0241] loss=12.1053 cls=0.1250 smmd=0.5562 ct=11.0569 rec=1.2112 | train/val/test=0.970/0.716/0.707 | c=0.998437
[Epoch 0242] loss=12.1005 cls=0.1332 smmd=0.5658 ct=11.0240 rec=1.2220 | train/val/test=0.970/0.709/0.698 | c=0.998437
[Epoch 0243] loss=12.1137 cls=0.1404 smmd=0.5769 ct=11.0105 rec=1.2281 | train/val/test=0.960/0.722/0.716 | c=0.998437
[Epoch 0244] loss=12.0591 cls=0.1265 smmd=0.5492 ct=11.0130 rec=1.2199 | train/val/test=0.980/0.730/0.728 | c=0.998437
[Epoch 0245] loss=12.0635 cls=0.1207 smmd=0.5409 ct=11.0384 rec=1.2142 | train/val/test=0.990/0.737/0.732 | c=0.998437
[Epoch 0246] loss=12.0581 cls=0.1190 smmd=0.5266 ct=11.0512 rec=1.2113 | train/val/test=0.970/0.729/0.728 | c=0.998437
[Epoch 0247] loss=12.0342 cls=0.1206 smmd=0.5080 ct=11.0419 rec=1.2155 | train/val/test=0.970/0.727/0.719 | c=0.998437
[Epoch 0248] loss=12.0270 cls=0.1238 smmd=0.5129 ct=11.0219 rec=1.2233 | train/val/test=0.960/0.723/0.714 | c=0.998437
[Epoch 0249] loss=12.0242 cls=0.1288 smmd=0.5103 ct=11.0108 rec=1.2276 | train/val/test=0.970/0.728/0.721 | c=0.998437
[Epoch 0250] loss=12.0036 cls=0.1271 smmd=0.4935 ct=11.0110 rec=1.2241 | train/val/test=0.980/0.734/0.729 | c=0.998437
[Epoch 0251] loss=11.9971 cls=0.1201 smmd=0.4915 ct=11.0213 rec=1.2204 | train/val/test=0.980/0.737/0.730 | c=0.998437
[Epoch 0252] loss=11.9934 cls=0.1191 smmd=0.4820 ct=11.0292 rec=1.2203 | train/val/test=0.980/0.734/0.731 | c=0.998437
[Epoch 0253] loss=11.9722 cls=0.1192 smmd=0.4681 ct=11.0216 rec=1.2200 | train/val/test=0.980/0.727/0.725 | c=0.998437
[Epoch 0254] loss=11.9724 cls=0.1250 smmd=0.4660 ct=11.0112 rec=1.2258 | train/val/test=0.970/0.731/0.725 | c=0.998437
[Epoch 0255] loss=11.9599 cls=0.1236 smmd=0.4624 ct=11.0045 rec=1.2293 | train/val/test=0.980/0.737/0.729 | c=0.998437
[Epoch 0256] loss=11.9551 cls=0.1211 smmd=0.4594 ct=11.0084 rec=1.2255 | train/val/test=0.990/0.739/0.735 | c=0.998437
[Epoch 0257] loss=11.9415 cls=0.1196 smmd=0.4429 ct=11.0153 rec=1.2202 | train/val/test=0.990/0.740/0.736 | c=0.998437
[Epoch 0258] loss=11.9358 cls=0.1196 smmd=0.4382 ct=11.0140 rec=1.2224 | train/val/test=0.980/0.740/0.732 | c=0.998437
[Epoch 0259] loss=11.9291 cls=0.1213 smmd=0.4342 ct=11.0067 rec=1.2275 | train/val/test=0.980/0.739/0.730 | c=0.998437
[Epoch 0260] loss=11.9241 cls=0.1219 smmd=0.4316 ct=11.0032 rec=1.2274 | train/val/test=0.990/0.738/0.733 | c=0.998437
[Epoch 0261] loss=11.9108 cls=0.1217 smmd=0.4171 ct=11.0052 rec=1.2252 | train/val/test=0.980/0.745/0.738 | c=0.998437
[Epoch 0262] loss=11.9043 cls=0.1194 smmd=0.4136 ct=11.0072 rec=1.2240 | train/val/test=0.980/0.748/0.737 | c=0.998437
[Epoch 0263] loss=11.8983 cls=0.1205 smmd=0.4066 ct=11.0057 rec=1.2244 | train/val/test=0.980/0.745/0.738 | c=0.998437
[Epoch 0264] loss=11.8870 cls=0.1217 smmd=0.3973 ct=11.0012 rec=1.2254 | train/val/test=0.980/0.744/0.736 | c=0.998437
[Epoch 0265] loss=11.8778 cls=0.1217 smmd=0.3895 ct=10.9993 rec=1.2275 | train/val/test=0.980/0.745/0.736 | c=0.998437
[Epoch 0266] loss=11.8816 cls=0.1216 smmd=0.3914 ct=11.0016 rec=1.2267 | train/val/test=0.980/0.751/0.741 | c=0.998437
[Epoch 0267] loss=11.8741 cls=0.1215 smmd=0.3813 ct=11.0050 rec=1.2238 | train/val/test=0.980/0.749/0.742 | c=0.998437
[Epoch 0268] loss=11.8678 cls=0.1222 smmd=0.3769 ct=11.0016 rec=1.2244 | train/val/test=0.980/0.744/0.736 | c=0.998437
[Epoch 0269] loss=11.8693 cls=0.1228 smmd=0.3825 ct=10.9958 rec=1.2276 | train/val/test=0.980/0.746/0.738 | c=0.998437
[Epoch 0270] loss=11.8595 cls=0.1231 smmd=0.3713 ct=10.9964 rec=1.2278 | train/val/test=0.980/0.750/0.742 | c=0.998437
[Epoch 0271] loss=11.8524 cls=0.1238 smmd=0.3583 ct=11.0014 rec=1.2254 | train/val/test=0.980/0.746/0.739 | c=0.998437
[Epoch 0272] loss=11.8481 cls=0.1236 smmd=0.3556 ct=11.0003 rec=1.2252 | train/val/test=0.980/0.745/0.737 | c=0.998437
[Epoch 0273] loss=11.8470 cls=0.1241 smmd=0.3580 ct=10.9953 rec=1.2273 | train/val/test=0.980/0.748/0.741 | c=0.998437
[Epoch 0274] loss=11.8410 cls=0.1252 smmd=0.3509 ct=10.9940 rec=1.2279 | train/val/test=0.980/0.748/0.740 | c=0.998437
[Epoch 0275] loss=11.8345 cls=0.1253 smmd=0.3428 ct=10.9956 rec=1.2269 | train/val/test=0.980/0.745/0.738 | c=0.998437
[Epoch 0276] loss=11.8380 cls=0.1255 smmd=0.3441 ct=10.9975 rec=1.2266 | train/val/test=0.980/0.749/0.740 | c=0.998437
[Epoch 0277] loss=11.8324 cls=0.1263 smmd=0.3381 ct=10.9963 rec=1.2270 | train/val/test=0.980/0.749/0.739 | c=0.998437
[Epoch 0278] loss=11.8295 cls=0.1270 smmd=0.3363 ct=10.9935 rec=1.2282 | train/val/test=0.980/0.744/0.737 | c=0.998437
[Epoch 0279] loss=11.8254 cls=0.1270 smmd=0.3325 ct=10.9931 rec=1.2286 | train/val/test=0.980/0.750/0.740 | c=0.998437
[Epoch 0280] loss=11.8196 cls=0.1276 smmd=0.3235 ct=10.9954 rec=1.2269 | train/val/test=0.980/0.748/0.739 | c=0.998437
[Epoch 0281] loss=11.8171 cls=0.1284 smmd=0.3207 ct=10.9942 rec=1.2272 | train/val/test=0.980/0.746/0.737 | c=0.998437
[Epoch 0282] loss=11.8135 cls=0.1284 smmd=0.3196 ct=10.9912 rec=1.2296 | train/val/test=0.990/0.749/0.739 | c=0.998437
[Epoch 0283] loss=11.8088 cls=0.1290 smmd=0.3133 ct=10.9919 rec=1.2285 | train/val/test=0.980/0.749/0.738 | c=0.998437
[Epoch 0284] loss=11.8150 cls=0.1296 smmd=0.3169 ct=10.9935 rec=1.2272 | train/val/test=0.980/0.747/0.738 | c=0.998437
[Epoch 0285] loss=11.8050 cls=0.1295 smmd=0.3070 ct=10.9932 rec=1.2286 | train/val/test=0.990/0.750/0.738 | c=0.998437
[Epoch 0286] loss=11.7999 cls=0.1301 smmd=0.3025 ct=10.9916 rec=1.2288 | train/val/test=0.990/0.748/0.736 | c=0.998437
[Epoch 0287] loss=11.8060 cls=0.1305 smmd=0.3088 ct=10.9904 rec=1.2282 | train/val/test=0.980/0.748/0.738 | c=0.998437
[Epoch 0288] loss=11.7985 cls=0.1304 smmd=0.3006 ct=10.9913 rec=1.2286 | train/val/test=0.990/0.748/0.737 | c=0.998437
[Epoch 0289] loss=11.7977 cls=0.1311 smmd=0.2980 ct=10.9919 rec=1.2280 | train/val/test=0.990/0.748/0.736 | c=0.998437
[Epoch 0290] loss=11.7956 cls=0.1311 smmd=0.2969 ct=10.9908 rec=1.2285 | train/val/test=0.990/0.746/0.738 | c=0.998437
[Epoch 0291] loss=11.7983 cls=0.1310 smmd=0.3000 ct=10.9905 rec=1.2288 | train/val/test=0.990/0.748/0.736 | c=0.998437
[Epoch 0292] loss=11.7898 cls=0.1319 smmd=0.2889 ct=10.9915 rec=1.2275 | train/val/test=0.990/0.748/0.736 | c=0.998437
[Epoch 0293] loss=11.7901 cls=0.1314 smmd=0.2912 ct=10.9904 rec=1.2284 | train/val/test=0.990/0.747/0.737 | c=0.998437
[Epoch 0294] loss=11.7907 cls=0.1314 smmd=0.2924 ct=10.9897 rec=1.2285 | train/val/test=0.990/0.748/0.735 | c=0.998437
[Epoch 0295] loss=11.7890 cls=0.1323 smmd=0.2887 ct=10.9904 rec=1.2272 | train/val/test=0.990/0.746/0.737 | c=0.998437
[Epoch 0296] loss=11.7853 cls=0.1315 smmd=0.2866 ct=10.9900 rec=1.2282 | train/val/test=0.990/0.746/0.735 | c=0.998437
[Epoch 0297] loss=11.7820 cls=0.1319 smmd=0.2828 ct=10.9899 rec=1.2275 | train/val/test=0.990/0.747/0.735 | c=0.998437
[Epoch 0298] loss=11.7791 cls=0.1319 smmd=0.2801 ct=10.9896 rec=1.2275 | train/val/test=0.990/0.747/0.737 | c=0.998437
[Epoch 0299] loss=11.7784 cls=0.1315 smmd=0.2805 ct=10.9893 rec=1.2280 | train/val/test=0.990/0.745/0.735 | c=0.998437
[Epoch 0300] loss=11.7783 cls=0.1322 smmd=0.2789 ct=10.9896 rec=1.2266 | train/val/test=0.990/0.747/0.737 | c=0.998437
[Epoch 0301] loss=11.7711 cls=0.1315 smmd=0.2734 ct=10.9892 rec=1.2275 | train/val/test=0.990/0.746/0.735 | c=0.998437
[Epoch 0302] loss=11.7759 cls=0.1315 smmd=0.2785 ct=10.9888 rec=1.2272 | train/val/test=0.990/0.745/0.736 | c=0.998437
[Epoch 0303] loss=11.7696 cls=0.1317 smmd=0.2715 ct=10.9894 rec=1.2266 | train/val/test=0.990/0.747/0.736 | c=0.998437
[Epoch 0304] loss=11.7664 cls=0.1311 smmd=0.2699 ct=10.9888 rec=1.2272 | train/val/test=0.990/0.745/0.735 | c=0.998437
[Epoch 0305] loss=11.7702 cls=0.1315 smmd=0.2733 ct=10.9887 rec=1.2265 | train/val/test=0.990/0.748/0.736 | c=0.998437
[Epoch 0306] loss=11.7677 cls=0.1310 smmd=0.2714 ct=10.9890 rec=1.2268 | train/val/test=0.980/0.745/0.735 | c=0.998437
[Epoch 0307] loss=11.7682 cls=0.1310 smmd=0.2719 ct=10.9890 rec=1.2263 | train/val/test=0.990/0.747/0.736 | c=0.998437
[Epoch 0308] loss=11.7633 cls=0.1308 smmd=0.2677 ct=10.9888 rec=1.2264 | train/val/test=0.990/0.747/0.736 | c=0.998437
[Epoch 0309] loss=11.7653 cls=0.1305 smmd=0.2707 ct=10.9884 rec=1.2264 | train/val/test=0.990/0.746/0.736 | c=0.998437
[Epoch 0310] loss=11.7574 cls=0.1305 smmd=0.2625 ct=10.9888 rec=1.2260 | train/val/test=0.990/0.748/0.736 | c=0.998437
[Epoch 0311] loss=11.7545 cls=0.1301 smmd=0.2606 ct=10.9885 rec=1.2262 | train/val/test=0.990/0.746/0.735 | c=0.998437
[Epoch 0312] loss=11.7624 cls=0.1300 smmd=0.2696 ct=10.9875 rec=1.2260 | train/val/test=0.990/0.747/0.736 | c=0.998437
[Epoch 0313] loss=11.7565 cls=0.1298 smmd=0.2632 ct=10.9885 rec=1.2259 | train/val/test=0.990/0.746/0.735 | c=0.998437
[Epoch 0314] loss=11.7533 cls=0.1295 smmd=0.2602 ct=10.9888 rec=1.2258 | train/val/test=0.990/0.746/0.736 | c=0.998437
[Epoch 0315] loss=11.7458 cls=0.1293 smmd=0.2539 ct=10.9882 rec=1.2258 | train/val/test=0.990/0.747/0.736 | c=0.998437
[Epoch 0316] loss=11.7535 cls=0.1290 smmd=0.2634 ct=10.9869 rec=1.2256 | train/val/test=0.990/0.747/0.736 | c=0.998437
[Epoch 0317] loss=11.7472 cls=0.1288 smmd=0.2570 ct=10.9875 rec=1.2255 | train/val/test=0.990/0.746/0.736 | c=0.998437
[Epoch 0318] loss=11.7446 cls=0.1285 smmd=0.2545 ct=10.9879 rec=1.2256 | train/val/test=0.990/0.746/0.735 | c=0.998437
[Epoch 0319] loss=11.7425 cls=0.1283 smmd=0.2535 ct=10.9873 rec=1.2254 | train/val/test=1.000/0.747/0.736 | c=0.998437
[Epoch 0320] loss=11.7437 cls=0.1280 smmd=0.2554 ct=10.9873 rec=1.2254 | train/val/test=0.990/0.747/0.736 | c=0.998437
[Epoch 0321] loss=11.7425 cls=0.1278 smmd=0.2541 ct=10.9878 rec=1.2250 | train/val/test=1.000/0.747/0.736 | c=0.998437
[Epoch 0322] loss=11.7391 cls=0.1273 smmd=0.2515 ct=10.9879 rec=1.2252 | train/val/test=0.990/0.746/0.736 | c=0.998437
[Epoch 0323] loss=11.7397 cls=0.1272 smmd=0.2539 ct=10.9865 rec=1.2250 | train/val/test=1.000/0.747/0.736 | c=0.998437
[Epoch 0324] loss=11.7395 cls=0.1268 smmd=0.2551 ct=10.9859 rec=1.2250 | train/val/test=0.990/0.747/0.736 | c=0.998437
[Epoch 0325] loss=11.7366 cls=0.1267 smmd=0.2508 ct=10.9875 rec=1.2246 | train/val/test=1.000/0.747/0.737 | c=0.998437
[Epoch 0326] loss=11.7361 cls=0.1261 smmd=0.2511 ct=10.9877 rec=1.2250 | train/val/test=0.990/0.747/0.736 | c=0.998437
[Epoch 0327] loss=11.7333 cls=0.1261 smmd=0.2493 ct=10.9869 rec=1.2243 | train/val/test=1.000/0.748/0.737 | c=0.998437
[Epoch 0328] loss=11.7334 cls=0.1256 smmd=0.2513 ct=10.9860 rec=1.2247 | train/val/test=0.990/0.747/0.736 | c=0.998437
[Epoch 0329] loss=11.7327 cls=0.1256 smmd=0.2506 ct=10.9860 rec=1.2241 | train/val/test=1.000/0.749/0.738 | c=0.998437
[Epoch 0330] loss=11.7352 cls=0.1249 smmd=0.2539 ct=10.9865 rec=1.2247 | train/val/test=0.990/0.747/0.736 | c=0.998437
[Epoch 0331] loss=11.7279 cls=0.1253 smmd=0.2453 ct=10.9871 rec=1.2235 | train/val/test=1.000/0.749/0.738 | c=0.998437
[Epoch 0332] loss=11.7250 cls=0.1243 smmd=0.2453 ct=10.9862 rec=1.2250 | train/val/test=0.990/0.746/0.735 | c=0.998437
[Epoch 0333] loss=11.7231 cls=0.1255 smmd=0.2415 ct=10.9860 rec=1.2229 | train/val/test=1.000/0.749/0.740 | c=0.998437
[Epoch 0334] loss=11.7290 cls=0.1240 smmd=0.2503 ct=10.9855 rec=1.2257 | train/val/test=0.990/0.742/0.730 | c=0.998437
[Epoch 0335] loss=11.7346 cls=0.1272 smmd=0.2473 ct=10.9885 rec=1.2223 | train/val/test=1.000/0.748/0.741 | c=0.998437
[Epoch 0336] loss=11.7453 cls=0.1264 smmd=0.2561 ct=10.9907 rec=1.2283 | train/val/test=0.980/0.732/0.726 | c=0.998437
[Epoch 0337] loss=11.7612 cls=0.1364 smmd=0.2469 ct=10.9970 rec=1.2222 | train/val/test=0.990/0.743/0.732 | c=0.998437
[Epoch 0338] loss=11.8135 cls=0.1432 smmd=0.2743 ct=11.0050 rec=1.2385 | train/val/test=0.960/0.718/0.702 | c=0.998437
[Epoch 0339] loss=11.9262 cls=0.1827 smmd=0.2818 ct=11.0333 rec=1.2289 | train/val/test=0.939/0.675/0.677 | c=0.998437
[Epoch 0340] loss=12.2092 cls=0.2550 smmd=0.3725 ct=11.0718 rec=1.2744 | train/val/test=0.848/0.601/0.583 | c=0.998437
[Epoch 0341] loss=12.9782 cls=0.5100 smmd=0.5158 ct=11.1882 rec=1.2714 | train/val/test=0.646/0.319/0.336 | c=0.998437
[Epoch 0342] loss=14.4245 cls=1.0574 smmd=0.8082 ct=11.2356 rec=1.3298 | train/val/test=0.404/0.123/0.120 | c=0.998437
[Epoch 0343] loss=16.9783 cls=2.0241 smmd=1.2444 ct=11.4166 rec=1.3458 | train/val/test=0.818/0.623/0.624 | c=0.998437
[Epoch 0344] loss=13.4261 cls=0.5525 smmd=0.8751 ct=11.1885 rec=1.2875 | train/val/test=0.899/0.591/0.585 | c=0.998437
[Epoch 0345] loss=12.6629 cls=0.3213 smmd=0.6420 ct=11.1224 rec=1.2797 | train/val/test=0.677/0.289/0.292 | c=0.998437
[Epoch 0346] loss=14.4038 cls=0.9565 smmd=0.9359 ct=11.2964 rec=1.2926 | train/val/test=0.980/0.715/0.714 | c=0.998437
[Epoch 0347] loss=12.3249 cls=0.1983 smmd=0.5586 ct=11.1263 rec=1.2170 | train/val/test=0.758/0.434/0.447 | c=0.998437
[Epoch 0348] loss=13.5711 cls=0.6358 smmd=0.8121 ct=11.2220 rec=1.3269 | train/val/test=0.798/0.399/0.395 | c=0.998437
[Epoch 0349] loss=13.6540 cls=0.6680 smmd=0.8340 ct=11.2308 rec=1.2668 | train/val/test=0.909/0.673/0.661 | c=0.998437
[Epoch 0350] loss=12.5266 cls=0.3040 smmd=0.5996 ct=11.0747 rec=1.2211 | train/val/test=0.838/0.623/0.628 | c=0.998437
[Epoch 0351] loss=13.0869 cls=0.4086 smmd=0.8272 ct=11.1860 rec=1.2821 | train/val/test=0.919/0.697/0.699 | c=0.998437
[Epoch 0352] loss=12.4209 cls=0.2116 smmd=0.6391 ct=11.1142 rec=1.2221 | train/val/test=0.909/0.689/0.674 | c=0.998437
[Epoch 0353] loss=12.4966 cls=0.2858 smmd=0.6132 ct=11.0680 rec=1.2188 | train/val/test=0.919/0.691/0.677 | c=0.998437
[Epoch 0354] loss=12.4068 cls=0.2607 smmd=0.5937 ct=11.0481 rec=1.2174 | train/val/test=0.960/0.713/0.708 | c=0.998437
[Epoch 0355] loss=12.2651 cls=0.1654 smmd=0.6019 ct=11.0892 rec=1.2160 | train/val/test=0.939/0.697/0.703 | c=0.998437
[Epoch 0356] loss=12.5506 cls=0.2108 smmd=0.7389 ct=11.1458 rec=1.2213 | train/val/test=0.970/0.742/0.736 | c=0.998437
[Epoch 0357] loss=12.0812 cls=0.1296 smmd=0.5344 ct=11.0510 rec=1.1831 | train/val/test=0.909/0.703/0.689 | c=0.998437
[Epoch 0358] loss=12.3747 cls=0.2450 smmd=0.5932 ct=11.0511 rec=1.2020 | train/val/test=0.970/0.708/0.701 | c=0.998437
[Epoch 0359] loss=12.1650 cls=0.1672 smmd=0.5578 ct=11.0321 rec=1.2036 | train/val/test=0.970/0.729/0.723 | c=0.998437
[Epoch 0360] loss=12.1250 cls=0.1164 smmd=0.5927 ct=11.0586 rec=1.2054 | train/val/test=0.970/0.719/0.716 | c=0.998437
[Epoch 0361] loss=12.3469 cls=0.1470 smmd=0.7054 ct=11.1081 rec=1.1977 | train/val/test=0.980/0.760/0.752 | c=0.998437
[Epoch 0362] loss=11.9864 cls=0.1016 smmd=0.4945 ct=11.0526 rec=1.1802 | train/val/test=0.949/0.718/0.714 | c=0.998437
[Epoch 0363] loss=12.1820 cls=0.1723 smmd=0.5563 ct=11.0425 rec=1.1932 | train/val/test=0.980/0.713/0.705 | c=0.998437
[Epoch 0364] loss=12.0296 cls=0.1352 smmd=0.5235 ct=10.9949 rec=1.2041 | train/val/test=0.980/0.737/0.735 | c=0.998437
[Epoch 0365] loss=11.9783 cls=0.0968 smmd=0.5248 ct=11.0212 rec=1.1931 | train/val/test=0.990/0.745/0.744 | c=0.998437
[Epoch 0366] loss=12.0714 cls=0.1010 smmd=0.5554 ct=11.0765 rec=1.1874 | train/val/test=0.980/0.760/0.753 | c=0.998437
[Epoch 0367] loss=11.9516 cls=0.0937 smmd=0.4701 ct=11.0576 rec=1.1819 | train/val/test=0.980/0.732/0.724 | c=0.998437
[Epoch 0368] loss=11.9380 cls=0.1094 smmd=0.4768 ct=11.0043 rec=1.1908 | train/val/test=0.990/0.715/0.700 | c=0.998437
[Epoch 0369] loss=11.9903 cls=0.1235 smmd=0.5033 ct=10.9985 rec=1.2074 | train/val/test=0.990/0.756/0.746 | c=0.998437
[Epoch 0370] loss=11.8698 cls=0.0871 smmd=0.4489 ct=11.0088 rec=1.1895 | train/val/test=0.990/0.752/0.748 | c=0.998437
[Epoch 0371] loss=11.9416 cls=0.0874 smmd=0.4733 ct=11.0562 rec=1.1862 | train/val/test=0.980/0.749/0.740 | c=0.998437
[Epoch 0372] loss=11.8972 cls=0.0893 smmd=0.4383 ct=11.0422 rec=1.1906 | train/val/test=0.980/0.740/0.731 | c=0.998437
[Epoch 0373] loss=11.8352 cls=0.0872 smmd=0.4271 ct=10.9949 rec=1.1943 | train/val/test=0.990/0.722/0.710 | c=0.998437
[Epoch 0374] loss=11.9097 cls=0.1063 smmd=0.4551 ct=11.0011 rec=1.2051 | train/val/test=0.980/0.753/0.743 | c=0.998437
[Epoch 0375] loss=11.8077 cls=0.0831 smmd=0.4039 ct=10.9987 rec=1.1935 | train/val/test=0.990/0.749/0.741 | c=0.998437
[Epoch 0376] loss=11.8655 cls=0.0861 smmd=0.4183 ct=11.0363 rec=1.1936 | train/val/test=0.990/0.752/0.746 | c=0.998437
[Epoch 0377] loss=11.8094 cls=0.0852 smmd=0.3871 ct=11.0130 rec=1.1940 | train/val/test=0.990/0.734/0.727 | c=0.998437
[Epoch 0378] loss=11.8120 cls=0.0894 smmd=0.4053 ct=10.9866 rec=1.2063 | train/val/test=0.980/0.737/0.730 | c=0.998437
[Epoch 0379] loss=11.7961 cls=0.0920 smmd=0.3835 ct=10.9872 rec=1.2069 | train/val/test=0.990/0.757/0.747 | c=0.998437
[Epoch 0380] loss=11.7985 cls=0.0871 smmd=0.3772 ct=11.0080 rec=1.1952 | train/val/test=0.990/0.751/0.745 | c=0.998437
[Epoch 0381] loss=11.7902 cls=0.0839 smmd=0.3736 ct=11.0089 rec=1.1993 | train/val/test=0.990/0.743/0.736 | c=0.998437
[Epoch 0382] loss=11.7719 cls=0.0855 smmd=0.3759 ct=10.9829 rec=1.2102 | train/val/test=0.990/0.741/0.731 | c=0.998437
[Epoch 0383] loss=11.7799 cls=0.0915 smmd=0.3676 ct=10.9880 rec=1.2065 | train/val/test=0.990/0.754/0.744 | c=0.998437
[Epoch 0384] loss=11.7522 cls=0.0881 smmd=0.3425 ct=10.9931 rec=1.2018 | train/val/test=0.990/0.748/0.741 | c=0.998437
[Epoch 0385] loss=11.7577 cls=0.0858 smmd=0.3498 ct=10.9948 rec=1.2073 | train/val/test=0.990/0.745/0.740 | c=0.998437
[Epoch 0386] loss=11.7541 cls=0.0879 smmd=0.3534 ct=10.9833 rec=1.2076 | train/val/test=0.990/0.751/0.739 | c=0.998437
[Epoch 0387] loss=11.7380 cls=0.0881 smmd=0.3384 ct=10.9817 rec=1.2087 | train/val/test=0.990/0.753/0.741 | c=0.998437
[Epoch 0388] loss=11.7405 cls=0.0908 smmd=0.3284 ct=10.9886 rec=1.2091 | train/val/test=0.990/0.750/0.743 | c=0.998437
[Epoch 0389] loss=11.7317 cls=0.0884 smmd=0.3289 ct=10.9849 rec=1.2055 | train/val/test=1.000/0.746/0.740 | c=0.998437
[Epoch 0390] loss=11.7282 cls=0.0878 smmd=0.3322 ct=10.9782 rec=1.2116 | train/val/test=0.990/0.752/0.740 | c=0.998437
[Epoch 0391] loss=11.7192 cls=0.0892 smmd=0.3194 ct=10.9791 rec=1.2112 | train/val/test=0.990/0.753/0.741 | c=0.998437
[Epoch 0392] loss=11.7160 cls=0.0930 smmd=0.3036 ct=10.9851 rec=1.2062 | train/val/test=0.990/0.748/0.742 | c=0.998437
[Epoch 0393] loss=11.7104 cls=0.0885 smmd=0.3139 ct=10.9772 rec=1.2109 | train/val/test=0.990/0.748/0.742 | c=0.998437
[Epoch 0394] loss=11.7137 cls=0.0889 smmd=0.3171 ct=10.9763 rec=1.2128 | train/val/test=0.990/0.751/0.739 | c=0.998437
[Epoch 0395] loss=11.7042 cls=0.0939 smmd=0.2919 ct=10.9830 rec=1.2074 | train/val/test=0.990/0.748/0.737 | c=0.998437
[Epoch 0396] loss=11.7042 cls=0.0914 smmd=0.3029 ct=10.9764 rec=1.2108 | train/val/test=1.000/0.748/0.740 | c=0.998437
[Epoch 0397] loss=11.7016 cls=0.0907 smmd=0.3023 ct=10.9751 rec=1.2133 | train/val/test=0.990/0.751/0.742 | c=0.998437
[Epoch 0398] loss=11.6901 cls=0.0927 smmd=0.2838 ct=10.9793 rec=1.2088 | train/val/test=0.990/0.744/0.735 | c=0.998437
[Epoch 0399] loss=11.6942 cls=0.0939 smmd=0.2868 ct=10.9773 rec=1.2110 | train/val/test=0.990/0.743/0.735 | c=0.998437
[Epoch 0400] loss=11.6912 cls=0.0922 smmd=0.2922 ct=10.9720 rec=1.2126 | train/val/test=1.000/0.749/0.740 | c=0.998437
[Epoch 0401] loss=11.6914 cls=0.0936 smmd=0.2853 ct=10.9767 rec=1.2108 | train/val/test=0.990/0.748/0.735 | c=0.998437
[Epoch 0402] loss=11.6879 cls=0.0938 smmd=0.2817 ct=10.9764 rec=1.2110 | train/val/test=0.990/0.742/0.731 | c=0.998437
[Epoch 0403] loss=11.6844 cls=0.0951 smmd=0.2757 ct=10.9761 rec=1.2123 | train/val/test=1.000/0.745/0.735 | c=0.998437
[Epoch 0404] loss=11.6786 cls=0.0937 smmd=0.2752 ct=10.9735 rec=1.2117 | train/val/test=0.990/0.747/0.736 | c=0.998437
[Epoch 0405] loss=11.6798 cls=0.0949 smmd=0.2711 ct=10.9766 rec=1.2115 | train/val/test=0.990/0.743/0.731 | c=0.998437
[Epoch 0406] loss=11.6725 cls=0.0957 smmd=0.2654 ct=10.9734 rec=1.2116 | train/val/test=0.990/0.742/0.730 | c=0.998437
[Epoch 0407] loss=11.6691 cls=0.0952 smmd=0.2641 ct=10.9721 rec=1.2130 | train/val/test=1.000/0.747/0.735 | c=0.998437
[Epoch 0408] loss=11.6811 cls=0.0957 smmd=0.2718 ct=10.9757 rec=1.2110 | train/val/test=1.000/0.742/0.733 | c=0.998437
[Epoch 0409] loss=11.6764 cls=0.0959 smmd=0.2685 ct=10.9739 rec=1.2117 | train/val/test=0.990/0.741/0.730 | c=0.998437
[Epoch 0410] loss=11.6772 cls=0.0962 smmd=0.2691 ct=10.9730 rec=1.2137 | train/val/test=0.990/0.744/0.731 | c=0.998437
[Epoch 0411] loss=11.6676 cls=0.0969 smmd=0.2557 ct=10.9760 rec=1.2104 | train/val/test=1.000/0.742/0.733 | c=0.998437
[Epoch 0412] loss=11.6739 cls=0.0960 smmd=0.2661 ct=10.9733 rec=1.2128 | train/val/test=1.000/0.742/0.730 | c=0.998437
[Epoch 0413] loss=11.6677 cls=0.0963 smmd=0.2606 ct=10.9719 rec=1.2129 | train/val/test=0.990/0.743/0.730 | c=0.998437
[Epoch 0414] loss=11.6648 cls=0.0978 smmd=0.2520 ct=10.9750 rec=1.2106 | train/val/test=1.000/0.740/0.732 | c=0.998437
[Epoch 0415] loss=11.6652 cls=0.0963 smmd=0.2577 ct=10.9722 rec=1.2135 | train/val/test=1.000/0.739/0.730 | c=0.998437
[Epoch 0416] loss=11.6674 cls=0.0972 smmd=0.2584 ct=10.9723 rec=1.2118 | train/val/test=1.000/0.741/0.730 | c=0.998437
[Epoch 0417] loss=11.6676 cls=0.0976 smmd=0.2558 ct=10.9743 rec=1.2114 | train/val/test=1.000/0.741/0.732 | c=0.998437
[Epoch 0418] loss=11.6645 cls=0.0967 smmd=0.2561 ct=10.9725 rec=1.2129 | train/val/test=1.000/0.741/0.731 | c=0.998437
[Epoch 0419] loss=11.6634 cls=0.0974 smmd=0.2530 ct=10.9733 rec=1.2117 | train/val/test=1.000/0.741/0.730 | c=0.998437
[Epoch 0420] loss=11.6572 cls=0.0975 smmd=0.2462 ct=10.9736 rec=1.2117 | train/val/test=1.000/0.742/0.730 | c=0.998437
[Epoch 0421] loss=11.6600 cls=0.0975 smmd=0.2506 ct=10.9719 rec=1.2121 | train/val/test=1.000/0.742/0.732 | c=0.998437
[Epoch 0422] loss=11.6573 cls=0.0971 smmd=0.2483 ct=10.9724 rec=1.2120 | train/val/test=1.000/0.740/0.730 | c=0.998437
[Epoch 0423] loss=11.6570 cls=0.0976 smmd=0.2465 ct=10.9731 rec=1.2111 | train/val/test=1.000/0.740/0.730 | c=0.998437
[Epoch 0424] loss=11.6558 cls=0.0974 smmd=0.2464 ct=10.9720 rec=1.2122 | train/val/test=1.000/0.741/0.731 | c=0.998437
[Epoch 0425] loss=11.6542 cls=0.0972 smmd=0.2445 ct=10.9730 rec=1.2117 | train/val/test=1.000/0.741/0.730 | c=0.998437
[Epoch 0426] loss=11.6499 cls=0.0976 smmd=0.2391 ct=10.9733 rec=1.2110 | train/val/test=1.000/0.739/0.729 | c=0.998437
[Epoch 0427] loss=11.6491 cls=0.0973 smmd=0.2413 ct=10.9708 rec=1.2125 | train/val/test=1.000/0.741/0.729 | c=0.998437
[Epoch 0428] loss=11.6503 cls=0.0974 smmd=0.2408 ct=10.9724 rec=1.2110 | train/val/test=1.000/0.740/0.730 | c=0.998437
[Epoch 0429] loss=11.6523 cls=0.0971 smmd=0.2433 ct=10.9724 rec=1.2114 | train/val/test=1.000/0.741/0.729 | c=0.998437
[Epoch 0430] loss=11.6461 cls=0.0973 smmd=0.2375 ct=10.9716 rec=1.2118 | train/val/test=1.000/0.740/0.729 | c=0.998437
[Epoch 0431] loss=11.6436 cls=0.0973 smmd=0.2346 ct=10.9722 rec=1.2109 | train/val/test=1.000/0.739/0.730 | c=0.998437
[Epoch 0432] loss=11.6444 cls=0.0969 smmd=0.2369 ct=10.9713 rec=1.2117 | train/val/test=1.000/0.741/0.729 | c=0.998437
[Epoch 0433] loss=11.6441 cls=0.0973 smmd=0.2362 ct=10.9710 rec=1.2114 | train/val/test=1.000/0.740/0.729 | c=0.998437
[Epoch 0434] loss=11.6409 cls=0.0971 smmd=0.2331 ct=10.9715 rec=1.2111 | train/val/test=1.000/0.739/0.730 | c=0.998437
[Epoch 0435] loss=11.6422 cls=0.0969 smmd=0.2354 ct=10.9707 rec=1.2117 | train/val/test=1.000/0.740/0.729 | c=0.998437
[Epoch 0436] loss=11.6405 cls=0.0969 smmd=0.2334 ct=10.9710 rec=1.2112 | train/val/test=1.000/0.740/0.729 | c=0.998437
[Epoch 0437] loss=11.6396 cls=0.0970 smmd=0.2320 ct=10.9714 rec=1.2112 | train/val/test=1.000/0.739/0.730 | c=0.998437
[Epoch 0438] loss=11.6428 cls=0.0966 smmd=0.2367 ct=10.9706 rec=1.2118 | train/val/test=1.000/0.740/0.729 | c=0.998437
[Epoch 0439] loss=11.6421 cls=0.0969 smmd=0.2351 ct=10.9709 rec=1.2110 | train/val/test=1.000/0.739/0.729 | c=0.998437
[Epoch 0440] loss=11.6377 cls=0.0966 smmd=0.2315 ct=10.9707 rec=1.2117 | train/val/test=1.000/0.740/0.730 | c=0.998437
[Epoch 0441] loss=11.6360 cls=0.0966 smmd=0.2296 ct=10.9710 rec=1.2112 | train/val/test=1.000/0.740/0.729 | c=0.998437
[Epoch 0442] loss=11.6323 cls=0.0965 smmd=0.2277 ct=10.9693 rec=1.2115 | train/val/test=1.000/0.739/0.729 | c=0.998437
[Epoch 0443] loss=11.6323 cls=0.0965 smmd=0.2286 ct=10.9685 rec=1.2117 | train/val/test=1.000/0.740/0.730 | c=0.998437
[Epoch 0444] loss=11.6376 cls=0.0963 smmd=0.2328 ct=10.9699 rec=1.2112 | train/val/test=1.000/0.739/0.729 | c=0.998437
[Epoch 0445] loss=11.6336 cls=0.0962 smmd=0.2290 ct=10.9698 rec=1.2118 | train/val/test=1.000/0.739/0.729 | c=0.998437
[Epoch 0446] loss=11.6347 cls=0.0963 smmd=0.2297 ct=10.9702 rec=1.2113 | train/val/test=1.000/0.739/0.730 | c=0.998437
[Epoch 0447] loss=11.6308 cls=0.0960 smmd=0.2269 ct=10.9695 rec=1.2115 | train/val/test=1.000/0.739/0.729 | c=0.998437
[Epoch 0448] loss=11.6322 cls=0.0960 smmd=0.2294 ct=10.9685 rec=1.2117 | train/val/test=1.000/0.741/0.729 | c=0.998437
[Epoch 0449] loss=11.6284 cls=0.0959 smmd=0.2257 ct=10.9687 rec=1.2114 | train/val/test=1.000/0.740/0.729 | c=0.998437
[Epoch 0450] loss=11.6274 cls=0.0960 smmd=0.2249 ct=10.9683 rec=1.2115 | train/val/test=1.000/0.740/0.730 | c=0.998437
[Epoch 0451] loss=11.6290 cls=0.0955 smmd=0.2271 ct=10.9685 rec=1.2120 | train/val/test=1.000/0.741/0.729 | c=0.998437
[Epoch 0452] loss=11.6272 cls=0.0961 smmd=0.2231 ct=10.9698 rec=1.2109 | train/val/test=1.000/0.738/0.730 | c=0.998437
[Epoch 0453] loss=11.6222 cls=0.0953 smmd=0.2217 ct=10.9674 rec=1.2125 | train/val/test=1.000/0.740/0.730 | c=0.998437
[Epoch 0454] loss=11.6257 cls=0.0961 smmd=0.2229 ct=10.9685 rec=1.2108 | train/val/test=1.000/0.739/0.730 | c=0.998437
[Epoch 0455] loss=11.6317 cls=0.0953 smmd=0.2317 ct=10.9670 rec=1.2126 | train/val/test=1.000/0.740/0.728 | c=0.998437
[Epoch 0456] loss=11.6275 cls=0.0968 smmd=0.2220 ct=10.9697 rec=1.2109 | train/val/test=1.000/0.738/0.730 | c=0.998437
[Epoch 0457] loss=11.6319 cls=0.0958 smmd=0.2293 ct=10.9684 rec=1.2136 | train/val/test=1.000/0.739/0.729 | c=0.998437
[Epoch 0458] loss=11.6382 cls=0.0996 smmd=0.2263 ct=10.9705 rec=1.2108 | train/val/test=0.990/0.733/0.727 | c=0.998437
[Epoch 0459] loss=11.6505 cls=0.0994 smmd=0.2395 ct=10.9687 rec=1.2175 | train/val/test=1.000/0.736/0.727 | c=0.998437
[Epoch 0460] loss=11.6743 cls=0.1121 smmd=0.2276 ct=10.9801 rec=1.2123 | train/val/test=0.980/0.717/0.710 | c=0.998437
[Epoch 0461] loss=11.7427 cls=0.1235 smmd=0.2675 ct=10.9813 rec=1.2345 | train/val/test=0.939/0.716/0.706 | c=0.998437
[Epoch 0462] loss=11.9357 cls=0.1931 smmd=0.2858 ct=11.0182 rec=1.2275 | train/val/test=0.838/0.415/0.425 | c=0.998437
[Epoch 0463] loss=12.6212 cls=0.3862 smmd=0.5017 ct=11.0902 rec=1.2849 | train/val/test=0.636/0.500/0.496 | c=0.998437
[Epoch 0464] loss=14.9000 cls=1.2729 smmd=0.8619 ct=11.2352 rec=1.2853 | train/val/test=0.515/0.274/0.278 | c=0.998437
[Epoch 0465] loss=17.7826 cls=2.3433 smmd=1.4822 ct=11.3536 rec=1.3011 | train/val/test=0.646/0.333/0.343 | c=0.998437
[Epoch 0466] loss=14.2570 cls=0.9504 smmd=0.8688 ct=11.2333 rec=1.2707 | train/val/test=0.323/0.391/0.371 | c=0.998437
[Epoch 0467] loss=18.1968 cls=2.5783 smmd=1.4578 ct=11.3104 rec=1.3601 | train/val/test=0.475/0.217/0.225 | c=0.998437
[Epoch 0468] loss=22.1404 cls=4.0330 smmd=2.3189 ct=11.4904 rec=1.3259 | train/val/test=0.152/0.068/0.071 | c=0.998437
[Epoch 0469] loss=28.6568 cls=6.9560 smmd=2.9132 ct=11.5169 rec=1.5736 | train/val/test=0.455/0.467/0.471 | c=0.998437
[Epoch 0470] loss=17.4426 cls=2.0060 smmd=1.7595 ct=11.4039 rec=1.3360 | train/val/test=0.131/0.047/0.042 | c=0.998437
[Epoch 0471] loss=32.9291 cls=8.9071 smmd=3.3198 ct=11.4896 rec=1.5272 | train/val/test=0.465/0.420/0.394 | c=0.998437
[Epoch 0472] loss=25.2995 cls=5.2384 smmd=3.0609 ct=11.5050 rec=1.2846 | train/val/test=0.424/0.126/0.128 | c=0.998437
[Epoch 0473] loss=20.1251 cls=3.1240 smmd=2.1901 ct=11.4110 rec=1.3802 | train/val/test=0.455/0.304/0.324 | c=0.998437
[Epoch 0474] loss=21.0238 cls=3.3404 smmd=2.6908 ct=11.3914 rec=1.3039 | train/val/test=0.354/0.193/0.195 | c=0.998437
[Epoch 0475] loss=27.1014 cls=6.0750 smmd=3.2739 ct=11.4203 rec=1.2863 | train/val/test=0.505/0.274/0.274 | c=0.998437
[Epoch 0476] loss=19.9788 cls=3.0190 smmd=2.4042 ct=11.2851 rec=1.2574 | train/val/test=0.838/0.641/0.627 | c=0.998437
[Epoch 0477] loss=13.9874 cls=0.5989 smmd=1.4677 ct=11.0829 rec=1.1955 | train/val/test=0.576/0.470/0.449 | c=0.998437
[Epoch 0478] loss=21.0507 cls=3.4621 smmd=2.4805 ct=11.4019 rec=1.2211 | train/val/test=0.606/0.472/0.464 | c=0.998437
[Epoch 0479] loss=20.5742 cls=3.2213 smmd=2.4709 ct=11.4160 rec=1.2236 | train/val/test=0.808/0.660/0.651 | c=0.998437
[Epoch 0480] loss=14.5746 cls=0.7314 smmd=1.6309 ct=11.2380 rec=1.2143 | train/val/test=0.798/0.432/0.444 | c=0.998437
[Epoch 0481] loss=14.2655 cls=0.6396 smmd=1.5591 ct=11.1794 rec=1.2387 | train/val/test=0.596/0.344/0.347 | c=0.998437
[Epoch 0482] loss=17.1611 cls=1.8512 smmd=1.9751 ct=11.2384 rec=1.2263 | train/val/test=0.747/0.378/0.381 | c=0.998437
[Epoch 0483] loss=15.0224 cls=0.9420 smmd=1.7229 ct=11.1747 rec=1.2039 | train/val/test=0.778/0.601/0.598 | c=0.998437
[Epoch 0484] loss=14.1605 cls=0.7620 smmd=1.3345 ct=11.0595 rec=1.2128 | train/val/test=0.818/0.641/0.638 | c=0.998437
[Epoch 0485] loss=13.8631 cls=0.5947 smmd=1.3102 ct=11.1276 rec=1.1795 | train/val/test=0.848/0.663/0.665 | c=0.998437
[Epoch 0486] loss=14.2901 cls=0.6192 smmd=1.6005 ct=11.2135 rec=1.1886 | train/val/test=0.818/0.683/0.667 | c=0.998437
[Epoch 0487] loss=14.5366 cls=0.6401 smmd=1.7659 ct=11.2499 rec=1.2029 | train/val/test=0.838/0.690/0.677 | c=0.998437
[Epoch 0488] loss=14.1159 cls=0.4956 smmd=1.6586 ct=11.2265 rec=1.1976 | train/val/test=0.889/0.711/0.697 | c=0.998437
[Epoch 0489] loss=13.4843 cls=0.3288 smmd=1.4277 ct=11.1615 rec=1.1886 | train/val/test=0.919/0.646/0.638 | c=0.998437
[Epoch 0490] loss=13.1783 cls=0.2748 smmd=1.3043 ct=11.0824 rec=1.2102 | train/val/test=0.919/0.539/0.534 | c=0.998437
[Epoch 0491] loss=13.2963 cls=0.3402 smmd=1.3282 ct=11.0448 rec=1.2147 | train/val/test=0.859/0.608/0.597 | c=0.998437
[Epoch 0492] loss=13.6197 cls=0.5014 smmd=1.3329 ct=11.0385 rec=1.2273 | train/val/test=0.909/0.690/0.686 | c=0.998437
[Epoch 0493] loss=13.2671 cls=0.3614 smmd=1.2492 ct=11.0564 rec=1.1934 | train/val/test=0.939/0.733/0.727 | c=0.998437
[Epoch 0494] loss=12.9950 cls=0.2291 smmd=1.2125 ct=11.0899 rec=1.1716 | train/val/test=0.949/0.745/0.739 | c=0.998437
[Epoch 0495] loss=12.9480 cls=0.1752 smmd=1.2567 ct=11.1071 rec=1.1692 | train/val/test=0.909/0.735/0.730 | c=0.998437
[Epoch 0496] loss=13.0499 cls=0.1940 smmd=1.3172 ct=11.1101 rec=1.1726 | train/val/test=0.919/0.709/0.701 | c=0.998437
[Epoch 0497] loss=13.1098 cls=0.2190 smmd=1.3357 ct=11.1009 rec=1.1754 | train/val/test=0.929/0.688/0.677 | c=0.998437
[Epoch 0498] loss=13.0661 cls=0.2274 smmd=1.2934 ct=11.0816 rec=1.1812 | train/val/test=0.929/0.684/0.671 | c=0.998437
[Epoch 0499] loss=12.9187 cls=0.2077 smmd=1.2110 ct=11.0553 rec=1.1847 | train/val/test=0.960/0.707/0.696 | c=0.998437
=== Best @ epoch 366: val=0.7604, test=0.7531 ===
[2025-09-20 04:40:59] END attempt 1: exit_code=0
