[2025-09-20 04:51:53] START attempt 1: python main.py --is_transfer True --test_dataset CiteSeer --pretrained_model_name /mnt/data1/Graph/HypGraphLoRA/pre_trained_gnn/Computers.GRACE.GAT.hyp_True.True.20250912-232538.pth --few True --shot 5 --gpu_id 0
Parsed from filename: Pretrained backbone is Hyperbolic.
Pretrain dataset overridden by checkpoint: PubMed -> Computers
Split sizes | train=26, val=500, test=1000 (mode=few, shot=5)
[Epoch 0000] loss=19.7198 cls=1.7918 smmd=4.0431 ct=9.4856 rec=1.3917 | train/val/test=0.423/0.228/0.274 | c=0.998347
[Epoch 0001] loss=19.5127 cls=1.7672 smmd=3.6722 ct=9.4812 rec=1.3917 | train/val/test=0.462/0.280/0.304 | c=0.998347
[Epoch 0002] loss=18.8718 cls=1.7344 smmd=2.6620 ct=9.3684 rec=1.3917 | train/val/test=0.692/0.330/0.375 | c=0.998347
[Epoch 0003] loss=18.7048 cls=1.6813 smmd=2.5502 ct=9.2948 rec=1.3916 | train/val/test=0.654/0.324/0.358 | c=0.998347
[Epoch 0004] loss=18.3309 cls=1.6026 smmd=2.1719 ct=9.1662 rec=1.3914 | train/val/test=0.846/0.384/0.442 | c=0.998347
[Epoch 0005] loss=17.8653 cls=1.5119 smmd=1.6212 ct=9.0442 rec=1.3904 | train/val/test=0.885/0.456/0.489 | c=0.998347
[Epoch 0006] loss=17.8323 cls=1.4271 smmd=1.6690 ct=9.0524 rec=1.3893 | train/val/test=0.923/0.504/0.550 | c=0.998347
[Epoch 0007] loss=17.6310 cls=1.3298 smmd=1.4827 ct=9.0209 rec=1.3876 | train/val/test=0.962/0.546/0.565 | c=0.998347
[Epoch 0008] loss=17.4532 cls=1.2426 smmd=1.2547 ct=9.0266 rec=1.3859 | train/val/test=0.962/0.554/0.575 | c=0.998347
[Epoch 0009] loss=17.3508 cls=1.1625 smmd=1.1885 ct=9.0218 rec=1.3842 | train/val/test=1.000/0.546/0.557 | c=0.998347
[Epoch 0010] loss=17.9116 cls=1.0920 smmd=1.2057 ct=9.6302 rec=1.3828 | train/val/test=0.962/0.560/0.568 | c=0.998347
[Epoch 0011] loss=17.7481 cls=1.0338 smmd=1.1539 ct=9.5374 rec=1.3820 | train/val/test=1.000/0.614/0.607 | c=0.998347
[Epoch 0012] loss=17.6615 cls=0.9743 smmd=1.2038 ct=9.4708 rec=1.3814 | train/val/test=1.000/0.612/0.607 | c=0.998347
[Epoch 0013] loss=17.6071 cls=0.9218 smmd=1.1377 ct=9.4871 rec=1.3812 | train/val/test=1.000/0.582/0.579 | c=0.998347
[Epoch 0014] loss=17.4940 cls=0.8722 smmd=0.8778 ct=9.5403 rec=1.3809 | train/val/test=1.000/0.552/0.556 | c=0.998347
[Epoch 0015] loss=17.4327 cls=0.8232 smmd=0.7565 ct=9.5770 rec=1.3802 | train/val/test=1.000/0.570/0.588 | c=0.998347
[Epoch 0016] loss=17.3706 cls=0.7777 smmd=0.7410 ct=9.5576 rec=1.3796 | train/val/test=1.000/0.586/0.577 | c=0.998347
[Epoch 0017] loss=17.3193 cls=0.7316 smmd=0.8092 ct=9.5104 rec=1.3784 | train/val/test=1.000/0.578/0.587 | c=0.998347
[Epoch 0018] loss=17.2440 cls=0.6792 smmd=0.7904 ct=9.4927 rec=1.3761 | train/val/test=1.000/0.590/0.586 | c=0.998347
[Epoch 0019] loss=17.1673 cls=0.6304 smmd=0.6758 ct=9.5198 rec=1.3737 | train/val/test=1.000/0.606/0.587 | c=0.998347
[Epoch 0020] loss=17.1017 cls=0.5840 smmd=0.6059 ct=9.5379 rec=1.3704 | train/val/test=1.000/0.576/0.593 | c=0.998347
[Epoch 0021] loss=17.0355 cls=0.5390 smmd=0.5601 ct=9.5429 rec=1.3670 | train/val/test=1.000/0.608/0.583 | c=0.998347
[Epoch 0022] loss=16.9697 cls=0.4979 smmd=0.5425 ct=9.5384 rec=1.3623 | train/val/test=1.000/0.632/0.602 | c=0.998347
[Epoch 0023] loss=16.8927 cls=0.4583 smmd=0.5115 ct=9.5294 rec=1.3573 | train/val/test=1.000/0.608/0.597 | c=0.998347
[Epoch 0024] loss=16.8434 cls=0.4234 smmd=0.5198 ct=9.5256 rec=1.3523 | train/val/test=1.000/0.624/0.587 | c=0.998347
[Epoch 0025] loss=16.7847 cls=0.3932 smmd=0.4806 ct=9.5359 rec=1.3466 | train/val/test=1.000/0.632/0.612 | c=0.998347
[Epoch 0026] loss=16.7267 cls=0.3651 smmd=0.4472 ct=9.5403 rec=1.3415 | train/val/test=1.000/0.622/0.585 | c=0.998347
[Epoch 0027] loss=16.6699 cls=0.3406 smmd=0.4294 ct=9.5368 rec=1.3360 | train/val/test=1.000/0.624/0.583 | c=0.998347
[Epoch 0028] loss=16.6196 cls=0.3187 smmd=0.3970 ct=9.5433 rec=1.3309 | train/val/test=1.000/0.634/0.603 | c=0.998347
[Epoch 0029] loss=16.5816 cls=0.2992 smmd=0.3880 ct=9.5457 rec=1.3265 | train/val/test=1.000/0.622/0.588 | c=0.998347
[Epoch 0030] loss=16.5427 cls=0.2820 smmd=0.3906 ct=9.5404 rec=1.3219 | train/val/test=1.000/0.634/0.606 | c=0.998347
[Epoch 0031] loss=16.5036 cls=0.2644 smmd=0.3809 ct=9.5381 rec=1.3180 | train/val/test=1.000/0.648/0.606 | c=0.998347
[Epoch 0032] loss=16.4707 cls=0.2493 smmd=0.3584 ct=9.5469 rec=1.3140 | train/val/test=1.000/0.652/0.612 | c=0.998347
[Epoch 0033] loss=16.4362 cls=0.2351 smmd=0.3331 ct=9.5545 rec=1.3101 | train/val/test=1.000/0.654/0.613 | c=0.998347
[Epoch 0034] loss=16.4067 cls=0.2226 smmd=0.3311 ct=9.5502 rec=1.3070 | train/val/test=1.000/0.648/0.624 | c=0.998347
[Epoch 0035] loss=16.3759 cls=0.2113 smmd=0.3229 ct=9.5505 rec=1.3032 | train/val/test=1.000/0.656/0.613 | c=0.998347
[Epoch 0036] loss=16.3564 cls=0.2000 smmd=0.3394 ct=9.5456 rec=1.3002 | train/val/test=1.000/0.656/0.626 | c=0.998347
[Epoch 0037] loss=16.3202 cls=0.1892 smmd=0.3046 ct=9.5548 rec=1.2961 | train/val/test=1.000/0.660/0.625 | c=0.998347
[Epoch 0038] loss=16.2991 cls=0.1801 smmd=0.3044 ct=9.5566 rec=1.2929 | train/val/test=1.000/0.658/0.631 | c=0.998347
[Epoch 0039] loss=16.2702 cls=0.1708 smmd=0.3029 ct=9.5593 rec=1.2880 | train/val/test=1.000/0.656/0.630 | c=0.998347
[Epoch 0040] loss=16.2490 cls=0.1643 smmd=0.3216 ct=9.5467 rec=1.2853 | train/val/test=1.000/0.660/0.637 | c=0.998347
[Epoch 0041] loss=16.2287 cls=0.1548 smmd=0.3089 ct=9.5685 rec=1.2795 | train/val/test=1.000/0.642/0.630 | c=0.998347
[Epoch 0042] loss=16.2114 cls=0.1537 smmd=0.3195 ct=9.5537 rec=1.2781 | train/val/test=1.000/0.652/0.648 | c=0.998347
[Epoch 0043] loss=16.2184 cls=0.1422 smmd=0.3373 ct=9.5927 rec=1.2715 | train/val/test=1.000/0.638/0.620 | c=0.998347
[Epoch 0044] loss=16.1943 cls=0.1441 smmd=0.3766 ct=9.5563 rec=1.2698 | train/val/test=1.000/0.648/0.649 | c=0.998347
[Epoch 0045] loss=16.1598 cls=0.1279 smmd=0.3528 ct=9.5908 rec=1.2606 | train/val/test=1.000/0.650/0.638 | c=0.998347
[Epoch 0046] loss=16.0829 cls=0.1224 smmd=0.3286 ct=9.5578 rec=1.2550 | train/val/test=1.000/0.652/0.641 | c=0.998347
[Epoch 0047] loss=16.0614 cls=0.1179 smmd=0.3363 ct=9.5614 rec=1.2499 | train/val/test=1.000/0.648/0.646 | c=0.998347
[Epoch 0048] loss=16.0633 cls=0.1134 smmd=0.3241 ct=9.5845 rec=1.2475 | train/val/test=1.000/0.640/0.642 | c=0.998347
[Epoch 0049] loss=16.0465 cls=0.1179 smmd=0.3450 ct=9.5582 rec=1.2467 | train/val/test=1.000/0.644/0.652 | c=0.998347
[Epoch 0050] loss=16.0250 cls=0.1093 smmd=0.3125 ct=9.5793 rec=1.2426 | train/val/test=1.000/0.646/0.652 | c=0.998347
[Epoch 0051] loss=15.9897 cls=0.1071 smmd=0.3065 ct=9.5623 rec=1.2398 | train/val/test=1.000/0.636/0.649 | c=0.998347
[Epoch 0052] loss=15.9778 cls=0.1063 smmd=0.3094 ct=9.5604 rec=1.2377 | train/val/test=1.000/0.646/0.656 | c=0.998347
[Epoch 0053] loss=15.9791 cls=0.1004 smmd=0.2916 ct=9.5794 rec=1.2367 | train/val/test=1.000/0.634/0.652 | c=0.998347
[Epoch 0054] loss=15.9753 cls=0.1043 smmd=0.3286 ct=9.5624 rec=1.2351 | train/val/test=1.000/0.634/0.655 | c=0.998347
[Epoch 0055] loss=15.9621 cls=0.0929 smmd=0.3065 ct=9.5825 rec=1.2323 | train/val/test=1.000/0.634/0.655 | c=0.998347
[Epoch 0056] loss=15.9333 cls=0.0929 smmd=0.3315 ct=9.5587 rec=1.2288 | train/val/test=1.000/0.638/0.652 | c=0.998347
[Epoch 0057] loss=15.9052 cls=0.0868 smmd=0.2927 ct=9.5714 rec=1.2253 | train/val/test=1.000/0.634/0.652 | c=0.998347
[Epoch 0058] loss=15.8990 cls=0.0848 smmd=0.2938 ct=9.5716 rec=1.2242 | train/val/test=1.000/0.640/0.650 | c=0.998347
[Epoch 0059] loss=15.9042 cls=0.0906 smmd=0.3178 ct=9.5658 rec=1.2232 | train/val/test=1.000/0.640/0.658 | c=0.998347
[Epoch 0060] loss=15.9039 cls=0.0836 smmd=0.3002 ct=9.5779 rec=1.2235 | train/val/test=1.000/0.642/0.653 | c=0.998347
[Epoch 0061] loss=15.9027 cls=0.0913 smmd=0.3278 ct=9.5666 rec=1.2216 | train/val/test=1.000/0.640/0.652 | c=0.998347
[Epoch 0062] loss=15.8809 cls=0.0782 smmd=0.3021 ct=9.5765 rec=1.2197 | train/val/test=1.000/0.642/0.651 | c=0.998347
[Epoch 0063] loss=15.8559 cls=0.0791 smmd=0.3013 ct=9.5692 rec=1.2161 | train/val/test=1.000/0.636/0.646 | c=0.998347
[Epoch 0064] loss=15.8390 cls=0.0730 smmd=0.2990 ct=9.5668 rec=1.2143 | train/val/test=1.000/0.650/0.649 | c=0.998347
[Epoch 0065] loss=15.8345 cls=0.0727 smmd=0.2837 ct=9.5757 rec=1.2132 | train/val/test=1.000/0.644/0.649 | c=0.998347
[Epoch 0066] loss=15.8475 cls=0.0787 smmd=0.3192 ct=9.5622 rec=1.2141 | train/val/test=1.000/0.642/0.650 | c=0.998347
[Epoch 0067] loss=15.8797 cls=0.0747 smmd=0.3201 ct=9.5936 rec=1.2147 | train/val/test=1.000/0.642/0.650 | c=0.998347
[Epoch 0068] loss=15.8869 cls=0.0839 smmd=0.3522 ct=9.5724 rec=1.2159 | train/val/test=1.000/0.640/0.650 | c=0.998347
[Epoch 0069] loss=15.9224 cls=0.0748 smmd=0.3753 ct=9.6113 rec=1.2142 | train/val/test=1.000/0.640/0.645 | c=0.998347
[Epoch 0070] loss=15.8775 cls=0.0722 smmd=0.3822 ct=9.5811 rec=1.2110 | train/val/test=1.000/0.634/0.647 | c=0.998347
[Epoch 0071] loss=15.8304 cls=0.0694 smmd=0.3636 ct=9.5831 rec=1.2034 | train/val/test=1.000/0.644/0.651 | c=0.998347
[Epoch 0072] loss=15.8184 cls=0.0574 smmd=0.3536 ct=9.5891 rec=1.2025 | train/val/test=1.000/0.640/0.650 | c=0.998347
[Epoch 0073] loss=15.8073 cls=0.0654 smmd=0.3571 ct=9.5696 rec=1.2027 | train/val/test=1.000/0.636/0.651 | c=0.998347
[Epoch 0074] loss=15.8060 cls=0.0617 smmd=0.3224 ct=9.5862 rec=1.2031 | train/val/test=1.000/0.644/0.643 | c=0.998347
[Epoch 0075] loss=15.8255 cls=0.0674 smmd=0.3378 ct=9.5792 rec=1.2060 | train/val/test=1.000/0.632/0.652 | c=0.998347
[Epoch 0076] loss=15.8574 cls=0.0811 smmd=0.3664 ct=9.5818 rec=1.2071 | train/val/test=1.000/0.654/0.652 | c=0.998347
[Epoch 0077] loss=15.8706 cls=0.0699 smmd=0.3464 ct=9.5970 rec=1.2103 | train/val/test=1.000/0.634/0.655 | c=0.998347
[Epoch 0078] loss=15.8494 cls=0.0764 smmd=0.3779 ct=9.5812 rec=1.2051 | train/val/test=1.000/0.644/0.646 | c=0.998347
[Epoch 0079] loss=15.7610 cls=0.0528 smmd=0.3080 ct=9.5745 rec=1.1991 | train/val/test=1.000/0.644/0.649 | c=0.998347
[Epoch 0080] loss=15.7491 cls=0.0520 smmd=0.3000 ct=9.5762 rec=1.1973 | train/val/test=1.000/0.632/0.648 | c=0.998347
[Epoch 0081] loss=15.7964 cls=0.0615 smmd=0.3599 ct=9.5787 rec=1.1989 | train/val/test=1.000/0.644/0.652 | c=0.998347
[Epoch 0082] loss=15.7888 cls=0.0577 smmd=0.3213 ct=9.5844 rec=1.2007 | train/val/test=1.000/0.632/0.643 | c=0.998347
[Epoch 0083] loss=15.7560 cls=0.0614 smmd=0.3060 ct=9.5686 rec=1.1983 | train/val/test=1.000/0.632/0.641 | c=0.998347
[Epoch 0084] loss=15.7508 cls=0.0626 smmd=0.2863 ct=9.5672 rec=1.1993 | train/val/test=1.000/0.640/0.647 | c=0.998347
[Epoch 0085] loss=15.7759 cls=0.0631 smmd=0.2720 ct=9.5833 rec=1.2025 | train/val/test=1.000/0.638/0.647 | c=0.998347
[Epoch 0086] loss=15.8223 cls=0.0803 smmd=0.3426 ct=9.5716 rec=1.2046 | train/val/test=1.000/0.650/0.650 | c=0.998347
[Epoch 0087] loss=15.8406 cls=0.0617 smmd=0.3344 ct=9.6011 rec=1.2058 | train/val/test=1.000/0.636/0.647 | c=0.998347
[Epoch 0088] loss=15.8070 cls=0.0646 smmd=0.3728 ct=9.5765 rec=1.1998 | train/val/test=1.000/0.636/0.646 | c=0.998347
[Epoch 0089] loss=15.7247 cls=0.0461 smmd=0.3084 ct=9.5745 rec=1.1927 | train/val/test=1.000/0.642/0.650 | c=0.998347
[Epoch 0090] loss=15.7209 cls=0.0470 smmd=0.2804 ct=9.5834 rec=1.1929 | train/val/test=1.000/0.640/0.650 | c=0.998347
[Epoch 0091] loss=15.7789 cls=0.0589 smmd=0.3698 ct=9.5737 rec=1.1958 | train/val/test=1.000/0.640/0.650 | c=0.998347
[Epoch 0092] loss=15.7572 cls=0.0542 smmd=0.3177 ct=9.5786 rec=1.1964 | train/val/test=1.000/0.636/0.640 | c=0.998347
[Epoch 0093] loss=15.7262 cls=0.0585 smmd=0.2682 ct=9.5724 rec=1.1957 | train/val/test=1.000/0.636/0.641 | c=0.998347
[Epoch 0094] loss=15.7452 cls=0.0656 smmd=0.2781 ct=9.5679 rec=1.1985 | train/val/test=1.000/0.634/0.646 | c=0.998347
[Epoch 0095] loss=15.8066 cls=0.0631 smmd=0.3128 ct=9.5893 rec=1.2034 | train/val/test=1.000/0.636/0.641 | c=0.998347
[Epoch 0096] loss=15.8666 cls=0.0823 smmd=0.3891 ct=9.5828 rec=1.2063 | train/val/test=1.000/0.624/0.645 | c=0.998347
[Epoch 0097] loss=15.9437 cls=0.0619 smmd=0.4490 ct=9.6380 rec=1.2076 | train/val/test=1.000/0.648/0.638 | c=0.998347
[Epoch 0098] loss=15.8328 cls=0.0563 smmd=0.4181 ct=9.6010 rec=1.1967 | train/val/test=1.000/0.628/0.648 | c=0.998347
[Epoch 0099] loss=15.7898 cls=0.0535 smmd=0.4549 ct=9.5796 rec=1.1891 | train/val/test=1.000/0.630/0.645 | c=0.998347
[Epoch 0100] loss=15.7165 cls=0.0352 smmd=0.3635 ct=9.5940 rec=1.1832 | train/val/test=1.000/0.646/0.646 | c=0.998347
[Epoch 0101] loss=15.7252 cls=0.0404 smmd=0.3581 ct=9.5875 rec=1.1861 | train/val/test=1.000/0.632/0.649 | c=0.998347
[Epoch 0102] loss=15.8106 cls=0.0611 smmd=0.4432 ct=9.5800 rec=1.1932 | train/val/test=1.000/0.626/0.647 | c=0.998347
[Epoch 0103] loss=15.7478 cls=0.0550 smmd=0.3044 ct=9.5857 rec=1.1943 | train/val/test=1.000/0.644/0.641 | c=0.998347
[Epoch 0104] loss=15.7438 cls=0.0590 smmd=0.2938 ct=9.5710 rec=1.1969 | train/val/test=1.000/0.624/0.649 | c=0.998347
[Epoch 0105] loss=15.8367 cls=0.0810 smmd=0.3723 ct=9.5809 rec=1.2026 | train/val/test=1.000/0.648/0.645 | c=0.998347
[Epoch 0106] loss=15.8865 cls=0.0723 smmd=0.3773 ct=9.6095 rec=1.2075 | train/val/test=1.000/0.612/0.647 | c=0.998347
[Epoch 0107] loss=15.8601 cls=0.0706 smmd=0.4141 ct=9.6027 rec=1.2002 | train/val/test=1.000/0.648/0.644 | c=0.998347
[Epoch 0108] loss=15.8066 cls=0.0486 smmd=0.4157 ct=9.5888 rec=1.1952 | train/val/test=1.000/0.646/0.651 | c=0.998347
[Epoch 0109] loss=15.8078 cls=0.0387 smmd=0.4219 ct=9.6178 rec=1.1904 | train/val/test=1.000/0.626/0.649 | c=0.998347
[Epoch 0110] loss=15.7447 cls=0.0449 smmd=0.3944 ct=9.5903 rec=1.1852 | train/val/test=1.000/0.632/0.640 | c=0.998347
[Epoch 0111] loss=15.8307 cls=0.0494 smmd=0.4833 ct=9.5836 rec=1.1942 | train/val/test=1.000/0.640/0.650 | c=0.998347
[Epoch 0112] loss=15.9008 cls=0.0523 smmd=0.4787 ct=9.6369 rec=1.1976 | train/val/test=1.000/0.620/0.645 | c=0.998347
[Epoch 0113] loss=15.7395 cls=0.0562 smmd=0.3486 ct=9.5836 rec=1.1885 | train/val/test=1.000/0.634/0.634 | c=0.998347
[Epoch 0114] loss=16.0282 cls=0.0912 smmd=0.5639 ct=9.6057 rec=1.2154 | train/val/test=1.000/0.614/0.629 | c=0.998347
[Epoch 0115] loss=16.2173 cls=0.0903 smmd=0.7023 ct=9.7168 rec=1.2172 | train/val/test=1.000/0.638/0.643 | c=0.998347
[Epoch 0116] loss=15.7522 cls=0.0396 smmd=0.4173 ct=9.6016 rec=1.1828 | train/val/test=1.000/0.628/0.622 | c=0.998347
[Epoch 0117] loss=16.1878 cls=0.0888 smmd=0.7823 ct=9.6235 rec=1.2222 | train/val/test=1.000/0.624/0.641 | c=0.998347
[Epoch 0118] loss=15.7845 cls=0.0329 smmd=0.5085 ct=9.6241 rec=1.1766 | train/val/test=1.000/0.632/0.647 | c=0.998347
[Epoch 0119] loss=16.0079 cls=0.0340 smmd=0.7127 ct=9.6979 rec=1.1860 | train/val/test=1.000/0.638/0.639 | c=0.998347
[Epoch 0120] loss=15.6960 cls=0.0275 smmd=0.4536 ct=9.5840 rec=1.1732 | train/val/test=1.000/0.624/0.630 | c=0.998347
[Epoch 0121] loss=16.0240 cls=0.0540 smmd=0.7335 ct=9.6035 rec=1.2032 | train/val/test=1.000/0.626/0.643 | c=0.998347
[Epoch 0122] loss=15.7351 cls=0.0448 smmd=0.4284 ct=9.5880 rec=1.1803 | train/val/test=1.000/0.642/0.646 | c=0.998347
[Epoch 0123] loss=15.9902 cls=0.0684 smmd=0.5736 ct=9.6576 rec=1.1996 | train/val/test=1.000/0.640/0.640 | c=0.998347
[Epoch 0124] loss=15.7235 cls=0.0522 smmd=0.3935 ct=9.5621 rec=1.1856 | train/val/test=1.000/0.632/0.647 | c=0.998347
[Epoch 0125] loss=15.9451 cls=0.0918 smmd=0.5569 ct=9.5909 rec=1.2023 | train/val/test=1.000/0.632/0.640 | c=0.998347
[Epoch 0126] loss=15.8453 cls=0.0542 smmd=0.4253 ct=9.6188 rec=1.1952 | train/val/test=1.000/0.644/0.653 | c=0.998347
[Epoch 0127] loss=15.8328 cls=0.0482 smmd=0.4254 ct=9.6105 rec=1.1952 | train/val/test=1.000/0.634/0.647 | c=0.998347
[Epoch 0128] loss=15.8915 cls=0.0607 smmd=0.5597 ct=9.5870 rec=1.1964 | train/val/test=1.000/0.630/0.641 | c=0.998347
[Epoch 0129] loss=15.7272 cls=0.0406 smmd=0.4077 ct=9.5720 rec=1.1846 | train/val/test=1.000/0.646/0.652 | c=0.998347
[Epoch 0130] loss=15.9005 cls=0.0466 smmd=0.5055 ct=9.6320 rec=1.1966 | train/val/test=1.000/0.634/0.641 | c=0.998347
[Epoch 0131] loss=15.6988 cls=0.0404 smmd=0.3593 ct=9.5768 rec=1.1828 | train/val/test=1.000/0.630/0.643 | c=0.998347
[Epoch 0132] loss=15.8525 cls=0.0573 smmd=0.5245 ct=9.5833 rec=1.1934 | train/val/test=1.000/0.632/0.644 | c=0.998347
[Epoch 0133] loss=15.7153 cls=0.0481 smmd=0.3290 ct=9.5756 rec=1.1883 | train/val/test=1.000/0.640/0.648 | c=0.998347
[Epoch 0134] loss=15.8225 cls=0.0589 smmd=0.3836 ct=9.6044 rec=1.1970 | train/val/test=1.000/0.626/0.641 | c=0.998347
[Epoch 0135] loss=15.8201 cls=0.0711 smmd=0.4153 ct=9.5767 rec=1.1972 | train/val/test=1.000/0.634/0.638 | c=0.998347
[Epoch 0136] loss=15.7222 cls=0.0557 smmd=0.3222 ct=9.5610 rec=1.1922 | train/val/test=1.000/0.640/0.650 | c=0.998347
[Epoch 0137] loss=15.8331 cls=0.0571 smmd=0.3655 ct=9.6123 rec=1.1996 | train/val/test=1.000/0.630/0.639 | c=0.998347
[Epoch 0138] loss=15.7505 cls=0.0540 smmd=0.3676 ct=9.5684 rec=1.1921 | train/val/test=1.000/0.634/0.638 | c=0.998347
[Epoch 0139] loss=15.7420 cls=0.0490 smmd=0.3616 ct=9.5678 rec=1.1918 | train/val/test=1.000/0.632/0.644 | c=0.998347
[Epoch 0140] loss=15.7824 cls=0.0484 smmd=0.3474 ct=9.6071 rec=1.1935 | train/val/test=1.000/0.632/0.638 | c=0.998347
[Epoch 0141] loss=15.6890 cls=0.0449 smmd=0.2989 ct=9.5702 rec=1.1876 | train/val/test=1.000/0.628/0.641 | c=0.998347
[Epoch 0142] loss=15.7836 cls=0.0564 smmd=0.3973 ct=9.5704 rec=1.1950 | train/val/test=1.000/0.620/0.641 | c=0.998347
[Epoch 0143] loss=15.7662 cls=0.0541 smmd=0.3353 ct=9.5967 rec=1.1928 | train/val/test=1.000/0.638/0.647 | c=0.998347
[Epoch 0144] loss=15.7363 cls=0.0522 smmd=0.2940 ct=9.5860 rec=1.1934 | train/val/test=1.000/0.632/0.645 | c=0.998347
[Epoch 0145] loss=15.8128 cls=0.0710 smmd=0.4080 ct=9.5724 rec=1.1973 | train/val/test=1.000/0.620/0.644 | c=0.998347
[Epoch 0146] loss=15.7241 cls=0.0511 smmd=0.2940 ct=9.5833 rec=1.1916 | train/val/test=1.000/0.632/0.642 | c=0.998347
[Epoch 0147] loss=15.7594 cls=0.0486 smmd=0.3446 ct=9.5828 rec=1.1940 | train/val/test=1.000/0.626/0.642 | c=0.998347
[Epoch 0148] loss=15.7628 cls=0.0547 smmd=0.3718 ct=9.5763 rec=1.1925 | train/val/test=1.000/0.624/0.639 | c=0.998347
[Epoch 0149] loss=15.6940 cls=0.0463 smmd=0.2925 ct=9.5714 rec=1.1888 | train/val/test=1.000/0.632/0.644 | c=0.998347
[Epoch 0150] loss=15.7742 cls=0.0494 smmd=0.3621 ct=9.5872 rec=1.1943 | train/val/test=1.000/0.624/0.640 | c=0.998347
[Epoch 0151] loss=15.7254 cls=0.0538 smmd=0.3180 ct=9.5741 rec=1.1909 | train/val/test=1.000/0.628/0.636 | c=0.998347
[Epoch 0152] loss=15.7036 cls=0.0510 smmd=0.3064 ct=9.5630 rec=1.1903 | train/val/test=1.000/0.630/0.644 | c=0.998347
[Epoch 0153] loss=15.7577 cls=0.0530 smmd=0.3202 ct=9.5914 rec=1.1938 | train/val/test=1.000/0.620/0.639 | c=0.998347
[Epoch 0154] loss=15.7078 cls=0.0554 smmd=0.2931 ct=9.5694 rec=1.1906 | train/val/test=1.000/0.628/0.639 | c=0.998347
[Epoch 0155] loss=15.7229 cls=0.0540 smmd=0.3269 ct=9.5616 rec=1.1920 | train/val/test=1.000/0.628/0.645 | c=0.998347
[Epoch 0156] loss=15.7527 cls=0.0529 smmd=0.3037 ct=9.5972 rec=1.1933 | train/val/test=1.000/0.628/0.637 | c=0.998347
[Epoch 0157] loss=15.6930 cls=0.0499 smmd=0.2883 ct=9.5639 rec=1.1900 | train/val/test=1.000/0.628/0.638 | c=0.998347
[Epoch 0158] loss=15.7035 cls=0.0510 smmd=0.3006 ct=9.5624 rec=1.1910 | train/val/test=1.000/0.624/0.643 | c=0.998347
[Epoch 0159] loss=15.7278 cls=0.0509 smmd=0.2827 ct=9.5909 rec=1.1920 | train/val/test=1.000/0.630/0.635 | c=0.998347
[Epoch 0160] loss=15.6961 cls=0.0487 smmd=0.2958 ct=9.5627 rec=1.1903 | train/val/test=1.000/0.622/0.638 | c=0.998347
[Epoch 0161] loss=15.7052 cls=0.0530 smmd=0.2903 ct=9.5679 rec=1.1910 | train/val/test=1.000/0.624/0.642 | c=0.998347
[Epoch 0162] loss=15.7161 cls=0.0510 smmd=0.2754 ct=9.5832 rec=1.1919 | train/val/test=1.000/0.628/0.637 | c=0.998347
[Epoch 0163] loss=15.6943 cls=0.0519 smmd=0.2821 ct=9.5620 rec=1.1910 | train/val/test=1.000/0.622/0.638 | c=0.998347
[Epoch 0164] loss=15.7022 cls=0.0537 smmd=0.2678 ct=9.5717 rec=1.1918 | train/val/test=1.000/0.628/0.639 | c=0.998347
[Epoch 0165] loss=15.7220 cls=0.0518 smmd=0.2853 ct=9.5783 rec=1.1930 | train/val/test=1.000/0.622/0.639 | c=0.998347
[Epoch 0166] loss=15.7039 cls=0.0529 smmd=0.2652 ct=9.5735 rec=1.1922 | train/val/test=1.000/0.620/0.640 | c=0.998347
[Epoch 0167] loss=15.7209 cls=0.0551 smmd=0.3009 ct=9.5705 rec=1.1923 | train/val/test=1.000/0.638/0.645 | c=0.998347
[Epoch 0168] loss=15.7635 cls=0.0530 smmd=0.3166 ct=9.5956 rec=1.1945 | train/val/test=1.000/0.616/0.646 | c=0.998347
[Epoch 0169] loss=15.7803 cls=0.0597 smmd=0.3699 ct=9.5863 rec=1.1935 | train/val/test=1.000/0.634/0.642 | c=0.998347
[Epoch 0170] loss=15.7760 cls=0.0494 smmd=0.3757 ct=9.5914 rec=1.1924 | train/val/test=1.000/0.630/0.645 | c=0.998347
[Epoch 0171] loss=15.7055 cls=0.0452 smmd=0.3066 ct=9.5855 rec=1.1870 | train/val/test=1.000/0.630/0.637 | c=0.998347
[Epoch 0172] loss=15.6651 cls=0.0429 smmd=0.2843 ct=9.5688 rec=1.1848 | train/val/test=1.000/0.630/0.640 | c=0.998347
[Epoch 0173] loss=15.7131 cls=0.0467 smmd=0.3205 ct=9.5742 rec=1.1892 | train/val/test=1.000/0.622/0.648 | c=0.998347
[Epoch 0174] loss=15.7645 cls=0.0571 smmd=0.3234 ct=9.5942 rec=1.1937 | train/val/test=1.000/0.636/0.645 | c=0.998347
[Epoch 0175] loss=15.7907 cls=0.0620 smmd=0.3374 ct=9.5924 rec=1.1972 | train/val/test=1.000/0.612/0.642 | c=0.998347
[Epoch 0176] loss=15.7759 cls=0.0636 smmd=0.3489 ct=9.5811 rec=1.1952 | train/val/test=1.000/0.642/0.650 | c=0.998347
[Epoch 0177] loss=15.7669 cls=0.0510 smmd=0.3320 ct=9.6010 rec=1.1929 | train/val/test=1.000/0.626/0.639 | c=0.998347
[Epoch 0178] loss=15.6827 cls=0.0448 smmd=0.3129 ct=9.5657 rec=1.1858 | train/val/test=1.000/0.624/0.639 | c=0.998347
[Epoch 0179] loss=15.6652 cls=0.0416 smmd=0.2871 ct=9.5714 rec=1.1842 | train/val/test=1.000/0.638/0.647 | c=0.998347
[Epoch 0180] loss=15.7241 cls=0.0440 smmd=0.3162 ct=9.5923 rec=1.1886 | train/val/test=1.000/0.628/0.640 | c=0.998347
[Epoch 0181] loss=15.7150 cls=0.0506 smmd=0.3198 ct=9.5712 rec=1.1897 | train/val/test=1.000/0.628/0.639 | c=0.998347
[Epoch 0182] loss=15.6953 cls=0.0506 smmd=0.2722 ct=9.5724 rec=1.1903 | train/val/test=1.000/0.632/0.642 | c=0.998347
[Epoch 0183] loss=15.7033 cls=0.0521 smmd=0.2709 ct=9.5756 rec=1.1912 | train/val/test=1.000/0.628/0.638 | c=0.998347
[Epoch 0184] loss=15.7026 cls=0.0570 smmd=0.2718 ct=9.5673 rec=1.1919 | train/val/test=1.000/0.628/0.641 | c=0.998347
[Epoch 0185] loss=15.7129 cls=0.0556 smmd=0.2660 ct=9.5774 rec=1.1927 | train/val/test=1.000/0.624/0.646 | c=0.998347
[Epoch 0186] loss=15.7519 cls=0.0592 smmd=0.3196 ct=9.5829 rec=1.1936 | train/val/test=1.000/0.636/0.647 | c=0.998347
[Epoch 0187] loss=15.7956 cls=0.0573 smmd=0.3606 ct=9.5947 rec=1.1961 | train/val/test=1.000/0.626/0.647 | c=0.998347
[Epoch 0188] loss=15.7372 cls=0.0513 smmd=0.3298 ct=9.5873 rec=1.1898 | train/val/test=1.000/0.638/0.643 | c=0.998347
[Epoch 0189] loss=15.6783 cls=0.0396 smmd=0.2897 ct=9.5790 rec=1.1853 | train/val/test=1.000/0.628/0.639 | c=0.998347
[Epoch 0190] loss=15.6672 cls=0.0406 smmd=0.2919 ct=9.5697 rec=1.1846 | train/val/test=1.000/0.624/0.642 | c=0.998347
[Epoch 0191] loss=15.7100 cls=0.0485 smmd=0.3052 ct=9.5790 rec=1.1889 | train/val/test=1.000/0.644/0.650 | c=0.998347
[Epoch 0192] loss=15.7607 cls=0.0546 smmd=0.3144 ct=9.5947 rec=1.1941 | train/val/test=1.000/0.628/0.645 | c=0.998347
[Epoch 0193] loss=15.7410 cls=0.0584 smmd=0.3200 ct=9.5765 rec=1.1927 | train/val/test=1.000/0.638/0.643 | c=0.998347
[Epoch 0194] loss=15.7077 cls=0.0503 smmd=0.2903 ct=9.5727 rec=1.1909 | train/val/test=1.000/0.632/0.640 | c=0.998347
[Epoch 0195] loss=15.6892 cls=0.0512 smmd=0.2626 ct=9.5790 rec=1.1886 | train/val/test=1.000/0.626/0.638 | c=0.998347
[Epoch 0196] loss=15.6928 cls=0.0501 smmd=0.2906 ct=9.5653 rec=1.1894 | train/val/test=1.000/0.636/0.643 | c=0.998347
[Epoch 0197] loss=15.7029 cls=0.0502 smmd=0.2679 ct=9.5816 rec=1.1905 | train/val/test=1.000/0.628/0.642 | c=0.998347
[Epoch 0198] loss=15.7090 cls=0.0522 smmd=0.2918 ct=9.5743 rec=1.1905 | train/val/test=1.000/0.632/0.639 | c=0.998347
[Epoch 0199] loss=15.7184 cls=0.0499 smmd=0.2894 ct=9.5782 rec=1.1921 | train/val/test=1.000/0.626/0.643 | c=0.998347
=== Best @ epoch 37: val=0.6600, test=0.6250 ===
[2025-09-20 04:52:49] END attempt 1: exit_code=0
