[2025-09-20 04:56:12] START attempt 1: python main.py --is_transfer True --test_dataset Photo --pretrained_model_name /mnt/data1/Graph/HypGraphLoRA/pre_trained_gnn/Computers.GRACE.GAT.hyp_True.True.20250912-232538.pth --few False --gpu_id 0
Parsed from filename: Pretrained backbone is Hyperbolic.
Pretrain dataset overridden by checkpoint: PubMed -> Computers
Split sizes | train=4590, val=1530, test=1530 (mode=public, shot=N/A)
[Epoch 0000] loss=10.4658 cls=2.0769 smmd=6.6314 ct=7.4032 rec=1.3844 | train/val/test=0.131/0.152/0.141 | c=0.998347
[Epoch 0001] loss=10.5801 cls=2.0973 smmd=6.7254 ct=7.4024 rec=1.3844 | train/val/test=0.223/0.215/0.219 | c=0.998347
[Epoch 0002] loss=10.1314 cls=1.9471 smmd=6.4273 ct=7.3998 rec=1.3857 | train/val/test=0.257/0.258/0.241 | c=0.998347
[Epoch 0003] loss=9.3000 cls=1.9065 smmd=5.6362 ct=7.3971 rec=1.3892 | train/val/test=0.257/0.258/0.242 | c=0.998347
[Epoch 0004] loss=8.5089 cls=1.8628 smmd=4.7658 ct=8.0129 rec=1.3886 | train/val/test=0.224/0.217/0.219 | c=0.998347
[Epoch 0005] loss=7.6573 cls=1.8358 smmd=3.9822 ct=7.8081 rec=1.3886 | train/val/test=0.436/0.435/0.424 | c=0.998347
[Epoch 0006] loss=7.6221 cls=1.7267 smmd=4.0721 ct=7.7306 rec=1.3858 | train/val/test=0.398/0.397/0.378 | c=0.998347
[Epoch 0007] loss=6.8321 cls=1.5886 smmd=3.4768 ct=7.4523 rec=1.3811 | train/val/test=0.557/0.549/0.539 | c=0.998347
[Epoch 0008] loss=5.7521 cls=1.4612 smmd=2.5066 ct=7.5496 rec=1.3719 | train/val/test=0.676/0.680/0.680 | c=0.998347
[Epoch 0009] loss=5.8179 cls=1.2836 smmd=2.7096 ct=7.7668 rec=1.3566 | train/val/test=0.762/0.756/0.769 | c=0.998347
[Epoch 0010] loss=5.4970 cls=1.1166 smmd=2.5426 ct=7.8541 rec=1.3352 | train/val/test=0.761/0.756/0.746 | c=0.998347
[Epoch 0011] loss=4.9290 cls=1.0003 smmd=2.1169 ct=7.7484 rec=1.3100 | train/val/test=0.699/0.693/0.699 | c=0.998347
[Epoch 0012] loss=4.8090 cls=0.9788 smmd=2.0726 ct=7.5016 rec=1.2861 | train/val/test=0.350/0.331/0.347 | c=0.998347
[Epoch 0013] loss=5.9074 cls=1.8371 smmd=2.2631 ct=7.7090 rec=1.3267 | train/val/test=0.373/0.382/0.350 | c=0.998347
[Epoch 0014] loss=6.8690 cls=2.5517 smmd=2.4702 ct=7.8519 rec=1.3836 | train/val/test=0.563/0.559/0.549 | c=0.998347
[Epoch 0015] loss=5.6027 cls=1.5598 smmd=2.2290 ct=7.7585 rec=1.3111 | train/val/test=0.489/0.494/0.500 | c=0.998347
[Epoch 0016] loss=5.3566 cls=1.3667 smmd=2.1597 ct=7.8599 rec=1.2907 | train/val/test=0.486/0.480/0.482 | c=0.998347
[Epoch 0017] loss=5.2396 cls=1.2697 smmd=2.1238 ct=7.9709 rec=1.2596 | train/val/test=0.691/0.701/0.696 | c=0.998347
[Epoch 0018] loss=4.6748 cls=0.9290 smmd=1.9135 ct=7.8755 rec=1.2859 | train/val/test=0.739/0.761/0.742 | c=0.998347
[Epoch 0019] loss=4.4212 cls=0.7858 smmd=1.8585 ct=7.6609 rec=1.2234 | train/val/test=0.607/0.615/0.600 | c=0.998347
[Epoch 0020] loss=5.0678 cls=1.2184 smmd=2.0544 ct=7.7007 rec=1.2743 | train/val/test=0.738/0.754/0.734 | c=0.998347
[Epoch 0021] loss=4.2026 cls=0.7446 smmd=1.7088 ct=7.5168 rec=1.2288 | train/val/test=0.760/0.775/0.757 | c=0.998347
[Epoch 0022] loss=4.2001 cls=0.7245 smmd=1.6960 ct=7.6641 rec=1.2340 | train/val/test=0.727/0.741/0.719 | c=0.998347
[Epoch 0023] loss=4.3618 cls=0.7900 smmd=1.7696 ct=7.7698 rec=1.2412 | train/val/test=0.742/0.754/0.726 | c=0.998347
[Epoch 0024] loss=4.1269 cls=0.6385 smmd=1.7014 ct=7.6930 rec=1.2415 | train/val/test=0.741/0.759/0.734 | c=0.998347
[Epoch 0025] loss=4.1363 cls=0.6755 smmd=1.6857 ct=7.6367 rec=1.2387 | train/val/test=0.818/0.822/0.814 | c=0.998347
[Epoch 0026] loss=3.8431 cls=0.5319 smmd=1.5532 ct=7.5715 rec=1.2183 | train/val/test=0.828/0.840/0.828 | c=0.998347
[Epoch 0027] loss=3.7456 cls=0.5117 smmd=1.4789 ct=7.5725 rec=1.2024 | train/val/test=0.803/0.816/0.801 | c=0.998347
[Epoch 0028] loss=3.8247 cls=0.5984 smmd=1.4624 ct=7.6060 rec=1.2134 | train/val/test=0.835/0.848/0.842 | c=0.998347
[Epoch 0029] loss=3.6018 cls=0.4576 smmd=1.3974 ct=7.5352 rec=1.1988 | train/val/test=0.883/0.882/0.880 | c=0.998347
[Epoch 0030] loss=3.5887 cls=0.4140 smmd=1.4301 ct=7.5324 rec=1.1906 | train/val/test=0.871/0.875/0.861 | c=0.998347
[Epoch 0031] loss=3.5769 cls=0.4322 smmd=1.3917 ct=7.5743 rec=1.1907 | train/val/test=0.892/0.890/0.887 | c=0.998347
[Epoch 0032] loss=3.4173 cls=0.3707 smmd=1.2904 ct=7.5913 rec=1.1897 | train/val/test=0.871/0.870/0.879 | c=0.998347
[Epoch 0033] loss=3.4880 cls=0.4166 smmd=1.3105 ct=7.6053 rec=1.1988 | train/val/test=0.883/0.886/0.881 | c=0.998347
[Epoch 0034] loss=3.3505 cls=0.3719 smmd=1.2316 ct=7.5519 rec=1.1835 | train/val/test=0.870/0.877/0.863 | c=0.998347
[Epoch 0035] loss=3.3102 cls=0.3870 smmd=1.1854 ct=7.5149 rec=1.1741 | train/val/test=0.876/0.884/0.875 | c=0.998347
[Epoch 0036] loss=3.2926 cls=0.3803 smmd=1.1708 ct=7.5293 rec=1.1779 | train/val/test=0.892/0.893/0.890 | c=0.998347
[Epoch 0037] loss=3.1928 cls=0.3429 smmd=1.1010 ct=7.5631 rec=1.1817 | train/val/test=0.890/0.886/0.885 | c=0.998347
[Epoch 0038] loss=3.1871 cls=0.3578 smmd=1.0750 ct=7.5872 rec=1.1841 | train/val/test=0.889/0.894/0.888 | c=0.998347
[Epoch 0039] loss=3.1067 cls=0.3364 smmd=1.0246 ct=7.5500 rec=1.1784 | train/val/test=0.884/0.892/0.881 | c=0.998347
[Epoch 0040] loss=3.1115 cls=0.3649 smmd=1.0034 ct=7.5337 rec=1.1820 | train/val/test=0.894/0.897/0.892 | c=0.998347
[Epoch 0041] loss=3.0126 cls=0.3283 smmd=0.9415 ct=7.5347 rec=1.1792 | train/val/test=0.897/0.892/0.893 | c=0.998347
[Epoch 0042] loss=3.0134 cls=0.3419 smmd=0.9212 ct=7.5661 rec=1.1856 | train/val/test=0.903/0.902/0.901 | c=0.998347
[Epoch 0043] loss=2.9498 cls=0.3278 smmd=0.8764 ct=7.5408 rec=1.1874 | train/val/test=0.896/0.897/0.890 | c=0.998347
[Epoch 0044] loss=2.9182 cls=0.3490 smmd=0.8254 ct=7.5346 rec=1.1843 | train/val/test=0.908/0.903/0.905 | c=0.998347
[Epoch 0045] loss=2.8568 cls=0.3267 smmd=0.7832 ct=7.5455 rec=1.1889 | train/val/test=0.905/0.899/0.899 | c=0.998347
[Epoch 0046] loss=2.8363 cls=0.3348 smmd=0.7535 ct=7.5465 rec=1.1936 | train/val/test=0.895/0.897/0.893 | c=0.998347
[Epoch 0047] loss=2.8082 cls=0.3564 smmd=0.7078 ct=7.5286 rec=1.1915 | train/val/test=0.881/0.881/0.878 | c=0.998347
[Epoch 0048] loss=2.8230 cls=0.3724 smmd=0.6999 ct=7.5423 rec=1.2110 | train/val/test=0.756/0.739/0.738 | c=0.998347
[Epoch 0049] loss=3.2127 cls=0.6629 smmd=0.7734 ct=7.6523 rec=1.2298 | train/val/test=0.249/0.231/0.233 | c=0.998347
[Epoch 0050] loss=6.7598 cls=3.3322 smmd=1.5792 ct=7.7397 rec=1.5020 | train/val/test=0.137/0.146/0.129 | c=0.998347
[Epoch 0051] loss=9.8151 cls=5.4869 smmd=2.4226 ct=7.9963 rec=1.5316 | train/val/test=0.213/0.203/0.199 | c=0.998347
[Epoch 0052] loss=10.1894 cls=5.1455 smmd=3.1476 ct=8.0099 rec=1.4718 | train/val/test=0.500/0.501/0.479 | c=0.998347
[Epoch 0053] loss=9.6166 cls=3.8190 smmd=3.9117 ct=8.1211 rec=1.3085 | train/val/test=0.267/0.273/0.265 | c=0.998347
[Epoch 0054] loss=12.9262 cls=6.5049 smmd=4.5168 ct=8.1143 rec=1.4082 | train/val/test=0.294/0.293/0.287 | c=0.998347
[Epoch 0055] loss=11.4308 cls=5.0889 smmd=4.4376 ct=8.0777 rec=1.4442 | train/val/test=0.624/0.622/0.604 | c=0.998347
[Epoch 0056] loss=8.0218 cls=2.2778 smmd=3.8886 ct=8.0194 rec=1.2580 | train/val/test=0.461/0.453/0.435 | c=0.998347
[Epoch 0057] loss=7.0521 cls=1.9824 smmd=3.2377 ct=7.8453 rec=1.3144 | train/val/test=0.657/0.654/0.650 | c=0.998347
[Epoch 0058] loss=6.2288 cls=1.7969 smmd=2.6464 ct=7.6966 rec=1.2306 | train/val/test=0.656/0.666/0.647 | c=0.998347
[Epoch 0059] loss=5.8761 cls=1.1651 smmd=2.8878 ct=7.8876 rec=1.2286 | train/val/test=0.688/0.700/0.690 | c=0.998347
[Epoch 0060] loss=6.2131 cls=0.9469 smmd=3.4306 ct=7.9593 rec=1.2190 | train/val/test=0.773/0.792/0.776 | c=0.998347
[Epoch 0061] loss=6.5177 cls=1.0432 smmd=3.6433 ct=7.9330 rec=1.2229 | train/val/test=0.685/0.707/0.665 | c=0.998347
[Epoch 0062] loss=6.7105 cls=1.3469 smmd=3.5369 ct=7.8768 rec=1.2566 | train/val/test=0.677/0.690/0.669 | c=0.998347
[Epoch 0063] loss=5.8402 cls=0.9588 smmd=3.0761 ct=7.7871 rec=1.2395 | train/val/test=0.741/0.750/0.745 | c=0.998347
[Epoch 0064] loss=4.9375 cls=0.6270 smmd=2.5352 ct=7.6813 rec=1.1953 | train/val/test=0.687/0.690/0.680 | c=0.998347
[Epoch 0065] loss=5.0682 cls=1.0881 smmd=2.2241 ct=7.5771 rec=1.2029 | train/val/test=0.568/0.563/0.561 | c=0.998347
[Epoch 0066] loss=5.2714 cls=1.4591 smmd=2.0491 ct=7.5822 rec=1.2344 | train/val/test=0.776/0.782/0.768 | c=0.998347
[Epoch 0067] loss=4.2600 cls=0.7684 smmd=1.7505 ct=7.5149 rec=1.1904 | train/val/test=0.789/0.805/0.787 | c=0.998347
[Epoch 0068] loss=4.3275 cls=0.6931 smmd=1.8911 ct=7.5308 rec=1.1857 | train/val/test=0.828/0.831/0.817 | c=0.998347
[Epoch 0069] loss=4.4673 cls=0.5540 smmd=2.1623 ct=7.5642 rec=1.1909 | train/val/test=0.805/0.827/0.810 | c=0.998347
[Epoch 0070] loss=4.5007 cls=0.5430 smmd=2.1995 ct=7.5804 rec=1.2103 | train/val/test=0.880/0.880/0.886 | c=0.998347
[Epoch 0071] loss=4.0978 cls=0.4185 smmd=1.9245 ct=7.5857 rec=1.1885 | train/val/test=0.868/0.868/0.861 | c=0.998347
[Epoch 0072] loss=3.8124 cls=0.4310 smmd=1.6296 ct=7.5921 rec=1.1671 | train/val/test=0.864/0.865/0.852 | c=0.998347
[Epoch 0073] loss=3.7825 cls=0.4585 smmd=1.5751 ct=7.5823 rec=1.1625 | train/val/test=0.874/0.871/0.870 | c=0.998347
[Epoch 0074] loss=3.8376 cls=0.4355 smmd=1.6560 ct=7.5634 rec=1.1666 | train/val/test=0.882/0.880/0.880 | c=0.998347
[Epoch 0075] loss=3.7947 cls=0.4053 smmd=1.6474 ct=7.5416 rec=1.1687 | train/val/test=0.895/0.891/0.894 | c=0.998347
[Epoch 0076] loss=3.6278 cls=0.3528 smmd=1.5392 ct=7.5181 rec=1.1606 | train/val/test=0.893/0.893/0.890 | c=0.998347
[Epoch 0077] loss=3.5630 cls=0.3563 smmd=1.4686 ct=7.5297 rec=1.1609 | train/val/test=0.904/0.900/0.899 | c=0.998347
[Epoch 0078] loss=3.5188 cls=0.3246 smmd=1.4526 ct=7.5439 rec=1.1637 | train/val/test=0.907/0.901/0.898 | c=0.998347
[Epoch 0079] loss=3.5146 cls=0.3208 smmd=1.4493 ct=7.5543 rec=1.1687 | train/val/test=0.904/0.899/0.902 | c=0.998347
[Epoch 0080] loss=3.4733 cls=0.3192 smmd=1.4075 ct=7.5661 rec=1.1670 | train/val/test=0.902/0.899/0.900 | c=0.998347
[Epoch 0081] loss=3.3757 cls=0.3225 smmd=1.3061 ct=7.5739 rec=1.1619 | train/val/test=0.902/0.902/0.902 | c=0.998347
[Epoch 0082] loss=3.3181 cls=0.3197 smmd=1.2542 ct=7.5613 rec=1.1596 | train/val/test=0.908/0.903/0.903 | c=0.998347
[Epoch 0083] loss=3.3107 cls=0.3070 smmd=1.2643 ct=7.5353 rec=1.1618 | train/val/test=0.910/0.904/0.904 | c=0.998347
[Epoch 0084] loss=3.3018 cls=0.3119 smmd=1.2523 ct=7.5225 rec=1.1657 | train/val/test=0.913/0.908/0.913 | c=0.998347
[Epoch 0085] loss=3.2245 cls=0.3038 smmd=1.1821 ct=7.5284 rec=1.1643 | train/val/test=0.913/0.909/0.917 | c=0.998347
[Epoch 0086] loss=3.2013 cls=0.3059 smmd=1.1530 ct=7.5472 rec=1.1648 | train/val/test=0.916/0.910/0.913 | c=0.998347
[Epoch 0087] loss=3.1627 cls=0.2999 smmd=1.1183 ct=7.5550 rec=1.1679 | train/val/test=0.916/0.911/0.909 | c=0.998347
[Epoch 0088] loss=3.1446 cls=0.3067 smmd=1.0931 ct=7.5523 rec=1.1717 | train/val/test=0.916/0.911/0.915 | c=0.998347
[Epoch 0089] loss=3.0982 cls=0.2985 smmd=1.0567 ct=7.5448 rec=1.1697 | train/val/test=0.917/0.913/0.920 | c=0.998347
[Epoch 0090] loss=3.0619 cls=0.2978 smmd=1.0236 ct=7.5337 rec=1.1686 | train/val/test=0.918/0.914/0.917 | c=0.998347
[Epoch 0091] loss=3.0219 cls=0.2909 smmd=0.9932 ct=7.5194 rec=1.1697 | train/val/test=0.918/0.914/0.914 | c=0.998347
[Epoch 0092] loss=2.9944 cls=0.2904 smmd=0.9652 ct=7.5230 rec=1.1710 | train/val/test=0.919/0.914/0.920 | c=0.998347
[Epoch 0093] loss=2.9482 cls=0.2883 smmd=0.9173 ct=7.5429 rec=1.1702 | train/val/test=0.919/0.912/0.921 | c=0.998347
[Epoch 0094] loss=2.9330 cls=0.2879 smmd=0.9014 ct=7.5470 rec=1.1718 | train/val/test=0.918/0.912/0.916 | c=0.998347
[Epoch 0095] loss=2.8815 cls=0.2876 smmd=0.8532 ct=7.5296 rec=1.1741 | train/val/test=0.920/0.915/0.917 | c=0.998347
[Epoch 0096] loss=2.8456 cls=0.2821 smmd=0.8247 ct=7.5216 rec=1.1723 | train/val/test=0.920/0.916/0.918 | c=0.998347
[Epoch 0097] loss=2.8231 cls=0.2828 smmd=0.8017 ct=7.5210 rec=1.1721 | train/val/test=0.917/0.910/0.914 | c=0.998347
[Epoch 0098] loss=2.7855 cls=0.2816 smmd=0.7648 ct=7.5205 rec=1.1748 | train/val/test=0.917/0.912/0.914 | c=0.998347
[Epoch 0099] loss=2.7493 cls=0.2817 smmd=0.7259 ct=7.5337 rec=1.1748 | train/val/test=0.917/0.912/0.916 | c=0.998347
[Epoch 0100] loss=2.7123 cls=0.2843 smmd=0.6862 ct=7.5328 rec=1.1757 | train/val/test=0.916/0.908/0.912 | c=0.998347
[Epoch 0101] loss=2.6842 cls=0.2844 smmd=0.6615 ct=7.5124 rec=1.1786 | train/val/test=0.915/0.912/0.910 | c=0.998347
[Epoch 0102] loss=2.6601 cls=0.2886 smmd=0.6322 ct=7.5190 rec=1.1776 | train/val/test=0.914/0.910/0.906 | c=0.998347
[Epoch 0103] loss=2.6408 cls=0.2873 smmd=0.6129 ct=7.5225 rec=1.1804 | train/val/test=0.916/0.910/0.905 | c=0.998347
[Epoch 0104] loss=2.5957 cls=0.2919 smmd=0.5616 ct=7.5290 rec=1.1823 | train/val/test=0.912/0.908/0.907 | c=0.998347
[Epoch 0105] loss=2.5887 cls=0.2993 smmd=0.5476 ct=7.5255 rec=1.1833 | train/val/test=0.914/0.904/0.904 | c=0.998347
[Epoch 0106] loss=2.5607 cls=0.3007 smmd=0.5200 ct=7.5125 rec=1.1872 | train/val/test=0.907/0.904/0.897 | c=0.998347
[Epoch 0107] loss=2.5579 cls=0.3244 smmd=0.4887 ct=7.5360 rec=1.1877 | train/val/test=0.890/0.888/0.876 | c=0.998347
[Epoch 0108] loss=2.6053 cls=0.3419 smmd=0.5179 ct=7.5270 rec=1.2008 | train/val/test=0.797/0.800/0.779 | c=0.998347
[Epoch 0109] loss=2.9123 cls=0.6163 smmd=0.5251 ct=7.6387 rec=1.2157 | train/val/test=0.552/0.559/0.553 | c=0.998347
[Epoch 0110] loss=4.9872 cls=1.9407 smmd=1.2385 ct=7.7037 rec=1.3361 | train/val/test=0.344/0.351/0.325 | c=0.998347
[Epoch 0111] loss=8.3764 cls=4.6335 smmd=1.8398 ct=8.0290 rec=1.4868 | train/val/test=0.222/0.208/0.219 | c=0.998347
[Epoch 0112] loss=9.4748 cls=5.3770 smmd=2.2188 ct=7.9305 rec=1.4646 | train/val/test=0.451/0.437/0.447 | c=0.998347
[Epoch 0113] loss=8.4747 cls=3.7541 smmd=2.8776 ct=7.8859 rec=1.3295 | train/val/test=0.659/0.649/0.640 | c=0.998347
[Epoch 0114] loss=8.0913 cls=2.9164 smmd=3.3355 ct=7.9130 rec=1.2844 | train/val/test=0.332/0.322/0.313 | c=0.998347
[Epoch 0115] loss=8.5228 cls=3.5428 smmd=3.1046 ct=7.8825 rec=1.4942 | train/val/test=0.579/0.590/0.557 | c=0.998347
[Epoch 0116] loss=5.4595 cls=1.3317 smmd=2.3334 ct=7.6522 rec=1.3199 | train/val/test=0.291/0.295/0.286 | c=0.998347
[Epoch 0117] loss=6.7732 cls=2.5868 smmd=2.3459 ct=7.8719 rec=1.3305 | train/val/test=0.712/0.724/0.714 | c=0.998347
[Epoch 0118] loss=4.5339 cls=0.8327 smmd=1.8967 ct=7.7971 rec=1.2253 | train/val/test=0.594/0.610/0.590 | c=0.998347
[Epoch 0119] loss=5.3328 cls=1.5541 smmd=1.9786 ct=7.7717 rec=1.2290 | train/val/test=0.618/0.635/0.605 | c=0.998347
[Epoch 0120] loss=4.9538 cls=1.2234 smmd=1.9216 ct=7.8108 rec=1.2331 | train/val/test=0.794/0.806/0.785 | c=0.998347
[Epoch 0121] loss=4.3014 cls=0.6666 smmd=1.8577 ct=7.6887 rec=1.1967 | train/val/test=0.740/0.763/0.743 | c=0.998347
[Epoch 0122] loss=4.7906 cls=1.0165 smmd=1.9975 ct=7.6311 rec=1.2518 | train/val/test=0.673/0.692/0.670 | c=0.998347
[Epoch 0123] loss=4.5635 cls=0.9638 smmd=1.8413 ct=7.5597 rec=1.2319 | train/val/test=0.767/0.776/0.769 | c=0.998347
[Epoch 0124] loss=3.9377 cls=0.6068 smmd=1.5854 ct=7.5261 rec=1.2013 | train/val/test=0.703/0.709/0.691 | c=0.998347
[Epoch 0125] loss=4.3324 cls=0.9173 smmd=1.6492 ct=7.6181 rec=1.2110 | train/val/test=0.754/0.764/0.746 | c=0.998347
[Epoch 0126] loss=4.3090 cls=0.9229 smmd=1.6144 ct=7.6558 rec=1.2028 | train/val/test=0.787/0.802/0.781 | c=0.998347
[Epoch 0127] loss=3.9474 cls=0.6843 smmd=1.5014 ct=7.6165 rec=1.1916 | train/val/test=0.800/0.812/0.796 | c=0.998347
[Epoch 0128] loss=3.9258 cls=0.6670 smmd=1.5026 ct=7.5831 rec=1.1975 | train/val/test=0.803/0.812/0.793 | c=0.998347
[Epoch 0129] loss=3.9160 cls=0.6199 smmd=1.5423 ct=7.5717 rec=1.1975 | train/val/test=0.802/0.817/0.798 | c=0.998347
[Epoch 0130] loss=3.8636 cls=0.5345 smmd=1.5795 ct=7.5570 rec=1.1909 | train/val/test=0.813/0.821/0.810 | c=0.998347
[Epoch 0131] loss=3.7621 cls=0.5016 smmd=1.5173 ct=7.5304 rec=1.1851 | train/val/test=0.822/0.824/0.825 | c=0.998347
[Epoch 0132] loss=3.6027 cls=0.5074 smmd=1.3524 ct=7.5301 rec=1.1843 | train/val/test=0.825/0.824/0.821 | c=0.998347
[Epoch 0133] loss=3.5468 cls=0.5147 smmd=1.2797 ct=7.5753 rec=1.1869 | train/val/test=0.841/0.840/0.845 | c=0.998347
[Epoch 0134] loss=3.5104 cls=0.4636 smmd=1.2883 ct=7.6069 rec=1.1857 | train/val/test=0.891/0.881/0.893 | c=0.998347
[Epoch 0135] loss=3.4553 cls=0.4025 smmd=1.2969 ct=7.5973 rec=1.1816 | train/val/test=0.903/0.899/0.901 | c=0.998347
[Epoch 0136] loss=3.3868 cls=0.3757 smmd=1.2624 ct=7.5652 rec=1.1784 | train/val/test=0.898/0.895/0.896 | c=0.998347
[Epoch 0137] loss=3.2995 cls=0.3503 smmd=1.2069 ct=7.5372 rec=1.1744 | train/val/test=0.900/0.897/0.896 | c=0.998347
[Epoch 0138] loss=3.2645 cls=0.3338 smmd=1.1899 ct=7.5310 rec=1.1732 | train/val/test=0.899/0.894/0.895 | c=0.998347
[Epoch 0139] loss=3.2414 cls=0.3278 smmd=1.1700 ct=7.5436 rec=1.1742 | train/val/test=0.897/0.895/0.897 | c=0.998347
[Epoch 0140] loss=3.1794 cls=0.3216 smmd=1.1106 ct=7.5621 rec=1.1741 | train/val/test=0.900/0.896/0.893 | c=0.998347
[Epoch 0141] loss=3.1208 cls=0.3174 smmd=1.0542 ct=7.5733 rec=1.1727 | train/val/test=0.898/0.895/0.893 | c=0.998347
[Epoch 0142] loss=3.1003 cls=0.3147 smmd=1.0377 ct=7.5682 rec=1.1713 | train/val/test=0.897/0.895/0.893 | c=0.998347
[Epoch 0143] loss=3.0613 cls=0.3053 smmd=1.0112 ct=7.5533 rec=1.1704 | train/val/test=0.901/0.899/0.895 | c=0.998347
[Epoch 0144] loss=3.0110 cls=0.2944 smmd=0.9735 ct=7.5441 rec=1.1713 | train/val/test=0.904/0.903/0.901 | c=0.998347
[Epoch 0145] loss=2.9650 cls=0.2870 smmd=0.9342 ct=7.5454 rec=1.1732 | train/val/test=0.907/0.909/0.908 | c=0.998347
[Epoch 0146] loss=2.9565 cls=0.2851 smmd=0.9262 ct=7.5517 rec=1.1746 | train/val/test=0.909/0.908/0.908 | c=0.998347
[Epoch 0147] loss=2.9009 cls=0.2863 smmd=0.8691 ct=7.5525 rec=1.1752 | train/val/test=0.908/0.907/0.907 | c=0.998347
[Epoch 0148] loss=2.8537 cls=0.2841 smmd=0.8253 ct=7.5461 rec=1.1753 | train/val/test=0.909/0.905/0.905 | c=0.998347
[Epoch 0149] loss=2.8333 cls=0.2827 smmd=0.8065 ct=7.5438 rec=1.1766 | train/val/test=0.910/0.907/0.908 | c=0.998347
[Epoch 0150] loss=2.7997 cls=0.2832 smmd=0.7716 ct=7.5458 rec=1.1787 | train/val/test=0.912/0.910/0.909 | c=0.998347
[Epoch 0151] loss=2.7466 cls=0.2872 smmd=0.7136 ct=7.5479 rec=1.1809 | train/val/test=0.913/0.910/0.912 | c=0.998347
[Epoch 0152] loss=2.7349 cls=0.2917 smmd=0.6976 ct=7.5445 rec=1.1836 | train/val/test=0.912/0.912/0.908 | c=0.998347
[Epoch 0153] loss=2.6950 cls=0.2942 smmd=0.6560 ct=7.5380 rec=1.1860 | train/val/test=0.912/0.910/0.905 | c=0.998347
[Epoch 0154] loss=2.6779 cls=0.2962 smmd=0.6366 ct=7.5381 rec=1.1874 | train/val/test=0.913/0.911/0.910 | c=0.998347
[Epoch 0155] loss=2.6433 cls=0.3010 smmd=0.5958 ct=7.5434 rec=1.1888 | train/val/test=0.914/0.912/0.911 | c=0.998347
[Epoch 0156] loss=2.6247 cls=0.3071 smmd=0.5707 ct=7.5431 rec=1.1915 | train/val/test=0.911/0.908/0.908 | c=0.998347
[Epoch 0157] loss=2.5839 cls=0.3132 smmd=0.5245 ct=7.5354 rec=1.1951 | train/val/test=0.911/0.908/0.905 | c=0.998347
[Epoch 0158] loss=2.5671 cls=0.3184 smmd=0.5026 ct=7.5340 rec=1.1966 | train/val/test=0.911/0.910/0.906 | c=0.998347
[Epoch 0159] loss=2.5366 cls=0.3235 smmd=0.4654 ct=7.5415 rec=1.1973 | train/val/test=0.913/0.910/0.906 | c=0.998347
[Epoch 0160] loss=2.5334 cls=0.3283 smmd=0.4570 ct=7.5409 rec=1.1997 | train/val/test=0.910/0.905/0.903 | c=0.998347
[Epoch 0161] loss=2.5027 cls=0.3359 smmd=0.4198 ct=7.5330 rec=1.2025 | train/val/test=0.908/0.907/0.905 | c=0.998347
[Epoch 0162] loss=2.4796 cls=0.3420 smmd=0.3896 ct=7.5370 rec=1.2030 | train/val/test=0.912/0.906/0.903 | c=0.998347
[Epoch 0163] loss=2.4664 cls=0.3453 smmd=0.3718 ct=7.5424 rec=1.2043 | train/val/test=0.910/0.905/0.903 | c=0.998347
[Epoch 0164] loss=2.4578 cls=0.3510 smmd=0.3580 ct=7.5372 rec=1.2063 | train/val/test=0.908/0.903/0.903 | c=0.998347
[Epoch 0165] loss=2.4263 cls=0.3570 smmd=0.3205 ct=7.5372 rec=1.2067 | train/val/test=0.912/0.901/0.901 | c=0.998347
[Epoch 0166] loss=2.4252 cls=0.3595 smmd=0.3158 ct=7.5417 rec=1.2080 | train/val/test=0.908/0.901/0.901 | c=0.998347
[Epoch 0167] loss=2.4169 cls=0.3642 smmd=0.3019 ct=7.5455 rec=1.2081 | train/val/test=0.911/0.901/0.901 | c=0.998347
[Epoch 0168] loss=2.4012 cls=0.3651 smmd=0.2865 ct=7.5389 rec=1.2087 | train/val/test=0.909/0.902/0.901 | c=0.998347
[Epoch 0169] loss=2.3853 cls=0.3674 smmd=0.2674 ct=7.5440 rec=1.2083 | train/val/test=0.911/0.901/0.903 | c=0.998347
[Epoch 0170] loss=2.3898 cls=0.3688 smmd=0.2696 ct=7.5470 rec=1.2100 | train/val/test=0.907/0.900/0.901 | c=0.998347
[Epoch 0171] loss=2.3906 cls=0.3739 smmd=0.2650 ct=7.5525 rec=1.2062 | train/val/test=0.908/0.895/0.897 | c=0.998347
[Epoch 0172] loss=2.4503 cls=0.3985 smmd=0.2976 ct=7.5512 rec=1.2200 | train/val/test=0.826/0.822/0.809 | c=0.998347
[Epoch 0173] loss=2.7964 cls=0.5464 smmd=0.4749 ct=7.6562 rec=1.2193 | train/val/test=0.503/0.495/0.503 | c=0.998347
[Epoch 0174] loss=4.1949 cls=1.4418 smmd=0.9494 ct=7.6963 rec=1.3223 | train/val/test=0.050/0.061/0.051 | c=0.998347
[Epoch 0175] loss=11.5412 cls=6.8263 smmd=2.7784 ct=8.1104 rec=1.5719 | train/val/test=0.281/0.280/0.258 | c=0.998347
[Epoch 0176] loss=9.7635 cls=4.4673 smmd=3.3726 ct=8.0639 rec=1.5545 | train/val/test=0.115/0.111/0.122 | c=0.998347
[Epoch 0177] loss=16.1407 cls=9.8444 smmd=4.3790 ct=7.9738 rec=1.6127 | train/val/test=0.369/0.353/0.371 | c=0.998347
[Epoch 0178] loss=11.8298 cls=5.6011 smmd=4.3732 ct=7.9279 rec=1.3498 | train/val/test=0.414/0.410/0.405 | c=0.998347
[Epoch 0179] loss=9.9174 cls=4.0973 smmd=3.9667 ct=7.8608 rec=1.4065 | train/val/test=0.199/0.203/0.200 | c=0.998347
[Epoch 0180] loss=12.1076 cls=6.7532 smmd=3.4859 ct=7.8745 rec=1.4683 | train/val/test=0.418/0.419/0.395 | c=0.998347
[Epoch 0181] loss=6.6191 cls=2.0272 smmd=2.7434 ct=7.9386 rec=1.3039 | train/val/test=0.467/0.485/0.458 | c=0.998347
[Epoch 0182] loss=8.0515 cls=2.5963 smmd=3.5809 ct=8.0590 rec=1.3123 | train/val/test=0.600/0.590/0.597 | c=0.998347
[Epoch 0183] loss=8.5942 cls=2.5311 smmd=4.1893 ct=8.0535 rec=1.3151 | train/val/test=0.467/0.446/0.446 | c=0.998347
[Epoch 0184] loss=8.7496 cls=2.5852 smmd=4.2960 ct=8.0095 rec=1.3328 | train/val/test=0.598/0.565/0.592 | c=0.998347
[Epoch 0185] loss=7.5530 cls=1.6940 smmd=4.0149 ct=7.9301 rec=1.2900 | train/val/test=0.817/0.800/0.800 | c=0.998347
[Epoch 0186] loss=5.9821 cls=0.7736 smmd=3.4135 ct=7.7655 rec=1.2097 | train/val/test=0.796/0.792/0.786 | c=0.998347
[Epoch 0187] loss=5.2046 cls=0.6613 smmd=2.7819 ct=7.6141 rec=1.1927 | train/val/test=0.509/0.524/0.494 | c=0.998347
[Epoch 0188] loss=5.3613 cls=1.2181 smmd=2.3630 ct=7.6384 rec=1.2632 | train/val/test=0.662/0.667/0.649 | c=0.998347
[Epoch 0189] loss=4.8609 cls=1.0474 smmd=2.0447 ct=7.6312 rec=1.2126 | train/val/test=0.625/0.625/0.615 | c=0.998347
[Epoch 0190] loss=5.0139 cls=1.0955 smmd=2.1521 ct=7.5979 rec=1.2337 | train/val/test=0.626/0.618/0.620 | c=0.998347
[Epoch 0191] loss=5.3161 cls=1.2185 smmd=2.3297 ct=7.6048 rec=1.2347 | train/val/test=0.656/0.648/0.639 | c=0.998347
[Epoch 0192] loss=5.1303 cls=1.1361 smmd=2.2288 ct=7.6036 rec=1.2239 | train/val/test=0.747/0.734/0.736 | c=0.998347
[Epoch 0193] loss=4.3561 cls=0.7247 smmd=1.8756 ct=7.5718 rec=1.2074 | train/val/test=0.810/0.808/0.807 | c=0.998347
[Epoch 0194] loss=4.1631 cls=0.6683 smmd=1.7312 ct=7.5969 rec=1.2211 | train/val/test=0.845/0.844/0.835 | c=0.998347
[Epoch 0195] loss=4.2657 cls=0.6541 smmd=1.8422 ct=7.6303 rec=1.2168 | train/val/test=0.836/0.836/0.822 | c=0.998347
[Epoch 0196] loss=4.2889 cls=0.6227 smmd=1.8971 ct=7.6272 rec=1.2185 | train/val/test=0.869/0.869/0.858 | c=0.998347
[Epoch 0197] loss=4.0497 cls=0.5047 smmd=1.7869 ct=7.5960 rec=1.1944 | train/val/test=0.879/0.877/0.874 | c=0.998347
[Epoch 0198] loss=3.8654 cls=0.4384 smmd=1.6799 ct=7.5594 rec=1.1761 | train/val/test=0.863/0.854/0.859 | c=0.998347
[Epoch 0199] loss=3.9397 cls=0.5384 smmd=1.6520 ct=7.5489 rec=1.1972 | train/val/test=0.869/0.859/0.863 | c=0.998347
=== Best @ epoch 96: val=0.9157, test=0.9176 ===
[2025-09-20 04:58:47] END attempt 1: exit_code=0
