[2025-09-20 05:04:14] START attempt 1: python main.py --is_transfer True --test_dataset Computers --pretrained_model_name /mnt/data1/Graph/HypGraphLoRA/pre_trained_gnn/Computers.GRACE.GAT.hyp_True.True.20250912-232538.pth --few False --gpu_id 0
Parsed from filename: Pretrained backbone is Hyperbolic.
Pretrain dataset overridden by checkpoint: PubMed -> Computers
Split sizes | train=8251, val=2750, test=2751 (mode=public, shot=N/A)
[Epoch 0000] loss=13.0823 cls=2.3034 smmd=6.6769 ct=7.6086 rec=1.3851 | train/val/test=0.380/0.367/0.370 | c=0.998347
[Epoch 0001] loss=10.9601 cls=2.0438 smmd=5.0740 ct=7.6066 rec=1.3862 | train/val/test=0.380/0.367/0.370 | c=0.998347
[Epoch 0002] loss=11.6759 cls=2.5903 smmd=4.6915 ct=7.6089 rec=1.4098 | train/val/test=0.101/0.106/0.104 | c=0.998347
[Epoch 0003] loss=12.3067 cls=2.6738 smmd=5.1612 ct=7.6036 rec=1.3861 | train/val/test=0.380/0.367/0.370 | c=0.998347
[Epoch 0004] loss=11.4411 cls=2.3531 smmd=4.7909 ct=8.2363 rec=1.4842 | train/val/test=0.380/0.367/0.370 | c=0.998347
[Epoch 0005] loss=9.7544 cls=1.9048 smmd=3.9713 ct=8.4598 rec=1.4079 | train/val/test=0.236/0.243/0.231 | c=0.998347
[Epoch 0006] loss=8.9242 cls=1.9726 smmd=2.9872 ct=8.5682 rec=1.3911 | train/val/test=0.379/0.367/0.370 | c=0.998347
[Epoch 0007] loss=8.1509 cls=1.8322 smmd=2.5310 ct=8.3904 rec=1.3867 | train/val/test=0.379/0.366/0.369 | c=0.998347
[Epoch 0008] loss=8.3650 cls=1.9052 smmd=2.6871 ct=7.9437 rec=1.3943 | train/val/test=0.379/0.367/0.369 | c=0.998347
[Epoch 0009] loss=8.4631 cls=1.9230 smmd=2.7425 ct=7.9761 rec=1.3967 | train/val/test=0.378/0.365/0.368 | c=0.998347
[Epoch 0010] loss=8.0772 cls=1.8586 smmd=2.4907 ct=7.9556 rec=1.3910 | train/val/test=0.376/0.364/0.364 | c=0.998347
[Epoch 0011] loss=7.5989 cls=1.8213 smmd=2.0944 ct=7.9263 rec=1.3839 | train/val/test=0.379/0.366/0.369 | c=0.998347
[Epoch 0012] loss=6.9778 cls=1.7197 smmd=1.6523 ct=8.0434 rec=1.3867 | train/val/test=0.381/0.369/0.371 | c=0.998347
[Epoch 0013] loss=6.7544 cls=1.6648 smmd=1.5201 ct=8.1373 rec=1.3863 | train/val/test=0.385/0.374/0.374 | c=0.998347
[Epoch 0014] loss=6.5638 cls=1.5726 smmd=1.5116 ct=8.1554 rec=1.3793 | train/val/test=0.476/0.471/0.465 | c=0.998347
[Epoch 0015] loss=6.3221 cls=1.4737 smmd=1.4790 ct=8.1082 rec=1.3699 | train/val/test=0.571/0.567/0.555 | c=0.998347
[Epoch 0016] loss=5.8725 cls=1.3468 smmd=1.3097 ct=7.9906 rec=1.3552 | train/val/test=0.617/0.612/0.603 | c=0.998347
[Epoch 0017] loss=5.5607 cls=1.2632 smmd=1.1804 ct=7.9292 rec=1.3404 | train/val/test=0.655/0.657/0.642 | c=0.998347
[Epoch 0018] loss=5.3260 cls=1.1839 smmd=1.1222 ct=7.8520 rec=1.3285 | train/val/test=0.674/0.679/0.669 | c=0.998347
[Epoch 0019] loss=5.1840 cls=1.1018 smmd=1.1405 ct=7.8852 rec=1.3140 | train/val/test=0.686/0.682/0.672 | c=0.998347
[Epoch 0020] loss=4.9888 cls=1.0315 smmd=1.0768 ct=7.9452 rec=1.3000 | train/val/test=0.681/0.688/0.680 | c=0.998347
[Epoch 0021] loss=4.7791 cls=0.9790 smmd=0.9790 ct=7.9215 rec=1.2890 | train/val/test=0.675/0.679/0.675 | c=0.998347
[Epoch 0022] loss=4.6031 cls=0.9174 smmd=0.9335 ct=7.9023 rec=1.2722 | train/val/test=0.687/0.691/0.687 | c=0.998347
[Epoch 0023] loss=4.5197 cls=0.8787 smmd=0.9338 ct=7.8798 rec=1.2630 | train/val/test=0.705/0.701/0.698 | c=0.998347
[Epoch 0024] loss=4.4556 cls=0.8570 smmd=0.9185 ct=7.8535 rec=1.2611 | train/val/test=0.717/0.720/0.706 | c=0.998347
[Epoch 0025] loss=4.3380 cls=0.8160 smmd=0.8853 ct=7.8531 rec=1.2507 | train/val/test=0.735/0.731/0.722 | c=0.998347
[Epoch 0026] loss=4.2070 cls=0.7765 smmd=0.8376 ct=7.8371 rec=1.2446 | train/val/test=0.751/0.743/0.734 | c=0.998347
[Epoch 0027] loss=4.1288 cls=0.7437 smmd=0.8214 ct=7.8602 rec=1.2391 | train/val/test=0.749/0.747/0.735 | c=0.998347
[Epoch 0028] loss=4.0729 cls=0.7257 smmd=0.7975 ct=7.8832 rec=1.2374 | train/val/test=0.766/0.759/0.756 | c=0.998347
[Epoch 0029] loss=4.0704 cls=0.7190 smmd=0.8087 ct=7.8784 rec=1.2404 | train/val/test=0.726/0.719/0.707 | c=0.998347
[Epoch 0030] loss=4.1114 cls=0.7568 smmd=0.7763 ct=7.8699 rec=1.2378 | train/val/test=0.743/0.741/0.732 | c=0.998347
[Epoch 0031] loss=4.4935 cls=0.9043 smmd=0.8621 ct=7.8610 rec=1.2533 | train/val/test=0.698/0.699/0.683 | c=0.998347
[Epoch 0032] loss=4.3407 cls=0.8589 smmd=0.8005 ct=7.8617 rec=1.2504 | train/val/test=0.763/0.759/0.756 | c=0.998347
[Epoch 0033] loss=4.1992 cls=0.7778 smmd=0.8261 ct=7.8485 rec=1.2387 | train/val/test=0.789/0.775/0.770 | c=0.998347
[Epoch 0034] loss=3.7811 cls=0.6383 smmd=0.6936 ct=7.8282 rec=1.2269 | train/val/test=0.685/0.687/0.670 | c=0.998347
[Epoch 0035] loss=4.3548 cls=0.8870 smmd=0.7407 ct=7.9362 rec=1.2638 | train/val/test=0.747/0.741/0.742 | c=0.998347
[Epoch 0036] loss=4.4030 cls=0.8714 smmd=0.8275 ct=7.9199 rec=1.2435 | train/val/test=0.764/0.751/0.749 | c=0.998347
[Epoch 0037] loss=4.0901 cls=0.7531 smmd=0.7645 ct=7.8594 rec=1.2380 | train/val/test=0.714/0.719/0.699 | c=0.998347
[Epoch 0038] loss=4.1701 cls=0.7955 smmd=0.7440 ct=7.9339 rec=1.2421 | train/val/test=0.778/0.773/0.762 | c=0.998347
[Epoch 0039] loss=3.8000 cls=0.6635 smmd=0.6555 ct=7.8588 rec=1.2285 | train/val/test=0.789/0.775/0.786 | c=0.998347
[Epoch 0040] loss=3.9008 cls=0.6863 smmd=0.7063 ct=7.8808 rec=1.2283 | train/val/test=0.787/0.775/0.778 | c=0.998347
[Epoch 0041] loss=3.8840 cls=0.6812 smmd=0.6978 ct=7.8867 rec=1.2328 | train/val/test=0.801/0.789/0.786 | c=0.998347
[Epoch 0042] loss=3.5886 cls=0.5907 smmd=0.5847 ct=7.8878 rec=1.2252 | train/val/test=0.765/0.767/0.747 | c=0.998347
[Epoch 0043] loss=3.8229 cls=0.6631 smmd=0.6601 ct=7.9424 rec=1.2404 | train/val/test=0.802/0.790/0.784 | c=0.998347
[Epoch 0044] loss=3.5409 cls=0.5807 smmd=0.5655 ct=7.8461 rec=1.2241 | train/val/test=0.791/0.780/0.782 | c=0.998347
[Epoch 0045] loss=3.6910 cls=0.6339 smmd=0.6102 ct=7.8327 rec=1.2323 | train/val/test=0.806/0.794/0.802 | c=0.998347
[Epoch 0046] loss=3.6363 cls=0.6279 smmd=0.5569 ct=7.8875 rec=1.2307 | train/val/test=0.728/0.719/0.713 | c=0.998347
[Epoch 0047] loss=4.0720 cls=0.7929 smmd=0.6467 ct=7.9362 rec=1.2609 | train/val/test=0.372/0.373/0.361 | c=0.998347
[Epoch 0048] loss=6.1120 cls=1.6972 smmd=0.8139 ct=8.1897 rec=1.3290 | train/val/test=0.393/0.387/0.388 | c=0.998347
[Epoch 0049] loss=10.3651 cls=3.4436 smmd=1.5924 ct=8.0586 rec=1.3687 | train/val/test=0.455/0.447/0.442 | c=0.998347
[Epoch 0050] loss=10.2725 cls=3.1476 smmd=2.0512 ct=8.1929 rec=1.4378 | train/val/test=0.533/0.530/0.524 | c=0.998347
[Epoch 0051] loss=7.9198 cls=2.1649 smmd=1.6711 ct=8.3155 rec=1.2788 | train/val/test=0.276/0.281/0.284 | c=0.998347
[Epoch 0052] loss=7.4965 cls=2.1522 smmd=1.2877 ct=8.2224 rec=1.2994 | train/val/test=0.443/0.436/0.435 | c=0.998347
[Epoch 0053] loss=6.6840 cls=1.8088 smmd=1.2182 ct=7.9253 rec=1.3158 | train/val/test=0.629/0.631/0.606 | c=0.998347
[Epoch 0054] loss=5.7521 cls=1.3076 smmd=1.2939 ct=7.9232 rec=1.2915 | train/val/test=0.585/0.583/0.578 | c=0.998347
[Epoch 0055] loss=6.3828 cls=1.4583 smmd=1.6058 ct=7.9272 rec=1.3744 | train/val/test=0.630/0.613/0.620 | c=0.998347
[Epoch 0056] loss=5.7518 cls=1.1916 smmd=1.5126 ct=7.9979 rec=1.2825 | train/val/test=0.634/0.631/0.614 | c=0.998347
[Epoch 0057] loss=5.1887 cls=0.9891 smmd=1.3454 ct=8.0382 rec=1.2870 | train/val/test=0.753/0.753/0.750 | c=0.998347
[Epoch 0058] loss=4.6865 cls=0.8307 smmd=1.1788 ct=7.9475 rec=1.2842 | train/val/test=0.752/0.741/0.732 | c=0.998347
[Epoch 0059] loss=5.0341 cls=0.9643 smmd=1.2781 ct=7.8814 rec=1.2560 | train/val/test=0.734/0.731/0.706 | c=0.998347
[Epoch 0060] loss=5.0041 cls=0.9037 smmd=1.3601 ct=7.9362 rec=1.2470 | train/val/test=0.762/0.755/0.741 | c=0.998347
[Epoch 0061] loss=4.8368 cls=0.8344 smmd=1.3275 ct=7.9450 rec=1.2576 | train/val/test=0.796/0.789/0.778 | c=0.998347
[Epoch 0062] loss=4.4109 cls=0.6875 smmd=1.2128 ct=7.8659 rec=1.2505 | train/val/test=0.782/0.769/0.758 | c=0.998347
[Epoch 0063] loss=4.1728 cls=0.6572 smmd=1.0430 ct=7.8321 rec=1.2447 | train/val/test=0.772/0.760/0.752 | c=0.998347
[Epoch 0064] loss=4.2888 cls=0.7296 smmd=0.9942 ct=7.9210 rec=1.2555 | train/val/test=0.749/0.743/0.729 | c=0.998347
[Epoch 0065] loss=4.3557 cls=0.7545 smmd=0.9950 ct=7.9898 rec=1.2688 | train/val/test=0.791/0.777/0.765 | c=0.998347
[Epoch 0066] loss=4.0172 cls=0.6084 smmd=0.9708 ct=7.9195 rec=1.2286 | train/val/test=0.767/0.761/0.751 | c=0.998347
[Epoch 0067] loss=4.0662 cls=0.6376 smmd=0.9763 ct=7.8491 rec=1.2242 | train/val/test=0.796/0.789/0.777 | c=0.998347
[Epoch 0068] loss=3.9296 cls=0.5912 smmd=0.9401 ct=7.8147 rec=1.2213 | train/val/test=0.777/0.780/0.763 | c=0.998347
[Epoch 0069] loss=3.9927 cls=0.6372 smmd=0.9090 ct=7.8135 rec=1.2334 | train/val/test=0.813/0.804/0.803 | c=0.998347
[Epoch 0070] loss=3.8071 cls=0.5690 smmd=0.8736 ct=7.7557 rec=1.2223 | train/val/test=0.802/0.796/0.791 | c=0.998347
[Epoch 0071] loss=3.9706 cls=0.6378 smmd=0.8971 ct=7.7621 rec=1.2268 | train/val/test=0.821/0.810/0.810 | c=0.998347
[Epoch 0072] loss=3.7901 cls=0.5679 smmd=0.8486 ct=7.8090 rec=1.2196 | train/val/test=0.818/0.817/0.806 | c=0.998347
[Epoch 0073] loss=3.8090 cls=0.5822 smmd=0.8268 ct=7.8641 rec=1.2254 | train/val/test=0.825/0.816/0.815 | c=0.998347
[Epoch 0074] loss=3.6577 cls=0.5380 smmd=0.7698 ct=7.8440 rec=1.2161 | train/val/test=0.818/0.811/0.811 | c=0.998347
[Epoch 0075] loss=3.6707 cls=0.5487 smmd=0.7670 ct=7.8163 rec=1.2149 | train/val/test=0.825/0.813/0.809 | c=0.998347
[Epoch 0076] loss=3.6273 cls=0.5308 smmd=0.7591 ct=7.8175 rec=1.2153 | train/val/test=0.833/0.817/0.822 | c=0.998347
[Epoch 0077] loss=3.5647 cls=0.5006 smmd=0.7519 ct=7.8427 rec=1.2157 | train/val/test=0.837/0.820/0.826 | c=0.998347
[Epoch 0078] loss=3.5482 cls=0.4983 smmd=0.7384 ct=7.8496 rec=1.2165 | train/val/test=0.841/0.825/0.830 | c=0.998347
[Epoch 0079] loss=3.5005 cls=0.4939 smmd=0.7061 ct=7.8227 rec=1.2102 | train/val/test=0.842/0.826/0.832 | c=0.998347
[Epoch 0080] loss=3.4919 cls=0.4999 smmd=0.6882 ct=7.8086 rec=1.2108 | train/val/test=0.850/0.835/0.840 | c=0.998347
[Epoch 0081] loss=3.4239 cls=0.4678 smmd=0.6821 ct=7.8177 rec=1.2136 | train/val/test=0.847/0.837/0.842 | c=0.998347
[Epoch 0082] loss=3.4128 cls=0.4659 smmd=0.6710 ct=7.8323 rec=1.2179 | train/val/test=0.849/0.832/0.836 | c=0.998347
[Epoch 0083] loss=3.3726 cls=0.4581 smmd=0.6509 ct=7.8174 rec=1.2107 | train/val/test=0.848/0.829/0.838 | c=0.998347
[Epoch 0084] loss=3.3518 cls=0.4562 smmd=0.6368 ct=7.8048 rec=1.2089 | train/val/test=0.856/0.842/0.847 | c=0.998347
[Epoch 0085] loss=3.2936 cls=0.4419 smmd=0.6070 ct=7.8006 rec=1.2131 | train/val/test=0.860/0.851/0.851 | c=0.998347
[Epoch 0086] loss=3.2857 cls=0.4414 smmd=0.5997 ct=7.8009 rec=1.2151 | train/val/test=0.861/0.842/0.847 | c=0.998347
[Epoch 0087] loss=3.2616 cls=0.4356 smmd=0.5869 ct=7.8056 rec=1.2113 | train/val/test=0.861/0.841/0.848 | c=0.998347
[Epoch 0088] loss=3.2322 cls=0.4284 smmd=0.5679 ct=7.8257 rec=1.2118 | train/val/test=0.861/0.849/0.848 | c=0.998347
[Epoch 0089] loss=3.2146 cls=0.4283 smmd=0.5465 ct=7.8390 rec=1.2193 | train/val/test=0.859/0.846/0.849 | c=0.998347
[Epoch 0090] loss=3.1619 cls=0.4170 smmd=0.5212 ct=7.8194 rec=1.2141 | train/val/test=0.860/0.845/0.848 | c=0.998347
[Epoch 0091] loss=3.1739 cls=0.4217 smmd=0.5254 ct=7.8123 rec=1.2131 | train/val/test=0.865/0.851/0.848 | c=0.998347
[Epoch 0092] loss=3.1367 cls=0.4097 smmd=0.5081 ct=7.8283 rec=1.2170 | train/val/test=0.866/0.853/0.851 | c=0.998347
[Epoch 0093] loss=3.1212 cls=0.4127 smmd=0.4839 ct=7.8395 rec=1.2202 | train/val/test=0.863/0.844/0.850 | c=0.998347
[Epoch 0094] loss=3.1092 cls=0.4109 smmd=0.4799 ct=7.8231 rec=1.2145 | train/val/test=0.867/0.851/0.852 | c=0.998347
[Epoch 0095] loss=3.0882 cls=0.4019 smmd=0.4768 ct=7.8202 rec=1.2171 | train/val/test=0.869/0.855/0.853 | c=0.998347
[Epoch 0096] loss=3.0788 cls=0.4060 smmd=0.4555 ct=7.8336 rec=1.2230 | train/val/test=0.865/0.848/0.853 | c=0.998347
[Epoch 0097] loss=3.0714 cls=0.4049 smmd=0.4521 ct=7.8312 rec=1.2163 | train/val/test=0.868/0.853/0.853 | c=0.998347
[Epoch 0098] loss=3.0291 cls=0.3970 smmd=0.4233 ct=7.8395 rec=1.2189 | train/val/test=0.874/0.857/0.856 | c=0.998347
[Epoch 0099] loss=3.0310 cls=0.4014 smmd=0.4149 ct=7.8421 rec=1.2250 | train/val/test=0.869/0.851/0.853 | c=0.998347
[Epoch 0100] loss=3.0348 cls=0.4046 smmd=0.4176 ct=7.8238 rec=1.2160 | train/val/test=0.873/0.853/0.855 | c=0.998347
[Epoch 0101] loss=2.9932 cls=0.3898 smmd=0.4020 ct=7.8374 rec=1.2208 | train/val/test=0.872/0.855/0.852 | c=0.998347
[Epoch 0102] loss=3.0003 cls=0.3958 smmd=0.3935 ct=7.8495 rec=1.2263 | train/val/test=0.865/0.849/0.855 | c=0.998347
[Epoch 0103] loss=3.0128 cls=0.4083 smmd=0.3857 ct=7.8352 rec=1.2175 | train/val/test=0.876/0.858/0.858 | c=0.998347
[Epoch 0104] loss=2.9609 cls=0.3899 smmd=0.3654 ct=7.8531 rec=1.2246 | train/val/test=0.876/0.854/0.858 | c=0.998347
[Epoch 0105] loss=2.9391 cls=0.3823 smmd=0.3602 ct=7.8496 rec=1.2213 | train/val/test=0.870/0.852/0.856 | c=0.998347
[Epoch 0106] loss=2.9503 cls=0.3912 smmd=0.3553 ct=7.8442 rec=1.2185 | train/val/test=0.876/0.856/0.854 | c=0.998347
[Epoch 0107] loss=2.9541 cls=0.3928 smmd=0.3501 ct=7.8633 rec=1.2284 | train/val/test=0.870/0.850/0.855 | c=0.998347
[Epoch 0108] loss=2.9421 cls=0.3940 smmd=0.3414 ct=7.8454 rec=1.2178 | train/val/test=0.879/0.859/0.858 | c=0.998347
[Epoch 0109] loss=2.9040 cls=0.3809 smmd=0.3258 ct=7.8584 rec=1.2237 | train/val/test=0.876/0.857/0.858 | c=0.998347
[Epoch 0110] loss=2.8911 cls=0.3765 smmd=0.3206 ct=7.8659 rec=1.2218 | train/val/test=0.873/0.853/0.858 | c=0.998347
[Epoch 0111] loss=2.8887 cls=0.3797 smmd=0.3128 ct=7.8639 rec=1.2189 | train/val/test=0.880/0.866/0.860 | c=0.998347
[Epoch 0112] loss=2.9013 cls=0.3851 smmd=0.3118 ct=7.8696 rec=1.2267 | train/val/test=0.867/0.848/0.855 | c=0.998347
[Epoch 0113] loss=2.9184 cls=0.3968 smmd=0.3103 ct=7.8548 rec=1.2178 | train/val/test=0.876/0.860/0.856 | c=0.998347
[Epoch 0114] loss=2.9023 cls=0.3930 smmd=0.2934 ct=7.8842 rec=1.2306 | train/val/test=0.863/0.841/0.850 | c=0.998347
[Epoch 0115] loss=2.9383 cls=0.4087 smmd=0.3057 ct=7.8582 rec=1.2183 | train/val/test=0.880/0.866/0.863 | c=0.998347
[Epoch 0116] loss=2.9227 cls=0.4016 smmd=0.2951 ct=7.8893 rec=1.2321 | train/val/test=0.857/0.837/0.846 | c=0.998347
[Epoch 0117] loss=2.9887 cls=0.4308 smmd=0.3108 ct=7.8621 rec=1.2186 | train/val/test=0.872/0.860/0.860 | c=0.998347
[Epoch 0118] loss=2.9462 cls=0.4170 smmd=0.2847 ct=7.9000 rec=1.2376 | train/val/test=0.843/0.823/0.829 | c=0.998347
[Epoch 0119] loss=3.1259 cls=0.4868 smmd=0.3350 ct=7.8659 rec=1.2205 | train/val/test=0.864/0.860/0.855 | c=0.998347
[Epoch 0120] loss=3.0073 cls=0.4404 smmd=0.2964 ct=7.9099 rec=1.2409 | train/val/test=0.836/0.817/0.828 | c=0.998347
[Epoch 0121] loss=3.1598 cls=0.5043 smmd=0.3328 ct=7.8689 rec=1.2235 | train/val/test=0.868/0.859/0.854 | c=0.998347
[Epoch 0122] loss=2.9420 cls=0.4169 smmd=0.2790 ct=7.9116 rec=1.2342 | train/val/test=0.868/0.845/0.855 | c=0.998347
[Epoch 0123] loss=2.8775 cls=0.3933 smmd=0.2762 ct=7.8581 rec=1.2152 | train/val/test=0.880/0.858/0.863 | c=0.998347
[Epoch 0124] loss=2.7991 cls=0.3611 smmd=0.2571 ct=7.8820 rec=1.2170 | train/val/test=0.879/0.860/0.858 | c=0.998347
[Epoch 0125] loss=2.8093 cls=0.3687 smmd=0.2489 ct=7.8939 rec=1.2208 | train/val/test=0.867/0.840/0.851 | c=0.998347
[Epoch 0126] loss=2.9077 cls=0.4065 smmd=0.2788 ct=7.8642 rec=1.2147 | train/val/test=0.875/0.863/0.858 | c=0.998347
[Epoch 0127] loss=2.8725 cls=0.3938 smmd=0.2582 ct=7.9071 rec=1.2260 | train/val/test=0.868/0.844/0.855 | c=0.998347
[Epoch 0128] loss=2.8474 cls=0.3876 smmd=0.2559 ct=7.8667 rec=1.2151 | train/val/test=0.881/0.860/0.863 | c=0.998347
[Epoch 0129] loss=2.7748 cls=0.3569 smmd=0.2404 ct=7.8870 rec=1.2157 | train/val/test=0.883/0.862/0.864 | c=0.998347
[Epoch 0130] loss=2.7752 cls=0.3580 smmd=0.2380 ct=7.8897 rec=1.2162 | train/val/test=0.872/0.847/0.857 | c=0.998347
[Epoch 0131] loss=2.8190 cls=0.3804 smmd=0.2406 ct=7.8739 rec=1.2138 | train/val/test=0.878/0.860/0.858 | c=0.998347
[Epoch 0132] loss=2.8278 cls=0.3799 smmd=0.2410 ct=7.9108 rec=1.2241 | train/val/test=0.870/0.845/0.855 | c=0.998347
[Epoch 0133] loss=2.8342 cls=0.3856 smmd=0.2479 ct=7.8622 rec=1.2132 | train/val/test=0.882/0.861/0.861 | c=0.998347
[Epoch 0134] loss=2.7660 cls=0.3574 smmd=0.2281 ct=7.8977 rec=1.2179 | train/val/test=0.883/0.859/0.863 | c=0.998347
[Epoch 0135] loss=2.7361 cls=0.3483 smmd=0.2190 ct=7.8877 rec=1.2143 | train/val/test=0.880/0.854/0.862 | c=0.998347
[Epoch 0136] loss=2.7494 cls=0.3547 smmd=0.2223 ct=7.8773 rec=1.2117 | train/val/test=0.884/0.863/0.862 | c=0.998347
[Epoch 0137] loss=2.7641 cls=0.3625 smmd=0.2136 ct=7.9048 rec=1.2220 | train/val/test=0.868/0.842/0.851 | c=0.998347
[Epoch 0138] loss=2.8320 cls=0.3893 smmd=0.2355 ct=7.8751 rec=1.2141 | train/val/test=0.883/0.872/0.868 | c=0.998347
[Epoch 0139] loss=2.8139 cls=0.3844 smmd=0.2158 ct=7.9174 rec=1.2286 | train/val/test=0.862/0.836/0.846 | c=0.998347
[Epoch 0140] loss=2.8978 cls=0.4180 smmd=0.2440 ct=7.8734 rec=1.2153 | train/val/test=0.878/0.866/0.862 | c=0.998347
[Epoch 0141] loss=2.8348 cls=0.3918 smmd=0.2197 ct=7.9254 rec=1.2321 | train/val/test=0.860/0.836/0.847 | c=0.998347
[Epoch 0142] loss=2.9025 cls=0.4227 smmd=0.2399 ct=7.8699 rec=1.2162 | train/val/test=0.880/0.866/0.864 | c=0.998347
[Epoch 0143] loss=2.8285 cls=0.3891 smmd=0.2187 ct=7.9271 rec=1.2304 | train/val/test=0.865/0.839/0.850 | c=0.998347
[Epoch 0144] loss=2.8373 cls=0.3993 smmd=0.2201 ct=7.8754 rec=1.2173 | train/val/test=0.874/0.853/0.858 | c=0.998347
[Epoch 0145] loss=2.8186 cls=0.3873 smmd=0.2130 ct=7.9293 rec=1.2261 | train/val/test=0.863/0.837/0.846 | c=0.998347
[Epoch 0146] loss=2.9354 cls=0.4340 smmd=0.2444 ct=7.8855 rec=1.2302 | train/val/test=0.745/0.731/0.720 | c=0.998347
[Epoch 0147] loss=3.9107 cls=0.8239 smmd=0.3988 ct=8.0440 rec=1.2757 | train/val/test=0.319/0.316/0.320 | c=0.998347
[Epoch 0148] loss=10.5445 cls=3.6663 smmd=1.3352 ct=8.0883 rec=1.2956 | train/val/test=0.346/0.358/0.334 | c=0.998347
[Epoch 0149] loss=12.6638 cls=3.7382 smmd=3.2674 ct=8.2616 rec=1.3382 | train/val/test=0.177/0.179/0.180 | c=0.998347
[Epoch 0150] loss=23.0205 cls=8.0287 smmd=5.0072 ct=8.2400 rec=1.5390 | train/val/test=0.399/0.384/0.389 | c=0.998347
[Epoch 0151] loss=29.1916 cls=10.7595 smmd=5.7341 ct=8.1479 rec=1.5448 | train/val/test=0.496/0.486/0.487 | c=0.998347
[Epoch 0152] loss=26.7224 cls=9.4093 smmd=6.0086 ct=8.1137 rec=1.3619 | train/val/test=0.151/0.154/0.146 | c=0.998347
[Epoch 0153] loss=31.2464 cls=11.6191 smmd=6.1002 ct=8.1179 rec=1.4219 | train/val/test=0.110/0.113/0.119 | c=0.998347
[Epoch 0154] loss=26.4004 cls=9.2145 smmd=6.0529 ct=8.1305 rec=1.4620 | train/val/test=0.395/0.382/0.388 | c=0.998347
[Epoch 0155] loss=21.5053 cls=6.7973 smmd=5.9803 ct=8.0603 rec=1.5921 | train/val/test=0.405/0.389/0.395 | c=0.998347
[Epoch 0156] loss=19.5004 cls=5.8511 smmd=5.8802 ct=8.0192 rec=1.5707 | train/val/test=0.496/0.489/0.484 | c=0.998347
[Epoch 0157] loss=14.9676 cls=3.7027 smmd=5.6985 ct=8.0012 rec=1.3170 | train/val/test=0.209/0.212/0.212 | c=0.998347
[Epoch 0158] loss=18.2255 cls=5.4366 smmd=5.4738 ct=7.9997 rec=1.3927 | train/val/test=0.619/0.625/0.614 | c=0.998347
[Epoch 0159] loss=11.2272 cls=2.1399 smmd=5.0949 ct=7.9658 rec=1.2964 | train/val/test=0.601/0.598/0.599 | c=0.998347
[Epoch 0160] loss=13.2309 cls=3.3305 smmd=4.7239 ct=7.9589 rec=1.2707 | train/val/test=0.619/0.611/0.616 | c=0.998347
[Epoch 0161] loss=14.3242 cls=4.0626 smmd=4.3411 ct=7.9948 rec=1.2954 | train/val/test=0.662/0.641/0.651 | c=0.998347
[Epoch 0162] loss=12.4972 cls=3.4128 smmd=3.8140 ct=8.0338 rec=1.2548 | train/val/test=0.565/0.545/0.550 | c=0.998347
[Epoch 0163] loss=10.2770 cls=2.6350 smmd=3.1446 ct=8.0485 rec=1.2640 | train/val/test=0.719/0.704/0.709 | c=0.998347
[Epoch 0164] loss=6.5495 cls=1.1342 smmd=2.4403 ct=7.9911 rec=1.2130 | train/val/test=0.556/0.565/0.555 | c=0.998347
[Epoch 0165] loss=10.0019 cls=2.9146 smmd=2.2963 ct=8.1210 rec=1.2610 | train/val/test=0.506/0.505/0.492 | c=0.998347
[Epoch 0166] loss=8.3618 cls=2.2721 smmd=1.9704 ct=8.0127 rec=1.2235 | train/val/test=0.648/0.641/0.635 | c=0.998347
[Epoch 0167] loss=6.4650 cls=1.4802 smmd=1.6766 ct=7.8646 rec=1.2754 | train/val/test=0.632/0.622/0.613 | c=0.998347
[Epoch 0168] loss=7.4931 cls=1.9036 smmd=1.8302 ct=8.0112 rec=1.2676 | train/val/test=0.620/0.608/0.602 | c=0.998347
[Epoch 0169] loss=8.8650 cls=2.4706 smmd=2.0623 ct=8.0258 rec=1.2822 | train/val/test=0.757/0.749/0.738 | c=0.998347
[Epoch 0170] loss=6.1093 cls=1.1577 smmd=1.9792 ct=7.8669 rec=1.2070 | train/val/test=0.723/0.716/0.712 | c=0.998347
[Epoch 0171] loss=7.1787 cls=1.6663 smmd=2.0546 ct=7.7547 rec=1.2031 | train/val/test=0.753/0.749/0.744 | c=0.998347
[Epoch 0172] loss=6.5537 cls=1.4428 smmd=1.8913 ct=7.6982 rec=1.1855 | train/val/test=0.801/0.795/0.784 | c=0.998347
[Epoch 0173] loss=5.2049 cls=0.9023 smmd=1.6106 ct=7.7456 rec=1.2032 | train/val/test=0.728/0.725/0.710 | c=0.998347
[Epoch 0174] loss=5.9808 cls=1.2456 smmd=1.6487 ct=7.9455 rec=1.2596 | train/val/test=0.790/0.779/0.768 | c=0.998347
[Epoch 0175] loss=5.2879 cls=0.8932 smmd=1.6491 ct=8.0431 rec=1.2191 | train/val/test=0.775/0.766/0.764 | c=0.998347
[Epoch 0176] loss=5.6762 cls=1.0772 smmd=1.6639 ct=8.0916 rec=1.1980 | train/val/test=0.815/0.808/0.804 | c=0.998347
[Epoch 0177] loss=5.1683 cls=0.8747 smmd=1.5682 ct=8.0666 rec=1.1867 | train/val/test=0.776/0.769/0.763 | c=0.998347
[Epoch 0178] loss=5.1276 cls=0.8510 smmd=1.5777 ct=8.0460 rec=1.1939 | train/val/test=0.767/0.770/0.746 | c=0.998347
[Epoch 0179] loss=5.2512 cls=0.9630 smmd=1.4809 ct=8.0054 rec=1.2160 | train/val/test=0.791/0.789/0.774 | c=0.998347
[Epoch 0180] loss=5.0132 cls=0.9253 smmd=1.3358 ct=7.9320 rec=1.2022 | train/val/test=0.819/0.806/0.805 | c=0.998347
[Epoch 0181] loss=4.7867 cls=0.8664 smmd=1.2419 ct=7.8733 rec=1.1862 | train/val/test=0.822/0.809/0.806 | c=0.998347
[Epoch 0182] loss=4.6712 cls=0.8229 smmd=1.2128 ct=7.8728 rec=1.1901 | train/val/test=0.838/0.819/0.820 | c=0.998347
[Epoch 0183] loss=4.4556 cls=0.6944 smmd=1.2470 ct=7.8973 rec=1.2021 | train/val/test=0.806/0.801/0.789 | c=0.998347
[Epoch 0184] loss=4.6509 cls=0.7659 smmd=1.2881 ct=7.9234 rec=1.2317 | train/val/test=0.835/0.818/0.818 | c=0.998347
[Epoch 0185] loss=4.3701 cls=0.6441 smmd=1.2578 ct=7.9063 rec=1.2142 | train/val/test=0.845/0.828/0.836 | c=0.998347
[Epoch 0186] loss=4.1865 cls=0.5942 smmd=1.1859 ct=7.8662 rec=1.1948 | train/val/test=0.852/0.837/0.840 | c=0.998347
[Epoch 0187] loss=4.0794 cls=0.5749 smmd=1.1267 ct=7.8268 rec=1.1870 | train/val/test=0.855/0.841/0.848 | c=0.998347
[Epoch 0188] loss=3.9216 cls=0.5007 smmd=1.1188 ct=7.8138 rec=1.1925 | train/val/test=0.841/0.836/0.827 | c=0.998347
[Epoch 0189] loss=4.0276 cls=0.5469 smmd=1.1277 ct=7.8293 rec=1.2017 | train/val/test=0.850/0.836/0.841 | c=0.998347
[Epoch 0190] loss=3.9027 cls=0.5121 smmd=1.0774 ct=7.8072 rec=1.1984 | train/val/test=0.851/0.831/0.839 | c=0.998347
[Epoch 0191] loss=3.8296 cls=0.4991 smmd=1.0349 ct=7.7959 rec=1.1871 | train/val/test=0.852/0.835/0.842 | c=0.998347
[Epoch 0192] loss=3.7951 cls=0.4976 smmd=1.0006 ct=7.8075 rec=1.1888 | train/val/test=0.865/0.840/0.855 | c=0.998347
[Epoch 0193] loss=3.6683 cls=0.4442 smmd=0.9823 ct=7.7962 rec=1.1921 | train/val/test=0.857/0.842/0.847 | c=0.998347
[Epoch 0194] loss=3.7207 cls=0.4653 smmd=0.9919 ct=7.7912 rec=1.1999 | train/val/test=0.856/0.837/0.844 | c=0.998347
[Epoch 0195] loss=3.6950 cls=0.4552 smmd=0.9861 ct=7.7887 rec=1.2036 | train/val/test=0.860/0.840/0.852 | c=0.998347
[Epoch 0196] loss=3.6370 cls=0.4346 smmd=0.9729 ct=7.7768 rec=1.1977 | train/val/test=0.859/0.834/0.850 | c=0.998347
[Epoch 0197] loss=3.6344 cls=0.4497 smmd=0.9431 ct=7.7676 rec=1.1923 | train/val/test=0.861/0.840/0.854 | c=0.998347
[Epoch 0198] loss=3.5655 cls=0.4273 smmd=0.9186 ct=7.7675 rec=1.1940 | train/val/test=0.866/0.844/0.854 | c=0.998347
[Epoch 0199] loss=3.5472 cls=0.4258 smmd=0.9024 ct=7.7684 rec=1.1973 | train/val/test=0.866/0.845/0.852 | c=0.998347
[Epoch 0200] loss=3.5657 cls=0.4376 smmd=0.8972 ct=7.7656 rec=1.2007 | train/val/test=0.869/0.845/0.855 | c=0.998347
[Epoch 0201] loss=3.5011 cls=0.4164 smmd=0.8761 ct=7.7644 rec=1.1959 | train/val/test=0.869/0.844/0.859 | c=0.998347
[Epoch 0202] loss=3.4858 cls=0.4156 smmd=0.8630 ct=7.7624 rec=1.1950 | train/val/test=0.871/0.847/0.855 | c=0.998347
[Epoch 0203] loss=3.4641 cls=0.4099 smmd=0.8528 ct=7.7623 rec=1.1957 | train/val/test=0.869/0.848/0.858 | c=0.998347
[Epoch 0204] loss=3.4206 cls=0.4000 smmd=0.8255 ct=7.7746 rec=1.2007 | train/val/test=0.868/0.849/0.855 | c=0.998347
[Epoch 0205] loss=3.4142 cls=0.4018 smmd=0.8130 ct=7.7842 rec=1.2034 | train/val/test=0.874/0.855/0.862 | c=0.998347
[Epoch 0206] loss=3.3778 cls=0.3925 smmd=0.7952 ct=7.7879 rec=1.2000 | train/val/test=0.875/0.853/0.865 | c=0.998347
[Epoch 0207] loss=3.3585 cls=0.3880 smmd=0.7834 ct=7.7956 rec=1.1992 | train/val/test=0.876/0.855/0.865 | c=0.998347
[Epoch 0208] loss=3.3208 cls=0.3815 smmd=0.7589 ct=7.7957 rec=1.1984 | train/val/test=0.882/0.857/0.868 | c=0.998347
[Epoch 0209] loss=3.2983 cls=0.3766 smmd=0.7463 ct=7.7944 rec=1.1997 | train/val/test=0.877/0.856/0.867 | c=0.998347
[Epoch 0210] loss=3.2919 cls=0.3758 smmd=0.7401 ct=7.7986 rec=1.2030 | train/val/test=0.881/0.860/0.865 | c=0.998347
[Epoch 0211] loss=3.2586 cls=0.3677 smmd=0.7242 ct=7.7946 rec=1.2009 | train/val/test=0.882/0.855/0.866 | c=0.998347
[Epoch 0212] loss=3.2465 cls=0.3683 smmd=0.7113 ct=7.7947 rec=1.1987 | train/val/test=0.880/0.859/0.864 | c=0.998347
[Epoch 0213] loss=3.2386 cls=0.3640 smmd=0.7091 ct=7.8058 rec=1.2010 | train/val/test=0.881/0.860/0.865 | c=0.998347
[Epoch 0214] loss=3.2024 cls=0.3606 smmd=0.6780 ct=7.8135 rec=1.2031 | train/val/test=0.880/0.858/0.863 | c=0.998347
[Epoch 0215] loss=3.2075 cls=0.3629 smmd=0.6768 ct=7.8192 rec=1.2054 | train/val/test=0.882/0.862/0.865 | c=0.998347
[Epoch 0216] loss=3.1906 cls=0.3564 smmd=0.6724 ct=7.8219 rec=1.2050 | train/val/test=0.883/0.858/0.866 | c=0.998347
[Epoch 0217] loss=3.1652 cls=0.3562 smmd=0.6489 ct=7.8169 rec=1.2026 | train/val/test=0.882/0.859/0.866 | c=0.998347
[Epoch 0218] loss=3.1486 cls=0.3547 smmd=0.6356 ct=7.8147 rec=1.2033 | train/val/test=0.885/0.865/0.868 | c=0.998347
[Epoch 0219] loss=3.1388 cls=0.3523 smmd=0.6291 ct=7.8183 rec=1.2072 | train/val/test=0.886/0.863/0.866 | c=0.998347
[Epoch 0220] loss=3.1240 cls=0.3526 smmd=0.6136 ct=7.8176 rec=1.2081 | train/val/test=0.886/0.863/0.868 | c=0.998347
[Epoch 0221] loss=3.1070 cls=0.3485 smmd=0.6051 ct=7.8180 rec=1.2066 | train/val/test=0.886/0.864/0.869 | c=0.998347
[Epoch 0222] loss=3.0902 cls=0.3478 smmd=0.5894 ct=7.8198 rec=1.2065 | train/val/test=0.886/0.865/0.868 | c=0.998347
[Epoch 0223] loss=3.0758 cls=0.3476 smmd=0.5755 ct=7.8183 rec=1.2078 | train/val/test=0.888/0.867/0.870 | c=0.998347
[Epoch 0224] loss=3.0613 cls=0.3474 smmd=0.5600 ct=7.8209 rec=1.2111 | train/val/test=0.889/0.867/0.870 | c=0.998347
[Epoch 0225] loss=3.0436 cls=0.3456 smmd=0.5465 ct=7.8188 rec=1.2107 | train/val/test=0.888/0.864/0.870 | c=0.998347
[Epoch 0226] loss=3.0456 cls=0.3445 smmd=0.5515 ct=7.8167 rec=1.2088 | train/val/test=0.889/0.868/0.872 | c=0.998347
[Epoch 0227] loss=3.0225 cls=0.3424 smmd=0.5317 ct=7.8200 rec=1.2098 | train/val/test=0.889/0.867/0.872 | c=0.998347
[Epoch 0228] loss=3.0205 cls=0.3433 smmd=0.5274 ct=7.8207 rec=1.2115 | train/val/test=0.888/0.869/0.872 | c=0.998347
[Epoch 0229] loss=3.0009 cls=0.3418 smmd=0.5102 ct=7.8230 rec=1.2122 | train/val/test=0.888/0.868/0.873 | c=0.998347
[Epoch 0230] loss=2.9901 cls=0.3403 smmd=0.5035 ct=7.8202 rec=1.2105 | train/val/test=0.890/0.867/0.874 | c=0.998347
[Epoch 0231] loss=2.9749 cls=0.3394 smmd=0.4900 ct=7.8200 rec=1.2103 | train/val/test=0.891/0.872/0.874 | c=0.998347
[Epoch 0232] loss=2.9627 cls=0.3385 smmd=0.4787 ct=7.8231 rec=1.2118 | train/val/test=0.890/0.869/0.873 | c=0.998347
[Epoch 0233] loss=2.9505 cls=0.3389 smmd=0.4653 ct=7.8241 rec=1.2124 | train/val/test=0.891/0.869/0.873 | c=0.998347
[Epoch 0234] loss=2.9403 cls=0.3364 smmd=0.4601 ct=7.8259 rec=1.2114 | train/val/test=0.890/0.866/0.874 | c=0.998347
[Epoch 0235] loss=2.9190 cls=0.3370 smmd=0.4382 ct=7.8236 rec=1.2103 | train/val/test=0.890/0.871/0.872 | c=0.998347
[Epoch 0236] loss=2.9144 cls=0.3357 smmd=0.4351 ct=7.8276 rec=1.2119 | train/val/test=0.890/0.868/0.872 | c=0.998347
[Epoch 0237] loss=2.9068 cls=0.3370 smmd=0.4251 ct=7.8268 rec=1.2118 | train/val/test=0.891/0.871/0.874 | c=0.998347
[Epoch 0238] loss=2.8985 cls=0.3341 smmd=0.4216 ct=7.8314 rec=1.2116 | train/val/test=0.890/0.867/0.872 | c=0.998347
[Epoch 0239] loss=2.8823 cls=0.3350 smmd=0.4043 ct=7.8300 rec=1.2102 | train/val/test=0.891/0.871/0.874 | c=0.998347
[Epoch 0240] loss=2.8813 cls=0.3334 smmd=0.4048 ct=7.8367 rec=1.2121 | train/val/test=0.890/0.868/0.871 | c=0.998347
[Epoch 0241] loss=2.8701 cls=0.3359 smmd=0.3893 ct=7.8336 rec=1.2118 | train/val/test=0.892/0.870/0.875 | c=0.998347
[Epoch 0242] loss=2.8628 cls=0.3336 smmd=0.3855 ct=7.8380 rec=1.2123 | train/val/test=0.889/0.863/0.868 | c=0.998347
[Epoch 0243] loss=2.8625 cls=0.3374 smmd=0.3792 ct=7.8320 rec=1.2105 | train/val/test=0.891/0.869/0.874 | c=0.998347
[Epoch 0244] loss=2.8555 cls=0.3366 smmd=0.3710 ct=7.8431 rec=1.2136 | train/val/test=0.887/0.861/0.864 | c=0.998347
[Epoch 0245] loss=2.8565 cls=0.3460 smmd=0.3551 ct=7.8347 rec=1.2121 | train/val/test=0.887/0.865/0.872 | c=0.998347
[Epoch 0246] loss=2.8801 cls=0.3488 smmd=0.3698 ct=7.8491 rec=1.2148 | train/val/test=0.883/0.856/0.859 | c=0.998347
[Epoch 0247] loss=2.9137 cls=0.3760 smmd=0.3523 ct=7.8330 rec=1.2137 | train/val/test=0.857/0.836/0.838 | c=0.998347
[Epoch 0248] loss=2.9768 cls=0.3961 smmd=0.3685 ct=7.8613 rec=1.2195 | train/val/test=0.867/0.846/0.844 | c=0.998347
[Epoch 0249] loss=3.0755 cls=0.4531 smmd=0.3576 ct=7.8343 rec=1.2245 | train/val/test=0.832/0.803/0.809 | c=0.998347
[Epoch 0250] loss=3.1569 cls=0.4738 smmd=0.3901 ct=7.8694 rec=1.2264 | train/val/test=0.863/0.845/0.842 | c=0.998347
[Epoch 0251] loss=3.1258 cls=0.4794 smmd=0.3554 ct=7.8332 rec=1.2250 | train/val/test=0.870/0.843/0.851 | c=0.998347
[Epoch 0252] loss=2.9465 cls=0.3915 smmd=0.3472 ct=7.8585 rec=1.2229 | train/val/test=0.887/0.862/0.868 | c=0.998347
[Epoch 0253] loss=2.8035 cls=0.3390 smmd=0.3148 ct=7.8450 rec=1.2087 | train/val/test=0.887/0.861/0.867 | c=0.998347
[Epoch 0254] loss=2.8147 cls=0.3408 smmd=0.3179 ct=7.8668 rec=1.2091 | train/val/test=0.860/0.842/0.841 | c=0.998347
[Epoch 0255] loss=2.9474 cls=0.3899 smmd=0.3443 ct=7.9036 rec=1.2129 | train/val/test=0.856/0.840/0.838 | c=0.998347
[Epoch 0256] loss=3.1689 cls=0.5050 smmd=0.3422 ct=7.8567 rec=1.2271 | train/val/test=0.836/0.811/0.813 | c=0.998347
[Epoch 0257] loss=3.1726 cls=0.4829 smmd=0.3845 ct=7.8756 rec=1.2359 | train/val/test=0.886/0.861/0.864 | c=0.998347
[Epoch 0258] loss=2.8720 cls=0.3739 smmd=0.3159 ct=7.8347 rec=1.2070 | train/val/test=0.885/0.859/0.860 | c=0.998347
[Epoch 0259] loss=2.8510 cls=0.3674 smmd=0.3021 ct=7.8624 rec=1.2077 | train/val/test=0.820/0.800/0.805 | c=0.998347
[Epoch 0260] loss=3.2340 cls=0.4995 smmd=0.4055 ct=7.9361 rec=1.2120 | train/val/test=0.833/0.817/0.816 | c=0.998347
[Epoch 0261] loss=3.4216 cls=0.6180 smmd=0.3628 ct=7.8718 rec=1.2423 | train/val/test=0.839/0.815/0.819 | c=0.998347
[Epoch 0262] loss=3.1962 cls=0.4911 smmd=0.3932 ct=7.8630 rec=1.2407 | train/val/test=0.877/0.852/0.862 | c=0.998347
[Epoch 0263] loss=2.8588 cls=0.3648 smmd=0.3170 ct=7.8474 rec=1.2140 | train/val/test=0.853/0.836/0.837 | c=0.998347
[Epoch 0264] loss=3.1752 cls=0.4944 smmd=0.3595 ct=7.9062 rec=1.2284 | train/val/test=0.813/0.793/0.799 | c=0.998347
[Epoch 0265] loss=3.3680 cls=0.5454 smmd=0.4427 ct=7.9629 rec=1.2099 | train/val/test=0.870/0.848/0.848 | c=0.998347
[Epoch 0266] loss=3.0428 cls=0.4562 smmd=0.3197 ct=7.8441 rec=1.2099 | train/val/test=0.878/0.855/0.858 | c=0.998347
[Epoch 0267] loss=3.0651 cls=0.4329 smmd=0.3918 ct=7.8278 rec=1.2098 | train/val/test=0.859/0.834/0.839 | c=0.998347
[Epoch 0268] loss=3.0503 cls=0.4368 smmd=0.3593 ct=7.8596 rec=1.2275 | train/val/test=0.893/0.869/0.872 | c=0.998347
[Epoch 0269] loss=2.8143 cls=0.3321 smmd=0.3306 ct=7.8905 rec=1.2065 | train/val/test=0.873/0.856/0.856 | c=0.998347
[Epoch 0270] loss=3.0648 cls=0.4060 smmd=0.4120 ct=7.9807 rec=1.2233 | train/val/test=0.864/0.844/0.848 | c=0.998347
[Epoch 0271] loss=2.9310 cls=0.3861 smmd=0.3314 ct=7.9268 rec=1.2106 | train/val/test=0.881/0.854/0.861 | c=0.998347
[Epoch 0272] loss=2.9612 cls=0.3927 smmd=0.3671 ct=7.8378 rec=1.2054 | train/val/test=0.883/0.860/0.859 | c=0.998347
[Epoch 0273] loss=3.0334 cls=0.4193 smmd=0.3862 ct=7.8341 rec=1.2083 | train/val/test=0.888/0.864/0.872 | c=0.998347
[Epoch 0274] loss=2.8107 cls=0.3458 smmd=0.3077 ct=7.8459 rec=1.2114 | train/val/test=0.885/0.864/0.866 | c=0.998347
[Epoch 0275] loss=2.9095 cls=0.3511 smmd=0.3828 ct=7.9154 rec=1.2066 | train/val/test=0.857/0.835/0.838 | c=0.998347
[Epoch 0276] loss=3.0593 cls=0.4434 smmd=0.3401 ct=7.9359 rec=1.2258 | train/val/test=0.855/0.833/0.838 | c=0.998347
[Epoch 0277] loss=2.9848 cls=0.4138 smmd=0.3319 ct=7.9021 rec=1.2247 | train/val/test=0.882/0.854/0.864 | c=0.998347
[Epoch 0278] loss=2.8563 cls=0.3580 smmd=0.3287 ct=7.8461 rec=1.2120 | train/val/test=0.882/0.857/0.858 | c=0.998347
[Epoch 0279] loss=2.9577 cls=0.4103 smmd=0.3262 ct=7.8436 rec=1.2113 | train/val/test=0.886/0.863/0.868 | c=0.998347
[Epoch 0280] loss=2.8390 cls=0.3506 smmd=0.3196 ct=7.8814 rec=1.2095 | train/val/test=0.898/0.877/0.882 | c=0.998347
[Epoch 0281] loss=2.7552 cls=0.3235 smmd=0.2884 ct=7.8897 rec=1.2086 | train/val/test=0.877/0.855/0.854 | c=0.998347
[Epoch 0282] loss=2.8741 cls=0.3856 smmd=0.2850 ct=7.8772 rec=1.2126 | train/val/test=0.883/0.861/0.870 | c=0.998347
[Epoch 0283] loss=2.8167 cls=0.3571 smmd=0.2832 ct=7.8745 rec=1.2217 | train/val/test=0.898/0.880/0.884 | c=0.998347
[Epoch 0284] loss=2.7374 cls=0.3302 smmd=0.2629 ct=7.8587 rec=1.2122 | train/val/test=0.881/0.856/0.859 | c=0.998347
[Epoch 0285] loss=2.8688 cls=0.3771 smmd=0.2965 ct=7.8733 rec=1.2167 | train/val/test=0.878/0.860/0.858 | c=0.998347
[Epoch 0286] loss=2.7989 cls=0.3541 smmd=0.2681 ct=7.9003 rec=1.2120 | train/val/test=0.892/0.870/0.879 | c=0.998347
[Epoch 0287] loss=2.6966 cls=0.3217 smmd=0.2385 ct=7.8623 rec=1.2108 | train/val/test=0.890/0.862/0.866 | c=0.998347
[Epoch 0288] loss=2.7675 cls=0.3465 smmd=0.2620 ct=7.8530 rec=1.2097 | train/val/test=0.899/0.880/0.881 | c=0.998347
[Epoch 0289] loss=2.7147 cls=0.3262 smmd=0.2457 ct=7.8683 rec=1.2152 | train/val/test=0.903/0.881/0.888 | c=0.998347
[Epoch 0290] loss=2.7016 cls=0.3204 smmd=0.2437 ct=7.8770 rec=1.2092 | train/val/test=0.888/0.863/0.866 | c=0.998347
[Epoch 0291] loss=2.7581 cls=0.3440 smmd=0.2495 ct=7.8875 rec=1.2152 | train/val/test=0.891/0.867/0.878 | c=0.998347
[Epoch 0292] loss=2.7207 cls=0.3351 smmd=0.2299 ct=7.8847 rec=1.2185 | train/val/test=0.895/0.871/0.881 | c=0.998347
[Epoch 0293] loss=2.6826 cls=0.3217 smmd=0.2252 ct=7.8583 rec=1.2117 | train/val/test=0.893/0.865/0.870 | c=0.998347
[Epoch 0294] loss=2.7194 cls=0.3354 smmd=0.2330 ct=7.8632 rec=1.2144 | train/val/test=0.898/0.876/0.885 | c=0.998347
[Epoch 0295] loss=2.7004 cls=0.3277 smmd=0.2249 ct=7.8882 rec=1.2125 | train/val/test=0.897/0.877/0.887 | c=0.998347
[Epoch 0296] loss=2.6544 cls=0.3132 smmd=0.2099 ct=7.8800 rec=1.2112 | train/val/test=0.893/0.865/0.871 | c=0.998347
[Epoch 0297] loss=2.6782 cls=0.3266 smmd=0.2070 ct=7.8738 rec=1.2154 | train/val/test=0.898/0.878/0.885 | c=0.998347
[Epoch 0298] loss=2.6725 cls=0.3227 smmd=0.2105 ct=7.8689 rec=1.2143 | train/val/test=0.905/0.882/0.887 | c=0.998347
[Epoch 0299] loss=2.6480 cls=0.3106 smmd=0.2099 ct=7.8720 rec=1.2126 | train/val/test=0.901/0.874/0.881 | c=0.998347
[Epoch 0300] loss=2.6628 cls=0.3192 smmd=0.2040 ct=7.8868 rec=1.2150 | train/val/test=0.895/0.872/0.883 | c=0.998347
[Epoch 0301] loss=2.6677 cls=0.3242 smmd=0.1982 ct=7.8898 rec=1.2151 | train/val/test=0.899/0.874/0.881 | c=0.998347
[Epoch 0302] loss=2.6408 cls=0.3145 smmd=0.1942 ct=7.8729 rec=1.2151 | train/val/test=0.900/0.875/0.880 | c=0.998347
[Epoch 0303] loss=2.6368 cls=0.3144 smmd=0.1925 ct=7.8652 rec=1.2121 | train/val/test=0.901/0.879/0.889 | c=0.998347
[Epoch 0304] loss=2.6555 cls=0.3203 smmd=0.1953 ct=7.8848 rec=1.2140 | train/val/test=0.900/0.874/0.882 | c=0.998347
[Epoch 0305] loss=2.6336 cls=0.3146 smmd=0.1837 ct=7.8882 rec=1.2149 | train/val/test=0.898/0.874/0.884 | c=0.998347
[Epoch 0306] loss=2.6306 cls=0.3121 smmd=0.1874 ct=7.8815 rec=1.2134 | train/val/test=0.902/0.882/0.887 | c=0.998347
[Epoch 0307] loss=2.6291 cls=0.3161 smmd=0.1777 ct=7.8803 rec=1.2162 | train/val/test=0.902/0.874/0.882 | c=0.998347
[Epoch 0308] loss=2.6323 cls=0.3150 smmd=0.1847 ct=7.8751 rec=1.2132 | train/val/test=0.903/0.883/0.886 | c=0.998347
[Epoch 0309] loss=2.6132 cls=0.3098 smmd=0.1730 ct=7.8880 rec=1.2148 | train/val/test=0.901/0.883/0.887 | c=0.998347
[Epoch 0310] loss=2.6160 cls=0.3116 smmd=0.1718 ct=7.8901 rec=1.2152 | train/val/test=0.901/0.874/0.879 | c=0.998347
[Epoch 0311] loss=2.6164 cls=0.3133 smmd=0.1711 ct=7.8801 rec=1.2141 | train/val/test=0.903/0.883/0.889 | c=0.998347
[Epoch 0312] loss=2.6172 cls=0.3118 smmd=0.1745 ct=7.8804 rec=1.2149 | train/val/test=0.903/0.882/0.888 | c=0.998347
[Epoch 0313] loss=2.6039 cls=0.3085 smmd=0.1673 ct=7.8844 rec=1.2139 | train/val/test=0.902/0.878/0.884 | c=0.998347
[Epoch 0314] loss=2.6089 cls=0.3104 smmd=0.1666 ct=7.8925 rec=1.2152 | train/val/test=0.902/0.881/0.889 | c=0.998347
[Epoch 0315] loss=2.6049 cls=0.3116 smmd=0.1608 ct=7.8894 rec=1.2150 | train/val/test=0.904/0.878/0.883 | c=0.998347
[Epoch 0316] loss=2.6029 cls=0.3101 smmd=0.1634 ct=7.8818 rec=1.2150 | train/val/test=0.904/0.881/0.890 | c=0.998347
[Epoch 0317] loss=2.5989 cls=0.3081 smmd=0.1632 ct=7.8833 rec=1.2136 | train/val/test=0.904/0.884/0.887 | c=0.998347
[Epoch 0318] loss=2.5990 cls=0.3095 smmd=0.1578 ct=7.8943 rec=1.2164 | train/val/test=0.900/0.875/0.884 | c=0.998347
[Epoch 0319] loss=2.5955 cls=0.3103 smmd=0.1547 ct=7.8878 rec=1.2131 | train/val/test=0.905/0.885/0.885 | c=0.998347
[Epoch 0320] loss=2.5988 cls=0.3110 smmd=0.1554 ct=7.8901 rec=1.2170 | train/val/test=0.901/0.874/0.885 | c=0.998347
[Epoch 0321] loss=2.6038 cls=0.3119 smmd=0.1608 ct=7.8839 rec=1.2119 | train/val/test=0.904/0.887/0.883 | c=0.998347
[Epoch 0322] loss=2.6126 cls=0.3183 smmd=0.1514 ct=7.9018 rec=1.2212 | train/val/test=0.892/0.872/0.879 | c=0.998347
[Epoch 0323] loss=2.6756 cls=0.3415 smmd=0.1719 ct=7.8899 rec=1.2133 | train/val/test=0.875/0.861/0.857 | c=0.998347
[Epoch 0324] loss=2.8077 cls=0.3982 smmd=0.1787 ct=7.9199 rec=1.2435 | train/val/test=0.753/0.732/0.737 | c=0.998347
[Epoch 0325] loss=3.9851 cls=0.8741 smmd=0.3959 ct=7.9491 rec=1.2565 | train/val/test=0.241/0.247/0.238 | c=0.998347
[Epoch 0326] loss=13.3889 cls=5.1320 smmd=1.1912 ct=8.1730 rec=1.4957 | train/val/test=0.074/0.068/0.074 | c=0.998347
[Epoch 0327] loss=27.8869 cls=11.4311 smmd=3.1015 ct=8.2001 rec=1.4157 | train/val/test=0.544/0.526/0.539 | c=0.998347
[Epoch 0328] loss=16.3604 cls=5.2388 smmd=3.9838 ct=8.1222 rec=1.3726 | train/val/test=0.660/0.651/0.654 | c=0.998347
[Epoch 0329] loss=11.7863 cls=2.6351 smmd=4.6399 ct=8.0922 rec=1.2892 | train/val/test=0.164/0.167/0.161 | c=0.998347
[Epoch 0330] loss=19.1806 cls=6.0132 smmd=5.2210 ct=8.1847 rec=1.4811 | train/val/test=0.223/0.232/0.212 | c=0.998347
[Epoch 0331] loss=19.5967 cls=6.0051 smmd=5.6258 ct=8.3239 rec=1.4794 | train/val/test=0.555/0.544/0.540 | c=0.998347
[Epoch 0332] loss=20.9606 cls=6.5462 smmd=5.9255 ct=8.3807 rec=1.3329 | train/val/test=0.506/0.494/0.487 | c=0.998347
[Epoch 0333] loss=23.7490 cls=7.8335 smmd=6.1091 ct=8.4097 rec=1.4543 | train/val/test=0.058/0.056/0.054 | c=0.998347
[Epoch 0334] loss=26.8744 cls=9.3593 smmd=6.1814 ct=8.4323 rec=1.4396 | train/val/test=0.431/0.427/0.423 | c=0.998347
[Epoch 0335] loss=21.7927 cls=6.8303 smmd=6.1772 ct=8.4375 rec=1.3369 | train/val/test=0.538/0.529/0.527 | c=0.998347
[Epoch 0336] loss=20.3463 cls=6.0984 smmd=6.1972 ct=8.4029 rec=1.3583 | train/val/test=0.568/0.553/0.553 | c=0.998347
[Epoch 0337] loss=17.8738 cls=4.8644 smmd=6.2028 ct=8.3759 rec=1.3352 | train/val/test=0.490/0.469/0.477 | c=0.998347
[Epoch 0338] loss=17.2363 cls=4.5487 smmd=6.2045 ct=8.3652 rec=1.3066 | train/val/test=0.215/0.211/0.210 | c=0.998347
[Epoch 0339] loss=18.9239 cls=5.4044 smmd=6.1730 ct=8.3717 rec=1.3389 | train/val/test=0.559/0.546/0.533 | c=0.998347
[Epoch 0340] loss=14.8506 cls=3.4010 smmd=6.1169 ct=8.3479 rec=1.3108 | train/val/test=0.477/0.470/0.470 | c=0.998347
[Epoch 0341] loss=16.7712 cls=4.3826 smmd=6.0819 ct=8.3316 rec=1.2886 | train/val/test=0.479/0.475/0.471 | c=0.998347
[Epoch 0342] loss=16.1648 cls=4.1000 smmd=6.0409 ct=8.3207 rec=1.2989 | train/val/test=0.559/0.564/0.550 | c=0.998347
[Epoch 0343] loss=13.8597 cls=2.9791 smmd=5.9840 ct=8.3121 rec=1.2750 | train/val/test=0.270/0.262/0.256 | c=0.998347
[Epoch 0344] loss=15.8309 cls=3.9902 smmd=5.9034 ct=8.3034 rec=1.4325 | train/val/test=0.478/0.472/0.457 | c=0.998347
[Epoch 0345] loss=14.7518 cls=3.5273 smmd=5.7777 ct=8.2803 rec=1.3172 | train/val/test=0.598/0.595/0.589 | c=0.998347
[Epoch 0346] loss=14.6333 cls=3.5344 smmd=5.6487 ct=8.2362 rec=1.3431 | train/val/test=0.616/0.611/0.606 | c=0.998347
[Epoch 0347] loss=14.9122 cls=3.7519 smmd=5.5172 ct=8.2151 rec=1.2411 | train/val/test=0.604/0.608/0.593 | c=0.998347
[Epoch 0348] loss=13.0259 cls=2.8931 smmd=5.3462 ct=8.2165 rec=1.2512 | train/val/test=0.484/0.477/0.455 | c=0.998347
[Epoch 0349] loss=12.3641 cls=2.6508 smmd=5.1575 ct=8.2255 rec=1.2998 | train/val/test=0.572/0.565/0.558 | c=0.998347
[Epoch 0350] loss=11.8465 cls=2.4942 smmd=4.9691 ct=8.2101 rec=1.2343 | train/val/test=0.505/0.501/0.494 | c=0.998347
[Epoch 0351] loss=12.0939 cls=2.7084 smmd=4.7893 ct=8.1988 rec=1.2402 | train/val/test=0.586/0.584/0.572 | c=0.998347
[Epoch 0352] loss=10.2238 cls=1.8949 smmd=4.5465 ct=8.1972 rec=1.2404 | train/val/test=0.697/0.692/0.677 | c=0.998347
[Epoch 0353] loss=9.4955 cls=1.6804 smmd=4.2521 ct=8.1981 rec=1.2147 | train/val/test=0.693/0.692/0.671 | c=0.998347
[Epoch 0354] loss=8.8770 cls=1.5386 smmd=3.9189 ct=8.1906 rec=1.2135 | train/val/test=0.638/0.643/0.630 | c=0.998347
[Epoch 0355] loss=8.5645 cls=1.5724 smmd=3.5416 ct=8.1504 rec=1.2395 | train/val/test=0.731/0.723/0.713 | c=0.998347
[Epoch 0356] loss=7.6299 cls=1.3519 smmd=3.0635 ct=8.0570 rec=1.2566 | train/val/test=0.722/0.715/0.709 | c=0.998347
[Epoch 0357] loss=6.9086 cls=1.2697 smmd=2.5408 ct=7.9177 rec=1.2239 | train/val/test=0.719/0.711/0.708 | c=0.998347
[Epoch 0358] loss=6.5348 cls=1.3192 smmd=2.0976 ct=7.7850 rec=1.2092 | train/val/test=0.776/0.768/0.765 | c=0.998347
[Epoch 0359] loss=5.9349 cls=1.1404 smmd=1.8612 ct=7.7555 rec=1.2095 | train/val/test=0.805/0.802/0.796 | c=0.998347
[Epoch 0360] loss=5.6431 cls=1.0006 smmd=1.8301 ct=7.8501 rec=1.2086 | train/val/test=0.767/0.764/0.746 | c=0.998347
[Epoch 0361] loss=5.9631 cls=1.1096 smmd=1.9095 ct=7.9621 rec=1.2101 | train/val/test=0.812/0.818/0.806 | c=0.998347
[Epoch 0362] loss=5.6227 cls=0.9545 smmd=1.8835 ct=7.9616 rec=1.1896 | train/val/test=0.821/0.815/0.819 | c=0.998347
[Epoch 0363] loss=5.6128 cls=0.9641 smmd=1.8619 ct=7.9285 rec=1.1851 | train/val/test=0.817/0.802/0.806 | c=0.998347
[Epoch 0364] loss=5.5463 cls=0.9526 smmd=1.8206 ct=7.9171 rec=1.1851 | train/val/test=0.830/0.821/0.819 | c=0.998347
[Epoch 0365] loss=5.2865 cls=0.8333 smmd=1.7957 ct=7.9303 rec=1.1908 | train/val/test=0.820/0.815/0.811 | c=0.998347
[Epoch 0366] loss=5.2052 cls=0.8075 smmd=1.7590 ct=7.9552 rec=1.2005 | train/val/test=0.813/0.817/0.806 | c=0.998347
[Epoch 0367] loss=5.1015 cls=0.8125 smmd=1.6446 ct=7.9538 rec=1.2063 | train/val/test=0.829/0.826/0.818 | c=0.998347
[Epoch 0368] loss=4.7789 cls=0.7383 smmd=1.4826 ct=7.8997 rec=1.1986 | train/val/test=0.831/0.828/0.828 | c=0.998347
[Epoch 0369] loss=4.6408 cls=0.7302 smmd=1.3765 ct=7.8288 rec=1.1907 | train/val/test=0.823/0.817/0.816 | c=0.998347
[Epoch 0370] loss=4.6654 cls=0.7637 smmd=1.3447 ct=7.7785 rec=1.1875 | train/val/test=0.837/0.828/0.834 | c=0.998347
[Epoch 0371] loss=4.4973 cls=0.6943 smmd=1.3199 ct=7.7548 rec=1.1885 | train/val/test=0.843/0.841/0.834 | c=0.998347
[Epoch 0372] loss=4.4047 cls=0.6533 smmd=1.3066 ct=7.7667 rec=1.1908 | train/val/test=0.840/0.839/0.831 | c=0.998347
[Epoch 0373] loss=4.4167 cls=0.6636 smmd=1.2924 ct=7.7912 rec=1.1945 | train/val/test=0.847/0.846/0.841 | c=0.998347
[Epoch 0374] loss=4.2790 cls=0.6204 smmd=1.2405 ct=7.7950 rec=1.1936 | train/val/test=0.864/0.853/0.852 | c=0.998347
[Epoch 0375] loss=4.1023 cls=0.5608 smmd=1.1858 ct=7.7854 rec=1.1896 | train/val/test=0.858/0.845/0.854 | c=0.998347
[Epoch 0376] loss=4.1051 cls=0.5715 smmd=1.1665 ct=7.7903 rec=1.1877 | train/val/test=0.858/0.843/0.851 | c=0.998347
[Epoch 0377] loss=4.0625 cls=0.5613 smmd=1.1410 ct=7.8061 rec=1.1885 | train/val/test=0.863/0.849/0.856 | c=0.998347
[Epoch 0378] loss=3.9471 cls=0.5127 smmd=1.1181 ct=7.8256 rec=1.1921 | train/val/test=0.862/0.855/0.852 | c=0.998347
[Epoch 0379] loss=3.9047 cls=0.5015 smmd=1.0941 ct=7.8424 rec=1.1958 | train/val/test=0.867/0.859/0.860 | c=0.998347
[Epoch 0380] loss=3.8568 cls=0.4817 smmd=1.0872 ct=7.8356 rec=1.1953 | train/val/test=0.878/0.862/0.867 | c=0.998347
[Epoch 0381] loss=3.7703 cls=0.4572 smmd=1.0567 ct=7.8063 rec=1.1899 | train/val/test=0.875/0.859/0.867 | c=0.998347
[Epoch 0382] loss=3.7420 cls=0.4619 smmd=1.0246 ct=7.7808 rec=1.1867 | train/val/test=0.874/0.858/0.866 | c=0.998347
[Epoch 0383] loss=3.7097 cls=0.4645 smmd=0.9889 ct=7.7737 rec=1.1857 | train/val/test=0.879/0.865/0.871 | c=0.998347
[Epoch 0384] loss=3.6367 cls=0.4466 smmd=0.9492 ct=7.7842 rec=1.1871 | train/val/test=0.882/0.869/0.871 | c=0.998347
[Epoch 0385] loss=3.6009 cls=0.4357 smmd=0.9309 ct=7.8017 rec=1.1916 | train/val/test=0.883/0.869/0.874 | c=0.998347
[Epoch 0386] loss=3.5750 cls=0.4269 smmd=0.9210 ct=7.8071 rec=1.1938 | train/val/test=0.886/0.871/0.873 | c=0.998347
[Epoch 0387] loss=3.5296 cls=0.4099 smmd=0.9115 ct=7.7990 rec=1.1922 | train/val/test=0.887/0.868/0.874 | c=0.998347
[Epoch 0388] loss=3.4924 cls=0.3995 smmd=0.8962 ct=7.7950 rec=1.1912 | train/val/test=0.888/0.868/0.874 | c=0.998347
[Epoch 0389] loss=3.4711 cls=0.3926 smmd=0.8866 ct=7.8040 rec=1.1922 | train/val/test=0.891/0.872/0.877 | c=0.998347
[Epoch 0390] loss=3.4307 cls=0.3810 smmd=0.8662 ct=7.8186 rec=1.1945 | train/val/test=0.894/0.872/0.880 | c=0.998347
[Epoch 0391] loss=3.3967 cls=0.3787 smmd=0.8344 ct=7.8282 rec=1.1965 | train/val/test=0.892/0.875/0.878 | c=0.998347
[Epoch 0392] loss=3.3844 cls=0.3784 smmd=0.8233 ct=7.8251 rec=1.1965 | train/val/test=0.893/0.875/0.881 | c=0.998347
[Epoch 0393] loss=3.3536 cls=0.3774 smmd=0.7975 ct=7.8120 rec=1.1946 | train/val/test=0.893/0.875/0.880 | c=0.998347
[Epoch 0394] loss=3.3303 cls=0.3759 smmd=0.7799 ct=7.7998 rec=1.1936 | train/val/test=0.893/0.877/0.882 | c=0.998347
[Epoch 0395] loss=3.2988 cls=0.3686 smmd=0.7628 ct=7.7991 rec=1.1949 | train/val/test=0.897/0.879/0.884 | c=0.998347
[Epoch 0396] loss=3.2772 cls=0.3594 smmd=0.7565 ct=7.8113 rec=1.1983 | train/val/test=0.899/0.880/0.887 | c=0.998347
[Epoch 0397] loss=3.2538 cls=0.3537 smmd=0.7421 ct=7.8209 rec=1.2010 | train/val/test=0.899/0.880/0.888 | c=0.998347
[Epoch 0398] loss=3.2346 cls=0.3494 smmd=0.7328 ct=7.8162 rec=1.1993 | train/val/test=0.897/0.878/0.885 | c=0.998347
[Epoch 0399] loss=3.2079 cls=0.3505 smmd=0.7054 ct=7.8098 rec=1.1975 | train/val/test=0.896/0.878/0.884 | c=0.998347
[Epoch 0400] loss=3.1947 cls=0.3496 smmd=0.6934 ct=7.8129 rec=1.1977 | train/val/test=0.900/0.883/0.887 | c=0.998347
[Epoch 0401] loss=3.1673 cls=0.3441 smmd=0.6748 ct=7.8225 rec=1.1994 | train/val/test=0.902/0.882/0.889 | c=0.998347
[Epoch 0402] loss=3.1494 cls=0.3401 smmd=0.6628 ct=7.8300 rec=1.2013 | train/val/test=0.903/0.883/0.889 | c=0.998347
[Epoch 0403] loss=3.1380 cls=0.3356 smmd=0.6607 ct=7.8285 rec=1.2019 | train/val/test=0.901/0.880/0.889 | c=0.998347
[Epoch 0404] loss=3.1110 cls=0.3337 smmd=0.6395 ct=7.8192 rec=1.2010 | train/val/test=0.900/0.879/0.889 | c=0.998347
[Epoch 0405] loss=3.0954 cls=0.3340 smmd=0.6249 ct=7.8123 rec=1.2004 | train/val/test=0.901/0.880/0.889 | c=0.998347
[Epoch 0406] loss=3.0792 cls=0.3306 smmd=0.6147 ct=7.8158 rec=1.2014 | train/val/test=0.904/0.883/0.888 | c=0.998347
[Epoch 0407] loss=3.0715 cls=0.3274 smmd=0.6111 ct=7.8257 rec=1.2032 | train/val/test=0.904/0.881/0.887 | c=0.998347
[Epoch 0408] loss=3.0455 cls=0.3262 smmd=0.5868 ct=7.8280 rec=1.2039 | train/val/test=0.903/0.881/0.887 | c=0.998347
[Epoch 0409] loss=3.0329 cls=0.3251 smmd=0.5782 ct=7.8200 rec=1.2031 | train/val/test=0.900/0.878/0.888 | c=0.998347
[Epoch 0410] loss=3.0208 cls=0.3248 smmd=0.5676 ct=7.8151 rec=1.2029 | train/val/test=0.901/0.877/0.887 | c=0.998347
[Epoch 0411] loss=3.0085 cls=0.3223 smmd=0.5593 ct=7.8189 rec=1.2037 | train/val/test=0.903/0.877/0.887 | c=0.998347
[Epoch 0412] loss=2.9875 cls=0.3190 smmd=0.5428 ct=7.8276 rec=1.2051 | train/val/test=0.904/0.879/0.888 | c=0.998347
[Epoch 0413] loss=2.9776 cls=0.3175 smmd=0.5347 ct=7.8329 rec=1.2057 | train/val/test=0.903/0.880/0.888 | c=0.998347
[Epoch 0414] loss=2.9627 cls=0.3171 smmd=0.5214 ct=7.8301 rec=1.2053 | train/val/test=0.902/0.877/0.889 | c=0.998347
[Epoch 0415] loss=2.9553 cls=0.3173 smmd=0.5149 ct=7.8238 rec=1.2049 | train/val/test=0.903/0.877/0.888 | c=0.998347
[Epoch 0416] loss=2.9406 cls=0.3161 smmd=0.5028 ct=7.8227 rec=1.2055 | train/val/test=0.903/0.878/0.887 | c=0.998347
[Epoch 0417] loss=2.9315 cls=0.3138 smmd=0.4971 ct=7.8270 rec=1.2068 | train/val/test=0.904/0.876/0.888 | c=0.998347
[Epoch 0418] loss=2.9222 cls=0.3124 smmd=0.4904 ct=7.8276 rec=1.2073 | train/val/test=0.904/0.875/0.887 | c=0.998347
[Epoch 0419] loss=2.9065 cls=0.3122 smmd=0.4761 ct=7.8241 rec=1.2069 | train/val/test=0.903/0.875/0.888 | c=0.998347
[Epoch 0420] loss=2.8905 cls=0.3119 smmd=0.4604 ct=7.8243 rec=1.2068 | train/val/test=0.903/0.876/0.886 | c=0.998347
[Epoch 0421] loss=2.8923 cls=0.3107 smmd=0.4635 ct=7.8289 rec=1.2075 | train/val/test=0.904/0.877/0.886 | c=0.998347
[Epoch 0422] loss=2.8774 cls=0.3097 smmd=0.4496 ct=7.8339 rec=1.2084 | train/val/test=0.904/0.879/0.887 | c=0.998347
[Epoch 0423] loss=2.8580 cls=0.3087 smmd=0.4321 ct=7.8344 rec=1.2087 | train/val/test=0.903/0.876/0.885 | c=0.998347
[Epoch 0424] loss=2.8546 cls=0.3086 smmd=0.4296 ct=7.8300 rec=1.2085 | train/val/test=0.903/0.876/0.886 | c=0.998347
[Epoch 0425] loss=2.8474 cls=0.3084 smmd=0.4233 ct=7.8280 rec=1.2087 | train/val/test=0.903/0.879/0.883 | c=0.998347
[Epoch 0426] loss=2.8365 cls=0.3075 smmd=0.4134 ct=7.8312 rec=1.2095 | train/val/test=0.903/0.879/0.885 | c=0.998347
[Epoch 0427] loss=2.8215 cls=0.3069 smmd=0.3991 ct=7.8332 rec=1.2101 | train/val/test=0.903/0.878/0.886 | c=0.998347
[Epoch 0428] loss=2.8163 cls=0.3064 smmd=0.3953 ct=7.8310 rec=1.2099 | train/val/test=0.903/0.877/0.886 | c=0.998347
[Epoch 0429] loss=2.8138 cls=0.3063 smmd=0.3933 ct=7.8298 rec=1.2100 | train/val/test=0.902/0.877/0.885 | c=0.998347
[Epoch 0430] loss=2.7983 cls=0.3059 smmd=0.3779 ct=7.8317 rec=1.2106 | train/val/test=0.902/0.878/0.886 | c=0.998347
[Epoch 0431] loss=2.7979 cls=0.3058 smmd=0.3771 ct=7.8347 rec=1.2114 | train/val/test=0.902/0.879/0.884 | c=0.998347
[Epoch 0432] loss=2.7906 cls=0.3055 smmd=0.3701 ct=7.8360 rec=1.2116 | train/val/test=0.903/0.877/0.885 | c=0.998347
[Epoch 0433] loss=2.7836 cls=0.3053 smmd=0.3638 ct=7.8344 rec=1.2115 | train/val/test=0.903/0.877/0.885 | c=0.998347
[Epoch 0434] loss=2.7716 cls=0.3051 smmd=0.3522 ct=7.8343 rec=1.2118 | train/val/test=0.902/0.877/0.886 | c=0.998347
[Epoch 0435] loss=2.7634 cls=0.3048 smmd=0.3440 ct=7.8360 rec=1.2126 | train/val/test=0.902/0.877/0.886 | c=0.998347
[Epoch 0436] loss=2.7647 cls=0.3049 smmd=0.3452 ct=7.8351 rec=1.2129 | train/val/test=0.902/0.877/0.885 | c=0.998347
[Epoch 0437] loss=2.7550 cls=0.3048 smmd=0.3360 ct=7.8341 rec=1.2128 | train/val/test=0.903/0.877/0.886 | c=0.998347
[Epoch 0438] loss=2.7613 cls=0.3045 smmd=0.3426 ct=7.8356 rec=1.2130 | train/val/test=0.904/0.877/0.886 | c=0.998347
[Epoch 0439] loss=2.7423 cls=0.3043 smmd=0.3234 ct=7.8383 rec=1.2136 | train/val/test=0.904/0.877/0.887 | c=0.998347
[Epoch 0440] loss=2.7407 cls=0.3043 smmd=0.3215 ct=7.8392 rec=1.2140 | train/val/test=0.903/0.877/0.887 | c=0.998347
[Epoch 0441] loss=2.7343 cls=0.3043 smmd=0.3155 ct=7.8371 rec=1.2139 | train/val/test=0.904/0.877/0.886 | c=0.998347
[Epoch 0442] loss=2.7320 cls=0.3042 smmd=0.3135 ct=7.8371 rec=1.2141 | train/val/test=0.904/0.876/0.886 | c=0.998347
[Epoch 0443] loss=2.7220 cls=0.3039 smmd=0.3035 ct=7.8395 rec=1.2145 | train/val/test=0.904/0.877/0.885 | c=0.998347
[Epoch 0444] loss=2.7166 cls=0.3038 smmd=0.2979 ct=7.8401 rec=1.2148 | train/val/test=0.903/0.879/0.887 | c=0.998347
[Epoch 0445] loss=2.7179 cls=0.3037 smmd=0.2996 ct=7.8396 rec=1.2147 | train/val/test=0.903/0.878/0.887 | c=0.998347
[Epoch 0446] loss=2.7071 cls=0.3036 smmd=0.2890 ct=7.8399 rec=1.2148 | train/val/test=0.904/0.878/0.887 | c=0.998347
[Epoch 0447] loss=2.7093 cls=0.3033 smmd=0.2912 ct=7.8418 rec=1.2151 | train/val/test=0.903/0.879/0.887 | c=0.998347
[Epoch 0448] loss=2.7037 cls=0.3031 smmd=0.2858 ct=7.8428 rec=1.2153 | train/val/test=0.904/0.879/0.887 | c=0.998347
[Epoch 0449] loss=2.7004 cls=0.3030 smmd=0.2830 ct=7.8418 rec=1.2151 | train/val/test=0.903/0.880/0.888 | c=0.998347
[Epoch 0450] loss=2.6907 cls=0.3028 smmd=0.2735 ct=7.8426 rec=1.2152 | train/val/test=0.903/0.880/0.888 | c=0.998347
[Epoch 0451] loss=2.6865 cls=0.3026 smmd=0.2693 ct=7.8444 rec=1.2156 | train/val/test=0.904/0.881/0.888 | c=0.998347
[Epoch 0452] loss=2.6888 cls=0.3024 smmd=0.2719 ct=7.8450 rec=1.2156 | train/val/test=0.903/0.881/0.888 | c=0.998347
[Epoch 0453] loss=2.6815 cls=0.3022 smmd=0.2650 ct=7.8448 rec=1.2154 | train/val/test=0.903/0.881/0.888 | c=0.998347
[Epoch 0454] loss=2.6804 cls=0.3020 smmd=0.2642 ct=7.8454 rec=1.2155 | train/val/test=0.904/0.881/0.889 | c=0.998347
[Epoch 0455] loss=2.6715 cls=0.3017 smmd=0.2555 ct=7.8471 rec=1.2157 | train/val/test=0.904/0.881/0.888 | c=0.998347
[Epoch 0456] loss=2.6745 cls=0.3014 smmd=0.2590 ct=7.8472 rec=1.2157 | train/val/test=0.903/0.882/0.889 | c=0.998347
[Epoch 0457] loss=2.6720 cls=0.3013 smmd=0.2569 ct=7.8472 rec=1.2155 | train/val/test=0.903/0.882/0.889 | c=0.998347
[Epoch 0458] loss=2.6677 cls=0.3011 smmd=0.2527 ct=7.8487 rec=1.2157 | train/val/test=0.904/0.882/0.888 | c=0.998347
[Epoch 0459] loss=2.6637 cls=0.3008 smmd=0.2490 ct=7.8499 rec=1.2157 | train/val/test=0.904/0.883/0.889 | c=0.998347
[Epoch 0460] loss=2.6538 cls=0.3005 smmd=0.2396 ct=7.8500 rec=1.2156 | train/val/test=0.904/0.882/0.890 | c=0.998347
[Epoch 0461] loss=2.6568 cls=0.3003 smmd=0.2432 ct=7.8492 rec=1.2155 | train/val/test=0.904/0.883/0.889 | c=0.998347
[Epoch 0462] loss=2.6554 cls=0.3000 smmd=0.2421 ct=7.8508 rec=1.2156 | train/val/test=0.905/0.883/0.890 | c=0.998347
[Epoch 0463] loss=2.6501 cls=0.2998 smmd=0.2370 ct=7.8516 rec=1.2156 | train/val/test=0.904/0.883/0.891 | c=0.998347
[Epoch 0464] loss=2.6423 cls=0.2996 smmd=0.2296 ct=7.8525 rec=1.2155 | train/val/test=0.905/0.883/0.891 | c=0.998347
[Epoch 0465] loss=2.6454 cls=0.2993 smmd=0.2331 ct=7.8526 rec=1.2155 | train/val/test=0.905/0.884/0.891 | c=0.998347
[Epoch 0466] loss=2.6360 cls=0.2991 smmd=0.2239 ct=7.8539 rec=1.2156 | train/val/test=0.905/0.885/0.891 | c=0.998347
[Epoch 0467] loss=2.6339 cls=0.2989 smmd=0.2222 ct=7.8540 rec=1.2155 | train/val/test=0.905/0.884/0.891 | c=0.998347
[Epoch 0468] loss=2.6358 cls=0.2986 smmd=0.2248 ct=7.8540 rec=1.2153 | train/val/test=0.905/0.885/0.891 | c=0.998347
[Epoch 0469] loss=2.6341 cls=0.2983 smmd=0.2234 ct=7.8548 rec=1.2154 | train/val/test=0.906/0.886/0.891 | c=0.998347
[Epoch 0470] loss=2.6299 cls=0.2981 smmd=0.2193 ct=7.8562 rec=1.2155 | train/val/test=0.906/0.886/0.892 | c=0.998347
[Epoch 0471] loss=2.6228 cls=0.2979 smmd=0.2128 ct=7.8559 rec=1.2153 | train/val/test=0.906/0.886/0.891 | c=0.998347
[Epoch 0472] loss=2.6262 cls=0.2977 smmd=0.2164 ct=7.8564 rec=1.2152 | train/val/test=0.907/0.886/0.891 | c=0.998347
[Epoch 0473] loss=2.6286 cls=0.2975 smmd=0.2189 ct=7.8580 rec=1.2154 | train/val/test=0.907/0.886/0.891 | c=0.998347
[Epoch 0474] loss=2.6231 cls=0.2973 smmd=0.2138 ct=7.8587 rec=1.2154 | train/val/test=0.907/0.886/0.891 | c=0.998347
[Epoch 0475] loss=2.6175 cls=0.2970 smmd=0.2087 ct=7.8584 rec=1.2152 | train/val/test=0.907/0.887/0.891 | c=0.998347
[Epoch 0476] loss=2.6174 cls=0.2969 smmd=0.2089 ct=7.8586 rec=1.2152 | train/val/test=0.908/0.886/0.891 | c=0.998347
[Epoch 0477] loss=2.6128 cls=0.2967 smmd=0.2041 ct=7.8607 rec=1.2155 | train/val/test=0.908/0.886/0.890 | c=0.998347
[Epoch 0478] loss=2.6114 cls=0.2966 smmd=0.2033 ct=7.8591 rec=1.2151 | train/val/test=0.908/0.886/0.891 | c=0.998347
[Epoch 0479] loss=2.6149 cls=0.2966 smmd=0.2064 ct=7.8620 rec=1.2153 | train/val/test=0.908/0.888/0.891 | c=0.998347
[Epoch 0480] loss=2.6032 cls=0.2969 smmd=0.1944 ct=7.8605 rec=1.2152 | train/val/test=0.907/0.884/0.892 | c=0.998347
[Epoch 0481] loss=2.6096 cls=0.2978 smmd=0.1976 ct=7.8662 rec=1.2160 | train/val/test=0.907/0.883/0.891 | c=0.998347
[Epoch 0482] loss=2.6163 cls=0.3010 smmd=0.1997 ct=7.8577 rec=1.2152 | train/val/test=0.904/0.881/0.883 | c=0.998347
[Epoch 0483] loss=2.6348 cls=0.3089 smmd=0.1982 ct=7.8754 rec=1.2186 | train/val/test=0.893/0.868/0.880 | c=0.998347
[Epoch 0484] loss=2.7043 cls=0.3385 smmd=0.2116 ct=7.8599 rec=1.2193 | train/val/test=0.872/0.849/0.854 | c=0.998347
[Epoch 0485] loss=2.8921 cls=0.4151 smmd=0.2302 ct=7.9190 rec=1.2392 | train/val/test=0.734/0.723/0.718 | c=0.998347
[Epoch 0486] loss=3.9976 cls=0.8730 smmd=0.4137 ct=7.9254 rec=1.2642 | train/val/test=0.399/0.395/0.390 | c=0.998347
[Epoch 0487] loss=7.4259 cls=2.4073 smmd=0.7044 ct=8.2141 rec=1.3206 | train/val/test=0.524/0.507/0.523 | c=0.998347
[Epoch 0488] loss=13.9839 cls=5.0336 smmd=2.0272 ct=8.1259 rec=1.3221 | train/val/test=0.535/0.529/0.527 | c=0.998347
[Epoch 0489] loss=12.0973 cls=3.9776 smmd=2.2168 ct=8.1873 rec=1.4395 | train/val/test=0.218/0.222/0.210 | c=0.998347
[Epoch 0490] loss=12.5278 cls=4.3841 smmd=1.7902 ct=8.3366 rec=1.5103 | train/val/test=0.267/0.268/0.271 | c=0.998347
[Epoch 0491] loss=21.5409 cls=8.1070 smmd=3.4292 ct=8.1333 rec=1.3554 | train/val/test=0.055/0.056/0.061 | c=0.998347
[Epoch 0492] loss=32.4961 cls=13.0787 smmd=4.4209 ct=8.0790 rec=1.5099 | train/val/test=0.196/0.199/0.194 | c=0.998347
[Epoch 0493] loss=21.6947 cls=7.4900 smmd=4.8161 ct=8.1027 rec=1.3906 | train/val/test=0.432/0.421/0.412 | c=0.998347
[Epoch 0494] loss=21.6771 cls=7.2018 smmd=5.3415 ct=8.1363 rec=1.5231 | train/val/test=0.529/0.519/0.517 | c=0.998347
[Epoch 0495] loss=22.0228 cls=7.1929 smmd=5.7280 ct=8.2021 rec=1.3427 | train/val/test=0.515/0.503/0.498 | c=0.998347
[Epoch 0496] loss=19.5360 cls=5.8349 smmd=5.9529 ct=8.2604 rec=1.3064 | train/val/test=0.505/0.489/0.476 | c=0.998347
[Epoch 0497] loss=17.3224 cls=4.6554 smmd=6.0876 ct=8.2933 rec=1.3272 | train/val/test=0.190/0.190/0.188 | c=0.998347
[Epoch 0498] loss=21.0300 cls=6.4423 smmd=6.1811 ct=8.2976 rec=1.5244 | train/val/test=0.576/0.569/0.567 | c=0.998347
[Epoch 0499] loss=18.3572 cls=5.1134 smmd=6.2166 ct=8.2719 rec=1.2964 | train/val/test=0.517/0.505/0.510 | c=0.998347
=== Best @ epoch 479: val=0.8876, test=0.8909 ===
[2025-09-20 05:15:30] END attempt 1: exit_code=0
