[2025-09-20 05:15:35] START attempt 1: python main.py --is_transfer True --test_dataset Computers --pretrained_model_name /mnt/data1/Graph/HypGraphLoRA/pre_trained_gnn/Computers.GRACE.GAT.hyp_True.True.20250912-232538.pth --few True --shot 5 --gpu_id 0
Parsed from filename: Pretrained backbone is Hyperbolic.
Pretrain dataset overridden by checkpoint: PubMed -> Computers
Split sizes | train=49, val=2740, test=10963 (mode=few, shot=5)
[Epoch 0000] loss=22.5302 cls=2.3040 smmd=6.7092 ct=10.9360 rec=1.3851 | train/val/test=0.204/0.397/0.398 | c=0.998347
[Epoch 0001] loss=20.6603 cls=2.3005 smmd=4.8483 ct=10.9339 rec=1.3851 | train/val/test=0.102/0.021/0.022 | c=0.998347
[Epoch 0002] loss=20.1864 cls=2.2983 smmd=4.3825 ct=10.9303 rec=1.3851 | train/val/test=0.204/0.108/0.111 | c=0.998347
[Epoch 0003] loss=20.3585 cls=2.2942 smmd=4.5637 ct=10.9292 rec=1.3851 | train/val/test=0.245/0.066/0.068 | c=0.998347
[Epoch 0004] loss=19.3955 cls=2.2890 smmd=3.6211 ct=10.9195 rec=1.3851 | train/val/test=0.184/0.108/0.110 | c=0.998347
[Epoch 0005] loss=18.3887 cls=2.2821 smmd=2.6393 ct=10.9081 rec=1.3851 | train/val/test=0.327/0.238/0.227 | c=0.998347
[Epoch 0006] loss=18.3330 cls=2.2729 smmd=2.6260 ct=10.8841 rec=1.3851 | train/val/test=0.388/0.253/0.237 | c=0.998347
[Epoch 0007] loss=18.1292 cls=2.2599 smmd=2.4893 ct=10.8431 rec=1.3851 | train/val/test=0.551/0.280/0.265 | c=0.998347
[Epoch 0008] loss=17.6445 cls=2.2422 smmd=2.1148 ct=10.7683 rec=1.3850 | train/val/test=0.633/0.352/0.334 | c=0.998347
[Epoch 0009] loss=17.1583 cls=2.2193 smmd=1.7444 ct=10.6983 rec=1.3849 | train/val/test=0.633/0.346/0.330 | c=0.998347
[Epoch 0010] loss=16.7905 cls=2.1917 smmd=1.4565 ct=10.6735 rec=1.3847 | train/val/test=0.612/0.314/0.299 | c=0.998347
[Epoch 0011] loss=16.8124 cls=2.1593 smmd=1.5529 ct=10.6639 rec=1.3845 | train/val/test=0.571/0.294/0.282 | c=0.998347
[Epoch 0012] loss=16.6183 cls=2.1217 smmd=1.4637 ct=10.6343 rec=1.3841 | train/val/test=0.571/0.324/0.302 | c=0.998347
[Epoch 0013] loss=16.1317 cls=2.0790 smmd=1.1057 ct=10.5913 rec=1.3835 | train/val/test=0.571/0.348/0.332 | c=0.998347
[Epoch 0014] loss=15.9542 cls=2.0318 smmd=1.0535 ct=10.5606 rec=1.3827 | train/val/test=0.571/0.359/0.355 | c=0.998347
[Epoch 0015] loss=15.9426 cls=1.9814 smmd=1.1597 ct=10.5439 rec=1.3816 | train/val/test=0.633/0.461/0.468 | c=0.998347
[Epoch 0016] loss=15.7583 cls=1.9271 smmd=1.0984 ct=10.5298 rec=1.3803 | train/val/test=0.633/0.553/0.559 | c=0.998347
[Epoch 0017] loss=15.4671 cls=1.8693 smmd=0.9286 ct=10.5241 rec=1.3787 | train/val/test=0.633/0.492/0.494 | c=0.998347
[Epoch 0018] loss=15.2945 cls=1.8108 smmd=0.8730 ct=10.5245 rec=1.3766 | train/val/test=0.633/0.455/0.463 | c=0.998347
[Epoch 0019] loss=15.9297 cls=1.7518 smmd=0.9338 ct=11.2173 rec=1.3746 | train/val/test=0.633/0.451/0.456 | c=0.998347
[Epoch 0020] loss=15.7192 cls=1.6960 smmd=0.9653 ct=11.0873 rec=1.3730 | train/val/test=0.612/0.455/0.457 | c=0.998347
[Epoch 0021] loss=15.5589 cls=1.6375 smmd=1.0079 ct=11.0019 rec=1.3707 | train/val/test=0.673/0.542/0.537 | c=0.998347
[Epoch 0022] loss=15.4188 cls=1.5724 smmd=0.9905 ct=11.0101 rec=1.3675 | train/val/test=0.673/0.628/0.634 | c=0.998347
[Epoch 0023] loss=15.3035 cls=1.5088 smmd=0.9463 ct=11.0666 rec=1.3648 | train/val/test=0.714/0.634/0.642 | c=0.998347
[Epoch 0024] loss=15.1393 cls=1.4505 smmd=0.8517 ct=11.1141 rec=1.3623 | train/val/test=0.714/0.631/0.641 | c=0.998347
[Epoch 0025] loss=15.0027 cls=1.3947 smmd=0.8090 ct=11.1325 rec=1.3592 | train/val/test=0.776/0.642/0.649 | c=0.998347
[Epoch 0026] loss=14.8912 cls=1.3391 smmd=0.8146 ct=11.1272 rec=1.3561 | train/val/test=0.755/0.649/0.657 | c=0.998347
[Epoch 0027] loss=14.7741 cls=1.2847 smmd=0.8275 ct=11.1065 rec=1.3534 | train/val/test=0.796/0.650/0.660 | c=0.998347
[Epoch 0028] loss=14.6332 cls=1.2341 smmd=0.8095 ct=11.0853 rec=1.3506 | train/val/test=0.796/0.655/0.664 | c=0.998347
[Epoch 0029] loss=14.5199 cls=1.1839 smmd=0.8066 ct=11.0760 rec=1.3475 | train/val/test=0.776/0.662/0.669 | c=0.998347
[Epoch 0030] loss=14.4120 cls=1.1324 smmd=0.8000 ct=11.0783 rec=1.3443 | train/val/test=0.776/0.667/0.671 | c=0.998347
[Epoch 0031] loss=14.3165 cls=1.0852 smmd=0.7898 ct=11.0881 rec=1.3412 | train/val/test=0.796/0.670/0.678 | c=0.998347
[Epoch 0032] loss=14.2155 cls=1.0422 smmd=0.7637 ct=11.0998 rec=1.3381 | train/val/test=0.857/0.677/0.686 | c=0.998347
[Epoch 0033] loss=14.0960 cls=1.0003 smmd=0.7243 ct=11.1040 rec=1.3351 | train/val/test=0.857/0.681/0.691 | c=0.998347
[Epoch 0034] loss=14.0114 cls=0.9598 smmd=0.7269 ct=11.0985 rec=1.3323 | train/val/test=0.837/0.684/0.696 | c=0.998347
[Epoch 0035] loss=13.9389 cls=0.9222 smmd=0.7373 ct=11.0914 rec=1.3291 | train/val/test=0.878/0.692/0.701 | c=0.998347
[Epoch 0036] loss=13.8324 cls=0.8854 smmd=0.7118 ct=11.0846 rec=1.3260 | train/val/test=0.918/0.700/0.707 | c=0.998347
[Epoch 0037] loss=13.7511 cls=0.8501 smmd=0.7083 ct=11.0780 rec=1.3234 | train/val/test=0.918/0.708/0.712 | c=0.998347
[Epoch 0038] loss=13.6809 cls=0.8188 smmd=0.7010 ct=11.0783 rec=1.3206 | train/val/test=0.939/0.712/0.715 | c=0.998347
[Epoch 0039] loss=13.6058 cls=0.7893 smmd=0.6813 ct=11.0824 rec=1.3179 | train/val/test=0.939/0.713/0.716 | c=0.998347
[Epoch 0040] loss=13.5342 cls=0.7600 smmd=0.6674 ct=11.0838 rec=1.3154 | train/val/test=0.959/0.716/0.719 | c=0.998347
[Epoch 0041] loss=13.4756 cls=0.7332 smmd=0.6624 ct=11.0842 rec=1.3128 | train/val/test=0.959/0.719/0.720 | c=0.998347
[Epoch 0042] loss=13.4000 cls=0.7088 smmd=0.6407 ct=11.0795 rec=1.3106 | train/val/test=0.980/0.718/0.719 | c=0.998347
[Epoch 0043] loss=13.3385 cls=0.6848 smmd=0.6350 ct=11.0722 rec=1.3088 | train/val/test=0.980/0.723/0.721 | c=0.998347
[Epoch 0044] loss=13.2865 cls=0.6618 smmd=0.6312 ct=11.0705 rec=1.3063 | train/val/test=0.980/0.723/0.719 | c=0.998347
[Epoch 0045] loss=13.2282 cls=0.6407 smmd=0.6167 ct=11.0693 rec=1.3046 | train/val/test=0.980/0.724/0.718 | c=0.998347
[Epoch 0046] loss=13.1781 cls=0.6212 smmd=0.6060 ct=11.0691 rec=1.3032 | train/val/test=0.980/0.724/0.718 | c=0.998347
[Epoch 0047] loss=13.1269 cls=0.6027 smmd=0.5924 ct=11.0688 rec=1.3015 | train/val/test=0.980/0.723/0.715 | c=0.998347
[Epoch 0048] loss=13.0737 cls=0.5849 smmd=0.5788 ct=11.0650 rec=1.3006 | train/val/test=0.980/0.724/0.719 | c=0.998347
[Epoch 0049] loss=13.0387 cls=0.5676 smmd=0.5793 ct=11.0644 rec=1.2984 | train/val/test=0.980/0.723/0.715 | c=0.998347
[Epoch 0050] loss=12.9874 cls=0.5517 smmd=0.5638 ct=11.0606 rec=1.2979 | train/val/test=0.980/0.724/0.718 | c=0.998347
[Epoch 0051] loss=12.9520 cls=0.5365 smmd=0.5592 ct=11.0606 rec=1.2958 | train/val/test=0.980/0.721/0.713 | c=0.998347
[Epoch 0052] loss=12.9017 cls=0.5233 smmd=0.5428 ct=11.0530 rec=1.2966 | train/val/test=0.980/0.731/0.718 | c=0.998347
[Epoch 0053] loss=12.8787 cls=0.5092 smmd=0.5430 ct=11.0587 rec=1.2931 | train/val/test=0.980/0.716/0.706 | c=0.998347
[Epoch 0054] loss=12.8470 cls=0.4991 smmd=0.5411 ct=11.0482 rec=1.2969 | train/val/test=0.980/0.731/0.722 | c=0.998347
[Epoch 0055] loss=12.8426 cls=0.4923 smmd=0.5273 ct=11.0731 rec=1.2879 | train/val/test=0.980/0.678/0.668 | c=0.998347
[Epoch 0056] loss=12.9273 cls=0.5144 smmd=0.5914 ct=11.0455 rec=1.3078 | train/val/test=0.796/0.671/0.665 | c=0.998347
[Epoch 0057] loss=13.3045 cls=0.6252 smmd=0.6315 ct=11.1639 rec=1.2931 | train/val/test=0.714/0.353/0.336 | c=0.998347
[Epoch 0058] loss=13.9786 cls=0.8341 smmd=0.8926 ct=11.1535 rec=1.3216 | train/val/test=0.796/0.672/0.666 | c=0.998347
[Epoch 0059] loss=13.3145 cls=0.6165 smmd=0.6394 ct=11.1850 rec=1.2859 | train/val/test=0.980/0.722/0.710 | c=0.998347
[Epoch 0060] loss=12.6818 cls=0.4297 smmd=0.5016 ct=11.0646 rec=1.2813 | train/val/test=0.816/0.475/0.458 | c=0.998347
[Epoch 0061] loss=13.2771 cls=0.5991 smmd=0.7272 ct=11.0886 rec=1.3159 | train/val/test=0.980/0.719/0.713 | c=0.998347
[Epoch 0062] loss=12.9074 cls=0.4700 smmd=0.5823 ct=11.1306 rec=1.2728 | train/val/test=0.980/0.720/0.715 | c=0.998347
[Epoch 0063] loss=12.7359 cls=0.4214 smmd=0.5418 ct=11.0971 rec=1.2707 | train/val/test=0.939/0.641/0.628 | c=0.998347
[Epoch 0064] loss=12.9730 cls=0.4848 smmd=0.6847 ct=11.0578 rec=1.3044 | train/val/test=0.980/0.717/0.710 | c=0.998347
[Epoch 0065] loss=12.5644 cls=0.3639 smmd=0.5288 ct=11.0543 rec=1.2678 | train/val/test=0.959/0.715/0.707 | c=0.998347
[Epoch 0066] loss=12.8439 cls=0.4322 smmd=0.5912 ct=11.1346 rec=1.2682 | train/val/test=0.980/0.734/0.719 | c=0.998347
[Epoch 0067] loss=12.5520 cls=0.3463 smmd=0.5520 ct=11.0547 rec=1.2636 | train/val/test=0.939/0.665/0.649 | c=0.998347
[Epoch 0068] loss=12.7342 cls=0.4030 smmd=0.6281 ct=11.0425 rec=1.2882 | train/val/test=0.980/0.726/0.718 | c=0.998347
[Epoch 0069] loss=12.5341 cls=0.3359 smmd=0.5313 ct=11.0799 rec=1.2560 | train/val/test=1.000/0.735/0.729 | c=0.998347
[Epoch 0070] loss=12.6561 cls=0.3575 smmd=0.5763 ct=11.1142 rec=1.2529 | train/val/test=0.980/0.709/0.695 | c=0.998347
[Epoch 0071] loss=12.5032 cls=0.3248 smmd=0.5583 ct=11.0426 rec=1.2631 | train/val/test=0.959/0.671/0.660 | c=0.998347
[Epoch 0072] loss=12.5821 cls=0.3476 smmd=0.5887 ct=11.0435 rec=1.2740 | train/val/test=1.000/0.738/0.731 | c=0.998347
[Epoch 0073] loss=12.4773 cls=0.3028 smmd=0.5401 ct=11.0825 rec=1.2458 | train/val/test=1.000/0.730/0.720 | c=0.998347
[Epoch 0074] loss=12.5368 cls=0.3192 smmd=0.5502 ct=11.0980 rec=1.2508 | train/val/test=0.980/0.709/0.692 | c=0.998347
[Epoch 0075] loss=12.4368 cls=0.2963 smmd=0.5461 ct=11.0468 rec=1.2567 | train/val/test=1.000/0.701/0.681 | c=0.998347
[Epoch 0076] loss=12.4823 cls=0.3047 smmd=0.5736 ct=11.0467 rec=1.2632 | train/val/test=1.000/0.728/0.718 | c=0.998347
[Epoch 0077] loss=12.4089 cls=0.2832 smmd=0.5216 ct=11.0716 rec=1.2468 | train/val/test=1.000/0.725/0.724 | c=0.998347
[Epoch 0078] loss=12.4271 cls=0.2847 smmd=0.5203 ct=11.0886 rec=1.2433 | train/val/test=1.000/0.711/0.692 | c=0.998347
[Epoch 0079] loss=12.3739 cls=0.2731 smmd=0.5310 ct=11.0459 rec=1.2537 | train/val/test=1.000/0.700/0.680 | c=0.998347
[Epoch 0080] loss=12.3697 cls=0.2806 smmd=0.5214 ct=11.0351 rec=1.2604 | train/val/test=1.000/0.731/0.725 | c=0.998347
[Epoch 0081] loss=12.3554 cls=0.2622 smmd=0.5088 ct=11.0740 rec=1.2401 | train/val/test=1.000/0.726/0.718 | c=0.998347
[Epoch 0082] loss=12.3112 cls=0.2588 smmd=0.4766 ct=11.0685 rec=1.2424 | train/val/test=1.000/0.700/0.680 | c=0.998347
[Epoch 0083] loss=12.3262 cls=0.2641 smmd=0.5110 ct=11.0351 rec=1.2592 | train/val/test=1.000/0.713/0.699 | c=0.998347
[Epoch 0084] loss=12.2703 cls=0.2473 smmd=0.4837 ct=11.0422 rec=1.2493 | train/val/test=1.000/0.724/0.715 | c=0.998347
[Epoch 0085] loss=12.3051 cls=0.2556 smmd=0.4750 ct=11.0702 rec=1.2431 | train/val/test=1.000/0.719/0.710 | c=0.998347
[Epoch 0086] loss=12.2265 cls=0.2378 smmd=0.4581 ct=11.0435 rec=1.2456 | train/val/test=1.000/0.687/0.671 | c=0.998347
[Epoch 0087] loss=12.2604 cls=0.2539 smmd=0.4716 ct=11.0284 rec=1.2624 | train/val/test=1.000/0.726/0.718 | c=0.998347
[Epoch 0088] loss=12.2158 cls=0.2353 smmd=0.4427 ct=11.0543 rec=1.2415 | train/val/test=1.000/0.723/0.711 | c=0.998347
[Epoch 0089] loss=12.2017 cls=0.2360 smmd=0.4306 ct=11.0502 rec=1.2447 | train/val/test=1.000/0.691/0.673 | c=0.998347
[Epoch 0090] loss=12.2191 cls=0.2405 smmd=0.4572 ct=11.0286 rec=1.2616 | train/val/test=1.000/0.716/0.705 | c=0.998347
[Epoch 0091] loss=12.1596 cls=0.2286 smmd=0.4178 ct=11.0350 rec=1.2482 | train/val/test=1.000/0.722/0.713 | c=0.998347
[Epoch 0092] loss=12.1773 cls=0.2295 smmd=0.4164 ct=11.0533 rec=1.2431 | train/val/test=1.000/0.692/0.675 | c=0.998347
[Epoch 0093] loss=12.1575 cls=0.2321 smmd=0.4189 ct=11.0220 rec=1.2616 | train/val/test=1.000/0.710/0.701 | c=0.998347
[Epoch 0094] loss=12.1288 cls=0.2216 smmd=0.4072 ct=11.0284 rec=1.2500 | train/val/test=1.000/0.720/0.707 | c=0.998347
[Epoch 0095] loss=12.1419 cls=0.2234 smmd=0.3986 ct=11.0476 rec=1.2451 | train/val/test=1.000/0.696/0.680 | c=0.998347
[Epoch 0096] loss=12.1252 cls=0.2240 smmd=0.4042 ct=11.0208 rec=1.2608 | train/val/test=1.000/0.704/0.697 | c=0.998347
[Epoch 0097] loss=12.0964 cls=0.2175 smmd=0.3843 ct=11.0269 rec=1.2511 | train/val/test=1.000/0.720/0.710 | c=0.998347
[Epoch 0098] loss=12.1118 cls=0.2142 smmd=0.3913 ct=11.0434 rec=1.2437 | train/val/test=1.000/0.678/0.665 | c=0.998347
[Epoch 0099] loss=12.1409 cls=0.2345 smmd=0.4076 ct=11.0106 rec=1.2682 | train/val/test=0.980/0.726/0.712 | c=0.998347
[Epoch 0100] loss=12.2639 cls=0.2414 smmd=0.4458 ct=11.0863 rec=1.2456 | train/val/test=0.959/0.597/0.578 | c=0.998347
[Epoch 0101] loss=12.6382 cls=0.3718 smmd=0.5288 ct=11.1074 rec=1.2924 | train/val/test=0.776/0.662/0.647 | c=0.998347
[Epoch 0102] loss=13.5113 cls=0.5892 smmd=0.8278 ct=11.2481 rec=1.2857 | train/val/test=0.878/0.487/0.467 | c=0.998347
[Epoch 0103] loss=12.8412 cls=0.4309 smmd=0.5811 ct=11.1389 rec=1.2973 | train/val/test=1.000/0.687/0.675 | c=0.998347
[Epoch 0104] loss=12.1276 cls=0.2022 smmd=0.4112 ct=11.0629 rec=1.2450 | train/val/test=0.918/0.732/0.719 | c=0.998347
[Epoch 0105] loss=12.4631 cls=0.2604 smmd=0.5717 ct=11.1215 rec=1.2455 | train/val/test=0.959/0.638/0.623 | c=0.998347
[Epoch 0106] loss=12.3724 cls=0.2867 smmd=0.4814 ct=11.0633 rec=1.2712 | train/val/test=1.000/0.697/0.688 | c=0.998347
[Epoch 0107] loss=12.0639 cls=0.1766 smmd=0.4110 ct=11.0522 rec=1.2373 | train/val/test=1.000/0.731/0.718 | c=0.998347
[Epoch 0108] loss=12.2124 cls=0.1963 smmd=0.4837 ct=11.0893 rec=1.2342 | train/val/test=0.980/0.685/0.672 | c=0.998347
[Epoch 0109] loss=12.1398 cls=0.2093 smmd=0.4342 ct=11.0391 rec=1.2400 | train/val/test=1.000/0.697/0.694 | c=0.998347
[Epoch 0110] loss=12.0337 cls=0.1702 smmd=0.4154 ct=11.0312 rec=1.2330 | train/val/test=1.000/0.718/0.711 | c=0.998347
[Epoch 0111] loss=12.1393 cls=0.1724 smmd=0.4769 ct=11.0714 rec=1.2313 | train/val/test=1.000/0.701/0.696 | c=0.998347
[Epoch 0112] loss=12.0321 cls=0.1666 smmd=0.4207 ct=11.0331 rec=1.2249 | train/val/test=1.000/0.701/0.688 | c=0.998347
[Epoch 0113] loss=12.0456 cls=0.1785 smmd=0.4129 ct=11.0296 rec=1.2308 | train/val/test=1.000/0.714/0.705 | c=0.998347
[Epoch 0114] loss=12.0730 cls=0.1584 smmd=0.4506 ct=11.0598 rec=1.2289 | train/val/test=1.000/0.702/0.696 | c=0.998347
[Epoch 0115] loss=11.9885 cls=0.1497 smmd=0.4033 ct=11.0410 rec=1.2235 | train/val/test=0.980/0.704/0.688 | c=0.998347
[Epoch 0116] loss=12.0604 cls=0.1776 smmd=0.4270 ct=11.0326 rec=1.2279 | train/val/test=1.000/0.717/0.709 | c=0.998347
[Epoch 0117] loss=11.9981 cls=0.1486 smmd=0.4171 ct=11.0389 rec=1.2248 | train/val/test=1.000/0.699/0.687 | c=0.998347
[Epoch 0118] loss=12.0023 cls=0.1466 smmd=0.4145 ct=11.0492 rec=1.2272 | train/val/test=1.000/0.707/0.695 | c=0.998347
[Epoch 0119] loss=12.0084 cls=0.1634 smmd=0.4089 ct=11.0273 rec=1.2266 | train/val/test=1.000/0.719/0.708 | c=0.998347
[Epoch 0120] loss=11.9563 cls=0.1453 smmd=0.3976 ct=11.0234 rec=1.2232 | train/val/test=1.000/0.693/0.683 | c=0.998347
[Epoch 0121] loss=11.9912 cls=0.1458 smmd=0.4072 ct=11.0465 rec=1.2292 | train/val/test=1.000/0.711/0.701 | c=0.998347
[Epoch 0122] loss=11.9586 cls=0.1524 smmd=0.3847 ct=11.0236 rec=1.2274 | train/val/test=1.000/0.712/0.704 | c=0.998347
[Epoch 0123] loss=11.9372 cls=0.1453 smmd=0.3849 ct=11.0164 rec=1.2263 | train/val/test=1.000/0.695/0.686 | c=0.998347
[Epoch 0124] loss=11.9532 cls=0.1444 smmd=0.3790 ct=11.0395 rec=1.2289 | train/val/test=1.000/0.713/0.703 | c=0.998347
[Epoch 0125] loss=11.9311 cls=0.1489 smmd=0.3683 ct=11.0192 rec=1.2292 | train/val/test=1.000/0.698/0.690 | c=0.998347
[Epoch 0126] loss=11.9154 cls=0.1460 smmd=0.3669 ct=11.0099 rec=1.2324 | train/val/test=1.000/0.703/0.695 | c=0.998347
[Epoch 0127] loss=11.9299 cls=0.1427 smmd=0.3649 ct=11.0343 rec=1.2274 | train/val/test=1.000/0.707/0.702 | c=0.998347
[Epoch 0128] loss=11.9127 cls=0.1478 smmd=0.3535 ct=11.0171 rec=1.2323 | train/val/test=1.000/0.691/0.683 | c=0.998347
[Epoch 0129] loss=11.8989 cls=0.1461 smmd=0.3496 ct=11.0095 rec=1.2376 | train/val/test=1.000/0.716/0.707 | c=0.998347
[Epoch 0130] loss=11.9089 cls=0.1434 smmd=0.3493 ct=11.0276 rec=1.2256 | train/val/test=1.000/0.689/0.685 | c=0.998347
[Epoch 0131] loss=11.8919 cls=0.1485 smmd=0.3395 ct=11.0075 rec=1.2395 | train/val/test=1.000/0.703/0.694 | c=0.998347
[Epoch 0132] loss=11.8820 cls=0.1419 smmd=0.3380 ct=11.0135 rec=1.2334 | train/val/test=1.000/0.706/0.702 | c=0.998347
[Epoch 0133] loss=11.8860 cls=0.1420 smmd=0.3350 ct=11.0212 rec=1.2287 | train/val/test=1.000/0.689/0.682 | c=0.998347
[Epoch 0134] loss=11.8807 cls=0.1475 smmd=0.3346 ct=11.0025 rec=1.2424 | train/val/test=1.000/0.711/0.704 | c=0.998347
[Epoch 0135] loss=11.8737 cls=0.1424 smmd=0.3211 ct=11.0219 rec=1.2292 | train/val/test=1.000/0.688/0.684 | c=0.998347
[Epoch 0136] loss=11.8683 cls=0.1449 smmd=0.3227 ct=11.0083 rec=1.2377 | train/val/test=1.000/0.708/0.700 | c=0.998347
[Epoch 0137] loss=11.8725 cls=0.1430 smmd=0.3303 ct=11.0094 rec=1.2336 | train/val/test=1.000/0.683/0.679 | c=0.998347
[Epoch 0138] loss=11.8755 cls=0.1458 smmd=0.3133 ct=11.0232 rec=1.2366 | train/val/test=1.000/0.715/0.704 | c=0.998347
[Epoch 0139] loss=11.8882 cls=0.1489 smmd=0.3330 ct=11.0106 rec=1.2338 | train/val/test=1.000/0.666/0.659 | c=0.998347
[Epoch 0140] loss=11.9118 cls=0.1546 smmd=0.3211 ct=11.0330 rec=1.2424 | train/val/test=0.980/0.714/0.708 | c=0.998347
[Epoch 0141] loss=11.9501 cls=0.1615 smmd=0.3548 ct=11.0260 rec=1.2321 | train/val/test=1.000/0.640/0.625 | c=0.998347
[Epoch 0142] loss=11.9963 cls=0.1773 smmd=0.3507 ct=11.0398 rec=1.2565 | train/val/test=0.980/0.705/0.708 | c=0.998347
[Epoch 0143] loss=12.0930 cls=0.1950 smmd=0.3895 ct=11.0676 rec=1.2295 | train/val/test=0.959/0.605/0.585 | c=0.998347
[Epoch 0144] loss=12.1465 cls=0.2189 smmd=0.4057 ct=11.0470 rec=1.2800 | train/val/test=0.980/0.696/0.705 | c=0.998347
[Epoch 0145] loss=12.3138 cls=0.2528 smmd=0.4380 ct=11.1232 rec=1.2346 | train/val/test=0.959/0.442/0.422 | c=0.998347
[Epoch 0146] loss=12.5327 cls=0.3199 smmd=0.5441 ct=11.0894 rec=1.2971 | train/val/test=0.735/0.586/0.583 | c=0.998347
[Epoch 0147] loss=13.2020 cls=0.5283 smmd=0.6453 ct=11.2475 rec=1.2631 | train/val/test=0.612/0.330/0.315 | c=0.998347
[Epoch 0148] loss=14.7349 cls=1.0547 smmd=1.0962 ct=11.2679 rec=1.3072 | train/val/test=0.755/0.520/0.510 | c=0.998347
[Epoch 0149] loss=13.2824 cls=0.5300 smmd=0.7050 ct=11.2639 rec=1.2669 | train/val/test=0.980/0.731/0.730 | c=0.998347
[Epoch 0150] loss=12.0049 cls=0.1337 smmd=0.4279 ct=11.0682 rec=1.2067 | train/val/test=0.959/0.600/0.590 | c=0.998347
[Epoch 0151] loss=12.6139 cls=0.2846 smmd=0.6869 ct=11.1015 rec=1.2809 | train/val/test=1.000/0.649/0.637 | c=0.998347
[Epoch 0152] loss=12.1787 cls=0.1606 smmd=0.5085 ct=11.1043 rec=1.2231 | train/val/test=0.939/0.683/0.690 | c=0.998347
[Epoch 0153] loss=12.4742 cls=0.2325 smmd=0.5980 ct=11.1658 rec=1.2269 | train/val/test=1.000/0.706/0.697 | c=0.998347
[Epoch 0154] loss=12.0844 cls=0.1162 smmd=0.5607 ct=11.0501 rec=1.2062 | train/val/test=0.939/0.559/0.539 | c=0.998347
[Epoch 0155] loss=12.6440 cls=0.2811 smmd=0.7431 ct=11.0843 rec=1.2714 | train/val/test=1.000/0.716/0.710 | c=0.998347
[Epoch 0156] loss=12.0138 cls=0.0964 smmd=0.5044 ct=11.0767 rec=1.1994 | train/val/test=0.939/0.671/0.680 | c=0.998347
[Epoch 0157] loss=12.7768 cls=0.2975 smmd=0.7337 ct=11.2020 rec=1.2307 | train/val/test=1.000/0.694/0.683 | c=0.998347
[Epoch 0158] loss=11.9715 cls=0.0870 smmd=0.5247 ct=11.0345 rec=1.1911 | train/val/test=0.939/0.566/0.545 | c=0.998347
[Epoch 0159] loss=12.7427 cls=0.2765 smmd=0.8470 ct=11.0898 rec=1.2641 | train/val/test=1.000/0.711/0.704 | c=0.998347
[Epoch 0160] loss=12.0291 cls=0.0874 smmd=0.5715 ct=11.0443 rec=1.1929 | train/val/test=0.980/0.702/0.702 | c=0.998347
[Epoch 0161] loss=12.3557 cls=0.1525 smmd=0.6589 ct=11.1495 rec=1.2111 | train/val/test=1.000/0.697/0.688 | c=0.998347
[Epoch 0162] loss=12.2019 cls=0.1203 smmd=0.5827 ct=11.1377 rec=1.2046 | train/val/test=1.000/0.696/0.686 | c=0.998347
[Epoch 0163] loss=12.0088 cls=0.0793 smmd=0.5721 ct=11.0405 rec=1.1876 | train/val/test=1.000/0.678/0.665 | c=0.998347
[Epoch 0164] loss=12.3055 cls=0.1241 smmd=0.7565 ct=11.0576 rec=1.2158 | train/val/test=1.000/0.681/0.667 | c=0.998347
[Epoch 0165] loss=12.0337 cls=0.0832 smmd=0.6000 ct=11.0280 rec=1.1964 | train/val/test=1.000/0.697/0.692 | c=0.998347
[Epoch 0166] loss=12.0467 cls=0.0813 smmd=0.5710 ct=11.0741 rec=1.1947 | train/val/test=1.000/0.717/0.712 | c=0.998347
[Epoch 0167] loss=12.1454 cls=0.0948 smmd=0.5965 ct=11.1194 rec=1.1993 | train/val/test=1.000/0.733/0.727 | c=0.998347
[Epoch 0168] loss=12.0198 cls=0.0771 smmd=0.5477 ct=11.0798 rec=1.1909 | train/val/test=1.000/0.696/0.684 | c=0.998347
[Epoch 0169] loss=12.0003 cls=0.0729 smmd=0.5834 ct=11.0330 rec=1.1904 | train/val/test=1.000/0.659/0.647 | c=0.998347
[Epoch 0170] loss=12.0682 cls=0.0923 smmd=0.6146 ct=11.0281 rec=1.2042 | train/val/test=1.000/0.700/0.687 | c=0.998347
[Epoch 0171] loss=11.9494 cls=0.0700 smmd=0.5454 ct=11.0258 rec=1.1909 | train/val/test=1.000/0.726/0.717 | c=0.998347
[Epoch 0172] loss=11.9698 cls=0.0705 smmd=0.5359 ct=11.0549 rec=1.1899 | train/val/test=1.000/0.714/0.709 | c=0.998347
[Epoch 0173] loss=11.9681 cls=0.0741 smmd=0.5051 ct=11.0760 rec=1.1941 | train/val/test=1.000/0.700/0.695 | c=0.998347
[Epoch 0174] loss=11.9182 cls=0.0702 smmd=0.4888 ct=11.0504 rec=1.1925 | train/val/test=1.000/0.701/0.689 | c=0.998347
[Epoch 0175] loss=11.9159 cls=0.0692 smmd=0.5130 ct=11.0257 rec=1.1937 | train/val/test=1.000/0.694/0.685 | c=0.998347
[Epoch 0176] loss=11.8983 cls=0.0712 smmd=0.5004 ct=11.0160 rec=1.1971 | train/val/test=1.000/0.689/0.685 | c=0.998347
[Epoch 0177] loss=11.8699 cls=0.0710 smmd=0.4646 ct=11.0238 rec=1.1970 | train/val/test=1.000/0.704/0.700 | c=0.998347
[Epoch 0178] loss=11.8621 cls=0.0694 smmd=0.4428 ct=11.0415 rec=1.1953 | train/val/test=1.000/0.712/0.704 | c=0.998347
[Epoch 0179] loss=11.8404 cls=0.0700 smmd=0.4274 ct=11.0340 rec=1.1952 | train/val/test=1.000/0.694/0.686 | c=0.998347
[Epoch 0180] loss=11.8229 cls=0.0710 smmd=0.4279 ct=11.0128 rec=1.2009 | train/val/test=1.000/0.677/0.672 | c=0.998347
[Epoch 0181] loss=11.8064 cls=0.0731 smmd=0.4102 ct=11.0086 rec=1.2068 | train/val/test=1.000/0.702/0.691 | c=0.998347
[Epoch 0182] loss=11.7872 cls=0.0710 smmd=0.3921 ct=11.0125 rec=1.2025 | train/val/test=1.000/0.703/0.698 | c=0.998347
[Epoch 0183] loss=11.7885 cls=0.0735 smmd=0.3823 ct=11.0185 rec=1.2031 | train/val/test=1.000/0.688/0.682 | c=0.998347
[Epoch 0184] loss=11.7676 cls=0.0739 smmd=0.3651 ct=11.0131 rec=1.2080 | train/val/test=1.000/0.685/0.678 | c=0.998347
[Epoch 0185] loss=11.7636 cls=0.0750 smmd=0.3663 ct=11.0044 rec=1.2140 | train/val/test=1.000/0.695/0.688 | c=0.998347
[Epoch 0186] loss=11.7553 cls=0.0770 smmd=0.3619 ct=10.9968 rec=1.2127 | train/val/test=1.000/0.690/0.685 | c=0.998347
[Epoch 0187] loss=11.7392 cls=0.0783 smmd=0.3332 ct=11.0067 rec=1.2133 | train/val/test=1.000/0.692/0.681 | c=0.998347
[Epoch 0188] loss=11.7397 cls=0.0788 smmd=0.3345 ct=11.0041 rec=1.2178 | train/val/test=1.000/0.688/0.681 | c=0.998347
[Epoch 0189] loss=11.7393 cls=0.0822 smmd=0.3352 ct=10.9952 rec=1.2222 | train/val/test=1.000/0.686/0.678 | c=0.998347
[Epoch 0190] loss=11.7333 cls=0.0822 smmd=0.3254 ct=10.9991 rec=1.2218 | train/val/test=1.000/0.696/0.684 | c=0.998347
[Epoch 0191] loss=11.7243 cls=0.0839 smmd=0.3145 ct=10.9977 rec=1.2218 | train/val/test=1.000/0.690/0.680 | c=0.998347
[Epoch 0192] loss=11.7302 cls=0.0864 smmd=0.3210 ct=10.9909 rec=1.2274 | train/val/test=1.000/0.681/0.673 | c=0.998347
[Epoch 0193] loss=11.7284 cls=0.0866 smmd=0.3089 ct=11.0006 rec=1.2288 | train/val/test=1.000/0.695/0.691 | c=0.998347
[Epoch 0194] loss=11.7156 cls=0.0884 smmd=0.2968 ct=10.9971 rec=1.2242 | train/val/test=1.000/0.685/0.679 | c=0.998347
[Epoch 0195] loss=11.7164 cls=0.0887 smmd=0.3041 ct=10.9887 rec=1.2308 | train/val/test=1.000/0.681/0.676 | c=0.998347
[Epoch 0196] loss=11.7126 cls=0.0893 smmd=0.2954 ct=10.9923 rec=1.2311 | train/val/test=1.000/0.698/0.694 | c=0.998347
[Epoch 0197] loss=11.7066 cls=0.0911 smmd=0.2838 ct=10.9956 rec=1.2252 | train/val/test=1.000/0.685/0.675 | c=0.998347
[Epoch 0198] loss=11.7081 cls=0.0910 smmd=0.2848 ct=10.9948 rec=1.2326 | train/val/test=1.000/0.691/0.686 | c=0.998347
[Epoch 0199] loss=11.7045 cls=0.0915 smmd=0.2883 ct=10.9873 rec=1.2291 | train/val/test=1.000/0.700/0.691 | c=0.998347
[Epoch 0200] loss=11.6997 cls=0.0914 smmd=0.2765 ct=10.9951 rec=1.2262 | train/val/test=1.000/0.686/0.681 | c=0.998347
[Epoch 0201] loss=11.6943 cls=0.0925 smmd=0.2737 ct=10.9896 rec=1.2304 | train/val/test=1.000/0.699/0.691 | c=0.998347
[Epoch 0202] loss=11.6877 cls=0.0908 smmd=0.2685 ct=10.9923 rec=1.2262 | train/val/test=1.000/0.695/0.691 | c=0.998347
[Epoch 0203] loss=11.6893 cls=0.0918 smmd=0.2701 ct=10.9906 rec=1.2249 | train/val/test=1.000/0.696/0.684 | c=0.998347
[Epoch 0204] loss=11.6841 cls=0.0909 smmd=0.2656 ct=10.9913 rec=1.2271 | train/val/test=1.000/0.696/0.692 | c=0.998347
[Epoch 0205] loss=11.6875 cls=0.0914 smmd=0.2708 ct=10.9892 rec=1.2229 | train/val/test=1.000/0.697/0.685 | c=0.998347
[Epoch 0206] loss=11.6872 cls=0.0912 smmd=0.2617 ct=10.9985 rec=1.2233 | train/val/test=1.000/0.695/0.690 | c=0.998347
[Epoch 0207] loss=11.6911 cls=0.0933 smmd=0.2737 ct=10.9859 rec=1.2241 | train/val/test=1.000/0.698/0.685 | c=0.998347
[Epoch 0208] loss=11.6975 cls=0.0929 smmd=0.2640 ct=11.0034 rec=1.2221 | train/val/test=1.000/0.692/0.686 | c=0.998347
[Epoch 0209] loss=11.7158 cls=0.0990 smmd=0.2750 ct=10.9979 rec=1.2241 | train/val/test=1.000/0.694/0.679 | c=0.998347
[Epoch 0210] loss=11.7565 cls=0.1028 smmd=0.2824 ct=11.0234 rec=1.2254 | train/val/test=0.980/0.676/0.668 | c=0.998347
[Epoch 0211] loss=11.8144 cls=0.1190 smmd=0.3109 ct=11.0193 rec=1.2311 | train/val/test=1.000/0.696/0.680 | c=0.998347
[Epoch 0212] loss=11.9185 cls=0.1352 smmd=0.3347 ct=11.0671 rec=1.2307 | train/val/test=0.980/0.645/0.625 | c=0.998347
[Epoch 0213] loss=12.0018 cls=0.1644 smmd=0.3653 ct=11.0580 rec=1.2490 | train/val/test=0.939/0.705/0.689 | c=0.998347
[Epoch 0214] loss=12.1357 cls=0.1847 smmd=0.4069 ct=11.1128 rec=1.2335 | train/val/test=0.980/0.615/0.596 | c=0.998347
[Epoch 0215] loss=12.0652 cls=0.1795 smmd=0.3844 ct=11.0708 rec=1.2552 | train/val/test=1.000/0.717/0.707 | c=0.998347
[Epoch 0216] loss=11.9443 cls=0.1320 smmd=0.3600 ct=11.0760 rec=1.2210 | train/val/test=1.000/0.684/0.679 | c=0.998347
[Epoch 0217] loss=11.7046 cls=0.0903 smmd=0.2770 ct=11.0044 rec=1.2126 | train/val/test=1.000/0.682/0.675 | c=0.998347
[Epoch 0218] loss=11.7038 cls=0.0915 smmd=0.2918 ct=10.9851 rec=1.2198 | train/val/test=1.000/0.701/0.692 | c=0.998347
[Epoch 0219] loss=11.8441 cls=0.0999 smmd=0.3447 ct=11.0562 rec=1.2167 | train/val/test=0.980/0.685/0.676 | c=0.998347
[Epoch 0220] loss=11.7852 cls=0.1051 smmd=0.3089 ct=11.0242 rec=1.2098 | train/val/test=1.000/0.700/0.686 | c=0.998347
[Epoch 0221] loss=11.6802 cls=0.0754 smmd=0.2898 ct=10.9971 rec=1.2131 | train/val/test=1.000/0.702/0.690 | c=0.998347
[Epoch 0222] loss=11.6943 cls=0.0727 smmd=0.2917 ct=11.0158 rec=1.2074 | train/val/test=0.980/0.699/0.687 | c=0.998347
[Epoch 0223] loss=11.7521 cls=0.0952 smmd=0.3070 ct=11.0136 rec=1.2058 | train/val/test=1.000/0.696/0.684 | c=0.998347
[Epoch 0224] loss=11.7074 cls=0.0736 smmd=0.3079 ct=11.0094 rec=1.2137 | train/val/test=1.000/0.703/0.693 | c=0.998347
[Epoch 0225] loss=11.6493 cls=0.0693 smmd=0.2741 ct=10.9957 rec=1.2042 | train/val/test=1.000/0.703/0.692 | c=0.998347
[Epoch 0226] loss=11.7019 cls=0.0838 smmd=0.2904 ct=11.0031 rec=1.2043 | train/val/test=1.000/0.696/0.679 | c=0.998347
[Epoch 0227] loss=11.7117 cls=0.0749 smmd=0.2995 ct=11.0192 rec=1.2156 | train/val/test=1.000/0.701/0.692 | c=0.998347
[Epoch 0228] loss=11.6440 cls=0.0733 smmd=0.2673 ct=10.9892 rec=1.2048 | train/val/test=1.000/0.706/0.698 | c=0.998347
[Epoch 0229] loss=11.6396 cls=0.0725 smmd=0.2654 ct=10.9885 rec=1.2042 | train/val/test=1.000/0.697/0.682 | c=0.998347
[Epoch 0230] loss=11.6907 cls=0.0737 smmd=0.2894 ct=11.0109 rec=1.2154 | train/val/test=1.000/0.698/0.688 | c=0.998347
[Epoch 0231] loss=11.6648 cls=0.0802 smmd=0.2660 ct=10.9968 rec=1.2081 | train/val/test=1.000/0.707/0.698 | c=0.998347
[Epoch 0232] loss=11.6194 cls=0.0679 smmd=0.2511 ct=10.9910 rec=1.2069 | train/val/test=1.000/0.702/0.690 | c=0.998347
[Epoch 0233] loss=11.6265 cls=0.0696 smmd=0.2596 ct=10.9852 rec=1.2126 | train/val/test=1.000/0.696/0.688 | c=0.998347
[Epoch 0234] loss=11.6553 cls=0.0787 smmd=0.2626 ct=10.9930 rec=1.2112 | train/val/test=1.000/0.704/0.693 | c=0.998347
[Epoch 0235] loss=11.6710 cls=0.0759 smmd=0.2708 ct=11.0057 rec=1.2135 | train/val/test=1.000/0.695/0.686 | c=0.998347
[Epoch 0236] loss=11.6433 cls=0.0772 smmd=0.2591 ct=10.9866 rec=1.2160 | train/val/test=1.000/0.706/0.697 | c=0.998347
[Epoch 0237] loss=11.6085 cls=0.0702 smmd=0.2389 ct=10.9869 rec=1.2109 | train/val/test=1.000/0.705/0.695 | c=0.998347
[Epoch 0238] loss=11.6121 cls=0.0710 smmd=0.2468 ct=10.9807 rec=1.2132 | train/val/test=1.000/0.695/0.687 | c=0.998347
[Epoch 0239] loss=11.6276 cls=0.0764 smmd=0.2507 ct=10.9807 rec=1.2177 | train/val/test=1.000/0.706/0.696 | c=0.998347
[Epoch 0240] loss=11.6494 cls=0.0778 smmd=0.2525 ct=10.9983 rec=1.2151 | train/val/test=1.000/0.690/0.680 | c=0.998347
[Epoch 0241] loss=11.6531 cls=0.0827 smmd=0.2497 ct=10.9938 rec=1.2210 | train/val/test=1.000/0.707/0.697 | c=0.998347
[Epoch 0242] loss=11.6531 cls=0.0807 smmd=0.2517 ct=10.9964 rec=1.2179 | train/val/test=1.000/0.689/0.681 | c=0.998347
[Epoch 0243] loss=11.6441 cls=0.0813 smmd=0.2482 ct=10.9893 rec=1.2197 | train/val/test=1.000/0.710/0.700 | c=0.998347
[Epoch 0244] loss=11.6366 cls=0.0787 smmd=0.2478 ct=10.9879 rec=1.2172 | train/val/test=1.000/0.686/0.680 | c=0.998347
[Epoch 0245] loss=11.6229 cls=0.0783 smmd=0.2357 ct=10.9866 rec=1.2199 | train/val/test=1.000/0.716/0.708 | c=0.998347
[Epoch 0246] loss=11.6220 cls=0.0768 smmd=0.2443 ct=10.9812 rec=1.2142 | train/val/test=1.000/0.682/0.673 | c=0.998347
[Epoch 0247] loss=11.6251 cls=0.0783 smmd=0.2363 ct=10.9878 rec=1.2222 | train/val/test=1.000/0.720/0.714 | c=0.998347
[Epoch 0248] loss=11.6344 cls=0.0794 smmd=0.2499 ct=10.9831 rec=1.2131 | train/val/test=1.000/0.672/0.660 | c=0.998347
[Epoch 0249] loss=11.6548 cls=0.0831 smmd=0.2447 ct=10.9987 rec=1.2253 | train/val/test=1.000/0.717/0.710 | c=0.998347
[Epoch 0250] loss=11.6873 cls=0.0913 smmd=0.2710 ct=10.9905 rec=1.2161 | train/val/test=1.000/0.651/0.634 | c=0.998347
[Epoch 0251] loss=11.7520 cls=0.1010 smmd=0.2785 ct=11.0249 rec=1.2323 | train/val/test=0.980/0.697/0.694 | c=0.998347
[Epoch 0252] loss=11.8415 cls=0.1213 smmd=0.3375 ct=11.0165 rec=1.2243 | train/val/test=0.980/0.620/0.602 | c=0.998347
[Epoch 0253] loss=11.9471 cls=0.1414 smmd=0.3438 ct=11.0717 rec=1.2442 | train/val/test=0.980/0.657/0.659 | c=0.998347
[Epoch 0254] loss=12.0641 cls=0.1724 smmd=0.4234 ct=11.0485 rec=1.2364 | train/val/test=0.959/0.605/0.592 | c=0.998347
[Epoch 0255] loss=12.1252 cls=0.1785 smmd=0.4117 ct=11.1070 rec=1.2479 | train/val/test=0.980/0.651/0.651 | c=0.998347
[Epoch 0256] loss=12.0179 cls=0.1598 smmd=0.4102 ct=11.0412 rec=1.2346 | train/val/test=1.000/0.682/0.668 | c=0.998347
[Epoch 0257] loss=11.7237 cls=0.0795 smmd=0.2939 ct=11.0280 rec=1.2136 | train/val/test=1.000/0.679/0.675 | c=0.998347
[Epoch 0258] loss=11.6224 cls=0.0671 smmd=0.2512 ct=10.9953 rec=1.2085 | train/val/test=0.980/0.674/0.677 | c=0.998347
[Epoch 0259] loss=11.8422 cls=0.1144 smmd=0.3623 ct=11.0072 rec=1.2197 | train/val/test=1.000/0.677/0.664 | c=0.998347
[Epoch 0260] loss=11.7615 cls=0.0773 smmd=0.3318 ct=11.0331 rec=1.2101 | train/val/test=1.000/0.698/0.690 | c=0.998347
[Epoch 0261] loss=11.5924 cls=0.0581 smmd=0.2505 ct=10.9858 rec=1.1993 | train/val/test=0.980/0.676/0.677 | c=0.998347
[Epoch 0262] loss=11.7968 cls=0.1017 smmd=0.3523 ct=10.9977 rec=1.2165 | train/val/test=1.000/0.680/0.670 | c=0.998347
[Epoch 0263] loss=11.7105 cls=0.0666 smmd=0.3192 ct=11.0172 rec=1.2046 | train/val/test=1.000/0.700/0.696 | c=0.998347
[Epoch 0264] loss=11.6051 cls=0.0545 smmd=0.2643 ct=10.9925 rec=1.1969 | train/val/test=0.980/0.679/0.677 | c=0.998347
[Epoch 0265] loss=11.7662 cls=0.0919 smmd=0.3495 ct=10.9904 rec=1.2125 | train/val/test=1.000/0.684/0.682 | c=0.998347
[Epoch 0266] loss=11.6320 cls=0.0563 smmd=0.2880 ct=10.9914 rec=1.2001 | train/val/test=1.000/0.702/0.693 | c=0.998347
[Epoch 0267] loss=11.6324 cls=0.0551 smmd=0.2805 ct=11.0020 rec=1.1981 | train/val/test=0.980/0.693/0.688 | c=0.998347
[Epoch 0268] loss=11.6928 cls=0.0751 smmd=0.3230 ct=10.9789 rec=1.2043 | train/val/test=1.000/0.699/0.688 | c=0.998347
[Epoch 0269] loss=11.5757 cls=0.0528 smmd=0.2618 ct=10.9683 rec=1.1997 | train/val/test=1.000/0.698/0.689 | c=0.998347
[Epoch 0270] loss=11.6398 cls=0.0552 smmd=0.2912 ct=10.9981 rec=1.2000 | train/val/test=1.000/0.712/0.701 | c=0.998347
[Epoch 0271] loss=11.6056 cls=0.0616 smmd=0.2715 ct=10.9713 rec=1.1983 | train/val/test=1.000/0.704/0.690 | c=0.998347
[Epoch 0272] loss=11.5735 cls=0.0564 smmd=0.2587 ct=10.9611 rec=1.2042 | train/val/test=1.000/0.690/0.687 | c=0.998347
[Epoch 0273] loss=11.6171 cls=0.0557 smmd=0.2764 ct=10.9889 rec=1.2018 | train/val/test=1.000/0.715/0.707 | c=0.998347
[Epoch 0274] loss=11.5656 cls=0.0556 smmd=0.2469 ct=10.9680 rec=1.1974 | train/val/test=1.000/0.700/0.687 | c=0.998347
[Epoch 0275] loss=11.5882 cls=0.0603 smmd=0.2660 ct=10.9595 rec=1.2106 | train/val/test=1.000/0.692/0.691 | c=0.998347
[Epoch 0276] loss=11.5937 cls=0.0564 smmd=0.2561 ct=10.9843 rec=1.2030 | train/val/test=1.000/0.713/0.708 | c=0.998347
[Epoch 0277] loss=11.5607 cls=0.0551 smmd=0.2459 ct=10.9645 rec=1.2000 | train/val/test=1.000/0.694/0.681 | c=0.998347
[Epoch 0278] loss=11.5931 cls=0.0631 smmd=0.2649 ct=10.9587 rec=1.2167 | train/val/test=1.000/0.703/0.700 | c=0.998347
[Epoch 0279] loss=11.5869 cls=0.0581 smmd=0.2440 ct=10.9860 rec=1.2035 | train/val/test=1.000/0.705/0.696 | c=0.998347
[Epoch 0280] loss=11.5534 cls=0.0578 smmd=0.2378 ct=10.9589 rec=1.2057 | train/val/test=1.000/0.704/0.689 | c=0.998347
[Epoch 0281] loss=11.5794 cls=0.0638 smmd=0.2493 ct=10.9586 rec=1.2187 | train/val/test=1.000/0.702/0.696 | c=0.998347
[Epoch 0282] loss=11.6012 cls=0.0642 smmd=0.2434 ct=10.9884 rec=1.2051 | train/val/test=1.000/0.707/0.695 | c=0.998347
[Epoch 0283] loss=11.5704 cls=0.0619 smmd=0.2420 ct=10.9612 rec=1.2163 | train/val/test=1.000/0.693/0.681 | c=0.998347
[Epoch 0284] loss=11.6074 cls=0.0725 smmd=0.2423 ct=10.9768 rec=1.2167 | train/val/test=1.000/0.705/0.695 | c=0.998347
[Epoch 0285] loss=11.7111 cls=0.0830 smmd=0.2824 ct=11.0190 rec=1.2179 | train/val/test=0.980/0.628/0.607 | c=0.998347
[Epoch 0286] loss=11.8407 cls=0.1252 smmd=0.3093 ct=11.0325 rec=1.2424 | train/val/test=0.898/0.724/0.712 | c=0.998347
[Epoch 0287] loss=12.4024 cls=0.2713 smmd=0.4844 ct=11.1272 rec=1.2412 | train/val/test=0.633/0.205/0.192 | c=0.998347
[Epoch 0288] loss=14.3260 cls=0.9695 smmd=0.8499 ct=11.2743 rec=1.3139 | train/val/test=0.408/0.622/0.633 | c=0.998347
[Epoch 0289] loss=21.0254 cls=3.6252 smmd=2.0611 ct=11.4617 rec=1.2605 | train/val/test=0.735/0.258/0.229 | c=0.998347
[Epoch 0290] loss=14.3708 cls=0.8856 smmd=1.0695 ct=11.2704 rec=1.2989 | train/val/test=0.388/0.109/0.100 | c=0.998347
[Epoch 0291] loss=17.8793 cls=2.3540 smmd=1.5449 ct=11.3395 rec=1.4353 | train/val/test=0.265/0.468/0.489 | c=0.998347
[Epoch 0292] loss=22.3781 cls=4.0791 smmd=2.4219 ct=11.5157 rec=1.4107 | train/val/test=0.163/0.181/0.168 | c=0.998347
[Epoch 0293] loss=22.0790 cls=3.8428 smmd=2.7209 ct=11.3835 rec=1.4453 | train/val/test=0.469/0.232/0.203 | c=0.998347
[Epoch 0294] loss=20.6530 cls=3.1233 smmd=2.7422 ct=11.4049 rec=1.2967 | train/val/test=0.347/0.098/0.091 | c=0.998347
[Epoch 0295] loss=24.9854 cls=5.1859 smmd=2.8851 ct=11.4467 rec=1.4093 | train/val/test=0.571/0.168/0.150 | c=0.998347
[Epoch 0296] loss=17.7069 cls=2.1372 smmd=1.8402 ct=11.3347 rec=1.2884 | train/val/test=0.653/0.603/0.608 | c=0.998347
[Epoch 0297] loss=16.1119 cls=1.3076 smmd=1.9358 ct=11.3130 rec=1.2392 | train/val/test=0.510/0.612/0.638 | c=0.998347
[Epoch 0298] loss=20.9008 cls=3.2049 smmd=2.8100 ct=11.4331 rec=1.2398 | train/val/test=0.694/0.624/0.608 | c=0.998347
[Epoch 0299] loss=16.6878 cls=1.4273 smmd=2.2381 ct=11.3438 rec=1.2561 | train/val/test=0.959/0.593/0.573 | c=0.998347
[Epoch 0300] loss=12.9892 cls=0.1285 smmd=1.3704 ct=11.1251 rec=1.1837 | train/val/test=0.633/0.266/0.238 | c=0.998347
[Epoch 0301] loss=16.7577 cls=1.6847 smmd=1.8439 ct=11.2911 rec=1.2663 | train/val/test=0.592/0.234/0.212 | c=0.998347
[Epoch 0302] loss=17.0340 cls=1.8613 smmd=1.7905 ct=11.2703 rec=1.2531 | train/val/test=0.959/0.668/0.653 | c=0.998347
[Epoch 0303] loss=12.5442 cls=0.0803 smmd=1.1060 ct=11.0427 rec=1.1750 | train/val/test=0.898/0.734/0.714 | c=0.998347
[Epoch 0304] loss=13.6473 cls=0.3101 smmd=1.5783 ct=11.2094 rec=1.1963 | train/val/test=0.857/0.727/0.719 | c=0.998347
[Epoch 0305] loss=15.1204 cls=0.7834 smmd=2.0097 ct=11.3046 rec=1.1964 | train/val/test=0.837/0.772/0.764 | c=0.998347
[Epoch 0306] loss=14.6519 cls=0.6245 smmd=1.8732 ct=11.2922 rec=1.1874 | train/val/test=0.980/0.746/0.756 | c=0.998347
[Epoch 0307] loss=13.0819 cls=0.1183 smmd=1.4122 ct=11.1929 rec=1.2006 | train/val/test=0.918/0.701/0.700 | c=0.998347
[Epoch 0308] loss=12.9113 cls=0.1544 smmd=1.2561 ct=11.1071 rec=1.1963 | train/val/test=0.878/0.611/0.604 | c=0.998347
[Epoch 0309] loss=13.4057 cls=0.3950 smmd=1.3032 ct=11.0752 rec=1.1865 | train/val/test=0.857/0.562/0.551 | c=0.998347
[Epoch 0310] loss=13.3300 cls=0.3721 smmd=1.3000 ct=11.0491 rec=1.1839 | train/val/test=0.939/0.547/0.523 | c=0.998347
[Epoch 0311] loss=13.0317 cls=0.1770 smmd=1.3682 ct=11.0686 rec=1.2049 | train/val/test=0.959/0.577/0.553 | c=0.998347
[Epoch 0312] loss=13.0744 cls=0.1154 smmd=1.4886 ct=11.1078 rec=1.2358 | train/val/test=1.000/0.666/0.650 | c=0.998347
[Epoch 0313] loss=12.8923 cls=0.0503 smmd=1.4378 ct=11.1140 rec=1.1993 | train/val/test=0.980/0.721/0.717 | c=0.998347
[Epoch 0314] loss=12.7656 cls=0.0559 smmd=1.3071 ct=11.1113 rec=1.1768 | train/val/test=0.980/0.711/0.717 | c=0.998347
[Epoch 0315] loss=12.7652 cls=0.0813 smmd=1.2488 ct=11.1175 rec=1.1815 | train/val/test=0.959/0.707/0.710 | c=0.998347
[Epoch 0316] loss=12.9096 cls=0.1346 smmd=1.2688 ct=11.1336 rec=1.1906 | train/val/test=0.980/0.733/0.730 | c=0.998347
[Epoch 0317] loss=12.7565 cls=0.0776 smmd=1.2385 ct=11.1246 rec=1.1908 | train/val/test=1.000/0.742/0.739 | c=0.998347
[Epoch 0318] loss=12.5895 cls=0.0273 smmd=1.1996 ct=11.0993 rec=1.1796 | train/val/test=0.980/0.726/0.714 | c=0.998347
[Epoch 0319] loss=12.6225 cls=0.0351 smmd=1.2328 ct=11.0853 rec=1.1716 | train/val/test=0.980/0.685/0.669 | c=0.998347
[Epoch 0320] loss=12.6595 cls=0.0462 smmd=1.2562 ct=11.0772 rec=1.1688 | train/val/test=1.000/0.660/0.644 | c=0.998347
[Epoch 0321] loss=12.6059 cls=0.0404 smmd=1.2287 ct=11.0624 rec=1.1700 | train/val/test=1.000/0.656/0.644 | c=0.998347
[Epoch 0322] loss=12.5347 cls=0.0346 smmd=1.1892 ct=11.0422 rec=1.1709 | train/val/test=1.000/0.660/0.648 | c=0.998347
[Epoch 0323] loss=12.5230 cls=0.0428 smmd=1.1689 ct=11.0335 rec=1.1745 | train/val/test=0.980/0.651/0.644 | c=0.998347
[Epoch 0324] loss=12.5580 cls=0.0652 smmd=1.1502 ct=11.0415 rec=1.1794 | train/val/test=1.000/0.673/0.661 | c=0.998347
[Epoch 0325] loss=12.4889 cls=0.0562 smmd=1.0957 ct=11.0457 rec=1.1759 | train/val/test=1.000/0.708/0.702 | c=0.998347
[Epoch 0326] loss=12.3948 cls=0.0314 smmd=1.0524 ct=11.0453 rec=1.1714 | train/val/test=1.000/0.734/0.727 | c=0.998347
[Epoch 0327] loss=12.3780 cls=0.0187 smmd=1.0540 ct=11.0526 rec=1.1703 | train/val/test=1.000/0.742/0.736 | c=0.998347
[Epoch 0328] loss=12.4163 cls=0.0158 smmd=1.0859 ct=11.0646 rec=1.1705 | train/val/test=1.000/0.744/0.739 | c=0.998347
[Epoch 0329] loss=12.4240 cls=0.0155 smmd=1.0879 ct=11.0712 rec=1.1702 | train/val/test=1.000/0.743/0.739 | c=0.998347
[Epoch 0330] loss=12.3892 cls=0.0142 smmd=1.0594 ct=11.0676 rec=1.1693 | train/val/test=1.000/0.743/0.735 | c=0.998347
[Epoch 0331] loss=12.3424 cls=0.0145 smmd=1.0228 ct=11.0569 rec=1.1682 | train/val/test=1.000/0.736/0.728 | c=0.998347
[Epoch 0332] loss=12.3058 cls=0.0183 smmd=0.9901 ct=11.0455 rec=1.1680 | train/val/test=1.000/0.723/0.715 | c=0.998347
[Epoch 0333] loss=12.2992 cls=0.0236 smmd=0.9797 ct=11.0386 rec=1.1691 | train/val/test=1.000/0.702/0.698 | c=0.998347
[Epoch 0334] loss=12.2974 cls=0.0259 smmd=0.9762 ct=11.0353 rec=1.1703 | train/val/test=1.000/0.696/0.688 | c=0.998347
[Epoch 0335] loss=12.2723 cls=0.0233 smmd=0.9612 ct=11.0304 rec=1.1703 | train/val/test=1.000/0.699/0.687 | c=0.998347
[Epoch 0336] loss=12.2501 cls=0.0192 smmd=0.9545 ct=11.0235 rec=1.1690 | train/val/test=1.000/0.705/0.695 | c=0.998347
[Epoch 0337] loss=12.2358 cls=0.0171 smmd=0.9500 ct=11.0182 rec=1.1671 | train/val/test=1.000/0.715/0.704 | c=0.998347
[Epoch 0338] loss=12.2195 cls=0.0168 smmd=0.9366 ct=11.0161 rec=1.1658 | train/val/test=1.000/0.723/0.711 | c=0.998347
[Epoch 0339] loss=12.2066 cls=0.0171 smmd=0.9231 ct=11.0163 rec=1.1652 | train/val/test=1.000/0.726/0.716 | c=0.998347
[Epoch 0340] loss=12.1776 cls=0.0174 smmd=0.8919 ct=11.0177 rec=1.1656 | train/val/test=1.000/0.731/0.718 | c=0.998347
[Epoch 0341] loss=12.1713 cls=0.0177 smmd=0.8825 ct=11.0201 rec=1.1668 | train/val/test=1.000/0.730/0.718 | c=0.998347
[Epoch 0342] loss=12.1470 cls=0.0181 smmd=0.8543 ct=11.0229 rec=1.1683 | train/val/test=1.000/0.727/0.715 | c=0.998347
[Epoch 0343] loss=12.1324 cls=0.0184 smmd=0.8379 ct=11.0239 rec=1.1692 | train/val/test=1.000/0.725/0.713 | c=0.998347
[Epoch 0344] loss=12.1198 cls=0.0177 smmd=0.8296 ct=11.0210 rec=1.1691 | train/val/test=1.000/0.726/0.712 | c=0.998347
[Epoch 0345] loss=12.0977 cls=0.0166 smmd=0.8154 ct=11.0153 rec=1.1681 | train/val/test=1.000/0.725/0.712 | c=0.998347
[Epoch 0346] loss=12.0827 cls=0.0163 smmd=0.8072 ct=11.0095 rec=1.1672 | train/val/test=1.000/0.724/0.712 | c=0.998347
[Epoch 0347] loss=12.0699 cls=0.0168 smmd=0.7980 ct=11.0050 rec=1.1669 | train/val/test=1.000/0.720/0.709 | c=0.998347
[Epoch 0348] loss=12.0541 cls=0.0177 smmd=0.7836 ct=11.0018 rec=1.1672 | train/val/test=1.000/0.718/0.706 | c=0.998347
[Epoch 0349] loss=12.0386 cls=0.0184 smmd=0.7681 ct=11.0000 rec=1.1680 | train/val/test=1.000/0.713/0.704 | c=0.998347
[Epoch 0350] loss=12.0223 cls=0.0189 smmd=0.7514 ct=10.9992 rec=1.1691 | train/val/test=1.000/0.713/0.702 | c=0.998347
[Epoch 0351] loss=12.0033 cls=0.0190 smmd=0.7335 ct=10.9977 rec=1.1699 | train/val/test=1.000/0.716/0.705 | c=0.998347
[Epoch 0352] loss=11.9933 cls=0.0187 smmd=0.7271 ct=10.9947 rec=1.1701 | train/val/test=1.000/0.719/0.708 | c=0.998347
[Epoch 0353] loss=11.9712 cls=0.0184 smmd=0.7088 ct=10.9916 rec=1.1700 | train/val/test=1.000/0.721/0.708 | c=0.998347
[Epoch 0354] loss=11.9603 cls=0.0184 smmd=0.6998 ct=10.9896 rec=1.1699 | train/val/test=1.000/0.721/0.709 | c=0.998347
[Epoch 0355] loss=11.9391 cls=0.0187 smmd=0.6788 ct=10.9888 rec=1.1701 | train/val/test=1.000/0.719/0.708 | c=0.998347
[Epoch 0356] loss=11.9323 cls=0.0194 smmd=0.6710 ct=10.9884 rec=1.1708 | train/val/test=1.000/0.716/0.705 | c=0.998347
[Epoch 0357] loss=11.9214 cls=0.0202 smmd=0.6593 ct=10.9874 rec=1.1719 | train/val/test=1.000/0.714/0.702 | c=0.998347
[Epoch 0358] loss=11.9050 cls=0.0207 smmd=0.6450 ct=10.9840 rec=1.1731 | train/val/test=1.000/0.711/0.700 | c=0.998347
[Epoch 0359] loss=11.8910 cls=0.0208 smmd=0.6359 ct=10.9787 rec=1.1741 | train/val/test=1.000/0.711/0.700 | c=0.998347
[Epoch 0360] loss=11.8771 cls=0.0210 smmd=0.6261 ct=10.9740 rec=1.1750 | train/val/test=1.000/0.710/0.701 | c=0.998347
[Epoch 0361] loss=11.8658 cls=0.0213 smmd=0.6163 ct=10.9717 rec=1.1758 | train/val/test=1.000/0.712/0.701 | c=0.998347
[Epoch 0362] loss=11.8548 cls=0.0218 smmd=0.6041 ct=10.9717 rec=1.1763 | train/val/test=1.000/0.709/0.701 | c=0.998347
[Epoch 0363] loss=11.8479 cls=0.0225 smmd=0.5950 ct=10.9725 rec=1.1771 | train/val/test=1.000/0.708/0.700 | c=0.998347
[Epoch 0364] loss=11.8396 cls=0.0230 smmd=0.5867 ct=10.9712 rec=1.1782 | train/val/test=1.000/0.709/0.699 | c=0.998347
[Epoch 0365] loss=11.8251 cls=0.0234 smmd=0.5750 ct=10.9674 rec=1.1798 | train/val/test=1.000/0.706/0.699 | c=0.998347
[Epoch 0366] loss=11.8055 cls=0.0238 smmd=0.5582 ct=10.9633 rec=1.1817 | train/val/test=1.000/0.705/0.698 | c=0.998347
[Epoch 0367] loss=11.8032 cls=0.0245 smmd=0.5569 ct=10.9606 rec=1.1833 | train/val/test=1.000/0.706/0.698 | c=0.998347
[Epoch 0368] loss=11.7909 cls=0.0253 smmd=0.5435 ct=10.9600 rec=1.1843 | train/val/test=1.000/0.706/0.697 | c=0.998347
[Epoch 0369] loss=11.7838 cls=0.0259 smmd=0.5353 ct=10.9596 rec=1.1853 | train/val/test=1.000/0.707/0.698 | c=0.998347
[Epoch 0370] loss=11.7731 cls=0.0263 smmd=0.5253 ct=10.9578 rec=1.1867 | train/val/test=1.000/0.706/0.698 | c=0.998347
[Epoch 0371] loss=11.7705 cls=0.0268 smmd=0.5240 ct=10.9552 rec=1.1888 | train/val/test=1.000/0.705/0.698 | c=0.998347
[Epoch 0372] loss=11.7569 cls=0.0275 smmd=0.5106 ct=10.9532 rec=1.1907 | train/val/test=1.000/0.702/0.696 | c=0.998347
[Epoch 0373] loss=11.7434 cls=0.0284 smmd=0.4961 ct=10.9522 rec=1.1921 | train/val/test=1.000/0.702/0.695 | c=0.998347
[Epoch 0374] loss=11.7488 cls=0.0291 smmd=0.5008 ct=10.9512 rec=1.1932 | train/val/test=1.000/0.701/0.695 | c=0.998347
[Epoch 0375] loss=11.7391 cls=0.0296 smmd=0.4914 ct=10.9496 rec=1.1948 | train/val/test=1.000/0.701/0.696 | c=0.998347
[Epoch 0376] loss=11.7308 cls=0.0300 smmd=0.4829 ct=10.9484 rec=1.1967 | train/val/test=1.000/0.700/0.695 | c=0.998347
[Epoch 0377] loss=11.7197 cls=0.0307 smmd=0.4708 ct=10.9478 rec=1.1982 | train/val/test=1.000/0.698/0.695 | c=0.998347
[Epoch 0378] loss=11.7156 cls=0.0315 smmd=0.4656 ct=10.9472 rec=1.1991 | train/val/test=1.000/0.698/0.695 | c=0.998347
[Epoch 0379] loss=11.7093 cls=0.0321 smmd=0.4596 ct=10.9455 rec=1.2002 | train/val/test=1.000/0.700/0.695 | c=0.998347
[Epoch 0380] loss=11.7086 cls=0.0326 smmd=0.4598 ct=10.9433 rec=1.2020 | train/val/test=1.000/0.699/0.694 | c=0.998347
[Epoch 0381] loss=11.7113 cls=0.0332 smmd=0.4613 ct=10.9429 rec=1.2035 | train/val/test=1.000/0.698/0.693 | c=0.998347
[Epoch 0382] loss=11.7003 cls=0.0338 smmd=0.4478 ct=10.9440 rec=1.2041 | train/val/test=1.000/0.698/0.692 | c=0.998347
[Epoch 0383] loss=11.6923 cls=0.0343 smmd=0.4387 ct=10.9441 rec=1.2046 | train/val/test=1.000/0.698/0.693 | c=0.998347
[Epoch 0384] loss=11.6845 cls=0.0347 smmd=0.4320 ct=10.9420 rec=1.2057 | train/val/test=1.000/0.697/0.692 | c=0.998347
[Epoch 0385] loss=11.6826 cls=0.0352 smmd=0.4310 ct=10.9398 rec=1.2070 | train/val/test=1.000/0.697/0.692 | c=0.998347
[Epoch 0386] loss=11.6795 cls=0.0358 smmd=0.4270 ct=10.9394 rec=1.2076 | train/val/test=1.000/0.696/0.692 | c=0.998347
[Epoch 0387] loss=11.6706 cls=0.0362 smmd=0.4168 ct=10.9397 rec=1.2079 | train/val/test=1.000/0.698/0.694 | c=0.998347
[Epoch 0388] loss=11.6695 cls=0.0365 smmd=0.4154 ct=10.9395 rec=1.2084 | train/val/test=1.000/0.697/0.693 | c=0.998347
[Epoch 0389] loss=11.6649 cls=0.0369 smmd=0.4101 ct=10.9393 rec=1.2091 | train/val/test=1.000/0.697/0.693 | c=0.998347
[Epoch 0390] loss=11.6611 cls=0.0373 smmd=0.4055 ct=10.9391 rec=1.2095 | train/val/test=1.000/0.697/0.694 | c=0.998347
[Epoch 0391] loss=11.6562 cls=0.0376 smmd=0.4007 ct=10.9382 rec=1.2096 | train/val/test=1.000/0.698/0.695 | c=0.998347
[Epoch 0392] loss=11.6504 cls=0.0379 smmd=0.3958 ct=10.9368 rec=1.2100 | train/val/test=1.000/0.700/0.695 | c=0.998347
[Epoch 0393] loss=11.6496 cls=0.0382 smmd=0.3946 ct=10.9365 rec=1.2103 | train/val/test=1.000/0.701/0.695 | c=0.998347
[Epoch 0394] loss=11.6439 cls=0.0386 smmd=0.3875 ct=10.9372 rec=1.2105 | train/val/test=1.000/0.701/0.696 | c=0.998347
[Epoch 0395] loss=11.6376 cls=0.0388 smmd=0.3809 ct=10.9369 rec=1.2105 | train/val/test=1.000/0.701/0.696 | c=0.998347
[Epoch 0396] loss=11.6344 cls=0.0391 smmd=0.3783 ct=10.9358 rec=1.2106 | train/val/test=1.000/0.701/0.697 | c=0.998347
[Epoch 0397] loss=11.6302 cls=0.0394 smmd=0.3743 ct=10.9350 rec=1.2107 | train/val/test=1.000/0.700/0.697 | c=0.998347
[Epoch 0398] loss=11.6277 cls=0.0397 smmd=0.3712 ct=10.9350 rec=1.2109 | train/val/test=1.000/0.701/0.697 | c=0.998347
[Epoch 0399] loss=11.6275 cls=0.0399 smmd=0.3705 ct=10.9351 rec=1.2107 | train/val/test=1.000/0.701/0.698 | c=0.998347
[Epoch 0400] loss=11.6215 cls=0.0401 smmd=0.3641 ct=10.9349 rec=1.2108 | train/val/test=1.000/0.703/0.698 | c=0.998347
[Epoch 0401] loss=11.6175 cls=0.0404 smmd=0.3600 ct=10.9345 rec=1.2109 | train/val/test=1.000/0.703/0.699 | c=0.998347
[Epoch 0402] loss=11.6074 cls=0.0407 smmd=0.3502 ct=10.9337 rec=1.2108 | train/val/test=1.000/0.705/0.699 | c=0.998347
[Epoch 0403] loss=11.6100 cls=0.0409 smmd=0.3531 ct=10.9330 rec=1.2107 | train/val/test=1.000/0.705/0.699 | c=0.998347
[Epoch 0404] loss=11.6033 cls=0.0412 smmd=0.3457 ct=10.9330 rec=1.2108 | train/val/test=1.000/0.704/0.700 | c=0.998347
[Epoch 0405] loss=11.6052 cls=0.0415 smmd=0.3470 ct=10.9331 rec=1.2108 | train/val/test=1.000/0.704/0.700 | c=0.998347
[Epoch 0406] loss=11.5959 cls=0.0417 smmd=0.3371 ct=10.9332 rec=1.2107 | train/val/test=1.000/0.704/0.700 | c=0.998347
[Epoch 0407] loss=11.5917 cls=0.0420 smmd=0.3331 ct=10.9325 rec=1.2107 | train/val/test=1.000/0.705/0.701 | c=0.998347
[Epoch 0408] loss=11.5905 cls=0.0423 smmd=0.3324 ct=10.9314 rec=1.2107 | train/val/test=1.000/0.705/0.700 | c=0.998347
[Epoch 0409] loss=11.5850 cls=0.0426 smmd=0.3270 ct=10.9306 rec=1.2107 | train/val/test=1.000/0.705/0.700 | c=0.998347
[Epoch 0410] loss=11.5878 cls=0.0429 smmd=0.3294 ct=10.9305 rec=1.2109 | train/val/test=1.000/0.706/0.701 | c=0.998347
[Epoch 0411] loss=11.5800 cls=0.0432 smmd=0.3205 ct=10.9310 rec=1.2108 | train/val/test=1.000/0.706/0.701 | c=0.998347
[Epoch 0412] loss=11.5820 cls=0.0435 smmd=0.3219 ct=10.9310 rec=1.2108 | train/val/test=1.000/0.705/0.701 | c=0.998347
[Epoch 0413] loss=11.5754 cls=0.0438 smmd=0.3154 ct=10.9302 rec=1.2109 | train/val/test=1.000/0.708/0.701 | c=0.998347
[Epoch 0414] loss=11.5781 cls=0.0441 smmd=0.3187 ct=10.9290 rec=1.2110 | train/val/test=1.000/0.708/0.702 | c=0.998347
[Epoch 0415] loss=11.5675 cls=0.0444 smmd=0.3076 ct=10.9288 rec=1.2111 | train/val/test=1.000/0.710/0.702 | c=0.998347
[Epoch 0416] loss=11.5736 cls=0.0448 smmd=0.3132 ct=10.9286 rec=1.2112 | train/val/test=1.000/0.711/0.702 | c=0.998347
[Epoch 0417] loss=11.5659 cls=0.0451 smmd=0.3049 ct=10.9286 rec=1.2113 | train/val/test=1.000/0.711/0.702 | c=0.998347
[Epoch 0418] loss=11.5584 cls=0.0454 smmd=0.2975 ct=10.9278 rec=1.2115 | train/val/test=1.000/0.711/0.703 | c=0.998347
[Epoch 0419] loss=11.5580 cls=0.0458 smmd=0.2976 ct=10.9266 rec=1.2115 | train/val/test=1.000/0.710/0.703 | c=0.998347
[Epoch 0420] loss=11.5592 cls=0.0461 smmd=0.2986 ct=10.9260 rec=1.2117 | train/val/test=1.000/0.711/0.703 | c=0.998347
[Epoch 0421] loss=11.5518 cls=0.0465 smmd=0.2903 ct=10.9262 rec=1.2120 | train/val/test=1.000/0.711/0.703 | c=0.998347
[Epoch 0422] loss=11.5520 cls=0.0468 smmd=0.2907 ct=10.9253 rec=1.2121 | train/val/test=1.000/0.711/0.703 | c=0.998347
[Epoch 0423] loss=11.5532 cls=0.0471 smmd=0.2917 ct=10.9249 rec=1.2120 | train/val/test=1.000/0.711/0.703 | c=0.998347
[Epoch 0424] loss=11.5522 cls=0.0475 smmd=0.2898 ct=10.9250 rec=1.2123 | train/val/test=1.000/0.711/0.703 | c=0.998347
[Epoch 0425] loss=11.5485 cls=0.0478 smmd=0.2859 ct=10.9244 rec=1.2127 | train/val/test=1.000/0.712/0.704 | c=0.998347
[Epoch 0426] loss=11.5442 cls=0.0482 smmd=0.2812 ct=10.9242 rec=1.2124 | train/val/test=1.000/0.712/0.704 | c=0.998347
[Epoch 0427] loss=11.5502 cls=0.0485 smmd=0.2873 ct=10.9234 rec=1.2126 | train/val/test=1.000/0.712/0.704 | c=0.998347
[Epoch 0428] loss=11.5448 cls=0.0488 smmd=0.2824 ct=10.9222 rec=1.2131 | train/val/test=1.000/0.711/0.704 | c=0.998347
[Epoch 0429] loss=11.5422 cls=0.0492 smmd=0.2793 ct=10.9219 rec=1.2131 | train/val/test=1.000/0.710/0.704 | c=0.998347
[Epoch 0430] loss=11.5400 cls=0.0495 smmd=0.2766 ct=10.9218 rec=1.2131 | train/val/test=1.000/0.710/0.704 | c=0.998347
[Epoch 0431] loss=11.5372 cls=0.0498 smmd=0.2736 ct=10.9213 rec=1.2133 | train/val/test=1.000/0.710/0.704 | c=0.998347
[Epoch 0432] loss=11.5307 cls=0.0502 smmd=0.2671 ct=10.9205 rec=1.2136 | train/val/test=1.000/0.710/0.704 | c=0.998347
[Epoch 0433] loss=11.5294 cls=0.0505 smmd=0.2663 ct=10.9193 rec=1.2137 | train/val/test=1.000/0.710/0.704 | c=0.998347
[Epoch 0434] loss=11.5336 cls=0.0508 smmd=0.2706 ct=10.9187 rec=1.2138 | train/val/test=1.000/0.711/0.705 | c=0.998347
[Epoch 0435] loss=11.5323 cls=0.0511 smmd=0.2682 ct=10.9192 rec=1.2139 | train/val/test=1.000/0.711/0.705 | c=0.998347
[Epoch 0436] loss=11.5317 cls=0.0515 smmd=0.2668 ct=10.9191 rec=1.2141 | train/val/test=1.000/0.712/0.705 | c=0.998347
[Epoch 0437] loss=11.5281 cls=0.0517 smmd=0.2634 ct=10.9185 rec=1.2142 | train/val/test=1.000/0.712/0.705 | c=0.998347
[Epoch 0438] loss=11.5315 cls=0.0520 smmd=0.2674 ct=10.9173 rec=1.2144 | train/val/test=1.000/0.712/0.706 | c=0.998347
[Epoch 0439] loss=11.5237 cls=0.0523 smmd=0.2594 ct=10.9168 rec=1.2145 | train/val/test=1.000/0.712/0.706 | c=0.998347
[Epoch 0440] loss=11.5266 cls=0.0527 smmd=0.2626 ct=10.9157 rec=1.2147 | train/val/test=1.000/0.713/0.706 | c=0.998347
[Epoch 0441] loss=11.5184 cls=0.0528 smmd=0.2543 ct=10.9155 rec=1.2147 | train/val/test=1.000/0.714/0.706 | c=0.998347
[Epoch 0442] loss=11.5237 cls=0.0532 smmd=0.2598 ct=10.9147 rec=1.2147 | train/val/test=1.000/0.712/0.706 | c=0.998347
[Epoch 0443] loss=11.5158 cls=0.0535 smmd=0.2508 ct=10.9149 rec=1.2151 | train/val/test=1.000/0.713/0.706 | c=0.998347
[Epoch 0444] loss=11.5104 cls=0.0537 smmd=0.2453 ct=10.9147 rec=1.2150 | train/val/test=1.000/0.712/0.706 | c=0.998347
[Epoch 0445] loss=11.5134 cls=0.0540 smmd=0.2496 ct=10.9128 rec=1.2150 | train/val/test=1.000/0.712/0.705 | c=0.998347
[Epoch 0446] loss=11.5112 cls=0.0542 smmd=0.2480 ct=10.9116 rec=1.2155 | train/val/test=1.000/0.712/0.706 | c=0.998347
[Epoch 0447] loss=11.5137 cls=0.0544 smmd=0.2497 ct=10.9121 rec=1.2153 | train/val/test=1.000/0.713/0.707 | c=0.998347
[Epoch 0448] loss=11.5150 cls=0.0547 smmd=0.2502 ct=10.9124 rec=1.2151 | train/val/test=1.000/0.712/0.706 | c=0.998347
[Epoch 0449] loss=11.5122 cls=0.0549 smmd=0.2476 ct=10.9117 rec=1.2155 | train/val/test=1.000/0.711/0.706 | c=0.998347
[Epoch 0450] loss=11.5115 cls=0.0551 smmd=0.2472 ct=10.9109 rec=1.2158 | train/val/test=1.000/0.712/0.707 | c=0.998347
[Epoch 0451] loss=11.5071 cls=0.0554 smmd=0.2433 ct=10.9099 rec=1.2153 | train/val/test=1.000/0.712/0.707 | c=0.998347
[Epoch 0452] loss=11.5038 cls=0.0556 smmd=0.2402 ct=10.9093 rec=1.2156 | train/val/test=1.000/0.710/0.706 | c=0.998347
[Epoch 0453] loss=11.5000 cls=0.0558 smmd=0.2371 ct=10.9082 rec=1.2161 | train/val/test=1.000/0.712/0.707 | c=0.998347
[Epoch 0454] loss=11.4987 cls=0.0560 smmd=0.2355 ct=10.9080 rec=1.2157 | train/val/test=1.000/0.713/0.707 | c=0.998347
[Epoch 0455] loss=11.5015 cls=0.0562 smmd=0.2384 ct=10.9076 rec=1.2157 | train/val/test=1.000/0.712/0.707 | c=0.998347
[Epoch 0456] loss=11.5017 cls=0.0563 smmd=0.2390 ct=10.9068 rec=1.2160 | train/val/test=1.000/0.712/0.707 | c=0.998347
[Epoch 0457] loss=11.4983 cls=0.0566 smmd=0.2351 ct=10.9069 rec=1.2159 | train/val/test=1.000/0.712/0.707 | c=0.998347
[Epoch 0458] loss=11.4933 cls=0.0567 smmd=0.2301 ct=10.9065 rec=1.2161 | train/val/test=1.000/0.712/0.707 | c=0.998347
[Epoch 0459] loss=11.4949 cls=0.0569 smmd=0.2328 ct=10.9050 rec=1.2161 | train/val/test=1.000/0.712/0.707 | c=0.998347
[Epoch 0460] loss=11.4947 cls=0.0571 smmd=0.2330 ct=10.9043 rec=1.2161 | train/val/test=1.000/0.712/0.707 | c=0.998347
[Epoch 0461] loss=11.4940 cls=0.0572 smmd=0.2321 ct=10.9043 rec=1.2163 | train/val/test=1.000/0.712/0.708 | c=0.998347
[Epoch 0462] loss=11.4936 cls=0.0574 smmd=0.2315 ct=10.9041 rec=1.2161 | train/val/test=1.000/0.711/0.707 | c=0.998347
[Epoch 0463] loss=11.4935 cls=0.0575 smmd=0.2320 ct=10.9032 rec=1.2165 | train/val/test=1.000/0.711/0.708 | c=0.998347
[Epoch 0464] loss=11.4915 cls=0.0576 smmd=0.2303 ct=10.9027 rec=1.2163 | train/val/test=1.000/0.711/0.708 | c=0.998347
[Epoch 0465] loss=11.4847 cls=0.0578 smmd=0.2239 ct=10.9019 rec=1.2163 | train/val/test=1.000/0.711/0.708 | c=0.998347
[Epoch 0466] loss=11.4877 cls=0.0579 smmd=0.2274 ct=10.9011 rec=1.2166 | train/val/test=1.000/0.711/0.708 | c=0.998347
[Epoch 0467] loss=11.4852 cls=0.0580 smmd=0.2248 ct=10.9010 rec=1.2165 | train/val/test=1.000/0.710/0.709 | c=0.998347
[Epoch 0468] loss=11.4854 cls=0.0582 smmd=0.2258 ct=10.8999 rec=1.2165 | train/val/test=1.000/0.711/0.709 | c=0.998347
[Epoch 0469] loss=11.4811 cls=0.0583 smmd=0.2216 ct=10.8995 rec=1.2168 | train/val/test=1.000/0.710/0.710 | c=0.998347
[Epoch 0470] loss=11.4756 cls=0.0584 smmd=0.2161 ct=10.8994 rec=1.2166 | train/val/test=1.000/0.711/0.709 | c=0.998347
[Epoch 0471] loss=11.4832 cls=0.0585 smmd=0.2256 ct=10.8973 rec=1.2168 | train/val/test=1.000/0.710/0.709 | c=0.998347
[Epoch 0472] loss=11.4784 cls=0.0586 smmd=0.2202 ct=10.8978 rec=1.2168 | train/val/test=1.000/0.711/0.710 | c=0.998347
[Epoch 0473] loss=11.4767 cls=0.0587 smmd=0.2189 ct=10.8970 rec=1.2169 | train/val/test=1.000/0.711/0.709 | c=0.998347
[Epoch 0474] loss=11.4801 cls=0.0587 smmd=0.2219 ct=10.8974 rec=1.2168 | train/val/test=1.000/0.711/0.709 | c=0.998347
[Epoch 0475] loss=11.4766 cls=0.0588 smmd=0.2196 ct=10.8959 rec=1.2172 | train/val/test=1.000/0.711/0.710 | c=0.998347
[Epoch 0476] loss=11.4779 cls=0.0590 smmd=0.2215 ct=10.8951 rec=1.2169 | train/val/test=1.000/0.710/0.710 | c=0.998347
[Epoch 0477] loss=11.4761 cls=0.0589 smmd=0.2189 ct=10.8960 rec=1.2170 | train/val/test=1.000/0.711/0.710 | c=0.998347
[Epoch 0478] loss=11.4729 cls=0.0591 smmd=0.2169 ct=10.8943 rec=1.2173 | train/val/test=1.000/0.710/0.711 | c=0.998347
[Epoch 0479] loss=11.4766 cls=0.0592 smmd=0.2205 ct=10.8943 rec=1.2170 | train/val/test=1.000/0.711/0.710 | c=0.998347
[Epoch 0480] loss=11.4723 cls=0.0591 smmd=0.2185 ct=10.8920 rec=1.2174 | train/val/test=1.000/0.709/0.711 | c=0.998347
[Epoch 0481] loss=11.4689 cls=0.0594 smmd=0.2133 ct=10.8934 rec=1.2171 | train/val/test=1.000/0.710/0.709 | c=0.998347
[Epoch 0482] loss=11.4745 cls=0.0593 smmd=0.2208 ct=10.8916 rec=1.2176 | train/val/test=1.000/0.709/0.711 | c=0.998347
[Epoch 0483] loss=11.4668 cls=0.0594 smmd=0.2123 ct=10.8923 rec=1.2172 | train/val/test=1.000/0.710/0.711 | c=0.998347
[Epoch 0484] loss=11.4710 cls=0.0595 smmd=0.2178 ct=10.8907 rec=1.2174 | train/val/test=1.000/0.709/0.710 | c=0.998347
[Epoch 0485] loss=11.4672 cls=0.0594 smmd=0.2149 ct=10.8899 rec=1.2177 | train/val/test=1.000/0.710/0.711 | c=0.998347
[Epoch 0486] loss=11.4648 cls=0.0596 smmd=0.2115 ct=10.8906 rec=1.2173 | train/val/test=1.000/0.709/0.710 | c=0.998347
[Epoch 0487] loss=11.4609 cls=0.0596 smmd=0.2096 ct=10.8886 rec=1.2177 | train/val/test=1.000/0.709/0.710 | c=0.998347
[Epoch 0488] loss=11.4625 cls=0.0596 smmd=0.2110 ct=10.8888 rec=1.2176 | train/val/test=1.000/0.710/0.711 | c=0.998347
[Epoch 0489] loss=11.4640 cls=0.0597 smmd=0.2133 ct=10.8876 rec=1.2177 | train/val/test=1.000/0.709/0.711 | c=0.998347
[Epoch 0490] loss=11.4588 cls=0.0597 smmd=0.2076 ct=10.8883 rec=1.2177 | train/val/test=1.000/0.709/0.710 | c=0.998347
[Epoch 0491] loss=11.4619 cls=0.0597 smmd=0.2125 ct=10.8865 rec=1.2179 | train/val/test=1.000/0.710/0.711 | c=0.998347
[Epoch 0492] loss=11.4623 cls=0.0598 smmd=0.2131 ct=10.8861 rec=1.2178 | train/val/test=1.000/0.710/0.710 | c=0.998347
[Epoch 0493] loss=11.4595 cls=0.0597 smmd=0.2101 ct=10.8864 rec=1.2180 | train/val/test=1.000/0.709/0.711 | c=0.998347
[Epoch 0494] loss=11.4562 cls=0.0599 smmd=0.2074 ct=10.8855 rec=1.2177 | train/val/test=1.000/0.710/0.710 | c=0.998347
[Epoch 0495] loss=11.4554 cls=0.0598 smmd=0.2073 ct=10.8850 rec=1.2181 | train/val/test=1.000/0.709/0.711 | c=0.998347
[Epoch 0496] loss=11.4568 cls=0.0599 smmd=0.2112 ct=10.8822 rec=1.2181 | train/val/test=1.000/0.709/0.711 | c=0.998347
[Epoch 0497] loss=11.4549 cls=0.0600 smmd=0.2053 ct=10.8861 rec=1.2176 | train/val/test=1.000/0.708/0.709 | c=0.998347
[Epoch 0498] loss=11.4600 cls=0.0599 smmd=0.2153 ct=10.8811 rec=1.2188 | train/val/test=1.000/0.710/0.712 | c=0.998347
[Epoch 0499] loss=11.4498 cls=0.0602 smmd=0.1992 ct=10.8867 rec=1.2177 | train/val/test=1.000/0.709/0.710 | c=0.998347
=== Best @ epoch 305: val=0.7723, test=0.7642 ===
[2025-09-20 05:25:12] END attempt 1: exit_code=0
