[2025-09-20 05:25:17] START attempt 1: python main.py --is_transfer True --test_dataset Computers --pretrained_model_name /mnt/data1/Graph/HypGraphLoRA/pre_trained_gnn/Computers.GRACE.GAT.hyp_True.True.20250912-232538.pth --few True --shot 10 --gpu_id 0
Parsed from filename: Pretrained backbone is Hyperbolic.
Pretrain dataset overridden by checkpoint: PubMed -> Computers
Split sizes | train=99, val=2730, test=10923 (mode=few, shot=10)
[Epoch 0000] loss=22.3950 cls=2.3027 smmd=6.5822 ct=10.9303 rec=1.3851 | train/val/test=0.101/0.150/0.159 | c=0.998347
[Epoch 0001] loss=20.6704 cls=2.3006 smmd=4.8643 ct=10.9278 rec=1.3851 | train/val/test=0.101/0.036/0.035 | c=0.998347
[Epoch 0002] loss=20.0914 cls=2.2984 smmd=4.2913 ct=10.9262 rec=1.3851 | train/val/test=0.101/0.036/0.035 | c=0.998347
[Epoch 0003] loss=20.2645 cls=2.2949 smmd=4.4748 ct=10.9230 rec=1.3851 | train/val/test=0.111/0.036/0.035 | c=0.998347
[Epoch 0004] loss=19.2689 cls=2.2899 smmd=3.4960 ct=10.9160 rec=1.3851 | train/val/test=0.283/0.364/0.356 | c=0.998347
[Epoch 0005] loss=18.2608 cls=2.2831 smmd=2.5162 ct=10.9013 rec=1.3851 | train/val/test=0.374/0.275/0.273 | c=0.998347
[Epoch 0006] loss=18.3306 cls=2.2743 smmd=2.6170 ct=10.8879 rec=1.3851 | train/val/test=0.333/0.070/0.080 | c=0.998347
[Epoch 0007] loss=18.1339 cls=2.2622 smmd=2.4717 ct=10.8607 rec=1.3851 | train/val/test=0.475/0.358/0.369 | c=0.998347
[Epoch 0008] loss=17.5086 cls=2.2457 smmd=1.9433 ct=10.7968 rec=1.3850 | train/val/test=0.727/0.577/0.567 | c=0.998347
[Epoch 0009] loss=17.1289 cls=2.2247 smmd=1.6734 ct=10.7290 rec=1.3850 | train/val/test=0.455/0.403/0.405 | c=0.998347
[Epoch 0010] loss=16.9221 cls=2.1999 smmd=1.5753 ct=10.6700 rec=1.3849 | train/val/test=0.707/0.581/0.582 | c=0.998347
[Epoch 0011] loss=16.8017 cls=2.1681 smmd=1.5460 ct=10.6427 rec=1.3847 | train/val/test=0.586/0.532/0.531 | c=0.998347
[Epoch 0012] loss=16.5276 cls=2.1325 smmd=1.3710 ct=10.6146 rec=1.3845 | train/val/test=0.606/0.519/0.518 | c=0.998347
[Epoch 0013] loss=16.1580 cls=2.0925 smmd=1.0991 ct=10.5970 rec=1.3841 | train/val/test=0.636/0.566/0.575 | c=0.998347
[Epoch 0014] loss=16.0294 cls=2.0457 smmd=1.0908 ct=10.5704 rec=1.3835 | train/val/test=0.636/0.582/0.593 | c=0.998347
[Epoch 0015] loss=15.9627 cls=1.9961 smmd=1.1492 ct=10.5447 rec=1.3827 | train/val/test=0.626/0.588/0.595 | c=0.998347
[Epoch 0016] loss=15.7202 cls=1.9444 smmd=1.0278 ct=10.5271 rec=1.3818 | train/val/test=0.657/0.615/0.620 | c=0.998347
[Epoch 0017] loss=15.4758 cls=1.8881 smmd=0.9028 ct=10.5206 rec=1.3804 | train/val/test=0.657/0.631/0.636 | c=0.998347
[Epoch 0018] loss=15.3948 cls=1.8299 smmd=0.9387 ct=10.5204 rec=1.3787 | train/val/test=0.657/0.626/0.629 | c=0.998347
[Epoch 0019] loss=15.2657 cls=1.7723 smmd=0.9336 ct=10.5122 rec=1.3769 | train/val/test=0.677/0.620/0.619 | c=0.998347
[Epoch 0020] loss=15.0620 cls=1.7145 smmd=0.8563 ct=10.5016 rec=1.3750 | train/val/test=0.657/0.626/0.630 | c=0.998347
[Epoch 0021] loss=14.9009 cls=1.6522 smmd=0.8244 ct=10.4975 rec=1.3725 | train/val/test=0.667/0.636/0.642 | c=0.998347
[Epoch 0022] loss=14.8032 cls=1.5898 smmd=0.8504 ct=10.4993 rec=1.3697 | train/val/test=0.667/0.636/0.641 | c=0.998347
[Epoch 0023] loss=15.3718 cls=1.5321 smmd=0.8289 ct=11.2055 rec=1.3669 | train/val/test=0.657/0.627/0.621 | c=0.998347
[Epoch 0024] loss=15.1765 cls=1.4851 smmd=0.8109 ct=11.1226 rec=1.3642 | train/val/test=0.626/0.619/0.602 | c=0.998347
[Epoch 0025] loss=15.0855 cls=1.4366 smmd=0.8786 ct=11.0615 rec=1.3613 | train/val/test=0.657/0.622/0.610 | c=0.998347
[Epoch 0026] loss=14.9963 cls=1.3781 smmd=0.9034 ct=11.0651 rec=1.3579 | train/val/test=0.667/0.633/0.627 | c=0.998347
[Epoch 0027] loss=14.8752 cls=1.3272 smmd=0.8453 ct=11.1046 rec=1.3546 | train/val/test=0.667/0.636/0.629 | c=0.998347
[Epoch 0028] loss=14.7488 cls=1.2857 smmd=0.7708 ct=11.1362 rec=1.3519 | train/val/test=0.667/0.635/0.629 | c=0.998347
[Epoch 0029] loss=14.6539 cls=1.2423 smmd=0.7545 ct=11.1450 rec=1.3490 | train/val/test=0.687/0.643/0.642 | c=0.998347
[Epoch 0030] loss=14.5759 cls=1.1970 smmd=0.7743 ct=11.1385 rec=1.3458 | train/val/test=0.697/0.654/0.651 | c=0.998347
[Epoch 0031] loss=14.4861 cls=1.1604 smmd=0.7733 ct=11.1235 rec=1.3430 | train/val/test=0.687/0.647/0.639 | c=0.998347
[Epoch 0032] loss=14.3961 cls=1.1314 smmd=0.7568 ct=11.1083 rec=1.3408 | train/val/test=0.697/0.642/0.636 | c=0.998347
[Epoch 0033] loss=14.3149 cls=1.0985 smmd=0.7441 ct=11.1062 rec=1.3384 | train/val/test=0.737/0.660/0.648 | c=0.998347
[Epoch 0034] loss=14.2439 cls=1.0622 smmd=0.7381 ct=11.1141 rec=1.3358 | train/val/test=0.747/0.670/0.659 | c=0.998347
[Epoch 0035] loss=14.1679 cls=1.0325 smmd=0.7179 ct=11.1183 rec=1.3337 | train/val/test=0.768/0.668/0.659 | c=0.998347
[Epoch 0036] loss=14.0991 cls=1.0073 smmd=0.6998 ct=11.1183 rec=1.3320 | train/val/test=0.778/0.680/0.672 | c=0.998347
[Epoch 0037] loss=14.0282 cls=0.9803 smmd=0.6806 ct=11.1208 rec=1.3302 | train/val/test=0.808/0.682/0.674 | c=0.998347
[Epoch 0038] loss=13.9590 cls=0.9552 smmd=0.6634 ct=11.1195 rec=1.3284 | train/val/test=0.818/0.678/0.668 | c=0.998347
[Epoch 0039] loss=13.9049 cls=0.9347 smmd=0.6598 ct=11.1101 rec=1.3272 | train/val/test=0.828/0.684/0.672 | c=0.998347
[Epoch 0040] loss=13.8469 cls=0.9132 smmd=0.6533 ct=11.1020 rec=1.3261 | train/val/test=0.838/0.690/0.677 | c=0.998347
[Epoch 0041] loss=13.7858 cls=0.8900 smmd=0.6409 ct=11.0999 rec=1.3248 | train/val/test=0.848/0.687/0.678 | c=0.998347
[Epoch 0042] loss=13.7318 cls=0.8727 smmd=0.6215 ct=11.1001 rec=1.3241 | train/val/test=0.859/0.691/0.683 | c=0.998347
[Epoch 0043] loss=13.6723 cls=0.8560 smmd=0.5912 ct=11.1044 rec=1.3236 | train/val/test=0.838/0.689/0.680 | c=0.998347
[Epoch 0044] loss=13.6233 cls=0.8358 smmd=0.5826 ct=11.1045 rec=1.3226 | train/val/test=0.848/0.692/0.685 | c=0.998347
[Epoch 0045] loss=13.5735 cls=0.8214 smmd=0.5702 ct=11.0962 rec=1.3222 | train/val/test=0.848/0.696/0.685 | c=0.998347
[Epoch 0046] loss=13.5403 cls=0.8068 smmd=0.5736 ct=11.0886 rec=1.3220 | train/val/test=0.848/0.697/0.688 | c=0.998347
[Epoch 0047] loss=13.4894 cls=0.7905 smmd=0.5568 ct=11.0873 rec=1.3215 | train/val/test=0.869/0.697/0.689 | c=0.998347
[Epoch 0048] loss=13.4408 cls=0.7789 smmd=0.5351 ct=11.0836 rec=1.3218 | train/val/test=0.879/0.705/0.694 | c=0.998347
[Epoch 0049] loss=13.4075 cls=0.7638 smmd=0.5302 ct=11.0854 rec=1.3213 | train/val/test=0.899/0.706/0.695 | c=0.998347
[Epoch 0050] loss=13.3596 cls=0.7511 smmd=0.5092 ct=11.0840 rec=1.3212 | train/val/test=0.899/0.705/0.697 | c=0.998347
[Epoch 0051] loss=13.3291 cls=0.7392 smmd=0.5092 ct=11.0772 rec=1.3214 | train/val/test=0.909/0.712/0.705 | c=0.998347
[Epoch 0052] loss=13.2823 cls=0.7272 smmd=0.4889 ct=11.0749 rec=1.3206 | train/val/test=0.879/0.691/0.682 | c=0.998347
[Epoch 0053] loss=13.2707 cls=0.7203 smmd=0.4964 ct=11.0693 rec=1.3224 | train/val/test=0.848/0.689/0.685 | c=0.998347
[Epoch 0054] loss=13.3954 cls=0.7627 smmd=0.5070 ct=11.0986 rec=1.3226 | train/val/test=0.667/0.300/0.312 | c=0.998347
[Epoch 0055] loss=14.2661 cls=0.9942 smmd=0.7781 ct=11.2327 rec=1.3348 | train/val/test=0.384/0.295/0.290 | c=0.998347
[Epoch 0056] loss=15.5444 cls=1.4900 smmd=0.9973 ct=11.2988 rec=1.3421 | train/val/test=0.808/0.472/0.467 | c=0.998347
[Epoch 0057] loss=13.5185 cls=0.7456 smmd=0.6213 ct=11.1412 rec=1.3236 | train/val/test=0.798/0.418/0.422 | c=0.998347
[Epoch 0058] loss=13.7771 cls=0.8579 smmd=0.6566 ct=11.1379 rec=1.3340 | train/val/test=0.545/0.500/0.486 | c=0.998347
[Epoch 0059] loss=14.5990 cls=1.1209 smmd=0.8624 ct=11.2287 rec=1.3304 | train/val/test=0.919/0.723/0.722 | c=0.998347
[Epoch 0060] loss=13.1596 cls=0.6216 smmd=0.5540 ct=11.1011 rec=1.3065 | train/val/test=0.606/0.242/0.249 | c=0.998347
[Epoch 0061] loss=14.4412 cls=1.0506 smmd=0.8654 ct=11.2069 rec=1.3386 | train/val/test=0.889/0.725/0.724 | c=0.998347
[Epoch 0062] loss=13.1361 cls=0.6179 smmd=0.5288 ct=11.1103 rec=1.3063 | train/val/test=0.667/0.629/0.620 | c=0.998347
[Epoch 0063] loss=13.9458 cls=0.8638 smmd=0.7494 ct=11.2055 rec=1.3164 | train/val/test=0.919/0.709/0.710 | c=0.998347
[Epoch 0064] loss=13.0782 cls=0.5958 smmd=0.5484 ct=11.0774 rec=1.3041 | train/val/test=0.747/0.469/0.469 | c=0.998347
[Epoch 0065] loss=13.8177 cls=0.8365 smmd=0.7733 ct=11.1059 rec=1.3279 | train/val/test=0.919/0.726/0.725 | c=0.998347
[Epoch 0066] loss=13.0702 cls=0.5673 smmd=0.5734 ct=11.1023 rec=1.2993 | train/val/test=0.747/0.672/0.660 | c=0.998347
[Epoch 0067] loss=13.6659 cls=0.7386 smmd=0.7478 ct=11.1793 rec=1.3087 | train/val/test=0.899/0.747/0.741 | c=0.998347
[Epoch 0068] loss=12.9888 cls=0.5454 smmd=0.5509 ct=11.0884 rec=1.2940 | train/val/test=0.838/0.580/0.571 | c=0.998347
[Epoch 0069] loss=13.5034 cls=0.7131 smmd=0.7322 ct=11.0819 rec=1.3153 | train/val/test=0.929/0.702/0.702 | c=0.998347
[Epoch 0070] loss=12.9978 cls=0.5390 smmd=0.5808 ct=11.0799 rec=1.2956 | train/val/test=0.869/0.720/0.712 | c=0.998347
[Epoch 0071] loss=13.2579 cls=0.5946 smmd=0.6620 ct=11.1470 rec=1.2981 | train/val/test=0.869/0.733/0.732 | c=0.998347
[Epoch 0072] loss=13.0704 cls=0.5464 smmd=0.5943 ct=11.1247 rec=1.2927 | train/val/test=0.929/0.695/0.695 | c=0.998347
[Epoch 0073] loss=13.0235 cls=0.5407 smmd=0.6128 ct=11.0703 rec=1.2950 | train/val/test=0.889/0.663/0.648 | c=0.998347
[Epoch 0074] loss=13.1400 cls=0.5769 smmd=0.6580 ct=11.0682 rec=1.2996 | train/val/test=0.939/0.745/0.741 | c=0.998347
[Epoch 0075] loss=12.8927 cls=0.4927 smmd=0.5579 ct=11.0918 rec=1.2881 | train/val/test=0.869/0.730/0.725 | c=0.998347
[Epoch 0076] loss=13.0976 cls=0.5397 smmd=0.6264 ct=11.1335 rec=1.2923 | train/val/test=0.929/0.743/0.737 | c=0.998347
[Epoch 0077] loss=12.8728 cls=0.4757 smmd=0.5646 ct=11.0995 rec=1.2865 | train/val/test=0.929/0.691/0.688 | c=0.998347
[Epoch 0078] loss=12.9809 cls=0.5190 smmd=0.6153 ct=11.0687 rec=1.2942 | train/val/test=0.939/0.716/0.716 | c=0.998347
[Epoch 0079] loss=12.8837 cls=0.4952 smmd=0.5669 ct=11.0682 rec=1.2907 | train/val/test=0.929/0.747/0.742 | c=0.998347
[Epoch 0080] loss=12.8488 cls=0.4669 smmd=0.5575 ct=11.1005 rec=1.2850 | train/val/test=0.919/0.736/0.735 | c=0.998347
[Epoch 0081] loss=12.8757 cls=0.4775 smmd=0.5542 ct=11.1090 rec=1.2873 | train/val/test=0.929/0.735/0.735 | c=0.998347
[Epoch 0082] loss=12.7595 cls=0.4557 smmd=0.5161 ct=11.0747 rec=1.2863 | train/val/test=0.939/0.703/0.703 | c=0.998347
[Epoch 0083] loss=12.8549 cls=0.4811 smmd=0.5672 ct=11.0673 rec=1.2916 | train/val/test=0.929/0.738/0.735 | c=0.998347
[Epoch 0084] loss=12.7162 cls=0.4395 smmd=0.5088 ct=11.0715 rec=1.2850 | train/val/test=0.919/0.745/0.741 | c=0.998347
[Epoch 0085] loss=12.7940 cls=0.4573 smmd=0.5250 ct=11.0974 rec=1.2851 | train/val/test=0.949/0.747/0.747 | c=0.998347
[Epoch 0086] loss=12.6814 cls=0.4293 smmd=0.4857 ct=11.0807 rec=1.2827 | train/val/test=0.960/0.712/0.707 | c=0.998347
[Epoch 0087] loss=12.7375 cls=0.4527 smmd=0.5132 ct=11.0606 rec=1.2915 | train/val/test=0.949/0.737/0.733 | c=0.998347
[Epoch 0088] loss=12.6555 cls=0.4261 smmd=0.4857 ct=11.0603 rec=1.2861 | train/val/test=0.949/0.751/0.750 | c=0.998347
[Epoch 0089] loss=12.6847 cls=0.4314 smmd=0.4790 ct=11.0865 rec=1.2820 | train/val/test=0.949/0.740/0.742 | c=0.998347
[Epoch 0090] loss=12.6110 cls=0.4154 smmd=0.4583 ct=11.0649 rec=1.2844 | train/val/test=0.970/0.716/0.712 | c=0.998347
[Epoch 0091] loss=12.6533 cls=0.4317 smmd=0.4794 ct=11.0522 rec=1.2919 | train/val/test=0.949/0.742/0.741 | c=0.998347
[Epoch 0092] loss=12.5823 cls=0.4076 smmd=0.4469 ct=11.0634 rec=1.2842 | train/val/test=0.929/0.743/0.743 | c=0.998347
[Epoch 0093] loss=12.6186 cls=0.4178 smmd=0.4538 ct=11.0724 rec=1.2842 | train/val/test=0.960/0.736/0.734 | c=0.998347
[Epoch 0094] loss=12.5519 cls=0.4022 smmd=0.4379 ct=11.0524 rec=1.2866 | train/val/test=0.970/0.726/0.721 | c=0.998347
[Epoch 0095] loss=12.5775 cls=0.4110 smmd=0.4491 ct=11.0483 rec=1.2909 | train/val/test=0.949/0.741/0.739 | c=0.998347
[Epoch 0096] loss=12.5452 cls=0.4006 smmd=0.4265 ct=11.0606 rec=1.2849 | train/val/test=0.949/0.744/0.744 | c=0.998347
[Epoch 0097] loss=12.5195 cls=0.3942 smmd=0.4143 ct=11.0602 rec=1.2836 | train/val/test=0.980/0.727/0.722 | c=0.998347
[Epoch 0098] loss=12.5314 cls=0.4011 smmd=0.4310 ct=11.0400 rec=1.2919 | train/val/test=0.970/0.736/0.735 | c=0.998347
[Epoch 0099] loss=12.4871 cls=0.3850 smmd=0.4123 ct=11.0475 rec=1.2861 | train/val/test=0.949/0.746/0.746 | c=0.998347
[Epoch 0100] loss=12.4914 cls=0.3909 smmd=0.3959 ct=11.0569 rec=1.2839 | train/val/test=0.980/0.728/0.728 | c=0.998347
[Epoch 0101] loss=12.4779 cls=0.3816 smmd=0.4148 ct=11.0420 rec=1.2886 | train/val/test=0.960/0.738/0.736 | c=0.998347
[Epoch 0102] loss=12.4496 cls=0.3807 smmd=0.3936 ct=11.0370 rec=1.2885 | train/val/test=0.949/0.742/0.744 | c=0.998347
[Epoch 0103] loss=12.4652 cls=0.3749 smmd=0.4013 ct=11.0578 rec=1.2818 | train/val/test=0.949/0.736/0.733 | c=0.998347
[Epoch 0104] loss=12.4404 cls=0.3775 smmd=0.3954 ct=11.0321 rec=1.2897 | train/val/test=0.980/0.737/0.734 | c=0.998347
[Epoch 0105] loss=12.4446 cls=0.3657 smmd=0.4024 ct=11.0540 rec=1.2841 | train/val/test=0.929/0.732/0.727 | c=0.998347
[Epoch 0106] loss=12.4746 cls=0.3904 smmd=0.3913 ct=11.0445 rec=1.2902 | train/val/test=0.960/0.729/0.728 | c=0.998347
[Epoch 0107] loss=12.5395 cls=0.3758 smmd=0.4427 ct=11.0886 rec=1.2826 | train/val/test=0.929/0.697/0.682 | c=0.998347
[Epoch 0108] loss=12.6141 cls=0.4325 smmd=0.4293 ct=11.0596 rec=1.3014 | train/val/test=0.899/0.714/0.718 | c=0.998347
[Epoch 0109] loss=12.8350 cls=0.4428 smmd=0.5365 ct=11.1559 rec=1.2846 | train/val/test=0.929/0.693/0.679 | c=0.998347
[Epoch 0110] loss=12.6027 cls=0.4271 smmd=0.4245 ct=11.0643 rec=1.2984 | train/val/test=0.970/0.726/0.724 | c=0.998347
[Epoch 0111] loss=12.4482 cls=0.3489 smmd=0.4251 ct=11.0694 rec=1.2793 | train/val/test=0.949/0.748/0.746 | c=0.998347
[Epoch 0112] loss=12.3588 cls=0.3384 smmd=0.3765 ct=11.0507 rec=1.2745 | train/val/test=0.929/0.729/0.721 | c=0.998347
[Epoch 0113] loss=12.3955 cls=0.3576 smmd=0.3924 ct=11.0308 rec=1.2860 | train/val/test=0.970/0.731/0.726 | c=0.998347
[Epoch 0114] loss=12.5295 cls=0.3526 smmd=0.4725 ct=11.0969 rec=1.2745 | train/val/test=0.929/0.723/0.714 | c=0.998347
[Epoch 0115] loss=12.4439 cls=0.3685 smmd=0.3910 ct=11.0595 rec=1.2824 | train/val/test=0.980/0.734/0.730 | c=0.998347
[Epoch 0116] loss=12.3216 cls=0.3161 smmd=0.3922 ct=11.0427 rec=1.2723 | train/val/test=0.970/0.747/0.744 | c=0.998347
[Epoch 0117] loss=12.3151 cls=0.3112 smmd=0.3931 ct=11.0464 rec=1.2665 | train/val/test=0.929/0.718/0.711 | c=0.998347
[Epoch 0118] loss=12.3865 cls=0.3448 smmd=0.3969 ct=11.0442 rec=1.2789 | train/val/test=0.980/0.737/0.735 | c=0.998347
[Epoch 0119] loss=12.3832 cls=0.3156 smmd=0.4264 ct=11.0725 rec=1.2652 | train/val/test=0.939/0.741/0.734 | c=0.998347
[Epoch 0120] loss=12.2775 cls=0.3096 smmd=0.3713 ct=11.0330 rec=1.2701 | train/val/test=0.949/0.742/0.735 | c=0.998347
[Epoch 0121] loss=12.2706 cls=0.3020 smmd=0.3761 ct=11.0372 rec=1.2663 | train/val/test=0.980/0.741/0.739 | c=0.998347
[Epoch 0122] loss=12.3160 cls=0.2987 smmd=0.4085 ct=11.0578 rec=1.2614 | train/val/test=0.939/0.730/0.721 | c=0.998347
[Epoch 0123] loss=12.2980 cls=0.3155 smmd=0.3783 ct=11.0340 rec=1.2730 | train/val/test=0.960/0.751/0.747 | c=0.998347
[Epoch 0124] loss=12.2603 cls=0.2851 smmd=0.3880 ct=11.0508 rec=1.2563 | train/val/test=0.980/0.736/0.736 | c=0.998347
[Epoch 0125] loss=12.2315 cls=0.2842 smmd=0.3812 ct=11.0294 rec=1.2628 | train/val/test=0.929/0.742/0.732 | c=0.998347
[Epoch 0126] loss=12.2545 cls=0.2992 smmd=0.3714 ct=11.0313 rec=1.2671 | train/val/test=0.970/0.742/0.739 | c=0.998347
[Epoch 0127] loss=12.2859 cls=0.2825 smmd=0.4102 ct=11.0593 rec=1.2571 | train/val/test=0.929/0.742/0.733 | c=0.998347
[Epoch 0128] loss=12.2392 cls=0.2940 smmd=0.3689 ct=11.0290 rec=1.2660 | train/val/test=0.980/0.738/0.737 | c=0.998347
[Epoch 0129] loss=12.1996 cls=0.2731 smmd=0.3710 ct=11.0303 rec=1.2602 | train/val/test=0.970/0.750/0.745 | c=0.998347
[Epoch 0130] loss=12.1977 cls=0.2715 smmd=0.3673 ct=11.0364 rec=1.2555 | train/val/test=0.939/0.734/0.727 | c=0.998347
[Epoch 0131] loss=12.2042 cls=0.2848 smmd=0.3622 ct=11.0190 rec=1.2674 | train/val/test=0.960/0.747/0.745 | c=0.998347
[Epoch 0132] loss=12.2301 cls=0.2741 smmd=0.3819 ct=11.0490 rec=1.2544 | train/val/test=0.949/0.726/0.721 | c=0.998347
[Epoch 0133] loss=12.2098 cls=0.2856 smmd=0.3580 ct=11.0269 rec=1.2686 | train/val/test=0.960/0.751/0.744 | c=0.998347
[Epoch 0134] loss=12.2044 cls=0.2747 smmd=0.3648 ct=11.0392 rec=1.2548 | train/val/test=0.960/0.726/0.722 | c=0.998347
[Epoch 0135] loss=12.1901 cls=0.2753 smmd=0.3621 ct=11.0237 rec=1.2679 | train/val/test=0.949/0.755/0.752 | c=0.998347
[Epoch 0136] loss=12.2366 cls=0.2921 smmd=0.3620 ct=11.0395 rec=1.2548 | train/val/test=0.949/0.695/0.690 | c=0.998347
[Epoch 0137] loss=12.3548 cls=0.3068 smmd=0.4441 ct=11.0417 rec=1.2770 | train/val/test=0.889/0.746/0.742 | c=0.998347
[Epoch 0138] loss=12.5643 cls=0.3969 smmd=0.4167 ct=11.1015 rec=1.2618 | train/val/test=0.879/0.533/0.532 | c=0.998347
[Epoch 0139] loss=12.7596 cls=0.4172 smmd=0.5740 ct=11.0936 rec=1.2884 | train/val/test=0.889/0.747/0.742 | c=0.998347
[Epoch 0140] loss=12.5687 cls=0.3943 smmd=0.4252 ct=11.1031 rec=1.2586 | train/val/test=0.970/0.712/0.714 | c=0.998347
[Epoch 0141] loss=12.1879 cls=0.2645 smmd=0.3847 ct=11.0209 rec=1.2660 | train/val/test=0.980/0.725/0.726 | c=0.998347
[Epoch 0142] loss=12.1315 cls=0.2491 smmd=0.3681 ct=11.0133 rec=1.2592 | train/val/test=0.899/0.758/0.754 | c=0.998347
[Epoch 0143] loss=12.3496 cls=0.3195 smmd=0.3941 ct=11.0661 rec=1.2517 | train/val/test=0.949/0.685/0.688 | c=0.998347
[Epoch 0144] loss=12.3801 cls=0.3032 smmd=0.4777 ct=11.0418 rec=1.2717 | train/val/test=0.939/0.750/0.749 | c=0.998347
[Epoch 0145] loss=12.1515 cls=0.2581 smmd=0.3456 ct=11.0402 rec=1.2472 | train/val/test=0.949/0.752/0.745 | c=0.998347
[Epoch 0146] loss=12.1131 cls=0.2460 smmd=0.3416 ct=11.0307 rec=1.2441 | train/val/test=0.960/0.702/0.703 | c=0.998347
[Epoch 0147] loss=12.2666 cls=0.2747 smmd=0.4415 ct=11.0226 rec=1.2653 | train/val/test=0.949/0.763/0.755 | c=0.998347
[Epoch 0148] loss=12.1989 cls=0.2671 smmd=0.3705 ct=11.0460 rec=1.2408 | train/val/test=0.970/0.738/0.734 | c=0.998347
[Epoch 0149] loss=12.0689 cls=0.2283 smmd=0.3539 ct=11.0093 rec=1.2459 | train/val/test=0.970/0.711/0.713 | c=0.998347
[Epoch 0150] loss=12.1685 cls=0.2462 smmd=0.4069 ct=11.0176 rec=1.2579 | train/val/test=0.949/0.760/0.753 | c=0.998347
[Epoch 0151] loss=12.1967 cls=0.2617 smmd=0.3768 ct=11.0490 rec=1.2369 | train/val/test=0.980/0.729/0.726 | c=0.998347
[Epoch 0152] loss=12.0670 cls=0.2263 smmd=0.3624 ct=11.0022 rec=1.2496 | train/val/test=0.980/0.728/0.723 | c=0.998347
[Epoch 0153] loss=12.0975 cls=0.2240 smmd=0.3854 ct=11.0144 rec=1.2487 | train/val/test=0.949/0.751/0.745 | c=0.998347
[Epoch 0154] loss=12.1473 cls=0.2520 smmd=0.3613 ct=11.0339 rec=1.2404 | train/val/test=0.980/0.728/0.726 | c=0.998347
[Epoch 0155] loss=12.0609 cls=0.2193 smmd=0.3690 ct=11.0040 rec=1.2469 | train/val/test=0.980/0.738/0.732 | c=0.998347
[Epoch 0156] loss=12.0411 cls=0.2156 smmd=0.3507 ct=11.0098 rec=1.2466 | train/val/test=0.949/0.751/0.743 | c=0.998347
[Epoch 0157] loss=12.1000 cls=0.2383 smmd=0.3537 ct=11.0219 rec=1.2389 | train/val/test=0.980/0.726/0.722 | c=0.998347
[Epoch 0158] loss=12.0581 cls=0.2185 smmd=0.3660 ct=11.0053 rec=1.2491 | train/val/test=0.980/0.742/0.736 | c=0.998347
[Epoch 0159] loss=12.0045 cls=0.2110 smmd=0.3291 ct=11.0049 rec=1.2433 | train/val/test=0.960/0.751/0.741 | c=0.998347
[Epoch 0160] loss=12.0459 cls=0.2243 smmd=0.3391 ct=11.0103 rec=1.2394 | train/val/test=0.980/0.723/0.719 | c=0.998347
[Epoch 0161] loss=12.0664 cls=0.2204 smmd=0.3678 ct=11.0073 rec=1.2524 | train/val/test=0.960/0.747/0.740 | c=0.998347
[Epoch 0162] loss=12.0126 cls=0.2140 smmd=0.3310 ct=11.0055 rec=1.2406 | train/val/test=0.970/0.740/0.735 | c=0.998347
[Epoch 0163] loss=11.9974 cls=0.2150 smmd=0.3168 ct=11.0017 rec=1.2445 | train/val/test=0.980/0.732/0.723 | c=0.998347
[Epoch 0164] loss=12.0538 cls=0.2127 smmd=0.3699 ct=11.0087 rec=1.2498 | train/val/test=0.939/0.737/0.729 | c=0.998347
[Epoch 0165] loss=12.0827 cls=0.2451 smmd=0.3235 ct=11.0188 rec=1.2517 | train/val/test=0.970/0.731/0.721 | c=0.998347
[Epoch 0166] loss=12.1734 cls=0.2394 smmd=0.3948 ct=11.0491 rec=1.2529 | train/val/test=0.909/0.630/0.628 | c=0.998347
[Epoch 0167] loss=12.4485 cls=0.3613 smmd=0.3976 ct=11.0721 rec=1.2808 | train/val/test=0.788/0.404/0.414 | c=0.998347
[Epoch 0168] loss=13.3820 cls=0.6042 smmd=0.7007 ct=11.2126 rec=1.3019 | train/val/test=0.525/0.248/0.246 | c=0.998347
[Epoch 0169] loss=15.1859 cls=1.3614 smmd=0.9167 ct=11.2884 rec=1.2906 | train/val/test=0.525/0.207/0.225 | c=0.998347
[Epoch 0170] loss=14.9151 cls=1.1240 smmd=1.0790 ct=11.3261 rec=1.3099 | train/val/test=0.929/0.708/0.700 | c=0.998347
[Epoch 0171] loss=12.4404 cls=0.3216 smmd=0.4337 ct=11.1103 rec=1.2662 | train/val/test=0.818/0.348/0.351 | c=0.998347
[Epoch 0172] loss=13.0760 cls=0.5541 smmd=0.5777 ct=11.1337 rec=1.2822 | train/val/test=0.707/0.344/0.359 | c=0.998347
[Epoch 0173] loss=13.9512 cls=0.7184 smmd=1.0087 ct=11.2453 rec=1.3013 | train/val/test=0.929/0.748/0.751 | c=0.998347
[Epoch 0174] loss=12.4271 cls=0.2452 smmd=0.5693 ct=11.1203 rec=1.2362 | train/val/test=0.768/0.307/0.314 | c=0.998347
[Epoch 0175] loss=13.6756 cls=0.7319 smmd=0.7714 ct=11.1849 rec=1.2776 | train/val/test=0.929/0.713/0.706 | c=0.998347
[Epoch 0176] loss=12.4352 cls=0.2434 smmd=0.6427 ct=11.0640 rec=1.2090 | train/val/test=0.889/0.667/0.660 | c=0.998347
[Epoch 0177] loss=13.2097 cls=0.4267 smmd=0.8991 ct=11.2065 rec=1.2533 | train/val/test=0.960/0.752/0.751 | c=0.998347
[Epoch 0178] loss=12.2484 cls=0.1974 smmd=0.5264 ct=11.0820 rec=1.2259 | train/val/test=0.828/0.365/0.362 | c=0.998347
[Epoch 0179] loss=13.1938 cls=0.5455 smmd=0.7086 ct=11.1413 rec=1.2646 | train/val/test=0.949/0.730/0.719 | c=0.998347
[Epoch 0180] loss=12.2136 cls=0.1909 smmd=0.5657 ct=11.0258 rec=1.2023 | train/val/test=0.949/0.722/0.710 | c=0.998347
[Epoch 0181] loss=12.7797 cls=0.2774 smmd=0.8387 ct=11.1426 rec=1.2182 | train/val/test=0.960/0.733/0.726 | c=0.998347
[Epoch 0182] loss=12.4628 cls=0.2177 smmd=0.6842 ct=11.0999 rec=1.2171 | train/val/test=0.929/0.687/0.679 | c=0.998347
[Epoch 0183] loss=12.2822 cls=0.2259 smmd=0.5344 ct=11.0492 rec=1.2340 | train/val/test=0.899/0.599/0.589 | c=0.998347
[Epoch 0184] loss=12.6409 cls=0.3330 smmd=0.6461 ct=11.0791 rec=1.2489 | train/val/test=0.970/0.744/0.733 | c=0.998347
[Epoch 0185] loss=12.1067 cls=0.1579 smmd=0.5297 ct=11.0213 rec=1.1993 | train/val/test=0.960/0.722/0.717 | c=0.998347
[Epoch 0186] loss=12.5433 cls=0.2227 smmd=0.7569 ct=11.0979 rec=1.2159 | train/val/test=0.980/0.744/0.733 | c=0.998347
[Epoch 0187] loss=12.2388 cls=0.1720 smmd=0.6084 ct=11.0469 rec=1.1971 | train/val/test=0.929/0.705/0.696 | c=0.998347
[Epoch 0188] loss=12.2131 cls=0.1929 smmd=0.5568 ct=11.0274 rec=1.2159 | train/val/test=0.919/0.660/0.651 | c=0.998347
[Epoch 0189] loss=12.3611 cls=0.2440 smmd=0.5677 ct=11.0575 rec=1.2401 | train/val/test=0.970/0.737/0.731 | c=0.998347
[Epoch 0190] loss=12.0981 cls=0.1632 smmd=0.5043 ct=11.0253 rec=1.2112 | train/val/test=0.970/0.740/0.731 | c=0.998347
[Epoch 0191] loss=12.2647 cls=0.1714 smmd=0.6322 ct=11.0494 rec=1.2010 | train/val/test=0.980/0.746/0.731 | c=0.998347
[Epoch 0192] loss=12.1857 cls=0.1601 smmd=0.5994 ct=11.0272 rec=1.1947 | train/val/test=0.949/0.731/0.716 | c=0.998347
[Epoch 0193] loss=12.0815 cls=0.1630 smmd=0.5046 ct=11.0087 rec=1.2114 | train/val/test=0.960/0.690/0.686 | c=0.998347
[Epoch 0194] loss=12.2148 cls=0.2041 smmd=0.5128 ct=11.0461 rec=1.2386 | train/val/test=0.970/0.737/0.731 | c=0.998347
[Epoch 0195] loss=12.0185 cls=0.1534 smmd=0.4597 ct=11.0100 rec=1.2106 | train/val/test=0.980/0.744/0.731 | c=0.998347
[Epoch 0196] loss=12.1383 cls=0.1548 smmd=0.5673 ct=11.0214 rec=1.2001 | train/val/test=0.980/0.741/0.730 | c=0.998347
[Epoch 0197] loss=12.0628 cls=0.1478 smmd=0.5223 ct=11.0045 rec=1.2025 | train/val/test=0.960/0.725/0.720 | c=0.998347
[Epoch 0198] loss=12.0406 cls=0.1664 smmd=0.4527 ct=11.0101 rec=1.2248 | train/val/test=0.970/0.714/0.709 | c=0.998347
[Epoch 0199] loss=12.0642 cls=0.1767 smmd=0.4495 ct=11.0151 rec=1.2311 | train/val/test=0.980/0.732/0.727 | c=0.998347
[Epoch 0200] loss=11.9811 cls=0.1461 smmd=0.4596 ct=10.9875 rec=1.2091 | train/val/test=0.980/0.743/0.731 | c=0.998347
[Epoch 0201] loss=12.0479 cls=0.1512 smmd=0.4968 ct=11.0065 rec=1.2111 | train/val/test=0.980/0.738/0.733 | c=0.998347
[Epoch 0202] loss=11.9675 cls=0.1538 smmd=0.4236 ct=10.9925 rec=1.2190 | train/val/test=0.960/0.717/0.710 | c=0.998347
[Epoch 0203] loss=12.0087 cls=0.1724 smmd=0.4178 ct=10.9991 rec=1.2348 | train/val/test=0.980/0.727/0.721 | c=0.998347
[Epoch 0204] loss=11.9485 cls=0.1538 smmd=0.4183 ct=10.9785 rec=1.2204 | train/val/test=0.980/0.740/0.730 | c=0.998347
[Epoch 0205] loss=11.9853 cls=0.1531 smmd=0.4407 ct=10.9945 rec=1.2198 | train/val/test=0.980/0.734/0.728 | c=0.998347
[Epoch 0206] loss=11.9360 cls=0.1551 smmd=0.3981 ct=10.9827 rec=1.2246 | train/val/test=0.980/0.720/0.715 | c=0.998347
[Epoch 0207] loss=11.9685 cls=0.1688 smmd=0.3993 ct=10.9847 rec=1.2346 | train/val/test=0.990/0.723/0.722 | c=0.998347
[Epoch 0208] loss=11.9244 cls=0.1582 smmd=0.3877 ct=10.9748 rec=1.2271 | train/val/test=0.980/0.737/0.728 | c=0.998347
[Epoch 0209] loss=11.9506 cls=0.1590 smmd=0.3984 ct=10.9881 rec=1.2299 | train/val/test=0.980/0.733/0.726 | c=0.998347
[Epoch 0210] loss=11.9109 cls=0.1562 smmd=0.3793 ct=10.9740 rec=1.2259 | train/val/test=0.980/0.721/0.716 | c=0.998347
[Epoch 0211] loss=11.9368 cls=0.1687 smmd=0.3747 ct=10.9773 rec=1.2365 | train/val/test=0.980/0.733/0.724 | c=0.998347
[Epoch 0212] loss=11.8871 cls=0.1585 smmd=0.3532 ct=10.9706 rec=1.2311 | train/val/test=0.980/0.739/0.728 | c=0.998347
[Epoch 0213] loss=11.9172 cls=0.1596 smmd=0.3727 ct=10.9794 rec=1.2299 | train/val/test=0.980/0.733/0.723 | c=0.998347
[Epoch 0214] loss=11.8838 cls=0.1592 smmd=0.3521 ct=10.9673 rec=1.2293 | train/val/test=0.990/0.728/0.719 | c=0.998347
[Epoch 0215] loss=11.8971 cls=0.1661 smmd=0.3447 ct=10.9726 rec=1.2377 | train/val/test=0.980/0.737/0.730 | c=0.998347
[Epoch 0216] loss=11.8775 cls=0.1592 smmd=0.3414 ct=10.9719 rec=1.2288 | train/val/test=0.980/0.736/0.727 | c=0.998347
[Epoch 0217] loss=11.8782 cls=0.1576 smmd=0.3497 ct=10.9674 rec=1.2298 | train/val/test=0.990/0.733/0.724 | c=0.998347
[Epoch 0218] loss=11.8767 cls=0.1649 smmd=0.3294 ct=10.9709 rec=1.2332 | train/val/test=0.980/0.735/0.725 | c=0.998347
[Epoch 0219] loss=11.8541 cls=0.1608 smmd=0.3199 ct=10.9659 rec=1.2338 | train/val/test=0.980/0.745/0.730 | c=0.998347
[Epoch 0220] loss=11.8732 cls=0.1587 smmd=0.3416 ct=10.9687 rec=1.2268 | train/val/test=0.980/0.738/0.726 | c=0.998347
[Epoch 0221] loss=11.8498 cls=0.1589 smmd=0.3227 ct=10.9633 rec=1.2303 | train/val/test=0.980/0.734/0.724 | c=0.998347
[Epoch 0222] loss=11.8617 cls=0.1641 smmd=0.3177 ct=10.9688 rec=1.2350 | train/val/test=0.980/0.745/0.733 | c=0.998347
[Epoch 0223] loss=11.8443 cls=0.1583 smmd=0.3168 ct=10.9657 rec=1.2259 | train/val/test=0.980/0.742/0.729 | c=0.998347
[Epoch 0224] loss=11.8439 cls=0.1586 smmd=0.3214 ct=10.9590 rec=1.2312 | train/val/test=0.990/0.745/0.732 | c=0.998347
[Epoch 0225] loss=11.8521 cls=0.1651 smmd=0.3060 ct=10.9697 rec=1.2310 | train/val/test=0.980/0.738/0.725 | c=0.998347
[Epoch 0226] loss=11.8314 cls=0.1592 smmd=0.3099 ct=10.9566 rec=1.2325 | train/val/test=0.980/0.755/0.739 | c=0.998347
[Epoch 0227] loss=11.8343 cls=0.1601 smmd=0.3019 ct=10.9674 rec=1.2240 | train/val/test=0.980/0.738/0.725 | c=0.998347
[Epoch 0228] loss=11.8333 cls=0.1614 smmd=0.3059 ct=10.9574 rec=1.2364 | train/val/test=0.990/0.747/0.736 | c=0.998347
[Epoch 0229] loss=11.8328 cls=0.1627 smmd=0.2978 ct=10.9646 rec=1.2258 | train/val/test=0.980/0.741/0.725 | c=0.998347
[Epoch 0230] loss=11.8377 cls=0.1618 smmd=0.3123 ct=10.9546 rec=1.2362 | train/val/test=0.990/0.750/0.738 | c=0.998347
[Epoch 0231] loss=11.8400 cls=0.1663 smmd=0.2913 ct=10.9712 rec=1.2249 | train/val/test=0.980/0.728/0.716 | c=0.998347
[Epoch 0232] loss=11.8610 cls=0.1718 smmd=0.3142 ct=10.9541 rec=1.2449 | train/val/test=0.960/0.749/0.740 | c=0.998347
[Epoch 0233] loss=11.9285 cls=0.1891 smmd=0.3104 ct=10.9952 rec=1.2231 | train/val/test=0.980/0.697/0.694 | c=0.998347
[Epoch 0234] loss=12.0095 cls=0.2132 smmd=0.3588 ct=10.9704 rec=1.2698 | train/val/test=0.869/0.704/0.696 | c=0.998347
[Epoch 0235] loss=12.3928 cls=0.3348 smmd=0.4129 ct=11.0615 rec=1.2439 | train/val/test=0.838/0.342/0.352 | c=0.998347
[Epoch 0236] loss=12.9631 cls=0.5021 smmd=0.5942 ct=11.0992 rec=1.3275 | train/val/test=0.556/0.544/0.535 | c=0.998347
[Epoch 0237] loss=14.8147 cls=1.1797 smmd=0.9431 ct=11.2522 rec=1.3001 | train/val/test=0.606/0.192/0.204 | c=0.998347
[Epoch 0238] loss=14.5973 cls=1.1002 smmd=0.9160 ct=11.2101 rec=1.3533 | train/val/test=0.848/0.675/0.670 | c=0.998347
[Epoch 0239] loss=13.0898 cls=0.4797 smmd=0.7010 ct=11.1793 rec=1.2501 | train/val/test=0.899/0.693/0.689 | c=0.998347
[Epoch 0240] loss=12.5164 cls=0.3191 smmd=0.5415 ct=11.0887 rec=1.2399 | train/val/test=0.737/0.371/0.382 | c=0.998347
[Epoch 0241] loss=13.4307 cls=0.6599 smmd=0.7612 ct=11.0839 rec=1.3294 | train/val/test=0.939/0.745/0.740 | c=0.998347
[Epoch 0242] loss=12.3958 cls=0.2355 smmd=0.5684 ct=11.1120 rec=1.2213 | train/val/test=0.879/0.661/0.654 | c=0.998347
[Epoch 0243] loss=13.0578 cls=0.4370 smmd=0.7723 ct=11.1624 rec=1.2456 | train/val/test=0.980/0.714/0.705 | c=0.998347
[Epoch 0244] loss=12.0069 cls=0.1738 smmd=0.4565 ct=10.9600 rec=1.2142 | train/val/test=0.788/0.455/0.465 | c=0.998347
[Epoch 0245] loss=13.3337 cls=0.6205 smmd=0.7569 ct=11.0731 rec=1.3136 | train/val/test=0.939/0.751/0.745 | c=0.998347
[Epoch 0246] loss=12.5810 cls=0.2480 smmd=0.7074 ct=11.1364 rec=1.2061 | train/val/test=0.768/0.619/0.621 | c=0.998347
[Epoch 0247] loss=13.7152 cls=0.5721 smmd=1.0985 ct=11.2240 rec=1.2422 | train/val/test=0.980/0.736/0.722 | c=0.998347
[Epoch 0248] loss=12.0803 cls=0.1497 smmd=0.5293 ct=11.0107 rec=1.2044 | train/val/test=0.747/0.430/0.438 | c=0.998347
[Epoch 0249] loss=13.6457 cls=0.6942 smmd=0.9110 ct=11.0848 rec=1.3066 | train/val/test=0.970/0.737/0.727 | c=0.998347
[Epoch 0250] loss=12.1545 cls=0.1655 smmd=0.5421 ct=11.0404 rec=1.2045 | train/val/test=0.929/0.707/0.703 | c=0.998347
[Epoch 0251] loss=12.8791 cls=0.2825 smmd=0.9101 ct=11.1619 rec=1.2105 | train/val/test=0.919/0.703/0.696 | c=0.998347
[Epoch 0252] loss=12.7733 cls=0.2735 smmd=0.8477 ct=11.1362 rec=1.2119 | train/val/test=0.980/0.740/0.721 | c=0.998347
[Epoch 0253] loss=12.0250 cls=0.1368 smmd=0.5123 ct=10.9988 rec=1.2017 | train/val/test=0.909/0.601/0.599 | c=0.998347
[Epoch 0254] loss=12.8630 cls=0.3977 smmd=0.7852 ct=11.0293 rec=1.2659 | train/val/test=0.949/0.700/0.691 | c=0.998347
[Epoch 0255] loss=12.1595 cls=0.1883 smmd=0.5703 ct=10.9689 rec=1.2189 | train/val/test=0.970/0.735/0.726 | c=0.998347
[Epoch 0256] loss=12.2405 cls=0.1516 smmd=0.6479 ct=11.0502 rec=1.1963 | train/val/test=0.919/0.724/0.722 | c=0.998347
[Epoch 0257] loss=12.4983 cls=0.1993 smmd=0.7503 ct=11.1083 rec=1.2056 | train/val/test=0.949/0.752/0.743 | c=0.998347
[Epoch 0258] loss=12.1805 cls=0.1491 smmd=0.5728 ct=11.0692 rec=1.2012 | train/val/test=0.970/0.712/0.707 | c=0.998347
[Epoch 0259] loss=12.1088 cls=0.1541 smmd=0.5782 ct=10.9800 rec=1.2120 | train/val/test=0.949/0.693/0.676 | c=0.998347
[Epoch 0260] loss=12.3544 cls=0.2331 smmd=0.6826 ct=10.9607 rec=1.2246 | train/val/test=0.970/0.721/0.710 | c=0.998347
[Epoch 0261] loss=12.0354 cls=0.1455 smmd=0.5354 ct=10.9682 rec=1.2042 | train/val/test=0.970/0.744/0.730 | c=0.998347
[Epoch 0262] loss=12.0998 cls=0.1320 smmd=0.5570 ct=11.0383 rec=1.2028 | train/val/test=0.970/0.745/0.740 | c=0.998347
[Epoch 0263] loss=12.1849 cls=0.1367 smmd=0.6045 ct=11.0667 rec=1.2016 | train/val/test=0.980/0.743/0.728 | c=0.998347
[Epoch 0264] loss=12.0239 cls=0.1176 smmd=0.5343 ct=11.0159 rec=1.1921 | train/val/test=0.970/0.727/0.717 | c=0.998347
[Epoch 0265] loss=11.9910 cls=0.1292 smmd=0.5341 ct=10.9588 rec=1.1988 | train/val/test=0.970/0.708/0.700 | c=0.998347
[Epoch 0266] loss=12.0743 cls=0.1581 smmd=0.5531 ct=10.9608 rec=1.2208 | train/val/test=0.970/0.722/0.714 | c=0.998347
[Epoch 0267] loss=11.9481 cls=0.1303 smmd=0.4808 ct=10.9646 rec=1.2115 | train/val/test=0.980/0.739/0.731 | c=0.998347
[Epoch 0268] loss=11.9694 cls=0.1108 smmd=0.5119 ct=10.9971 rec=1.1942 | train/val/test=0.970/0.740/0.731 | c=0.998347
[Epoch 0269] loss=11.9869 cls=0.1149 smmd=0.5090 ct=11.0092 rec=1.1945 | train/val/test=0.980/0.736/0.725 | c=0.998347
[Epoch 0270] loss=11.8939 cls=0.1118 smmd=0.4512 ct=10.9783 rec=1.2035 | train/val/test=0.970/0.722/0.714 | c=0.998347
[Epoch 0271] loss=11.9175 cls=0.1265 smmd=0.4731 ct=10.9482 rec=1.2161 | train/val/test=0.980/0.730/0.719 | c=0.998347
[Epoch 0272] loss=11.8985 cls=0.1255 smmd=0.4631 ct=10.9422 rec=1.2112 | train/val/test=0.980/0.737/0.726 | c=0.998347
[Epoch 0273] loss=11.8527 cls=0.1097 smmd=0.4348 ct=10.9579 rec=1.2029 | train/val/test=0.980/0.736/0.725 | c=0.998347
[Epoch 0274] loss=11.8844 cls=0.1150 smmd=0.4286 ct=10.9841 rec=1.2084 | train/val/test=0.980/0.736/0.727 | c=0.998347
[Epoch 0275] loss=11.8401 cls=0.1112 smmd=0.4077 ct=10.9685 rec=1.2073 | train/val/test=0.980/0.736/0.725 | c=0.998347
[Epoch 0276] loss=11.8415 cls=0.1152 smmd=0.4296 ct=10.9394 rec=1.2105 | train/val/test=0.980/0.725/0.716 | c=0.998347
[Epoch 0277] loss=11.8437 cls=0.1209 smmd=0.4233 ct=10.9346 rec=1.2198 | train/val/test=0.980/0.727/0.719 | c=0.998347
[Epoch 0278] loss=11.8077 cls=0.1167 smmd=0.3856 ct=10.9450 rec=1.2180 | train/val/test=0.980/0.735/0.729 | c=0.998347
[Epoch 0279] loss=11.8211 cls=0.1142 smmd=0.3896 ct=10.9614 rec=1.2090 | train/val/test=0.990/0.732/0.725 | c=0.998347
[Epoch 0280] loss=11.7982 cls=0.1150 smmd=0.3774 ct=10.9484 rec=1.2123 | train/val/test=0.990/0.723/0.715 | c=0.998347
[Epoch 0281] loss=11.7987 cls=0.1229 smmd=0.3769 ct=10.9307 rec=1.2265 | train/val/test=0.980/0.730/0.718 | c=0.998347
[Epoch 0282] loss=11.7885 cls=0.1195 smmd=0.3793 ct=10.9256 rec=1.2229 | train/val/test=0.990/0.732/0.725 | c=0.998347
[Epoch 0283] loss=11.7743 cls=0.1187 smmd=0.3560 ct=10.9377 rec=1.2166 | train/val/test=0.990/0.731/0.722 | c=0.998347
[Epoch 0284] loss=11.7839 cls=0.1222 smmd=0.3500 ct=10.9452 rec=1.2217 | train/val/test=0.990/0.728/0.718 | c=0.998347
[Epoch 0285] loss=11.7580 cls=0.1188 smmd=0.3461 ct=10.9298 rec=1.2227 | train/val/test=0.990/0.726/0.719 | c=0.998347
[Epoch 0286] loss=11.7618 cls=0.1230 smmd=0.3468 ct=10.9237 rec=1.2262 | train/val/test=0.990/0.728/0.720 | c=0.998347
[Epoch 0287] loss=11.7506 cls=0.1227 smmd=0.3346 ct=10.9250 rec=1.2278 | train/val/test=0.990/0.734/0.723 | c=0.998347
[Epoch 0288] loss=11.7518 cls=0.1210 smmd=0.3338 ct=10.9318 rec=1.2213 | train/val/test=0.990/0.729/0.722 | c=0.998347
[Epoch 0289] loss=11.7427 cls=0.1222 smmd=0.3261 ct=10.9275 rec=1.2234 | train/val/test=0.990/0.727/0.715 | c=0.998347
[Epoch 0290] loss=11.7399 cls=0.1245 smmd=0.3207 ct=10.9233 rec=1.2337 | train/val/test=0.980/0.731/0.721 | c=0.998347
[Epoch 0291] loss=11.7324 cls=0.1218 smmd=0.3231 ct=10.9205 rec=1.2262 | train/val/test=0.990/0.737/0.727 | c=0.998347
[Epoch 0292] loss=11.7305 cls=0.1242 smmd=0.3108 ct=10.9267 rec=1.2235 | train/val/test=0.990/0.738/0.726 | c=0.998347
[Epoch 0293] loss=11.7190 cls=0.1239 smmd=0.3017 ct=10.9235 rec=1.2302 | train/val/test=0.980/0.732/0.721 | c=0.998347
[Epoch 0294] loss=11.7288 cls=0.1239 smmd=0.3159 ct=10.9192 rec=1.2291 | train/val/test=0.990/0.735/0.727 | c=0.998347
[Epoch 0295] loss=11.7106 cls=0.1241 smmd=0.2955 ct=10.9212 rec=1.2290 | train/val/test=0.990/0.743/0.729 | c=0.998347
[Epoch 0296] loss=11.7156 cls=0.1246 smmd=0.2972 ct=10.9238 rec=1.2278 | train/val/test=0.980/0.743/0.731 | c=0.998347
[Epoch 0297] loss=11.7103 cls=0.1248 smmd=0.2961 ct=10.9194 rec=1.2262 | train/val/test=0.980/0.739/0.726 | c=0.998347
[Epoch 0298] loss=11.7121 cls=0.1250 smmd=0.2966 ct=10.9189 rec=1.2328 | train/val/test=0.980/0.743/0.729 | c=0.998347
[Epoch 0299] loss=11.7051 cls=0.1246 smmd=0.2914 ct=10.9189 rec=1.2285 | train/val/test=0.980/0.747/0.733 | c=0.998347
[Epoch 0300] loss=11.7047 cls=0.1260 smmd=0.2867 ct=10.9210 rec=1.2253 | train/val/test=0.980/0.744/0.729 | c=0.998347
[Epoch 0301] loss=11.6990 cls=0.1254 smmd=0.2839 ct=10.9182 rec=1.2309 | train/val/test=0.980/0.745/0.731 | c=0.998347
[Epoch 0302] loss=11.6978 cls=0.1254 smmd=0.2855 ct=10.9157 rec=1.2291 | train/val/test=0.980/0.745/0.732 | c=0.998347
[Epoch 0303] loss=11.6943 cls=0.1259 smmd=0.2784 ct=10.9186 rec=1.2274 | train/val/test=0.980/0.746/0.731 | c=0.998347
[Epoch 0304] loss=11.6911 cls=0.1258 smmd=0.2766 ct=10.9175 rec=1.2274 | train/val/test=0.980/0.747/0.732 | c=0.998347
[Epoch 0305] loss=11.6920 cls=0.1259 smmd=0.2801 ct=10.9146 rec=1.2279 | train/val/test=0.980/0.748/0.731 | c=0.998347
[Epoch 0306] loss=11.6869 cls=0.1259 smmd=0.2729 ct=10.9161 rec=1.2299 | train/val/test=0.980/0.748/0.735 | c=0.998347
[Epoch 0307] loss=11.6854 cls=0.1262 smmd=0.2719 ct=10.9161 rec=1.2250 | train/val/test=0.980/0.749/0.733 | c=0.998347
[Epoch 0308] loss=11.6829 cls=0.1260 smmd=0.2718 ct=10.9136 rec=1.2270 | train/val/test=0.980/0.748/0.732 | c=0.998347
[Epoch 0309] loss=11.6776 cls=0.1260 smmd=0.2678 ct=10.9120 rec=1.2290 | train/val/test=0.980/0.749/0.735 | c=0.998347
[Epoch 0310] loss=11.6745 cls=0.1262 smmd=0.2637 ct=10.9134 rec=1.2251 | train/val/test=0.990/0.750/0.732 | c=0.998347
[Epoch 0311] loss=11.6765 cls=0.1265 smmd=0.2634 ct=10.9147 rec=1.2269 | train/val/test=0.980/0.751/0.735 | c=0.998347
[Epoch 0312] loss=11.6699 cls=0.1262 smmd=0.2621 ct=10.9103 rec=1.2258 | train/val/test=0.990/0.749/0.732 | c=0.998347
[Epoch 0313] loss=11.6706 cls=0.1261 smmd=0.2628 ct=10.9101 rec=1.2276 | train/val/test=0.990/0.751/0.734 | c=0.998347
[Epoch 0314] loss=11.6696 cls=0.1260 smmd=0.2613 ct=10.9113 rec=1.2245 | train/val/test=0.990/0.751/0.734 | c=0.998347
[Epoch 0315] loss=11.6668 cls=0.1258 smmd=0.2600 ct=10.9101 rec=1.2252 | train/val/test=0.990/0.749/0.733 | c=0.998347
[Epoch 0316] loss=11.6600 cls=0.1259 smmd=0.2544 ct=10.9085 rec=1.2271 | train/val/test=0.990/0.753/0.735 | c=0.998347
[Epoch 0317] loss=11.6655 cls=0.1257 smmd=0.2612 ct=10.9082 rec=1.2240 | train/val/test=0.990/0.750/0.733 | c=0.998347
[Epoch 0318] loss=11.6625 cls=0.1257 smmd=0.2569 ct=10.9090 rec=1.2256 | train/val/test=0.990/0.750/0.735 | c=0.998347
[Epoch 0319] loss=11.6592 cls=0.1255 smmd=0.2562 ct=10.9071 rec=1.2244 | train/val/test=0.990/0.751/0.733 | c=0.998347
[Epoch 0320] loss=11.6589 cls=0.1253 smmd=0.2558 ct=10.9072 rec=1.2262 | train/val/test=0.990/0.750/0.736 | c=0.998347
[Epoch 0321] loss=11.6554 cls=0.1252 smmd=0.2533 ct=10.9070 rec=1.2231 | train/val/test=0.990/0.751/0.733 | c=0.998347
[Epoch 0322] loss=11.6558 cls=0.1247 smmd=0.2568 ct=10.9046 rec=1.2252 | train/val/test=0.990/0.750/0.735 | c=0.998347
[Epoch 0323] loss=11.6525 cls=0.1249 smmd=0.2531 ct=10.9047 rec=1.2247 | train/val/test=0.990/0.751/0.734 | c=0.998347
[Epoch 0324] loss=11.6470 cls=0.1241 smmd=0.2491 ct=10.9050 rec=1.2240 | train/val/test=0.990/0.748/0.735 | c=0.998347
[Epoch 0325] loss=11.6518 cls=0.1246 smmd=0.2525 ct=10.9051 rec=1.2243 | train/val/test=0.980/0.751/0.733 | c=0.998347
[Epoch 0326] loss=11.6435 cls=0.1237 smmd=0.2496 ct=10.9016 rec=1.2245 | train/val/test=0.990/0.748/0.735 | c=0.998347
[Epoch 0327] loss=11.6431 cls=0.1244 smmd=0.2457 ct=10.9037 rec=1.2246 | train/val/test=0.980/0.749/0.734 | c=0.998347
[Epoch 0328] loss=11.6430 cls=0.1232 smmd=0.2506 ct=10.9014 rec=1.2232 | train/val/test=0.990/0.747/0.735 | c=0.998347
[Epoch 0329] loss=11.6455 cls=0.1245 smmd=0.2482 ct=10.9032 rec=1.2253 | train/val/test=0.980/0.749/0.733 | c=0.998347
[Epoch 0330] loss=11.6431 cls=0.1228 smmd=0.2531 ct=10.8996 rec=1.2236 | train/val/test=0.990/0.747/0.735 | c=0.998347
[Epoch 0331] loss=11.6488 cls=0.1249 smmd=0.2498 ct=10.9042 rec=1.2253 | train/val/test=0.980/0.749/0.733 | c=0.998347
[Epoch 0332] loss=11.6425 cls=0.1228 smmd=0.2537 ct=10.8986 rec=1.2231 | train/val/test=1.000/0.744/0.733 | c=0.998347
[Epoch 0333] loss=11.6425 cls=0.1266 smmd=0.2386 ct=10.9054 rec=1.2273 | train/val/test=0.980/0.747/0.733 | c=0.998347
[Epoch 0334] loss=11.6506 cls=0.1242 smmd=0.2603 ct=10.8975 rec=1.2227 | train/val/test=1.000/0.741/0.732 | c=0.998347
[Epoch 0335] loss=11.6634 cls=0.1329 smmd=0.2388 ct=10.9127 rec=1.2304 | train/val/test=0.980/0.744/0.728 | c=0.998347
[Epoch 0336] loss=11.6888 cls=0.1324 smmd=0.2766 ct=10.9024 rec=1.2248 | train/val/test=0.990/0.737/0.725 | c=0.998347
[Epoch 0337] loss=11.7462 cls=0.1575 smmd=0.2450 ct=10.9382 rec=1.2400 | train/val/test=0.960/0.714/0.702 | c=0.998347
[Epoch 0338] loss=11.8530 cls=0.1696 smmd=0.3353 ct=10.9314 rec=1.2362 | train/val/test=0.919/0.684/0.671 | c=0.998347
[Epoch 0339] loss=12.0921 cls=0.2595 smmd=0.3116 ct=11.0089 rec=1.2633 | train/val/test=0.899/0.447/0.447 | c=0.998347
[Epoch 0340] loss=12.5240 cls=0.3647 smmd=0.5101 ct=11.0283 rec=1.2807 | train/val/test=0.646/0.367/0.372 | c=0.998347
[Epoch 0341] loss=13.9955 cls=0.9322 smmd=0.6701 ct=11.2040 rec=1.2844 | train/val/test=0.374/0.121/0.123 | c=0.998347
[Epoch 0342] loss=16.8133 cls=1.9985 smmd=1.2746 ct=11.2699 rec=1.3588 | train/val/test=0.505/0.299/0.295 | c=0.998347
[Epoch 0343] loss=18.3383 cls=2.5973 smmd=1.5258 ct=11.3620 rec=1.2798 | train/val/test=0.818/0.512/0.518 | c=0.998347
[Epoch 0344] loss=12.9992 cls=0.4558 smmd=0.7015 ct=11.1277 rec=1.2924 | train/val/test=0.242/0.077/0.081 | c=0.998347
[Epoch 0345] loss=19.9243 cls=3.2047 smmd=1.9050 ct=11.3265 rec=1.4165 | train/val/test=0.727/0.324/0.331 | c=0.998347
[Epoch 0346] loss=13.8671 cls=0.8336 smmd=0.7943 ct=11.1510 rec=1.2728 | train/val/test=0.525/0.338/0.346 | c=0.998347
[Epoch 0347] loss=17.6117 cls=2.2490 smmd=1.5172 ct=11.3212 rec=1.3769 | train/val/test=0.535/0.263/0.278 | c=0.998347
[Epoch 0348] loss=16.2043 cls=1.7760 smmd=1.1755 ct=11.2138 rec=1.3148 | train/val/test=0.586/0.496/0.491 | c=0.998347
[Epoch 0349] loss=18.4135 cls=2.4416 smmd=2.0758 ct=11.1992 rec=1.2771 | train/val/test=0.576/0.588/0.577 | c=0.998347
[Epoch 0350] loss=19.2488 cls=2.7689 smmd=2.2594 ct=11.2051 rec=1.2326 | train/val/test=0.778/0.620/0.623 | c=0.998347
[Epoch 0351] loss=13.1002 cls=0.4659 smmd=0.8672 ct=11.0537 rec=1.2378 | train/val/test=0.444/0.293/0.313 | c=0.998347
[Epoch 0352] loss=19.9869 cls=3.2080 smmd=1.9566 ct=11.3529 rec=1.3067 | train/val/test=0.636/0.407/0.411 | c=0.998347
[Epoch 0353] loss=16.0525 cls=1.4783 smmd=1.5749 ct=11.2675 rec=1.2671 | train/val/test=0.798/0.547/0.540 | c=0.998347
[Epoch 0354] loss=13.3464 cls=0.5681 smmd=0.9499 ct=11.0072 rec=1.2653 | train/val/test=0.727/0.588/0.590 | c=0.998347
[Epoch 0355] loss=14.7652 cls=0.9327 smmd=1.5469 ct=11.1038 rec=1.2457 | train/val/test=0.737/0.542/0.544 | c=0.998347
[Epoch 0356] loss=15.2494 cls=1.0515 smmd=1.7107 ct=11.1844 rec=1.2564 | train/val/test=0.869/0.719/0.715 | c=0.998347
[Epoch 0357] loss=13.3658 cls=0.3930 smmd=1.2146 ct=11.1271 rec=1.1904 | train/val/test=0.848/0.486/0.502 | c=0.998347
[Epoch 0358] loss=13.5746 cls=0.5318 smmd=1.1583 ct=11.1042 rec=1.2425 | train/val/test=0.717/0.400/0.398 | c=0.998347
[Epoch 0359] loss=13.9591 cls=0.7148 smmd=1.1511 ct=11.1213 rec=1.2847 | train/val/test=0.859/0.433/0.438 | c=0.998347
[Epoch 0360] loss=12.9699 cls=0.4014 smmd=0.8665 ct=11.0547 rec=1.2296 | train/val/test=0.869/0.715/0.699 | c=0.998347
[Epoch 0361] loss=12.7319 cls=0.2659 smmd=0.9317 ct=11.0271 rec=1.2065 | train/val/test=0.899/0.713/0.705 | c=0.998347
[Epoch 0362] loss=13.1999 cls=0.2937 smmd=1.2867 ct=11.0868 rec=1.1950 | train/val/test=0.899/0.705/0.693 | c=0.998347
[Epoch 0363] loss=13.3526 cls=0.3077 smmd=1.3821 ct=11.1180 rec=1.1856 | train/val/test=0.949/0.705/0.695 | c=0.998347
[Epoch 0364] loss=12.9063 cls=0.2180 smmd=1.1681 ct=11.0656 rec=1.1834 | train/val/test=0.970/0.724/0.711 | c=0.998347
[Epoch 0365] loss=12.3734 cls=0.1531 smmd=0.8792 ct=10.9523 rec=1.1781 | train/val/test=0.929/0.586/0.581 | c=0.998347
[Epoch 0366] loss=12.7974 cls=0.3187 smmd=0.9010 ct=11.0117 rec=1.2367 | train/val/test=0.899/0.495/0.498 | c=0.998347
[Epoch 0367] loss=12.8415 cls=0.3360 smmd=0.8729 ct=11.0497 rec=1.2341 | train/val/test=0.960/0.723/0.716 | c=0.998347
[Epoch 0368] loss=12.3467 cls=0.1490 smmd=0.8053 ct=11.0031 rec=1.2016 | train/val/test=0.960/0.732/0.724 | c=0.998347
[Epoch 0369] loss=12.5033 cls=0.1324 smmd=0.9707 ct=11.0315 rec=1.1811 | train/val/test=0.970/0.729/0.719 | c=0.998347
[Epoch 0370] loss=12.6630 cls=0.1456 smmd=1.0896 ct=11.0469 rec=1.1773 | train/val/test=0.970/0.743/0.730 | c=0.998347
[Epoch 0371] loss=12.5429 cls=0.1246 smmd=1.0448 ct=11.0145 rec=1.1716 | train/val/test=0.970/0.748/0.733 | c=0.998347
[Epoch 0372] loss=12.3838 cls=0.1268 smmd=0.9268 ct=10.9686 rec=1.1741 | train/val/test=0.949/0.712/0.700 | c=0.998347
[Epoch 0373] loss=12.3357 cls=0.1517 smmd=0.8448 ct=10.9500 rec=1.1882 | train/val/test=0.970/0.682/0.674 | c=0.998347
[Epoch 0374] loss=12.3352 cls=0.1671 smmd=0.7961 ct=10.9636 rec=1.2071 | train/val/test=0.949/0.692/0.690 | c=0.998347
[Epoch 0375] loss=12.3115 cls=0.1547 smmd=0.7846 ct=10.9761 rec=1.2074 | train/val/test=0.949/0.721/0.714 | c=0.998347
[Epoch 0376] loss=12.3298 cls=0.1463 smmd=0.8085 ct=10.9882 rec=1.2031 | train/val/test=0.960/0.737/0.732 | c=0.998347
[Epoch 0377] loss=12.2124 cls=0.1065 smmd=0.7844 ct=10.9783 rec=1.1829 | train/val/test=0.980/0.754/0.744 | c=0.998347
[Epoch 0378] loss=12.1749 cls=0.0891 smmd=0.7985 ct=10.9632 rec=1.1755 | train/val/test=0.960/0.749/0.736 | c=0.998347
[Epoch 0379] loss=12.2362 cls=0.1047 smmd=0.8347 ct=10.9562 rec=1.1800 | train/val/test=0.949/0.733/0.719 | c=0.998347
[Epoch 0380] loss=12.2012 cls=0.1058 smmd=0.8112 ct=10.9423 rec=1.1808 | train/val/test=0.970/0.720/0.712 | c=0.998347
[Epoch 0381] loss=12.1020 cls=0.0961 smmd=0.7511 ct=10.9226 rec=1.1806 | train/val/test=0.960/0.715/0.706 | c=0.998347
[Epoch 0382] loss=12.0842 cls=0.1037 smmd=0.7162 ct=10.9230 rec=1.1881 | train/val/test=0.960/0.723/0.716 | c=0.998347
[Epoch 0383] loss=12.1158 cls=0.1101 smmd=0.7097 ct=10.9467 rec=1.1968 | train/val/test=0.970/0.730/0.730 | c=0.998347
[Epoch 0384] loss=12.0869 cls=0.1054 smmd=0.6811 ct=10.9563 rec=1.1938 | train/val/test=0.960/0.736/0.731 | c=0.998347
[Epoch 0385] loss=12.0164 cls=0.0913 smmd=0.6572 ct=10.9391 rec=1.1874 | train/val/test=0.980/0.734/0.726 | c=0.998347
[Epoch 0386] loss=12.0045 cls=0.0798 smmd=0.6884 ct=10.9201 rec=1.1817 | train/val/test=0.980/0.725/0.718 | c=0.998347
[Epoch 0387] loss=12.0369 cls=0.0812 smmd=0.7224 ct=10.9160 rec=1.1805 | train/val/test=0.980/0.723/0.715 | c=0.998347
[Epoch 0388] loss=12.0028 cls=0.0792 smmd=0.6953 ct=10.9127 rec=1.1823 | train/val/test=0.980/0.730/0.722 | c=0.998347
[Epoch 0389] loss=11.9454 cls=0.0778 smmd=0.6380 ct=10.9144 rec=1.1868 | train/val/test=0.970/0.732/0.727 | c=0.998347
[Epoch 0390] loss=11.9592 cls=0.0928 smmd=0.6056 ct=10.9291 rec=1.1945 | train/val/test=0.980/0.730/0.723 | c=0.998347
[Epoch 0391] loss=11.9490 cls=0.0945 smmd=0.6000 ct=10.9208 rec=1.1963 | train/val/test=0.980/0.722/0.713 | c=0.998347
[Epoch 0392] loss=11.9092 cls=0.0853 smmd=0.6030 ct=10.8968 rec=1.1935 | train/val/test=0.980/0.722/0.714 | c=0.998347
[Epoch 0393] loss=11.9094 cls=0.0805 smmd=0.6166 ct=10.8936 rec=1.1908 | train/val/test=0.990/0.725/0.719 | c=0.998347
[Epoch 0394] loss=11.9024 cls=0.0786 smmd=0.6061 ct=10.9011 rec=1.1899 | train/val/test=0.990/0.735/0.727 | c=0.998347
[Epoch 0395] loss=11.8948 cls=0.0844 smmd=0.5802 ct=10.9074 rec=1.1919 | train/val/test=0.990/0.738/0.727 | c=0.998347
[Epoch 0396] loss=11.8596 cls=0.0824 smmd=0.5544 ct=10.9017 rec=1.1937 | train/val/test=0.990/0.729/0.718 | c=0.998347
[Epoch 0397] loss=11.8633 cls=0.0866 smmd=0.5566 ct=10.8932 rec=1.2013 | train/val/test=0.990/0.722/0.714 | c=0.998347
[Epoch 0398] loss=11.8501 cls=0.0885 smmd=0.5449 ct=10.8876 rec=1.2032 | train/val/test=0.990/0.725/0.716 | c=0.998347
[Epoch 0399] loss=11.8418 cls=0.0899 smmd=0.5319 ct=10.8899 rec=1.2011 | train/val/test=0.990/0.731/0.725 | c=0.998347
[Epoch 0400] loss=11.8370 cls=0.0856 smmd=0.5370 ct=10.8891 rec=1.1980 | train/val/test=0.990/0.734/0.724 | c=0.998347
[Epoch 0401] loss=11.8295 cls=0.0814 smmd=0.5372 ct=10.8899 rec=1.1974 | train/val/test=0.990/0.735/0.726 | c=0.998347
[Epoch 0402] loss=11.8238 cls=0.0831 smmd=0.5298 ct=10.8879 rec=1.1990 | train/val/test=0.990/0.734/0.726 | c=0.998347
[Epoch 0403] loss=11.8088 cls=0.0898 smmd=0.5035 ct=10.8855 rec=1.2019 | train/val/test=0.990/0.732/0.722 | c=0.998347
[Epoch 0404] loss=11.8045 cls=0.0923 smmd=0.4942 ct=10.8844 rec=1.2063 | train/val/test=0.990/0.729/0.722 | c=0.998347
[Epoch 0405] loss=11.7876 cls=0.0872 smmd=0.4932 ct=10.8784 rec=1.2078 | train/val/test=0.990/0.732/0.724 | c=0.998347
[Epoch 0406] loss=11.7808 cls=0.0852 smmd=0.4900 ct=10.8796 rec=1.2042 | train/val/test=0.990/0.740/0.729 | c=0.998347
[Epoch 0407] loss=11.7866 cls=0.0889 smmd=0.4854 ct=10.8832 rec=1.2006 | train/val/test=0.990/0.740/0.730 | c=0.998347
[Epoch 0408] loss=11.7625 cls=0.0896 smmd=0.4633 ct=10.8798 rec=1.2017 | train/val/test=0.990/0.735/0.726 | c=0.998347
[Epoch 0409] loss=11.7588 cls=0.0874 smmd=0.4685 ct=10.8741 rec=1.2068 | train/val/test=0.990/0.733/0.725 | c=0.998347
[Epoch 0410] loss=11.7530 cls=0.0882 smmd=0.4594 ct=10.8752 rec=1.2096 | train/val/test=0.990/0.739/0.729 | c=0.998347
[Epoch 0411] loss=11.7418 cls=0.0904 smmd=0.4399 ct=10.8798 rec=1.2067 | train/val/test=0.990/0.740/0.731 | c=0.998347
[Epoch 0412] loss=11.7367 cls=0.0893 smmd=0.4390 ct=10.8783 rec=1.2038 | train/val/test=0.990/0.744/0.731 | c=0.998347
[Epoch 0413] loss=11.7397 cls=0.0875 smmd=0.4505 ct=10.8734 rec=1.2040 | train/val/test=0.990/0.741/0.730 | c=0.998347
[Epoch 0414] loss=11.7255 cls=0.0882 smmd=0.4361 ct=10.8719 rec=1.2061 | train/val/test=0.990/0.740/0.730 | c=0.998347
[Epoch 0415] loss=11.7184 cls=0.0905 smmd=0.4195 ct=10.8761 rec=1.2084 | train/val/test=0.990/0.742/0.731 | c=0.998347
[Epoch 0416] loss=11.7071 cls=0.0897 smmd=0.4101 ct=10.8759 rec=1.2085 | train/val/test=0.990/0.745/0.732 | c=0.998347
[Epoch 0417] loss=11.7135 cls=0.0889 smmd=0.4211 ct=10.8732 rec=1.2070 | train/val/test=0.990/0.746/0.733 | c=0.998347
[Epoch 0418] loss=11.7065 cls=0.0899 smmd=0.4125 ct=10.8730 rec=1.2057 | train/val/test=0.990/0.748/0.734 | c=0.998347
[Epoch 0419] loss=11.7006 cls=0.0911 smmd=0.4027 ct=10.8744 rec=1.2071 | train/val/test=0.990/0.745/0.733 | c=0.998347
[Epoch 0420] loss=11.6981 cls=0.0901 smmd=0.4027 ct=10.8733 rec=1.2095 | train/val/test=0.990/0.745/0.732 | c=0.998347
[Epoch 0421] loss=11.6969 cls=0.0903 smmd=0.4014 ct=10.8728 rec=1.2100 | train/val/test=0.990/0.748/0.735 | c=0.998347
[Epoch 0422] loss=11.6926 cls=0.0919 smmd=0.3932 ct=10.8740 rec=1.2083 | train/val/test=0.990/0.748/0.735 | c=0.998347
[Epoch 0423] loss=11.6895 cls=0.0925 smmd=0.3889 ct=10.8739 rec=1.2082 | train/val/test=0.990/0.745/0.732 | c=0.998347
[Epoch 0424] loss=11.6830 cls=0.0915 smmd=0.3864 ct=10.8717 rec=1.2100 | train/val/test=0.990/0.745/0.732 | c=0.998347
[Epoch 0425] loss=11.6786 cls=0.0920 smmd=0.3804 ct=10.8720 rec=1.2113 | train/val/test=0.990/0.747/0.735 | c=0.998347
[Epoch 0426] loss=11.6735 cls=0.0937 smmd=0.3704 ct=10.8735 rec=1.2108 | train/val/test=0.990/0.748/0.735 | c=0.998347
[Epoch 0427] loss=11.6651 cls=0.0940 smmd=0.3629 ct=10.8721 rec=1.2106 | train/val/test=0.990/0.745/0.733 | c=0.998347
[Epoch 0428] loss=11.6700 cls=0.0935 smmd=0.3702 ct=10.8704 rec=1.2115 | train/val/test=0.990/0.747/0.734 | c=0.998347
[Epoch 0429] loss=11.6594 cls=0.0944 smmd=0.3564 ct=10.8718 rec=1.2124 | train/val/test=0.990/0.748/0.735 | c=0.998347
[Epoch 0430] loss=11.6546 cls=0.0955 smmd=0.3487 ct=10.8722 rec=1.2129 | train/val/test=0.990/0.748/0.735 | c=0.998347
[Epoch 0431] loss=11.6600 cls=0.0955 smmd=0.3563 ct=10.8699 rec=1.2134 | train/val/test=0.990/0.747/0.734 | c=0.998347
[Epoch 0432] loss=11.6499 cls=0.0959 smmd=0.3457 ct=10.8697 rec=1.2138 | train/val/test=0.990/0.748/0.734 | c=0.998347
[Epoch 0433] loss=11.6524 cls=0.0969 smmd=0.3448 ct=10.8711 rec=1.2141 | train/val/test=0.990/0.747/0.735 | c=0.998347
[Epoch 0434] loss=11.6510 cls=0.0971 smmd=0.3435 ct=10.8703 rec=1.2147 | train/val/test=0.990/0.747/0.735 | c=0.998347
[Epoch 0435] loss=11.6435 cls=0.0974 smmd=0.3368 ct=10.8688 rec=1.2155 | train/val/test=0.990/0.748/0.736 | c=0.998347
[Epoch 0436] loss=11.6481 cls=0.0983 smmd=0.3394 ct=10.8689 rec=1.2158 | train/val/test=0.990/0.747/0.735 | c=0.998347
[Epoch 0437] loss=11.6411 cls=0.0989 smmd=0.3310 ct=10.8690 rec=1.2164 | train/val/test=0.990/0.748/0.735 | c=0.998347
[Epoch 0438] loss=11.6355 cls=0.0988 smmd=0.3271 ct=10.8674 rec=1.2169 | train/val/test=0.990/0.748/0.735 | c=0.998347
[Epoch 0439] loss=11.6368 cls=0.0995 smmd=0.3270 ct=10.8675 rec=1.2169 | train/val/test=0.990/0.748/0.736 | c=0.998347
[Epoch 0440] loss=11.6376 cls=0.1004 smmd=0.3250 ct=10.8684 rec=1.2174 | train/val/test=0.990/0.748/0.736 | c=0.998347
[Epoch 0441] loss=11.6284 cls=0.1004 smmd=0.3165 ct=10.8674 rec=1.2185 | train/val/test=0.990/0.748/0.735 | c=0.998347
[Epoch 0442] loss=11.6322 cls=0.1006 smmd=0.3207 ct=10.8664 rec=1.2187 | train/val/test=0.990/0.748/0.737 | c=0.998347
[Epoch 0443] loss=11.6315 cls=0.1015 smmd=0.3179 ct=10.8669 rec=1.2184 | train/val/test=0.990/0.748/0.736 | c=0.998347
[Epoch 0444] loss=11.6253 cls=0.1016 smmd=0.3117 ct=10.8666 rec=1.2191 | train/val/test=0.990/0.747/0.735 | c=0.998347
[Epoch 0445] loss=11.6273 cls=0.1018 smmd=0.3139 ct=10.8658 rec=1.2200 | train/val/test=0.990/0.747/0.736 | c=0.998347
[Epoch 0446] loss=11.6232 cls=0.1024 smmd=0.3087 ct=10.8656 rec=1.2200 | train/val/test=0.990/0.748/0.736 | c=0.998347
[Epoch 0447] loss=11.6185 cls=0.1026 smmd=0.3044 ct=10.8650 rec=1.2198 | train/val/test=0.990/0.747/0.736 | c=0.998347
[Epoch 0448] loss=11.6218 cls=0.1027 smmd=0.3077 ct=10.8647 rec=1.2203 | train/val/test=0.990/0.747/0.736 | c=0.998347
[Epoch 0449] loss=11.6113 cls=0.1033 smmd=0.2952 ct=10.8654 rec=1.2209 | train/val/test=0.990/0.747/0.736 | c=0.998347
[Epoch 0450] loss=11.6149 cls=0.1035 smmd=0.2992 ct=10.8645 rec=1.2211 | train/val/test=0.990/0.749/0.735 | c=0.998347
[Epoch 0451] loss=11.6105 cls=0.1035 smmd=0.2958 ct=10.8636 rec=1.2210 | train/val/test=0.990/0.747/0.736 | c=0.998347
[Epoch 0452] loss=11.6174 cls=0.1039 smmd=0.3015 ct=10.8639 rec=1.2212 | train/val/test=0.990/0.747/0.736 | c=0.998347
[Epoch 0453] loss=11.6113 cls=0.1041 smmd=0.2947 ct=10.8640 rec=1.2218 | train/val/test=0.990/0.748/0.736 | c=0.998347
[Epoch 0454] loss=11.6102 cls=0.1041 smmd=0.2942 ct=10.8634 rec=1.2220 | train/val/test=0.990/0.747/0.736 | c=0.998347
[Epoch 0455] loss=11.6116 cls=0.1045 smmd=0.2948 ct=10.8636 rec=1.2217 | train/val/test=0.990/0.748/0.736 | c=0.998347
[Epoch 0456] loss=11.6052 cls=0.1046 smmd=0.2883 ct=10.8633 rec=1.2219 | train/val/test=0.990/0.748/0.735 | c=0.998347
[Epoch 0457] loss=11.6089 cls=0.1046 smmd=0.2927 ct=10.8625 rec=1.2225 | train/val/test=0.990/0.748/0.735 | c=0.998347
[Epoch 0458] loss=11.6057 cls=0.1049 smmd=0.2886 ct=10.8627 rec=1.2225 | train/val/test=0.990/0.748/0.735 | c=0.998347
[Epoch 0459] loss=11.6016 cls=0.1050 smmd=0.2844 ct=10.8626 rec=1.2224 | train/val/test=0.990/0.749/0.735 | c=0.998347
[Epoch 0460] loss=11.6013 cls=0.1051 smmd=0.2845 ct=10.8622 rec=1.2227 | train/val/test=0.990/0.747/0.735 | c=0.998347
[Epoch 0461] loss=11.6099 cls=0.1054 smmd=0.2924 ct=10.8621 rec=1.2228 | train/val/test=0.990/0.748/0.735 | c=0.998347
[Epoch 0462] loss=11.5994 cls=0.1054 smmd=0.2814 ct=10.8625 rec=1.2230 | train/val/test=0.990/0.749/0.734 | c=0.998347
[Epoch 0463] loss=11.6001 cls=0.1055 smmd=0.2826 ct=10.8619 rec=1.2231 | train/val/test=0.990/0.748/0.735 | c=0.998347
[Epoch 0464] loss=11.5945 cls=0.1058 smmd=0.2768 ct=10.8615 rec=1.2232 | train/val/test=0.990/0.748/0.735 | c=0.998347
[Epoch 0465] loss=11.5951 cls=0.1057 smmd=0.2780 ct=10.8610 rec=1.2233 | train/val/test=0.990/0.748/0.734 | c=0.998347
[Epoch 0466] loss=11.5938 cls=0.1058 smmd=0.2763 ct=10.8612 rec=1.2234 | train/val/test=0.990/0.748/0.735 | c=0.998347
[Epoch 0467] loss=11.5990 cls=0.1061 smmd=0.2809 ct=10.8612 rec=1.2235 | train/val/test=0.990/0.749/0.735 | c=0.998347
[Epoch 0468] loss=11.5914 cls=0.1060 smmd=0.2742 ct=10.8605 rec=1.2235 | train/val/test=0.990/0.749/0.735 | c=0.998347
[Epoch 0469] loss=11.5885 cls=0.1061 smmd=0.2712 ct=10.8604 rec=1.2237 | train/val/test=0.990/0.748/0.735 | c=0.998347
[Epoch 0470] loss=11.5897 cls=0.1063 smmd=0.2716 ct=10.8607 rec=1.2238 | train/val/test=0.990/0.749/0.735 | c=0.998347
[Epoch 0471] loss=11.5875 cls=0.1062 smmd=0.2704 ct=10.8598 rec=1.2239 | train/val/test=0.990/0.748/0.735 | c=0.998347
[Epoch 0472] loss=11.5856 cls=0.1064 smmd=0.2683 ct=10.8597 rec=1.2239 | train/val/test=0.990/0.747/0.735 | c=0.998347
[Epoch 0473] loss=11.5860 cls=0.1066 smmd=0.2682 ct=10.8599 rec=1.2239 | train/val/test=0.990/0.748/0.734 | c=0.998347
[Epoch 0474] loss=11.5809 cls=0.1065 smmd=0.2640 ct=10.8591 rec=1.2242 | train/val/test=0.990/0.748/0.735 | c=0.998347
[Epoch 0475] loss=11.5805 cls=0.1066 smmd=0.2635 ct=10.8589 rec=1.2242 | train/val/test=0.990/0.747/0.735 | c=0.998347
[Epoch 0476] loss=11.5817 cls=0.1066 smmd=0.2649 ct=10.8586 rec=1.2241 | train/val/test=0.990/0.747/0.734 | c=0.998347
[Epoch 0477] loss=11.5812 cls=0.1067 smmd=0.2639 ct=10.8590 rec=1.2243 | train/val/test=0.990/0.748/0.734 | c=0.998347
[Epoch 0478] loss=11.5826 cls=0.1068 smmd=0.2653 ct=10.8589 rec=1.2242 | train/val/test=0.990/0.748/0.734 | c=0.998347
[Epoch 0479] loss=11.5789 cls=0.1068 smmd=0.2622 ct=10.8584 rec=1.2242 | train/val/test=0.990/0.748/0.734 | c=0.998347
[Epoch 0480] loss=11.5795 cls=0.1069 smmd=0.2630 ct=10.8579 rec=1.2244 | train/val/test=0.990/0.747/0.734 | c=0.998347
[Epoch 0481] loss=11.5743 cls=0.1068 smmd=0.2582 ct=10.8575 rec=1.2244 | train/val/test=0.990/0.747/0.734 | c=0.998347
[Epoch 0482] loss=11.5761 cls=0.1069 smmd=0.2598 ct=10.8576 rec=1.2245 | train/val/test=0.990/0.747/0.734 | c=0.998347
[Epoch 0483] loss=11.5738 cls=0.1069 smmd=0.2575 ct=10.8576 rec=1.2245 | train/val/test=0.990/0.747/0.734 | c=0.998347
[Epoch 0484] loss=11.5769 cls=0.1070 smmd=0.2610 ct=10.8571 rec=1.2243 | train/val/test=0.990/0.747/0.734 | c=0.998347
[Epoch 0485] loss=11.5775 cls=0.1070 smmd=0.2619 ct=10.8567 rec=1.2244 | train/val/test=0.990/0.747/0.733 | c=0.998347
[Epoch 0486] loss=11.5760 cls=0.1070 smmd=0.2600 ct=10.8571 rec=1.2247 | train/val/test=0.990/0.747/0.734 | c=0.998347
[Epoch 0487] loss=11.5767 cls=0.1070 smmd=0.2607 ct=10.8571 rec=1.2244 | train/val/test=0.990/0.748/0.734 | c=0.998347
[Epoch 0488] loss=11.5692 cls=0.1070 smmd=0.2536 ct=10.8567 rec=1.2244 | train/val/test=0.990/0.747/0.733 | c=0.998347
[Epoch 0489] loss=11.5635 cls=0.1070 smmd=0.2485 ct=10.8560 rec=1.2247 | train/val/test=0.990/0.748/0.733 | c=0.998347
[Epoch 0490] loss=11.5676 cls=0.1071 smmd=0.2534 ct=10.8551 rec=1.2246 | train/val/test=0.990/0.748/0.733 | c=0.998347
[Epoch 0491] loss=11.5716 cls=0.1071 smmd=0.2577 ct=10.8549 rec=1.2244 | train/val/test=0.990/0.747/0.733 | c=0.998347
[Epoch 0492] loss=11.5742 cls=0.1070 smmd=0.2601 ct=10.8551 rec=1.2246 | train/val/test=0.990/0.747/0.733 | c=0.998347
[Epoch 0493] loss=11.5661 cls=0.1071 smmd=0.2512 ct=10.8559 rec=1.2246 | train/val/test=0.990/0.748/0.733 | c=0.998347
[Epoch 0494] loss=11.5682 cls=0.1070 smmd=0.2538 ct=10.8554 rec=1.2245 | train/val/test=0.990/0.748/0.733 | c=0.998347
[Epoch 0495] loss=11.5665 cls=0.1071 smmd=0.2526 ct=10.8548 rec=1.2246 | train/val/test=1.000/0.747/0.733 | c=0.998347
[Epoch 0496] loss=11.5711 cls=0.1071 smmd=0.2580 ct=10.8539 rec=1.2247 | train/val/test=0.990/0.748/0.733 | c=0.998347
[Epoch 0497] loss=11.5622 cls=0.1070 smmd=0.2495 ct=10.8538 rec=1.2246 | train/val/test=1.000/0.748/0.733 | c=0.998347
[Epoch 0498] loss=11.5626 cls=0.1071 smmd=0.2494 ct=10.8541 rec=1.2245 | train/val/test=1.000/0.746/0.733 | c=0.998347
[Epoch 0499] loss=11.5580 cls=0.1071 smmd=0.2448 ct=10.8540 rec=1.2248 | train/val/test=1.000/0.746/0.733 | c=0.998347
=== Best @ epoch 147: val=0.7634, test=0.7550 ===
[2025-09-20 05:36:26] END attempt 1: exit_code=0
